[1.226s] DEBUG:colcon:Command line arguments: ['/usr/bin/colcon', 'build', '--symlink-install']
[1.226s] DEBUG:colcon:Parsed command line arguments: Namespace(ament_cmake_args=None, base_paths=['.'], build_base='build', catkin_cmake_args=None, catkin_skip_building_tests=False, cmake_args=None, cmake_clean_cache=False, cmake_clean_first=False, cmake_force_configure=False, cmake_target=None, cmake_target_skip_unavailable=False, continue_on_error=False, event_handlers=None, executor='parallel', ignore_user_meta=False, install_base='install', log_base=None, log_level=None, main=<bound method BuildVerb.main of <colcon_core.verb.build.BuildVerb object at 0xffffb50a5430>>, merge_install=False, metas=['./colcon.meta'], packages_above=None, packages_above_and_dependencies=None, packages_above_depth=None, packages_end=None, packages_ignore=None, packages_ignore_regex=None, packages_select=None, packages_select_build_failed=False, packages_select_by_dep=None, packages_select_regex=None, packages_select_test_failures=False, packages_skip=None, packages_skip_build_finished=False, packages_skip_by_dep=None, packages_skip_regex=None, packages_skip_test_passed=False, packages_skip_up_to=None, packages_start=None, packages_up_to=None, packages_up_to_regex=None, parallel_workers=4, paths=None, symlink_install=True, test_result_base=None, verb_extension=<colcon_core.verb.build.BuildVerb object at 0xffffb50a5430>, verb_name='build', verb_parser=<colcon_defaults.argument_parser.defaults.DefaultArgumentsDecorator object at 0xffffb50a5970>)
[1.248s] Level 1:colcon.colcon_core.package_discovery:discover_packages(colcon_meta) check parameters
[1.248s] Level 1:colcon.colcon_core.package_discovery:discover_packages(recursive) check parameters
[1.248s] Level 1:colcon.colcon_core.package_discovery:discover_packages(ignore) check parameters
[1.248s] Level 1:colcon.colcon_core.package_discovery:discover_packages(path) check parameters
[1.248s] Level 1:colcon.colcon_core.package_discovery:discover_packages(colcon_meta) discover
[1.249s] Level 1:colcon.colcon_core.package_discovery:discover_packages(recursive) discover
[1.249s] INFO:colcon.colcon_core.package_discovery:Crawling recursively for packages in '/home/ubuntu/SSLRasp'
[1.249s] Level 1:colcon.colcon_core.package_identification:_identify(.) by extensions ['ignore', 'ignore_ament_install']
[1.250s] Level 1:colcon.colcon_core.package_identification:_identify(.) by extension 'ignore'
[1.250s] Level 1:colcon.colcon_core.package_identification:_identify(.) by extension 'ignore_ament_install'
[1.251s] Level 1:colcon.colcon_core.package_identification:_identify(.) by extensions ['colcon_pkg']
[1.251s] Level 1:colcon.colcon_core.package_identification:_identify(.) by extension 'colcon_pkg'
[1.251s] Level 1:colcon.colcon_core.package_identification:_identify(.) by extensions ['colcon_meta']
[1.251s] Level 1:colcon.colcon_core.package_identification:_identify(.) by extension 'colcon_meta'
[1.251s] Level 1:colcon.colcon_core.package_identification:_identify(.) by extensions ['ros']
[1.251s] Level 1:colcon.colcon_core.package_identification:_identify(.) by extension 'ros'
[1.300s] Level 1:colcon.colcon_core.package_identification:_identify(.) by extensions ['cmake', 'python']
[1.300s] Level 1:colcon.colcon_core.package_identification:_identify(.) by extension 'cmake'
[1.300s] Level 1:colcon.colcon_core.package_identification:_identify(.) by extension 'python'
[1.300s] Level 1:colcon.colcon_core.package_identification:_identify(.) by extensions ['python_setup_py']
[1.300s] Level 1:colcon.colcon_core.package_identification:_identify(.) by extension 'python_setup_py'
[1.301s] Level 1:colcon.colcon_core.package_identification:_identify(build) by extensions ['ignore', 'ignore_ament_install']
[1.301s] Level 1:colcon.colcon_core.package_identification:_identify(build) by extension 'ignore'
[1.301s] Level 1:colcon.colcon_core.package_identification:_identify(build) ignored
[1.302s] Level 1:colcon.colcon_core.package_identification:_identify(install) by extensions ['ignore', 'ignore_ament_install']
[1.302s] Level 1:colcon.colcon_core.package_identification:_identify(install) by extension 'ignore'
[1.303s] Level 1:colcon.colcon_core.package_identification:_identify(install) ignored
[1.303s] Level 1:colcon.colcon_core.package_identification:_identify(log) by extensions ['ignore', 'ignore_ament_install']
[1.303s] Level 1:colcon.colcon_core.package_identification:_identify(log) by extension 'ignore'
[1.304s] Level 1:colcon.colcon_core.package_identification:_identify(log) ignored
[1.304s] Level 1:colcon.colcon_core.package_identification:_identify(src) by extensions ['ignore', 'ignore_ament_install']
[1.304s] Level 1:colcon.colcon_core.package_identification:_identify(src) by extension 'ignore'
[1.304s] Level 1:colcon.colcon_core.package_identification:_identify(src) by extension 'ignore_ament_install'
[1.305s] Level 1:colcon.colcon_core.package_identification:_identify(src) by extensions ['colcon_pkg']
[1.305s] Level 1:colcon.colcon_core.package_identification:_identify(src) by extension 'colcon_pkg'
[1.305s] Level 1:colcon.colcon_core.package_identification:_identify(src) by extensions ['colcon_meta']
[1.305s] Level 1:colcon.colcon_core.package_identification:_identify(src) by extension 'colcon_meta'
[1.305s] Level 1:colcon.colcon_core.package_identification:_identify(src) by extensions ['ros']
[1.305s] Level 1:colcon.colcon_core.package_identification:_identify(src) by extension 'ros'
[1.306s] Level 1:colcon.colcon_core.package_identification:_identify(src) by extensions ['cmake', 'python']
[1.306s] Level 1:colcon.colcon_core.package_identification:_identify(src) by extension 'cmake'
[1.306s] Level 1:colcon.colcon_core.package_identification:_identify(src) by extension 'python'
[1.306s] Level 1:colcon.colcon_core.package_identification:_identify(src) by extensions ['python_setup_py']
[1.306s] Level 1:colcon.colcon_core.package_identification:_identify(src) by extension 'python_setup_py'
[1.307s] Level 1:colcon.colcon_core.package_identification:_identify(src/message_info) by extensions ['ignore', 'ignore_ament_install']
[1.307s] Level 1:colcon.colcon_core.package_identification:_identify(src/message_info) by extension 'ignore'
[1.307s] Level 1:colcon.colcon_core.package_identification:_identify(src/message_info) by extension 'ignore_ament_install'
[1.308s] Level 1:colcon.colcon_core.package_identification:_identify(src/message_info) by extensions ['colcon_pkg']
[1.308s] Level 1:colcon.colcon_core.package_identification:_identify(src/message_info) by extension 'colcon_pkg'
[1.308s] Level 1:colcon.colcon_core.package_identification:_identify(src/message_info) by extensions ['colcon_meta']
[1.308s] Level 1:colcon.colcon_core.package_identification:_identify(src/message_info) by extension 'colcon_meta'
[1.308s] Level 1:colcon.colcon_core.package_identification:_identify(src/message_info) by extensions ['ros']
[1.308s] Level 1:colcon.colcon_core.package_identification:_identify(src/message_info) by extension 'ros'
[1.318s] DEBUG:colcon.colcon_core.package_identification:Package 'src/message_info' with type 'ros.ament_cmake' and name 'message_info'
[1.319s] Level 1:colcon.colcon_core.package_identification:_identify(src/rasp) by extensions ['ignore', 'ignore_ament_install']
[1.319s] Level 1:colcon.colcon_core.package_identification:_identify(src/rasp) by extension 'ignore'
[1.320s] Level 1:colcon.colcon_core.package_identification:_identify(src/rasp) by extension 'ignore_ament_install'
[1.320s] Level 1:colcon.colcon_core.package_identification:_identify(src/rasp) by extensions ['colcon_pkg']
[1.320s] Level 1:colcon.colcon_core.package_identification:_identify(src/rasp) by extension 'colcon_pkg'
[1.320s] Level 1:colcon.colcon_core.package_identification:_identify(src/rasp) by extensions ['colcon_meta']
[1.320s] Level 1:colcon.colcon_core.package_identification:_identify(src/rasp) by extension 'colcon_meta'
[1.321s] Level 1:colcon.colcon_core.package_identification:_identify(src/rasp) by extensions ['ros']
[1.321s] Level 1:colcon.colcon_core.package_identification:_identify(src/rasp) by extension 'ros'
[1.324s] DEBUG:colcon.colcon_core.package_identification:Package 'src/rasp' with type 'ros.ament_python' and name 'rasp'
[1.324s] Level 1:colcon.colcon_core.package_discovery:discover_packages(recursive) using defaults
[1.324s] Level 1:colcon.colcon_core.package_discovery:discover_packages(ignore) discover
[1.324s] Level 1:colcon.colcon_core.package_discovery:discover_packages(ignore) using defaults
[1.325s] Level 1:colcon.colcon_core.package_discovery:discover_packages(path) discover
[1.325s] Level 1:colcon.colcon_core.package_discovery:discover_packages(path) using defaults
[1.398s] Level 5:colcon.colcon_core.verb:set package 'message_info' build argument 'cmake_args' from command line to 'None'
[1.399s] Level 5:colcon.colcon_core.verb:set package 'message_info' build argument 'cmake_target' from command line to 'None'
[1.399s] Level 5:colcon.colcon_core.verb:set package 'message_info' build argument 'cmake_target_skip_unavailable' from command line to 'False'
[1.399s] Level 5:colcon.colcon_core.verb:set package 'message_info' build argument 'cmake_clean_cache' from command line to 'False'
[1.399s] Level 5:colcon.colcon_core.verb:set package 'message_info' build argument 'cmake_clean_first' from command line to 'False'
[1.399s] Level 5:colcon.colcon_core.verb:set package 'message_info' build argument 'cmake_force_configure' from command line to 'False'
[1.399s] Level 5:colcon.colcon_core.verb:set package 'message_info' build argument 'ament_cmake_args' from command line to 'None'
[1.400s] Level 5:colcon.colcon_core.verb:set package 'message_info' build argument 'catkin_cmake_args' from command line to 'None'
[1.400s] Level 5:colcon.colcon_core.verb:set package 'message_info' build argument 'catkin_skip_building_tests' from command line to 'False'
[1.400s] DEBUG:colcon.colcon_core.verb:Building package 'message_info' with the following arguments: {'ament_cmake_args': None, 'build_base': '/home/ubuntu/SSLRasp/build/message_info', 'catkin_cmake_args': None, 'catkin_skip_building_tests': False, 'cmake_args': None, 'cmake_clean_cache': False, 'cmake_clean_first': False, 'cmake_force_configure': False, 'cmake_target': None, 'cmake_target_skip_unavailable': False, 'install_base': '/home/ubuntu/SSLRasp/install/message_info', 'merge_install': False, 'path': '/home/ubuntu/SSLRasp/src/message_info', 'symlink_install': True, 'test_result_base': None}
[1.410s] Level 5:colcon.colcon_core.verb:set package 'rasp' build argument 'cmake_args' from command line to 'None'
[1.410s] Level 5:colcon.colcon_core.verb:set package 'rasp' build argument 'cmake_target' from command line to 'None'
[1.411s] Level 5:colcon.colcon_core.verb:set package 'rasp' build argument 'cmake_target_skip_unavailable' from command line to 'False'
[1.411s] Level 5:colcon.colcon_core.verb:set package 'rasp' build argument 'cmake_clean_cache' from command line to 'False'
[1.411s] Level 5:colcon.colcon_core.verb:set package 'rasp' build argument 'cmake_clean_first' from command line to 'False'
[1.411s] Level 5:colcon.colcon_core.verb:set package 'rasp' build argument 'cmake_force_configure' from command line to 'False'
[1.411s] Level 5:colcon.colcon_core.verb:set package 'rasp' build argument 'ament_cmake_args' from command line to 'None'
[1.411s] Level 5:colcon.colcon_core.verb:set package 'rasp' build argument 'catkin_cmake_args' from command line to 'None'
[1.411s] Level 5:colcon.colcon_core.verb:set package 'rasp' build argument 'catkin_skip_building_tests' from command line to 'False'
[1.412s] DEBUG:colcon.colcon_core.verb:Building package 'rasp' with the following arguments: {'ament_cmake_args': None, 'build_base': '/home/ubuntu/SSLRasp/build/rasp', 'catkin_cmake_args': None, 'catkin_skip_building_tests': False, 'cmake_args': None, 'cmake_clean_cache': False, 'cmake_clean_first': False, 'cmake_force_configure': False, 'cmake_target': None, 'cmake_target_skip_unavailable': False, 'install_base': '/home/ubuntu/SSLRasp/install/rasp', 'merge_install': False, 'path': '/home/ubuntu/SSLRasp/src/rasp', 'symlink_install': True, 'test_result_base': None}
[1.413s] INFO:colcon.colcon_core.executor:Executing jobs using 'parallel' executor
[1.420s] DEBUG:colcon.colcon_parallel_executor.executor.parallel:run_until_complete
[1.421s] INFO:colcon.colcon_ros.task.ament_cmake.build:Building ROS package in '/home/ubuntu/SSLRasp/src/message_info' with build type 'ament_cmake'
[1.422s] INFO:colcon.colcon_cmake.task.cmake.build:Building CMake package in '/home/ubuntu/SSLRasp/src/message_info'
[1.437s] INFO:colcon.colcon_core.plugin_system:Skipping extension 'colcon_core.shell.bat': Not used on non-Windows systems
[1.437s] INFO:colcon.colcon_core.shell:Skip shell extension 'powershell' for command environment: Not usable outside of PowerShell
[1.438s] DEBUG:colcon.colcon_core.shell:Skip shell extension 'dsv' for command environment
[1.446s] WARNING:colcon.colcon_ros.prefix_path.ament:The path '/home/ubuntu/SSLRasp/install/rasp' in the environment variable AMENT_PREFIX_PATH doesn't exist
[1.447s] WARNING:colcon.colcon_ros.prefix_path.ament:The path '/home/ubuntu/SSLRasp/install/message_info' in the environment variable AMENT_PREFIX_PATH doesn't exist
[1.447s] WARNING:colcon.colcon_ros.prefix_path.catkin:The path '/home/ubuntu/SSLRasp/install/message_info' in the environment variable CMAKE_PREFIX_PATH doesn't exist
[1.448s] DEBUG:colcon.colcon_core.shell:Ignoring prefix path '/opt/ros/foxy'
[1.458s] INFO:colcon.colcon_ros.task.ament_python.build:Building ROS package in '/home/ubuntu/SSLRasp/src/rasp' with build type 'ament_python'
[1.459s] Level 1:colcon.colcon_core.shell:create_environment_hook('rasp', 'ament_prefix_path')
[1.463s] INFO:colcon.colcon_core.shell:Creating environment hook '/home/ubuntu/SSLRasp/install/rasp/share/rasp/hook/ament_prefix_path.ps1'
[1.467s] INFO:colcon.colcon_core.shell:Creating environment descriptor '/home/ubuntu/SSLRasp/install/rasp/share/rasp/hook/ament_prefix_path.dsv'
[1.469s] INFO:colcon.colcon_core.shell:Creating environment hook '/home/ubuntu/SSLRasp/install/rasp/share/rasp/hook/ament_prefix_path.sh'
[1.474s] INFO:colcon.colcon_core.shell:Skip shell extension 'powershell' for command environment: Not usable outside of PowerShell
[1.474s] DEBUG:colcon.colcon_core.shell:Skip shell extension 'dsv' for command environment
[1.482s] DEBUG:colcon.colcon_core.shell:Ignoring prefix path '/opt/ros/foxy'
[1.502s] DEBUG:colcon.colcon_core.event_handler.log_command:Invoking command in '/home/ubuntu/SSLRasp/build/message_info': CMAKE_PREFIX_PATH=${CMAKE_PREFIX_PATH}:/home/ubuntu/SSLRasp/install/rasp:/opt/ros/foxy /usr/bin/cmake /home/ubuntu/SSLRasp/src/message_info -DAMENT_CMAKE_SYMLINK_INSTALL=1 -DCMAKE_INSTALL_PREFIX=/home/ubuntu/SSLRasp/install/message_info
[2.526s] WARNING:colcon.colcon_ros.task.ament_python.build:Package 'rasp' doesn't explicitly install a marker in the package index (colcon-ros currently does it implicitly but that fallback will be removed in the future)
[2.528s] WARNING:colcon.colcon_ros.task.ament_python.build:Package 'rasp' doesn't explicitly install the 'package.xml' file (colcon-ros currently does it implicitly but that fallback will be removed in the future)
[2.528s] INFO:colcon.colcon_core.task.python.build:Building Python package in '/home/ubuntu/SSLRasp/src/rasp'
[2.532s] INFO:colcon.colcon_core.shell:Skip shell extension 'powershell' for command environment: Not usable outside of PowerShell
[2.532s] DEBUG:colcon.colcon_core.shell:Skip shell extension 'dsv' for command environment
[2.541s] DEBUG:colcon.colcon_core.shell:Ignoring prefix path '/opt/ros/foxy'
[2.573s] DEBUG:colcon.colcon_core.event_handler.log_command:Invoking command in '/home/ubuntu/SSLRasp/build/rasp': PYTHONPATH=/home/ubuntu/SSLRasp/install/rasp/lib/python3.8/site-packages:${PYTHONPATH} /usr/bin/python3 setup.py develop --prefix /home/ubuntu/SSLRasp/install/rasp --editable --build-directory /home/ubuntu/SSLRasp/build/rasp/build --no-deps
[4.866s] Level 1:colcon.colcon_core.shell:create_environment_hook('rasp', 'pythonpath_develop')
[4.869s] INFO:colcon.colcon_core.shell:Creating environment hook '/home/ubuntu/SSLRasp/build/rasp/share/rasp/hook/pythonpath_develop.ps1'
[4.870s] DEBUG:colcon.colcon_core.event_handler.log_command:Invoked command in '/home/ubuntu/SSLRasp/build/rasp' returned '0': PYTHONPATH=/home/ubuntu/SSLRasp/install/rasp/lib/python3.8/site-packages:${PYTHONPATH} /usr/bin/python3 setup.py develop --prefix /home/ubuntu/SSLRasp/install/rasp --editable --build-directory /home/ubuntu/SSLRasp/build/rasp/build --no-deps
[4.872s] INFO:colcon.colcon_core.shell:Creating environment descriptor '/home/ubuntu/SSLRasp/build/rasp/share/rasp/hook/pythonpath_develop.dsv'
[4.874s] INFO:colcon.colcon_core.shell:Creating environment hook '/home/ubuntu/SSLRasp/build/rasp/share/rasp/hook/pythonpath_develop.sh'
[4.892s] Level 1:colcon.colcon_core.environment:checking '/home/ubuntu/SSLRasp/install/rasp' for CMake module files
[4.896s] Level 1:colcon.colcon_core.environment:checking '/home/ubuntu/SSLRasp/install/rasp' for CMake config files
[4.900s] Level 1:colcon.colcon_core.environment:checking '/home/ubuntu/SSLRasp/install/rasp/lib'
[4.902s] Level 1:colcon.colcon_core.environment:checking '/home/ubuntu/SSLRasp/install/rasp/bin'
[4.903s] Level 1:colcon.colcon_core.environment:checking '/home/ubuntu/SSLRasp/install/rasp/lib/pkgconfig/rasp.pc'
[4.903s] Level 1:colcon.colcon_core.environment:checking '/home/ubuntu/SSLRasp/install/rasp/lib/python3.8/site-packages'
[4.904s] Level 1:colcon.colcon_core.shell:create_environment_hook('rasp', 'pythonpath')
[4.907s] INFO:colcon.colcon_core.shell:Creating environment hook '/home/ubuntu/SSLRasp/install/rasp/share/rasp/hook/pythonpath.ps1'
[4.909s] INFO:colcon.colcon_core.shell:Creating environment descriptor '/home/ubuntu/SSLRasp/install/rasp/share/rasp/hook/pythonpath.dsv'
[4.910s] INFO:colcon.colcon_core.shell:Creating environment hook '/home/ubuntu/SSLRasp/install/rasp/share/rasp/hook/pythonpath.sh'
[4.912s] Level 1:colcon.colcon_core.environment:create_environment_scripts_only(rasp)
[4.915s] INFO:colcon.colcon_core.shell:Creating package script '/home/ubuntu/SSLRasp/install/rasp/share/rasp/package.ps1'
[4.919s] INFO:colcon.colcon_core.shell:Creating package descriptor '/home/ubuntu/SSLRasp/install/rasp/share/rasp/package.dsv'
[4.922s] INFO:colcon.colcon_core.shell:Creating package script '/home/ubuntu/SSLRasp/install/rasp/share/rasp/package.sh'
[4.925s] INFO:colcon.colcon_core.shell:Creating package script '/home/ubuntu/SSLRasp/install/rasp/share/rasp/package.bash'
[4.929s] INFO:colcon.colcon_core.shell:Creating package script '/home/ubuntu/SSLRasp/install/rasp/share/rasp/package.zsh'
[4.937s] Level 1:colcon.colcon_core.environment:create_file_with_runtime_dependencies(/home/ubuntu/SSLRasp/install/rasp/share/colcon-core/packages/rasp)
[15.272s] DEBUG:colcon.colcon_core.event_handler.log_command:Invoked command in '/home/ubuntu/SSLRasp/build/message_info' returned '0': CMAKE_PREFIX_PATH=${CMAKE_PREFIX_PATH}:/home/ubuntu/SSLRasp/install/rasp:/opt/ros/foxy /usr/bin/cmake /home/ubuntu/SSLRasp/src/message_info -DAMENT_CMAKE_SYMLINK_INSTALL=1 -DCMAKE_INSTALL_PREFIX=/home/ubuntu/SSLRasp/install/message_info
[15.285s] DEBUG:colcon.colcon_core.event_handler.log_command:Invoking command in '/home/ubuntu/SSLRasp/build/message_info': CMAKE_PREFIX_PATH=${CMAKE_PREFIX_PATH}:/home/ubuntu/SSLRasp/install/rasp:/opt/ros/foxy /usr/bin/cmake --build /home/ubuntu/SSLRasp/build/message_info -- -j4 -l4
[101.984s] DEBUG:colcon.colcon_core.event_handler.log_command:Invoked command in '/home/ubuntu/SSLRasp/build/message_info' returned '0': CMAKE_PREFIX_PATH=${CMAKE_PREFIX_PATH}:/home/ubuntu/SSLRasp/install/rasp:/opt/ros/foxy /usr/bin/cmake --build /home/ubuntu/SSLRasp/build/message_info -- -j4 -l4
[104.092s] DEBUG:colcon.colcon_core.event_handler.log_command:Invoking command in '/home/ubuntu/SSLRasp/build/message_info': CMAKE_PREFIX_PATH=${CMAKE_PREFIX_PATH}:/home/ubuntu/SSLRasp/install/rasp:/opt/ros/foxy /usr/bin/cmake --install /home/ubuntu/SSLRasp/build/message_info
[116.426s] Level 1:colcon.colcon_core.environment:create_environment_scripts_only(message_info)
[116.430s] Level 1:colcon.colcon_core.environment:checking '/home/ubuntu/SSLRasp/install/message_info' for CMake module files
[116.432s] DEBUG:colcon.colcon_core.event_handler.log_command:Invoked command in '/home/ubuntu/SSLRasp/build/message_info' returned '0': CMAKE_PREFIX_PATH=${CMAKE_PREFIX_PATH}:/home/ubuntu/SSLRasp/install/rasp:/opt/ros/foxy /usr/bin/cmake --install /home/ubuntu/SSLRasp/build/message_info
[116.436s] Level 1:colcon.colcon_core.environment:checking '/home/ubuntu/SSLRasp/install/message_info' for CMake config files
[116.441s] Level 1:colcon.colcon_core.shell:create_environment_hook('message_info', 'cmake_prefix_path')
[116.444s] INFO:colcon.colcon_core.shell:Creating environment hook '/home/ubuntu/SSLRasp/install/message_info/share/message_info/hook/cmake_prefix_path.ps1'
[116.446s] INFO:colcon.colcon_core.shell:Creating environment descriptor '/home/ubuntu/SSLRasp/install/message_info/share/message_info/hook/cmake_prefix_path.dsv'
[116.447s] INFO:colcon.colcon_core.shell:Creating environment hook '/home/ubuntu/SSLRasp/install/message_info/share/message_info/hook/cmake_prefix_path.sh'
[116.449s] Level 1:colcon.colcon_core.environment:checking '/home/ubuntu/SSLRasp/install/message_info/lib'
[116.450s] Level 1:colcon.colcon_core.shell:create_environment_hook('message_info', 'ld_library_path_lib')
[116.452s] INFO:colcon.colcon_core.shell:Creating environment hook '/home/ubuntu/SSLRasp/install/message_info/share/message_info/hook/ld_library_path_lib.ps1'
[116.454s] INFO:colcon.colcon_core.shell:Creating environment descriptor '/home/ubuntu/SSLRasp/install/message_info/share/message_info/hook/ld_library_path_lib.dsv'
[116.455s] INFO:colcon.colcon_core.shell:Creating environment hook '/home/ubuntu/SSLRasp/install/message_info/share/message_info/hook/ld_library_path_lib.sh'
[116.456s] Level 1:colcon.colcon_core.environment:checking '/home/ubuntu/SSLRasp/install/message_info/bin'
[116.457s] Level 1:colcon.colcon_core.environment:checking '/home/ubuntu/SSLRasp/install/message_info/lib/pkgconfig/message_info.pc'
[116.457s] Level 1:colcon.colcon_core.environment:checking '/home/ubuntu/SSLRasp/install/message_info/lib/python3.8/site-packages'
[116.457s] Level 1:colcon.colcon_core.shell:create_environment_hook('message_info', 'pythonpath')
[116.459s] INFO:colcon.colcon_core.shell:Creating environment hook '/home/ubuntu/SSLRasp/install/message_info/share/message_info/hook/pythonpath.ps1'
[116.461s] INFO:colcon.colcon_core.shell:Creating environment descriptor '/home/ubuntu/SSLRasp/install/message_info/share/message_info/hook/pythonpath.dsv'
[116.463s] INFO:colcon.colcon_core.shell:Creating environment hook '/home/ubuntu/SSLRasp/install/message_info/share/message_info/hook/pythonpath.sh'
[116.467s] INFO:colcon.colcon_core.shell:Creating package script '/home/ubuntu/SSLRasp/install/message_info/share/message_info/package.ps1'
[116.469s] INFO:colcon.colcon_core.shell:Creating package descriptor '/home/ubuntu/SSLRasp/install/message_info/share/message_info/package.dsv'
[116.471s] INFO:colcon.colcon_core.shell:Creating package script '/home/ubuntu/SSLRasp/install/message_info/share/message_info/package.sh'
[116.473s] INFO:colcon.colcon_core.shell:Creating package script '/home/ubuntu/SSLRasp/install/message_info/share/message_info/package.bash'
[116.474s] INFO:colcon.colcon_core.shell:Creating package script '/home/ubuntu/SSLRasp/install/message_info/share/message_info/package.zsh'
[116.476s] Level 1:colcon.colcon_core.environment:create_file_with_runtime_dependencies(/home/ubuntu/SSLRasp/install/message_info/share/colcon-core/packages/message_info)
[118.541s] Level 1:colcon.colcon_core.environment:create_environment_scripts_only(message_info)
[118.545s] Level 1:colcon.colcon_core.environment:checking '/home/ubuntu/SSLRasp/install/message_info' for CMake module files
[118.550s] Level 1:colcon.colcon_core.environment:checking '/home/ubuntu/SSLRasp/install/message_info' for CMake config files
[118.556s] Level 1:colcon.colcon_core.shell:create_environment_hook('message_info', 'cmake_prefix_path')
[118.559s] INFO:colcon.colcon_core.shell:Creating environment hook '/home/ubuntu/SSLRasp/install/message_info/share/message_info/hook/cmake_prefix_path.ps1'
[118.561s] INFO:colcon.colcon_core.shell:Creating environment descriptor '/home/ubuntu/SSLRasp/install/message_info/share/message_info/hook/cmake_prefix_path.dsv'
[118.562s] INFO:colcon.colcon_core.shell:Creating environment hook '/home/ubuntu/SSLRasp/install/message_info/share/message_info/hook/cmake_prefix_path.sh'
[118.564s] Level 1:colcon.colcon_core.environment:checking '/home/ubuntu/SSLRasp/install/message_info/lib'
[118.565s] Level 1:colcon.colcon_core.shell:create_environment_hook('message_info', 'ld_library_path_lib')
[118.567s] INFO:colcon.colcon_core.shell:Creating environment hook '/home/ubuntu/SSLRasp/install/message_info/share/message_info/hook/ld_library_path_lib.ps1'
[118.569s] INFO:colcon.colcon_core.shell:Creating environment descriptor '/home/ubuntu/SSLRasp/install/message_info/share/message_info/hook/ld_library_path_lib.dsv'
[118.570s] INFO:colcon.colcon_core.shell:Creating environment hook '/home/ubuntu/SSLRasp/install/message_info/share/message_info/hook/ld_library_path_lib.sh'
[118.572s] Level 1:colcon.colcon_core.environment:checking '/home/ubuntu/SSLRasp/install/message_info/bin'
[118.572s] Level 1:colcon.colcon_core.environment:checking '/home/ubuntu/SSLRasp/install/message_info/lib/pkgconfig/message_info.pc'
[118.573s] Level 1:colcon.colcon_core.environment:checking '/home/ubuntu/SSLRasp/install/message_info/lib/python3.8/site-packages'
[118.573s] Level 1:colcon.colcon_core.shell:create_environment_hook('message_info', 'pythonpath')
[118.575s] INFO:colcon.colcon_core.shell:Creating environment hook '/home/ubuntu/SSLRasp/install/message_info/share/message_info/hook/pythonpath.ps1'
[118.576s] INFO:colcon.colcon_core.shell:Creating environment descriptor '/home/ubuntu/SSLRasp/install/message_info/share/message_info/hook/pythonpath.dsv'
[118.578s] INFO:colcon.colcon_core.shell:Creating environment hook '/home/ubuntu/SSLRasp/install/message_info/share/message_info/hook/pythonpath.sh'
[118.582s] INFO:colcon.colcon_core.shell:Creating package script '/home/ubuntu/SSLRasp/install/message_info/share/message_info/package.ps1'
[118.585s] INFO:colcon.colcon_core.shell:Creating package descriptor '/home/ubuntu/SSLRasp/install/message_info/share/message_info/package.dsv'
[118.587s] INFO:colcon.colcon_core.shell:Creating package script '/home/ubuntu/SSLRasp/install/message_info/share/message_info/package.sh'
[118.589s] INFO:colcon.colcon_core.shell:Creating package script '/home/ubuntu/SSLRasp/install/message_info/share/message_info/package.bash'
[118.591s] INFO:colcon.colcon_core.shell:Creating package script '/home/ubuntu/SSLRasp/install/message_info/share/message_info/package.zsh'
[118.593s] Level 1:colcon.colcon_core.environment:create_file_with_runtime_dependencies(/home/ubuntu/SSLRasp/install/message_info/share/colcon-core/packages/message_info)
[118.594s] DEBUG:colcon.colcon_parallel_executor.executor.parallel:closing loop
[118.595s] DEBUG:colcon.colcon_parallel_executor.executor.parallel:loop closed
[118.596s] DEBUG:colcon.colcon_parallel_executor.executor.parallel:run_until_complete finished with '0'
[118.596s] DEBUG:colcon.colcon_core.event_reactor:joining thread
[118.620s] INFO:colcon.colcon_core.plugin_system:Skipping extension 'colcon_notification.desktop_notification.notify_send': Could not find 'notify-send'
[118.621s] INFO:colcon.colcon_core.plugin_system:Skipping extension 'colcon_notification.desktop_notification.terminal_notifier': Not used on non-Darwin systems
[118.621s] INFO:colcon.colcon_core.plugin_system:Skipping extension 'colcon_notification.desktop_notification.win32': Not used on non-Windows systems
[118.621s] INFO:colcon.colcon_notification.desktop_notification:Sending desktop notification using 'notify2'
[118.624s] DEBUG:colcon.colcon_notification.desktop_notification.notify2:Failed to initialize notify2: org.freedesktop.DBus.Error.ServiceUnknown: The name org.freedesktop.Notifications was not provided by any .service files
[118.624s] DEBUG:colcon.colcon_core.event_reactor:joined thread
[118.627s] INFO:colcon.colcon_core.shell:Creating prefix script '/home/ubuntu/SSLRasp/install/local_setup.ps1'
[118.631s] INFO:colcon.colcon_core.shell:Creating prefix util module '/home/ubuntu/SSLRasp/install/_local_setup_util_ps1.py'
[118.636s] INFO:colcon.colcon_core.shell:Creating prefix chain script '/home/ubuntu/SSLRasp/install/setup.ps1'
[118.645s] INFO:colcon.colcon_core.shell:Creating prefix script '/home/ubuntu/SSLRasp/install/local_setup.sh'
[118.647s] INFO:colcon.colcon_core.shell:Creating prefix util module '/home/ubuntu/SSLRasp/install/_local_setup_util_sh.py'
[118.649s] INFO:colcon.colcon_core.shell:Creating prefix chain script '/home/ubuntu/SSLRasp/install/setup.sh'
[118.658s] INFO:colcon.colcon_core.shell:Creating prefix script '/home/ubuntu/SSLRasp/install/local_setup.bash'
[118.660s] INFO:colcon.colcon_core.shell:Creating prefix chain script '/home/ubuntu/SSLRasp/install/setup.bash'
[118.669s] INFO:colcon.colcon_core.shell:Creating prefix script '/home/ubuntu/SSLRasp/install/local_setup.zsh'
[118.671s] INFO:colcon.colcon_core.shell:Creating prefix chain script '/home/ubuntu/SSLRasp/install/setup.zsh'
