[1.226s] DEBUG:colcon:Command line arguments: ['/usr/bin/colcon', 'build']
[1.227s] DEBUG:colcon:Parsed command line arguments: Namespace(ament_cmake_args=None, base_paths=['.'], build_base='build', catkin_cmake_args=None, catkin_skip_building_tests=False, cmake_args=None, cmake_clean_cache=False, cmake_clean_first=False, cmake_force_configure=False, cmake_target=None, cmake_target_skip_unavailable=False, continue_on_error=False, event_handlers=None, executor='parallel', ignore_user_meta=False, install_base='install', log_base=None, log_level=None, main=<bound method BuildVerb.main of <colcon_core.verb.build.BuildVerb object at 0xffff904fb5e0>>, merge_install=False, metas=['./colcon.meta'], packages_above=None, packages_above_and_dependencies=None, packages_above_depth=None, packages_end=None, packages_ignore=None, packages_ignore_regex=None, packages_select=None, packages_select_build_failed=False, packages_select_by_dep=None, packages_select_regex=None, packages_select_test_failures=False, packages_skip=None, packages_skip_build_finished=False, packages_skip_by_dep=None, packages_skip_regex=None, packages_skip_test_passed=False, packages_skip_up_to=None, packages_start=None, packages_up_to=None, packages_up_to_regex=None, parallel_workers=4, paths=None, symlink_install=False, test_result_base=None, verb_extension=<colcon_core.verb.build.BuildVerb object at 0xffff904fb5e0>, verb_name='build', verb_parser=<colcon_defaults.argument_parser.defaults.DefaultArgumentsDecorator object at 0xffff904fbb20>)
[1.248s] Level 1:colcon.colcon_core.package_discovery:discover_packages(colcon_meta) check parameters
[1.249s] Level 1:colcon.colcon_core.package_discovery:discover_packages(recursive) check parameters
[1.249s] Level 1:colcon.colcon_core.package_discovery:discover_packages(ignore) check parameters
[1.249s] Level 1:colcon.colcon_core.package_discovery:discover_packages(path) check parameters
[1.249s] Level 1:colcon.colcon_core.package_discovery:discover_packages(colcon_meta) discover
[1.249s] Level 1:colcon.colcon_core.package_discovery:discover_packages(recursive) discover
[1.250s] INFO:colcon.colcon_core.package_discovery:Crawling recursively for packages in '/home/ubuntu/SSLRasp'
[1.250s] Level 1:colcon.colcon_core.package_identification:_identify(.) by extensions ['ignore', 'ignore_ament_install']
[1.250s] Level 1:colcon.colcon_core.package_identification:_identify(.) by extension 'ignore'
[1.251s] Level 1:colcon.colcon_core.package_identification:_identify(.) by extension 'ignore_ament_install'
[1.251s] Level 1:colcon.colcon_core.package_identification:_identify(.) by extensions ['colcon_pkg']
[1.251s] Level 1:colcon.colcon_core.package_identification:_identify(.) by extension 'colcon_pkg'
[1.251s] Level 1:colcon.colcon_core.package_identification:_identify(.) by extensions ['colcon_meta']
[1.251s] Level 1:colcon.colcon_core.package_identification:_identify(.) by extension 'colcon_meta'
[1.252s] Level 1:colcon.colcon_core.package_identification:_identify(.) by extensions ['ros']
[1.252s] Level 1:colcon.colcon_core.package_identification:_identify(.) by extension 'ros'
[1.300s] Level 1:colcon.colcon_core.package_identification:_identify(.) by extensions ['cmake', 'python']
[1.300s] Level 1:colcon.colcon_core.package_identification:_identify(.) by extension 'cmake'
[1.300s] Level 1:colcon.colcon_core.package_identification:_identify(.) by extension 'python'
[1.301s] Level 1:colcon.colcon_core.package_identification:_identify(.) by extensions ['python_setup_py']
[1.301s] Level 1:colcon.colcon_core.package_identification:_identify(.) by extension 'python_setup_py'
[1.301s] Level 1:colcon.colcon_core.package_identification:_identify(build) by extensions ['ignore', 'ignore_ament_install']
[1.302s] Level 1:colcon.colcon_core.package_identification:_identify(build) by extension 'ignore'
[1.302s] Level 1:colcon.colcon_core.package_identification:_identify(build) ignored
[1.303s] Level 1:colcon.colcon_core.package_identification:_identify(install) by extensions ['ignore', 'ignore_ament_install']
[1.303s] Level 1:colcon.colcon_core.package_identification:_identify(install) by extension 'ignore'
[1.303s] Level 1:colcon.colcon_core.package_identification:_identify(install) ignored
[1.304s] Level 1:colcon.colcon_core.package_identification:_identify(log) by extensions ['ignore', 'ignore_ament_install']
[1.304s] Level 1:colcon.colcon_core.package_identification:_identify(log) by extension 'ignore'
[1.304s] Level 1:colcon.colcon_core.package_identification:_identify(log) ignored
[1.304s] Level 1:colcon.colcon_core.package_identification:_identify(src) by extensions ['ignore', 'ignore_ament_install']
[1.305s] Level 1:colcon.colcon_core.package_identification:_identify(src) by extension 'ignore'
[1.305s] Level 1:colcon.colcon_core.package_identification:_identify(src) by extension 'ignore_ament_install'
[1.305s] Level 1:colcon.colcon_core.package_identification:_identify(src) by extensions ['colcon_pkg']
[1.305s] Level 1:colcon.colcon_core.package_identification:_identify(src) by extension 'colcon_pkg'
[1.306s] Level 1:colcon.colcon_core.package_identification:_identify(src) by extensions ['colcon_meta']
[1.306s] Level 1:colcon.colcon_core.package_identification:_identify(src) by extension 'colcon_meta'
[1.306s] Level 1:colcon.colcon_core.package_identification:_identify(src) by extensions ['ros']
[1.306s] Level 1:colcon.colcon_core.package_identification:_identify(src) by extension 'ros'
[1.306s] Level 1:colcon.colcon_core.package_identification:_identify(src) by extensions ['cmake', 'python']
[1.306s] Level 1:colcon.colcon_core.package_identification:_identify(src) by extension 'cmake'
[1.307s] Level 1:colcon.colcon_core.package_identification:_identify(src) by extension 'python'
[1.307s] Level 1:colcon.colcon_core.package_identification:_identify(src) by extensions ['python_setup_py']
[1.307s] Level 1:colcon.colcon_core.package_identification:_identify(src) by extension 'python_setup_py'
[1.307s] Level 1:colcon.colcon_core.package_identification:_identify(src/message_info) by extensions ['ignore', 'ignore_ament_install']
[1.308s] Level 1:colcon.colcon_core.package_identification:_identify(src/message_info) by extension 'ignore'
[1.308s] Level 1:colcon.colcon_core.package_identification:_identify(src/message_info) by extension 'ignore_ament_install'
[1.308s] Level 1:colcon.colcon_core.package_identification:_identify(src/message_info) by extensions ['colcon_pkg']
[1.308s] Level 1:colcon.colcon_core.package_identification:_identify(src/message_info) by extension 'colcon_pkg'
[1.308s] Level 1:colcon.colcon_core.package_identification:_identify(src/message_info) by extensions ['colcon_meta']
[1.309s] Level 1:colcon.colcon_core.package_identification:_identify(src/message_info) by extension 'colcon_meta'
[1.309s] Level 1:colcon.colcon_core.package_identification:_identify(src/message_info) by extensions ['ros']
[1.309s] Level 1:colcon.colcon_core.package_identification:_identify(src/message_info) by extension 'ros'
[1.319s] DEBUG:colcon.colcon_core.package_identification:Package 'src/message_info' with type 'ros.ament_cmake' and name 'message_info'
[1.319s] Level 1:colcon.colcon_core.package_identification:_identify(src/rasp) by extensions ['ignore', 'ignore_ament_install']
[1.320s] Level 1:colcon.colcon_core.package_identification:_identify(src/rasp) by extension 'ignore'
[1.320s] Level 1:colcon.colcon_core.package_identification:_identify(src/rasp) by extension 'ignore_ament_install'
[1.320s] Level 1:colcon.colcon_core.package_identification:_identify(src/rasp) by extensions ['colcon_pkg']
[1.320s] Level 1:colcon.colcon_core.package_identification:_identify(src/rasp) by extension 'colcon_pkg'
[1.321s] Level 1:colcon.colcon_core.package_identification:_identify(src/rasp) by extensions ['colcon_meta']
[1.321s] Level 1:colcon.colcon_core.package_identification:_identify(src/rasp) by extension 'colcon_meta'
[1.321s] Level 1:colcon.colcon_core.package_identification:_identify(src/rasp) by extensions ['ros']
[1.321s] Level 1:colcon.colcon_core.package_identification:_identify(src/rasp) by extension 'ros'
[1.324s] DEBUG:colcon.colcon_core.package_identification:Package 'src/rasp' with type 'ros.ament_python' and name 'rasp'
[1.324s] Level 1:colcon.colcon_core.package_discovery:discover_packages(recursive) using defaults
[1.325s] Level 1:colcon.colcon_core.package_discovery:discover_packages(ignore) discover
[1.325s] Level 1:colcon.colcon_core.package_discovery:discover_packages(ignore) using defaults
[1.325s] Level 1:colcon.colcon_core.package_discovery:discover_packages(path) discover
[1.325s] Level 1:colcon.colcon_core.package_discovery:discover_packages(path) using defaults
[1.400s] Level 5:colcon.colcon_core.verb:set package 'message_info' build argument 'cmake_args' from command line to 'None'
[1.400s] Level 5:colcon.colcon_core.verb:set package 'message_info' build argument 'cmake_target' from command line to 'None'
[1.400s] Level 5:colcon.colcon_core.verb:set package 'message_info' build argument 'cmake_target_skip_unavailable' from command line to 'False'
[1.400s] Level 5:colcon.colcon_core.verb:set package 'message_info' build argument 'cmake_clean_cache' from command line to 'False'
[1.400s] Level 5:colcon.colcon_core.verb:set package 'message_info' build argument 'cmake_clean_first' from command line to 'False'
[1.400s] Level 5:colcon.colcon_core.verb:set package 'message_info' build argument 'cmake_force_configure' from command line to 'False'
[1.401s] Level 5:colcon.colcon_core.verb:set package 'message_info' build argument 'ament_cmake_args' from command line to 'None'
[1.401s] Level 5:colcon.colcon_core.verb:set package 'message_info' build argument 'catkin_cmake_args' from command line to 'None'
[1.401s] Level 5:colcon.colcon_core.verb:set package 'message_info' build argument 'catkin_skip_building_tests' from command line to 'False'
[1.401s] DEBUG:colcon.colcon_core.verb:Building package 'message_info' with the following arguments: {'ament_cmake_args': None, 'build_base': '/home/ubuntu/SSLRasp/build/message_info', 'catkin_cmake_args': None, 'catkin_skip_building_tests': False, 'cmake_args': None, 'cmake_clean_cache': False, 'cmake_clean_first': False, 'cmake_force_configure': False, 'cmake_target': None, 'cmake_target_skip_unavailable': False, 'install_base': '/home/ubuntu/SSLRasp/install/message_info', 'merge_install': False, 'path': '/home/ubuntu/SSLRasp/src/message_info', 'symlink_install': False, 'test_result_base': None}
[1.411s] Level 5:colcon.colcon_core.verb:set package 'rasp' build argument 'cmake_args' from command line to 'None'
[1.412s] Level 5:colcon.colcon_core.verb:set package 'rasp' build argument 'cmake_target' from command line to 'None'
[1.412s] Level 5:colcon.colcon_core.verb:set package 'rasp' build argument 'cmake_target_skip_unavailable' from command line to 'False'
[1.412s] Level 5:colcon.colcon_core.verb:set package 'rasp' build argument 'cmake_clean_cache' from command line to 'False'
[1.412s] Level 5:colcon.colcon_core.verb:set package 'rasp' build argument 'cmake_clean_first' from command line to 'False'
[1.412s] Level 5:colcon.colcon_core.verb:set package 'rasp' build argument 'cmake_force_configure' from command line to 'False'
[1.412s] Level 5:colcon.colcon_core.verb:set package 'rasp' build argument 'ament_cmake_args' from command line to 'None'
[1.412s] Level 5:colcon.colcon_core.verb:set package 'rasp' build argument 'catkin_cmake_args' from command line to 'None'
[1.412s] Level 5:colcon.colcon_core.verb:set package 'rasp' build argument 'catkin_skip_building_tests' from command line to 'False'
[1.413s] DEBUG:colcon.colcon_core.verb:Building package 'rasp' with the following arguments: {'ament_cmake_args': None, 'build_base': '/home/ubuntu/SSLRasp/build/rasp', 'catkin_cmake_args': None, 'catkin_skip_building_tests': False, 'cmake_args': None, 'cmake_clean_cache': False, 'cmake_clean_first': False, 'cmake_force_configure': False, 'cmake_target': None, 'cmake_target_skip_unavailable': False, 'install_base': '/home/ubuntu/SSLRasp/install/rasp', 'merge_install': False, 'path': '/home/ubuntu/SSLRasp/src/rasp', 'symlink_install': False, 'test_result_base': None}
[1.414s] INFO:colcon.colcon_core.executor:Executing jobs using 'parallel' executor
[1.421s] DEBUG:colcon.colcon_parallel_executor.executor.parallel:run_until_complete
[1.422s] INFO:colcon.colcon_ros.task.ament_cmake.build:Building ROS package in '/home/ubuntu/SSLRasp/src/message_info' with build type 'ament_cmake'
[1.423s] INFO:colcon.colcon_cmake.task.cmake.build:Building CMake package in '/home/ubuntu/SSLRasp/src/message_info'
[1.438s] INFO:colcon.colcon_core.plugin_system:Skipping extension 'colcon_core.shell.bat': Not used on non-Windows systems
[1.438s] INFO:colcon.colcon_core.shell:Skip shell extension 'powershell' for command environment: Not usable outside of PowerShell
[1.439s] DEBUG:colcon.colcon_core.shell:Skip shell extension 'dsv' for command environment
[1.450s] DEBUG:colcon.colcon_core.shell:Ignoring prefix path '/opt/ros/foxy'
[1.460s] INFO:colcon.colcon_ros.task.ament_python.build:Building ROS package in '/home/ubuntu/SSLRasp/src/rasp' with build type 'ament_python'
[1.461s] Level 1:colcon.colcon_core.shell:create_environment_hook('rasp', 'ament_prefix_path')
[1.464s] INFO:colcon.colcon_core.shell:Creating environment hook '/home/ubuntu/SSLRasp/install/rasp/share/rasp/hook/ament_prefix_path.ps1'
[1.467s] INFO:colcon.colcon_core.shell:Creating environment descriptor '/home/ubuntu/SSLRasp/install/rasp/share/rasp/hook/ament_prefix_path.dsv'
[1.470s] INFO:colcon.colcon_core.shell:Creating environment hook '/home/ubuntu/SSLRasp/install/rasp/share/rasp/hook/ament_prefix_path.sh'
[1.475s] INFO:colcon.colcon_core.shell:Skip shell extension 'powershell' for command environment: Not usable outside of PowerShell
[1.475s] DEBUG:colcon.colcon_core.shell:Skip shell extension 'dsv' for command environment
[1.483s] DEBUG:colcon.colcon_core.shell:Ignoring prefix path '/opt/ros/foxy'
[1.509s] DEBUG:colcon.colcon_core.event_handler.log_command:Invoking command in '/home/ubuntu/SSLRasp/build/message_info': CMAKE_PREFIX_PATH=${CMAKE_PREFIX_PATH}:/home/ubuntu/SSLRasp/install/rasp:/opt/ros/foxy /usr/bin/cmake --build /home/ubuntu/SSLRasp/build/message_info -- -j4 -l4
[2.638s] WARNING:colcon.colcon_ros.task.ament_python.build:Package 'rasp' doesn't explicitly install a marker in the package index (colcon-ros currently does it implicitly but that fallback will be removed in the future)
[2.639s] WARNING:colcon.colcon_ros.task.ament_python.build:Package 'rasp' doesn't explicitly install the 'package.xml' file (colcon-ros currently does it implicitly but that fallback will be removed in the future)
[2.641s] INFO:colcon.colcon_core.task.python.build:Building Python package in '/home/ubuntu/SSLRasp/src/rasp'
[2.645s] INFO:colcon.colcon_core.shell:Skip shell extension 'powershell' for command environment: Not usable outside of PowerShell
[2.646s] DEBUG:colcon.colcon_core.shell:Skip shell extension 'dsv' for command environment
[2.660s] DEBUG:colcon.colcon_core.shell:Ignoring prefix path '/opt/ros/foxy'
[2.688s] DEBUG:colcon.colcon_core.event_handler.log_command:Invoking command in '/home/ubuntu/SSLRasp/src/rasp': PYTHONPATH=/home/ubuntu/SSLRasp/install/rasp/lib/python3.8/site-packages:${PYTHONPATH} /usr/bin/python3 setup.py egg_info --egg-base ../../build/rasp build --build-base /home/ubuntu/SSLRasp/build/rasp/build install --prefix /home/ubuntu/SSLRasp/install/rasp --record /home/ubuntu/SSLRasp/build/rasp/install.log --single-version-externally-managed
[2.840s] DEBUG:colcon.colcon_core.event_handler.log_command:Invoked command in '/home/ubuntu/SSLRasp/build/message_info' returned '0': CMAKE_PREFIX_PATH=${CMAKE_PREFIX_PATH}:/home/ubuntu/SSLRasp/install/rasp:/opt/ros/foxy /usr/bin/cmake --build /home/ubuntu/SSLRasp/build/message_info -- -j4 -l4
[4.073s] DEBUG:colcon.colcon_core.event_handler.log_command:Invoked command in '/home/ubuntu/SSLRasp/src/rasp' returned '0': PYTHONPATH=/home/ubuntu/SSLRasp/install/rasp/lib/python3.8/site-packages:${PYTHONPATH} /usr/bin/python3 setup.py egg_info --egg-base ../../build/rasp build --build-base /home/ubuntu/SSLRasp/build/rasp/build install --prefix /home/ubuntu/SSLRasp/install/rasp --record /home/ubuntu/SSLRasp/build/rasp/install.log --single-version-externally-managed
[4.088s] Level 1:colcon.colcon_core.environment:checking '/home/ubuntu/SSLRasp/install/rasp' for CMake module files
[4.090s] Level 1:colcon.colcon_core.environment:checking '/home/ubuntu/SSLRasp/install/rasp' for CMake config files
[4.095s] Level 1:colcon.colcon_core.environment:checking '/home/ubuntu/SSLRasp/install/rasp/lib'
[4.096s] Level 1:colcon.colcon_core.environment:checking '/home/ubuntu/SSLRasp/install/rasp/bin'
[4.096s] Level 1:colcon.colcon_core.environment:checking '/home/ubuntu/SSLRasp/install/rasp/lib/pkgconfig/rasp.pc'
[4.096s] Level 1:colcon.colcon_core.environment:checking '/home/ubuntu/SSLRasp/install/rasp/lib/python3.8/site-packages'
[4.096s] Level 1:colcon.colcon_core.shell:create_environment_hook('rasp', 'pythonpath')
[4.100s] INFO:colcon.colcon_core.shell:Creating environment hook '/home/ubuntu/SSLRasp/install/rasp/share/rasp/hook/pythonpath.ps1'
[4.102s] INFO:colcon.colcon_core.shell:Creating environment descriptor '/home/ubuntu/SSLRasp/install/rasp/share/rasp/hook/pythonpath.dsv'
[4.104s] INFO:colcon.colcon_core.shell:Creating environment hook '/home/ubuntu/SSLRasp/install/rasp/share/rasp/hook/pythonpath.sh'
[4.106s] Level 1:colcon.colcon_core.environment:create_environment_scripts_only(rasp)
[4.109s] INFO:colcon.colcon_core.shell:Creating package script '/home/ubuntu/SSLRasp/install/rasp/share/rasp/package.ps1'
[4.113s] INFO:colcon.colcon_core.shell:Creating package descriptor '/home/ubuntu/SSLRasp/install/rasp/share/rasp/package.dsv'
[4.116s] INFO:colcon.colcon_core.shell:Creating package script '/home/ubuntu/SSLRasp/install/rasp/share/rasp/package.sh'
[4.123s] INFO:colcon.colcon_core.shell:Creating package script '/home/ubuntu/SSLRasp/install/rasp/share/rasp/package.bash'
[4.127s] INFO:colcon.colcon_core.shell:Creating package script '/home/ubuntu/SSLRasp/install/rasp/share/rasp/package.zsh'
[4.130s] Level 1:colcon.colcon_core.environment:create_file_with_runtime_dependencies(/home/ubuntu/SSLRasp/install/rasp/share/colcon-core/packages/rasp)
[4.774s] DEBUG:colcon.colcon_core.event_handler.log_command:Invoking command in '/home/ubuntu/SSLRasp/build/message_info': CMAKE_PREFIX_PATH=${CMAKE_PREFIX_PATH}:/home/ubuntu/SSLRasp/install/rasp:/opt/ros/foxy /usr/bin/cmake --install /home/ubuntu/SSLRasp/build/message_info
[5.132s] Level 1:colcon.colcon_core.environment:create_environment_scripts_only(message_info)
[5.136s] Level 1:colcon.colcon_core.environment:checking '/home/ubuntu/SSLRasp/install/message_info' for CMake module files
[5.138s] DEBUG:colcon.colcon_core.event_handler.log_command:Invoked command in '/home/ubuntu/SSLRasp/build/message_info' returned '0': CMAKE_PREFIX_PATH=${CMAKE_PREFIX_PATH}:/home/ubuntu/SSLRasp/install/rasp:/opt/ros/foxy /usr/bin/cmake --install /home/ubuntu/SSLRasp/build/message_info
[5.142s] Level 1:colcon.colcon_core.environment:checking '/home/ubuntu/SSLRasp/install/message_info' for CMake config files
[5.145s] Level 1:colcon.colcon_core.shell:create_environment_hook('message_info', 'cmake_prefix_path')
[5.148s] INFO:colcon.colcon_core.shell:Creating environment hook '/home/ubuntu/SSLRasp/install/message_info/share/message_info/hook/cmake_prefix_path.ps1'
[5.150s] INFO:colcon.colcon_core.shell:Creating environment descriptor '/home/ubuntu/SSLRasp/install/message_info/share/message_info/hook/cmake_prefix_path.dsv'
[5.151s] INFO:colcon.colcon_core.shell:Creating environment hook '/home/ubuntu/SSLRasp/install/message_info/share/message_info/hook/cmake_prefix_path.sh'
[5.154s] Level 1:colcon.colcon_core.environment:checking '/home/ubuntu/SSLRasp/install/message_info/lib'
[5.154s] Level 1:colcon.colcon_core.shell:create_environment_hook('message_info', 'ld_library_path_lib')
[5.156s] INFO:colcon.colcon_core.shell:Creating environment hook '/home/ubuntu/SSLRasp/install/message_info/share/message_info/hook/ld_library_path_lib.ps1'
[5.158s] INFO:colcon.colcon_core.shell:Creating environment descriptor '/home/ubuntu/SSLRasp/install/message_info/share/message_info/hook/ld_library_path_lib.dsv'
[5.160s] INFO:colcon.colcon_core.shell:Creating environment hook '/home/ubuntu/SSLRasp/install/message_info/share/message_info/hook/ld_library_path_lib.sh'
[5.161s] Level 1:colcon.colcon_core.environment:checking '/home/ubuntu/SSLRasp/install/message_info/bin'
[5.162s] Level 1:colcon.colcon_core.environment:checking '/home/ubuntu/SSLRasp/install/message_info/lib/pkgconfig/message_info.pc'
[5.162s] Level 1:colcon.colcon_core.environment:checking '/home/ubuntu/SSLRasp/install/message_info/lib/python3.8/site-packages'
[5.162s] Level 1:colcon.colcon_core.shell:create_environment_hook('message_info', 'pythonpath')
[5.164s] INFO:colcon.colcon_core.shell:Creating environment hook '/home/ubuntu/SSLRasp/install/message_info/share/message_info/hook/pythonpath.ps1'
[5.166s] INFO:colcon.colcon_core.shell:Creating environment descriptor '/home/ubuntu/SSLRasp/install/message_info/share/message_info/hook/pythonpath.dsv'
[5.168s] INFO:colcon.colcon_core.shell:Creating environment hook '/home/ubuntu/SSLRasp/install/message_info/share/message_info/hook/pythonpath.sh'
[5.172s] INFO:colcon.colcon_core.shell:Creating package script '/home/ubuntu/SSLRasp/install/message_info/share/message_info/package.ps1'
[5.174s] INFO:colcon.colcon_core.shell:Creating package descriptor '/home/ubuntu/SSLRasp/install/message_info/share/message_info/package.dsv'
[5.176s] INFO:colcon.colcon_core.shell:Creating package script '/home/ubuntu/SSLRasp/install/message_info/share/message_info/package.sh'
[5.178s] INFO:colcon.colcon_core.shell:Creating package script '/home/ubuntu/SSLRasp/install/message_info/share/message_info/package.bash'
[5.180s] INFO:colcon.colcon_core.shell:Creating package script '/home/ubuntu/SSLRasp/install/message_info/share/message_info/package.zsh'
[5.181s] Level 1:colcon.colcon_core.environment:create_file_with_runtime_dependencies(/home/ubuntu/SSLRasp/install/message_info/share/colcon-core/packages/message_info)
[7.250s] Level 1:colcon.colcon_core.environment:create_environment_scripts_only(message_info)
[7.254s] Level 1:colcon.colcon_core.environment:checking '/home/ubuntu/SSLRasp/install/message_info' for CMake module files
[7.258s] Level 1:colcon.colcon_core.environment:checking '/home/ubuntu/SSLRasp/install/message_info' for CMake config files
[7.262s] Level 1:colcon.colcon_core.shell:create_environment_hook('message_info', 'cmake_prefix_path')
[7.265s] INFO:colcon.colcon_core.shell:Creating environment hook '/home/ubuntu/SSLRasp/install/message_info/share/message_info/hook/cmake_prefix_path.ps1'
[7.267s] INFO:colcon.colcon_core.shell:Creating environment descriptor '/home/ubuntu/SSLRasp/install/message_info/share/message_info/hook/cmake_prefix_path.dsv'
[7.269s] INFO:colcon.colcon_core.shell:Creating environment hook '/home/ubuntu/SSLRasp/install/message_info/share/message_info/hook/cmake_prefix_path.sh'
[7.271s] Level 1:colcon.colcon_core.environment:checking '/home/ubuntu/SSLRasp/install/message_info/lib'
[7.271s] Level 1:colcon.colcon_core.shell:create_environment_hook('message_info', 'ld_library_path_lib')
[7.274s] INFO:colcon.colcon_core.shell:Creating environment hook '/home/ubuntu/SSLRasp/install/message_info/share/message_info/hook/ld_library_path_lib.ps1'
[7.275s] INFO:colcon.colcon_core.shell:Creating environment descriptor '/home/ubuntu/SSLRasp/install/message_info/share/message_info/hook/ld_library_path_lib.dsv'
[7.276s] INFO:colcon.colcon_core.shell:Creating environment hook '/home/ubuntu/SSLRasp/install/message_info/share/message_info/hook/ld_library_path_lib.sh'
[7.278s] Level 1:colcon.colcon_core.environment:checking '/home/ubuntu/SSLRasp/install/message_info/bin'
[7.279s] Level 1:colcon.colcon_core.environment:checking '/home/ubuntu/SSLRasp/install/message_info/lib/pkgconfig/message_info.pc'
[7.279s] Level 1:colcon.colcon_core.environment:checking '/home/ubuntu/SSLRasp/install/message_info/lib/python3.8/site-packages'
[7.279s] Level 1:colcon.colcon_core.shell:create_environment_hook('message_info', 'pythonpath')
[7.281s] INFO:colcon.colcon_core.shell:Creating environment hook '/home/ubuntu/SSLRasp/install/message_info/share/message_info/hook/pythonpath.ps1'
[7.283s] INFO:colcon.colcon_core.shell:Creating environment descriptor '/home/ubuntu/SSLRasp/install/message_info/share/message_info/hook/pythonpath.dsv'
[7.284s] INFO:colcon.colcon_core.shell:Creating environment hook '/home/ubuntu/SSLRasp/install/message_info/share/message_info/hook/pythonpath.sh'
[7.288s] INFO:colcon.colcon_core.shell:Creating package script '/home/ubuntu/SSLRasp/install/message_info/share/message_info/package.ps1'
[7.291s] INFO:colcon.colcon_core.shell:Creating package descriptor '/home/ubuntu/SSLRasp/install/message_info/share/message_info/package.dsv'
[7.294s] INFO:colcon.colcon_core.shell:Creating package script '/home/ubuntu/SSLRasp/install/message_info/share/message_info/package.sh'
[7.296s] INFO:colcon.colcon_core.shell:Creating package script '/home/ubuntu/SSLRasp/install/message_info/share/message_info/package.bash'
[7.298s] INFO:colcon.colcon_core.shell:Creating package script '/home/ubuntu/SSLRasp/install/message_info/share/message_info/package.zsh'
[7.300s] Level 1:colcon.colcon_core.environment:create_file_with_runtime_dependencies(/home/ubuntu/SSLRasp/install/message_info/share/colcon-core/packages/message_info)
[7.301s] DEBUG:colcon.colcon_parallel_executor.executor.parallel:closing loop
[7.302s] DEBUG:colcon.colcon_parallel_executor.executor.parallel:loop closed
[7.302s] DEBUG:colcon.colcon_parallel_executor.executor.parallel:run_until_complete finished with '0'
[7.303s] DEBUG:colcon.colcon_core.event_reactor:joining thread
[7.327s] INFO:colcon.colcon_core.plugin_system:Skipping extension 'colcon_notification.desktop_notification.notify_send': Could not find 'notify-send'
[7.328s] INFO:colcon.colcon_core.plugin_system:Skipping extension 'colcon_notification.desktop_notification.terminal_notifier': Not used on non-Darwin systems
[7.328s] INFO:colcon.colcon_core.plugin_system:Skipping extension 'colcon_notification.desktop_notification.win32': Not used on non-Windows systems
[7.328s] INFO:colcon.colcon_notification.desktop_notification:Sending desktop notification using 'notify2'
[7.331s] DEBUG:colcon.colcon_notification.desktop_notification.notify2:Failed to initialize notify2: org.freedesktop.DBus.Error.ServiceUnknown: The name org.freedesktop.Notifications was not provided by any .service files
[7.331s] DEBUG:colcon.colcon_core.event_reactor:joined thread
[7.333s] INFO:colcon.colcon_core.shell:Creating prefix script '/home/ubuntu/SSLRasp/install/local_setup.ps1'
[7.337s] INFO:colcon.colcon_core.shell:Creating prefix util module '/home/ubuntu/SSLRasp/install/_local_setup_util_ps1.py'
[7.344s] INFO:colcon.colcon_core.shell:Creating prefix chain script '/home/ubuntu/SSLRasp/install/setup.ps1'
[7.355s] INFO:colcon.colcon_core.shell:Creating prefix script '/home/ubuntu/SSLRasp/install/local_setup.sh'
[7.357s] INFO:colcon.colcon_core.shell:Creating prefix util module '/home/ubuntu/SSLRasp/install/_local_setup_util_sh.py'
[7.359s] INFO:colcon.colcon_core.shell:Creating prefix chain script '/home/ubuntu/SSLRasp/install/setup.sh'
[7.368s] INFO:colcon.colcon_core.shell:Creating prefix script '/home/ubuntu/SSLRasp/install/local_setup.bash'
[7.370s] INFO:colcon.colcon_core.shell:Creating prefix chain script '/home/ubuntu/SSLRasp/install/setup.bash'
[7.379s] INFO:colcon.colcon_core.shell:Creating prefix script '/home/ubuntu/SSLRasp/install/local_setup.zsh'
[7.381s] INFO:colcon.colcon_core.shell:Creating prefix chain script '/home/ubuntu/SSLRasp/install/setup.zsh'
