[1.113s] Invoking command in '/home/ubuntu/SSLRasp/build/rasp': PYTHONPATH=/home/ubuntu/SSLRasp/install/rasp/lib/python3.8/site-packages:${PYTHONPATH} /usr/bin/python3 setup.py develop --prefix /home/ubuntu/SSLRasp/install/rasp --editable --build-directory /home/ubuntu/SSLRasp/build/rasp/build --no-deps
[2.132s] running develop
[2.822s] running egg_info
[2.823s] creating rasp.egg-info
[2.823s] writing rasp.egg-info/PKG-INFO
[2.824s] writing dependency_links to rasp.egg-info/dependency_links.txt
[2.826s] writing entry points to rasp.egg-info/entry_points.txt
[2.827s] writing requirements to rasp.egg-info/requires.txt
[2.828s] writing top-level names to rasp.egg-info/top_level.txt
[2.834s] writing manifest file 'rasp.egg-info/SOURCES.txt'
[2.967s] package init file 'python_programs/__init__.py' not found (or not a regular file)
[2.968s] reading manifest file 'rasp.egg-info/SOURCES.txt'
[2.971s] writing manifest file 'rasp.egg-info/SOURCES.txt'
[3.261s] running build_ext
[3.264s] Creating /home/ubuntu/SSLRasp/install/rasp/lib/python3.8/site-packages/site.py
[3.277s] Creating /home/ubuntu/SSLRasp/install/rasp/lib/python3.8/site-packages/rasp.egg-link (link to .)
[3.281s] Installing rasp script to /home/ubuntu/SSLRasp/install/rasp/lib/rasp
[3.282s] 
[3.283s] Installed /home/ubuntu/SSLRasp/build/rasp
[3.411s] Invoked command in '/home/ubuntu/SSLRasp/build/rasp' returned '0': PYTHONPATH=/home/ubuntu/SSLRasp/install/rasp/lib/python3.8/site-packages:${PYTHONPATH} /usr/bin/python3 setup.py develop --prefix /home/ubuntu/SSLRasp/install/rasp --editable --build-directory /home/ubuntu/SSLRasp/build/rasp/build --no-deps
