[0.047s] Invoking command in '/home/ubuntu/SSLRasp/build/main': CMAKE_PREFIX_PATH=/home/ubuntu/SSLRasp/install/message_info:/home/ubuntu/SSLRasp/install/main:/home/ubuntu/SSLRasp/install/real_sender:/opt/ros/foxy PYTHONPATH=/home/ubuntu/SSLRasp/install/message_info/lib/python3.8/site-packages:/home/ubuntu/SSLRasp/install/real_sender/lib/python3.8/site-packages:/opt/ros/foxy/lib/python3.8/site-packages /usr/bin/cmake --build /home/ubuntu/SSLRasp/build/main -- -j4 -l4
[0.340s] [100%] Built target main
[0.381s] Invoked command in '/home/ubuntu/SSLRasp/build/main' returned '0': CMAKE_PREFIX_PATH=/home/ubuntu/SSLRasp/install/message_info:/home/ubuntu/SSLRasp/install/main:/home/ubuntu/SSLRasp/install/real_sender:/opt/ros/foxy PYTHONPATH=/home/ubuntu/SSLRasp/install/message_info/lib/python3.8/site-packages:/home/ubuntu/SSLRasp/install/real_sender/lib/python3.8/site-packages:/opt/ros/foxy/lib/python3.8/site-packages /usr/bin/cmake --build /home/ubuntu/SSLRasp/build/main -- -j4 -l4
[0.510s] Invoking command in '/home/ubuntu/SSLRasp/build/main': CMAKE_PREFIX_PATH=/home/ubuntu/SSLRasp/install/message_info:/home/ubuntu/SSLRasp/install/main:/home/ubuntu/SSLRasp/install/real_sender:/opt/ros/foxy PYTHONPATH=/home/ubuntu/SSLRasp/install/message_info/lib/python3.8/site-packages:/home/ubuntu/SSLRasp/install/real_sender/lib/python3.8/site-packages:/opt/ros/foxy/lib/python3.8/site-packages /usr/bin/cmake --install /home/ubuntu/SSLRasp/build/main
[0.548s] -- Install configuration: ""
[0.550s] -- Up-to-date: /home/ubuntu/SSLRasp/install/main/lib/main/main
[0.551s] -- Up-to-date: /home/ubuntu/SSLRasp/install/main/share/ament_index/resource_index/package_run_dependencies/main
[0.552s] -- Up-to-date: /home/ubuntu/SSLRasp/install/main/share/ament_index/resource_index/parent_prefix_path/main
[0.552s] -- Up-to-date: /home/ubuntu/SSLRasp/install/main/share/main/environment/ament_prefix_path.sh
[0.553s] -- Up-to-date: /home/ubuntu/SSLRasp/install/main/share/main/environment/ament_prefix_path.dsv
[0.553s] -- Up-to-date: /home/ubuntu/SSLRasp/install/main/share/main/environment/path.sh
[0.553s] -- Up-to-date: /home/ubuntu/SSLRasp/install/main/share/main/environment/path.dsv
[0.554s] -- Up-to-date: /home/ubuntu/SSLRasp/install/main/share/main/local_setup.bash
[0.554s] -- Up-to-date: /home/ubuntu/SSLRasp/install/main/share/main/local_setup.sh
[0.555s] -- Up-to-date: /home/ubuntu/SSLRasp/install/main/share/main/local_setup.zsh
[0.555s] -- Up-to-date: /home/ubuntu/SSLRasp/install/main/share/main/local_setup.dsv
[0.555s] -- Installing: /home/ubuntu/SSLRasp/install/main/share/main/package.dsv
[0.556s] -- Up-to-date: /home/ubuntu/SSLRasp/install/main/share/ament_index/resource_index/packages/main
[0.556s] -- Up-to-date: /home/ubuntu/SSLRasp/install/main/share/main/cmake/mainConfig.cmake
[0.557s] -- Up-to-date: /home/ubuntu/SSLRasp/install/main/share/main/cmake/mainConfig-version.cmake
[0.557s] -- Up-to-date: /home/ubuntu/SSLRasp/install/main/share/main/package.xml
[0.567s] Invoked command in '/home/ubuntu/SSLRasp/build/main' returned '0': CMAKE_PREFIX_PATH=/home/ubuntu/SSLRasp/install/message_info:/home/ubuntu/SSLRasp/install/main:/home/ubuntu/SSLRasp/install/real_sender:/opt/ros/foxy PYTHONPATH=/home/ubuntu/SSLRasp/install/message_info/lib/python3.8/site-packages:/home/ubuntu/SSLRasp/install/real_sender/lib/python3.8/site-packages:/opt/ros/foxy/lib/python3.8/site-packages /usr/bin/cmake --install /home/ubuntu/SSLRasp/build/main
