[1.079s] Invoking command in '/home/ubuntu/SSLRasp/src/rasp': PYTHONPATH=/home/ubuntu/SSLRasp/install/rasp/lib/python3.8/site-packages:${PYTHONPATH} /usr/bin/python3 setup.py egg_info --egg-base ../../build/rasp build --build-base /home/ubuntu/SSLRasp/build/rasp/build install --prefix /home/ubuntu/SSLRasp/install/rasp --record /home/ubuntu/SSLRasp/build/rasp/install.log --single-version-externally-managed
[2.004s] running egg_info
[2.006s] creating ../../build/rasp/rasp.egg-info
[2.007s] writing ../../build/rasp/rasp.egg-info/PKG-INFO
[2.008s] writing dependency_links to ../../build/rasp/rasp.egg-info/dependency_links.txt
[2.009s] writing entry points to ../../build/rasp/rasp.egg-info/entry_points.txt
[2.010s] writing requirements to ../../build/rasp/rasp.egg-info/requires.txt
[2.010s] writing top-level names to ../../build/rasp/rasp.egg-info/top_level.txt
[2.021s] writing manifest file '../../build/rasp/rasp.egg-info/SOURCES.txt'
[2.163s] reading manifest file '../../build/rasp/rasp.egg-info/SOURCES.txt'
[2.167s] writing manifest file '../../build/rasp/rasp.egg-info/SOURCES.txt'
[2.167s] running build
[2.168s] running build_py
[2.168s] creating /home/ubuntu/SSLRasp/build/rasp/build
[2.169s] creating /home/ubuntu/SSLRasp/build/rasp/build/lib
[2.170s] creating /home/ubuntu/SSLRasp/build/rasp/build/lib/python_programs
[2.170s] copying python_programs/__init__.py -> /home/ubuntu/SSLRasp/build/rasp/build/lib/python_programs
[2.171s] copying python_programs/main.py -> /home/ubuntu/SSLRasp/build/rasp/build/lib/python_programs
[2.171s] running install
[2.173s] running install_lib
[2.177s] creating /home/ubuntu/SSLRasp/install/rasp/lib/python3.8/site-packages/python_programs
[2.178s] copying /home/ubuntu/SSLRasp/build/rasp/build/lib/python_programs/__init__.py -> /home/ubuntu/SSLRasp/install/rasp/lib/python3.8/site-packages/python_programs
[2.178s] copying /home/ubuntu/SSLRasp/build/rasp/build/lib/python_programs/main.py -> /home/ubuntu/SSLRasp/install/rasp/lib/python3.8/site-packages/python_programs
[2.180s] byte-compiling /home/ubuntu/SSLRasp/install/rasp/lib/python3.8/site-packages/python_programs/__init__.py to __init__.cpython-38.pyc
[2.185s] byte-compiling /home/ubuntu/SSLRasp/install/rasp/lib/python3.8/site-packages/python_programs/main.py to main.cpython-38.pyc
[2.189s] running install_egg_info
[2.196s] Copying ../../build/rasp/rasp.egg-info to /home/ubuntu/SSLRasp/install/rasp/lib/python3.8/site-packages/rasp-0.0.0-py3.8.egg-info
[2.203s] running install_scripts
[2.283s] Installing rasp script to /home/ubuntu/SSLRasp/install/rasp/lib/rasp
[2.284s] writing list of installed files to '/home/ubuntu/SSLRasp/build/rasp/install.log'
[2.387s] Invoked command in '/home/ubuntu/SSLRasp/src/rasp' returned '0': PYTHONPATH=/home/ubuntu/SSLRasp/install/rasp/lib/python3.8/site-packages:${PYTHONPATH} /usr/bin/python3 setup.py egg_info --egg-base ../../build/rasp build --build-base /home/ubuntu/SSLRasp/build/rasp/build install --prefix /home/ubuntu/SSLRasp/install/rasp --record /home/ubuntu/SSLRasp/build/rasp/install.log --single-version-externally-managed
