[1.217s] Invoking command in '/home/ubuntu/SSLRasp/src/rasp': PYTHONPATH=/home/ubuntu/SSLRasp/install/rasp/lib/python3.8/site-packages:${PYTHONPATH} /usr/bin/python3 setup.py egg_info --egg-base ../../build/rasp build --build-base /home/ubuntu/SSLRasp/build/rasp/build install --prefix /home/ubuntu/SSLRasp/install/rasp --record /home/ubuntu/SSLRasp/build/rasp/install.log --single-version-externally-managed
[2.229s] running egg_info
[2.231s] writing ../../build/rasp/rasp.egg-info/PKG-INFO
[2.232s] writing dependency_links to ../../build/rasp/rasp.egg-info/dependency_links.txt
[2.234s] writing entry points to ../../build/rasp/rasp.egg-info/entry_points.txt
[2.234s] writing requirements to ../../build/rasp/rasp.egg-info/requires.txt
[2.235s] writing top-level names to ../../build/rasp/rasp.egg-info/top_level.txt
[2.381s] reading manifest file '../../build/rasp/rasp.egg-info/SOURCES.txt'
[2.385s] writing manifest file '../../build/rasp/rasp.egg-info/SOURCES.txt'
[2.385s] running build
[2.386s] running build_py
[2.387s] copying python_programs/main.py -> /home/ubuntu/SSLRasp/build/rasp/build/lib/python_programs
[2.388s] running install
[2.390s] running install_lib
[2.395s] copying /home/ubuntu/SSLRasp/build/rasp/build/lib/python_programs/main.py -> /home/ubuntu/SSLRasp/install/rasp/lib/python3.8/site-packages/python_programs
[2.398s] byte-compiling /home/ubuntu/SSLRasp/install/rasp/lib/python3.8/site-packages/python_programs/main.py to main.cpython-38.pyc
[2.405s] running install_egg_info
[2.411s] removing '/home/ubuntu/SSLRasp/install/rasp/lib/python3.8/site-packages/rasp-0.0.0-py3.8.egg-info' (and everything under it)
[2.413s] Copying ../../build/rasp/rasp.egg-info to /home/ubuntu/SSLRasp/install/rasp/lib/python3.8/site-packages/rasp-0.0.0-py3.8.egg-info
[2.418s] running install_scripts
[2.491s] Installing rasp script to /home/ubuntu/SSLRasp/install/rasp/lib/rasp
[2.492s] writing list of installed files to '/home/ubuntu/SSLRasp/build/rasp/install.log'
[2.596s] Invoked command in '/home/ubuntu/SSLRasp/src/rasp' returned '0': PYTHONPATH=/home/ubuntu/SSLRasp/install/rasp/lib/python3.8/site-packages:${PYTHONPATH} /usr/bin/python3 setup.py egg_info --egg-base ../../build/rasp build --build-base /home/ubuntu/SSLRasp/build/rasp/build install --prefix /home/ubuntu/SSLRasp/install/rasp --record /home/ubuntu/SSLRasp/build/rasp/install.log --single-version-externally-managed
