[1.245s] Invoking command in '/home/ubuntu/SSLRasp/src/rasp': PYTHONPATH=/home/ubuntu/SSLRasp/install/rasp/lib/python3.8/site-packages:${PYTHONPATH} /usr/bin/python3 setup.py egg_info --egg-base ../../build/rasp build --build-base /home/ubuntu/SSLRasp/build/rasp/build install --prefix /home/ubuntu/SSLRasp/install/rasp --record /home/ubuntu/SSLRasp/build/rasp/install.log --single-version-externally-managed
[2.258s] running egg_info
[2.260s] writing ../../build/rasp/rasp.egg-info/PKG-INFO
[2.261s] writing dependency_links to ../../build/rasp/rasp.egg-info/dependency_links.txt
[2.262s] writing entry points to ../../build/rasp/rasp.egg-info/entry_points.txt
[2.263s] writing requirements to ../../build/rasp/rasp.egg-info/requires.txt
[2.263s] writing top-level names to ../../build/rasp/rasp.egg-info/top_level.txt
[2.409s] reading manifest file '../../build/rasp/rasp.egg-info/SOURCES.txt'
[2.413s] writing manifest file '../../build/rasp/rasp.egg-info/SOURCES.txt'
[2.414s] running build
[2.414s] running build_py
[2.415s] running install
[2.418s] running install_lib
[2.424s] running install_egg_info
[2.431s] removing '/home/ubuntu/SSLRasp/install/rasp/lib/python3.8/site-packages/rasp-0.0.0-py3.8.egg-info' (and everything under it)
[2.433s] Copying ../../build/rasp/rasp.egg-info to /home/ubuntu/SSLRasp/install/rasp/lib/python3.8/site-packages/rasp-0.0.0-py3.8.egg-info
[2.438s] running install_scripts
[2.510s] Installing rasp script to /home/ubuntu/SSLRasp/install/rasp/lib/rasp
[2.511s] writing list of installed files to '/home/ubuntu/SSLRasp/build/rasp/install.log'
[2.614s] Invoked command in '/home/ubuntu/SSLRasp/src/rasp' returned '0': PYTHONPATH=/home/ubuntu/SSLRasp/install/rasp/lib/python3.8/site-packages:${PYTHONPATH} /usr/bin/python3 setup.py egg_info --egg-base ../../build/rasp build --build-base /home/ubuntu/SSLRasp/build/rasp/build install --prefix /home/ubuntu/SSLRasp/install/rasp --record /home/ubuntu/SSLRasp/build/rasp/install.log --single-version-externally-managed
