[1.126s] Invoking command in '/home/ubuntu/SSLRasp/src/rasp': PYTHONPATH=/home/ubuntu/SSLRasp/install/rasp/lib/python3.8/site-packages:${PYTHONPATH} /usr/bin/python3 setup.py egg_info --egg-base ../../build/rasp build --build-base /home/ubuntu/SSLRasp/build/rasp/build install --prefix /home/ubuntu/SSLRasp/install/rasp --record /home/ubuntu/SSLRasp/build/rasp/install.log --single-version-externally-managed
[2.124s] running egg_info
[2.127s] creating ../../build/rasp/rasp.egg-info
[2.127s] writing ../../build/rasp/rasp.egg-info/PKG-INFO
[2.130s] writing dependency_links to ../../build/rasp/rasp.egg-info/dependency_links.txt
[2.131s] writing entry points to ../../build/rasp/rasp.egg-info/entry_points.txt
[2.131s] writing requirements to ../../build/rasp/rasp.egg-info/requires.txt
[2.132s] writing top-level names to ../../build/rasp/rasp.egg-info/top_level.txt
[2.144s] writing manifest file '../../build/rasp/rasp.egg-info/SOURCES.txt'
[2.284s] reading manifest file '../../build/rasp/rasp.egg-info/SOURCES.txt'
[2.287s] writing manifest file '../../build/rasp/rasp.egg-info/SOURCES.txt'
[2.288s] running build
[2.289s] running build_py
[2.290s] creating /home/ubuntu/SSLRasp/build/rasp/build
[2.290s] creating /home/ubuntu/SSLRasp/build/rasp/build/lib
[2.291s] creating /home/ubuntu/SSLRasp/build/rasp/build/lib/python_programs
[2.291s] copying python_programs/__init__.py -> /home/ubuntu/SSLRasp/build/rasp/build/lib/python_programs
[2.291s] copying python_programs/main.py -> /home/ubuntu/SSLRasp/build/rasp/build/lib/python_programs
[2.292s] running install
[2.294s] running install_lib
[2.299s] creating /home/ubuntu/SSLRasp/install/rasp/lib/python3.8/site-packages/python_programs
[2.300s] copying /home/ubuntu/SSLRasp/build/rasp/build/lib/python_programs/__init__.py -> /home/ubuntu/SSLRasp/install/rasp/lib/python3.8/site-packages/python_programs
[2.300s] copying /home/ubuntu/SSLRasp/build/rasp/build/lib/python_programs/main.py -> /home/ubuntu/SSLRasp/install/rasp/lib/python3.8/site-packages/python_programs
[2.302s] byte-compiling /home/ubuntu/SSLRasp/install/rasp/lib/python3.8/site-packages/python_programs/__init__.py to __init__.cpython-38.pyc
[2.307s] byte-compiling /home/ubuntu/SSLRasp/install/rasp/lib/python3.8/site-packages/python_programs/main.py to main.cpython-38.pyc
[2.311s] running install_egg_info
[2.318s] Copying ../../build/rasp/rasp.egg-info to /home/ubuntu/SSLRasp/install/rasp/lib/python3.8/site-packages/rasp-0.0.0-py3.8.egg-info
[2.326s] running install_scripts
[2.403s] Installing rasp script to /home/ubuntu/SSLRasp/install/rasp/lib/rasp
[2.405s] writing list of installed files to '/home/ubuntu/SSLRasp/build/rasp/install.log'
[2.517s] Invoked command in '/home/ubuntu/SSLRasp/src/rasp' returned '0': PYTHONPATH=/home/ubuntu/SSLRasp/install/rasp/lib/python3.8/site-packages:${PYTHONPATH} /usr/bin/python3 setup.py egg_info --egg-base ../../build/rasp build --build-base /home/ubuntu/SSLRasp/build/rasp/build install --prefix /home/ubuntu/SSLRasp/install/rasp --record /home/ubuntu/SSLRasp/build/rasp/install.log --single-version-externally-managed
