[0.087s] Invoking command in '/home/ubuntu/SSLRasp/build/message_info': CMAKE_PREFIX_PATH=${CMAKE_PREFIX_PATH}:/home/ubuntu/SSLRasp/install/rasp:/opt/ros/foxy /usr/bin/cmake --build /home/ubuntu/SSLRasp/build/message_info -- -j4 -l4
[0.374s] [  0%] Built target message_info__cpp
[0.418s] [ 12%] Built target message_info__rosidl_generator_c
[0.569s] [ 24%] Built target message_info__rosidl_typesupport_introspection_cpp
[0.600s] [ 36%] Built target message_info__rosidl_typesupport_cpp
[0.612s] [ 48%] Built target message_info__rosidl_typesupport_fastrtps_cpp
[0.644s] [ 60%] Built target message_info__rosidl_typesupport_introspection_c
[0.734s] [ 72%] Built target message_info__rosidl_typesupport_c
[1.051s] [ 84%] Built target message_info__rosidl_typesupport_fastrtps_c
[1.157s] [ 84%] Built target message_info
[1.269s] [ 85%] Built target message_info__py
[1.460s] [ 96%] Built target message_info__python
[1.626s] [ 99%] Built target message_info__rosidl_typesupport_c__pyext
[1.627s] [ 99%] Built target message_info__rosidl_typesupport_introspection_c__pyext
[1.634s] [100%] Built target message_info__rosidl_typesupport_fastrtps_c__pyext
[1.684s] Invoked command in '/home/ubuntu/SSLRasp/build/message_info' returned '0': CMAKE_PREFIX_PATH=${CMAKE_PREFIX_PATH}:/home/ubuntu/SSLRasp/install/rasp:/opt/ros/foxy /usr/bin/cmake --build /home/ubuntu/SSLRasp/build/message_info -- -j4 -l4
[3.557s] Invoking command in '/home/ubuntu/SSLRasp/build/message_info': CMAKE_PREFIX_PATH=${CMAKE_PREFIX_PATH}:/home/ubuntu/SSLRasp/install/rasp:/opt/ros/foxy /usr/bin/cmake --install /home/ubuntu/SSLRasp/build/message_info
[3.593s] -- Install configuration: ""
[3.595s] -- Execute custom install script
[3.597s] -- Up-to-date symlink: /home/ubuntu/SSLRasp/install/message_info/share/ament_index/resource_index/rosidl_interfaces/message_info
[3.606s] -- Up-to-date symlink: /home/ubuntu/SSLRasp/install/message_info/include/message_info/msg/attacker.h
[3.607s] -- Up-to-date symlink: /home/ubuntu/SSLRasp/install/message_info/include/message_info/msg/ball_info.h
[3.608s] -- Up-to-date symlink: /home/ubuntu/SSLRasp/install/message_info/include/message_info/msg/detail/attacker__functions.h
[3.610s] -- Up-to-date symlink: /home/ubuntu/SSLRasp/install/message_info/include/message_info/msg/detail/attacker__struct.h
[3.611s] -- Up-to-date symlink: /home/ubuntu/SSLRasp/install/message_info/include/message_info/msg/detail/attacker__type_support.h
[3.612s] -- Up-to-date symlink: /home/ubuntu/SSLRasp/install/message_info/include/message_info/msg/detail/ball_info__functions.h
[3.613s] -- Up-to-date symlink: /home/ubuntu/SSLRasp/install/message_info/include/message_info/msg/detail/ball_info__struct.h
[3.614s] -- Up-to-date symlink: /home/ubuntu/SSLRasp/install/message_info/include/message_info/msg/detail/ball_info__type_support.h
[3.615s] -- Up-to-date symlink: /home/ubuntu/SSLRasp/install/message_info/include/message_info/msg/detail/detection_ball__functions.h
[3.616s] -- Up-to-date symlink: /home/ubuntu/SSLRasp/install/message_info/include/message_info/msg/detail/detection_ball__struct.h
[3.617s] -- Up-to-date symlink: /home/ubuntu/SSLRasp/install/message_info/include/message_info/msg/detail/detection_ball__type_support.h
[3.619s] -- Up-to-date symlink: /home/ubuntu/SSLRasp/install/message_info/include/message_info/msg/detail/detection_frame__functions.h
[3.620s] -- Up-to-date symlink: /home/ubuntu/SSLRasp/install/message_info/include/message_info/msg/detail/detection_frame__struct.h
[3.621s] -- Up-to-date symlink: /home/ubuntu/SSLRasp/install/message_info/include/message_info/msg/detail/detection_frame__type_support.h
[3.622s] -- Up-to-date symlink: /home/ubuntu/SSLRasp/install/message_info/include/message_info/msg/detail/detection_robot__functions.h
[3.623s] -- Up-to-date symlink: /home/ubuntu/SSLRasp/install/message_info/include/message_info/msg/detail/detection_robot__struct.h
[3.624s] -- Up-to-date symlink: /home/ubuntu/SSLRasp/install/message_info/include/message_info/msg/detail/detection_robot__type_support.h
[3.625s] -- Up-to-date symlink: /home/ubuntu/SSLRasp/install/message_info/include/message_info/msg/detail/field_circular_arc__functions.h
[3.626s] -- Up-to-date symlink: /home/ubuntu/SSLRasp/install/message_info/include/message_info/msg/detail/field_circular_arc__struct.h
[3.627s] -- Up-to-date symlink: /home/ubuntu/SSLRasp/install/message_info/include/message_info/msg/detail/field_circular_arc__type_support.h
[3.629s] -- Up-to-date symlink: /home/ubuntu/SSLRasp/install/message_info/include/message_info/msg/detail/field_line_segment__functions.h
[3.630s] -- Up-to-date symlink: /home/ubuntu/SSLRasp/install/message_info/include/message_info/msg/detail/field_line_segment__struct.h
[3.631s] -- Up-to-date symlink: /home/ubuntu/SSLRasp/install/message_info/include/message_info/msg/detail/field_line_segment__type_support.h
[3.632s] -- Up-to-date symlink: /home/ubuntu/SSLRasp/install/message_info/include/message_info/msg/detail/goal_info__functions.h
[3.633s] -- Up-to-date symlink: /home/ubuntu/SSLRasp/install/message_info/include/message_info/msg/detail/goal_info__struct.h
[3.634s] -- Up-to-date symlink: /home/ubuntu/SSLRasp/install/message_info/include/message_info/msg/detail/goal_info__type_support.h
[3.635s] -- Up-to-date symlink: /home/ubuntu/SSLRasp/install/message_info/include/message_info/msg/detail/goalie__functions.h
[3.636s] -- Up-to-date symlink: /home/ubuntu/SSLRasp/install/message_info/include/message_info/msg/detail/goalie__struct.h
[3.638s] -- Up-to-date symlink: /home/ubuntu/SSLRasp/install/message_info/include/message_info/msg/detail/goalie__type_support.h
[3.639s] -- Up-to-date symlink: /home/ubuntu/SSLRasp/install/message_info/include/message_info/msg/detail/info__functions.h
[3.640s] -- Up-to-date symlink: /home/ubuntu/SSLRasp/install/message_info/include/message_info/msg/detail/info__struct.h
[3.641s] -- Up-to-date symlink: /home/ubuntu/SSLRasp/install/message_info/include/message_info/msg/detail/info__type_support.h
[3.642s] -- Up-to-date symlink: /home/ubuntu/SSLRasp/install/message_info/include/message_info/msg/detail/referee__functions.h
[3.643s] -- Up-to-date symlink: /home/ubuntu/SSLRasp/install/message_info/include/message_info/msg/detail/referee__struct.h
[3.644s] -- Up-to-date symlink: /home/ubuntu/SSLRasp/install/message_info/include/message_info/msg/detail/referee__type_support.h
[3.645s] -- Up-to-date symlink: /home/ubuntu/SSLRasp/install/message_info/include/message_info/msg/detail/referee_game_event__functions.h
[3.646s] -- Up-to-date symlink: /home/ubuntu/SSLRasp/install/message_info/include/message_info/msg/detail/referee_game_event__struct.h
[3.648s] -- Up-to-date symlink: /home/ubuntu/SSLRasp/install/message_info/include/message_info/msg/detail/referee_game_event__type_support.h
[3.649s] -- Up-to-date symlink: /home/ubuntu/SSLRasp/install/message_info/include/message_info/msg/detail/referee_team_info__functions.h
[3.650s] -- Up-to-date symlink: /home/ubuntu/SSLRasp/install/message_info/include/message_info/msg/detail/referee_team_info__struct.h
[3.651s] -- Up-to-date symlink: /home/ubuntu/SSLRasp/install/message_info/include/message_info/msg/detail/referee_team_info__type_support.h
[3.652s] -- Up-to-date symlink: /home/ubuntu/SSLRasp/install/message_info/include/message_info/msg/detail/robot_command__functions.h
[3.653s] -- Up-to-date symlink: /home/ubuntu/SSLRasp/install/message_info/include/message_info/msg/detail/robot_command__struct.h
[3.654s] -- Up-to-date symlink: /home/ubuntu/SSLRasp/install/message_info/include/message_info/msg/detail/robot_command__type_support.h
[3.655s] -- Up-to-date symlink: /home/ubuntu/SSLRasp/install/message_info/include/message_info/msg/detail/robot_commands__functions.h
[3.657s] -- Up-to-date symlink: /home/ubuntu/SSLRasp/install/message_info/include/message_info/msg/detail/robot_commands__struct.h
[3.658s] -- Up-to-date symlink: /home/ubuntu/SSLRasp/install/message_info/include/message_info/msg/detail/robot_commands__type_support.h
[3.659s] -- Up-to-date symlink: /home/ubuntu/SSLRasp/install/message_info/include/message_info/msg/detail/role__functions.h
[3.660s] -- Up-to-date symlink: /home/ubuntu/SSLRasp/install/message_info/include/message_info/msg/detail/role__struct.h
[3.661s] -- Up-to-date symlink: /home/ubuntu/SSLRasp/install/message_info/include/message_info/msg/detail/role__type_support.h
[3.662s] -- Up-to-date symlink: /home/ubuntu/SSLRasp/install/message_info/include/message_info/msg/detail/test__functions.h
[3.663s] -- Up-to-date symlink: /home/ubuntu/SSLRasp/install/message_info/include/message_info/msg/detail/test__struct.h
[3.664s] -- Up-to-date symlink: /home/ubuntu/SSLRasp/install/message_info/include/message_info/msg/detail/test__type_support.h
[3.665s] -- Up-to-date symlink: /home/ubuntu/SSLRasp/install/message_info/include/message_info/msg/detail/vision_detections__functions.h
[3.667s] -- Up-to-date symlink: /home/ubuntu/SSLRasp/install/message_info/include/message_info/msg/detail/vision_detections__struct.h
[3.668s] -- Up-to-date symlink: /home/ubuntu/SSLRasp/install/message_info/include/message_info/msg/detail/vision_detections__type_support.h
[3.669s] -- Up-to-date symlink: /home/ubuntu/SSLRasp/install/message_info/include/message_info/msg/detail/vision_geometry__functions.h
[3.670s] -- Up-to-date symlink: /home/ubuntu/SSLRasp/install/message_info/include/message_info/msg/detail/vision_geometry__struct.h
[3.671s] -- Up-to-date symlink: /home/ubuntu/SSLRasp/install/message_info/include/message_info/msg/detail/vision_geometry__type_support.h
[3.672s] -- Up-to-date symlink: /home/ubuntu/SSLRasp/install/message_info/include/message_info/msg/detection_ball.h
[3.673s] -- Up-to-date symlink: /home/ubuntu/SSLRasp/install/message_info/include/message_info/msg/detection_frame.h
[3.674s] -- Up-to-date symlink: /home/ubuntu/SSLRasp/install/message_info/include/message_info/msg/detection_robot.h
[3.675s] -- Up-to-date symlink: /home/ubuntu/SSLRasp/install/message_info/include/message_info/msg/field_circular_arc.h
[3.676s] -- Up-to-date symlink: /home/ubuntu/SSLRasp/install/message_info/include/message_info/msg/field_line_segment.h
[3.677s] -- Up-to-date symlink: /home/ubuntu/SSLRasp/install/message_info/include/message_info/msg/goal_info.h
[3.678s] -- Up-to-date symlink: /home/ubuntu/SSLRasp/install/message_info/include/message_info/msg/goalie.h
[3.679s] -- Up-to-date symlink: /home/ubuntu/SSLRasp/install/message_info/include/message_info/msg/info.h
[3.681s] -- Up-to-date symlink: /home/ubuntu/SSLRasp/install/message_info/include/message_info/msg/referee.h
[3.682s] -- Up-to-date symlink: /home/ubuntu/SSLRasp/install/message_info/include/message_info/msg/referee_game_event.h
[3.683s] -- Up-to-date symlink: /home/ubuntu/SSLRasp/install/message_info/include/message_info/msg/referee_team_info.h
[3.684s] -- Up-to-date symlink: /home/ubuntu/SSLRasp/install/message_info/include/message_info/msg/robot_command.h
[3.685s] -- Up-to-date symlink: /home/ubuntu/SSLRasp/install/message_info/include/message_info/msg/robot_commands.h
[3.686s] -- Up-to-date symlink: /home/ubuntu/SSLRasp/install/message_info/include/message_info/msg/role.h
[3.687s] -- Up-to-date symlink: /home/ubuntu/SSLRasp/install/message_info/include/message_info/msg/rosidl_generator_c__visibility_control.h
[3.688s] -- Up-to-date symlink: /home/ubuntu/SSLRasp/install/message_info/include/message_info/msg/test.h
[3.689s] -- Up-to-date symlink: /home/ubuntu/SSLRasp/install/message_info/include/message_info/msg/vision_detections.h
[3.690s] -- Up-to-date symlink: /home/ubuntu/SSLRasp/install/message_info/include/message_info/msg/vision_geometry.h
[3.691s] -- Up-to-date symlink: /home/ubuntu/SSLRasp/install/message_info/share/message_info/environment/library_path.sh
[3.693s] -- Up-to-date symlink: /home/ubuntu/SSLRasp/install/message_info/share/message_info/environment/library_path.dsv
[3.702s] -- Up-to-date symlink: /home/ubuntu/SSLRasp/install/message_info/include/message_info/msg/detail/attacker__rosidl_typesupport_fastrtps_c.h
[3.703s] -- Up-to-date symlink: /home/ubuntu/SSLRasp/install/message_info/include/message_info/msg/detail/ball_info__rosidl_typesupport_fastrtps_c.h
[3.704s] -- Up-to-date symlink: /home/ubuntu/SSLRasp/install/message_info/include/message_info/msg/detail/detection_ball__rosidl_typesupport_fastrtps_c.h
[3.706s] -- Up-to-date symlink: /home/ubuntu/SSLRasp/install/message_info/include/message_info/msg/detail/detection_frame__rosidl_typesupport_fastrtps_c.h
[3.707s] -- Up-to-date symlink: /home/ubuntu/SSLRasp/install/message_info/include/message_info/msg/detail/detection_robot__rosidl_typesupport_fastrtps_c.h
[3.708s] -- Up-to-date symlink: /home/ubuntu/SSLRasp/install/message_info/include/message_info/msg/detail/field_circular_arc__rosidl_typesupport_fastrtps_c.h
[3.709s] -- Up-to-date symlink: /home/ubuntu/SSLRasp/install/message_info/include/message_info/msg/detail/field_line_segment__rosidl_typesupport_fastrtps_c.h
[3.710s] -- Up-to-date symlink: /home/ubuntu/SSLRasp/install/message_info/include/message_info/msg/detail/goal_info__rosidl_typesupport_fastrtps_c.h
[3.711s] -- Up-to-date symlink: /home/ubuntu/SSLRasp/install/message_info/include/message_info/msg/detail/goalie__rosidl_typesupport_fastrtps_c.h
[3.713s] -- Up-to-date symlink: /home/ubuntu/SSLRasp/install/message_info/include/message_info/msg/detail/info__rosidl_typesupport_fastrtps_c.h
[3.714s] -- Up-to-date symlink: /home/ubuntu/SSLRasp/install/message_info/include/message_info/msg/detail/referee__rosidl_typesupport_fastrtps_c.h
[3.715s] -- Up-to-date symlink: /home/ubuntu/SSLRasp/install/message_info/include/message_info/msg/detail/referee_game_event__rosidl_typesupport_fastrtps_c.h
[3.716s] -- Up-to-date symlink: /home/ubuntu/SSLRasp/install/message_info/include/message_info/msg/detail/referee_team_info__rosidl_typesupport_fastrtps_c.h
[3.717s] -- Up-to-date symlink: /home/ubuntu/SSLRasp/install/message_info/include/message_info/msg/detail/robot_command__rosidl_typesupport_fastrtps_c.h
[3.718s] -- Up-to-date symlink: /home/ubuntu/SSLRasp/install/message_info/include/message_info/msg/detail/robot_commands__rosidl_typesupport_fastrtps_c.h
[3.720s] -- Up-to-date symlink: /home/ubuntu/SSLRasp/install/message_info/include/message_info/msg/detail/role__rosidl_typesupport_fastrtps_c.h
[3.721s] -- Up-to-date symlink: /home/ubuntu/SSLRasp/install/message_info/include/message_info/msg/detail/test__rosidl_typesupport_fastrtps_c.h
[3.722s] -- Up-to-date symlink: /home/ubuntu/SSLRasp/install/message_info/include/message_info/msg/detail/vision_detections__rosidl_typesupport_fastrtps_c.h
[3.723s] -- Up-to-date symlink: /home/ubuntu/SSLRasp/install/message_info/include/message_info/msg/detail/vision_geometry__rosidl_typesupport_fastrtps_c.h
[3.724s] -- Up-to-date symlink: /home/ubuntu/SSLRasp/install/message_info/include/message_info/msg/rosidl_typesupport_fastrtps_c__visibility_control.h
[3.726s] -- Up-to-date symlink: /home/ubuntu/SSLRasp/install/message_info/lib/libmessage_info__rosidl_typesupport_fastrtps_c.so
[3.736s] -- Up-to-date symlink: /home/ubuntu/SSLRasp/install/message_info/include/message_info/msg/detail/attacker__rosidl_typesupport_fastrtps_cpp.hpp
[3.737s] -- Up-to-date symlink: /home/ubuntu/SSLRasp/install/message_info/include/message_info/msg/detail/ball_info__rosidl_typesupport_fastrtps_cpp.hpp
[3.738s] -- Up-to-date symlink: /home/ubuntu/SSLRasp/install/message_info/include/message_info/msg/detail/detection_ball__rosidl_typesupport_fastrtps_cpp.hpp
[3.739s] -- Up-to-date symlink: /home/ubuntu/SSLRasp/install/message_info/include/message_info/msg/detail/detection_frame__rosidl_typesupport_fastrtps_cpp.hpp
[3.741s] -- Up-to-date symlink: /home/ubuntu/SSLRasp/install/message_info/include/message_info/msg/detail/detection_robot__rosidl_typesupport_fastrtps_cpp.hpp
[3.742s] -- Up-to-date symlink: /home/ubuntu/SSLRasp/install/message_info/include/message_info/msg/detail/field_circular_arc__rosidl_typesupport_fastrtps_cpp.hpp
[3.743s] -- Up-to-date symlink: /home/ubuntu/SSLRasp/install/message_info/include/message_info/msg/detail/field_line_segment__rosidl_typesupport_fastrtps_cpp.hpp
[3.744s] -- Up-to-date symlink: /home/ubuntu/SSLRasp/install/message_info/include/message_info/msg/detail/goal_info__rosidl_typesupport_fastrtps_cpp.hpp
[3.745s] -- Up-to-date symlink: /home/ubuntu/SSLRasp/install/message_info/include/message_info/msg/detail/goalie__rosidl_typesupport_fastrtps_cpp.hpp
[3.746s] -- Up-to-date symlink: /home/ubuntu/SSLRasp/install/message_info/include/message_info/msg/detail/info__rosidl_typesupport_fastrtps_cpp.hpp
[3.747s] -- Up-to-date symlink: /home/ubuntu/SSLRasp/install/message_info/include/message_info/msg/detail/referee__rosidl_typesupport_fastrtps_cpp.hpp
[3.749s] -- Up-to-date symlink: /home/ubuntu/SSLRasp/install/message_info/include/message_info/msg/detail/referee_game_event__rosidl_typesupport_fastrtps_cpp.hpp
[3.750s] -- Up-to-date symlink: /home/ubuntu/SSLRasp/install/message_info/include/message_info/msg/detail/referee_team_info__rosidl_typesupport_fastrtps_cpp.hpp
[3.751s] -- Up-to-date symlink: /home/ubuntu/SSLRasp/install/message_info/include/message_info/msg/detail/robot_command__rosidl_typesupport_fastrtps_cpp.hpp
[3.752s] -- Up-to-date symlink: /home/ubuntu/SSLRasp/install/message_info/include/message_info/msg/detail/robot_commands__rosidl_typesupport_fastrtps_cpp.hpp
[3.753s] -- Up-to-date symlink: /home/ubuntu/SSLRasp/install/message_info/include/message_info/msg/detail/role__rosidl_typesupport_fastrtps_cpp.hpp
[3.754s] -- Up-to-date symlink: /home/ubuntu/SSLRasp/install/message_info/include/message_info/msg/detail/test__rosidl_typesupport_fastrtps_cpp.hpp
[3.756s] -- Up-to-date symlink: /home/ubuntu/SSLRasp/install/message_info/include/message_info/msg/detail/vision_detections__rosidl_typesupport_fastrtps_cpp.hpp
[3.757s] -- Up-to-date symlink: /home/ubuntu/SSLRasp/install/message_info/include/message_info/msg/detail/vision_geometry__rosidl_typesupport_fastrtps_cpp.hpp
[3.758s] -- Up-to-date symlink: /home/ubuntu/SSLRasp/install/message_info/include/message_info/msg/rosidl_typesupport_fastrtps_cpp__visibility_control.h
[3.760s] -- Up-to-date symlink: /home/ubuntu/SSLRasp/install/message_info/lib/libmessage_info__rosidl_typesupport_fastrtps_cpp.so
[3.765s] -- Up-to-date symlink: /home/ubuntu/SSLRasp/install/message_info/include/message_info/msg/detail/attacker__rosidl_typesupport_introspection_c.h
[3.767s] -- Up-to-date symlink: /home/ubuntu/SSLRasp/install/message_info/include/message_info/msg/detail/ball_info__rosidl_typesupport_introspection_c.h
[3.768s] -- Up-to-date symlink: /home/ubuntu/SSLRasp/install/message_info/include/message_info/msg/detail/detection_ball__rosidl_typesupport_introspection_c.h
[3.769s] -- Up-to-date symlink: /home/ubuntu/SSLRasp/install/message_info/include/message_info/msg/detail/detection_frame__rosidl_typesupport_introspection_c.h
[3.770s] -- Up-to-date symlink: /home/ubuntu/SSLRasp/install/message_info/include/message_info/msg/detail/detection_robot__rosidl_typesupport_introspection_c.h
[3.771s] -- Up-to-date symlink: /home/ubuntu/SSLRasp/install/message_info/include/message_info/msg/detail/field_circular_arc__rosidl_typesupport_introspection_c.h
[3.773s] -- Up-to-date symlink: /home/ubuntu/SSLRasp/install/message_info/include/message_info/msg/detail/field_line_segment__rosidl_typesupport_introspection_c.h
[3.774s] -- Up-to-date symlink: /home/ubuntu/SSLRasp/install/message_info/include/message_info/msg/detail/goal_info__rosidl_typesupport_introspection_c.h
[3.775s] -- Up-to-date symlink: /home/ubuntu/SSLRasp/install/message_info/include/message_info/msg/detail/goalie__rosidl_typesupport_introspection_c.h
[3.776s] -- Up-to-date symlink: /home/ubuntu/SSLRasp/install/message_info/include/message_info/msg/detail/info__rosidl_typesupport_introspection_c.h
[3.777s] -- Up-to-date symlink: /home/ubuntu/SSLRasp/install/message_info/include/message_info/msg/detail/referee__rosidl_typesupport_introspection_c.h
[3.778s] -- Up-to-date symlink: /home/ubuntu/SSLRasp/install/message_info/include/message_info/msg/detail/referee_game_event__rosidl_typesupport_introspection_c.h
[3.780s] -- Up-to-date symlink: /home/ubuntu/SSLRasp/install/message_info/include/message_info/msg/detail/referee_team_info__rosidl_typesupport_introspection_c.h
[3.781s] -- Up-to-date symlink: /home/ubuntu/SSLRasp/install/message_info/include/message_info/msg/detail/robot_command__rosidl_typesupport_introspection_c.h
[3.782s] -- Up-to-date symlink: /home/ubuntu/SSLRasp/install/message_info/include/message_info/msg/detail/robot_commands__rosidl_typesupport_introspection_c.h
[3.783s] -- Up-to-date symlink: /home/ubuntu/SSLRasp/install/message_info/include/message_info/msg/detail/role__rosidl_typesupport_introspection_c.h
[3.784s] -- Up-to-date symlink: /home/ubuntu/SSLRasp/install/message_info/include/message_info/msg/detail/test__rosidl_typesupport_introspection_c.h
[3.786s] -- Up-to-date symlink: /home/ubuntu/SSLRasp/install/message_info/include/message_info/msg/detail/vision_detections__rosidl_typesupport_introspection_c.h
[3.787s] -- Up-to-date symlink: /home/ubuntu/SSLRasp/install/message_info/include/message_info/msg/detail/vision_geometry__rosidl_typesupport_introspection_c.h
[3.788s] -- Up-to-date symlink: /home/ubuntu/SSLRasp/install/message_info/include/message_info/msg/rosidl_typesupport_introspection_c__visibility_control.h
[3.796s] -- Up-to-date symlink: /home/ubuntu/SSLRasp/install/message_info/include/message_info/msg/attacker.hpp
[3.797s] -- Up-to-date symlink: /home/ubuntu/SSLRasp/install/message_info/include/message_info/msg/ball_info.hpp
[3.798s] -- Up-to-date symlink: /home/ubuntu/SSLRasp/install/message_info/include/message_info/msg/detail/attacker__builder.hpp
[3.799s] -- Up-to-date symlink: /home/ubuntu/SSLRasp/install/message_info/include/message_info/msg/detail/attacker__struct.hpp
[3.801s] -- Up-to-date symlink: /home/ubuntu/SSLRasp/install/message_info/include/message_info/msg/detail/attacker__traits.hpp
[3.802s] -- Up-to-date symlink: /home/ubuntu/SSLRasp/install/message_info/include/message_info/msg/detail/ball_info__builder.hpp
[3.803s] -- Up-to-date symlink: /home/ubuntu/SSLRasp/install/message_info/include/message_info/msg/detail/ball_info__struct.hpp
[3.804s] -- Up-to-date symlink: /home/ubuntu/SSLRasp/install/message_info/include/message_info/msg/detail/ball_info__traits.hpp
[3.805s] -- Up-to-date symlink: /home/ubuntu/SSLRasp/install/message_info/include/message_info/msg/detail/detection_ball__builder.hpp
[3.806s] -- Up-to-date symlink: /home/ubuntu/SSLRasp/install/message_info/include/message_info/msg/detail/detection_ball__struct.hpp
[3.807s] -- Up-to-date symlink: /home/ubuntu/SSLRasp/install/message_info/include/message_info/msg/detail/detection_ball__traits.hpp
[3.808s] -- Up-to-date symlink: /home/ubuntu/SSLRasp/install/message_info/include/message_info/msg/detail/detection_frame__builder.hpp
[3.810s] -- Up-to-date symlink: /home/ubuntu/SSLRasp/install/message_info/include/message_info/msg/detail/detection_frame__struct.hpp
[3.811s] -- Up-to-date symlink: /home/ubuntu/SSLRasp/install/message_info/include/message_info/msg/detail/detection_frame__traits.hpp
[3.812s] -- Up-to-date symlink: /home/ubuntu/SSLRasp/install/message_info/include/message_info/msg/detail/detection_robot__builder.hpp
[3.813s] -- Up-to-date symlink: /home/ubuntu/SSLRasp/install/message_info/include/message_info/msg/detail/detection_robot__struct.hpp
[3.814s] -- Up-to-date symlink: /home/ubuntu/SSLRasp/install/message_info/include/message_info/msg/detail/detection_robot__traits.hpp
[3.815s] -- Up-to-date symlink: /home/ubuntu/SSLRasp/install/message_info/include/message_info/msg/detail/field_circular_arc__builder.hpp
[3.816s] -- Up-to-date symlink: /home/ubuntu/SSLRasp/install/message_info/include/message_info/msg/detail/field_circular_arc__struct.hpp
[3.817s] -- Up-to-date symlink: /home/ubuntu/SSLRasp/install/message_info/include/message_info/msg/detail/field_circular_arc__traits.hpp
[3.818s] -- Up-to-date symlink: /home/ubuntu/SSLRasp/install/message_info/include/message_info/msg/detail/field_line_segment__builder.hpp
[3.820s] -- Up-to-date symlink: /home/ubuntu/SSLRasp/install/message_info/include/message_info/msg/detail/field_line_segment__struct.hpp
[3.821s] -- Up-to-date symlink: /home/ubuntu/SSLRasp/install/message_info/include/message_info/msg/detail/field_line_segment__traits.hpp
[3.822s] -- Up-to-date symlink: /home/ubuntu/SSLRasp/install/message_info/include/message_info/msg/detail/goal_info__builder.hpp
[3.823s] -- Up-to-date symlink: /home/ubuntu/SSLRasp/install/message_info/include/message_info/msg/detail/goal_info__struct.hpp
[3.824s] -- Up-to-date symlink: /home/ubuntu/SSLRasp/install/message_info/include/message_info/msg/detail/goal_info__traits.hpp
[3.825s] -- Up-to-date symlink: /home/ubuntu/SSLRasp/install/message_info/include/message_info/msg/detail/goalie__builder.hpp
[3.826s] -- Up-to-date symlink: /home/ubuntu/SSLRasp/install/message_info/include/message_info/msg/detail/goalie__struct.hpp
[3.827s] -- Up-to-date symlink: /home/ubuntu/SSLRasp/install/message_info/include/message_info/msg/detail/goalie__traits.hpp
[3.829s] -- Up-to-date symlink: /home/ubuntu/SSLRasp/install/message_info/include/message_info/msg/detail/info__builder.hpp
[3.830s] -- Up-to-date symlink: /home/ubuntu/SSLRasp/install/message_info/include/message_info/msg/detail/info__struct.hpp
[3.831s] -- Up-to-date symlink: /home/ubuntu/SSLRasp/install/message_info/include/message_info/msg/detail/info__traits.hpp
[3.832s] -- Up-to-date symlink: /home/ubuntu/SSLRasp/install/message_info/include/message_info/msg/detail/referee__builder.hpp
[3.833s] -- Up-to-date symlink: /home/ubuntu/SSLRasp/install/message_info/include/message_info/msg/detail/referee__struct.hpp
[3.834s] -- Up-to-date symlink: /home/ubuntu/SSLRasp/install/message_info/include/message_info/msg/detail/referee__traits.hpp
[3.835s] -- Up-to-date symlink: /home/ubuntu/SSLRasp/install/message_info/include/message_info/msg/detail/referee_game_event__builder.hpp
[3.836s] -- Up-to-date symlink: /home/ubuntu/SSLRasp/install/message_info/include/message_info/msg/detail/referee_game_event__struct.hpp
[3.837s] -- Up-to-date symlink: /home/ubuntu/SSLRasp/install/message_info/include/message_info/msg/detail/referee_game_event__traits.hpp
[3.838s] -- Up-to-date symlink: /home/ubuntu/SSLRasp/install/message_info/include/message_info/msg/detail/referee_team_info__builder.hpp
[3.840s] -- Up-to-date symlink: /home/ubuntu/SSLRasp/install/message_info/include/message_info/msg/detail/referee_team_info__struct.hpp
[3.841s] -- Up-to-date symlink: /home/ubuntu/SSLRasp/install/message_info/include/message_info/msg/detail/referee_team_info__traits.hpp
[3.842s] -- Up-to-date symlink: /home/ubuntu/SSLRasp/install/message_info/include/message_info/msg/detail/robot_command__builder.hpp
[3.843s] -- Up-to-date symlink: /home/ubuntu/SSLRasp/install/message_info/include/message_info/msg/detail/robot_command__struct.hpp
[3.844s] -- Up-to-date symlink: /home/ubuntu/SSLRasp/install/message_info/include/message_info/msg/detail/robot_command__traits.hpp
[3.845s] -- Up-to-date symlink: /home/ubuntu/SSLRasp/install/message_info/include/message_info/msg/detail/robot_commands__builder.hpp
[3.846s] -- Up-to-date symlink: /home/ubuntu/SSLRasp/install/message_info/include/message_info/msg/detail/robot_commands__struct.hpp
[3.847s] -- Up-to-date symlink: /home/ubuntu/SSLRasp/install/message_info/include/message_info/msg/detail/robot_commands__traits.hpp
[3.849s] -- Up-to-date symlink: /home/ubuntu/SSLRasp/install/message_info/include/message_info/msg/detail/role__builder.hpp
[3.850s] -- Up-to-date symlink: /home/ubuntu/SSLRasp/install/message_info/include/message_info/msg/detail/role__struct.hpp
[3.851s] -- Up-to-date symlink: /home/ubuntu/SSLRasp/install/message_info/include/message_info/msg/detail/role__traits.hpp
[3.852s] -- Up-to-date symlink: /home/ubuntu/SSLRasp/install/message_info/include/message_info/msg/detail/test__builder.hpp
[3.853s] -- Up-to-date symlink: /home/ubuntu/SSLRasp/install/message_info/include/message_info/msg/detail/test__struct.hpp
[3.854s] -- Up-to-date symlink: /home/ubuntu/SSLRasp/install/message_info/include/message_info/msg/detail/test__traits.hpp
[3.855s] -- Up-to-date symlink: /home/ubuntu/SSLRasp/install/message_info/include/message_info/msg/detail/vision_detections__builder.hpp
[3.856s] -- Up-to-date symlink: /home/ubuntu/SSLRasp/install/message_info/include/message_info/msg/detail/vision_detections__struct.hpp
[3.857s] -- Up-to-date symlink: /home/ubuntu/SSLRasp/install/message_info/include/message_info/msg/detail/vision_detections__traits.hpp
[3.859s] -- Up-to-date symlink: /home/ubuntu/SSLRasp/install/message_info/include/message_info/msg/detail/vision_geometry__builder.hpp
[3.860s] -- Up-to-date symlink: /home/ubuntu/SSLRasp/install/message_info/include/message_info/msg/detail/vision_geometry__struct.hpp
[3.861s] -- Up-to-date symlink: /home/ubuntu/SSLRasp/install/message_info/include/message_info/msg/detail/vision_geometry__traits.hpp
[3.862s] -- Up-to-date symlink: /home/ubuntu/SSLRasp/install/message_info/include/message_info/msg/detection_ball.hpp
[3.863s] -- Up-to-date symlink: /home/ubuntu/SSLRasp/install/message_info/include/message_info/msg/detection_frame.hpp
[3.864s] -- Up-to-date symlink: /home/ubuntu/SSLRasp/install/message_info/include/message_info/msg/detection_robot.hpp
[3.865s] -- Up-to-date symlink: /home/ubuntu/SSLRasp/install/message_info/include/message_info/msg/field_circular_arc.hpp
[3.866s] -- Up-to-date symlink: /home/ubuntu/SSLRasp/install/message_info/include/message_info/msg/field_line_segment.hpp
[3.867s] -- Up-to-date symlink: /home/ubuntu/SSLRasp/install/message_info/include/message_info/msg/goal_info.hpp
[3.868s] -- Up-to-date symlink: /home/ubuntu/SSLRasp/install/message_info/include/message_info/msg/goalie.hpp
[3.869s] -- Up-to-date symlink: /home/ubuntu/SSLRasp/install/message_info/include/message_info/msg/info.hpp
[3.870s] -- Up-to-date symlink: /home/ubuntu/SSLRasp/install/message_info/include/message_info/msg/referee.hpp
[3.871s] -- Up-to-date symlink: /home/ubuntu/SSLRasp/install/message_info/include/message_info/msg/referee_game_event.hpp
[3.872s] -- Up-to-date symlink: /home/ubuntu/SSLRasp/install/message_info/include/message_info/msg/referee_team_info.hpp
[3.873s] -- Up-to-date symlink: /home/ubuntu/SSLRasp/install/message_info/include/message_info/msg/robot_command.hpp
[3.874s] -- Up-to-date symlink: /home/ubuntu/SSLRasp/install/message_info/include/message_info/msg/robot_commands.hpp
[3.875s] -- Up-to-date symlink: /home/ubuntu/SSLRasp/install/message_info/include/message_info/msg/role.hpp
[3.877s] -- Up-to-date symlink: /home/ubuntu/SSLRasp/install/message_info/include/message_info/msg/test.hpp
[3.878s] -- Up-to-date symlink: /home/ubuntu/SSLRasp/install/message_info/include/message_info/msg/vision_detections.hpp
[3.879s] -- Up-to-date symlink: /home/ubuntu/SSLRasp/install/message_info/include/message_info/msg/vision_geometry.hpp
[3.884s] -- Up-to-date symlink: /home/ubuntu/SSLRasp/install/message_info/include/message_info/msg/detail/attacker__rosidl_typesupport_introspection_cpp.hpp
[3.886s] -- Up-to-date symlink: /home/ubuntu/SSLRasp/install/message_info/include/message_info/msg/detail/ball_info__rosidl_typesupport_introspection_cpp.hpp
[3.887s] -- Up-to-date symlink: /home/ubuntu/SSLRasp/install/message_info/include/message_info/msg/detail/detection_ball__rosidl_typesupport_introspection_cpp.hpp
[3.888s] -- Up-to-date symlink: /home/ubuntu/SSLRasp/install/message_info/include/message_info/msg/detail/detection_frame__rosidl_typesupport_introspection_cpp.hpp
[3.889s] -- Up-to-date symlink: /home/ubuntu/SSLRasp/install/message_info/include/message_info/msg/detail/detection_robot__rosidl_typesupport_introspection_cpp.hpp
[3.890s] -- Up-to-date symlink: /home/ubuntu/SSLRasp/install/message_info/include/message_info/msg/detail/field_circular_arc__rosidl_typesupport_introspection_cpp.hpp
[3.891s] -- Up-to-date symlink: /home/ubuntu/SSLRasp/install/message_info/include/message_info/msg/detail/field_line_segment__rosidl_typesupport_introspection_cpp.hpp
[3.893s] -- Up-to-date symlink: /home/ubuntu/SSLRasp/install/message_info/include/message_info/msg/detail/goal_info__rosidl_typesupport_introspection_cpp.hpp
[3.894s] -- Up-to-date symlink: /home/ubuntu/SSLRasp/install/message_info/include/message_info/msg/detail/goalie__rosidl_typesupport_introspection_cpp.hpp
[3.895s] -- Up-to-date symlink: /home/ubuntu/SSLRasp/install/message_info/include/message_info/msg/detail/info__rosidl_typesupport_introspection_cpp.hpp
[3.896s] -- Up-to-date symlink: /home/ubuntu/SSLRasp/install/message_info/include/message_info/msg/detail/referee__rosidl_typesupport_introspection_cpp.hpp
[3.897s] -- Up-to-date symlink: /home/ubuntu/SSLRasp/install/message_info/include/message_info/msg/detail/referee_game_event__rosidl_typesupport_introspection_cpp.hpp
[3.899s] -- Up-to-date symlink: /home/ubuntu/SSLRasp/install/message_info/include/message_info/msg/detail/referee_team_info__rosidl_typesupport_introspection_cpp.hpp
[3.900s] -- Up-to-date symlink: /home/ubuntu/SSLRasp/install/message_info/include/message_info/msg/detail/robot_command__rosidl_typesupport_introspection_cpp.hpp
[3.901s] -- Up-to-date symlink: /home/ubuntu/SSLRasp/install/message_info/include/message_info/msg/detail/robot_commands__rosidl_typesupport_introspection_cpp.hpp
[3.902s] -- Up-to-date symlink: /home/ubuntu/SSLRasp/install/message_info/include/message_info/msg/detail/role__rosidl_typesupport_introspection_cpp.hpp
[3.903s] -- Up-to-date symlink: /home/ubuntu/SSLRasp/install/message_info/include/message_info/msg/detail/test__rosidl_typesupport_introspection_cpp.hpp
[3.905s] -- Up-to-date symlink: /home/ubuntu/SSLRasp/install/message_info/include/message_info/msg/detail/vision_detections__rosidl_typesupport_introspection_cpp.hpp
[3.906s] -- Up-to-date symlink: /home/ubuntu/SSLRasp/install/message_info/include/message_info/msg/detail/vision_geometry__rosidl_typesupport_introspection_cpp.hpp
[3.907s] -- Up-to-date symlink: /home/ubuntu/SSLRasp/install/message_info/share/message_info/environment/pythonpath.sh
[3.909s] -- Up-to-date symlink: /home/ubuntu/SSLRasp/install/message_info/share/message_info/environment/pythonpath.dsv
[3.910s] -- Up-to-date symlink: /home/ubuntu/SSLRasp/install/message_info/lib/python3.8/site-packages/message_info/__init__.py
[3.915s] -- Up-to-date symlink: /home/ubuntu/SSLRasp/install/message_info/lib/python3.8/site-packages/message_info/msg/__init__.py
[3.916s] -- Up-to-date symlink: /home/ubuntu/SSLRasp/install/message_info/lib/python3.8/site-packages/message_info/msg/_attacker.py
[3.917s] -- Up-to-date symlink: /home/ubuntu/SSLRasp/install/message_info/lib/python3.8/site-packages/message_info/msg/_ball_info.py
[3.918s] -- Up-to-date symlink: /home/ubuntu/SSLRasp/install/message_info/lib/python3.8/site-packages/message_info/msg/_detection_ball.py
[3.919s] -- Up-to-date symlink: /home/ubuntu/SSLRasp/install/message_info/lib/python3.8/site-packages/message_info/msg/_detection_frame.py
[3.920s] -- Up-to-date symlink: /home/ubuntu/SSLRasp/install/message_info/lib/python3.8/site-packages/message_info/msg/_detection_robot.py
[3.921s] -- Up-to-date symlink: /home/ubuntu/SSLRasp/install/message_info/lib/python3.8/site-packages/message_info/msg/_field_circular_arc.py
[3.922s] -- Up-to-date symlink: /home/ubuntu/SSLRasp/install/message_info/lib/python3.8/site-packages/message_info/msg/_field_line_segment.py
[3.924s] -- Up-to-date symlink: /home/ubuntu/SSLRasp/install/message_info/lib/python3.8/site-packages/message_info/msg/_goal_info.py
[3.925s] -- Up-to-date symlink: /home/ubuntu/SSLRasp/install/message_info/lib/python3.8/site-packages/message_info/msg/_goalie.py
[3.926s] -- Up-to-date symlink: /home/ubuntu/SSLRasp/install/message_info/lib/python3.8/site-packages/message_info/msg/_info.py
[3.927s] -- Up-to-date symlink: /home/ubuntu/SSLRasp/install/message_info/lib/python3.8/site-packages/message_info/msg/_referee.py
[3.928s] -- Up-to-date symlink: /home/ubuntu/SSLRasp/install/message_info/lib/python3.8/site-packages/message_info/msg/_referee_game_event.py
[3.929s] -- Up-to-date symlink: /home/ubuntu/SSLRasp/install/message_info/lib/python3.8/site-packages/message_info/msg/_referee_team_info.py
[3.930s] -- Up-to-date symlink: /home/ubuntu/SSLRasp/install/message_info/lib/python3.8/site-packages/message_info/msg/_robot_command.py
[3.931s] -- Up-to-date symlink: /home/ubuntu/SSLRasp/install/message_info/lib/python3.8/site-packages/message_info/msg/_robot_commands.py
[3.932s] -- Up-to-date symlink: /home/ubuntu/SSLRasp/install/message_info/lib/python3.8/site-packages/message_info/msg/_role.py
[3.933s] -- Up-to-date symlink: /home/ubuntu/SSLRasp/install/message_info/lib/python3.8/site-packages/message_info/msg/_test.py
[3.934s] -- Up-to-date symlink: /home/ubuntu/SSLRasp/install/message_info/lib/python3.8/site-packages/message_info/msg/_vision_detections.py
[3.936s] -- Up-to-date symlink: /home/ubuntu/SSLRasp/install/message_info/lib/python3.8/site-packages/message_info/msg/_vision_geometry.py
[3.938s] -- Up-to-date symlink: /home/ubuntu/SSLRasp/install/message_info/lib/python3.8/site-packages/message_info/message_info_s__rosidl_typesupport_fastrtps_c.cpython-38-aarch64-linux-gnu.so
[3.940s] -- Up-to-date symlink: /home/ubuntu/SSLRasp/install/message_info/lib/python3.8/site-packages/message_info/message_info_s__rosidl_typesupport_introspection_c.cpython-38-aarch64-linux-gnu.so
[3.942s] -- Up-to-date symlink: /home/ubuntu/SSLRasp/install/message_info/lib/python3.8/site-packages/message_info/message_info_s__rosidl_typesupport_c.cpython-38-aarch64-linux-gnu.so
[3.944s] -- Up-to-date symlink: /home/ubuntu/SSLRasp/install/message_info/lib/libmessage_info__python.so
[3.945s] -- Up-to-date symlink: /home/ubuntu/SSLRasp/install/message_info/share/message_info/msg/RefereeGameEvent.idl
[3.946s] -- Up-to-date symlink: /home/ubuntu/SSLRasp/install/message_info/share/message_info/msg/RefereeTeamInfo.idl
[3.948s] -- Up-to-date symlink: /home/ubuntu/SSLRasp/install/message_info/share/message_info/msg/Referee.idl
[3.949s] -- Up-to-date symlink: /home/ubuntu/SSLRasp/install/message_info/share/message_info/msg/FieldCircularArc.idl
[3.951s] -- Up-to-date symlink: /home/ubuntu/SSLRasp/install/message_info/share/message_info/msg/FieldLineSegment.idl
[3.952s] -- Up-to-date symlink: /home/ubuntu/SSLRasp/install/message_info/share/message_info/msg/VisionGeometry.idl
[3.953s] -- Up-to-date symlink: /home/ubuntu/SSLRasp/install/message_info/share/message_info/msg/DetectionBall.idl
[3.955s] -- Up-to-date symlink: /home/ubuntu/SSLRasp/install/message_info/share/message_info/msg/DetectionRobot.idl
[3.956s] -- Up-to-date symlink: /home/ubuntu/SSLRasp/install/message_info/share/message_info/msg/DetectionFrame.idl
[3.958s] -- Up-to-date symlink: /home/ubuntu/SSLRasp/install/message_info/share/message_info/msg/VisionDetections.idl
[3.959s] -- Up-to-date symlink: /home/ubuntu/SSLRasp/install/message_info/share/message_info/msg/RobotCommand.idl
[3.961s] -- Up-to-date symlink: /home/ubuntu/SSLRasp/install/message_info/share/message_info/msg/RobotCommands.idl
[3.962s] -- Up-to-date symlink: /home/ubuntu/SSLRasp/install/message_info/share/message_info/msg/Test.idl
[3.963s] -- Up-to-date symlink: /home/ubuntu/SSLRasp/install/message_info/share/message_info/msg/BallInfo.idl
[3.965s] -- Up-to-date symlink: /home/ubuntu/SSLRasp/install/message_info/share/message_info/msg/GoalInfo.idl
[3.966s] -- Up-to-date symlink: /home/ubuntu/SSLRasp/install/message_info/share/message_info/msg/Role.idl
[3.968s] -- Up-to-date symlink: /home/ubuntu/SSLRasp/install/message_info/share/message_info/msg/Attacker.idl
[3.969s] -- Up-to-date symlink: /home/ubuntu/SSLRasp/install/message_info/share/message_info/msg/Goalie.idl
[3.971s] -- Up-to-date symlink: /home/ubuntu/SSLRasp/install/message_info/share/message_info/msg/Info.idl
[3.972s] -- Up-to-date symlink: /home/ubuntu/SSLRasp/install/message_info/share/message_info/msg/RefereeGameEvent.msg
[3.973s] -- Up-to-date symlink: /home/ubuntu/SSLRasp/install/message_info/share/message_info/msg/RefereeTeamInfo.msg
[3.975s] -- Up-to-date symlink: /home/ubuntu/SSLRasp/install/message_info/share/message_info/msg/Referee.msg
[3.976s] -- Up-to-date symlink: /home/ubuntu/SSLRasp/install/message_info/share/message_info/msg/FieldCircularArc.msg
[3.977s] -- Up-to-date symlink: /home/ubuntu/SSLRasp/install/message_info/share/message_info/msg/FieldLineSegment.msg
[3.978s] -- Up-to-date symlink: /home/ubuntu/SSLRasp/install/message_info/share/message_info/msg/VisionGeometry.msg
[3.980s] -- Up-to-date symlink: /home/ubuntu/SSLRasp/install/message_info/share/message_info/msg/DetectionBall.msg
[3.981s] -- Up-to-date symlink: /home/ubuntu/SSLRasp/install/message_info/share/message_info/msg/DetectionRobot.msg
[3.982s] -- Up-to-date symlink: /home/ubuntu/SSLRasp/install/message_info/share/message_info/msg/DetectionFrame.msg
[3.984s] -- Up-to-date symlink: /home/ubuntu/SSLRasp/install/message_info/share/message_info/msg/VisionDetections.msg
[3.985s] -- Up-to-date symlink: /home/ubuntu/SSLRasp/install/message_info/share/message_info/msg/RobotCommand.msg
[3.986s] -- Up-to-date symlink: /home/ubuntu/SSLRasp/install/message_info/share/message_info/msg/RobotCommands.msg
[3.988s] -- Up-to-date symlink: /home/ubuntu/SSLRasp/install/message_info/share/message_info/msg/Test.msg
[3.989s] -- Up-to-date symlink: /home/ubuntu/SSLRasp/install/message_info/share/message_info/msg/BallInfo.msg
[3.990s] -- Up-to-date symlink: /home/ubuntu/SSLRasp/install/message_info/share/message_info/msg/GoalInfo.msg
[3.992s] -- Up-to-date symlink: /home/ubuntu/SSLRasp/install/message_info/share/message_info/msg/Role.msg
[3.993s] -- Up-to-date symlink: /home/ubuntu/SSLRasp/install/message_info/share/message_info/msg/Attacker.msg
[3.994s] -- Up-to-date symlink: /home/ubuntu/SSLRasp/install/message_info/share/message_info/msg/Goalie.msg
[3.996s] -- Up-to-date symlink: /home/ubuntu/SSLRasp/install/message_info/share/message_info/msg/Info.msg
[3.997s] -- Up-to-date symlink: /home/ubuntu/SSLRasp/install/message_info/share/ament_index/resource_index/package_run_dependencies/message_info
[3.999s] -- Up-to-date symlink: /home/ubuntu/SSLRasp/install/message_info/share/ament_index/resource_index/parent_prefix_path/message_info
[4.000s] -- Up-to-date symlink: /home/ubuntu/SSLRasp/install/message_info/share/message_info/environment/ament_prefix_path.sh
[4.002s] -- Up-to-date symlink: /home/ubuntu/SSLRasp/install/message_info/share/message_info/environment/ament_prefix_path.dsv
[4.003s] -- Up-to-date symlink: /home/ubuntu/SSLRasp/install/message_info/share/message_info/environment/path.sh
[4.004s] -- Up-to-date symlink: /home/ubuntu/SSLRasp/install/message_info/share/message_info/environment/path.dsv
[4.006s] -- Up-to-date symlink: /home/ubuntu/SSLRasp/install/message_info/share/message_info/local_setup.bash
[4.007s] -- Up-to-date symlink: /home/ubuntu/SSLRasp/install/message_info/share/message_info/local_setup.sh
[4.008s] -- Up-to-date symlink: /home/ubuntu/SSLRasp/install/message_info/share/message_info/local_setup.zsh
[4.010s] -- Up-to-date symlink: /home/ubuntu/SSLRasp/install/message_info/share/message_info/local_setup.dsv
[4.011s] -- Symlinking: /home/ubuntu/SSLRasp/install/message_info/share/message_info/package.dsv
[4.048s] -- Up-to-date symlink: /home/ubuntu/SSLRasp/install/message_info/share/ament_index/resource_index/packages/message_info
[4.049s] -- Up-to-date symlink: /home/ubuntu/SSLRasp/install/message_info/share/message_info/cmake/rosidl_cmake-extras.cmake
[4.051s] -- Up-to-date symlink: /home/ubuntu/SSLRasp/install/message_info/share/message_info/cmake/ament_cmake_export_dependencies-extras.cmake
[4.052s] -- Up-to-date symlink: /home/ubuntu/SSLRasp/install/message_info/share/message_info/cmake/ament_cmake_export_libraries-extras.cmake
[4.054s] -- Up-to-date symlink: /home/ubuntu/SSLRasp/install/message_info/share/message_info/cmake/ament_cmake_export_targets-extras.cmake
[4.056s] -- Up-to-date symlink: /home/ubuntu/SSLRasp/install/message_info/share/message_info/cmake/ament_cmake_export_include_directories-extras.cmake
[4.058s] -- Up-to-date symlink: /home/ubuntu/SSLRasp/install/message_info/share/message_info/cmake/rosidl_cmake_export_typesupport_libraries-extras.cmake
[4.059s] -- Up-to-date symlink: /home/ubuntu/SSLRasp/install/message_info/share/message_info/cmake/rosidl_cmake_export_typesupport_targets-extras.cmake
[4.062s] -- Up-to-date symlink: /home/ubuntu/SSLRasp/install/message_info/share/message_info/cmake/message_infoConfig.cmake
[4.063s] -- Up-to-date symlink: /home/ubuntu/SSLRasp/install/message_info/share/message_info/cmake/message_infoConfig-version.cmake
[4.064s] -- Up-to-date symlink: /home/ubuntu/SSLRasp/install/message_info/share/message_info/package.xml
[4.066s] -- Up-to-date: /home/ubuntu/SSLRasp/install/message_info/lib/libmessage_info__rosidl_generator_c.so
[4.068s] -- Up-to-date: /home/ubuntu/SSLRasp/install/message_info/lib/libmessage_info__rosidl_typesupport_introspection_c.so
[4.070s] -- Up-to-date: /home/ubuntu/SSLRasp/install/message_info/lib/libmessage_info__rosidl_typesupport_c.so
[4.072s] -- Up-to-date: /home/ubuntu/SSLRasp/install/message_info/lib/libmessage_info__rosidl_typesupport_introspection_cpp.so
[4.074s] -- Up-to-date: /home/ubuntu/SSLRasp/install/message_info/lib/libmessage_info__rosidl_typesupport_cpp.so
[4.229s] -- Up-to-date: /home/ubuntu/SSLRasp/install/message_info/share/message_info/cmake/message_info__rosidl_generator_cExport.cmake
[4.229s] -- Up-to-date: /home/ubuntu/SSLRasp/install/message_info/share/message_info/cmake/message_info__rosidl_generator_cExport-noconfig.cmake
[4.230s] -- Up-to-date: /home/ubuntu/SSLRasp/install/message_info/share/message_info/cmake/message_info__rosidl_typesupport_introspection_cExport.cmake
[4.230s] -- Up-to-date: /home/ubuntu/SSLRasp/install/message_info/share/message_info/cmake/message_info__rosidl_typesupport_introspection_cExport-noconfig.cmake
[4.231s] -- Up-to-date: /home/ubuntu/SSLRasp/install/message_info/share/message_info/cmake/message_info__rosidl_typesupport_cExport.cmake
[4.232s] -- Up-to-date: /home/ubuntu/SSLRasp/install/message_info/share/message_info/cmake/message_info__rosidl_typesupport_cExport-noconfig.cmake
[4.233s] -- Up-to-date: /home/ubuntu/SSLRasp/install/message_info/share/message_info/cmake/message_info__rosidl_generator_cppExport.cmake
[4.234s] -- Up-to-date: /home/ubuntu/SSLRasp/install/message_info/share/message_info/cmake/message_info__rosidl_typesupport_introspection_cppExport.cmake
[4.234s] -- Up-to-date: /home/ubuntu/SSLRasp/install/message_info/share/message_info/cmake/message_info__rosidl_typesupport_introspection_cppExport-noconfig.cmake
[4.235s] -- Up-to-date: /home/ubuntu/SSLRasp/install/message_info/share/message_info/cmake/message_info__rosidl_typesupport_cppExport.cmake
[4.236s] -- Up-to-date: /home/ubuntu/SSLRasp/install/message_info/share/message_info/cmake/message_info__rosidl_typesupport_cppExport-noconfig.cmake
[4.246s] Invoked command in '/home/ubuntu/SSLRasp/build/message_info' returned '0': CMAKE_PREFIX_PATH=${CMAKE_PREFIX_PATH}:/home/ubuntu/SSLRasp/install/rasp:/opt/ros/foxy /usr/bin/cmake --install /home/ubuntu/SSLRasp/build/message_info
