[0.040s] Invoking command in '/home/ubuntu/SSLRasp/build/main': AMENT_PREFIX_PATH=/home/ubuntu/SSLRasp/install/message_info:${AMENT_PREFIX_PATH} CMAKE_PREFIX_PATH=/home/ubuntu/SSLRasp/install/message_info:/opt/ros/foxy LD_LIBRARY_PATH=/home/ubuntu/SSLRasp/install/message_info/lib:${LD_LIBRARY_PATH} PYTHONPATH=/home/ubuntu/SSLRasp/install/message_info/lib/python3.8/site-packages:${PYTHONPATH} /usr/bin/cmake /home/ubuntu/SSLRasp/src/main -DCMAKE_INSTALL_PREFIX=/home/ubuntu/SSLRasp/install/main
[0.293s] -- The C compiler identification is GNU 9.3.0
[0.528s] -- The CXX compiler identification is GNU 9.3.0
[0.547s] -- Check for working C compiler: /usr/bin/cc
[0.849s] -- Check for working C compiler: /usr/bin/cc -- works
[0.852s] -- Detecting C compiler ABI info
[1.156s] -- Detecting C compiler ABI info - done
[1.199s] -- Detecting C compile features
[1.201s] -- Detecting C compile features - done
[1.210s] -- Check for working CXX compiler: /usr/bin/c++
[1.550s] -- Check for working CXX compiler: /usr/bin/c++ -- works
[1.554s] -- Detecting CXX compiler ABI info
[1.897s] -- Detecting CXX compiler ABI info - done
[1.941s] -- Detecting CXX compile features
[1.943s] -- Detecting CXX compile features - done
[1.965s] -- Found ament_cmake: 0.9.8 (/opt/ros/foxy/share/ament_cmake/cmake)
[2.093s] -- Found PythonInterp: /usr/bin/python3 (found suitable version "3.8.5", minimum required is "3") 
[2.093s] -- Using PYTHON_EXECUTABLE: /usr/bin/python3
[3.076s] -- Found rclcpp: 2.3.1 (/opt/ros/foxy/share/rclcpp/cmake)
[3.454s] -- Using all available rosidl_typesupport_c: rosidl_typesupport_fastrtps_c;rosidl_typesupport_introspection_c
[3.514s] -- Found rosidl_adapter: 1.2.1 (/opt/ros/foxy/share/rosidl_adapter/cmake)
[4.100s] -- Found OpenSSL: /usr/lib/aarch64-linux-gnu/libcrypto.so (found version "1.1.1f")  
[4.341s] -- Found FastRTPS: /opt/ros/foxy/include  
[4.921s] -- Using all available rosidl_typesupport_cpp: rosidl_typesupport_fastrtps_cpp;rosidl_typesupport_introspection_cpp
[5.255s] -- Found rmw_implementation_cmake: 1.0.3 (/opt/ros/foxy/share/rmw_implementation_cmake/cmake)
[5.268s] -- Using RMW implementation 'rmw_fastrtps_cpp' as default
[5.276s] -- Looking for pthread.h
[5.598s] -- Looking for pthread.h - found
[5.599s] -- Performing Test CMAKE_HAVE_LIBC_PTHREAD
[5.938s] -- Performing Test CMAKE_HAVE_LIBC_PTHREAD - Failed
[5.939s] -- Looking for pthread_create in pthreads
[6.212s] -- Looking for pthread_create in pthreads - not found
[6.213s] -- Looking for pthread_create in pthread
[6.530s] -- Looking for pthread_create in pthread - found
[6.535s] -- Found Threads: TRUE  
[7.290s] -- Found message_info: 0.0.0 (/home/ubuntu/SSLRasp/install/message_info/share/message_info/cmake)
[8.293s] -- Found eigen3_cmake_module: 0.1.1 (/opt/ros/foxy/share/eigen3_cmake_module/cmake)
[8.324s] -- Found Eigen3: TRUE (found version "3.3.7") 
[8.348s] -- Found ament_lint_auto: 0.9.6 (/opt/ros/foxy/share/ament_lint_auto/cmake)
[8.761s] -- Added test 'copyright' to check source files copyright and LICENSE
[8.766s] -- Added test 'cppcheck' to perform static code analysis on C / C++ code
[8.767s] -- Configured cppcheck include dirs: /home/ubuntu/SSLRasp/src/main/include
[8.768s] -- Configured cppcheck exclude dirs and/or files: 
[8.771s] -- Added test 'cpplint' to check C / C++ code against the Google style
[8.772s] -- Configured cpplint exclude dirs and/or files: 
[8.775s] -- Added test 'lint_cmake' to check CMake code style
[8.779s] -- Added test 'uncrustify' to check C / C++ code style
[8.780s] -- Configured uncrustify additional arguments: 
[8.781s] -- Added test 'xmllint' to check XML markup files
[8.807s] -- Configuring done
[8.844s] -- Generating done
[8.851s] -- Build files have been written to: /home/ubuntu/SSLRasp/build/main
[8.882s] Invoked command in '/home/ubuntu/SSLRasp/build/main' returned '0': AMENT_PREFIX_PATH=/home/ubuntu/SSLRasp/install/message_info:${AMENT_PREFIX_PATH} CMAKE_PREFIX_PATH=/home/ubuntu/SSLRasp/install/message_info:/opt/ros/foxy LD_LIBRARY_PATH=/home/ubuntu/SSLRasp/install/message_info/lib:${LD_LIBRARY_PATH} PYTHONPATH=/home/ubuntu/SSLRasp/install/message_info/lib/python3.8/site-packages:${PYTHONPATH} /usr/bin/cmake /home/ubuntu/SSLRasp/src/main -DCMAKE_INSTALL_PREFIX=/home/ubuntu/SSLRasp/install/main
[8.891s] Invoking command in '/home/ubuntu/SSLRasp/build/main': AMENT_PREFIX_PATH=/home/ubuntu/SSLRasp/install/message_info:${AMENT_PREFIX_PATH} CMAKE_PREFIX_PATH=/home/ubuntu/SSLRasp/install/message_info:/opt/ros/foxy LD_LIBRARY_PATH=/home/ubuntu/SSLRasp/install/message_info/lib:${LD_LIBRARY_PATH} PYTHONPATH=/home/ubuntu/SSLRasp/install/message_info/lib/python3.8/site-packages:${PYTHONPATH} /usr/bin/cmake --build /home/ubuntu/SSLRasp/build/main -- -j4 -l4
[9.076s] [35m[1mScanning dependencies of target main[0m
[9.681s] [ 50%] [32mBuilding CXX object CMakeFiles/main.dir/src/main.cpp.o[0m
[16.784s] [100%] [32m[1mLinking CXX executable main[0m
[17.213s] /usr/bin/ld: cannot find -lWiringPi
[17.219s] collect2: error: ld returned 1 exit status
[17.224s] make[2]: *** [CMakeFiles/main.dir/build.make:146: main] Error 1
[17.225s] make[1]: *** [CMakeFiles/Makefile2:78: CMakeFiles/main.dir/all] Error 2
[17.226s] make: *** [Makefile:141: all] Error 2
[17.234s] Invoked command in '/home/ubuntu/SSLRasp/build/main' returned '2': AMENT_PREFIX_PATH=/home/ubuntu/SSLRasp/install/message_info:${AMENT_PREFIX_PATH} CMAKE_PREFIX_PATH=/home/ubuntu/SSLRasp/install/message_info:/opt/ros/foxy LD_LIBRARY_PATH=/home/ubuntu/SSLRasp/install/message_info/lib:${LD_LIBRARY_PATH} PYTHONPATH=/home/ubuntu/SSLRasp/install/message_info/lib/python3.8/site-packages:${PYTHONPATH} /usr/bin/cmake --build /home/ubuntu/SSLRasp/build/main -- -j4 -l4
