[0.163s] Invoking command in '/home/ubuntu/SSLRasp/build/main': CMAKE_PREFIX_PATH=/home/ubuntu/SSLRasp/install/message_info:/home/ubuntu/SSLRasp/install/main:/home/ubuntu/SSLRasp/install/real_sender:/opt/ros/foxy PYTHONPATH=/home/ubuntu/SSLRasp/install/message_info/lib/python3.8/site-packages:/home/ubuntu/SSLRasp/install/real_sender/lib/python3.8/site-packages:/opt/ros/foxy/lib/python3.8/site-packages /usr/bin/cmake --build /home/ubuntu/SSLRasp/build/main -- -j4 -l4
[0.453s] [100%] Built target main
[0.495s] Invoked command in '/home/ubuntu/SSLRasp/build/main' returned '0': CMAKE_PREFIX_PATH=/home/ubuntu/SSLRasp/install/message_info:/home/ubuntu/SSLRasp/install/main:/home/ubuntu/SSLRasp/install/real_sender:/opt/ros/foxy PYTHONPATH=/home/ubuntu/SSLRasp/install/message_info/lib/python3.8/site-packages:/home/ubuntu/SSLRasp/install/real_sender/lib/python3.8/site-packages:/opt/ros/foxy/lib/python3.8/site-packages /usr/bin/cmake --build /home/ubuntu/SSLRasp/build/main -- -j4 -l4
[0.631s] Invoking command in '/home/ubuntu/SSLRasp/build/main': CMAKE_PREFIX_PATH=/home/ubuntu/SSLRasp/install/message_info:/home/ubuntu/SSLRasp/install/main:/home/ubuntu/SSLRasp/install/real_sender:/opt/ros/foxy PYTHONPATH=/home/ubuntu/SSLRasp/install/message_info/lib/python3.8/site-packages:/home/ubuntu/SSLRasp/install/real_sender/lib/python3.8/site-packages:/opt/ros/foxy/lib/python3.8/site-packages /usr/bin/cmake --install /home/ubuntu/SSLRasp/build/main
[0.667s] -- Install configuration: ""
[0.668s] -- Up-to-date: /home/ubuntu/SSLRasp/install/main/lib/main/main
[0.669s] -- Up-to-date: /home/ubuntu/SSLRasp/install/main/share/ament_index/resource_index/package_run_dependencies/main
[0.670s] -- Up-to-date: /home/ubuntu/SSLRasp/install/main/share/ament_index/resource_index/parent_prefix_path/main
[0.670s] -- Up-to-date: /home/ubuntu/SSLRasp/install/main/share/main/environment/ament_prefix_path.sh
[0.671s] -- Up-to-date: /home/ubuntu/SSLRasp/install/main/share/main/environment/ament_prefix_path.dsv
[0.671s] -- Up-to-date: /home/ubuntu/SSLRasp/install/main/share/main/environment/path.sh
[0.672s] -- Up-to-date: /home/ubuntu/SSLRasp/install/main/share/main/environment/path.dsv
[0.672s] -- Up-to-date: /home/ubuntu/SSLRasp/install/main/share/main/local_setup.bash
[0.672s] -- Up-to-date: /home/ubuntu/SSLRasp/install/main/share/main/local_setup.sh
[0.673s] -- Up-to-date: /home/ubuntu/SSLRasp/install/main/share/main/local_setup.zsh
[0.674s] -- Up-to-date: /home/ubuntu/SSLRasp/install/main/share/main/local_setup.dsv
[0.674s] -- Installing: /home/ubuntu/SSLRasp/install/main/share/main/package.dsv
[0.675s] -- Up-to-date: /home/ubuntu/SSLRasp/install/main/share/ament_index/resource_index/packages/main
[0.675s] -- Up-to-date: /home/ubuntu/SSLRasp/install/main/share/main/cmake/mainConfig.cmake
[0.676s] -- Up-to-date: /home/ubuntu/SSLRasp/install/main/share/main/cmake/mainConfig-version.cmake
[0.676s] -- Up-to-date: /home/ubuntu/SSLRasp/install/main/share/main/package.xml
[0.685s] Invoked command in '/home/ubuntu/SSLRasp/build/main' returned '0': CMAKE_PREFIX_PATH=/home/ubuntu/SSLRasp/install/message_info:/home/ubuntu/SSLRasp/install/main:/home/ubuntu/SSLRasp/install/real_sender:/opt/ros/foxy PYTHONPATH=/home/ubuntu/SSLRasp/install/message_info/lib/python3.8/site-packages:/home/ubuntu/SSLRasp/install/real_sender/lib/python3.8/site-packages:/opt/ros/foxy/lib/python3.8/site-packages /usr/bin/cmake --install /home/ubuntu/SSLRasp/build/main
