[0.079s] Invoking command in '/home/ubuntu/SSLRasp/build/message_info': CMAKE_PREFIX_PATH=${CMAKE_PREFIX_PATH}:/home/ubuntu/SSLRasp/install/rasp:/opt/ros/foxy /usr/bin/cmake /home/ubuntu/SSLRasp/src/message_info -DCMAKE_INSTALL_PREFIX=/home/ubuntu/SSLRasp/install/message_info
[1.033s] -- The C compiler identification is GNU 9.3.0
[1.868s] -- The CXX compiler identification is GNU 9.3.0
[1.901s] -- Check for working C compiler: /usr/bin/cc
[2.209s] -- Check for working C compiler: /usr/bin/cc -- works
[2.218s] -- Detecting C compiler ABI info
[2.556s] -- Detecting C compiler ABI info - done
[2.600s] -- Detecting C compile features
[2.605s] -- Detecting C compile features - done
[2.616s] -- Check for working CXX compiler: /usr/bin/c++
[2.950s] -- Check for working CXX compiler: /usr/bin/c++ -- works
[2.954s] -- Detecting CXX compiler ABI info
[3.291s] -- Detecting CXX compiler ABI info - done
[3.333s] -- Detecting CXX compile features
[3.335s] -- Detecting CXX compile features - done
[3.362s] -- Found ament_cmake: 0.9.8 (/opt/ros/foxy/share/ament_cmake/cmake)
[3.512s] -- Found PythonInterp: /usr/bin/python3 (found suitable version "3.8.5", minimum required is "3") 
[3.513s] -- Using PYTHON_EXECUTABLE: /usr/bin/python3
[4.565s] -- Found rosidl_default_generators: 1.0.1 (/opt/ros/foxy/share/rosidl_default_generators/cmake)
[4.595s] -- Using all available rosidl_typesupport_c: rosidl_typesupport_fastrtps_c;rosidl_typesupport_introspection_c
[4.662s] -- Found rosidl_adapter: 1.2.1 (/opt/ros/foxy/share/rosidl_adapter/cmake)
[5.540s] -- Found OpenSSL: /usr/lib/aarch64-linux-gnu/libcrypto.so (found version "1.1.1f")  
[5.786s] -- Found FastRTPS: /opt/ros/foxy/include  
[6.438s] -- Using all available rosidl_typesupport_cpp: rosidl_typesupport_fastrtps_cpp;rosidl_typesupport_introspection_cpp
[6.621s] -- Found builtin_interfaces: 1.0.0 (/opt/ros/foxy/share/builtin_interfaces/cmake)
[6.719s] -- Found std_msgs: 2.0.4 (/opt/ros/foxy/share/std_msgs/cmake)
[6.816s] -- Found sensor_msgs: 2.0.4 (/opt/ros/foxy/share/sensor_msgs/cmake)
[7.329s] -- OpenSSL Version: 1.1.1f /usr/include /usr/lib/aarch64-linux-gnu/libssl.so;/usr/lib/aarch64-linux-gnu/libcrypto.so
[7.443s] -- Found PythonInterp: /usr/bin/python3 (found version "3.8.5") 
[8.804s] -- Found ament_cmake_ros: 0.9.1 (/opt/ros/foxy/share/ament_cmake_ros/cmake)
[10.643s] -- Using all available rosidl_typesupport_c: rosidl_typesupport_fastrtps_c;rosidl_typesupport_introspection_c
[11.369s] -- Using all available rosidl_typesupport_cpp: rosidl_typesupport_fastrtps_cpp;rosidl_typesupport_introspection_cpp
[11.484s] -- Found PythonInterp: /usr/bin/python3 (found suitable version "3.8.5", minimum required is "3.5") 
[11.504s] -- Found python_cmake_module: 0.8.1 (/opt/ros/foxy/share/python_cmake_module/cmake)
[11.626s] -- Found PythonLibs: /usr/lib/aarch64-linux-gnu/libpython3.8.so (found suitable version "3.8.5", minimum required is "3.5") 
[11.627s] -- Using PYTHON_EXECUTABLE: /usr/bin/python3
[11.628s] -- Using PYTHON_INCLUDE_DIRS: /usr/include/python3.8
[11.628s] -- Using PYTHON_LIBRARIES: /usr/lib/aarch64-linux-gnu/libpython3.8.so
[11.726s] -- Found PythonExtra: .so  
[12.180s] -- Found ament_lint_auto: 0.9.6 (/opt/ros/foxy/share/ament_lint_auto/cmake)
[12.416s] -- Added test 'copyright' to check source files copyright and LICENSE
[12.443s] -- Added test 'lint_cmake' to check CMake code style
[12.458s] -- Added test 'xmllint' to check XML markup files
[12.499s] -- Configuring done
[13.003s] -- Generating done
[13.017s] -- Build files have been written to: /home/ubuntu/SSLRasp/build/message_info
[13.454s] Invoked command in '/home/ubuntu/SSLRasp/build/message_info' returned '0': CMAKE_PREFIX_PATH=${CMAKE_PREFIX_PATH}:/home/ubuntu/SSLRasp/install/rasp:/opt/ros/foxy /usr/bin/cmake /home/ubuntu/SSLRasp/src/message_info -DCMAKE_INSTALL_PREFIX=/home/ubuntu/SSLRasp/install/message_info
[13.459s] Invoking command in '/home/ubuntu/SSLRasp/build/message_info': CMAKE_PREFIX_PATH=${CMAKE_PREFIX_PATH}:/home/ubuntu/SSLRasp/install/rasp:/opt/ros/foxy /usr/bin/cmake --build /home/ubuntu/SSLRasp/build/message_info -- -j4 -l4
[13.622s] [35m[1mScanning dependencies of target message_info__cpp[0m
[13.626s] [  1%] [34m[1mGenerating C code for ROS interfaces[0m
[13.675s] [  1%] [34m[1mGenerating C++ code for ROS interfaces[0m
[21.005s] [  1%] Built target message_info__cpp
[21.072s] [  1%] [34m[1mGenerating C++ introspection for ROS interfaces[0m
[21.078s] [  2%] [34m[1mGenerating C++ type support for eProsima Fast-RTPS[0m
[21.102s] [  3%] [34m[1mGenerating C++ type support dispatch for ROS interfaces[0m
[22.304s] [35m[1mScanning dependencies of target message_info__rosidl_generator_c[0m
[22.417s] [  3%] [32mBuilding C object CMakeFiles/message_info__rosidl_generator_c.dir/rosidl_generator_c/message_info/msg/detail/referee_game_event__functions.c.o[0m
[22.695s] [  4%] [32mBuilding C object CMakeFiles/message_info__rosidl_generator_c.dir/rosidl_generator_c/message_info/msg/detail/referee_team_info__functions.c.o[0m
[22.894s] [  4%] [32mBuilding C object CMakeFiles/message_info__rosidl_generator_c.dir/rosidl_generator_c/message_info/msg/detail/referee__functions.c.o[0m
[23.156s] [  5%] [32mBuilding C object CMakeFiles/message_info__rosidl_generator_c.dir/rosidl_generator_c/message_info/msg/detail/field_circular_arc__functions.c.o[0m
[23.356s] [  6%] [32mBuilding C object CMakeFiles/message_info__rosidl_generator_c.dir/rosidl_generator_c/message_info/msg/detail/field_line_segment__functions.c.o[0m
[23.549s] [  6%] [32mBuilding C object CMakeFiles/message_info__rosidl_generator_c.dir/rosidl_generator_c/message_info/msg/detail/vision_geometry__functions.c.o[0m
[23.779s] [  7%] [32mBuilding C object CMakeFiles/message_info__rosidl_generator_c.dir/rosidl_generator_c/message_info/msg/detail/detection_ball__functions.c.o[0m
[23.987s] [  7%] [32mBuilding C object CMakeFiles/message_info__rosidl_generator_c.dir/rosidl_generator_c/message_info/msg/detail/detection_robot__functions.c.o[0m
[24.184s] [  8%] [32mBuilding C object CMakeFiles/message_info__rosidl_generator_c.dir/rosidl_generator_c/message_info/msg/detail/detection_frame__functions.c.o[0m
[24.389s] [  8%] [32mBuilding C object CMakeFiles/message_info__rosidl_generator_c.dir/rosidl_generator_c/message_info/msg/detail/vision_detections__functions.c.o[0m
[24.592s] [  9%] [32mBuilding C object CMakeFiles/message_info__rosidl_generator_c.dir/rosidl_generator_c/message_info/msg/detail/robot_command__functions.c.o[0m
[24.784s] [ 10%] [32mBuilding C object CMakeFiles/message_info__rosidl_generator_c.dir/rosidl_generator_c/message_info/msg/detail/robot_commands__functions.c.o[0m
[24.987s] [ 10%] [32mBuilding C object CMakeFiles/message_info__rosidl_generator_c.dir/rosidl_generator_c/message_info/msg/detail/test__functions.c.o[0m
[25.179s] [ 11%] [32mBuilding C object CMakeFiles/message_info__rosidl_generator_c.dir/rosidl_generator_c/message_info/msg/detail/ball_info__functions.c.o[0m
[25.374s] [ 11%] [32mBuilding C object CMakeFiles/message_info__rosidl_generator_c.dir/rosidl_generator_c/message_info/msg/detail/goal_info__functions.c.o[0m
[25.572s] [ 12%] [32mBuilding C object CMakeFiles/message_info__rosidl_generator_c.dir/rosidl_generator_c/message_info/msg/detail/role__functions.c.o[0m
[25.763s] [ 12%] [32mBuilding C object CMakeFiles/message_info__rosidl_generator_c.dir/rosidl_generator_c/message_info/msg/detail/attacker__functions.c.o[0m
[25.960s] [ 13%] [32mBuilding C object CMakeFiles/message_info__rosidl_generator_c.dir/rosidl_generator_c/message_info/msg/detail/goalie__functions.c.o[0m
[26.179s] [ 14%] [32mBuilding C object CMakeFiles/message_info__rosidl_generator_c.dir/rosidl_generator_c/message_info/msg/detail/info__functions.c.o[0m
[26.407s] [ 14%] [32m[1mLinking C shared library libmessage_info__rosidl_generator_c.so[0m
[26.712s] [ 14%] Built target message_info__rosidl_generator_c
[26.782s] [ 15%] [34m[1mGenerating C introspection for ROS interfaces[0m
[26.982s] [35m[1mScanning dependencies of target message_info__rosidl_typesupport_cpp[0m
[27.116s] [ 15%] [32mBuilding CXX object CMakeFiles/message_info__rosidl_typesupport_cpp.dir/rosidl_typesupport_cpp/message_info/msg/referee_game_event__type_support.cpp.o[0m
[28.346s] [35m[1mScanning dependencies of target message_info__rosidl_typesupport_introspection_cpp[0m
[28.489s] [ 16%] [32mBuilding CXX object CMakeFiles/message_info__rosidl_typesupport_introspection_cpp.dir/rosidl_typesupport_introspection_cpp/message_info/msg/detail/referee_game_event__type_support.cpp.o[0m
[29.180s] [ 17%] [32mBuilding CXX object CMakeFiles/message_info__rosidl_typesupport_cpp.dir/rosidl_typesupport_cpp/message_info/msg/referee_team_info__type_support.cpp.o[0m
[29.446s] [35m[1mScanning dependencies of target message_info__rosidl_typesupport_fastrtps_cpp[0m
[29.636s] [ 18%] [32mBuilding CXX object CMakeFiles/message_info__rosidl_typesupport_fastrtps_cpp.dir/rosidl_typesupport_fastrtps_cpp/message_info/msg/detail/dds_fastrtps/referee_game_event__type_support.cpp.o[0m
[30.763s] [ 18%] [32mBuilding CXX object CMakeFiles/message_info__rosidl_typesupport_introspection_cpp.dir/rosidl_typesupport_introspection_cpp/message_info/msg/detail/referee_team_info__type_support.cpp.o[0m
[30.825s] [ 19%] [32mBuilding CXX object CMakeFiles/message_info__rosidl_typesupport_cpp.dir/rosidl_typesupport_cpp/message_info/msg/referee__type_support.cpp.o[0m
[32.445s] [ 19%] [32mBuilding CXX object CMakeFiles/message_info__rosidl_typesupport_cpp.dir/rosidl_typesupport_cpp/message_info/msg/field_circular_arc__type_support.cpp.o[0m
[32.604s] [ 20%] [32mBuilding CXX object CMakeFiles/message_info__rosidl_typesupport_introspection_cpp.dir/rosidl_typesupport_introspection_cpp/message_info/msg/detail/referee__type_support.cpp.o[0m
[33.103s] [ 20%] [32mBuilding CXX object CMakeFiles/message_info__rosidl_typesupport_fastrtps_cpp.dir/rosidl_typesupport_fastrtps_cpp/message_info/msg/detail/dds_fastrtps/referee_team_info__type_support.cpp.o[0m
[34.144s] [ 21%] [32mBuilding CXX object CMakeFiles/message_info__rosidl_typesupport_cpp.dir/rosidl_typesupport_cpp/message_info/msg/field_line_segment__type_support.cpp.o[0m
[34.458s] [ 21%] [32mBuilding CXX object CMakeFiles/message_info__rosidl_typesupport_introspection_cpp.dir/rosidl_typesupport_introspection_cpp/message_info/msg/detail/field_circular_arc__type_support.cpp.o[0m
[34.870s] [35m[1mScanning dependencies of target message_info__rosidl_typesupport_introspection_c[0m
[35.264s] [ 22%] [32mBuilding C object CMakeFiles/message_info__rosidl_typesupport_introspection_c.dir/rosidl_typesupport_introspection_c/message_info/msg/detail/referee_game_event__type_support.c.o[0m
[35.459s] [ 22%] [32mBuilding C object CMakeFiles/message_info__rosidl_typesupport_introspection_c.dir/rosidl_typesupport_introspection_c/message_info/msg/detail/referee_team_info__type_support.c.o[0m
[35.651s] [ 23%] [32mBuilding C object CMakeFiles/message_info__rosidl_typesupport_introspection_c.dir/rosidl_typesupport_introspection_c/message_info/msg/detail/referee__type_support.c.o[0m
[35.840s] [ 23%] [32mBuilding CXX object CMakeFiles/message_info__rosidl_typesupport_cpp.dir/rosidl_typesupport_cpp/message_info/msg/vision_geometry__type_support.cpp.o[0m
[35.865s] [ 23%] [32mBuilding C object CMakeFiles/message_info__rosidl_typesupport_introspection_c.dir/rosidl_typesupport_introspection_c/message_info/msg/detail/field_circular_arc__type_support.c.o[0m
[36.023s] [ 24%] [32mBuilding CXX object CMakeFiles/message_info__rosidl_typesupport_fastrtps_cpp.dir/rosidl_typesupport_fastrtps_cpp/message_info/msg/detail/dds_fastrtps/referee__type_support.cpp.o[0m
[36.055s] [ 25%] [32mBuilding C object CMakeFiles/message_info__rosidl_typesupport_introspection_c.dir/rosidl_typesupport_introspection_c/message_info/msg/detail/field_line_segment__type_support.c.o[0m
[36.223s] [ 26%] [32mBuilding CXX object CMakeFiles/message_info__rosidl_typesupport_introspection_cpp.dir/rosidl_typesupport_introspection_cpp/message_info/msg/detail/field_line_segment__type_support.cpp.o[0m
[36.243s] [ 26%] [32mBuilding C object CMakeFiles/message_info__rosidl_typesupport_introspection_c.dir/rosidl_typesupport_introspection_c/message_info/msg/detail/vision_geometry__type_support.c.o[0m
[36.455s] [ 27%] [32mBuilding C object CMakeFiles/message_info__rosidl_typesupport_introspection_c.dir/rosidl_typesupport_introspection_c/message_info/msg/detail/detection_ball__type_support.c.o[0m
[36.640s] [ 28%] [32mBuilding C object CMakeFiles/message_info__rosidl_typesupport_introspection_c.dir/rosidl_typesupport_introspection_c/message_info/msg/detail/detection_robot__type_support.c.o[0m
[36.836s] [ 28%] [32mBuilding C object CMakeFiles/message_info__rosidl_typesupport_introspection_c.dir/rosidl_typesupport_introspection_c/message_info/msg/detail/detection_frame__type_support.c.o[0m
[37.084s] [ 29%] [32mBuilding C object CMakeFiles/message_info__rosidl_typesupport_introspection_c.dir/rosidl_typesupport_introspection_c/message_info/msg/detail/vision_detections__type_support.c.o[0m
[37.295s] [ 29%] [32mBuilding C object CMakeFiles/message_info__rosidl_typesupport_introspection_c.dir/rosidl_typesupport_introspection_c/message_info/msg/detail/robot_command__type_support.c.o[0m
[37.485s] [ 30%] [32mBuilding C object CMakeFiles/message_info__rosidl_typesupport_introspection_c.dir/rosidl_typesupport_introspection_c/message_info/msg/detail/robot_commands__type_support.c.o[0m
[37.577s] [ 31%] [32mBuilding CXX object CMakeFiles/message_info__rosidl_typesupport_cpp.dir/rosidl_typesupport_cpp/message_info/msg/detection_ball__type_support.cpp.o[0m
[37.690s] [ 31%] [32mBuilding C object CMakeFiles/message_info__rosidl_typesupport_introspection_c.dir/rosidl_typesupport_introspection_c/message_info/msg/detail/test__type_support.c.o[0m
[37.878s] [ 32%] [32mBuilding C object CMakeFiles/message_info__rosidl_typesupport_introspection_c.dir/rosidl_typesupport_introspection_c/message_info/msg/detail/ball_info__type_support.c.o[0m
[37.948s] [ 33%] [32mBuilding CXX object CMakeFiles/message_info__rosidl_typesupport_introspection_cpp.dir/rosidl_typesupport_introspection_cpp/message_info/msg/detail/vision_geometry__type_support.cpp.o[0m
[38.072s] [ 34%] [32mBuilding C object CMakeFiles/message_info__rosidl_typesupport_introspection_c.dir/rosidl_typesupport_introspection_c/message_info/msg/detail/goal_info__type_support.c.o[0m
[38.315s] [ 34%] [32mBuilding C object CMakeFiles/message_info__rosidl_typesupport_introspection_c.dir/rosidl_typesupport_introspection_c/message_info/msg/detail/role__type_support.c.o[0m
[38.501s] [ 35%] [32mBuilding C object CMakeFiles/message_info__rosidl_typesupport_introspection_c.dir/rosidl_typesupport_introspection_c/message_info/msg/detail/attacker__type_support.c.o[0m
[38.707s] [ 35%] [32mBuilding C object CMakeFiles/message_info__rosidl_typesupport_introspection_c.dir/rosidl_typesupport_introspection_c/message_info/msg/detail/goalie__type_support.c.o[0m
[38.724s] [ 35%] [32mBuilding CXX object CMakeFiles/message_info__rosidl_typesupport_fastrtps_cpp.dir/rosidl_typesupport_fastrtps_cpp/message_info/msg/detail/dds_fastrtps/field_circular_arc__type_support.cpp.o[0m
[38.901s] [ 36%] [32mBuilding C object CMakeFiles/message_info__rosidl_typesupport_introspection_c.dir/rosidl_typesupport_introspection_c/message_info/msg/detail/info__type_support.c.o[0m
[39.093s] [ 36%] [32m[1mLinking C shared library libmessage_info__rosidl_typesupport_introspection_c.so[0m
[39.327s] [ 36%] Built target message_info__rosidl_typesupport_introspection_c
[39.345s] [ 36%] [32mBuilding CXX object CMakeFiles/message_info__rosidl_typesupport_cpp.dir/rosidl_typesupport_cpp/message_info/msg/detection_robot__type_support.cpp.o[0m
[39.383s] [ 37%] [32mBuilding CXX object CMakeFiles/message_info__rosidl_typesupport_cpp.dir/rosidl_typesupport_cpp/message_info/msg/detection_frame__type_support.cpp.o[0m
[40.456s] [ 37%] [32mBuilding CXX object CMakeFiles/message_info__rosidl_typesupport_introspection_cpp.dir/rosidl_typesupport_introspection_cpp/message_info/msg/detail/detection_ball__type_support.cpp.o[0m
[40.991s] [ 38%] [32mBuilding CXX object CMakeFiles/message_info__rosidl_typesupport_introspection_cpp.dir/rosidl_typesupport_introspection_cpp/message_info/msg/detail/detection_robot__type_support.cpp.o[0m
[41.049s] [ 39%] [32mBuilding CXX object CMakeFiles/message_info__rosidl_typesupport_cpp.dir/rosidl_typesupport_cpp/message_info/msg/vision_detections__type_support.cpp.o[0m
[41.309s] [ 40%] [32mBuilding CXX object CMakeFiles/message_info__rosidl_typesupport_fastrtps_cpp.dir/rosidl_typesupport_fastrtps_cpp/message_info/msg/detail/dds_fastrtps/field_line_segment__type_support.cpp.o[0m
[42.167s] [ 40%] [32mBuilding CXX object CMakeFiles/message_info__rosidl_typesupport_fastrtps_cpp.dir/rosidl_typesupport_fastrtps_cpp/message_info/msg/detail/dds_fastrtps/vision_geometry__type_support.cpp.o[0m
[42.630s] [ 40%] [32mBuilding CXX object CMakeFiles/message_info__rosidl_typesupport_introspection_cpp.dir/rosidl_typesupport_introspection_cpp/message_info/msg/detail/detection_frame__type_support.cpp.o[0m
[42.684s] [ 40%] [32mBuilding CXX object CMakeFiles/message_info__rosidl_typesupport_cpp.dir/rosidl_typesupport_cpp/message_info/msg/robot_command__type_support.cpp.o[0m
[43.853s] [ 41%] [32mBuilding CXX object CMakeFiles/message_info__rosidl_typesupport_cpp.dir/rosidl_typesupport_cpp/message_info/msg/robot_commands__type_support.cpp.o[0m
[44.344s] [ 42%] [32mBuilding CXX object CMakeFiles/message_info__rosidl_typesupport_fastrtps_cpp.dir/rosidl_typesupport_fastrtps_cpp/message_info/msg/detail/dds_fastrtps/detection_ball__type_support.cpp.o[0m
[44.911s] [ 43%] [32mBuilding CXX object CMakeFiles/message_info__rosidl_typesupport_introspection_cpp.dir/rosidl_typesupport_introspection_cpp/message_info/msg/detail/vision_detections__type_support.cpp.o[0m
[45.690s] [ 43%] [32mBuilding CXX object CMakeFiles/message_info__rosidl_typesupport_introspection_cpp.dir/rosidl_typesupport_introspection_cpp/message_info/msg/detail/robot_command__type_support.cpp.o[0m
[45.959s] [ 43%] [32mBuilding CXX object CMakeFiles/message_info__rosidl_typesupport_cpp.dir/rosidl_typesupport_cpp/message_info/msg/test__type_support.cpp.o[0m
[46.930s] [ 44%] [32mBuilding CXX object CMakeFiles/message_info__rosidl_typesupport_fastrtps_cpp.dir/rosidl_typesupport_fastrtps_cpp/message_info/msg/detail/dds_fastrtps/detection_robot__type_support.cpp.o[0m
[47.080s] [ 45%] [32mBuilding CXX object CMakeFiles/message_info__rosidl_typesupport_introspection_cpp.dir/rosidl_typesupport_introspection_cpp/message_info/msg/detail/robot_commands__type_support.cpp.o[0m
[47.362s] [ 45%] [32mBuilding CXX object CMakeFiles/message_info__rosidl_typesupport_fastrtps_cpp.dir/rosidl_typesupport_fastrtps_cpp/message_info/msg/detail/dds_fastrtps/detection_frame__type_support.cpp.o[0m
[47.662s] [ 46%] [32mBuilding CXX object CMakeFiles/message_info__rosidl_typesupport_cpp.dir/rosidl_typesupport_cpp/message_info/msg/ball_info__type_support.cpp.o[0m
[48.827s] [ 47%] [32mBuilding CXX object CMakeFiles/message_info__rosidl_typesupport_introspection_cpp.dir/rosidl_typesupport_introspection_cpp/message_info/msg/detail/test__type_support.cpp.o[0m
[49.331s] [ 47%] [32mBuilding CXX object CMakeFiles/message_info__rosidl_typesupport_cpp.dir/rosidl_typesupport_cpp/message_info/msg/goal_info__type_support.cpp.o[0m
[49.421s] [ 48%] [32mBuilding CXX object CMakeFiles/message_info__rosidl_typesupport_cpp.dir/rosidl_typesupport_cpp/message_info/msg/role__type_support.cpp.o[0m
[50.682s] [ 49%] [32mBuilding CXX object CMakeFiles/message_info__rosidl_typesupport_fastrtps_cpp.dir/rosidl_typesupport_fastrtps_cpp/message_info/msg/detail/dds_fastrtps/vision_detections__type_support.cpp.o[0m
[50.718s] [ 49%] [32mBuilding CXX object CMakeFiles/message_info__rosidl_typesupport_introspection_cpp.dir/rosidl_typesupport_introspection_cpp/message_info/msg/detail/ball_info__type_support.cpp.o[0m
[50.964s] [ 50%] [32mBuilding CXX object CMakeFiles/message_info__rosidl_typesupport_introspection_cpp.dir/rosidl_typesupport_introspection_cpp/message_info/msg/detail/goal_info__type_support.cpp.o[0m
[51.036s] [ 51%] [32mBuilding CXX object CMakeFiles/message_info__rosidl_typesupport_cpp.dir/rosidl_typesupport_cpp/message_info/msg/attacker__type_support.cpp.o[0m
[52.358s] [ 51%] [32mBuilding CXX object CMakeFiles/message_info__rosidl_typesupport_cpp.dir/rosidl_typesupport_cpp/message_info/msg/goalie__type_support.cpp.o[0m
[52.628s] [ 51%] [32mBuilding CXX object CMakeFiles/message_info__rosidl_typesupport_introspection_cpp.dir/rosidl_typesupport_introspection_cpp/message_info/msg/detail/role__type_support.cpp.o[0m
[52.680s] [ 52%] [32mBuilding CXX object CMakeFiles/message_info__rosidl_typesupport_introspection_cpp.dir/rosidl_typesupport_introspection_cpp/message_info/msg/detail/attacker__type_support.cpp.o[0m
[53.714s] [ 52%] [32mBuilding CXX object CMakeFiles/message_info__rosidl_typesupport_fastrtps_cpp.dir/rosidl_typesupport_fastrtps_cpp/message_info/msg/detail/dds_fastrtps/robot_command__type_support.cpp.o[0m
[54.074s] [ 53%] [32mBuilding CXX object CMakeFiles/message_info__rosidl_typesupport_cpp.dir/rosidl_typesupport_cpp/message_info/msg/info__type_support.cpp.o[0m
[54.338s] [ 54%] [32mBuilding CXX object CMakeFiles/message_info__rosidl_typesupport_fastrtps_cpp.dir/rosidl_typesupport_fastrtps_cpp/message_info/msg/detail/dds_fastrtps/robot_commands__type_support.cpp.o[0m
[54.350s] [ 54%] [32mBuilding CXX object CMakeFiles/message_info__rosidl_typesupport_introspection_cpp.dir/rosidl_typesupport_introspection_cpp/message_info/msg/detail/goalie__type_support.cpp.o[0m
[55.769s] [ 54%] [32m[1mLinking CXX shared library libmessage_info__rosidl_typesupport_cpp.so[0m
[56.030s] [ 55%] [32mBuilding CXX object CMakeFiles/message_info__rosidl_typesupport_introspection_cpp.dir/rosidl_typesupport_introspection_cpp/message_info/msg/detail/info__type_support.cpp.o[0m
[56.035s] [ 55%] Built target message_info__rosidl_typesupport_cpp
[56.085s] [ 55%] [32mBuilding CXX object CMakeFiles/message_info__rosidl_typesupport_fastrtps_cpp.dir/rosidl_typesupport_fastrtps_cpp/message_info/msg/detail/dds_fastrtps/test__type_support.cpp.o[0m
[56.311s] [ 56%] [34m[1mGenerating C type support dispatch for ROS interfaces[0m
[56.934s] [ 57%] [32mBuilding CXX object CMakeFiles/message_info__rosidl_typesupport_fastrtps_cpp.dir/rosidl_typesupport_fastrtps_cpp/message_info/msg/detail/dds_fastrtps/ball_info__type_support.cpp.o[0m
[58.797s] [ 58%] [32m[1mLinking CXX shared library libmessage_info__rosidl_typesupport_introspection_cpp.so[0m
[58.862s] [ 59%] [32mBuilding CXX object CMakeFiles/message_info__rosidl_typesupport_fastrtps_cpp.dir/rosidl_typesupport_fastrtps_cpp/message_info/msg/detail/dds_fastrtps/goal_info__type_support.cpp.o[0m
[59.294s] [ 59%] Built target message_info__rosidl_typesupport_introspection_cpp
[59.343s] [ 59%] [32mBuilding CXX object CMakeFiles/message_info__rosidl_typesupport_fastrtps_cpp.dir/rosidl_typesupport_fastrtps_cpp/message_info/msg/detail/dds_fastrtps/role__type_support.cpp.o[0m
[59.471s] [ 60%] [32mBuilding CXX object CMakeFiles/message_info__rosidl_typesupport_fastrtps_cpp.dir/rosidl_typesupport_fastrtps_cpp/message_info/msg/detail/dds_fastrtps/attacker__type_support.cpp.o[0m
[61.401s] [ 60%] [32mBuilding CXX object CMakeFiles/message_info__rosidl_typesupport_fastrtps_cpp.dir/rosidl_typesupport_fastrtps_cpp/message_info/msg/detail/dds_fastrtps/goalie__type_support.cpp.o[0m
[61.968s] [ 61%] [32mBuilding CXX object CMakeFiles/message_info__rosidl_typesupport_fastrtps_cpp.dir/rosidl_typesupport_fastrtps_cpp/message_info/msg/detail/dds_fastrtps/info__type_support.cpp.o[0m
[62.346s] [35m[1mScanning dependencies of target message_info__rosidl_typesupport_c[0m
[62.457s] [ 61%] [32mBuilding CXX object CMakeFiles/message_info__rosidl_typesupport_c.dir/rosidl_typesupport_c/message_info/msg/referee_game_event__type_support.cpp.o[0m
[62.462s] [ 62%] [32mBuilding CXX object CMakeFiles/message_info__rosidl_typesupport_c.dir/rosidl_typesupport_c/message_info/msg/referee_team_info__type_support.cpp.o[0m
[62.635s] [ 62%] [32mBuilding CXX object CMakeFiles/message_info__rosidl_typesupport_c.dir/rosidl_typesupport_c/message_info/msg/referee__type_support.cpp.o[0m
[62.642s] [ 63%] [32mBuilding CXX object CMakeFiles/message_info__rosidl_typesupport_c.dir/rosidl_typesupport_c/message_info/msg/field_circular_arc__type_support.cpp.o[0m
[62.813s] [ 64%] [32mBuilding CXX object CMakeFiles/message_info__rosidl_typesupport_c.dir/rosidl_typesupport_c/message_info/msg/field_line_segment__type_support.cpp.o[0m
[62.815s] [ 64%] [32mBuilding CXX object CMakeFiles/message_info__rosidl_typesupport_c.dir/rosidl_typesupport_c/message_info/msg/vision_geometry__type_support.cpp.o[0m
[62.986s] [ 65%] [32mBuilding CXX object CMakeFiles/message_info__rosidl_typesupport_c.dir/rosidl_typesupport_c/message_info/msg/detection_ball__type_support.cpp.o[0m
[62.998s] [ 65%] [32mBuilding CXX object CMakeFiles/message_info__rosidl_typesupport_c.dir/rosidl_typesupport_c/message_info/msg/detection_robot__type_support.cpp.o[0m
[63.161s] [ 66%] [32mBuilding CXX object CMakeFiles/message_info__rosidl_typesupport_c.dir/rosidl_typesupport_c/message_info/msg/detection_frame__type_support.cpp.o[0m
[63.175s] [ 66%] [32mBuilding CXX object CMakeFiles/message_info__rosidl_typesupport_c.dir/rosidl_typesupport_c/message_info/msg/vision_detections__type_support.cpp.o[0m
[63.337s] [ 67%] [32mBuilding CXX object CMakeFiles/message_info__rosidl_typesupport_c.dir/rosidl_typesupport_c/message_info/msg/robot_command__type_support.cpp.o[0m
[63.363s] [ 68%] [32mBuilding CXX object CMakeFiles/message_info__rosidl_typesupport_c.dir/rosidl_typesupport_c/message_info/msg/robot_commands__type_support.cpp.o[0m
[63.508s] [ 68%] [32mBuilding CXX object CMakeFiles/message_info__rosidl_typesupport_c.dir/rosidl_typesupport_c/message_info/msg/test__type_support.cpp.o[0m
[63.583s] [ 69%] [32mBuilding CXX object CMakeFiles/message_info__rosidl_typesupport_c.dir/rosidl_typesupport_c/message_info/msg/ball_info__type_support.cpp.o[0m
[63.713s] [ 69%] [32mBuilding CXX object CMakeFiles/message_info__rosidl_typesupport_c.dir/rosidl_typesupport_c/message_info/msg/goal_info__type_support.cpp.o[0m
[63.757s] [ 70%] [32mBuilding CXX object CMakeFiles/message_info__rosidl_typesupport_c.dir/rosidl_typesupport_c/message_info/msg/role__type_support.cpp.o[0m
[63.889s] [ 70%] [32mBuilding CXX object CMakeFiles/message_info__rosidl_typesupport_c.dir/rosidl_typesupport_c/message_info/msg/attacker__type_support.cpp.o[0m
[63.928s] [ 71%] [32mBuilding CXX object CMakeFiles/message_info__rosidl_typesupport_c.dir/rosidl_typesupport_c/message_info/msg/goalie__type_support.cpp.o[0m
[64.069s] [ 72%] [32mBuilding CXX object CMakeFiles/message_info__rosidl_typesupport_c.dir/rosidl_typesupport_c/message_info/msg/info__type_support.cpp.o[0m
[64.230s] [ 72%] [32m[1mLinking CXX shared library libmessage_info__rosidl_typesupport_c.so[0m
[64.430s] [ 72%] Built target message_info__rosidl_typesupport_c
[64.818s] [ 72%] [32m[1mLinking CXX shared library libmessage_info__rosidl_typesupport_fastrtps_cpp.so[0m
[65.277s] [ 72%] Built target message_info__rosidl_typesupport_fastrtps_cpp
[65.330s] [ 73%] [34m[1mGenerating C type support for eProsima Fast-RTPS[0m
[71.321s] [35m[1mScanning dependencies of target message_info__rosidl_typesupport_fastrtps_c[0m
[71.563s] [ 73%] [32mBuilding CXX object CMakeFiles/message_info__rosidl_typesupport_fastrtps_c.dir/rosidl_typesupport_fastrtps_c/message_info/msg/detail/referee_game_event__type_support_c.cpp.o[0m
[71.565s] [ 74%] [32mBuilding CXX object CMakeFiles/message_info__rosidl_typesupport_fastrtps_c.dir/rosidl_typesupport_fastrtps_c/message_info/msg/detail/referee_team_info__type_support_c.cpp.o[0m
[71.574s] [ 75%] [32mBuilding CXX object CMakeFiles/message_info__rosidl_typesupport_fastrtps_c.dir/rosidl_typesupport_fastrtps_c/message_info/msg/detail/referee__type_support_c.cpp.o[0m
[71.577s] [ 75%] [32mBuilding CXX object CMakeFiles/message_info__rosidl_typesupport_fastrtps_c.dir/rosidl_typesupport_fastrtps_c/message_info/msg/detail/field_circular_arc__type_support_c.cpp.o[0m
[73.709s] [ 76%] [32mBuilding CXX object CMakeFiles/message_info__rosidl_typesupport_fastrtps_c.dir/rosidl_typesupport_fastrtps_c/message_info/msg/detail/vision_geometry__type_support_c.cpp.o[0m
[73.711s] [ 76%] [32mBuilding CXX object CMakeFiles/message_info__rosidl_typesupport_fastrtps_c.dir/rosidl_typesupport_fastrtps_c/message_info/msg/detail/field_line_segment__type_support_c.cpp.o[0m
[73.724s] [ 77%] [32mBuilding CXX object CMakeFiles/message_info__rosidl_typesupport_fastrtps_c.dir/rosidl_typesupport_fastrtps_c/message_info/msg/detail/detection_ball__type_support_c.cpp.o[0m
[73.731s] [ 77%] [32mBuilding CXX object CMakeFiles/message_info__rosidl_typesupport_fastrtps_c.dir/rosidl_typesupport_fastrtps_c/message_info/msg/detail/detection_robot__type_support_c.cpp.o[0m
[75.796s] [ 78%] [32mBuilding CXX object CMakeFiles/message_info__rosidl_typesupport_fastrtps_c.dir/rosidl_typesupport_fastrtps_c/message_info/msg/detail/vision_detections__type_support_c.cpp.o[0m
[75.799s] [ 79%] [32mBuilding CXX object CMakeFiles/message_info__rosidl_typesupport_fastrtps_c.dir/rosidl_typesupport_fastrtps_c/message_info/msg/detail/detection_frame__type_support_c.cpp.o[0m
[75.809s] [ 79%] [32mBuilding CXX object CMakeFiles/message_info__rosidl_typesupport_fastrtps_c.dir/rosidl_typesupport_fastrtps_c/message_info/msg/detail/robot_command__type_support_c.cpp.o[0m
[75.860s] [ 80%] [32mBuilding CXX object CMakeFiles/message_info__rosidl_typesupport_fastrtps_c.dir/rosidl_typesupport_fastrtps_c/message_info/msg/detail/robot_commands__type_support_c.cpp.o[0m
[77.882s] [ 80%] [32mBuilding CXX object CMakeFiles/message_info__rosidl_typesupport_fastrtps_c.dir/rosidl_typesupport_fastrtps_c/message_info/msg/detail/test__type_support_c.cpp.o[0m
[77.923s] [ 81%] [32mBuilding CXX object CMakeFiles/message_info__rosidl_typesupport_fastrtps_c.dir/rosidl_typesupport_fastrtps_c/message_info/msg/detail/ball_info__type_support_c.cpp.o[0m
[77.933s] [ 81%] [32mBuilding CXX object CMakeFiles/message_info__rosidl_typesupport_fastrtps_c.dir/rosidl_typesupport_fastrtps_c/message_info/msg/detail/goal_info__type_support_c.cpp.o[0m
[78.100s] [ 82%] [32mBuilding CXX object CMakeFiles/message_info__rosidl_typesupport_fastrtps_c.dir/rosidl_typesupport_fastrtps_c/message_info/msg/detail/role__type_support_c.cpp.o[0m
[79.946s] [ 83%] [32mBuilding CXX object CMakeFiles/message_info__rosidl_typesupport_fastrtps_c.dir/rosidl_typesupport_fastrtps_c/message_info/msg/detail/attacker__type_support_c.cpp.o[0m
[79.981s] [ 83%] [32mBuilding CXX object CMakeFiles/message_info__rosidl_typesupport_fastrtps_c.dir/rosidl_typesupport_fastrtps_c/message_info/msg/detail/goalie__type_support_c.cpp.o[0m
[80.097s] [ 84%] [32mBuilding CXX object CMakeFiles/message_info__rosidl_typesupport_fastrtps_c.dir/rosidl_typesupport_fastrtps_c/message_info/msg/detail/info__type_support_c.cpp.o[0m
[82.027s] [ 84%] [32m[1mLinking CXX shared library libmessage_info__rosidl_typesupport_fastrtps_c.so[0m
[82.416s] [ 84%] Built target message_info__rosidl_typesupport_fastrtps_c
[82.459s] [35m[1mScanning dependencies of target message_info[0m
[82.508s] [ 84%] Built target message_info
[82.554s] [35m[1mScanning dependencies of target message_info__py[0m
[82.608s] [ 85%] [34m[1mGenerating Python code for ROS interfaces[0m
[94.905s] [ 85%] Built target message_info__py
[94.951s] [35m[1mScanning dependencies of target message_info__python[0m
[95.350s] [ 85%] [32mBuilding C object CMakeFiles/message_info__python.dir/rosidl_generator_py/message_info/msg/_referee_game_event_s.c.o[0m
[95.355s] [ 86%] [32mBuilding C object CMakeFiles/message_info__python.dir/rosidl_generator_py/message_info/msg/_referee_team_info_s.c.o[0m
[95.359s] [ 86%] [32mBuilding C object CMakeFiles/message_info__python.dir/rosidl_generator_py/message_info/msg/_referee_s.c.o[0m
[95.363s] [ 87%] [32mBuilding C object CMakeFiles/message_info__python.dir/rosidl_generator_py/message_info/msg/_field_circular_arc_s.c.o[0m
[95.920s] [ 88%] [32mBuilding C object CMakeFiles/message_info__python.dir/rosidl_generator_py/message_info/msg/_field_line_segment_s.c.o[0m
[95.937s] [ 88%] [32mBuilding C object CMakeFiles/message_info__python.dir/rosidl_generator_py/message_info/msg/_vision_geometry_s.c.o[0m
[95.947s] [ 89%] [32mBuilding C object CMakeFiles/message_info__python.dir/rosidl_generator_py/message_info/msg/_detection_ball_s.c.o[0m
[95.975s] [ 89%] [32mBuilding C object CMakeFiles/message_info__python.dir/rosidl_generator_py/message_info/msg/_detection_robot_s.c.o[0m
[96.578s] [ 90%] [32mBuilding C object CMakeFiles/message_info__python.dir/rosidl_generator_py/message_info/msg/_detection_frame_s.c.o[0m
[96.586s] [ 90%] [32mBuilding C object CMakeFiles/message_info__python.dir/rosidl_generator_py/message_info/msg/_vision_detections_s.c.o[0m
[96.601s] [ 91%] [32mBuilding C object CMakeFiles/message_info__python.dir/rosidl_generator_py/message_info/msg/_robot_command_s.c.o[0m
[96.612s] [ 92%] [32mBuilding C object CMakeFiles/message_info__python.dir/rosidl_generator_py/message_info/msg/_robot_commands_s.c.o[0m
[97.100s] [ 92%] [32mBuilding C object CMakeFiles/message_info__python.dir/rosidl_generator_py/message_info/msg/_test_s.c.o[0m
[97.123s] [ 93%] [32mBuilding C object CMakeFiles/message_info__python.dir/rosidl_generator_py/message_info/msg/_ball_info_s.c.o[0m
[97.133s] [ 93%] [32mBuilding C object CMakeFiles/message_info__python.dir/rosidl_generator_py/message_info/msg/_goal_info_s.c.o[0m
[97.167s] [ 94%] [32mBuilding C object CMakeFiles/message_info__python.dir/rosidl_generator_py/message_info/msg/_role_s.c.o[0m
[97.581s] [ 94%] [32mBuilding C object CMakeFiles/message_info__python.dir/rosidl_generator_py/message_info/msg/_attacker_s.c.o[0m
[97.594s] [ 95%] [32mBuilding C object CMakeFiles/message_info__python.dir/rosidl_generator_py/message_info/msg/_goalie_s.c.o[0m
[97.636s] [ 96%] [32mBuilding C object CMakeFiles/message_info__python.dir/rosidl_generator_py/message_info/msg/_info_s.c.o[0m
[98.116s] [ 96%] [32m[1mLinking C shared library rosidl_generator_py/message_info/libmessage_info__python.so[0m
[98.371s] [ 96%] Built target message_info__python
[98.417s] [35m[1mScanning dependencies of target message_info__rosidl_typesupport_introspection_c__pyext[0m
[98.417s] [35m[1mScanning dependencies of target message_info__rosidl_typesupport_c__pyext[0m
[98.419s] [35m[1mScanning dependencies of target message_info__rosidl_typesupport_fastrtps_c__pyext[0m
[98.530s] [ 97%] [32mBuilding C object CMakeFiles/message_info__rosidl_typesupport_c__pyext.dir/rosidl_generator_py/message_info/_message_info_s.ep.rosidl_typesupport_c.c.o[0m
[98.545s] [ 98%] [32mBuilding C object CMakeFiles/message_info__rosidl_typesupport_introspection_c__pyext.dir/rosidl_generator_py/message_info/_message_info_s.ep.rosidl_typesupport_introspection_c.c.o[0m
[98.585s] [ 99%] [32mBuilding C object CMakeFiles/message_info__rosidl_typesupport_fastrtps_c__pyext.dir/rosidl_generator_py/message_info/_message_info_s.ep.rosidl_typesupport_fastrtps_c.c.o[0m
[99.217s] [ 99%] [32m[1mLinking C shared library rosidl_generator_py/message_info/message_info_s__rosidl_typesupport_c.cpython-38-aarch64-linux-gnu.so[0m
[99.231s] [100%] [32m[1mLinking C shared library rosidl_generator_py/message_info/message_info_s__rosidl_typesupport_introspection_c.cpython-38-aarch64-linux-gnu.so[0m
[99.334s] [100%] [32m[1mLinking CXX shared library rosidl_generator_py/message_info/message_info_s__rosidl_typesupport_fastrtps_c.cpython-38-aarch64-linux-gnu.so[0m
[99.509s] [100%] Built target message_info__rosidl_typesupport_c__pyext
[99.529s] [100%] Built target message_info__rosidl_typesupport_introspection_c__pyext
[99.734s] [100%] Built target message_info__rosidl_typesupport_fastrtps_c__pyext
[99.812s] Invoked command in '/home/ubuntu/SSLRasp/build/message_info' returned '0': CMAKE_PREFIX_PATH=${CMAKE_PREFIX_PATH}:/home/ubuntu/SSLRasp/install/rasp:/opt/ros/foxy /usr/bin/cmake --build /home/ubuntu/SSLRasp/build/message_info -- -j4 -l4
[101.902s] Invoking command in '/home/ubuntu/SSLRasp/build/message_info': CMAKE_PREFIX_PATH=${CMAKE_PREFIX_PATH}:/home/ubuntu/SSLRasp/install/rasp:/opt/ros/foxy /usr/bin/cmake --install /home/ubuntu/SSLRasp/build/message_info
[101.938s] -- Install configuration: ""
[101.939s] -- Installing: /home/ubuntu/SSLRasp/install/message_info/share/ament_index/resource_index/rosidl_interfaces/message_info
[101.940s] -- Installing: /home/ubuntu/SSLRasp/install/message_info/include/message_info
[101.940s] -- Installing: /home/ubuntu/SSLRasp/install/message_info/include/message_info/msg
[101.941s] -- Installing: /home/ubuntu/SSLRasp/install/message_info/include/message_info/msg/test.h
[101.942s] -- Installing: /home/ubuntu/SSLRasp/install/message_info/include/message_info/msg/goal_info.h
[101.943s] -- Installing: /home/ubuntu/SSLRasp/install/message_info/include/message_info/msg/detection_frame.h
[101.944s] -- Installing: /home/ubuntu/SSLRasp/install/message_info/include/message_info/msg/attacker.h
[101.944s] -- Installing: /home/ubuntu/SSLRasp/install/message_info/include/message_info/msg/info.h
[101.945s] -- Installing: /home/ubuntu/SSLRasp/install/message_info/include/message_info/msg/vision_detections.h
[101.946s] -- Installing: /home/ubuntu/SSLRasp/install/message_info/include/message_info/msg/detail
[101.947s] -- Installing: /home/ubuntu/SSLRasp/install/message_info/include/message_info/msg/detail/detection_ball__type_support.h
[101.948s] -- Installing: /home/ubuntu/SSLRasp/install/message_info/include/message_info/msg/detail/test__functions.c
[101.949s] -- Installing: /home/ubuntu/SSLRasp/install/message_info/include/message_info/msg/detail/detection_frame__functions.c
[101.950s] -- Installing: /home/ubuntu/SSLRasp/install/message_info/include/message_info/msg/detail/vision_geometry__struct.h
[101.951s] -- Installing: /home/ubuntu/SSLRasp/install/message_info/include/message_info/msg/detail/detection_robot__functions.h
[101.952s] -- Installing: /home/ubuntu/SSLRasp/install/message_info/include/message_info/msg/detail/test__type_support.h
[101.953s] -- Installing: /home/ubuntu/SSLRasp/install/message_info/include/message_info/msg/detail/robot_commands__struct.h
[101.954s] -- Installing: /home/ubuntu/SSLRasp/install/message_info/include/message_info/msg/detail/goalie__functions.h
[101.955s] -- Installing: /home/ubuntu/SSLRasp/install/message_info/include/message_info/msg/detail/ball_info__functions.c
[101.956s] -- Installing: /home/ubuntu/SSLRasp/install/message_info/include/message_info/msg/detail/goalie__type_support.h
[101.957s] -- Installing: /home/ubuntu/SSLRasp/install/message_info/include/message_info/msg/detail/field_line_segment__functions.h
[101.958s] -- Installing: /home/ubuntu/SSLRasp/install/message_info/include/message_info/msg/detail/robot_command__type_support.h
[101.959s] -- Installing: /home/ubuntu/SSLRasp/install/message_info/include/message_info/msg/detail/field_circular_arc__functions.c
[101.959s] -- Installing: /home/ubuntu/SSLRasp/install/message_info/include/message_info/msg/detail/referee__type_support.h
[101.960s] -- Installing: /home/ubuntu/SSLRasp/install/message_info/include/message_info/msg/detail/attacker__functions.h
[101.961s] -- Installing: /home/ubuntu/SSLRasp/install/message_info/include/message_info/msg/detail/attacker__type_support.h
[101.962s] -- Installing: /home/ubuntu/SSLRasp/install/message_info/include/message_info/msg/detail/role__functions.c
[101.963s] -- Installing: /home/ubuntu/SSLRasp/install/message_info/include/message_info/msg/detail/field_line_segment__struct.h
[101.964s] -- Installing: /home/ubuntu/SSLRasp/install/message_info/include/message_info/msg/detail/robot_commands__functions.h
[101.965s] -- Installing: /home/ubuntu/SSLRasp/install/message_info/include/message_info/msg/detail/goalie__functions.c
[101.966s] -- Installing: /home/ubuntu/SSLRasp/install/message_info/include/message_info/msg/detail/vision_geometry__functions.h
[101.967s] -- Installing: /home/ubuntu/SSLRasp/install/message_info/include/message_info/msg/detail/goal_info__functions.c
[101.968s] -- Installing: /home/ubuntu/SSLRasp/install/message_info/include/message_info/msg/detail/field_line_segment__type_support.h
[101.969s] -- Installing: /home/ubuntu/SSLRasp/install/message_info/include/message_info/msg/detail/referee_game_event__functions.h
[101.970s] -- Installing: /home/ubuntu/SSLRasp/install/message_info/include/message_info/msg/detail/vision_detections__struct.h
[101.970s] -- Installing: /home/ubuntu/SSLRasp/install/message_info/include/message_info/msg/detail/detection_robot__functions.c
[101.971s] -- Installing: /home/ubuntu/SSLRasp/install/message_info/include/message_info/msg/detail/goal_info__functions.h
[101.972s] -- Installing: /home/ubuntu/SSLRasp/install/message_info/include/message_info/msg/detail/robot_commands__type_support.h
[101.973s] -- Installing: /home/ubuntu/SSLRasp/install/message_info/include/message_info/msg/detail/goal_info__type_support.h
[101.974s] -- Installing: /home/ubuntu/SSLRasp/install/message_info/include/message_info/msg/detail/test__struct.h
[101.975s] -- Installing: /home/ubuntu/SSLRasp/install/message_info/include/message_info/msg/detail/vision_detections__functions.h
[101.976s] -- Installing: /home/ubuntu/SSLRasp/install/message_info/include/message_info/msg/detail/field_circular_arc__functions.h
[101.977s] -- Installing: /home/ubuntu/SSLRasp/install/message_info/include/message_info/msg/detail/field_circular_arc__struct.h
[101.978s] -- Installing: /home/ubuntu/SSLRasp/install/message_info/include/message_info/msg/detail/ball_info__struct.h
[101.979s] -- Installing: /home/ubuntu/SSLRasp/install/message_info/include/message_info/msg/detail/goalie__struct.h
[101.979s] -- Installing: /home/ubuntu/SSLRasp/install/message_info/include/message_info/msg/detail/robot_command__struct.h
[101.981s] -- Installing: /home/ubuntu/SSLRasp/install/message_info/include/message_info/msg/detail/role__type_support.h
[101.981s] -- Installing: /home/ubuntu/SSLRasp/install/message_info/include/message_info/msg/detail/detection_robot__struct.h
[101.982s] -- Installing: /home/ubuntu/SSLRasp/install/message_info/include/message_info/msg/detail/referee_team_info__functions.h
[101.983s] -- Installing: /home/ubuntu/SSLRasp/install/message_info/include/message_info/msg/detail/info__struct.h
[101.984s] -- Installing: /home/ubuntu/SSLRasp/install/message_info/include/message_info/msg/detail/robot_commands__functions.c
[101.985s] -- Installing: /home/ubuntu/SSLRasp/install/message_info/include/message_info/msg/detail/referee_team_info__struct.h
[101.986s] -- Installing: /home/ubuntu/SSLRasp/install/message_info/include/message_info/msg/detail/robot_command__functions.h
[101.987s] -- Installing: /home/ubuntu/SSLRasp/install/message_info/include/message_info/msg/detail/detection_frame__type_support.h
[101.988s] -- Installing: /home/ubuntu/SSLRasp/install/message_info/include/message_info/msg/detail/detection_frame__struct.h
[101.989s] -- Installing: /home/ubuntu/SSLRasp/install/message_info/include/message_info/msg/detail/referee_team_info__functions.c
[101.990s] -- Installing: /home/ubuntu/SSLRasp/install/message_info/include/message_info/msg/detail/vision_geometry__type_support.h
[101.991s] -- Installing: /home/ubuntu/SSLRasp/install/message_info/include/message_info/msg/detail/vision_geometry__functions.c
[101.992s] -- Installing: /home/ubuntu/SSLRasp/install/message_info/include/message_info/msg/detail/detection_robot__type_support.h
[101.992s] -- Installing: /home/ubuntu/SSLRasp/install/message_info/include/message_info/msg/detail/role__functions.h
[101.993s] -- Installing: /home/ubuntu/SSLRasp/install/message_info/include/message_info/msg/detail/ball_info__type_support.h
[101.994s] -- Installing: /home/ubuntu/SSLRasp/install/message_info/include/message_info/msg/detail/referee_team_info__type_support.h
[101.995s] -- Installing: /home/ubuntu/SSLRasp/install/message_info/include/message_info/msg/detail/detection_ball__functions.c
[101.996s] -- Installing: /home/ubuntu/SSLRasp/install/message_info/include/message_info/msg/detail/referee__functions.c
[101.997s] -- Installing: /home/ubuntu/SSLRasp/install/message_info/include/message_info/msg/detail/field_line_segment__functions.c
[101.998s] -- Installing: /home/ubuntu/SSLRasp/install/message_info/include/message_info/msg/detail/referee_game_event__type_support.h
[101.999s] -- Installing: /home/ubuntu/SSLRasp/install/message_info/include/message_info/msg/detail/robot_command__functions.c
[102.000s] -- Installing: /home/ubuntu/SSLRasp/install/message_info/include/message_info/msg/detail/detection_ball__struct.h
[102.001s] -- Installing: /home/ubuntu/SSLRasp/install/message_info/include/message_info/msg/detail/role__struct.h
[102.002s] -- Installing: /home/ubuntu/SSLRasp/install/message_info/include/message_info/msg/detail/detection_ball__functions.h
[102.003s] -- Installing: /home/ubuntu/SSLRasp/install/message_info/include/message_info/msg/detail/test__functions.h
[102.003s] -- Installing: /home/ubuntu/SSLRasp/install/message_info/include/message_info/msg/detail/referee_game_event__functions.c
[102.004s] -- Installing: /home/ubuntu/SSLRasp/install/message_info/include/message_info/msg/detail/vision_detections__functions.c
[102.005s] -- Installing: /home/ubuntu/SSLRasp/install/message_info/include/message_info/msg/detail/info__functions.h
[102.006s] -- Installing: /home/ubuntu/SSLRasp/install/message_info/include/message_info/msg/detail/attacker__struct.h
[102.007s] -- Installing: /home/ubuntu/SSLRasp/install/message_info/include/message_info/msg/detail/vision_detections__type_support.h
[102.008s] -- Installing: /home/ubuntu/SSLRasp/install/message_info/include/message_info/msg/detail/referee__functions.h
[102.009s] -- Installing: /home/ubuntu/SSLRasp/install/message_info/include/message_info/msg/detail/referee_game_event__struct.h
[102.010s] -- Installing: /home/ubuntu/SSLRasp/install/message_info/include/message_info/msg/detail/referee__struct.h
[102.011s] -- Installing: /home/ubuntu/SSLRasp/install/message_info/include/message_info/msg/detail/ball_info__functions.h
[102.012s] -- Installing: /home/ubuntu/SSLRasp/install/message_info/include/message_info/msg/detail/attacker__functions.c
[102.013s] -- Installing: /home/ubuntu/SSLRasp/install/message_info/include/message_info/msg/detail/goal_info__struct.h
[102.013s] -- Installing: /home/ubuntu/SSLRasp/install/message_info/include/message_info/msg/detail/field_circular_arc__type_support.h
[102.014s] -- Installing: /home/ubuntu/SSLRasp/install/message_info/include/message_info/msg/detail/info__type_support.h
[102.015s] -- Installing: /home/ubuntu/SSLRasp/install/message_info/include/message_info/msg/detail/info__functions.c
[102.016s] -- Installing: /home/ubuntu/SSLRasp/install/message_info/include/message_info/msg/detail/detection_frame__functions.h
[102.017s] -- Installing: /home/ubuntu/SSLRasp/install/message_info/include/message_info/msg/rosidl_generator_c__visibility_control.h
[102.018s] -- Installing: /home/ubuntu/SSLRasp/install/message_info/include/message_info/msg/field_circular_arc.h
[102.019s] -- Installing: /home/ubuntu/SSLRasp/install/message_info/include/message_info/msg/role.h
[102.020s] -- Installing: /home/ubuntu/SSLRasp/install/message_info/include/message_info/msg/field_line_segment.h
[102.021s] -- Installing: /home/ubuntu/SSLRasp/install/message_info/include/message_info/msg/referee_team_info.h
[102.021s] -- Installing: /home/ubuntu/SSLRasp/install/message_info/include/message_info/msg/goalie.h
[102.022s] -- Installing: /home/ubuntu/SSLRasp/install/message_info/include/message_info/msg/referee.h
[102.023s] -- Installing: /home/ubuntu/SSLRasp/install/message_info/include/message_info/msg/ball_info.h
[102.024s] -- Installing: /home/ubuntu/SSLRasp/install/message_info/include/message_info/msg/robot_commands.h
[102.025s] -- Installing: /home/ubuntu/SSLRasp/install/message_info/include/message_info/msg/robot_command.h
[102.025s] -- Installing: /home/ubuntu/SSLRasp/install/message_info/include/message_info/msg/detection_ball.h
[102.026s] -- Installing: /home/ubuntu/SSLRasp/install/message_info/include/message_info/msg/detection_robot.h
[102.027s] -- Installing: /home/ubuntu/SSLRasp/install/message_info/include/message_info/msg/referee_game_event.h
[102.028s] -- Installing: /home/ubuntu/SSLRasp/install/message_info/include/message_info/msg/vision_geometry.h
[102.029s] -- Installing: /home/ubuntu/SSLRasp/install/message_info/share/message_info/environment/library_path.sh
[102.030s] -- Installing: /home/ubuntu/SSLRasp/install/message_info/share/message_info/environment/library_path.dsv
[102.032s] -- Installing: /home/ubuntu/SSLRasp/install/message_info/lib/libmessage_info__rosidl_generator_c.so
[102.035s] -- Set runtime path of "/home/ubuntu/SSLRasp/install/message_info/lib/libmessage_info__rosidl_generator_c.so" to ""
[102.035s] -- Up-to-date: /home/ubuntu/SSLRasp/install/message_info/include/message_info
[102.035s] -- Up-to-date: /home/ubuntu/SSLRasp/install/message_info/include/message_info/msg
[102.036s] -- Up-to-date: /home/ubuntu/SSLRasp/install/message_info/include/message_info/msg/detail
[102.036s] -- Installing: /home/ubuntu/SSLRasp/install/message_info/include/message_info/msg/detail/referee_game_event__rosidl_typesupport_fastrtps_c.h
[102.037s] -- Installing: /home/ubuntu/SSLRasp/install/message_info/include/message_info/msg/detail/vision_geometry__rosidl_typesupport_fastrtps_c.h
[102.038s] -- Installing: /home/ubuntu/SSLRasp/install/message_info/include/message_info/msg/detail/attacker__rosidl_typesupport_fastrtps_c.h
[102.039s] -- Installing: /home/ubuntu/SSLRasp/install/message_info/include/message_info/msg/detail/vision_detections__rosidl_typesupport_fastrtps_c.h
[102.041s] -- Installing: /home/ubuntu/SSLRasp/install/message_info/include/message_info/msg/detail/detection_robot__rosidl_typesupport_fastrtps_c.h
[102.042s] -- Installing: /home/ubuntu/SSLRasp/install/message_info/include/message_info/msg/detail/field_line_segment__rosidl_typesupport_fastrtps_c.h
[102.043s] -- Installing: /home/ubuntu/SSLRasp/install/message_info/include/message_info/msg/detail/robot_commands__rosidl_typesupport_fastrtps_c.h
[102.044s] -- Installing: /home/ubuntu/SSLRasp/install/message_info/include/message_info/msg/detail/role__rosidl_typesupport_fastrtps_c.h
[102.045s] -- Installing: /home/ubuntu/SSLRasp/install/message_info/include/message_info/msg/detail/detection_ball__rosidl_typesupport_fastrtps_c.h
[102.046s] -- Installing: /home/ubuntu/SSLRasp/install/message_info/include/message_info/msg/detail/field_circular_arc__rosidl_typesupport_fastrtps_c.h
[102.047s] -- Installing: /home/ubuntu/SSLRasp/install/message_info/include/message_info/msg/detail/goal_info__rosidl_typesupport_fastrtps_c.h
[102.048s] -- Installing: /home/ubuntu/SSLRasp/install/message_info/include/message_info/msg/detail/referee__rosidl_typesupport_fastrtps_c.h
[102.049s] -- Installing: /home/ubuntu/SSLRasp/install/message_info/include/message_info/msg/detail/goalie__rosidl_typesupport_fastrtps_c.h
[102.050s] -- Installing: /home/ubuntu/SSLRasp/install/message_info/include/message_info/msg/detail/referee_team_info__rosidl_typesupport_fastrtps_c.h
[102.051s] -- Installing: /home/ubuntu/SSLRasp/install/message_info/include/message_info/msg/detail/test__rosidl_typesupport_fastrtps_c.h
[102.052s] -- Installing: /home/ubuntu/SSLRasp/install/message_info/include/message_info/msg/detail/robot_command__rosidl_typesupport_fastrtps_c.h
[102.053s] -- Installing: /home/ubuntu/SSLRasp/install/message_info/include/message_info/msg/detail/detection_frame__rosidl_typesupport_fastrtps_c.h
[102.054s] -- Installing: /home/ubuntu/SSLRasp/install/message_info/include/message_info/msg/detail/ball_info__rosidl_typesupport_fastrtps_c.h
[102.055s] -- Installing: /home/ubuntu/SSLRasp/install/message_info/include/message_info/msg/detail/info__rosidl_typesupport_fastrtps_c.h
[102.056s] -- Installing: /home/ubuntu/SSLRasp/install/message_info/include/message_info/msg/rosidl_typesupport_fastrtps_c__visibility_control.h
[102.057s] -- Installing: /home/ubuntu/SSLRasp/install/message_info/lib/libmessage_info__rosidl_typesupport_fastrtps_c.so
[102.061s] -- Set runtime path of "/home/ubuntu/SSLRasp/install/message_info/lib/libmessage_info__rosidl_typesupport_fastrtps_c.so" to ""
[102.061s] -- Up-to-date: /home/ubuntu/SSLRasp/install/message_info/include/message_info
[102.061s] -- Up-to-date: /home/ubuntu/SSLRasp/install/message_info/include/message_info/msg
[102.062s] -- Up-to-date: /home/ubuntu/SSLRasp/install/message_info/include/message_info/msg/detail
[102.062s] -- Installing: /home/ubuntu/SSLRasp/install/message_info/include/message_info/msg/detail/field_line_segment__rosidl_typesupport_fastrtps_cpp.hpp
[102.063s] -- Installing: /home/ubuntu/SSLRasp/install/message_info/include/message_info/msg/detail/ball_info__rosidl_typesupport_fastrtps_cpp.hpp
[102.064s] -- Installing: /home/ubuntu/SSLRasp/install/message_info/include/message_info/msg/detail/detection_frame__rosidl_typesupport_fastrtps_cpp.hpp
[102.065s] -- Installing: /home/ubuntu/SSLRasp/install/message_info/include/message_info/msg/detail/vision_geometry__rosidl_typesupport_fastrtps_cpp.hpp
[102.066s] -- Installing: /home/ubuntu/SSLRasp/install/message_info/include/message_info/msg/detail/robot_command__rosidl_typesupport_fastrtps_cpp.hpp
[102.067s] -- Installing: /home/ubuntu/SSLRasp/install/message_info/include/message_info/msg/detail/role__rosidl_typesupport_fastrtps_cpp.hpp
[102.068s] -- Installing: /home/ubuntu/SSLRasp/install/message_info/include/message_info/msg/detail/detection_ball__rosidl_typesupport_fastrtps_cpp.hpp
[102.069s] -- Installing: /home/ubuntu/SSLRasp/install/message_info/include/message_info/msg/detail/referee__rosidl_typesupport_fastrtps_cpp.hpp
[102.071s] -- Installing: /home/ubuntu/SSLRasp/install/message_info/include/message_info/msg/detail/info__rosidl_typesupport_fastrtps_cpp.hpp
[102.072s] -- Installing: /home/ubuntu/SSLRasp/install/message_info/include/message_info/msg/detail/detection_robot__rosidl_typesupport_fastrtps_cpp.hpp
[102.073s] -- Installing: /home/ubuntu/SSLRasp/install/message_info/include/message_info/msg/detail/referee_team_info__rosidl_typesupport_fastrtps_cpp.hpp
[102.074s] -- Installing: /home/ubuntu/SSLRasp/install/message_info/include/message_info/msg/detail/dds_fastrtps
[102.074s] -- Installing: /home/ubuntu/SSLRasp/install/message_info/include/message_info/msg/detail/vision_detections__rosidl_typesupport_fastrtps_cpp.hpp
[102.076s] -- Installing: /home/ubuntu/SSLRasp/install/message_info/include/message_info/msg/detail/goalie__rosidl_typesupport_fastrtps_cpp.hpp
[102.077s] -- Installing: /home/ubuntu/SSLRasp/install/message_info/include/message_info/msg/detail/attacker__rosidl_typesupport_fastrtps_cpp.hpp
[102.078s] -- Installing: /home/ubuntu/SSLRasp/install/message_info/include/message_info/msg/detail/referee_game_event__rosidl_typesupport_fastrtps_cpp.hpp
[102.079s] -- Installing: /home/ubuntu/SSLRasp/install/message_info/include/message_info/msg/detail/test__rosidl_typesupport_fastrtps_cpp.hpp
[102.080s] -- Installing: /home/ubuntu/SSLRasp/install/message_info/include/message_info/msg/detail/goal_info__rosidl_typesupport_fastrtps_cpp.hpp
[102.081s] -- Installing: /home/ubuntu/SSLRasp/install/message_info/include/message_info/msg/detail/robot_commands__rosidl_typesupport_fastrtps_cpp.hpp
[102.082s] -- Installing: /home/ubuntu/SSLRasp/install/message_info/include/message_info/msg/detail/field_circular_arc__rosidl_typesupport_fastrtps_cpp.hpp
[102.083s] -- Installing: /home/ubuntu/SSLRasp/install/message_info/include/message_info/msg/rosidl_typesupport_fastrtps_cpp__visibility_control.h
[102.084s] -- Installing: /home/ubuntu/SSLRasp/install/message_info/lib/libmessage_info__rosidl_typesupport_fastrtps_cpp.so
[102.089s] -- Set runtime path of "/home/ubuntu/SSLRasp/install/message_info/lib/libmessage_info__rosidl_typesupport_fastrtps_cpp.so" to ""
[102.090s] -- Up-to-date: /home/ubuntu/SSLRasp/install/message_info/include/message_info
[102.090s] -- Up-to-date: /home/ubuntu/SSLRasp/install/message_info/include/message_info/msg
[102.090s] -- Up-to-date: /home/ubuntu/SSLRasp/install/message_info/include/message_info/msg/detail
[102.091s] -- Installing: /home/ubuntu/SSLRasp/install/message_info/include/message_info/msg/detail/goal_info__rosidl_typesupport_introspection_c.h
[102.092s] -- Installing: /home/ubuntu/SSLRasp/install/message_info/include/message_info/msg/detail/goalie__type_support.c
[102.093s] -- Installing: /home/ubuntu/SSLRasp/install/message_info/include/message_info/msg/detail/info__rosidl_typesupport_introspection_c.h
[102.094s] -- Installing: /home/ubuntu/SSLRasp/install/message_info/include/message_info/msg/detail/vision_geometry__type_support.c
[102.095s] -- Installing: /home/ubuntu/SSLRasp/install/message_info/include/message_info/msg/detail/detection_ball__type_support.c
[102.096s] -- Installing: /home/ubuntu/SSLRasp/install/message_info/include/message_info/msg/detail/detection_frame__rosidl_typesupport_introspection_c.h
[102.097s] -- Installing: /home/ubuntu/SSLRasp/install/message_info/include/message_info/msg/detail/test__type_support.c
[102.098s] -- Installing: /home/ubuntu/SSLRasp/install/message_info/include/message_info/msg/detail/test__rosidl_typesupport_introspection_c.h
[102.099s] -- Installing: /home/ubuntu/SSLRasp/install/message_info/include/message_info/msg/detail/robot_command__rosidl_typesupport_introspection_c.h
[102.100s] -- Installing: /home/ubuntu/SSLRasp/install/message_info/include/message_info/msg/detail/ball_info__type_support.c
[102.101s] -- Installing: /home/ubuntu/SSLRasp/install/message_info/include/message_info/msg/detail/robot_commands__type_support.c
[102.102s] -- Installing: /home/ubuntu/SSLRasp/install/message_info/include/message_info/msg/detail/role__rosidl_typesupport_introspection_c.h
[102.103s] -- Installing: /home/ubuntu/SSLRasp/install/message_info/include/message_info/msg/detail/robot_command__type_support.c
[102.104s] -- Installing: /home/ubuntu/SSLRasp/install/message_info/include/message_info/msg/detail/field_circular_arc__type_support.c
[102.105s] -- Installing: /home/ubuntu/SSLRasp/install/message_info/include/message_info/msg/detail/referee__type_support.c
[102.106s] -- Installing: /home/ubuntu/SSLRasp/install/message_info/include/message_info/msg/detail/detection_frame__type_support.c
[102.107s] -- Installing: /home/ubuntu/SSLRasp/install/message_info/include/message_info/msg/detail/robot_commands__rosidl_typesupport_introspection_c.h
[102.108s] -- Installing: /home/ubuntu/SSLRasp/install/message_info/include/message_info/msg/detail/referee_game_event__type_support.c
[102.109s] -- Installing: /home/ubuntu/SSLRasp/install/message_info/include/message_info/msg/detail/field_line_segment__rosidl_typesupport_introspection_c.h
[102.110s] -- Installing: /home/ubuntu/SSLRasp/install/message_info/include/message_info/msg/detail/referee_team_info__rosidl_typesupport_introspection_c.h
[102.111s] -- Installing: /home/ubuntu/SSLRasp/install/message_info/include/message_info/msg/detail/attacker__type_support.c
[102.113s] -- Installing: /home/ubuntu/SSLRasp/install/message_info/include/message_info/msg/detail/field_line_segment__type_support.c
[102.114s] -- Installing: /home/ubuntu/SSLRasp/install/message_info/include/message_info/msg/detail/vision_detections__rosidl_typesupport_introspection_c.h
[102.115s] -- Installing: /home/ubuntu/SSLRasp/install/message_info/include/message_info/msg/detail/detection_robot__rosidl_typesupport_introspection_c.h
[102.116s] -- Installing: /home/ubuntu/SSLRasp/install/message_info/include/message_info/msg/detail/role__type_support.c
[102.117s] -- Installing: /home/ubuntu/SSLRasp/install/message_info/include/message_info/msg/detail/info__type_support.c
[102.118s] -- Installing: /home/ubuntu/SSLRasp/install/message_info/include/message_info/msg/detail/referee_game_event__rosidl_typesupport_introspection_c.h
[102.119s] -- Installing: /home/ubuntu/SSLRasp/install/message_info/include/message_info/msg/detail/ball_info__rosidl_typesupport_introspection_c.h
[102.120s] -- Installing: /home/ubuntu/SSLRasp/install/message_info/include/message_info/msg/detail/detection_robot__type_support.c
[102.121s] -- Installing: /home/ubuntu/SSLRasp/install/message_info/include/message_info/msg/detail/referee__rosidl_typesupport_introspection_c.h
[102.122s] -- Installing: /home/ubuntu/SSLRasp/install/message_info/include/message_info/msg/detail/goalie__rosidl_typesupport_introspection_c.h
[102.123s] -- Installing: /home/ubuntu/SSLRasp/install/message_info/include/message_info/msg/detail/field_circular_arc__rosidl_typesupport_introspection_c.h
[102.124s] -- Installing: /home/ubuntu/SSLRasp/install/message_info/include/message_info/msg/detail/detection_ball__rosidl_typesupport_introspection_c.h
[102.125s] -- Installing: /home/ubuntu/SSLRasp/install/message_info/include/message_info/msg/detail/goal_info__type_support.c
[102.126s] -- Installing: /home/ubuntu/SSLRasp/install/message_info/include/message_info/msg/detail/vision_geometry__rosidl_typesupport_introspection_c.h
[102.127s] -- Installing: /home/ubuntu/SSLRasp/install/message_info/include/message_info/msg/detail/referee_team_info__type_support.c
[102.128s] -- Installing: /home/ubuntu/SSLRasp/install/message_info/include/message_info/msg/detail/attacker__rosidl_typesupport_introspection_c.h
[102.129s] -- Installing: /home/ubuntu/SSLRasp/install/message_info/include/message_info/msg/detail/vision_detections__type_support.c
[102.130s] -- Installing: /home/ubuntu/SSLRasp/install/message_info/include/message_info/msg/rosidl_typesupport_introspection_c__visibility_control.h
[102.132s] -- Installing: /home/ubuntu/SSLRasp/install/message_info/lib/libmessage_info__rosidl_typesupport_introspection_c.so
[102.135s] -- Set runtime path of "/home/ubuntu/SSLRasp/install/message_info/lib/libmessage_info__rosidl_typesupport_introspection_c.so" to ""
[102.135s] -- Installing: /home/ubuntu/SSLRasp/install/message_info/lib/libmessage_info__rosidl_typesupport_c.so
[102.138s] -- Set runtime path of "/home/ubuntu/SSLRasp/install/message_info/lib/libmessage_info__rosidl_typesupport_c.so" to ""
[102.138s] -- Up-to-date: /home/ubuntu/SSLRasp/install/message_info/include/message_info
[102.139s] -- Up-to-date: /home/ubuntu/SSLRasp/install/message_info/include/message_info/msg
[102.139s] -- Installing: /home/ubuntu/SSLRasp/install/message_info/include/message_info/msg/ball_info.hpp
[102.140s] -- Installing: /home/ubuntu/SSLRasp/install/message_info/include/message_info/msg/referee.hpp
[102.141s] -- Installing: /home/ubuntu/SSLRasp/install/message_info/include/message_info/msg/goal_info.hpp
[102.141s] -- Installing: /home/ubuntu/SSLRasp/install/message_info/include/message_info/msg/detection_robot.hpp
[102.142s] -- Installing: /home/ubuntu/SSLRasp/install/message_info/include/message_info/msg/vision_geometry.hpp
[102.143s] -- Installing: /home/ubuntu/SSLRasp/install/message_info/include/message_info/msg/field_line_segment.hpp
[102.144s] -- Up-to-date: /home/ubuntu/SSLRasp/install/message_info/include/message_info/msg/detail
[102.145s] -- Installing: /home/ubuntu/SSLRasp/install/message_info/include/message_info/msg/detail/referee_game_event__builder.hpp
[102.146s] -- Installing: /home/ubuntu/SSLRasp/install/message_info/include/message_info/msg/detail/vision_detections__traits.hpp
[102.147s] -- Installing: /home/ubuntu/SSLRasp/install/message_info/include/message_info/msg/detail/ball_info__struct.hpp
[102.148s] -- Installing: /home/ubuntu/SSLRasp/install/message_info/include/message_info/msg/detail/field_line_segment__struct.hpp
[102.149s] -- Installing: /home/ubuntu/SSLRasp/install/message_info/include/message_info/msg/detail/goalie__traits.hpp
[102.150s] -- Installing: /home/ubuntu/SSLRasp/install/message_info/include/message_info/msg/detail/referee_team_info__builder.hpp
[102.150s] -- Installing: /home/ubuntu/SSLRasp/install/message_info/include/message_info/msg/detail/goal_info__traits.hpp
[102.151s] -- Installing: /home/ubuntu/SSLRasp/install/message_info/include/message_info/msg/detail/info__traits.hpp
[102.152s] -- Installing: /home/ubuntu/SSLRasp/install/message_info/include/message_info/msg/detail/vision_geometry__builder.hpp
[102.153s] -- Installing: /home/ubuntu/SSLRasp/install/message_info/include/message_info/msg/detail/goalie__struct.hpp
[102.154s] -- Installing: /home/ubuntu/SSLRasp/install/message_info/include/message_info/msg/detail/detection_ball__struct.hpp
[102.155s] -- Installing: /home/ubuntu/SSLRasp/install/message_info/include/message_info/msg/detail/goalie__builder.hpp
[102.156s] -- Installing: /home/ubuntu/SSLRasp/install/message_info/include/message_info/msg/detail/goal_info__builder.hpp
[102.157s] -- Installing: /home/ubuntu/SSLRasp/install/message_info/include/message_info/msg/detail/detection_robot__builder.hpp
[102.158s] -- Installing: /home/ubuntu/SSLRasp/install/message_info/include/message_info/msg/detail/vision_geometry__struct.hpp
[102.159s] -- Installing: /home/ubuntu/SSLRasp/install/message_info/include/message_info/msg/detail/referee__struct.hpp
[102.160s] -- Installing: /home/ubuntu/SSLRasp/install/message_info/include/message_info/msg/detail/robot_commands__traits.hpp
[102.161s] -- Installing: /home/ubuntu/SSLRasp/install/message_info/include/message_info/msg/detail/role__builder.hpp
[102.162s] -- Installing: /home/ubuntu/SSLRasp/install/message_info/include/message_info/msg/detail/referee_game_event__traits.hpp
[102.163s] -- Installing: /home/ubuntu/SSLRasp/install/message_info/include/message_info/msg/detail/test__traits.hpp
[102.164s] -- Installing: /home/ubuntu/SSLRasp/install/message_info/include/message_info/msg/detail/attacker__traits.hpp
[102.165s] -- Installing: /home/ubuntu/SSLRasp/install/message_info/include/message_info/msg/detail/field_circular_arc__traits.hpp
[102.165s] -- Installing: /home/ubuntu/SSLRasp/install/message_info/include/message_info/msg/detail/ball_info__builder.hpp
[102.166s] -- Installing: /home/ubuntu/SSLRasp/install/message_info/include/message_info/msg/detail/vision_detections__struct.hpp
[102.167s] -- Installing: /home/ubuntu/SSLRasp/install/message_info/include/message_info/msg/detail/referee__builder.hpp
[102.168s] -- Installing: /home/ubuntu/SSLRasp/install/message_info/include/message_info/msg/detail/test__struct.hpp
[102.169s] -- Installing: /home/ubuntu/SSLRasp/install/message_info/include/message_info/msg/detail/attacker__builder.hpp
[102.170s] -- Installing: /home/ubuntu/SSLRasp/install/message_info/include/message_info/msg/detail/detection_frame__builder.hpp
[102.171s] -- Installing: /home/ubuntu/SSLRasp/install/message_info/include/message_info/msg/detail/detection_frame__struct.hpp
[102.172s] -- Installing: /home/ubuntu/SSLRasp/install/message_info/include/message_info/msg/detail/field_line_segment__builder.hpp
[102.173s] -- Installing: /home/ubuntu/SSLRasp/install/message_info/include/message_info/msg/detail/robot_command__builder.hpp
[102.174s] -- Installing: /home/ubuntu/SSLRasp/install/message_info/include/message_info/msg/detail/goal_info__struct.hpp
[102.175s] -- Installing: /home/ubuntu/SSLRasp/install/message_info/include/message_info/msg/detail/test__builder.hpp
[102.176s] -- Installing: /home/ubuntu/SSLRasp/install/message_info/include/message_info/msg/detail/referee_team_info__traits.hpp
[102.177s] -- Installing: /home/ubuntu/SSLRasp/install/message_info/include/message_info/msg/detail/role__struct.hpp
[102.178s] -- Installing: /home/ubuntu/SSLRasp/install/message_info/include/message_info/msg/detail/robot_commands__builder.hpp
[102.179s] -- Installing: /home/ubuntu/SSLRasp/install/message_info/include/message_info/msg/detail/field_circular_arc__builder.hpp
[102.180s] -- Installing: /home/ubuntu/SSLRasp/install/message_info/include/message_info/msg/detail/referee__traits.hpp
[102.181s] -- Installing: /home/ubuntu/SSLRasp/install/message_info/include/message_info/msg/detail/vision_geometry__traits.hpp
[102.181s] -- Installing: /home/ubuntu/SSLRasp/install/message_info/include/message_info/msg/detail/detection_robot__struct.hpp
[102.182s] -- Installing: /home/ubuntu/SSLRasp/install/message_info/include/message_info/msg/detail/attacker__struct.hpp
[102.183s] -- Installing: /home/ubuntu/SSLRasp/install/message_info/include/message_info/msg/detail/info__struct.hpp
[102.184s] -- Installing: /home/ubuntu/SSLRasp/install/message_info/include/message_info/msg/detail/vision_detections__builder.hpp
[102.185s] -- Installing: /home/ubuntu/SSLRasp/install/message_info/include/message_info/msg/detail/role__traits.hpp
[102.186s] -- Installing: /home/ubuntu/SSLRasp/install/message_info/include/message_info/msg/detail/robot_commands__struct.hpp
[102.187s] -- Installing: /home/ubuntu/SSLRasp/install/message_info/include/message_info/msg/detail/robot_command__struct.hpp
[102.188s] -- Installing: /home/ubuntu/SSLRasp/install/message_info/include/message_info/msg/detail/field_circular_arc__struct.hpp
[102.189s] -- Installing: /home/ubuntu/SSLRasp/install/message_info/include/message_info/msg/detail/referee_game_event__struct.hpp
[102.190s] -- Installing: /home/ubuntu/SSLRasp/install/message_info/include/message_info/msg/detail/field_line_segment__traits.hpp
[102.191s] -- Installing: /home/ubuntu/SSLRasp/install/message_info/include/message_info/msg/detail/referee_team_info__struct.hpp
[102.192s] -- Installing: /home/ubuntu/SSLRasp/install/message_info/include/message_info/msg/detail/ball_info__traits.hpp
[102.193s] -- Installing: /home/ubuntu/SSLRasp/install/message_info/include/message_info/msg/detail/detection_robot__traits.hpp
[102.194s] -- Installing: /home/ubuntu/SSLRasp/install/message_info/include/message_info/msg/detail/robot_command__traits.hpp
[102.195s] -- Installing: /home/ubuntu/SSLRasp/install/message_info/include/message_info/msg/detail/info__builder.hpp
[102.196s] -- Installing: /home/ubuntu/SSLRasp/install/message_info/include/message_info/msg/detail/detection_ball__builder.hpp
[102.197s] -- Installing: /home/ubuntu/SSLRasp/install/message_info/include/message_info/msg/detail/detection_frame__traits.hpp
[102.197s] -- Installing: /home/ubuntu/SSLRasp/install/message_info/include/message_info/msg/detail/detection_ball__traits.hpp
[102.198s] -- Installing: /home/ubuntu/SSLRasp/install/message_info/include/message_info/msg/detection_ball.hpp
[102.199s] -- Installing: /home/ubuntu/SSLRasp/install/message_info/include/message_info/msg/detection_frame.hpp
[102.200s] -- Installing: /home/ubuntu/SSLRasp/install/message_info/include/message_info/msg/attacker.hpp
[102.201s] -- Installing: /home/ubuntu/SSLRasp/install/message_info/include/message_info/msg/robot_command.hpp
[102.202s] -- Installing: /home/ubuntu/SSLRasp/install/message_info/include/message_info/msg/goalie.hpp
[102.202s] -- Installing: /home/ubuntu/SSLRasp/install/message_info/include/message_info/msg/info.hpp
[102.203s] -- Installing: /home/ubuntu/SSLRasp/install/message_info/include/message_info/msg/referee_game_event.hpp
[102.204s] -- Installing: /home/ubuntu/SSLRasp/install/message_info/include/message_info/msg/test.hpp
[102.205s] -- Installing: /home/ubuntu/SSLRasp/install/message_info/include/message_info/msg/robot_commands.hpp
[102.206s] -- Installing: /home/ubuntu/SSLRasp/install/message_info/include/message_info/msg/role.hpp
[102.206s] -- Installing: /home/ubuntu/SSLRasp/install/message_info/include/message_info/msg/referee_team_info.hpp
[102.207s] -- Installing: /home/ubuntu/SSLRasp/install/message_info/include/message_info/msg/field_circular_arc.hpp
[102.208s] -- Installing: /home/ubuntu/SSLRasp/install/message_info/include/message_info/msg/vision_detections.hpp
[102.210s] -- Up-to-date: /home/ubuntu/SSLRasp/install/message_info/include/message_info
[102.210s] -- Up-to-date: /home/ubuntu/SSLRasp/install/message_info/include/message_info/msg
[102.210s] -- Up-to-date: /home/ubuntu/SSLRasp/install/message_info/include/message_info/msg/detail
[102.211s] -- Installing: /home/ubuntu/SSLRasp/install/message_info/include/message_info/msg/detail/goal_info__rosidl_typesupport_introspection_cpp.hpp
[102.212s] -- Installing: /home/ubuntu/SSLRasp/install/message_info/include/message_info/msg/detail/referee_game_event__rosidl_typesupport_introspection_cpp.hpp
[102.213s] -- Installing: /home/ubuntu/SSLRasp/install/message_info/include/message_info/msg/detail/referee_game_event__type_support.cpp
[102.214s] -- Installing: /home/ubuntu/SSLRasp/install/message_info/include/message_info/msg/detail/robot_commands__type_support.cpp
[102.215s] -- Installing: /home/ubuntu/SSLRasp/install/message_info/include/message_info/msg/detail/detection_frame__rosidl_typesupport_introspection_cpp.hpp
[102.216s] -- Installing: /home/ubuntu/SSLRasp/install/message_info/include/message_info/msg/detail/detection_ball__rosidl_typesupport_introspection_cpp.hpp
[102.217s] -- Installing: /home/ubuntu/SSLRasp/install/message_info/include/message_info/msg/detail/vision_geometry__rosidl_typesupport_introspection_cpp.hpp
[102.219s] -- Installing: /home/ubuntu/SSLRasp/install/message_info/include/message_info/msg/detail/robot_commands__rosidl_typesupport_introspection_cpp.hpp
[102.220s] -- Installing: /home/ubuntu/SSLRasp/install/message_info/include/message_info/msg/detail/detection_robot__rosidl_typesupport_introspection_cpp.hpp
[102.221s] -- Installing: /home/ubuntu/SSLRasp/install/message_info/include/message_info/msg/detail/test__rosidl_typesupport_introspection_cpp.hpp
[102.222s] -- Installing: /home/ubuntu/SSLRasp/install/message_info/include/message_info/msg/detail/ball_info__type_support.cpp
[102.223s] -- Installing: /home/ubuntu/SSLRasp/install/message_info/include/message_info/msg/detail/detection_robot__type_support.cpp
[102.224s] -- Installing: /home/ubuntu/SSLRasp/install/message_info/include/message_info/msg/detail/role__rosidl_typesupport_introspection_cpp.hpp
[102.225s] -- Installing: /home/ubuntu/SSLRasp/install/message_info/include/message_info/msg/detail/goalie__rosidl_typesupport_introspection_cpp.hpp
[102.226s] -- Installing: /home/ubuntu/SSLRasp/install/message_info/include/message_info/msg/detail/detection_ball__type_support.cpp
[102.227s] -- Installing: /home/ubuntu/SSLRasp/install/message_info/include/message_info/msg/detail/field_circular_arc__type_support.cpp
[102.228s] -- Installing: /home/ubuntu/SSLRasp/install/message_info/include/message_info/msg/detail/referee__type_support.cpp
[102.229s] -- Installing: /home/ubuntu/SSLRasp/install/message_info/include/message_info/msg/detail/field_line_segment__rosidl_typesupport_introspection_cpp.hpp
[102.230s] -- Installing: /home/ubuntu/SSLRasp/install/message_info/include/message_info/msg/detail/vision_detections__type_support.cpp
[102.231s] -- Installing: /home/ubuntu/SSLRasp/install/message_info/include/message_info/msg/detail/attacker__type_support.cpp
[102.232s] -- Installing: /home/ubuntu/SSLRasp/install/message_info/include/message_info/msg/detail/goal_info__type_support.cpp
[102.233s] -- Installing: /home/ubuntu/SSLRasp/install/message_info/include/message_info/msg/detail/info__type_support.cpp
[102.234s] -- Installing: /home/ubuntu/SSLRasp/install/message_info/include/message_info/msg/detail/field_circular_arc__rosidl_typesupport_introspection_cpp.hpp
[102.235s] -- Installing: /home/ubuntu/SSLRasp/install/message_info/include/message_info/msg/detail/ball_info__rosidl_typesupport_introspection_cpp.hpp
[102.236s] -- Installing: /home/ubuntu/SSLRasp/install/message_info/include/message_info/msg/detail/robot_command__type_support.cpp
[102.237s] -- Installing: /home/ubuntu/SSLRasp/install/message_info/include/message_info/msg/detail/referee__rosidl_typesupport_introspection_cpp.hpp
[102.238s] -- Installing: /home/ubuntu/SSLRasp/install/message_info/include/message_info/msg/detail/vision_geometry__type_support.cpp
[102.239s] -- Installing: /home/ubuntu/SSLRasp/install/message_info/include/message_info/msg/detail/referee_team_info__type_support.cpp
[102.241s] -- Installing: /home/ubuntu/SSLRasp/install/message_info/include/message_info/msg/detail/goalie__type_support.cpp
[102.241s] -- Installing: /home/ubuntu/SSLRasp/install/message_info/include/message_info/msg/detail/field_line_segment__type_support.cpp
[102.242s] -- Installing: /home/ubuntu/SSLRasp/install/message_info/include/message_info/msg/detail/detection_frame__type_support.cpp
[102.244s] -- Installing: /home/ubuntu/SSLRasp/install/message_info/include/message_info/msg/detail/info__rosidl_typesupport_introspection_cpp.hpp
[102.245s] -- Installing: /home/ubuntu/SSLRasp/install/message_info/include/message_info/msg/detail/attacker__rosidl_typesupport_introspection_cpp.hpp
[102.246s] -- Installing: /home/ubuntu/SSLRasp/install/message_info/include/message_info/msg/detail/role__type_support.cpp
[102.247s] -- Installing: /home/ubuntu/SSLRasp/install/message_info/include/message_info/msg/detail/test__type_support.cpp
[102.248s] -- Installing: /home/ubuntu/SSLRasp/install/message_info/include/message_info/msg/detail/referee_team_info__rosidl_typesupport_introspection_cpp.hpp
[102.249s] -- Installing: /home/ubuntu/SSLRasp/install/message_info/include/message_info/msg/detail/robot_command__rosidl_typesupport_introspection_cpp.hpp
[102.250s] -- Installing: /home/ubuntu/SSLRasp/install/message_info/include/message_info/msg/detail/vision_detections__rosidl_typesupport_introspection_cpp.hpp
[102.251s] -- Installing: /home/ubuntu/SSLRasp/install/message_info/lib/libmessage_info__rosidl_typesupport_introspection_cpp.so
[102.256s] -- Set runtime path of "/home/ubuntu/SSLRasp/install/message_info/lib/libmessage_info__rosidl_typesupport_introspection_cpp.so" to ""
[102.257s] -- Installing: /home/ubuntu/SSLRasp/install/message_info/lib/libmessage_info__rosidl_typesupport_cpp.so
[102.260s] -- Set runtime path of "/home/ubuntu/SSLRasp/install/message_info/lib/libmessage_info__rosidl_typesupport_cpp.so" to ""
[102.260s] -- Installing: /home/ubuntu/SSLRasp/install/message_info/share/message_info/environment/pythonpath.sh
[102.261s] -- Installing: /home/ubuntu/SSLRasp/install/message_info/share/message_info/environment/pythonpath.dsv
[102.263s] -- Installing: /home/ubuntu/SSLRasp/install/message_info/lib/python3.8/site-packages/message_info/__init__.py
[102.395s] Compiling '/home/ubuntu/SSLRasp/install/message_info/lib/python3.8/site-packages/message_info/__init__.py'...
[102.417s] -- Installing: /home/ubuntu/SSLRasp/install/message_info/lib/python3.8/site-packages/message_info/msg
[102.418s] -- Installing: /home/ubuntu/SSLRasp/install/message_info/lib/python3.8/site-packages/message_info/msg/_referee.py
[102.419s] -- Installing: /home/ubuntu/SSLRasp/install/message_info/lib/python3.8/site-packages/message_info/msg/_referee_game_event_s.c
[102.420s] -- Installing: /home/ubuntu/SSLRasp/install/message_info/lib/python3.8/site-packages/message_info/msg/__init__.py
[102.421s] -- Installing: /home/ubuntu/SSLRasp/install/message_info/lib/python3.8/site-packages/message_info/msg/_vision_geometry.py
[102.422s] -- Installing: /home/ubuntu/SSLRasp/install/message_info/lib/python3.8/site-packages/message_info/msg/_vision_geometry_s.c
[102.423s] -- Installing: /home/ubuntu/SSLRasp/install/message_info/lib/python3.8/site-packages/message_info/msg/_field_circular_arc_s.c
[102.424s] -- Installing: /home/ubuntu/SSLRasp/install/message_info/lib/python3.8/site-packages/message_info/msg/_goalie.py
[102.425s] -- Installing: /home/ubuntu/SSLRasp/install/message_info/lib/python3.8/site-packages/message_info/msg/_ball_info.py
[102.426s] -- Installing: /home/ubuntu/SSLRasp/install/message_info/lib/python3.8/site-packages/message_info/msg/_robot_command.py
[102.427s] -- Installing: /home/ubuntu/SSLRasp/install/message_info/lib/python3.8/site-packages/message_info/msg/_info.py
[102.428s] -- Installing: /home/ubuntu/SSLRasp/install/message_info/lib/python3.8/site-packages/message_info/msg/_detection_frame_s.c
[102.430s] -- Installing: /home/ubuntu/SSLRasp/install/message_info/lib/python3.8/site-packages/message_info/msg/_goalie_s.c
[102.431s] -- Installing: /home/ubuntu/SSLRasp/install/message_info/lib/python3.8/site-packages/message_info/msg/_field_line_segment.py
[102.432s] -- Installing: /home/ubuntu/SSLRasp/install/message_info/lib/python3.8/site-packages/message_info/msg/_robot_command_s.c
[102.433s] -- Installing: /home/ubuntu/SSLRasp/install/message_info/lib/python3.8/site-packages/message_info/msg/_detection_frame.py
[102.434s] -- Installing: /home/ubuntu/SSLRasp/install/message_info/lib/python3.8/site-packages/message_info/msg/_robot_commands_s.c
[102.435s] -- Installing: /home/ubuntu/SSLRasp/install/message_info/lib/python3.8/site-packages/message_info/msg/_robot_commands.py
[102.436s] -- Installing: /home/ubuntu/SSLRasp/install/message_info/lib/python3.8/site-packages/message_info/msg/_attacker.py
[102.437s] -- Installing: /home/ubuntu/SSLRasp/install/message_info/lib/python3.8/site-packages/message_info/msg/_referee_game_event.py
[102.438s] -- Installing: /home/ubuntu/SSLRasp/install/message_info/lib/python3.8/site-packages/message_info/msg/_detection_ball.py
[102.439s] -- Installing: /home/ubuntu/SSLRasp/install/message_info/lib/python3.8/site-packages/message_info/msg/_role_s.c
[102.440s] -- Installing: /home/ubuntu/SSLRasp/install/message_info/lib/python3.8/site-packages/message_info/msg/_attacker_s.c
[102.441s] -- Installing: /home/ubuntu/SSLRasp/install/message_info/lib/python3.8/site-packages/message_info/msg/_test.py
[102.442s] -- Installing: /home/ubuntu/SSLRasp/install/message_info/lib/python3.8/site-packages/message_info/msg/_detection_robot.py
[102.443s] -- Installing: /home/ubuntu/SSLRasp/install/message_info/lib/python3.8/site-packages/message_info/msg/_field_circular_arc.py
[102.444s] -- Installing: /home/ubuntu/SSLRasp/install/message_info/lib/python3.8/site-packages/message_info/msg/_detection_robot_s.c
[102.445s] -- Installing: /home/ubuntu/SSLRasp/install/message_info/lib/python3.8/site-packages/message_info/msg/_detection_ball_s.c
[102.446s] -- Installing: /home/ubuntu/SSLRasp/install/message_info/lib/python3.8/site-packages/message_info/msg/_vision_detections_s.c
[102.447s] -- Installing: /home/ubuntu/SSLRasp/install/message_info/lib/python3.8/site-packages/message_info/msg/_info_s.c
[102.448s] -- Installing: /home/ubuntu/SSLRasp/install/message_info/lib/python3.8/site-packages/message_info/msg/_referee_team_info.py
[102.449s] -- Installing: /home/ubuntu/SSLRasp/install/message_info/lib/python3.8/site-packages/message_info/msg/_field_line_segment_s.c
[102.449s] -- Installing: /home/ubuntu/SSLRasp/install/message_info/lib/python3.8/site-packages/message_info/msg/_goal_info_s.c
[102.450s] -- Installing: /home/ubuntu/SSLRasp/install/message_info/lib/python3.8/site-packages/message_info/msg/_ball_info_s.c
[102.451s] -- Installing: /home/ubuntu/SSLRasp/install/message_info/lib/python3.8/site-packages/message_info/msg/_referee_team_info_s.c
[102.452s] -- Installing: /home/ubuntu/SSLRasp/install/message_info/lib/python3.8/site-packages/message_info/msg/_vision_detections.py
[102.453s] -- Installing: /home/ubuntu/SSLRasp/install/message_info/lib/python3.8/site-packages/message_info/msg/_goal_info.py
[102.454s] -- Installing: /home/ubuntu/SSLRasp/install/message_info/lib/python3.8/site-packages/message_info/msg/_referee_s.c
[102.455s] -- Installing: /home/ubuntu/SSLRasp/install/message_info/lib/python3.8/site-packages/message_info/msg/_role.py
[102.456s] -- Installing: /home/ubuntu/SSLRasp/install/message_info/lib/python3.8/site-packages/message_info/msg/_test_s.c
[102.458s] -- Installing: /home/ubuntu/SSLRasp/install/message_info/lib/python3.8/site-packages/message_info/message_info_s__rosidl_typesupport_fastrtps_c.cpython-38-aarch64-linux-gnu.so
[102.461s] -- Set runtime path of "/home/ubuntu/SSLRasp/install/message_info/lib/python3.8/site-packages/message_info/message_info_s__rosidl_typesupport_fastrtps_c.cpython-38-aarch64-linux-gnu.so" to ""
[102.462s] -- Installing: /home/ubuntu/SSLRasp/install/message_info/lib/python3.8/site-packages/message_info/message_info_s__rosidl_typesupport_introspection_c.cpython-38-aarch64-linux-gnu.so
[102.466s] -- Set runtime path of "/home/ubuntu/SSLRasp/install/message_info/lib/python3.8/site-packages/message_info/message_info_s__rosidl_typesupport_introspection_c.cpython-38-aarch64-linux-gnu.so" to ""
[102.467s] -- Installing: /home/ubuntu/SSLRasp/install/message_info/lib/python3.8/site-packages/message_info/message_info_s__rosidl_typesupport_c.cpython-38-aarch64-linux-gnu.so
[102.470s] -- Set runtime path of "/home/ubuntu/SSLRasp/install/message_info/lib/python3.8/site-packages/message_info/message_info_s__rosidl_typesupport_c.cpython-38-aarch64-linux-gnu.so" to ""
[102.471s] -- Installing: /home/ubuntu/SSLRasp/install/message_info/lib/libmessage_info__python.so
[102.474s] -- Set runtime path of "/home/ubuntu/SSLRasp/install/message_info/lib/libmessage_info__python.so" to ""
[102.474s] -- Installing: /home/ubuntu/SSLRasp/install/message_info/share/message_info/msg/RefereeGameEvent.idl
[102.476s] -- Installing: /home/ubuntu/SSLRasp/install/message_info/share/message_info/msg/RefereeTeamInfo.idl
[102.477s] -- Installing: /home/ubuntu/SSLRasp/install/message_info/share/message_info/msg/Referee.idl
[102.478s] -- Installing: /home/ubuntu/SSLRasp/install/message_info/share/message_info/msg/FieldCircularArc.idl
[102.479s] -- Installing: /home/ubuntu/SSLRasp/install/message_info/share/message_info/msg/FieldLineSegment.idl
[102.480s] -- Installing: /home/ubuntu/SSLRasp/install/message_info/share/message_info/msg/VisionGeometry.idl
[102.482s] -- Installing: /home/ubuntu/SSLRasp/install/message_info/share/message_info/msg/DetectionBall.idl
[102.483s] -- Installing: /home/ubuntu/SSLRasp/install/message_info/share/message_info/msg/DetectionRobot.idl
[102.484s] -- Installing: /home/ubuntu/SSLRasp/install/message_info/share/message_info/msg/DetectionFrame.idl
[102.485s] -- Installing: /home/ubuntu/SSLRasp/install/message_info/share/message_info/msg/VisionDetections.idl
[102.486s] -- Installing: /home/ubuntu/SSLRasp/install/message_info/share/message_info/msg/RobotCommand.idl
[102.487s] -- Installing: /home/ubuntu/SSLRasp/install/message_info/share/message_info/msg/RobotCommands.idl
[102.489s] -- Installing: /home/ubuntu/SSLRasp/install/message_info/share/message_info/msg/Test.idl
[102.490s] -- Installing: /home/ubuntu/SSLRasp/install/message_info/share/message_info/msg/BallInfo.idl
[102.491s] -- Installing: /home/ubuntu/SSLRasp/install/message_info/share/message_info/msg/GoalInfo.idl
[102.492s] -- Installing: /home/ubuntu/SSLRasp/install/message_info/share/message_info/msg/Role.idl
[102.493s] -- Installing: /home/ubuntu/SSLRasp/install/message_info/share/message_info/msg/Attacker.idl
[102.494s] -- Installing: /home/ubuntu/SSLRasp/install/message_info/share/message_info/msg/Goalie.idl
[102.495s] -- Installing: /home/ubuntu/SSLRasp/install/message_info/share/message_info/msg/Info.idl
[102.497s] -- Installing: /home/ubuntu/SSLRasp/install/message_info/share/message_info/msg/RefereeGameEvent.msg
[102.498s] -- Installing: /home/ubuntu/SSLRasp/install/message_info/share/message_info/msg/RefereeTeamInfo.msg
[102.499s] -- Installing: /home/ubuntu/SSLRasp/install/message_info/share/message_info/msg/Referee.msg
[102.500s] -- Installing: /home/ubuntu/SSLRasp/install/message_info/share/message_info/msg/FieldCircularArc.msg
[102.501s] -- Installing: /home/ubuntu/SSLRasp/install/message_info/share/message_info/msg/FieldLineSegment.msg
[102.502s] -- Installing: /home/ubuntu/SSLRasp/install/message_info/share/message_info/msg/VisionGeometry.msg
[102.503s] -- Installing: /home/ubuntu/SSLRasp/install/message_info/share/message_info/msg/DetectionBall.msg
[102.504s] -- Installing: /home/ubuntu/SSLRasp/install/message_info/share/message_info/msg/DetectionRobot.msg
[102.505s] -- Installing: /home/ubuntu/SSLRasp/install/message_info/share/message_info/msg/DetectionFrame.msg
[102.506s] -- Installing: /home/ubuntu/SSLRasp/install/message_info/share/message_info/msg/VisionDetections.msg
[102.508s] -- Installing: /home/ubuntu/SSLRasp/install/message_info/share/message_info/msg/RobotCommand.msg
[102.509s] -- Installing: /home/ubuntu/SSLRasp/install/message_info/share/message_info/msg/RobotCommands.msg
[102.510s] -- Installing: /home/ubuntu/SSLRasp/install/message_info/share/message_info/msg/Test.msg
[102.511s] -- Installing: /home/ubuntu/SSLRasp/install/message_info/share/message_info/msg/BallInfo.msg
[102.512s] -- Installing: /home/ubuntu/SSLRasp/install/message_info/share/message_info/msg/GoalInfo.msg
[102.513s] -- Installing: /home/ubuntu/SSLRasp/install/message_info/share/message_info/msg/Role.msg
[102.514s] -- Installing: /home/ubuntu/SSLRasp/install/message_info/share/message_info/msg/Attacker.msg
[102.515s] -- Installing: /home/ubuntu/SSLRasp/install/message_info/share/message_info/msg/Goalie.msg
[102.516s] -- Installing: /home/ubuntu/SSLRasp/install/message_info/share/message_info/msg/Info.msg
[102.518s] -- Installing: /home/ubuntu/SSLRasp/install/message_info/share/ament_index/resource_index/package_run_dependencies/message_info
[102.519s] -- Installing: /home/ubuntu/SSLRasp/install/message_info/share/ament_index/resource_index/parent_prefix_path/message_info
[102.521s] -- Installing: /home/ubuntu/SSLRasp/install/message_info/share/message_info/environment/ament_prefix_path.sh
[102.522s] -- Installing: /home/ubuntu/SSLRasp/install/message_info/share/message_info/environment/ament_prefix_path.dsv
[102.523s] -- Installing: /home/ubuntu/SSLRasp/install/message_info/share/message_info/environment/path.sh
[102.524s] -- Installing: /home/ubuntu/SSLRasp/install/message_info/share/message_info/environment/path.dsv
[102.526s] -- Installing: /home/ubuntu/SSLRasp/install/message_info/share/message_info/local_setup.bash
[102.527s] -- Installing: /home/ubuntu/SSLRasp/install/message_info/share/message_info/local_setup.sh
[102.528s] -- Installing: /home/ubuntu/SSLRasp/install/message_info/share/message_info/local_setup.zsh
[102.529s] -- Installing: /home/ubuntu/SSLRasp/install/message_info/share/message_info/local_setup.dsv
[102.530s] -- Installing: /home/ubuntu/SSLRasp/install/message_info/share/message_info/package.dsv
[102.531s] -- Installing: /home/ubuntu/SSLRasp/install/message_info/share/ament_index/resource_index/packages/message_info
[102.533s] -- Installing: /home/ubuntu/SSLRasp/install/message_info/share/message_info/cmake/message_info__rosidl_generator_cExport.cmake
[102.534s] -- Installing: /home/ubuntu/SSLRasp/install/message_info/share/message_info/cmake/message_info__rosidl_generator_cExport-noconfig.cmake
[102.536s] -- Installing: /home/ubuntu/SSLRasp/install/message_info/share/message_info/cmake/message_info__rosidl_typesupport_introspection_cExport.cmake
[102.538s] -- Installing: /home/ubuntu/SSLRasp/install/message_info/share/message_info/cmake/message_info__rosidl_typesupport_introspection_cExport-noconfig.cmake
[102.539s] -- Installing: /home/ubuntu/SSLRasp/install/message_info/share/message_info/cmake/message_info__rosidl_typesupport_cExport.cmake
[102.541s] -- Installing: /home/ubuntu/SSLRasp/install/message_info/share/message_info/cmake/message_info__rosidl_typesupport_cExport-noconfig.cmake
[102.542s] -- Installing: /home/ubuntu/SSLRasp/install/message_info/share/message_info/cmake/message_info__rosidl_generator_cppExport.cmake
[102.544s] -- Installing: /home/ubuntu/SSLRasp/install/message_info/share/message_info/cmake/message_info__rosidl_typesupport_introspection_cppExport.cmake
[102.545s] -- Installing: /home/ubuntu/SSLRasp/install/message_info/share/message_info/cmake/message_info__rosidl_typesupport_introspection_cppExport-noconfig.cmake
[102.547s] -- Installing: /home/ubuntu/SSLRasp/install/message_info/share/message_info/cmake/message_info__rosidl_typesupport_cppExport.cmake
[102.548s] -- Installing: /home/ubuntu/SSLRasp/install/message_info/share/message_info/cmake/message_info__rosidl_typesupport_cppExport-noconfig.cmake
[102.550s] -- Installing: /home/ubuntu/SSLRasp/install/message_info/share/message_info/cmake/rosidl_cmake-extras.cmake
[102.551s] -- Installing: /home/ubuntu/SSLRasp/install/message_info/share/message_info/cmake/ament_cmake_export_dependencies-extras.cmake
[102.552s] -- Installing: /home/ubuntu/SSLRasp/install/message_info/share/message_info/cmake/ament_cmake_export_libraries-extras.cmake
[102.553s] -- Installing: /home/ubuntu/SSLRasp/install/message_info/share/message_info/cmake/ament_cmake_export_targets-extras.cmake
[102.555s] -- Installing: /home/ubuntu/SSLRasp/install/message_info/share/message_info/cmake/ament_cmake_export_include_directories-extras.cmake
[102.556s] -- Installing: /home/ubuntu/SSLRasp/install/message_info/share/message_info/cmake/rosidl_cmake_export_typesupport_libraries-extras.cmake
[102.557s] -- Installing: /home/ubuntu/SSLRasp/install/message_info/share/message_info/cmake/rosidl_cmake_export_typesupport_targets-extras.cmake
[102.559s] -- Installing: /home/ubuntu/SSLRasp/install/message_info/share/message_info/cmake/message_infoConfig.cmake
[102.559s] -- Installing: /home/ubuntu/SSLRasp/install/message_info/share/message_info/cmake/message_infoConfig-version.cmake
[102.561s] -- Installing: /home/ubuntu/SSLRasp/install/message_info/share/message_info/package.xml
[102.573s] Invoked command in '/home/ubuntu/SSLRasp/build/message_info' returned '0': CMAKE_PREFIX_PATH=${CMAKE_PREFIX_PATH}:/home/ubuntu/SSLRasp/install/rasp:/opt/ros/foxy /usr/bin/cmake --install /home/ubuntu/SSLRasp/build/message_info
