[1.283s] Invoking command in '/home/ubuntu/SSLRasp/src/real_sender': PYTHONPATH=/home/ubuntu/SSLRasp/install/real_sender/lib/python3.8/site-packages:${PYTHONPATH} /usr/bin/python3 setup.py egg_info --egg-base ../../build/real_sender build --build-base /home/ubuntu/SSLRasp/build/real_sender/build install --prefix /home/ubuntu/SSLRasp/install/real_sender --record /home/ubuntu/SSLRasp/build/real_sender/install.log --single-version-externally-managed
[2.322s] running egg_info
[2.325s] writing ../../build/real_sender/real_sender.egg-info/PKG-INFO
[2.326s] writing dependency_links to ../../build/real_sender/real_sender.egg-info/dependency_links.txt
[2.327s] writing entry points to ../../build/real_sender/real_sender.egg-info/entry_points.txt
[2.328s] writing requirements to ../../build/real_sender/real_sender.egg-info/requires.txt
[2.329s] writing top-level names to ../../build/real_sender/real_sender.egg-info/top_level.txt
[2.476s] reading manifest file '../../build/real_sender/real_sender.egg-info/SOURCES.txt'
[2.480s] writing manifest file '../../build/real_sender/real_sender.egg-info/SOURCES.txt'
[2.481s] running build
[2.482s] running build_py
[2.483s] copying python_programs/real_sender.py -> /home/ubuntu/SSLRasp/build/real_sender/build/lib/python_programs
[2.484s] running install
[2.487s] running install_lib
[2.491s] copying /home/ubuntu/SSLRasp/build/real_sender/build/lib/python_programs/real_sender.py -> /home/ubuntu/SSLRasp/install/real_sender/lib/python3.8/site-packages/python_programs
[2.494s] byte-compiling /home/ubuntu/SSLRasp/install/real_sender/lib/python3.8/site-packages/python_programs/real_sender.py to real_sender.cpython-38.pyc
[2.499s] running install_egg_info
[2.506s] removing '/home/ubuntu/SSLRasp/install/real_sender/lib/python3.8/site-packages/real_sender-0.0.0-py3.8.egg-info' (and everything under it)
[2.508s] Copying ../../build/real_sender/real_sender.egg-info to /home/ubuntu/SSLRasp/install/real_sender/lib/python3.8/site-packages/real_sender-0.0.0-py3.8.egg-info
[2.514s] running install_scripts
[2.588s] Installing real_send script to /home/ubuntu/SSLRasp/install/real_sender/lib/real_sender
[2.590s] writing list of installed files to '/home/ubuntu/SSLRasp/build/real_sender/install.log'
[2.698s] Invoked command in '/home/ubuntu/SSLRasp/src/real_sender' returned '0': PYTHONPATH=/home/ubuntu/SSLRasp/install/real_sender/lib/python3.8/site-packages:${PYTHONPATH} /usr/bin/python3 setup.py egg_info --egg-base ../../build/real_sender build --build-base /home/ubuntu/SSLRasp/build/real_sender/build install --prefix /home/ubuntu/SSLRasp/install/real_sender --record /home/ubuntu/SSLRasp/build/real_sender/install.log --single-version-externally-managed
