[0.080s] Invoking command in '/home/ubuntu/SSLRasp/build/message_info': CMAKE_PREFIX_PATH=${CMAKE_PREFIX_PATH}:/home/ubuntu/SSLRasp/install/rasp:/opt/ros/foxy /usr/bin/cmake /home/ubuntu/SSLRasp/src/message_info -DAMENT_CMAKE_SYMLINK_INSTALL=1 -DCMAKE_INSTALL_PREFIX=/home/ubuntu/SSLRasp/install/message_info
[1.391s] -- The C compiler identification is GNU 9.3.0
[2.202s] -- The CXX compiler identification is GNU 9.3.0
[2.237s] -- Check for working C compiler: /usr/bin/cc
[2.582s] -- Check for working C compiler: /usr/bin/cc -- works
[2.590s] -- Detecting C compiler ABI info
[2.900s] -- Detecting C compiler ABI info - done
[2.943s] -- Detecting C compile features
[2.945s] -- Detecting C compile features - done
[2.958s] -- Check for working CXX compiler: /usr/bin/c++
[3.299s] -- Check for working CXX compiler: /usr/bin/c++ -- works
[3.304s] -- Detecting CXX compiler ABI info
[3.672s] -- Detecting CXX compiler ABI info - done
[3.714s] -- Detecting CXX compile features
[3.716s] -- Detecting CXX compile features - done
[3.752s] -- Found ament_cmake: 0.9.8 (/opt/ros/foxy/share/ament_cmake/cmake)
[3.931s] -- Found PythonInterp: /usr/bin/python3 (found suitable version "3.8.5", minimum required is "3") 
[3.932s] -- Using PYTHON_EXECUTABLE: /usr/bin/python3
[4.720s] -- Override CMake install command with custom implementation using symlinks instead of copying resources
[5.119s] -- Found rosidl_default_generators: 1.0.1 (/opt/ros/foxy/share/rosidl_default_generators/cmake)
[5.152s] -- Using all available rosidl_typesupport_c: rosidl_typesupport_fastrtps_c;rosidl_typesupport_introspection_c
[5.225s] -- Found rosidl_adapter: 1.2.1 (/opt/ros/foxy/share/rosidl_adapter/cmake)
[6.055s] -- Found OpenSSL: /usr/lib/aarch64-linux-gnu/libcrypto.so (found version "1.1.1f")  
[6.303s] -- Found FastRTPS: /opt/ros/foxy/include  
[6.958s] -- Using all available rosidl_typesupport_cpp: rosidl_typesupport_fastrtps_cpp;rosidl_typesupport_introspection_cpp
[7.142s] -- Found builtin_interfaces: 1.0.0 (/opt/ros/foxy/share/builtin_interfaces/cmake)
[7.240s] -- Found std_msgs: 2.0.4 (/opt/ros/foxy/share/std_msgs/cmake)
[7.339s] -- Found sensor_msgs: 2.0.4 (/opt/ros/foxy/share/sensor_msgs/cmake)
[7.857s] -- OpenSSL Version: 1.1.1f /usr/include /usr/lib/aarch64-linux-gnu/libssl.so;/usr/lib/aarch64-linux-gnu/libcrypto.so
[8.008s] -- Found PythonInterp: /usr/bin/python3 (found version "3.8.5") 
[9.393s] -- Found ament_cmake_ros: 0.9.1 (/opt/ros/foxy/share/ament_cmake_ros/cmake)
[11.258s] -- Using all available rosidl_typesupport_c: rosidl_typesupport_fastrtps_c;rosidl_typesupport_introspection_c
[12.004s] -- Using all available rosidl_typesupport_cpp: rosidl_typesupport_fastrtps_cpp;rosidl_typesupport_introspection_cpp
[12.141s] -- Found PythonInterp: /usr/bin/python3 (found suitable version "3.8.5", minimum required is "3.5") 
[12.162s] -- Found python_cmake_module: 0.8.1 (/opt/ros/foxy/share/python_cmake_module/cmake)
[12.313s] -- Found PythonLibs: /usr/lib/aarch64-linux-gnu/libpython3.8.so (found suitable version "3.8.5", minimum required is "3.5") 
[12.314s] -- Using PYTHON_EXECUTABLE: /usr/bin/python3
[12.314s] -- Using PYTHON_INCLUDE_DIRS: /usr/include/python3.8
[12.315s] -- Using PYTHON_LIBRARIES: /usr/lib/aarch64-linux-gnu/libpython3.8.so
[12.431s] -- Found PythonExtra: .so  
[12.934s] -- Found ament_lint_auto: 0.9.6 (/opt/ros/foxy/share/ament_lint_auto/cmake)
[13.195s] -- Added test 'copyright' to check source files copyright and LICENSE
[13.223s] -- Added test 'lint_cmake' to check CMake code style
[13.238s] -- Added test 'xmllint' to check XML markup files
[13.286s] -- Configuring done
[13.798s] -- Generating done
[13.811s] -- Build files have been written to: /home/ubuntu/SSLRasp/build/message_info
[13.850s] Invoked command in '/home/ubuntu/SSLRasp/build/message_info' returned '0': CMAKE_PREFIX_PATH=${CMAKE_PREFIX_PATH}:/home/ubuntu/SSLRasp/install/rasp:/opt/ros/foxy /usr/bin/cmake /home/ubuntu/SSLRasp/src/message_info -DAMENT_CMAKE_SYMLINK_INSTALL=1 -DCMAKE_INSTALL_PREFIX=/home/ubuntu/SSLRasp/install/message_info
[13.861s] Invoking command in '/home/ubuntu/SSLRasp/build/message_info': CMAKE_PREFIX_PATH=${CMAKE_PREFIX_PATH}:/home/ubuntu/SSLRasp/install/rasp:/opt/ros/foxy /usr/bin/cmake --build /home/ubuntu/SSLRasp/build/message_info -- -j4 -l4
[14.068s] [35m[1mScanning dependencies of target message_info__cpp[0m
[14.072s] [  1%] [34m[1mGenerating C code for ROS interfaces[0m
[14.123s] [  1%] [34m[1mGenerating C++ code for ROS interfaces[0m
[21.464s] [  1%] Built target message_info__cpp
[21.531s] [  3%] [34m[1mGenerating C++ introspection for ROS interfaces[0m
[21.532s] [  3%] [34m[1mGenerating C++ type support dispatch for ROS interfaces[0m
[21.533s] [  3%] [34m[1mGenerating C++ type support for eProsima Fast-RTPS[0m
[23.243s] [35m[1mScanning dependencies of target message_info__rosidl_generator_c[0m
[23.372s] [  3%] [32mBuilding C object CMakeFiles/message_info__rosidl_generator_c.dir/rosidl_generator_c/message_info/msg/detail/referee_game_event__functions.c.o[0m
[23.659s] [  4%] [32mBuilding C object CMakeFiles/message_info__rosidl_generator_c.dir/rosidl_generator_c/message_info/msg/detail/referee_team_info__functions.c.o[0m
[23.862s] [  4%] [32mBuilding C object CMakeFiles/message_info__rosidl_generator_c.dir/rosidl_generator_c/message_info/msg/detail/referee__functions.c.o[0m
[24.081s] [  5%] [32mBuilding C object CMakeFiles/message_info__rosidl_generator_c.dir/rosidl_generator_c/message_info/msg/detail/field_circular_arc__functions.c.o[0m
[24.288s] [  6%] [32mBuilding C object CMakeFiles/message_info__rosidl_generator_c.dir/rosidl_generator_c/message_info/msg/detail/field_line_segment__functions.c.o[0m
[24.498s] [  6%] [32mBuilding C object CMakeFiles/message_info__rosidl_generator_c.dir/rosidl_generator_c/message_info/msg/detail/vision_geometry__functions.c.o[0m
[24.700s] [  7%] [32mBuilding C object CMakeFiles/message_info__rosidl_generator_c.dir/rosidl_generator_c/message_info/msg/detail/detection_ball__functions.c.o[0m
[24.896s] [  7%] [32mBuilding C object CMakeFiles/message_info__rosidl_generator_c.dir/rosidl_generator_c/message_info/msg/detail/detection_robot__functions.c.o[0m
[25.129s] [  8%] [32mBuilding C object CMakeFiles/message_info__rosidl_generator_c.dir/rosidl_generator_c/message_info/msg/detail/detection_frame__functions.c.o[0m
[25.345s] [  8%] [32mBuilding C object CMakeFiles/message_info__rosidl_generator_c.dir/rosidl_generator_c/message_info/msg/detail/vision_detections__functions.c.o[0m
[25.548s] [  9%] [32mBuilding C object CMakeFiles/message_info__rosidl_generator_c.dir/rosidl_generator_c/message_info/msg/detail/robot_command__functions.c.o[0m
[25.748s] [ 10%] [32mBuilding C object CMakeFiles/message_info__rosidl_generator_c.dir/rosidl_generator_c/message_info/msg/detail/robot_commands__functions.c.o[0m
[25.955s] [ 10%] [32mBuilding C object CMakeFiles/message_info__rosidl_generator_c.dir/rosidl_generator_c/message_info/msg/detail/test__functions.c.o[0m
[26.151s] [ 11%] [32mBuilding C object CMakeFiles/message_info__rosidl_generator_c.dir/rosidl_generator_c/message_info/msg/detail/ball_info__functions.c.o[0m
[26.354s] [ 11%] [32mBuilding C object CMakeFiles/message_info__rosidl_generator_c.dir/rosidl_generator_c/message_info/msg/detail/goal_info__functions.c.o[0m
[26.572s] [ 12%] [32mBuilding C object CMakeFiles/message_info__rosidl_generator_c.dir/rosidl_generator_c/message_info/msg/detail/role__functions.c.o[0m
[26.781s] [ 12%] [32mBuilding C object CMakeFiles/message_info__rosidl_generator_c.dir/rosidl_generator_c/message_info/msg/detail/attacker__functions.c.o[0m
[26.990s] [ 13%] [32mBuilding C object CMakeFiles/message_info__rosidl_generator_c.dir/rosidl_generator_c/message_info/msg/detail/goalie__functions.c.o[0m
[27.201s] [ 14%] [32mBuilding C object CMakeFiles/message_info__rosidl_generator_c.dir/rosidl_generator_c/message_info/msg/detail/info__functions.c.o[0m
[27.323s] [35m[1mScanning dependencies of target message_info__rosidl_typesupport_cpp[0m
[27.421s] [ 14%] [32m[1mLinking C shared library libmessage_info__rosidl_generator_c.so[0m
[27.468s] [ 14%] [32mBuilding CXX object CMakeFiles/message_info__rosidl_typesupport_cpp.dir/rosidl_typesupport_cpp/message_info/msg/referee_game_event__type_support.cpp.o[0m
[27.753s] [ 14%] Built target message_info__rosidl_generator_c
[27.822s] [ 15%] [34m[1mGenerating C introspection for ROS interfaces[0m
[29.128s] [35m[1mScanning dependencies of target message_info__rosidl_typesupport_introspection_cpp[0m
[29.269s] [ 16%] [32mBuilding CXX object CMakeFiles/message_info__rosidl_typesupport_introspection_cpp.dir/rosidl_typesupport_introspection_cpp/message_info/msg/detail/referee_game_event__type_support.cpp.o[0m
[29.839s] [ 17%] [32mBuilding CXX object CMakeFiles/message_info__rosidl_typesupport_cpp.dir/rosidl_typesupport_cpp/message_info/msg/referee_team_info__type_support.cpp.o[0m
[29.875s] [35m[1mScanning dependencies of target message_info__rosidl_typesupport_fastrtps_cpp[0m
[30.065s] [ 18%] [32mBuilding CXX object CMakeFiles/message_info__rosidl_typesupport_fastrtps_cpp.dir/rosidl_typesupport_fastrtps_cpp/message_info/msg/detail/dds_fastrtps/referee_game_event__type_support.cpp.o[0m
[30.939s] [ 18%] [32mBuilding CXX object CMakeFiles/message_info__rosidl_typesupport_introspection_cpp.dir/rosidl_typesupport_introspection_cpp/message_info/msg/detail/referee_team_info__type_support.cpp.o[0m
[31.448s] [ 19%] [32mBuilding CXX object CMakeFiles/message_info__rosidl_typesupport_cpp.dir/rosidl_typesupport_cpp/message_info/msg/referee__type_support.cpp.o[0m
[32.720s] [ 19%] [32mBuilding CXX object CMakeFiles/message_info__rosidl_typesupport_fastrtps_cpp.dir/rosidl_typesupport_fastrtps_cpp/message_info/msg/detail/dds_fastrtps/referee_team_info__type_support.cpp.o[0m
[32.864s] [ 20%] [32mBuilding CXX object CMakeFiles/message_info__rosidl_typesupport_introspection_cpp.dir/rosidl_typesupport_introspection_cpp/message_info/msg/detail/referee__type_support.cpp.o[0m
[33.156s] [ 20%] [32mBuilding CXX object CMakeFiles/message_info__rosidl_typesupport_cpp.dir/rosidl_typesupport_cpp/message_info/msg/field_circular_arc__type_support.cpp.o[0m
[34.608s] [ 20%] [32mBuilding CXX object CMakeFiles/message_info__rosidl_typesupport_introspection_cpp.dir/rosidl_typesupport_introspection_cpp/message_info/msg/detail/field_circular_arc__type_support.cpp.o[0m
[34.837s] [ 21%] [32mBuilding CXX object CMakeFiles/message_info__rosidl_typesupport_cpp.dir/rosidl_typesupport_cpp/message_info/msg/field_line_segment__type_support.cpp.o[0m
[36.483s] [35m[1mScanning dependencies of target message_info__rosidl_typesupport_introspection_c[0m
[36.752s] [ 22%] [32mBuilding CXX object CMakeFiles/message_info__rosidl_typesupport_fastrtps_cpp.dir/rosidl_typesupport_fastrtps_cpp/message_info/msg/detail/dds_fastrtps/referee__type_support.cpp.o[0m
[36.770s] [ 23%] [32mBuilding CXX object CMakeFiles/message_info__rosidl_typesupport_cpp.dir/rosidl_typesupport_cpp/message_info/msg/vision_geometry__type_support.cpp.o[0m
[36.771s] [ 23%] [32mBuilding CXX object CMakeFiles/message_info__rosidl_typesupport_introspection_cpp.dir/rosidl_typesupport_introspection_cpp/message_info/msg/detail/field_line_segment__type_support.cpp.o[0m
[36.896s] [ 24%] [32mBuilding C object CMakeFiles/message_info__rosidl_typesupport_introspection_c.dir/rosidl_typesupport_introspection_c/message_info/msg/detail/referee_game_event__type_support.c.o[0m
[37.076s] [ 24%] [32mBuilding C object CMakeFiles/message_info__rosidl_typesupport_introspection_c.dir/rosidl_typesupport_introspection_c/message_info/msg/detail/referee_team_info__type_support.c.o[0m
[37.260s] [ 25%] [32mBuilding C object CMakeFiles/message_info__rosidl_typesupport_introspection_c.dir/rosidl_typesupport_introspection_c/message_info/msg/detail/referee__type_support.c.o[0m
[37.458s] [ 25%] [32mBuilding C object CMakeFiles/message_info__rosidl_typesupport_introspection_c.dir/rosidl_typesupport_introspection_c/message_info/msg/detail/field_circular_arc__type_support.c.o[0m
[37.648s] [ 26%] [32mBuilding C object CMakeFiles/message_info__rosidl_typesupport_introspection_c.dir/rosidl_typesupport_introspection_c/message_info/msg/detail/field_line_segment__type_support.c.o[0m
[37.839s] [ 26%] [32mBuilding C object CMakeFiles/message_info__rosidl_typesupport_introspection_c.dir/rosidl_typesupport_introspection_c/message_info/msg/detail/vision_geometry__type_support.c.o[0m
[38.067s] [ 27%] [32mBuilding C object CMakeFiles/message_info__rosidl_typesupport_introspection_c.dir/rosidl_typesupport_introspection_c/message_info/msg/detail/detection_ball__type_support.c.o[0m
[38.253s] [ 28%] [32mBuilding C object CMakeFiles/message_info__rosidl_typesupport_introspection_c.dir/rosidl_typesupport_introspection_c/message_info/msg/detail/detection_robot__type_support.c.o[0m
[38.459s] [ 29%] [32mBuilding C object CMakeFiles/message_info__rosidl_typesupport_introspection_c.dir/rosidl_typesupport_introspection_c/message_info/msg/detail/detection_frame__type_support.c.o[0m
[38.460s] [ 29%] [32mBuilding CXX object CMakeFiles/message_info__rosidl_typesupport_cpp.dir/rosidl_typesupport_cpp/message_info/msg/detection_ball__type_support.cpp.o[0m
[38.527s] [ 30%] [32mBuilding CXX object CMakeFiles/message_info__rosidl_typesupport_introspection_cpp.dir/rosidl_typesupport_introspection_cpp/message_info/msg/detail/vision_geometry__type_support.cpp.o[0m
[38.685s] [ 31%] [32mBuilding C object CMakeFiles/message_info__rosidl_typesupport_introspection_c.dir/rosidl_typesupport_introspection_c/message_info/msg/detail/vision_detections__type_support.c.o[0m
[38.897s] [ 31%] [32mBuilding C object CMakeFiles/message_info__rosidl_typesupport_introspection_c.dir/rosidl_typesupport_introspection_c/message_info/msg/detail/robot_command__type_support.c.o[0m
[39.079s] [ 32%] [32mBuilding C object CMakeFiles/message_info__rosidl_typesupport_introspection_c.dir/rosidl_typesupport_introspection_c/message_info/msg/detail/robot_commands__type_support.c.o[0m
[39.280s] [ 32%] [32mBuilding C object CMakeFiles/message_info__rosidl_typesupport_introspection_c.dir/rosidl_typesupport_introspection_c/message_info/msg/detail/test__type_support.c.o[0m
[39.441s] [ 32%] [32mBuilding CXX object CMakeFiles/message_info__rosidl_typesupport_fastrtps_cpp.dir/rosidl_typesupport_fastrtps_cpp/message_info/msg/detail/dds_fastrtps/field_circular_arc__type_support.cpp.o[0m
[39.471s] [ 33%] [32mBuilding C object CMakeFiles/message_info__rosidl_typesupport_introspection_c.dir/rosidl_typesupport_introspection_c/message_info/msg/detail/ball_info__type_support.c.o[0m
[39.650s] [ 34%] [32mBuilding C object CMakeFiles/message_info__rosidl_typesupport_introspection_c.dir/rosidl_typesupport_introspection_c/message_info/msg/detail/goal_info__type_support.c.o[0m
[39.834s] [ 34%] [32mBuilding C object CMakeFiles/message_info__rosidl_typesupport_introspection_c.dir/rosidl_typesupport_introspection_c/message_info/msg/detail/role__type_support.c.o[0m
[40.017s] [ 35%] [32mBuilding C object CMakeFiles/message_info__rosidl_typesupport_introspection_c.dir/rosidl_typesupport_introspection_c/message_info/msg/detail/attacker__type_support.c.o[0m
[40.209s] [ 35%] [32mBuilding C object CMakeFiles/message_info__rosidl_typesupport_introspection_c.dir/rosidl_typesupport_introspection_c/message_info/msg/detail/goalie__type_support.c.o[0m
[40.215s] [ 35%] [32mBuilding CXX object CMakeFiles/message_info__rosidl_typesupport_cpp.dir/rosidl_typesupport_cpp/message_info/msg/detection_robot__type_support.cpp.o[0m
[40.433s] [ 36%] [32mBuilding C object CMakeFiles/message_info__rosidl_typesupport_introspection_c.dir/rosidl_typesupport_introspection_c/message_info/msg/detail/info__type_support.c.o[0m
[40.635s] [ 36%] [32m[1mLinking C shared library libmessage_info__rosidl_typesupport_introspection_c.so[0m
[40.863s] [ 36%] Built target message_info__rosidl_typesupport_introspection_c
[40.915s] [ 37%] [32mBuilding CXX object CMakeFiles/message_info__rosidl_typesupport_cpp.dir/rosidl_typesupport_cpp/message_info/msg/detection_frame__type_support.cpp.o[0m
[40.993s] [ 37%] [32mBuilding CXX object CMakeFiles/message_info__rosidl_typesupport_introspection_cpp.dir/rosidl_typesupport_introspection_cpp/message_info/msg/detail/detection_ball__type_support.cpp.o[0m
[41.927s] [ 38%] [32mBuilding CXX object CMakeFiles/message_info__rosidl_typesupport_introspection_cpp.dir/rosidl_typesupport_introspection_cpp/message_info/msg/detail/detection_robot__type_support.cpp.o[0m
[42.065s] [ 39%] [32mBuilding CXX object CMakeFiles/message_info__rosidl_typesupport_fastrtps_cpp.dir/rosidl_typesupport_fastrtps_cpp/message_info/msg/detail/dds_fastrtps/field_line_segment__type_support.cpp.o[0m
[42.588s] [ 40%] [32mBuilding CXX object CMakeFiles/message_info__rosidl_typesupport_cpp.dir/rosidl_typesupport_cpp/message_info/msg/vision_detections__type_support.cpp.o[0m
[42.708s] [ 40%] [32mBuilding CXX object CMakeFiles/message_info__rosidl_typesupport_cpp.dir/rosidl_typesupport_cpp/message_info/msg/robot_command__type_support.cpp.o[0m
[43.566s] [ 40%] [32mBuilding CXX object CMakeFiles/message_info__rosidl_typesupport_introspection_cpp.dir/rosidl_typesupport_introspection_cpp/message_info/msg/detail/detection_frame__type_support.cpp.o[0m
[44.266s] [ 41%] [32mBuilding CXX object CMakeFiles/message_info__rosidl_typesupport_introspection_cpp.dir/rosidl_typesupport_introspection_cpp/message_info/msg/detail/vision_detections__type_support.cpp.o[0m
[44.429s] [ 42%] [32mBuilding CXX object CMakeFiles/message_info__rosidl_typesupport_cpp.dir/rosidl_typesupport_cpp/message_info/msg/robot_commands__type_support.cpp.o[0m
[44.603s] [ 42%] [32mBuilding CXX object CMakeFiles/message_info__rosidl_typesupport_fastrtps_cpp.dir/rosidl_typesupport_fastrtps_cpp/message_info/msg/detail/dds_fastrtps/vision_geometry__type_support.cpp.o[0m
[46.717s] [ 42%] [32mBuilding CXX object CMakeFiles/message_info__rosidl_typesupport_cpp.dir/rosidl_typesupport_cpp/message_info/msg/test__type_support.cpp.o[0m
[46.769s] [ 42%] [32mBuilding CXX object CMakeFiles/message_info__rosidl_typesupport_introspection_cpp.dir/rosidl_typesupport_introspection_cpp/message_info/msg/detail/robot_command__type_support.cpp.o[0m
[46.988s] [ 43%] [32mBuilding CXX object CMakeFiles/message_info__rosidl_typesupport_cpp.dir/rosidl_typesupport_cpp/message_info/msg/ball_info__type_support.cpp.o[0m
[47.426s] [ 44%] [32mBuilding CXX object CMakeFiles/message_info__rosidl_typesupport_fastrtps_cpp.dir/rosidl_typesupport_fastrtps_cpp/message_info/msg/detail/dds_fastrtps/detection_ball__type_support.cpp.o[0m
[48.330s] [ 45%] [32mBuilding CXX object CMakeFiles/message_info__rosidl_typesupport_fastrtps_cpp.dir/rosidl_typesupport_fastrtps_cpp/message_info/msg/detail/dds_fastrtps/detection_robot__type_support.cpp.o[0m
[48.389s] [ 46%] [32mBuilding CXX object CMakeFiles/message_info__rosidl_typesupport_introspection_cpp.dir/rosidl_typesupport_introspection_cpp/message_info/msg/detail/robot_commands__type_support.cpp.o[0m
[48.691s] [ 46%] [32mBuilding CXX object CMakeFiles/message_info__rosidl_typesupport_cpp.dir/rosidl_typesupport_cpp/message_info/msg/goal_info__type_support.cpp.o[0m
[49.943s] [ 47%] [32mBuilding CXX object CMakeFiles/message_info__rosidl_typesupport_cpp.dir/rosidl_typesupport_cpp/message_info/msg/role__type_support.cpp.o[0m
[50.200s] [ 48%] [32mBuilding CXX object CMakeFiles/message_info__rosidl_typesupport_introspection_cpp.dir/rosidl_typesupport_introspection_cpp/message_info/msg/detail/test__type_support.cpp.o[0m
[50.464s] [ 48%] [32mBuilding CXX object CMakeFiles/message_info__rosidl_typesupport_fastrtps_cpp.dir/rosidl_typesupport_fastrtps_cpp/message_info/msg/detail/dds_fastrtps/detection_frame__type_support.cpp.o[0m
[50.831s] [ 48%] [32mBuilding CXX object CMakeFiles/message_info__rosidl_typesupport_introspection_cpp.dir/rosidl_typesupport_introspection_cpp/message_info/msg/detail/ball_info__type_support.cpp.o[0m
[51.665s] [ 49%] [32mBuilding CXX object CMakeFiles/message_info__rosidl_typesupport_cpp.dir/rosidl_typesupport_cpp/message_info/msg/attacker__type_support.cpp.o[0m
[51.909s] [ 49%] [32mBuilding CXX object CMakeFiles/message_info__rosidl_typesupport_cpp.dir/rosidl_typesupport_cpp/message_info/msg/goalie__type_support.cpp.o[0m
[52.465s] [ 50%] [32mBuilding CXX object CMakeFiles/message_info__rosidl_typesupport_introspection_cpp.dir/rosidl_typesupport_introspection_cpp/message_info/msg/detail/goal_info__type_support.cpp.o[0m
[53.352s] [ 51%] [32mBuilding CXX object CMakeFiles/message_info__rosidl_typesupport_fastrtps_cpp.dir/rosidl_typesupport_fastrtps_cpp/message_info/msg/detail/dds_fastrtps/vision_detections__type_support.cpp.o[0m
[53.529s] [ 51%] [32mBuilding CXX object CMakeFiles/message_info__rosidl_typesupport_introspection_cpp.dir/rosidl_typesupport_introspection_cpp/message_info/msg/detail/role__type_support.cpp.o[0m
[53.675s] [ 52%] [32mBuilding CXX object CMakeFiles/message_info__rosidl_typesupport_cpp.dir/rosidl_typesupport_cpp/message_info/msg/info__type_support.cpp.o[0m
[54.169s] [ 52%] [32mBuilding CXX object CMakeFiles/message_info__rosidl_typesupport_fastrtps_cpp.dir/rosidl_typesupport_fastrtps_cpp/message_info/msg/detail/dds_fastrtps/robot_command__type_support.cpp.o[0m
[55.202s] [ 53%] [32mBuilding CXX object CMakeFiles/message_info__rosidl_typesupport_introspection_cpp.dir/rosidl_typesupport_introspection_cpp/message_info/msg/detail/attacker__type_support.cpp.o[0m
[55.435s] [ 53%] [32m[1mLinking CXX shared library libmessage_info__rosidl_typesupport_cpp.so[0m
[55.689s] [ 53%] Built target message_info__rosidl_typesupport_cpp
[55.746s] [ 54%] [32mBuilding CXX object CMakeFiles/message_info__rosidl_typesupport_fastrtps_cpp.dir/rosidl_typesupport_fastrtps_cpp/message_info/msg/detail/dds_fastrtps/robot_commands__type_support.cpp.o[0m
[56.390s] [ 54%] [32mBuilding CXX object CMakeFiles/message_info__rosidl_typesupport_fastrtps_cpp.dir/rosidl_typesupport_fastrtps_cpp/message_info/msg/detail/dds_fastrtps/test__type_support.cpp.o[0m
[56.755s] [ 54%] [32mBuilding CXX object CMakeFiles/message_info__rosidl_typesupport_introspection_cpp.dir/rosidl_typesupport_introspection_cpp/message_info/msg/detail/goalie__type_support.cpp.o[0m
[56.924s] [ 55%] [32mBuilding CXX object CMakeFiles/message_info__rosidl_typesupport_fastrtps_cpp.dir/rosidl_typesupport_fastrtps_cpp/message_info/msg/detail/dds_fastrtps/ball_info__type_support.cpp.o[0m
[58.425s] [ 56%] [32mBuilding CXX object CMakeFiles/message_info__rosidl_typesupport_introspection_cpp.dir/rosidl_typesupport_introspection_cpp/message_info/msg/detail/info__type_support.cpp.o[0m
[58.464s] [ 57%] [34m[1mGenerating C type support dispatch for ROS interfaces[0m
[58.974s] [ 58%] [32mBuilding CXX object CMakeFiles/message_info__rosidl_typesupport_fastrtps_cpp.dir/rosidl_typesupport_fastrtps_cpp/message_info/msg/detail/dds_fastrtps/goal_info__type_support.cpp.o[0m
[59.526s] [ 58%] [32mBuilding CXX object CMakeFiles/message_info__rosidl_typesupport_fastrtps_cpp.dir/rosidl_typesupport_fastrtps_cpp/message_info/msg/detail/dds_fastrtps/role__type_support.cpp.o[0m
[60.874s] [ 59%] [32m[1mLinking CXX shared library libmessage_info__rosidl_typesupport_introspection_cpp.so[0m
[61.391s] [ 59%] Built target message_info__rosidl_typesupport_introspection_cpp
[61.441s] [ 60%] [32mBuilding CXX object CMakeFiles/message_info__rosidl_typesupport_fastrtps_cpp.dir/rosidl_typesupport_fastrtps_cpp/message_info/msg/detail/dds_fastrtps/attacker__type_support.cpp.o[0m
[61.816s] [ 60%] [32mBuilding CXX object CMakeFiles/message_info__rosidl_typesupport_fastrtps_cpp.dir/rosidl_typesupport_fastrtps_cpp/message_info/msg/detail/dds_fastrtps/goalie__type_support.cpp.o[0m
[62.182s] [ 61%] [32mBuilding CXX object CMakeFiles/message_info__rosidl_typesupport_fastrtps_cpp.dir/rosidl_typesupport_fastrtps_cpp/message_info/msg/detail/dds_fastrtps/info__type_support.cpp.o[0m
[64.485s] [35m[1mScanning dependencies of target message_info__rosidl_typesupport_c[0m
[64.586s] [ 62%] [32mBuilding CXX object CMakeFiles/message_info__rosidl_typesupport_c.dir/rosidl_typesupport_c/message_info/msg/referee_game_event__type_support.cpp.o[0m
[64.587s] [ 62%] [32mBuilding CXX object CMakeFiles/message_info__rosidl_typesupport_c.dir/rosidl_typesupport_c/message_info/msg/referee_team_info__type_support.cpp.o[0m
[64.595s] [ 62%] [32mBuilding CXX object CMakeFiles/message_info__rosidl_typesupport_c.dir/rosidl_typesupport_c/message_info/msg/referee__type_support.cpp.o[0m
[64.768s] [ 63%] [32mBuilding CXX object CMakeFiles/message_info__rosidl_typesupport_c.dir/rosidl_typesupport_c/message_info/msg/field_circular_arc__type_support.cpp.o[0m
[64.775s] [ 63%] [32mBuilding CXX object CMakeFiles/message_info__rosidl_typesupport_c.dir/rosidl_typesupport_c/message_info/msg/vision_geometry__type_support.cpp.o[0m
[64.777s] [ 64%] [32mBuilding CXX object CMakeFiles/message_info__rosidl_typesupport_c.dir/rosidl_typesupport_c/message_info/msg/field_line_segment__type_support.cpp.o[0m
[64.948s] [ 65%] [32mBuilding CXX object CMakeFiles/message_info__rosidl_typesupport_c.dir/rosidl_typesupport_c/message_info/msg/detection_ball__type_support.cpp.o[0m
[64.964s] [ 65%] [32mBuilding CXX object CMakeFiles/message_info__rosidl_typesupport_c.dir/rosidl_typesupport_c/message_info/msg/detection_robot__type_support.cpp.o[0m
[64.972s] [ 66%] [32mBuilding CXX object CMakeFiles/message_info__rosidl_typesupport_c.dir/rosidl_typesupport_c/message_info/msg/detection_frame__type_support.cpp.o[0m
[65.126s] [ 66%] [32mBuilding CXX object CMakeFiles/message_info__rosidl_typesupport_c.dir/rosidl_typesupport_c/message_info/msg/vision_detections__type_support.cpp.o[0m
[65.148s] [ 67%] [32mBuilding CXX object CMakeFiles/message_info__rosidl_typesupport_c.dir/rosidl_typesupport_c/message_info/msg/robot_command__type_support.cpp.o[0m
[65.165s] [ 68%] [32mBuilding CXX object CMakeFiles/message_info__rosidl_typesupport_c.dir/rosidl_typesupport_c/message_info/msg/robot_commands__type_support.cpp.o[0m
[65.237s] [ 68%] [32m[1mLinking CXX shared library libmessage_info__rosidl_typesupport_fastrtps_cpp.so[0m
[65.314s] [ 68%] [32mBuilding CXX object CMakeFiles/message_info__rosidl_typesupport_c.dir/rosidl_typesupport_c/message_info/msg/test__type_support.cpp.o[0m
[65.323s] [ 69%] [32mBuilding CXX object CMakeFiles/message_info__rosidl_typesupport_c.dir/rosidl_typesupport_c/message_info/msg/ball_info__type_support.cpp.o[0m
[65.400s] [ 69%] [32mBuilding CXX object CMakeFiles/message_info__rosidl_typesupport_c.dir/rosidl_typesupport_c/message_info/msg/goal_info__type_support.cpp.o[0m
[65.553s] [ 70%] [32mBuilding CXX object CMakeFiles/message_info__rosidl_typesupport_c.dir/rosidl_typesupport_c/message_info/msg/role__type_support.cpp.o[0m
[65.561s] [ 70%] [32mBuilding CXX object CMakeFiles/message_info__rosidl_typesupport_c.dir/rosidl_typesupport_c/message_info/msg/attacker__type_support.cpp.o[0m
[65.594s] [ 71%] [32mBuilding CXX object CMakeFiles/message_info__rosidl_typesupport_c.dir/rosidl_typesupport_c/message_info/msg/goalie__type_support.cpp.o[0m
[65.745s] [ 72%] [32mBuilding CXX object CMakeFiles/message_info__rosidl_typesupport_c.dir/rosidl_typesupport_c/message_info/msg/info__type_support.cpp.o[0m
[65.893s] [ 72%] Built target message_info__rosidl_typesupport_fastrtps_cpp
[65.901s] [ 72%] [32m[1mLinking CXX shared library libmessage_info__rosidl_typesupport_c.so[0m
[65.945s] [ 73%] [34m[1mGenerating C type support for eProsima Fast-RTPS[0m
[66.102s] [ 73%] Built target message_info__rosidl_typesupport_c
[71.742s] [35m[1mScanning dependencies of target message_info__rosidl_typesupport_fastrtps_c[0m
[72.475s] [ 73%] [32mBuilding CXX object CMakeFiles/message_info__rosidl_typesupport_fastrtps_c.dir/rosidl_typesupport_fastrtps_c/message_info/msg/detail/referee_game_event__type_support_c.cpp.o[0m
[72.478s] [ 74%] [32mBuilding CXX object CMakeFiles/message_info__rosidl_typesupport_fastrtps_c.dir/rosidl_typesupport_fastrtps_c/message_info/msg/detail/referee_team_info__type_support_c.cpp.o[0m
[72.487s] [ 75%] [32mBuilding CXX object CMakeFiles/message_info__rosidl_typesupport_fastrtps_c.dir/rosidl_typesupport_fastrtps_c/message_info/msg/detail/referee__type_support_c.cpp.o[0m
[72.488s] [ 75%] [32mBuilding CXX object CMakeFiles/message_info__rosidl_typesupport_fastrtps_c.dir/rosidl_typesupport_fastrtps_c/message_info/msg/detail/field_circular_arc__type_support_c.cpp.o[0m
[74.582s] [ 76%] [32mBuilding CXX object CMakeFiles/message_info__rosidl_typesupport_fastrtps_c.dir/rosidl_typesupport_fastrtps_c/message_info/msg/detail/field_line_segment__type_support_c.cpp.o[0m
[74.591s] [ 76%] [32mBuilding CXX object CMakeFiles/message_info__rosidl_typesupport_fastrtps_c.dir/rosidl_typesupport_fastrtps_c/message_info/msg/detail/vision_geometry__type_support_c.cpp.o[0m
[74.639s] [ 77%] [32mBuilding CXX object CMakeFiles/message_info__rosidl_typesupport_fastrtps_c.dir/rosidl_typesupport_fastrtps_c/message_info/msg/detail/detection_ball__type_support_c.cpp.o[0m
[74.705s] [ 77%] [32mBuilding CXX object CMakeFiles/message_info__rosidl_typesupport_fastrtps_c.dir/rosidl_typesupport_fastrtps_c/message_info/msg/detail/detection_robot__type_support_c.cpp.o[0m
[76.701s] [ 78%] [32mBuilding CXX object CMakeFiles/message_info__rosidl_typesupport_fastrtps_c.dir/rosidl_typesupport_fastrtps_c/message_info/msg/detail/detection_frame__type_support_c.cpp.o[0m
[76.739s] [ 79%] [32mBuilding CXX object CMakeFiles/message_info__rosidl_typesupport_fastrtps_c.dir/rosidl_typesupport_fastrtps_c/message_info/msg/detail/vision_detections__type_support_c.cpp.o[0m
[76.751s] [ 79%] [32mBuilding CXX object CMakeFiles/message_info__rosidl_typesupport_fastrtps_c.dir/rosidl_typesupport_fastrtps_c/message_info/msg/detail/robot_command__type_support_c.cpp.o[0m
[76.935s] [ 80%] [32mBuilding CXX object CMakeFiles/message_info__rosidl_typesupport_fastrtps_c.dir/rosidl_typesupport_fastrtps_c/message_info/msg/detail/robot_commands__type_support_c.cpp.o[0m
[78.806s] [ 80%] [32mBuilding CXX object CMakeFiles/message_info__rosidl_typesupport_fastrtps_c.dir/rosidl_typesupport_fastrtps_c/message_info/msg/detail/test__type_support_c.cpp.o[0m
[78.809s] [ 81%] [32mBuilding CXX object CMakeFiles/message_info__rosidl_typesupport_fastrtps_c.dir/rosidl_typesupport_fastrtps_c/message_info/msg/detail/ball_info__type_support_c.cpp.o[0m
[78.866s] [ 81%] [32mBuilding CXX object CMakeFiles/message_info__rosidl_typesupport_fastrtps_c.dir/rosidl_typesupport_fastrtps_c/message_info/msg/detail/goal_info__type_support_c.cpp.o[0m
[79.207s] [ 82%] [32mBuilding CXX object CMakeFiles/message_info__rosidl_typesupport_fastrtps_c.dir/rosidl_typesupport_fastrtps_c/message_info/msg/detail/role__type_support_c.cpp.o[0m
[80.833s] [ 83%] [32mBuilding CXX object CMakeFiles/message_info__rosidl_typesupport_fastrtps_c.dir/rosidl_typesupport_fastrtps_c/message_info/msg/detail/attacker__type_support_c.cpp.o[0m
[80.841s] [ 83%] [32mBuilding CXX object CMakeFiles/message_info__rosidl_typesupport_fastrtps_c.dir/rosidl_typesupport_fastrtps_c/message_info/msg/detail/goalie__type_support_c.cpp.o[0m
[81.049s] [ 84%] [32mBuilding CXX object CMakeFiles/message_info__rosidl_typesupport_fastrtps_c.dir/rosidl_typesupport_fastrtps_c/message_info/msg/detail/info__type_support_c.cpp.o[0m
[82.999s] [ 84%] [32m[1mLinking CXX shared library libmessage_info__rosidl_typesupport_fastrtps_c.so[0m
[83.390s] [ 84%] Built target message_info__rosidl_typesupport_fastrtps_c
[83.434s] [35m[1mScanning dependencies of target message_info[0m
[83.485s] [ 84%] Built target message_info
[83.533s] [35m[1mScanning dependencies of target message_info__py[0m
[83.586s] [ 85%] [34m[1mGenerating Python code for ROS interfaces[0m
[95.737s] [ 85%] Built target message_info__py
[95.788s] [35m[1mScanning dependencies of target message_info__python[0m
[96.187s] [ 86%] [32mBuilding C object CMakeFiles/message_info__python.dir/rosidl_generator_py/message_info/msg/_referee_team_info_s.c.o[0m
[96.188s] [ 86%] [32mBuilding C object CMakeFiles/message_info__python.dir/rosidl_generator_py/message_info/msg/_referee_game_event_s.c.o[0m
[96.197s] [ 86%] [32mBuilding C object CMakeFiles/message_info__python.dir/rosidl_generator_py/message_info/msg/_referee_s.c.o[0m
[96.199s] [ 87%] [32mBuilding C object CMakeFiles/message_info__python.dir/rosidl_generator_py/message_info/msg/_field_circular_arc_s.c.o[0m
[96.760s] [ 88%] [32mBuilding C object CMakeFiles/message_info__python.dir/rosidl_generator_py/message_info/msg/_field_line_segment_s.c.o[0m
[96.781s] [ 88%] [32mBuilding C object CMakeFiles/message_info__python.dir/rosidl_generator_py/message_info/msg/_vision_geometry_s.c.o[0m
[96.789s] [ 89%] [32mBuilding C object CMakeFiles/message_info__python.dir/rosidl_generator_py/message_info/msg/_detection_ball_s.c.o[0m
[96.819s] [ 89%] [32mBuilding C object CMakeFiles/message_info__python.dir/rosidl_generator_py/message_info/msg/_detection_robot_s.c.o[0m
[97.271s] [ 90%] [32mBuilding C object CMakeFiles/message_info__python.dir/rosidl_generator_py/message_info/msg/_detection_frame_s.c.o[0m
[97.278s] [ 90%] [32mBuilding C object CMakeFiles/message_info__python.dir/rosidl_generator_py/message_info/msg/_vision_detections_s.c.o[0m
[97.323s] [ 91%] [32mBuilding C object CMakeFiles/message_info__python.dir/rosidl_generator_py/message_info/msg/_robot_command_s.c.o[0m
[97.498s] [ 92%] [32mBuilding C object CMakeFiles/message_info__python.dir/rosidl_generator_py/message_info/msg/_robot_commands_s.c.o[0m
[97.794s] [ 92%] [32mBuilding C object CMakeFiles/message_info__python.dir/rosidl_generator_py/message_info/msg/_test_s.c.o[0m
[97.825s] [ 93%] [32mBuilding C object CMakeFiles/message_info__python.dir/rosidl_generator_py/message_info/msg/_ball_info_s.c.o[0m
[97.850s] [ 93%] [32mBuilding C object CMakeFiles/message_info__python.dir/rosidl_generator_py/message_info/msg/_goal_info_s.c.o[0m
[98.035s] [ 94%] [32mBuilding C object CMakeFiles/message_info__python.dir/rosidl_generator_py/message_info/msg/_role_s.c.o[0m
[98.289s] [ 94%] [32mBuilding C object CMakeFiles/message_info__python.dir/rosidl_generator_py/message_info/msg/_attacker_s.c.o[0m
[98.302s] [ 95%] [32mBuilding C object CMakeFiles/message_info__python.dir/rosidl_generator_py/message_info/msg/_goalie_s.c.o[0m
[98.388s] [ 96%] [32mBuilding C object CMakeFiles/message_info__python.dir/rosidl_generator_py/message_info/msg/_info_s.c.o[0m
[98.881s] [ 96%] [32m[1mLinking C shared library rosidl_generator_py/message_info/libmessage_info__python.so[0m
[99.143s] [ 96%] Built target message_info__python
[99.190s] [35m[1mScanning dependencies of target message_info__rosidl_typesupport_introspection_c__pyext[0m
[99.190s] [35m[1mScanning dependencies of target message_info__rosidl_typesupport_c__pyext[0m
[99.193s] [35m[1mScanning dependencies of target message_info__rosidl_typesupport_fastrtps_c__pyext[0m
[99.317s] [ 97%] [32mBuilding C object CMakeFiles/message_info__rosidl_typesupport_c__pyext.dir/rosidl_generator_py/message_info/_message_info_s.ep.rosidl_typesupport_c.c.o[0m
[99.325s] [ 98%] [32mBuilding C object CMakeFiles/message_info__rosidl_typesupport_introspection_c__pyext.dir/rosidl_generator_py/message_info/_message_info_s.ep.rosidl_typesupport_introspection_c.c.o[0m
[99.356s] [ 99%] [32mBuilding C object CMakeFiles/message_info__rosidl_typesupport_fastrtps_c__pyext.dir/rosidl_generator_py/message_info/_message_info_s.ep.rosidl_typesupport_fastrtps_c.c.o[0m
[100.008s] [ 99%] [32m[1mLinking C shared library rosidl_generator_py/message_info/message_info_s__rosidl_typesupport_c.cpython-38-aarch64-linux-gnu.so[0m
[100.014s] [100%] [32m[1mLinking C shared library rosidl_generator_py/message_info/message_info_s__rosidl_typesupport_introspection_c.cpython-38-aarch64-linux-gnu.so[0m
[100.093s] [100%] [32m[1mLinking CXX shared library rosidl_generator_py/message_info/message_info_s__rosidl_typesupport_fastrtps_c.cpython-38-aarch64-linux-gnu.so[0m
[100.303s] [100%] Built target message_info__rosidl_typesupport_c__pyext
[100.317s] [100%] Built target message_info__rosidl_typesupport_introspection_c__pyext
[100.512s] [100%] Built target message_info__rosidl_typesupport_fastrtps_c__pyext
[100.561s] Invoked command in '/home/ubuntu/SSLRasp/build/message_info' returned '0': CMAKE_PREFIX_PATH=${CMAKE_PREFIX_PATH}:/home/ubuntu/SSLRasp/install/rasp:/opt/ros/foxy /usr/bin/cmake --build /home/ubuntu/SSLRasp/build/message_info -- -j4 -l4
[102.668s] Invoking command in '/home/ubuntu/SSLRasp/build/message_info': CMAKE_PREFIX_PATH=${CMAKE_PREFIX_PATH}:/home/ubuntu/SSLRasp/install/rasp:/opt/ros/foxy /usr/bin/cmake --install /home/ubuntu/SSLRasp/build/message_info
[102.703s] -- Install configuration: ""
[102.705s] -- Execute custom install script
[102.707s] -- Symlinking: /home/ubuntu/SSLRasp/install/message_info/share/ament_index/resource_index/rosidl_interfaces/message_info
[102.750s] -- Symlinking: /home/ubuntu/SSLRasp/install/message_info/include/message_info/msg/attacker.h
[102.789s] -- Symlinking: /home/ubuntu/SSLRasp/install/message_info/include/message_info/msg/ball_info.h
[102.823s] -- Symlinking: /home/ubuntu/SSLRasp/install/message_info/include/message_info/msg/detail/attacker__functions.h
[102.858s] -- Symlinking: /home/ubuntu/SSLRasp/install/message_info/include/message_info/msg/detail/attacker__struct.h
[102.893s] -- Symlinking: /home/ubuntu/SSLRasp/install/message_info/include/message_info/msg/detail/attacker__type_support.h
[102.928s] -- Symlinking: /home/ubuntu/SSLRasp/install/message_info/include/message_info/msg/detail/ball_info__functions.h
[102.962s] -- Symlinking: /home/ubuntu/SSLRasp/install/message_info/include/message_info/msg/detail/ball_info__struct.h
[102.997s] -- Symlinking: /home/ubuntu/SSLRasp/install/message_info/include/message_info/msg/detail/ball_info__type_support.h
[103.032s] -- Symlinking: /home/ubuntu/SSLRasp/install/message_info/include/message_info/msg/detail/detection_ball__functions.h
[103.067s] -- Symlinking: /home/ubuntu/SSLRasp/install/message_info/include/message_info/msg/detail/detection_ball__struct.h
[103.102s] -- Symlinking: /home/ubuntu/SSLRasp/install/message_info/include/message_info/msg/detail/detection_ball__type_support.h
[103.136s] -- Symlinking: /home/ubuntu/SSLRasp/install/message_info/include/message_info/msg/detail/detection_frame__functions.h
[103.173s] -- Symlinking: /home/ubuntu/SSLRasp/install/message_info/include/message_info/msg/detail/detection_frame__struct.h
[103.207s] -- Symlinking: /home/ubuntu/SSLRasp/install/message_info/include/message_info/msg/detail/detection_frame__type_support.h
[103.244s] -- Symlinking: /home/ubuntu/SSLRasp/install/message_info/include/message_info/msg/detail/detection_robot__functions.h
[103.278s] -- Symlinking: /home/ubuntu/SSLRasp/install/message_info/include/message_info/msg/detail/detection_robot__struct.h
[103.312s] -- Symlinking: /home/ubuntu/SSLRasp/install/message_info/include/message_info/msg/detail/detection_robot__type_support.h
[103.347s] -- Symlinking: /home/ubuntu/SSLRasp/install/message_info/include/message_info/msg/detail/field_circular_arc__functions.h
[103.382s] -- Symlinking: /home/ubuntu/SSLRasp/install/message_info/include/message_info/msg/detail/field_circular_arc__struct.h
[103.416s] -- Symlinking: /home/ubuntu/SSLRasp/install/message_info/include/message_info/msg/detail/field_circular_arc__type_support.h
[103.451s] -- Symlinking: /home/ubuntu/SSLRasp/install/message_info/include/message_info/msg/detail/field_line_segment__functions.h
[103.487s] -- Symlinking: /home/ubuntu/SSLRasp/install/message_info/include/message_info/msg/detail/field_line_segment__struct.h
[103.521s] -- Symlinking: /home/ubuntu/SSLRasp/install/message_info/include/message_info/msg/detail/field_line_segment__type_support.h
[103.556s] -- Symlinking: /home/ubuntu/SSLRasp/install/message_info/include/message_info/msg/detail/goal_info__functions.h
[103.591s] -- Symlinking: /home/ubuntu/SSLRasp/install/message_info/include/message_info/msg/detail/goal_info__struct.h
[103.625s] -- Symlinking: /home/ubuntu/SSLRasp/install/message_info/include/message_info/msg/detail/goal_info__type_support.h
[103.661s] -- Symlinking: /home/ubuntu/SSLRasp/install/message_info/include/message_info/msg/detail/goalie__functions.h
[103.696s] -- Symlinking: /home/ubuntu/SSLRasp/install/message_info/include/message_info/msg/detail/goalie__struct.h
[103.733s] -- Symlinking: /home/ubuntu/SSLRasp/install/message_info/include/message_info/msg/detail/goalie__type_support.h
[103.768s] -- Symlinking: /home/ubuntu/SSLRasp/install/message_info/include/message_info/msg/detail/info__functions.h
[103.805s] -- Symlinking: /home/ubuntu/SSLRasp/install/message_info/include/message_info/msg/detail/info__struct.h
[103.842s] -- Symlinking: /home/ubuntu/SSLRasp/install/message_info/include/message_info/msg/detail/info__type_support.h
[103.875s] -- Symlinking: /home/ubuntu/SSLRasp/install/message_info/include/message_info/msg/detail/referee__functions.h
[103.909s] -- Symlinking: /home/ubuntu/SSLRasp/install/message_info/include/message_info/msg/detail/referee__struct.h
[103.945s] -- Symlinking: /home/ubuntu/SSLRasp/install/message_info/include/message_info/msg/detail/referee__type_support.h
[103.981s] -- Symlinking: /home/ubuntu/SSLRasp/install/message_info/include/message_info/msg/detail/referee_game_event__functions.h
[104.015s] -- Symlinking: /home/ubuntu/SSLRasp/install/message_info/include/message_info/msg/detail/referee_game_event__struct.h
[104.050s] -- Symlinking: /home/ubuntu/SSLRasp/install/message_info/include/message_info/msg/detail/referee_game_event__type_support.h
[104.084s] -- Symlinking: /home/ubuntu/SSLRasp/install/message_info/include/message_info/msg/detail/referee_team_info__functions.h
[104.119s] -- Symlinking: /home/ubuntu/SSLRasp/install/message_info/include/message_info/msg/detail/referee_team_info__struct.h
[104.153s] -- Symlinking: /home/ubuntu/SSLRasp/install/message_info/include/message_info/msg/detail/referee_team_info__type_support.h
[104.187s] -- Symlinking: /home/ubuntu/SSLRasp/install/message_info/include/message_info/msg/detail/robot_command__functions.h
[104.222s] -- Symlinking: /home/ubuntu/SSLRasp/install/message_info/include/message_info/msg/detail/robot_command__struct.h
[104.256s] -- Symlinking: /home/ubuntu/SSLRasp/install/message_info/include/message_info/msg/detail/robot_command__type_support.h
[104.291s] -- Symlinking: /home/ubuntu/SSLRasp/install/message_info/include/message_info/msg/detail/robot_commands__functions.h
[104.325s] -- Symlinking: /home/ubuntu/SSLRasp/install/message_info/include/message_info/msg/detail/robot_commands__struct.h
[104.359s] -- Symlinking: /home/ubuntu/SSLRasp/install/message_info/include/message_info/msg/detail/robot_commands__type_support.h
[104.394s] -- Symlinking: /home/ubuntu/SSLRasp/install/message_info/include/message_info/msg/detail/role__functions.h
[104.429s] -- Symlinking: /home/ubuntu/SSLRasp/install/message_info/include/message_info/msg/detail/role__struct.h
[104.464s] -- Symlinking: /home/ubuntu/SSLRasp/install/message_info/include/message_info/msg/detail/role__type_support.h
[104.501s] -- Symlinking: /home/ubuntu/SSLRasp/install/message_info/include/message_info/msg/detail/test__functions.h
[104.537s] -- Symlinking: /home/ubuntu/SSLRasp/install/message_info/include/message_info/msg/detail/test__struct.h
[104.571s] -- Symlinking: /home/ubuntu/SSLRasp/install/message_info/include/message_info/msg/detail/test__type_support.h
[104.606s] -- Symlinking: /home/ubuntu/SSLRasp/install/message_info/include/message_info/msg/detail/vision_detections__functions.h
[104.640s] -- Symlinking: /home/ubuntu/SSLRasp/install/message_info/include/message_info/msg/detail/vision_detections__struct.h
[104.676s] -- Symlinking: /home/ubuntu/SSLRasp/install/message_info/include/message_info/msg/detail/vision_detections__type_support.h
[104.713s] -- Symlinking: /home/ubuntu/SSLRasp/install/message_info/include/message_info/msg/detail/vision_geometry__functions.h
[104.749s] -- Symlinking: /home/ubuntu/SSLRasp/install/message_info/include/message_info/msg/detail/vision_geometry__struct.h
[104.783s] -- Symlinking: /home/ubuntu/SSLRasp/install/message_info/include/message_info/msg/detail/vision_geometry__type_support.h
[104.817s] -- Symlinking: /home/ubuntu/SSLRasp/install/message_info/include/message_info/msg/detection_ball.h
[104.853s] -- Symlinking: /home/ubuntu/SSLRasp/install/message_info/include/message_info/msg/detection_frame.h
[104.887s] -- Symlinking: /home/ubuntu/SSLRasp/install/message_info/include/message_info/msg/detection_robot.h
[104.922s] -- Symlinking: /home/ubuntu/SSLRasp/install/message_info/include/message_info/msg/field_circular_arc.h
[104.956s] -- Symlinking: /home/ubuntu/SSLRasp/install/message_info/include/message_info/msg/field_line_segment.h
[104.991s] -- Symlinking: /home/ubuntu/SSLRasp/install/message_info/include/message_info/msg/goal_info.h
[105.026s] -- Symlinking: /home/ubuntu/SSLRasp/install/message_info/include/message_info/msg/goalie.h
[105.060s] -- Symlinking: /home/ubuntu/SSLRasp/install/message_info/include/message_info/msg/info.h
[105.095s] -- Symlinking: /home/ubuntu/SSLRasp/install/message_info/include/message_info/msg/referee.h
[105.130s] -- Symlinking: /home/ubuntu/SSLRasp/install/message_info/include/message_info/msg/referee_game_event.h
[105.164s] -- Symlinking: /home/ubuntu/SSLRasp/install/message_info/include/message_info/msg/referee_team_info.h
[105.200s] -- Symlinking: /home/ubuntu/SSLRasp/install/message_info/include/message_info/msg/robot_command.h
[105.234s] -- Symlinking: /home/ubuntu/SSLRasp/install/message_info/include/message_info/msg/robot_commands.h
[105.269s] -- Symlinking: /home/ubuntu/SSLRasp/install/message_info/include/message_info/msg/role.h
[105.305s] -- Symlinking: /home/ubuntu/SSLRasp/install/message_info/include/message_info/msg/rosidl_generator_c__visibility_control.h
[105.340s] -- Symlinking: /home/ubuntu/SSLRasp/install/message_info/include/message_info/msg/test.h
[105.374s] -- Symlinking: /home/ubuntu/SSLRasp/install/message_info/include/message_info/msg/vision_detections.h
[105.409s] -- Symlinking: /home/ubuntu/SSLRasp/install/message_info/include/message_info/msg/vision_geometry.h
[105.443s] -- Symlinking: /home/ubuntu/SSLRasp/install/message_info/share/message_info/environment/library_path.sh
[105.478s] -- Symlinking: /home/ubuntu/SSLRasp/install/message_info/share/message_info/environment/library_path.dsv
[105.523s] -- Symlinking: /home/ubuntu/SSLRasp/install/message_info/include/message_info/msg/detail/attacker__rosidl_typesupport_fastrtps_c.h
[105.560s] -- Symlinking: /home/ubuntu/SSLRasp/install/message_info/include/message_info/msg/detail/ball_info__rosidl_typesupport_fastrtps_c.h
[105.596s] -- Symlinking: /home/ubuntu/SSLRasp/install/message_info/include/message_info/msg/detail/detection_ball__rosidl_typesupport_fastrtps_c.h
[105.633s] -- Symlinking: /home/ubuntu/SSLRasp/install/message_info/include/message_info/msg/detail/detection_frame__rosidl_typesupport_fastrtps_c.h
[105.668s] -- Symlinking: /home/ubuntu/SSLRasp/install/message_info/include/message_info/msg/detail/detection_robot__rosidl_typesupport_fastrtps_c.h
[105.703s] -- Symlinking: /home/ubuntu/SSLRasp/install/message_info/include/message_info/msg/detail/field_circular_arc__rosidl_typesupport_fastrtps_c.h
[105.740s] -- Symlinking: /home/ubuntu/SSLRasp/install/message_info/include/message_info/msg/detail/field_line_segment__rosidl_typesupport_fastrtps_c.h
[105.776s] -- Symlinking: /home/ubuntu/SSLRasp/install/message_info/include/message_info/msg/detail/goal_info__rosidl_typesupport_fastrtps_c.h
[105.812s] -- Symlinking: /home/ubuntu/SSLRasp/install/message_info/include/message_info/msg/detail/goalie__rosidl_typesupport_fastrtps_c.h
[105.849s] -- Symlinking: /home/ubuntu/SSLRasp/install/message_info/include/message_info/msg/detail/info__rosidl_typesupport_fastrtps_c.h
[106.230s] -- Symlinking: /home/ubuntu/SSLRasp/install/message_info/include/message_info/msg/detail/referee__rosidl_typesupport_fastrtps_c.h
[106.268s] -- Symlinking: /home/ubuntu/SSLRasp/install/message_info/include/message_info/msg/detail/referee_game_event__rosidl_typesupport_fastrtps_c.h
[106.303s] -- Symlinking: /home/ubuntu/SSLRasp/install/message_info/include/message_info/msg/detail/referee_team_info__rosidl_typesupport_fastrtps_c.h
[106.337s] -- Symlinking: /home/ubuntu/SSLRasp/install/message_info/include/message_info/msg/detail/robot_command__rosidl_typesupport_fastrtps_c.h
[106.372s] -- Symlinking: /home/ubuntu/SSLRasp/install/message_info/include/message_info/msg/detail/robot_commands__rosidl_typesupport_fastrtps_c.h
[106.407s] -- Symlinking: /home/ubuntu/SSLRasp/install/message_info/include/message_info/msg/detail/role__rosidl_typesupport_fastrtps_c.h
[106.442s] -- Symlinking: /home/ubuntu/SSLRasp/install/message_info/include/message_info/msg/detail/test__rosidl_typesupport_fastrtps_c.h
[106.477s] -- Symlinking: /home/ubuntu/SSLRasp/install/message_info/include/message_info/msg/detail/vision_detections__rosidl_typesupport_fastrtps_c.h
[106.512s] -- Symlinking: /home/ubuntu/SSLRasp/install/message_info/include/message_info/msg/detail/vision_geometry__rosidl_typesupport_fastrtps_c.h
[106.549s] -- Symlinking: /home/ubuntu/SSLRasp/install/message_info/include/message_info/msg/rosidl_typesupport_fastrtps_c__visibility_control.h
[106.586s] -- Symlinking: /home/ubuntu/SSLRasp/install/message_info/lib/libmessage_info__rosidl_typesupport_fastrtps_c.so
[106.634s] -- Symlinking: /home/ubuntu/SSLRasp/install/message_info/include/message_info/msg/detail/attacker__rosidl_typesupport_fastrtps_cpp.hpp
[106.670s] -- Symlinking: /home/ubuntu/SSLRasp/install/message_info/include/message_info/msg/detail/ball_info__rosidl_typesupport_fastrtps_cpp.hpp
[106.706s] -- Symlinking: /home/ubuntu/SSLRasp/install/message_info/include/message_info/msg/detail/detection_ball__rosidl_typesupport_fastrtps_cpp.hpp
[106.743s] -- Symlinking: /home/ubuntu/SSLRasp/install/message_info/include/message_info/msg/detail/detection_frame__rosidl_typesupport_fastrtps_cpp.hpp
[106.778s] -- Symlinking: /home/ubuntu/SSLRasp/install/message_info/include/message_info/msg/detail/detection_robot__rosidl_typesupport_fastrtps_cpp.hpp
[106.814s] -- Symlinking: /home/ubuntu/SSLRasp/install/message_info/include/message_info/msg/detail/field_circular_arc__rosidl_typesupport_fastrtps_cpp.hpp
[106.851s] -- Symlinking: /home/ubuntu/SSLRasp/install/message_info/include/message_info/msg/detail/field_line_segment__rosidl_typesupport_fastrtps_cpp.hpp
[106.887s] -- Symlinking: /home/ubuntu/SSLRasp/install/message_info/include/message_info/msg/detail/goal_info__rosidl_typesupport_fastrtps_cpp.hpp
[106.924s] -- Symlinking: /home/ubuntu/SSLRasp/install/message_info/include/message_info/msg/detail/goalie__rosidl_typesupport_fastrtps_cpp.hpp
[106.960s] -- Symlinking: /home/ubuntu/SSLRasp/install/message_info/include/message_info/msg/detail/info__rosidl_typesupport_fastrtps_cpp.hpp
[106.996s] -- Symlinking: /home/ubuntu/SSLRasp/install/message_info/include/message_info/msg/detail/referee__rosidl_typesupport_fastrtps_cpp.hpp
[107.032s] -- Symlinking: /home/ubuntu/SSLRasp/install/message_info/include/message_info/msg/detail/referee_game_event__rosidl_typesupport_fastrtps_cpp.hpp
[107.068s] -- Symlinking: /home/ubuntu/SSLRasp/install/message_info/include/message_info/msg/detail/referee_team_info__rosidl_typesupport_fastrtps_cpp.hpp
[107.104s] -- Symlinking: /home/ubuntu/SSLRasp/install/message_info/include/message_info/msg/detail/robot_command__rosidl_typesupport_fastrtps_cpp.hpp
[107.141s] -- Symlinking: /home/ubuntu/SSLRasp/install/message_info/include/message_info/msg/detail/robot_commands__rosidl_typesupport_fastrtps_cpp.hpp
[107.176s] -- Symlinking: /home/ubuntu/SSLRasp/install/message_info/include/message_info/msg/detail/role__rosidl_typesupport_fastrtps_cpp.hpp
[107.211s] -- Symlinking: /home/ubuntu/SSLRasp/install/message_info/include/message_info/msg/detail/test__rosidl_typesupport_fastrtps_cpp.hpp
[107.246s] -- Symlinking: /home/ubuntu/SSLRasp/install/message_info/include/message_info/msg/detail/vision_detections__rosidl_typesupport_fastrtps_cpp.hpp
[107.282s] -- Symlinking: /home/ubuntu/SSLRasp/install/message_info/include/message_info/msg/detail/vision_geometry__rosidl_typesupport_fastrtps_cpp.hpp
[107.319s] -- Symlinking: /home/ubuntu/SSLRasp/install/message_info/include/message_info/msg/rosidl_typesupport_fastrtps_cpp__visibility_control.h
[107.357s] -- Symlinking: /home/ubuntu/SSLRasp/install/message_info/lib/libmessage_info__rosidl_typesupport_fastrtps_cpp.so
[107.398s] -- Symlinking: /home/ubuntu/SSLRasp/install/message_info/include/message_info/msg/detail/attacker__rosidl_typesupport_introspection_c.h
[107.437s] -- Symlinking: /home/ubuntu/SSLRasp/install/message_info/include/message_info/msg/detail/ball_info__rosidl_typesupport_introspection_c.h
[107.475s] -- Symlinking: /home/ubuntu/SSLRasp/install/message_info/include/message_info/msg/detail/detection_ball__rosidl_typesupport_introspection_c.h
[107.510s] -- Symlinking: /home/ubuntu/SSLRasp/install/message_info/include/message_info/msg/detail/detection_frame__rosidl_typesupport_introspection_c.h
[107.546s] -- Symlinking: /home/ubuntu/SSLRasp/install/message_info/include/message_info/msg/detail/detection_robot__rosidl_typesupport_introspection_c.h
[107.583s] -- Symlinking: /home/ubuntu/SSLRasp/install/message_info/include/message_info/msg/detail/field_circular_arc__rosidl_typesupport_introspection_c.h
[107.617s] -- Symlinking: /home/ubuntu/SSLRasp/install/message_info/include/message_info/msg/detail/field_line_segment__rosidl_typesupport_introspection_c.h
[107.653s] -- Symlinking: /home/ubuntu/SSLRasp/install/message_info/include/message_info/msg/detail/goal_info__rosidl_typesupport_introspection_c.h
[107.689s] -- Symlinking: /home/ubuntu/SSLRasp/install/message_info/include/message_info/msg/detail/goalie__rosidl_typesupport_introspection_c.h
[107.725s] -- Symlinking: /home/ubuntu/SSLRasp/install/message_info/include/message_info/msg/detail/info__rosidl_typesupport_introspection_c.h
[107.759s] -- Symlinking: /home/ubuntu/SSLRasp/install/message_info/include/message_info/msg/detail/referee__rosidl_typesupport_introspection_c.h
[107.795s] -- Symlinking: /home/ubuntu/SSLRasp/install/message_info/include/message_info/msg/detail/referee_game_event__rosidl_typesupport_introspection_c.h
[107.831s] -- Symlinking: /home/ubuntu/SSLRasp/install/message_info/include/message_info/msg/detail/referee_team_info__rosidl_typesupport_introspection_c.h
[107.867s] -- Symlinking: /home/ubuntu/SSLRasp/install/message_info/include/message_info/msg/detail/robot_command__rosidl_typesupport_introspection_c.h
[107.902s] -- Symlinking: /home/ubuntu/SSLRasp/install/message_info/include/message_info/msg/detail/robot_commands__rosidl_typesupport_introspection_c.h
[107.938s] -- Symlinking: /home/ubuntu/SSLRasp/install/message_info/include/message_info/msg/detail/role__rosidl_typesupport_introspection_c.h
[107.974s] -- Symlinking: /home/ubuntu/SSLRasp/install/message_info/include/message_info/msg/detail/test__rosidl_typesupport_introspection_c.h
[108.008s] -- Symlinking: /home/ubuntu/SSLRasp/install/message_info/include/message_info/msg/detail/vision_detections__rosidl_typesupport_introspection_c.h
[108.044s] -- Symlinking: /home/ubuntu/SSLRasp/install/message_info/include/message_info/msg/detail/vision_geometry__rosidl_typesupport_introspection_c.h
[108.080s] -- Symlinking: /home/ubuntu/SSLRasp/install/message_info/include/message_info/msg/rosidl_typesupport_introspection_c__visibility_control.h
[108.123s] -- Symlinking: /home/ubuntu/SSLRasp/install/message_info/include/message_info/msg/attacker.hpp
[108.158s] -- Symlinking: /home/ubuntu/SSLRasp/install/message_info/include/message_info/msg/ball_info.hpp
[108.193s] -- Symlinking: /home/ubuntu/SSLRasp/install/message_info/include/message_info/msg/detail/attacker__builder.hpp
[108.231s] -- Symlinking: /home/ubuntu/SSLRasp/install/message_info/include/message_info/msg/detail/attacker__struct.hpp
[108.267s] -- Symlinking: /home/ubuntu/SSLRasp/install/message_info/include/message_info/msg/detail/attacker__traits.hpp
[108.303s] -- Symlinking: /home/ubuntu/SSLRasp/install/message_info/include/message_info/msg/detail/ball_info__builder.hpp
[108.339s] -- Symlinking: /home/ubuntu/SSLRasp/install/message_info/include/message_info/msg/detail/ball_info__struct.hpp
[108.375s] -- Symlinking: /home/ubuntu/SSLRasp/install/message_info/include/message_info/msg/detail/ball_info__traits.hpp
[108.411s] -- Symlinking: /home/ubuntu/SSLRasp/install/message_info/include/message_info/msg/detail/detection_ball__builder.hpp
[108.446s] -- Symlinking: /home/ubuntu/SSLRasp/install/message_info/include/message_info/msg/detail/detection_ball__struct.hpp
[108.482s] -- Symlinking: /home/ubuntu/SSLRasp/install/message_info/include/message_info/msg/detail/detection_ball__traits.hpp
[108.518s] -- Symlinking: /home/ubuntu/SSLRasp/install/message_info/include/message_info/msg/detail/detection_frame__builder.hpp
[108.553s] -- Symlinking: /home/ubuntu/SSLRasp/install/message_info/include/message_info/msg/detail/detection_frame__struct.hpp
[108.589s] -- Symlinking: /home/ubuntu/SSLRasp/install/message_info/include/message_info/msg/detail/detection_frame__traits.hpp
[108.625s] -- Symlinking: /home/ubuntu/SSLRasp/install/message_info/include/message_info/msg/detail/detection_robot__builder.hpp
[108.659s] -- Symlinking: /home/ubuntu/SSLRasp/install/message_info/include/message_info/msg/detail/detection_robot__struct.hpp
[108.695s] -- Symlinking: /home/ubuntu/SSLRasp/install/message_info/include/message_info/msg/detail/detection_robot__traits.hpp
[108.730s] -- Symlinking: /home/ubuntu/SSLRasp/install/message_info/include/message_info/msg/detail/field_circular_arc__builder.hpp
[108.764s] -- Symlinking: /home/ubuntu/SSLRasp/install/message_info/include/message_info/msg/detail/field_circular_arc__struct.hpp
[108.800s] -- Symlinking: /home/ubuntu/SSLRasp/install/message_info/include/message_info/msg/detail/field_circular_arc__traits.hpp
[108.836s] -- Symlinking: /home/ubuntu/SSLRasp/install/message_info/include/message_info/msg/detail/field_line_segment__builder.hpp
[108.872s] -- Symlinking: /home/ubuntu/SSLRasp/install/message_info/include/message_info/msg/detail/field_line_segment__struct.hpp
[108.908s] -- Symlinking: /home/ubuntu/SSLRasp/install/message_info/include/message_info/msg/detail/field_line_segment__traits.hpp
[108.944s] -- Symlinking: /home/ubuntu/SSLRasp/install/message_info/include/message_info/msg/detail/goal_info__builder.hpp
[108.980s] -- Symlinking: /home/ubuntu/SSLRasp/install/message_info/include/message_info/msg/detail/goal_info__struct.hpp
[109.015s] -- Symlinking: /home/ubuntu/SSLRasp/install/message_info/include/message_info/msg/detail/goal_info__traits.hpp
[109.051s] -- Symlinking: /home/ubuntu/SSLRasp/install/message_info/include/message_info/msg/detail/goalie__builder.hpp
[109.086s] -- Symlinking: /home/ubuntu/SSLRasp/install/message_info/include/message_info/msg/detail/goalie__struct.hpp
[109.122s] -- Symlinking: /home/ubuntu/SSLRasp/install/message_info/include/message_info/msg/detail/goalie__traits.hpp
[109.157s] -- Symlinking: /home/ubuntu/SSLRasp/install/message_info/include/message_info/msg/detail/info__builder.hpp
[109.195s] -- Symlinking: /home/ubuntu/SSLRasp/install/message_info/include/message_info/msg/detail/info__struct.hpp
[109.231s] -- Symlinking: /home/ubuntu/SSLRasp/install/message_info/include/message_info/msg/detail/info__traits.hpp
[109.267s] -- Symlinking: /home/ubuntu/SSLRasp/install/message_info/include/message_info/msg/detail/referee__builder.hpp
[109.302s] -- Symlinking: /home/ubuntu/SSLRasp/install/message_info/include/message_info/msg/detail/referee__struct.hpp
[109.339s] -- Symlinking: /home/ubuntu/SSLRasp/install/message_info/include/message_info/msg/detail/referee__traits.hpp
[109.374s] -- Symlinking: /home/ubuntu/SSLRasp/install/message_info/include/message_info/msg/detail/referee_game_event__builder.hpp
[109.411s] -- Symlinking: /home/ubuntu/SSLRasp/install/message_info/include/message_info/msg/detail/referee_game_event__struct.hpp
[109.445s] -- Symlinking: /home/ubuntu/SSLRasp/install/message_info/include/message_info/msg/detail/referee_game_event__traits.hpp
[109.481s] -- Symlinking: /home/ubuntu/SSLRasp/install/message_info/include/message_info/msg/detail/referee_team_info__builder.hpp
[109.517s] -- Symlinking: /home/ubuntu/SSLRasp/install/message_info/include/message_info/msg/detail/referee_team_info__struct.hpp
[109.552s] -- Symlinking: /home/ubuntu/SSLRasp/install/message_info/include/message_info/msg/detail/referee_team_info__traits.hpp
[109.587s] -- Symlinking: /home/ubuntu/SSLRasp/install/message_info/include/message_info/msg/detail/robot_command__builder.hpp
[109.623s] -- Symlinking: /home/ubuntu/SSLRasp/install/message_info/include/message_info/msg/detail/robot_command__struct.hpp
[109.658s] -- Symlinking: /home/ubuntu/SSLRasp/install/message_info/include/message_info/msg/detail/robot_command__traits.hpp
[109.694s] -- Symlinking: /home/ubuntu/SSLRasp/install/message_info/include/message_info/msg/detail/robot_commands__builder.hpp
[109.728s] -- Symlinking: /home/ubuntu/SSLRasp/install/message_info/include/message_info/msg/detail/robot_commands__struct.hpp
[109.763s] -- Symlinking: /home/ubuntu/SSLRasp/install/message_info/include/message_info/msg/detail/robot_commands__traits.hpp
[109.799s] -- Symlinking: /home/ubuntu/SSLRasp/install/message_info/include/message_info/msg/detail/role__builder.hpp
[109.835s] -- Symlinking: /home/ubuntu/SSLRasp/install/message_info/include/message_info/msg/detail/role__struct.hpp
[109.870s] -- Symlinking: /home/ubuntu/SSLRasp/install/message_info/include/message_info/msg/detail/role__traits.hpp
[109.906s] -- Symlinking: /home/ubuntu/SSLRasp/install/message_info/include/message_info/msg/detail/test__builder.hpp
[109.942s] -- Symlinking: /home/ubuntu/SSLRasp/install/message_info/include/message_info/msg/detail/test__struct.hpp
[109.977s] -- Symlinking: /home/ubuntu/SSLRasp/install/message_info/include/message_info/msg/detail/test__traits.hpp
[110.012s] -- Symlinking: /home/ubuntu/SSLRasp/install/message_info/include/message_info/msg/detail/vision_detections__builder.hpp
[110.048s] -- Symlinking: /home/ubuntu/SSLRasp/install/message_info/include/message_info/msg/detail/vision_detections__struct.hpp
[110.084s] -- Symlinking: /home/ubuntu/SSLRasp/install/message_info/include/message_info/msg/detail/vision_detections__traits.hpp
[110.120s] -- Symlinking: /home/ubuntu/SSLRasp/install/message_info/include/message_info/msg/detail/vision_geometry__builder.hpp
[110.156s] -- Symlinking: /home/ubuntu/SSLRasp/install/message_info/include/message_info/msg/detail/vision_geometry__struct.hpp
[110.192s] -- Symlinking: /home/ubuntu/SSLRasp/install/message_info/include/message_info/msg/detail/vision_geometry__traits.hpp
[110.227s] -- Symlinking: /home/ubuntu/SSLRasp/install/message_info/include/message_info/msg/detection_ball.hpp
[110.263s] -- Symlinking: /home/ubuntu/SSLRasp/install/message_info/include/message_info/msg/detection_frame.hpp
[110.299s] -- Symlinking: /home/ubuntu/SSLRasp/install/message_info/include/message_info/msg/detection_robot.hpp
[110.334s] -- Symlinking: /home/ubuntu/SSLRasp/install/message_info/include/message_info/msg/field_circular_arc.hpp
[110.370s] -- Symlinking: /home/ubuntu/SSLRasp/install/message_info/include/message_info/msg/field_line_segment.hpp
[110.406s] -- Symlinking: /home/ubuntu/SSLRasp/install/message_info/include/message_info/msg/goal_info.hpp
[110.442s] -- Symlinking: /home/ubuntu/SSLRasp/install/message_info/include/message_info/msg/goalie.hpp
[110.477s] -- Symlinking: /home/ubuntu/SSLRasp/install/message_info/include/message_info/msg/info.hpp
[110.513s] -- Symlinking: /home/ubuntu/SSLRasp/install/message_info/include/message_info/msg/referee.hpp
[110.549s] -- Symlinking: /home/ubuntu/SSLRasp/install/message_info/include/message_info/msg/referee_game_event.hpp
[110.585s] -- Symlinking: /home/ubuntu/SSLRasp/install/message_info/include/message_info/msg/referee_team_info.hpp
[110.620s] -- Symlinking: /home/ubuntu/SSLRasp/install/message_info/include/message_info/msg/robot_command.hpp
[110.656s] -- Symlinking: /home/ubuntu/SSLRasp/install/message_info/include/message_info/msg/robot_commands.hpp
[110.692s] -- Symlinking: /home/ubuntu/SSLRasp/install/message_info/include/message_info/msg/role.hpp
[110.728s] -- Symlinking: /home/ubuntu/SSLRasp/install/message_info/include/message_info/msg/test.hpp
[110.765s] -- Symlinking: /home/ubuntu/SSLRasp/install/message_info/include/message_info/msg/vision_detections.hpp
[110.801s] -- Symlinking: /home/ubuntu/SSLRasp/install/message_info/include/message_info/msg/vision_geometry.hpp
[110.841s] -- Symlinking: /home/ubuntu/SSLRasp/install/message_info/include/message_info/msg/detail/attacker__rosidl_typesupport_introspection_cpp.hpp
[110.992s] -- Symlinking: /home/ubuntu/SSLRasp/install/message_info/include/message_info/msg/detail/ball_info__rosidl_typesupport_introspection_cpp.hpp
[111.031s] -- Symlinking: /home/ubuntu/SSLRasp/install/message_info/include/message_info/msg/detail/detection_ball__rosidl_typesupport_introspection_cpp.hpp
[111.068s] -- Symlinking: /home/ubuntu/SSLRasp/install/message_info/include/message_info/msg/detail/detection_frame__rosidl_typesupport_introspection_cpp.hpp
[111.105s] -- Symlinking: /home/ubuntu/SSLRasp/install/message_info/include/message_info/msg/detail/detection_robot__rosidl_typesupport_introspection_cpp.hpp
[111.142s] -- Symlinking: /home/ubuntu/SSLRasp/install/message_info/include/message_info/msg/detail/field_circular_arc__rosidl_typesupport_introspection_cpp.hpp
[111.177s] -- Symlinking: /home/ubuntu/SSLRasp/install/message_info/include/message_info/msg/detail/field_line_segment__rosidl_typesupport_introspection_cpp.hpp
[111.213s] -- Symlinking: /home/ubuntu/SSLRasp/install/message_info/include/message_info/msg/detail/goal_info__rosidl_typesupport_introspection_cpp.hpp
[111.249s] -- Symlinking: /home/ubuntu/SSLRasp/install/message_info/include/message_info/msg/detail/goalie__rosidl_typesupport_introspection_cpp.hpp
[111.284s] -- Symlinking: /home/ubuntu/SSLRasp/install/message_info/include/message_info/msg/detail/info__rosidl_typesupport_introspection_cpp.hpp
[111.319s] -- Symlinking: /home/ubuntu/SSLRasp/install/message_info/include/message_info/msg/detail/referee__rosidl_typesupport_introspection_cpp.hpp
[111.355s] -- Symlinking: /home/ubuntu/SSLRasp/install/message_info/include/message_info/msg/detail/referee_game_event__rosidl_typesupport_introspection_cpp.hpp
[111.391s] -- Symlinking: /home/ubuntu/SSLRasp/install/message_info/include/message_info/msg/detail/referee_team_info__rosidl_typesupport_introspection_cpp.hpp
[111.426s] -- Symlinking: /home/ubuntu/SSLRasp/install/message_info/include/message_info/msg/detail/robot_command__rosidl_typesupport_introspection_cpp.hpp
[111.462s] -- Symlinking: /home/ubuntu/SSLRasp/install/message_info/include/message_info/msg/detail/robot_commands__rosidl_typesupport_introspection_cpp.hpp
[111.499s] -- Symlinking: /home/ubuntu/SSLRasp/install/message_info/include/message_info/msg/detail/role__rosidl_typesupport_introspection_cpp.hpp
[111.535s] -- Symlinking: /home/ubuntu/SSLRasp/install/message_info/include/message_info/msg/detail/test__rosidl_typesupport_introspection_cpp.hpp
[111.571s] -- Symlinking: /home/ubuntu/SSLRasp/install/message_info/include/message_info/msg/detail/vision_detections__rosidl_typesupport_introspection_cpp.hpp
[111.607s] -- Symlinking: /home/ubuntu/SSLRasp/install/message_info/include/message_info/msg/detail/vision_geometry__rosidl_typesupport_introspection_cpp.hpp
[111.643s] -- Symlinking: /home/ubuntu/SSLRasp/install/message_info/share/message_info/environment/pythonpath.sh
[111.678s] -- Symlinking: /home/ubuntu/SSLRasp/install/message_info/share/message_info/environment/pythonpath.dsv
[111.715s] -- Symlinking: /home/ubuntu/SSLRasp/install/message_info/lib/python3.8/site-packages/message_info/__init__.py
[111.754s] -- Symlinking: /home/ubuntu/SSLRasp/install/message_info/lib/python3.8/site-packages/message_info/msg/__init__.py
[111.791s] -- Symlinking: /home/ubuntu/SSLRasp/install/message_info/lib/python3.8/site-packages/message_info/msg/_attacker.py
[111.829s] -- Symlinking: /home/ubuntu/SSLRasp/install/message_info/lib/python3.8/site-packages/message_info/msg/_ball_info.py
[111.866s] -- Symlinking: /home/ubuntu/SSLRasp/install/message_info/lib/python3.8/site-packages/message_info/msg/_detection_ball.py
[111.903s] -- Symlinking: /home/ubuntu/SSLRasp/install/message_info/lib/python3.8/site-packages/message_info/msg/_detection_frame.py
[111.939s] -- Symlinking: /home/ubuntu/SSLRasp/install/message_info/lib/python3.8/site-packages/message_info/msg/_detection_robot.py
[111.974s] -- Symlinking: /home/ubuntu/SSLRasp/install/message_info/lib/python3.8/site-packages/message_info/msg/_field_circular_arc.py
[112.010s] -- Symlinking: /home/ubuntu/SSLRasp/install/message_info/lib/python3.8/site-packages/message_info/msg/_field_line_segment.py
[112.046s] -- Symlinking: /home/ubuntu/SSLRasp/install/message_info/lib/python3.8/site-packages/message_info/msg/_goal_info.py
[112.083s] -- Symlinking: /home/ubuntu/SSLRasp/install/message_info/lib/python3.8/site-packages/message_info/msg/_goalie.py
[112.119s] -- Symlinking: /home/ubuntu/SSLRasp/install/message_info/lib/python3.8/site-packages/message_info/msg/_info.py
[112.154s] -- Symlinking: /home/ubuntu/SSLRasp/install/message_info/lib/python3.8/site-packages/message_info/msg/_referee.py
[112.190s] -- Symlinking: /home/ubuntu/SSLRasp/install/message_info/lib/python3.8/site-packages/message_info/msg/_referee_game_event.py
[112.226s] -- Symlinking: /home/ubuntu/SSLRasp/install/message_info/lib/python3.8/site-packages/message_info/msg/_referee_team_info.py
[112.262s] -- Symlinking: /home/ubuntu/SSLRasp/install/message_info/lib/python3.8/site-packages/message_info/msg/_robot_command.py
[112.298s] -- Symlinking: /home/ubuntu/SSLRasp/install/message_info/lib/python3.8/site-packages/message_info/msg/_robot_commands.py
[112.335s] -- Symlinking: /home/ubuntu/SSLRasp/install/message_info/lib/python3.8/site-packages/message_info/msg/_role.py
[112.371s] -- Symlinking: /home/ubuntu/SSLRasp/install/message_info/lib/python3.8/site-packages/message_info/msg/_test.py
[112.406s] -- Symlinking: /home/ubuntu/SSLRasp/install/message_info/lib/python3.8/site-packages/message_info/msg/_vision_detections.py
[112.443s] -- Symlinking: /home/ubuntu/SSLRasp/install/message_info/lib/python3.8/site-packages/message_info/msg/_vision_geometry.py
[112.479s] -- Symlinking: /home/ubuntu/SSLRasp/install/message_info/lib/python3.8/site-packages/message_info/message_info_s__rosidl_typesupport_fastrtps_c.cpython-38-aarch64-linux-gnu.so
[112.517s] -- Symlinking: /home/ubuntu/SSLRasp/install/message_info/lib/python3.8/site-packages/message_info/message_info_s__rosidl_typesupport_introspection_c.cpython-38-aarch64-linux-gnu.so
[112.555s] -- Symlinking: /home/ubuntu/SSLRasp/install/message_info/lib/python3.8/site-packages/message_info/message_info_s__rosidl_typesupport_c.cpython-38-aarch64-linux-gnu.so
[112.591s] -- Symlinking: /home/ubuntu/SSLRasp/install/message_info/lib/libmessage_info__python.so
[112.627s] -- Symlinking: /home/ubuntu/SSLRasp/install/message_info/share/message_info/msg/RefereeGameEvent.idl
[112.663s] -- Symlinking: /home/ubuntu/SSLRasp/install/message_info/share/message_info/msg/RefereeTeamInfo.idl
[112.700s] -- Symlinking: /home/ubuntu/SSLRasp/install/message_info/share/message_info/msg/Referee.idl
[112.736s] -- Symlinking: /home/ubuntu/SSLRasp/install/message_info/share/message_info/msg/FieldCircularArc.idl
[112.774s] -- Symlinking: /home/ubuntu/SSLRasp/install/message_info/share/message_info/msg/FieldLineSegment.idl
[112.810s] -- Symlinking: /home/ubuntu/SSLRasp/install/message_info/share/message_info/msg/VisionGeometry.idl
[112.846s] -- Symlinking: /home/ubuntu/SSLRasp/install/message_info/share/message_info/msg/DetectionBall.idl
[112.882s] -- Symlinking: /home/ubuntu/SSLRasp/install/message_info/share/message_info/msg/DetectionRobot.idl
[112.918s] -- Symlinking: /home/ubuntu/SSLRasp/install/message_info/share/message_info/msg/DetectionFrame.idl
[112.954s] -- Symlinking: /home/ubuntu/SSLRasp/install/message_info/share/message_info/msg/VisionDetections.idl
[112.990s] -- Symlinking: /home/ubuntu/SSLRasp/install/message_info/share/message_info/msg/RobotCommand.idl
[113.026s] -- Symlinking: /home/ubuntu/SSLRasp/install/message_info/share/message_info/msg/RobotCommands.idl
[113.063s] -- Symlinking: /home/ubuntu/SSLRasp/install/message_info/share/message_info/msg/Test.idl
[113.099s] -- Symlinking: /home/ubuntu/SSLRasp/install/message_info/share/message_info/msg/BallInfo.idl
[113.137s] -- Symlinking: /home/ubuntu/SSLRasp/install/message_info/share/message_info/msg/GoalInfo.idl
[113.175s] -- Symlinking: /home/ubuntu/SSLRasp/install/message_info/share/message_info/msg/Role.idl
[113.212s] -- Symlinking: /home/ubuntu/SSLRasp/install/message_info/share/message_info/msg/Attacker.idl
[113.248s] -- Symlinking: /home/ubuntu/SSLRasp/install/message_info/share/message_info/msg/Goalie.idl
[113.283s] -- Symlinking: /home/ubuntu/SSLRasp/install/message_info/share/message_info/msg/Info.idl
[113.319s] -- Symlinking: /home/ubuntu/SSLRasp/install/message_info/share/message_info/msg/RefereeGameEvent.msg
[113.355s] -- Symlinking: /home/ubuntu/SSLRasp/install/message_info/share/message_info/msg/RefereeTeamInfo.msg
[113.391s] -- Symlinking: /home/ubuntu/SSLRasp/install/message_info/share/message_info/msg/Referee.msg
[113.426s] -- Symlinking: /home/ubuntu/SSLRasp/install/message_info/share/message_info/msg/FieldCircularArc.msg
[113.462s] -- Symlinking: /home/ubuntu/SSLRasp/install/message_info/share/message_info/msg/FieldLineSegment.msg
[113.499s] -- Symlinking: /home/ubuntu/SSLRasp/install/message_info/share/message_info/msg/VisionGeometry.msg
[113.535s] -- Symlinking: /home/ubuntu/SSLRasp/install/message_info/share/message_info/msg/DetectionBall.msg
[113.572s] -- Symlinking: /home/ubuntu/SSLRasp/install/message_info/share/message_info/msg/DetectionRobot.msg
[113.610s] -- Symlinking: /home/ubuntu/SSLRasp/install/message_info/share/message_info/msg/DetectionFrame.msg
[113.646s] -- Symlinking: /home/ubuntu/SSLRasp/install/message_info/share/message_info/msg/VisionDetections.msg
[113.682s] -- Symlinking: /home/ubuntu/SSLRasp/install/message_info/share/message_info/msg/RobotCommand.msg
[113.717s] -- Symlinking: /home/ubuntu/SSLRasp/install/message_info/share/message_info/msg/RobotCommands.msg
[113.753s] -- Symlinking: /home/ubuntu/SSLRasp/install/message_info/share/message_info/msg/Test.msg
[113.789s] -- Symlinking: /home/ubuntu/SSLRasp/install/message_info/share/message_info/msg/BallInfo.msg
[113.825s] -- Symlinking: /home/ubuntu/SSLRasp/install/message_info/share/message_info/msg/GoalInfo.msg
[113.862s] -- Symlinking: /home/ubuntu/SSLRasp/install/message_info/share/message_info/msg/Role.msg
[113.898s] -- Symlinking: /home/ubuntu/SSLRasp/install/message_info/share/message_info/msg/Attacker.msg
[113.935s] -- Symlinking: /home/ubuntu/SSLRasp/install/message_info/share/message_info/msg/Goalie.msg
[113.973s] -- Symlinking: /home/ubuntu/SSLRasp/install/message_info/share/message_info/msg/Info.msg
[114.010s] -- Symlinking: /home/ubuntu/SSLRasp/install/message_info/share/ament_index/resource_index/package_run_dependencies/message_info
[114.047s] -- Symlinking: /home/ubuntu/SSLRasp/install/message_info/share/ament_index/resource_index/parent_prefix_path/message_info
[114.083s] -- Symlinking: /home/ubuntu/SSLRasp/install/message_info/share/message_info/environment/ament_prefix_path.sh
[114.119s] -- Symlinking: /home/ubuntu/SSLRasp/install/message_info/share/message_info/environment/ament_prefix_path.dsv
[114.155s] -- Symlinking: /home/ubuntu/SSLRasp/install/message_info/share/message_info/environment/path.sh
[114.191s] -- Symlinking: /home/ubuntu/SSLRasp/install/message_info/share/message_info/environment/path.dsv
[114.227s] -- Symlinking: /home/ubuntu/SSLRasp/install/message_info/share/message_info/local_setup.bash
[114.263s] -- Symlinking: /home/ubuntu/SSLRasp/install/message_info/share/message_info/local_setup.sh
[114.298s] -- Symlinking: /home/ubuntu/SSLRasp/install/message_info/share/message_info/local_setup.zsh
[114.335s] -- Symlinking: /home/ubuntu/SSLRasp/install/message_info/share/message_info/local_setup.dsv
[114.371s] -- Symlinking: /home/ubuntu/SSLRasp/install/message_info/share/message_info/package.dsv
[114.406s] -- Symlinking: /home/ubuntu/SSLRasp/install/message_info/share/ament_index/resource_index/packages/message_info
[114.443s] -- Symlinking: /home/ubuntu/SSLRasp/install/message_info/share/message_info/cmake/rosidl_cmake-extras.cmake
[114.478s] -- Symlinking: /home/ubuntu/SSLRasp/install/message_info/share/message_info/cmake/ament_cmake_export_dependencies-extras.cmake
[114.515s] -- Symlinking: /home/ubuntu/SSLRasp/install/message_info/share/message_info/cmake/ament_cmake_export_libraries-extras.cmake
[114.551s] -- Symlinking: /home/ubuntu/SSLRasp/install/message_info/share/message_info/cmake/ament_cmake_export_targets-extras.cmake
[114.587s] -- Symlinking: /home/ubuntu/SSLRasp/install/message_info/share/message_info/cmake/ament_cmake_export_include_directories-extras.cmake
[114.622s] -- Symlinking: /home/ubuntu/SSLRasp/install/message_info/share/message_info/cmake/rosidl_cmake_export_typesupport_libraries-extras.cmake
[114.658s] -- Symlinking: /home/ubuntu/SSLRasp/install/message_info/share/message_info/cmake/rosidl_cmake_export_typesupport_targets-extras.cmake
[114.694s] -- Symlinking: /home/ubuntu/SSLRasp/install/message_info/share/message_info/cmake/message_infoConfig.cmake
[114.730s] -- Symlinking: /home/ubuntu/SSLRasp/install/message_info/share/message_info/cmake/message_infoConfig-version.cmake
[114.766s] -- Symlinking: /home/ubuntu/SSLRasp/install/message_info/share/message_info/package.xml
[114.803s] -- Installing: /home/ubuntu/SSLRasp/install/message_info/lib/libmessage_info__rosidl_generator_c.so
[114.806s] -- Set runtime path of "/home/ubuntu/SSLRasp/install/message_info/lib/libmessage_info__rosidl_generator_c.so" to ""
[114.806s] -- Installing: /home/ubuntu/SSLRasp/install/message_info/lib/libmessage_info__rosidl_typesupport_introspection_c.so
[114.809s] -- Set runtime path of "/home/ubuntu/SSLRasp/install/message_info/lib/libmessage_info__rosidl_typesupport_introspection_c.so" to ""
[114.810s] -- Installing: /home/ubuntu/SSLRasp/install/message_info/lib/libmessage_info__rosidl_typesupport_c.so
[114.812s] -- Set runtime path of "/home/ubuntu/SSLRasp/install/message_info/lib/libmessage_info__rosidl_typesupport_c.so" to ""
[114.813s] -- Installing: /home/ubuntu/SSLRasp/install/message_info/lib/libmessage_info__rosidl_typesupport_introspection_cpp.so
[114.819s] -- Set runtime path of "/home/ubuntu/SSLRasp/install/message_info/lib/libmessage_info__rosidl_typesupport_introspection_cpp.so" to ""
[114.820s] -- Installing: /home/ubuntu/SSLRasp/install/message_info/lib/libmessage_info__rosidl_typesupport_cpp.so
[114.822s] -- Set runtime path of "/home/ubuntu/SSLRasp/install/message_info/lib/libmessage_info__rosidl_typesupport_cpp.so" to ""
[114.961s] Compiling '/home/ubuntu/SSLRasp/install/message_info/lib/python3.8/site-packages/message_info/__init__.py'...
[114.983s] -- Installing: /home/ubuntu/SSLRasp/install/message_info/share/message_info/cmake/message_info__rosidl_generator_cExport.cmake
[114.984s] -- Installing: /home/ubuntu/SSLRasp/install/message_info/share/message_info/cmake/message_info__rosidl_generator_cExport-noconfig.cmake
[114.986s] -- Installing: /home/ubuntu/SSLRasp/install/message_info/share/message_info/cmake/message_info__rosidl_typesupport_introspection_cExport.cmake
[114.988s] -- Installing: /home/ubuntu/SSLRasp/install/message_info/share/message_info/cmake/message_info__rosidl_typesupport_introspection_cExport-noconfig.cmake
[114.989s] -- Installing: /home/ubuntu/SSLRasp/install/message_info/share/message_info/cmake/message_info__rosidl_typesupport_cExport.cmake
[114.991s] -- Installing: /home/ubuntu/SSLRasp/install/message_info/share/message_info/cmake/message_info__rosidl_typesupport_cExport-noconfig.cmake
[114.992s] -- Installing: /home/ubuntu/SSLRasp/install/message_info/share/message_info/cmake/message_info__rosidl_generator_cppExport.cmake
[114.994s] -- Installing: /home/ubuntu/SSLRasp/install/message_info/share/message_info/cmake/message_info__rosidl_typesupport_introspection_cppExport.cmake
[114.996s] -- Installing: /home/ubuntu/SSLRasp/install/message_info/share/message_info/cmake/message_info__rosidl_typesupport_introspection_cppExport-noconfig.cmake
[114.997s] -- Installing: /home/ubuntu/SSLRasp/install/message_info/share/message_info/cmake/message_info__rosidl_typesupport_cppExport.cmake
[114.999s] -- Installing: /home/ubuntu/SSLRasp/install/message_info/share/message_info/cmake/message_info__rosidl_typesupport_cppExport-noconfig.cmake
[115.010s] Invoked command in '/home/ubuntu/SSLRasp/build/message_info' returned '0': CMAKE_PREFIX_PATH=${CMAKE_PREFIX_PATH}:/home/ubuntu/SSLRasp/install/rasp:/opt/ros/foxy /usr/bin/cmake --install /home/ubuntu/SSLRasp/build/message_info
