[0.252s] Invoking command in '/home/rionessl/SSLRasp/src/rasp': PYTHONPATH=/home/rionessl/SSLRasp/install/rasp/lib/python3.8/site-packages:${PYTHONPATH} /usr/bin/python3 setup.py egg_info --egg-base ../../build/rasp build --build-base /home/rionessl/SSLRasp/build/rasp/build install --prefix /home/rionessl/SSLRasp/install/rasp --record /home/rionessl/SSLRasp/build/rasp/install.log --single-version-externally-managed
[0.437s] running egg_info
[0.438s] writing ../../build/rasp/rasp.egg-info/PKG-INFO
[0.438s] writing dependency_links to ../../build/rasp/rasp.egg-info/dependency_links.txt
[0.438s] writing entry points to ../../build/rasp/rasp.egg-info/entry_points.txt
[0.439s] writing requirements to ../../build/rasp/rasp.egg-info/requires.txt
[0.439s] writing top-level names to ../../build/rasp/rasp.egg-info/top_level.txt
[0.472s] reading manifest file '../../build/rasp/rasp.egg-info/SOURCES.txt'
[0.472s] writing manifest file '../../build/rasp/rasp.egg-info/SOURCES.txt'
[0.473s] running build
[0.473s] running build_py
[0.473s] copying python_programs/main.py -> /home/rionessl/SSLRasp/build/rasp/build/lib/python_programs
[0.474s] running install
[0.474s] running install_lib
[0.475s] copying /home/rionessl/SSLRasp/build/rasp/build/lib/python_programs/main.py -> /home/rionessl/SSLRasp/install/rasp/lib/python3.8/site-packages/python_programs
[0.475s] byte-compiling /home/rionessl/SSLRasp/install/rasp/lib/python3.8/site-packages/python_programs/main.py to main.cpython-38.pyc
[0.477s] running install_egg_info
[0.479s] removing '/home/rionessl/SSLRasp/install/rasp/lib/python3.8/site-packages/rasp-0.0.0-py3.8.egg-info' (and everything under it)
[0.479s] Copying ../../build/rasp/rasp.egg-info to /home/rionessl/SSLRasp/install/rasp/lib/python3.8/site-packages/rasp-0.0.0-py3.8.egg-info
[0.480s] running install_scripts
[0.497s] Installing rasp script to /home/rionessl/SSLRasp/install/rasp/lib/rasp
[0.497s] writing list of installed files to '/home/rionessl/SSLRasp/build/rasp/install.log'
[0.528s] Invoked command in '/home/rionessl/SSLRasp/src/rasp' returned '0': PYTHONPATH=/home/rionessl/SSLRasp/install/rasp/lib/python3.8/site-packages:${PYTHONPATH} /usr/bin/python3 setup.py egg_info --egg-base ../../build/rasp build --build-base /home/rionessl/SSLRasp/build/rasp/build install --prefix /home/rionessl/SSLRasp/install/rasp --record /home/rionessl/SSLRasp/build/rasp/install.log --single-version-externally-managed
