[1.245s] DEBUG:colcon:Command line arguments: ['/usr/bin/colcon', 'build']
[1.246s] DEBUG:colcon:Parsed command line arguments: Namespace(ament_cmake_args=None, base_paths=['.'], build_base='build', catkin_cmake_args=None, catkin_skip_building_tests=False, cmake_args=None, cmake_clean_cache=False, cmake_clean_first=False, cmake_force_configure=False, cmake_target=None, cmake_target_skip_unavailable=False, continue_on_error=False, event_handlers=None, executor='parallel', ignore_user_meta=False, install_base='install', log_base=None, log_level=None, main=<bound method BuildVerb.main of <colcon_core.verb.build.BuildVerb object at 0xffffb4d1d5b0>>, merge_install=False, metas=['./colcon.meta'], packages_above=None, packages_above_and_dependencies=None, packages_above_depth=None, packages_end=None, packages_ignore=None, packages_ignore_regex=None, packages_select=None, packages_select_build_failed=False, packages_select_by_dep=None, packages_select_regex=None, packages_select_test_failures=False, packages_skip=None, packages_skip_build_finished=False, packages_skip_by_dep=None, packages_skip_regex=None, packages_skip_test_passed=False, packages_skip_up_to=None, packages_start=None, packages_up_to=None, packages_up_to_regex=None, parallel_workers=4, paths=None, symlink_install=False, test_result_base=None, verb_extension=<colcon_core.verb.build.BuildVerb object at 0xffffb4d1d5b0>, verb_name='build', verb_parser=<colcon_defaults.argument_parser.defaults.DefaultArgumentsDecorator object at 0xffffb4d1daf0>)
[1.268s] Level 1:colcon.colcon_core.package_discovery:discover_packages(colcon_meta) check parameters
[1.268s] Level 1:colcon.colcon_core.package_discovery:discover_packages(recursive) check parameters
[1.268s] Level 1:colcon.colcon_core.package_discovery:discover_packages(ignore) check parameters
[1.268s] Level 1:colcon.colcon_core.package_discovery:discover_packages(path) check parameters
[1.269s] Level 1:colcon.colcon_core.package_discovery:discover_packages(colcon_meta) discover
[1.269s] Level 1:colcon.colcon_core.package_discovery:discover_packages(recursive) discover
[1.269s] INFO:colcon.colcon_core.package_discovery:Crawling recursively for packages in '/home/ubuntu/SSLRasp'
[1.269s] Level 1:colcon.colcon_core.package_identification:_identify(.) by extensions ['ignore', 'ignore_ament_install']
[1.270s] Level 1:colcon.colcon_core.package_identification:_identify(.) by extension 'ignore'
[1.270s] Level 1:colcon.colcon_core.package_identification:_identify(.) by extension 'ignore_ament_install'
[1.270s] Level 1:colcon.colcon_core.package_identification:_identify(.) by extensions ['colcon_pkg']
[1.270s] Level 1:colcon.colcon_core.package_identification:_identify(.) by extension 'colcon_pkg'
[1.271s] Level 1:colcon.colcon_core.package_identification:_identify(.) by extensions ['colcon_meta']
[1.271s] Level 1:colcon.colcon_core.package_identification:_identify(.) by extension 'colcon_meta'
[1.271s] Level 1:colcon.colcon_core.package_identification:_identify(.) by extensions ['ros']
[1.271s] Level 1:colcon.colcon_core.package_identification:_identify(.) by extension 'ros'
[1.320s] Level 1:colcon.colcon_core.package_identification:_identify(.) by extensions ['cmake', 'python']
[1.321s] Level 1:colcon.colcon_core.package_identification:_identify(.) by extension 'cmake'
[1.321s] Level 1:colcon.colcon_core.package_identification:_identify(.) by extension 'python'
[1.321s] Level 1:colcon.colcon_core.package_identification:_identify(.) by extensions ['python_setup_py']
[1.321s] Level 1:colcon.colcon_core.package_identification:_identify(.) by extension 'python_setup_py'
[1.322s] Level 1:colcon.colcon_core.package_identification:_identify(build) by extensions ['ignore', 'ignore_ament_install']
[1.322s] Level 1:colcon.colcon_core.package_identification:_identify(build) by extension 'ignore'
[1.322s] Level 1:colcon.colcon_core.package_identification:_identify(build) ignored
[1.323s] Level 1:colcon.colcon_core.package_identification:_identify(install) by extensions ['ignore', 'ignore_ament_install']
[1.323s] Level 1:colcon.colcon_core.package_identification:_identify(install) by extension 'ignore'
[1.323s] Level 1:colcon.colcon_core.package_identification:_identify(install) ignored
[1.324s] Level 1:colcon.colcon_core.package_identification:_identify(log) by extensions ['ignore', 'ignore_ament_install']
[1.324s] Level 1:colcon.colcon_core.package_identification:_identify(log) by extension 'ignore'
[1.325s] Level 1:colcon.colcon_core.package_identification:_identify(log) ignored
[1.325s] Level 1:colcon.colcon_core.package_identification:_identify(src) by extensions ['ignore', 'ignore_ament_install']
[1.325s] Level 1:colcon.colcon_core.package_identification:_identify(src) by extension 'ignore'
[1.326s] Level 1:colcon.colcon_core.package_identification:_identify(src) by extension 'ignore_ament_install'
[1.326s] Level 1:colcon.colcon_core.package_identification:_identify(src) by extensions ['colcon_pkg']
[1.326s] Level 1:colcon.colcon_core.package_identification:_identify(src) by extension 'colcon_pkg'
[1.326s] Level 1:colcon.colcon_core.package_identification:_identify(src) by extensions ['colcon_meta']
[1.326s] Level 1:colcon.colcon_core.package_identification:_identify(src) by extension 'colcon_meta'
[1.326s] Level 1:colcon.colcon_core.package_identification:_identify(src) by extensions ['ros']
[1.327s] Level 1:colcon.colcon_core.package_identification:_identify(src) by extension 'ros'
[1.327s] Level 1:colcon.colcon_core.package_identification:_identify(src) by extensions ['cmake', 'python']
[1.327s] Level 1:colcon.colcon_core.package_identification:_identify(src) by extension 'cmake'
[1.327s] Level 1:colcon.colcon_core.package_identification:_identify(src) by extension 'python'
[1.327s] Level 1:colcon.colcon_core.package_identification:_identify(src) by extensions ['python_setup_py']
[1.327s] Level 1:colcon.colcon_core.package_identification:_identify(src) by extension 'python_setup_py'
[1.328s] Level 1:colcon.colcon_core.package_identification:_identify(src/main) by extensions ['ignore', 'ignore_ament_install']
[1.328s] Level 1:colcon.colcon_core.package_identification:_identify(src/main) by extension 'ignore'
[1.329s] Level 1:colcon.colcon_core.package_identification:_identify(src/main) by extension 'ignore_ament_install'
[1.329s] Level 1:colcon.colcon_core.package_identification:_identify(src/main) by extensions ['colcon_pkg']
[1.329s] Level 1:colcon.colcon_core.package_identification:_identify(src/main) by extension 'colcon_pkg'
[1.329s] Level 1:colcon.colcon_core.package_identification:_identify(src/main) by extensions ['colcon_meta']
[1.329s] Level 1:colcon.colcon_core.package_identification:_identify(src/main) by extension 'colcon_meta'
[1.329s] Level 1:colcon.colcon_core.package_identification:_identify(src/main) by extensions ['ros']
[1.330s] Level 1:colcon.colcon_core.package_identification:_identify(src/main) by extension 'ros'
[1.339s] DEBUG:colcon.colcon_core.package_identification:Package 'src/main' with type 'ros.ament_cmake' and name 'main'
[1.339s] Level 1:colcon.colcon_core.package_identification:_identify(src/message_info) by extensions ['ignore', 'ignore_ament_install']
[1.340s] Level 1:colcon.colcon_core.package_identification:_identify(src/message_info) by extension 'ignore'
[1.340s] Level 1:colcon.colcon_core.package_identification:_identify(src/message_info) by extension 'ignore_ament_install'
[1.340s] Level 1:colcon.colcon_core.package_identification:_identify(src/message_info) by extensions ['colcon_pkg']
[1.341s] Level 1:colcon.colcon_core.package_identification:_identify(src/message_info) by extension 'colcon_pkg'
[1.341s] Level 1:colcon.colcon_core.package_identification:_identify(src/message_info) by extensions ['colcon_meta']
[1.341s] Level 1:colcon.colcon_core.package_identification:_identify(src/message_info) by extension 'colcon_meta'
[1.341s] Level 1:colcon.colcon_core.package_identification:_identify(src/message_info) by extensions ['ros']
[1.341s] Level 1:colcon.colcon_core.package_identification:_identify(src/message_info) by extension 'ros'
[1.346s] DEBUG:colcon.colcon_core.package_identification:Package 'src/message_info' with type 'ros.ament_cmake' and name 'message_info'
[1.346s] Level 1:colcon.colcon_core.package_identification:_identify(src/real_sender) by extensions ['ignore', 'ignore_ament_install']
[1.347s] Level 1:colcon.colcon_core.package_identification:_identify(src/real_sender) by extension 'ignore'
[1.347s] Level 1:colcon.colcon_core.package_identification:_identify(src/real_sender) by extension 'ignore_ament_install'
[1.347s] Level 1:colcon.colcon_core.package_identification:_identify(src/real_sender) by extensions ['colcon_pkg']
[1.347s] Level 1:colcon.colcon_core.package_identification:_identify(src/real_sender) by extension 'colcon_pkg'
[1.347s] Level 1:colcon.colcon_core.package_identification:_identify(src/real_sender) by extensions ['colcon_meta']
[1.347s] Level 1:colcon.colcon_core.package_identification:_identify(src/real_sender) by extension 'colcon_meta'
[1.348s] Level 1:colcon.colcon_core.package_identification:_identify(src/real_sender) by extensions ['ros']
[1.348s] Level 1:colcon.colcon_core.package_identification:_identify(src/real_sender) by extension 'ros'
[1.351s] DEBUG:colcon.colcon_core.package_identification:Package 'src/real_sender' with type 'ros.ament_python' and name 'real_sender'
[1.351s] Level 1:colcon.colcon_core.package_discovery:discover_packages(recursive) using defaults
[1.351s] Level 1:colcon.colcon_core.package_discovery:discover_packages(ignore) discover
[1.351s] Level 1:colcon.colcon_core.package_discovery:discover_packages(ignore) using defaults
[1.351s] Level 1:colcon.colcon_core.package_discovery:discover_packages(path) discover
[1.351s] Level 1:colcon.colcon_core.package_discovery:discover_packages(path) using defaults
[1.427s] Level 5:colcon.colcon_core.verb:set package 'message_info' build argument 'cmake_args' from command line to 'None'
[1.427s] Level 5:colcon.colcon_core.verb:set package 'message_info' build argument 'cmake_target' from command line to 'None'
[1.427s] Level 5:colcon.colcon_core.verb:set package 'message_info' build argument 'cmake_target_skip_unavailable' from command line to 'False'
[1.428s] Level 5:colcon.colcon_core.verb:set package 'message_info' build argument 'cmake_clean_cache' from command line to 'False'
[1.428s] Level 5:colcon.colcon_core.verb:set package 'message_info' build argument 'cmake_clean_first' from command line to 'False'
[1.428s] Level 5:colcon.colcon_core.verb:set package 'message_info' build argument 'cmake_force_configure' from command line to 'False'
[1.428s] Level 5:colcon.colcon_core.verb:set package 'message_info' build argument 'ament_cmake_args' from command line to 'None'
[1.428s] Level 5:colcon.colcon_core.verb:set package 'message_info' build argument 'catkin_cmake_args' from command line to 'None'
[1.428s] Level 5:colcon.colcon_core.verb:set package 'message_info' build argument 'catkin_skip_building_tests' from command line to 'False'
[1.428s] DEBUG:colcon.colcon_core.verb:Building package 'message_info' with the following arguments: {'ament_cmake_args': None, 'build_base': '/home/ubuntu/SSLRasp/build/message_info', 'catkin_cmake_args': None, 'catkin_skip_building_tests': False, 'cmake_args': None, 'cmake_clean_cache': False, 'cmake_clean_first': False, 'cmake_force_configure': False, 'cmake_target': None, 'cmake_target_skip_unavailable': False, 'install_base': '/home/ubuntu/SSLRasp/install/message_info', 'merge_install': False, 'path': '/home/ubuntu/SSLRasp/src/message_info', 'symlink_install': False, 'test_result_base': None}
[1.439s] Level 5:colcon.colcon_core.verb:set package 'real_sender' build argument 'cmake_args' from command line to 'None'
[1.439s] Level 5:colcon.colcon_core.verb:set package 'real_sender' build argument 'cmake_target' from command line to 'None'
[1.439s] Level 5:colcon.colcon_core.verb:set package 'real_sender' build argument 'cmake_target_skip_unavailable' from command line to 'False'
[1.440s] Level 5:colcon.colcon_core.verb:set package 'real_sender' build argument 'cmake_clean_cache' from command line to 'False'
[1.440s] Level 5:colcon.colcon_core.verb:set package 'real_sender' build argument 'cmake_clean_first' from command line to 'False'
[1.440s] Level 5:colcon.colcon_core.verb:set package 'real_sender' build argument 'cmake_force_configure' from command line to 'False'
[1.440s] Level 5:colcon.colcon_core.verb:set package 'real_sender' build argument 'ament_cmake_args' from command line to 'None'
[1.440s] Level 5:colcon.colcon_core.verb:set package 'real_sender' build argument 'catkin_cmake_args' from command line to 'None'
[1.440s] Level 5:colcon.colcon_core.verb:set package 'real_sender' build argument 'catkin_skip_building_tests' from command line to 'False'
[1.440s] DEBUG:colcon.colcon_core.verb:Building package 'real_sender' with the following arguments: {'ament_cmake_args': None, 'build_base': '/home/ubuntu/SSLRasp/build/real_sender', 'catkin_cmake_args': None, 'catkin_skip_building_tests': False, 'cmake_args': None, 'cmake_clean_cache': False, 'cmake_clean_first': False, 'cmake_force_configure': False, 'cmake_target': None, 'cmake_target_skip_unavailable': False, 'install_base': '/home/ubuntu/SSLRasp/install/real_sender', 'merge_install': False, 'path': '/home/ubuntu/SSLRasp/src/real_sender', 'symlink_install': False, 'test_result_base': None}
[1.451s] Level 5:colcon.colcon_core.verb:set package 'main' build argument 'cmake_args' from command line to 'None'
[1.451s] Level 5:colcon.colcon_core.verb:set package 'main' build argument 'cmake_target' from command line to 'None'
[1.451s] Level 5:colcon.colcon_core.verb:set package 'main' build argument 'cmake_target_skip_unavailable' from command line to 'False'
[1.451s] Level 5:colcon.colcon_core.verb:set package 'main' build argument 'cmake_clean_cache' from command line to 'False'
[1.451s] Level 5:colcon.colcon_core.verb:set package 'main' build argument 'cmake_clean_first' from command line to 'False'
[1.451s] Level 5:colcon.colcon_core.verb:set package 'main' build argument 'cmake_force_configure' from command line to 'False'
[1.452s] Level 5:colcon.colcon_core.verb:set package 'main' build argument 'ament_cmake_args' from command line to 'None'
[1.452s] Level 5:colcon.colcon_core.verb:set package 'main' build argument 'catkin_cmake_args' from command line to 'None'
[1.452s] Level 5:colcon.colcon_core.verb:set package 'main' build argument 'catkin_skip_building_tests' from command line to 'False'
[1.452s] DEBUG:colcon.colcon_core.verb:Building package 'main' with the following arguments: {'ament_cmake_args': None, 'build_base': '/home/ubuntu/SSLRasp/build/main', 'catkin_cmake_args': None, 'catkin_skip_building_tests': False, 'cmake_args': None, 'cmake_clean_cache': False, 'cmake_clean_first': False, 'cmake_force_configure': False, 'cmake_target': None, 'cmake_target_skip_unavailable': False, 'install_base': '/home/ubuntu/SSLRasp/install/main', 'merge_install': False, 'path': '/home/ubuntu/SSLRasp/src/main', 'symlink_install': False, 'test_result_base': None}
[1.453s] INFO:colcon.colcon_core.executor:Executing jobs using 'parallel' executor
[1.460s] DEBUG:colcon.colcon_parallel_executor.executor.parallel:run_until_complete
[1.461s] INFO:colcon.colcon_ros.task.ament_cmake.build:Building ROS package in '/home/ubuntu/SSLRasp/src/message_info' with build type 'ament_cmake'
[1.462s] INFO:colcon.colcon_cmake.task.cmake.build:Building CMake package in '/home/ubuntu/SSLRasp/src/message_info'
[1.477s] INFO:colcon.colcon_core.plugin_system:Skipping extension 'colcon_core.shell.bat': Not used on non-Windows systems
[1.477s] INFO:colcon.colcon_core.shell:Skip shell extension 'powershell' for command environment: Not usable outside of PowerShell
[1.478s] DEBUG:colcon.colcon_core.shell:Skip shell extension 'dsv' for command environment
[1.490s] DEBUG:colcon.colcon_core.shell:Ignoring prefix path '/opt/ros/foxy'
[1.501s] INFO:colcon.colcon_ros.task.ament_python.build:Building ROS package in '/home/ubuntu/SSLRasp/src/real_sender' with build type 'ament_python'
[1.502s] Level 1:colcon.colcon_core.shell:create_environment_hook('real_sender', 'ament_prefix_path')
[1.505s] INFO:colcon.colcon_core.shell:Creating environment hook '/home/ubuntu/SSLRasp/install/real_sender/share/real_sender/hook/ament_prefix_path.ps1'
[1.509s] INFO:colcon.colcon_core.shell:Creating environment descriptor '/home/ubuntu/SSLRasp/install/real_sender/share/real_sender/hook/ament_prefix_path.dsv'
[1.510s] INFO:colcon.colcon_core.shell:Creating environment hook '/home/ubuntu/SSLRasp/install/real_sender/share/real_sender/hook/ament_prefix_path.sh'
[1.515s] INFO:colcon.colcon_core.shell:Skip shell extension 'powershell' for command environment: Not usable outside of PowerShell
[1.515s] DEBUG:colcon.colcon_core.shell:Skip shell extension 'dsv' for command environment
[1.523s] DEBUG:colcon.colcon_core.shell:Ignoring prefix path '/opt/ros/foxy'
[1.550s] DEBUG:colcon.colcon_core.event_handler.log_command:Invoking command in '/home/ubuntu/SSLRasp/build/message_info': CMAKE_PREFIX_PATH=${CMAKE_PREFIX_PATH}:/home/ubuntu/SSLRasp/install/real_sender:/opt/ros/foxy /usr/bin/cmake --build /home/ubuntu/SSLRasp/build/message_info -- -j4 -l4
[2.715s] WARNING:colcon.colcon_ros.task.ament_python.build:Package 'real_sender' doesn't explicitly install a marker in the package index (colcon-ros currently does it implicitly but that fallback will be removed in the future)
[2.716s] WARNING:colcon.colcon_ros.task.ament_python.build:Package 'real_sender' doesn't explicitly install the 'package.xml' file (colcon-ros currently does it implicitly but that fallback will be removed in the future)
[2.718s] INFO:colcon.colcon_core.task.python.build:Building Python package in '/home/ubuntu/SSLRasp/src/real_sender'
[2.721s] INFO:colcon.colcon_core.shell:Skip shell extension 'powershell' for command environment: Not usable outside of PowerShell
[2.722s] DEBUG:colcon.colcon_core.shell:Skip shell extension 'dsv' for command environment
[2.733s] DEBUG:colcon.colcon_core.shell:Ignoring prefix path '/opt/ros/foxy'
[2.766s] DEBUG:colcon.colcon_core.event_handler.log_command:Invoking command in '/home/ubuntu/SSLRasp/src/real_sender': PYTHONPATH=/home/ubuntu/SSLRasp/install/real_sender/lib/python3.8/site-packages:${PYTHONPATH} /usr/bin/python3 setup.py egg_info --egg-base ../../build/real_sender build --build-base /home/ubuntu/SSLRasp/build/real_sender/build install --prefix /home/ubuntu/SSLRasp/install/real_sender --record /home/ubuntu/SSLRasp/build/real_sender/install.log --single-version-externally-managed
[2.937s] DEBUG:colcon.colcon_core.event_handler.log_command:Invoked command in '/home/ubuntu/SSLRasp/build/message_info' returned '0': CMAKE_PREFIX_PATH=${CMAKE_PREFIX_PATH}:/home/ubuntu/SSLRasp/install/real_sender:/opt/ros/foxy /usr/bin/cmake --build /home/ubuntu/SSLRasp/build/message_info -- -j4 -l4
[4.181s] DEBUG:colcon.colcon_core.event_handler.log_command:Invoked command in '/home/ubuntu/SSLRasp/src/real_sender' returned '0': PYTHONPATH=/home/ubuntu/SSLRasp/install/real_sender/lib/python3.8/site-packages:${PYTHONPATH} /usr/bin/python3 setup.py egg_info --egg-base ../../build/real_sender build --build-base /home/ubuntu/SSLRasp/build/real_sender/build install --prefix /home/ubuntu/SSLRasp/install/real_sender --record /home/ubuntu/SSLRasp/build/real_sender/install.log --single-version-externally-managed
[4.197s] Level 1:colcon.colcon_core.environment:checking '/home/ubuntu/SSLRasp/install/real_sender' for CMake module files
[4.200s] Level 1:colcon.colcon_core.environment:checking '/home/ubuntu/SSLRasp/install/real_sender' for CMake config files
[4.204s] Level 1:colcon.colcon_core.environment:checking '/home/ubuntu/SSLRasp/install/real_sender/lib'
[4.205s] Level 1:colcon.colcon_core.environment:checking '/home/ubuntu/SSLRasp/install/real_sender/bin'
[4.205s] Level 1:colcon.colcon_core.environment:checking '/home/ubuntu/SSLRasp/install/real_sender/lib/pkgconfig/real_sender.pc'
[4.206s] Level 1:colcon.colcon_core.environment:checking '/home/ubuntu/SSLRasp/install/real_sender/lib/python3.8/site-packages'
[4.206s] Level 1:colcon.colcon_core.shell:create_environment_hook('real_sender', 'pythonpath')
[4.208s] INFO:colcon.colcon_core.shell:Creating environment hook '/home/ubuntu/SSLRasp/install/real_sender/share/real_sender/hook/pythonpath.ps1'
[4.211s] INFO:colcon.colcon_core.shell:Creating environment descriptor '/home/ubuntu/SSLRasp/install/real_sender/share/real_sender/hook/pythonpath.dsv'
[4.213s] INFO:colcon.colcon_core.shell:Creating environment hook '/home/ubuntu/SSLRasp/install/real_sender/share/real_sender/hook/pythonpath.sh'
[4.215s] Level 1:colcon.colcon_core.environment:create_environment_scripts_only(real_sender)
[4.218s] INFO:colcon.colcon_core.shell:Creating package script '/home/ubuntu/SSLRasp/install/real_sender/share/real_sender/package.ps1'
[4.226s] INFO:colcon.colcon_core.shell:Creating package descriptor '/home/ubuntu/SSLRasp/install/real_sender/share/real_sender/package.dsv'
[4.229s] INFO:colcon.colcon_core.shell:Creating package script '/home/ubuntu/SSLRasp/install/real_sender/share/real_sender/package.sh'
[4.232s] INFO:colcon.colcon_core.shell:Creating package script '/home/ubuntu/SSLRasp/install/real_sender/share/real_sender/package.bash'
[4.236s] INFO:colcon.colcon_core.shell:Creating package script '/home/ubuntu/SSLRasp/install/real_sender/share/real_sender/package.zsh'
[4.239s] Level 1:colcon.colcon_core.environment:create_file_with_runtime_dependencies(/home/ubuntu/SSLRasp/install/real_sender/share/colcon-core/packages/real_sender)
[4.908s] DEBUG:colcon.colcon_core.event_handler.log_command:Invoking command in '/home/ubuntu/SSLRasp/build/message_info': CMAKE_PREFIX_PATH=${CMAKE_PREFIX_PATH}:/home/ubuntu/SSLRasp/install/real_sender:/opt/ros/foxy /usr/bin/cmake --install /home/ubuntu/SSLRasp/build/message_info
[5.272s] Level 1:colcon.colcon_core.environment:create_environment_scripts_only(message_info)
[5.276s] Level 1:colcon.colcon_core.environment:checking '/home/ubuntu/SSLRasp/install/message_info' for CMake module files
[5.278s] DEBUG:colcon.colcon_core.event_handler.log_command:Invoked command in '/home/ubuntu/SSLRasp/build/message_info' returned '0': CMAKE_PREFIX_PATH=${CMAKE_PREFIX_PATH}:/home/ubuntu/SSLRasp/install/real_sender:/opt/ros/foxy /usr/bin/cmake --install /home/ubuntu/SSLRasp/build/message_info
[5.282s] Level 1:colcon.colcon_core.environment:checking '/home/ubuntu/SSLRasp/install/message_info' for CMake config files
[5.286s] Level 1:colcon.colcon_core.shell:create_environment_hook('message_info', 'cmake_prefix_path')
[5.289s] INFO:colcon.colcon_core.shell:Creating environment hook '/home/ubuntu/SSLRasp/install/message_info/share/message_info/hook/cmake_prefix_path.ps1'
[5.292s] INFO:colcon.colcon_core.shell:Creating environment descriptor '/home/ubuntu/SSLRasp/install/message_info/share/message_info/hook/cmake_prefix_path.dsv'
[5.293s] INFO:colcon.colcon_core.shell:Creating environment hook '/home/ubuntu/SSLRasp/install/message_info/share/message_info/hook/cmake_prefix_path.sh'
[5.296s] Level 1:colcon.colcon_core.environment:checking '/home/ubuntu/SSLRasp/install/message_info/lib'
[5.297s] Level 1:colcon.colcon_core.shell:create_environment_hook('message_info', 'ld_library_path_lib')
[5.299s] INFO:colcon.colcon_core.shell:Creating environment hook '/home/ubuntu/SSLRasp/install/message_info/share/message_info/hook/ld_library_path_lib.ps1'
[5.301s] INFO:colcon.colcon_core.shell:Creating environment descriptor '/home/ubuntu/SSLRasp/install/message_info/share/message_info/hook/ld_library_path_lib.dsv'
[5.302s] INFO:colcon.colcon_core.shell:Creating environment hook '/home/ubuntu/SSLRasp/install/message_info/share/message_info/hook/ld_library_path_lib.sh'
[5.304s] Level 1:colcon.colcon_core.environment:checking '/home/ubuntu/SSLRasp/install/message_info/bin'
[5.304s] Level 1:colcon.colcon_core.environment:checking '/home/ubuntu/SSLRasp/install/message_info/lib/pkgconfig/message_info.pc'
[5.305s] Level 1:colcon.colcon_core.environment:checking '/home/ubuntu/SSLRasp/install/message_info/lib/python3.8/site-packages'
[5.305s] Level 1:colcon.colcon_core.shell:create_environment_hook('message_info', 'pythonpath')
[5.307s] INFO:colcon.colcon_core.shell:Creating environment hook '/home/ubuntu/SSLRasp/install/message_info/share/message_info/hook/pythonpath.ps1'
[5.309s] INFO:colcon.colcon_core.shell:Creating environment descriptor '/home/ubuntu/SSLRasp/install/message_info/share/message_info/hook/pythonpath.dsv'
[5.310s] INFO:colcon.colcon_core.shell:Creating environment hook '/home/ubuntu/SSLRasp/install/message_info/share/message_info/hook/pythonpath.sh'
[5.314s] INFO:colcon.colcon_core.shell:Creating package script '/home/ubuntu/SSLRasp/install/message_info/share/message_info/package.ps1'
[5.317s] INFO:colcon.colcon_core.shell:Creating package descriptor '/home/ubuntu/SSLRasp/install/message_info/share/message_info/package.dsv'
[5.319s] INFO:colcon.colcon_core.shell:Creating package script '/home/ubuntu/SSLRasp/install/message_info/share/message_info/package.sh'
[5.321s] INFO:colcon.colcon_core.shell:Creating package script '/home/ubuntu/SSLRasp/install/message_info/share/message_info/package.bash'
[5.322s] INFO:colcon.colcon_core.shell:Creating package script '/home/ubuntu/SSLRasp/install/message_info/share/message_info/package.zsh'
[5.324s] Level 1:colcon.colcon_core.environment:create_file_with_runtime_dependencies(/home/ubuntu/SSLRasp/install/message_info/share/colcon-core/packages/message_info)
[7.393s] Level 1:colcon.colcon_core.environment:create_environment_scripts_only(message_info)
[7.397s] Level 1:colcon.colcon_core.environment:checking '/home/ubuntu/SSLRasp/install/message_info' for CMake module files
[7.402s] Level 1:colcon.colcon_core.environment:checking '/home/ubuntu/SSLRasp/install/message_info' for CMake config files
[7.405s] Level 1:colcon.colcon_core.shell:create_environment_hook('message_info', 'cmake_prefix_path')
[7.407s] INFO:colcon.colcon_core.shell:Creating environment hook '/home/ubuntu/SSLRasp/install/message_info/share/message_info/hook/cmake_prefix_path.ps1'
[7.410s] INFO:colcon.colcon_core.shell:Creating environment descriptor '/home/ubuntu/SSLRasp/install/message_info/share/message_info/hook/cmake_prefix_path.dsv'
[7.411s] INFO:colcon.colcon_core.shell:Creating environment hook '/home/ubuntu/SSLRasp/install/message_info/share/message_info/hook/cmake_prefix_path.sh'
[7.414s] Level 1:colcon.colcon_core.environment:checking '/home/ubuntu/SSLRasp/install/message_info/lib'
[7.414s] Level 1:colcon.colcon_core.shell:create_environment_hook('message_info', 'ld_library_path_lib')
[7.417s] INFO:colcon.colcon_core.shell:Creating environment hook '/home/ubuntu/SSLRasp/install/message_info/share/message_info/hook/ld_library_path_lib.ps1'
[7.418s] INFO:colcon.colcon_core.shell:Creating environment descriptor '/home/ubuntu/SSLRasp/install/message_info/share/message_info/hook/ld_library_path_lib.dsv'
[7.420s] INFO:colcon.colcon_core.shell:Creating environment hook '/home/ubuntu/SSLRasp/install/message_info/share/message_info/hook/ld_library_path_lib.sh'
[7.421s] Level 1:colcon.colcon_core.environment:checking '/home/ubuntu/SSLRasp/install/message_info/bin'
[7.422s] Level 1:colcon.colcon_core.environment:checking '/home/ubuntu/SSLRasp/install/message_info/lib/pkgconfig/message_info.pc'
[7.422s] Level 1:colcon.colcon_core.environment:checking '/home/ubuntu/SSLRasp/install/message_info/lib/python3.8/site-packages'
[7.422s] Level 1:colcon.colcon_core.shell:create_environment_hook('message_info', 'pythonpath')
[7.424s] INFO:colcon.colcon_core.shell:Creating environment hook '/home/ubuntu/SSLRasp/install/message_info/share/message_info/hook/pythonpath.ps1'
[7.426s] INFO:colcon.colcon_core.shell:Creating environment descriptor '/home/ubuntu/SSLRasp/install/message_info/share/message_info/hook/pythonpath.dsv'
[7.428s] INFO:colcon.colcon_core.shell:Creating environment hook '/home/ubuntu/SSLRasp/install/message_info/share/message_info/hook/pythonpath.sh'
[7.432s] INFO:colcon.colcon_core.shell:Creating package script '/home/ubuntu/SSLRasp/install/message_info/share/message_info/package.ps1'
[7.434s] INFO:colcon.colcon_core.shell:Creating package descriptor '/home/ubuntu/SSLRasp/install/message_info/share/message_info/package.dsv'
[7.437s] INFO:colcon.colcon_core.shell:Creating package script '/home/ubuntu/SSLRasp/install/message_info/share/message_info/package.sh'
[7.439s] INFO:colcon.colcon_core.shell:Creating package script '/home/ubuntu/SSLRasp/install/message_info/share/message_info/package.bash'
[7.441s] INFO:colcon.colcon_core.shell:Creating package script '/home/ubuntu/SSLRasp/install/message_info/share/message_info/package.zsh'
[7.442s] Level 1:colcon.colcon_core.environment:create_file_with_runtime_dependencies(/home/ubuntu/SSLRasp/install/message_info/share/colcon-core/packages/message_info)
[7.444s] INFO:colcon.colcon_ros.task.ament_cmake.build:Building ROS package in '/home/ubuntu/SSLRasp/src/main' with build type 'ament_cmake'
[7.445s] INFO:colcon.colcon_cmake.task.cmake.build:Building CMake package in '/home/ubuntu/SSLRasp/src/main'
[7.447s] INFO:colcon.colcon_core.shell:Skip shell extension 'powershell' for command environment: Not usable outside of PowerShell
[7.447s] DEBUG:colcon.colcon_core.shell:Skip shell extension 'dsv' for command environment
[7.457s] DEBUG:colcon.colcon_core.shell:Ignoring prefix path '/opt/ros/foxy'
[7.500s] DEBUG:colcon.colcon_core.event_handler.log_command:Invoking command in '/home/ubuntu/SSLRasp/build/main': CMAKE_PREFIX_PATH=/home/ubuntu/SSLRasp/install/message_info:/home/ubuntu/SSLRasp/install/main:/home/ubuntu/SSLRasp/install/real_sender:/opt/ros/foxy PYTHONPATH=/home/ubuntu/SSLRasp/install/message_info/lib/python3.8/site-packages:/home/ubuntu/SSLRasp/install/real_sender/lib/python3.8/site-packages:/opt/ros/foxy/lib/python3.8/site-packages /usr/bin/cmake --build /home/ubuntu/SSLRasp/build/main -- -j4 -l4
[7.838s] DEBUG:colcon.colcon_core.event_handler.log_command:Invoked command in '/home/ubuntu/SSLRasp/build/main' returned '0': CMAKE_PREFIX_PATH=/home/ubuntu/SSLRasp/install/message_info:/home/ubuntu/SSLRasp/install/main:/home/ubuntu/SSLRasp/install/real_sender:/opt/ros/foxy PYTHONPATH=/home/ubuntu/SSLRasp/install/message_info/lib/python3.8/site-packages:/home/ubuntu/SSLRasp/install/real_sender/lib/python3.8/site-packages:/opt/ros/foxy/lib/python3.8/site-packages /usr/bin/cmake --build /home/ubuntu/SSLRasp/build/main -- -j4 -l4
[7.972s] DEBUG:colcon.colcon_core.event_handler.log_command:Invoking command in '/home/ubuntu/SSLRasp/build/main': CMAKE_PREFIX_PATH=/home/ubuntu/SSLRasp/install/message_info:/home/ubuntu/SSLRasp/install/main:/home/ubuntu/SSLRasp/install/real_sender:/opt/ros/foxy PYTHONPATH=/home/ubuntu/SSLRasp/install/message_info/lib/python3.8/site-packages:/home/ubuntu/SSLRasp/install/real_sender/lib/python3.8/site-packages:/opt/ros/foxy/lib/python3.8/site-packages /usr/bin/cmake --install /home/ubuntu/SSLRasp/build/main
[8.019s] Level 1:colcon.colcon_core.environment:create_environment_scripts_only(main)
[8.023s] Level 1:colcon.colcon_core.environment:checking '/home/ubuntu/SSLRasp/install/main' for CMake module files
[8.024s] DEBUG:colcon.colcon_core.event_handler.log_command:Invoked command in '/home/ubuntu/SSLRasp/build/main' returned '0': CMAKE_PREFIX_PATH=/home/ubuntu/SSLRasp/install/message_info:/home/ubuntu/SSLRasp/install/main:/home/ubuntu/SSLRasp/install/real_sender:/opt/ros/foxy PYTHONPATH=/home/ubuntu/SSLRasp/install/message_info/lib/python3.8/site-packages:/home/ubuntu/SSLRasp/install/real_sender/lib/python3.8/site-packages:/opt/ros/foxy/lib/python3.8/site-packages /usr/bin/cmake --install /home/ubuntu/SSLRasp/build/main
[8.026s] Level 1:colcon.colcon_core.environment:checking '/home/ubuntu/SSLRasp/install/main' for CMake config files
[8.028s] Level 1:colcon.colcon_core.shell:create_environment_hook('main', 'cmake_prefix_path')
[8.030s] INFO:colcon.colcon_core.shell:Creating environment hook '/home/ubuntu/SSLRasp/install/main/share/main/hook/cmake_prefix_path.ps1'
[8.032s] INFO:colcon.colcon_core.shell:Creating environment descriptor '/home/ubuntu/SSLRasp/install/main/share/main/hook/cmake_prefix_path.dsv'
[8.034s] INFO:colcon.colcon_core.shell:Creating environment hook '/home/ubuntu/SSLRasp/install/main/share/main/hook/cmake_prefix_path.sh'
[8.036s] Level 1:colcon.colcon_core.environment:checking '/home/ubuntu/SSLRasp/install/main/lib'
[8.037s] Level 1:colcon.colcon_core.environment:checking '/home/ubuntu/SSLRasp/install/main/bin'
[8.037s] Level 1:colcon.colcon_core.environment:checking '/home/ubuntu/SSLRasp/install/main/lib/pkgconfig/main.pc'
[8.037s] Level 1:colcon.colcon_core.environment:checking '/home/ubuntu/SSLRasp/install/main/lib/python3.8/site-packages'
[8.040s] INFO:colcon.colcon_core.shell:Creating package script '/home/ubuntu/SSLRasp/install/main/share/main/package.ps1'
[8.042s] INFO:colcon.colcon_core.shell:Creating package descriptor '/home/ubuntu/SSLRasp/install/main/share/main/package.dsv'
[8.044s] INFO:colcon.colcon_core.shell:Creating package script '/home/ubuntu/SSLRasp/install/main/share/main/package.sh'
[8.046s] INFO:colcon.colcon_core.shell:Creating package script '/home/ubuntu/SSLRasp/install/main/share/main/package.bash'
[8.047s] INFO:colcon.colcon_core.shell:Creating package script '/home/ubuntu/SSLRasp/install/main/share/main/package.zsh'
[8.049s] Level 1:colcon.colcon_core.environment:create_file_with_runtime_dependencies(/home/ubuntu/SSLRasp/install/main/share/colcon-core/packages/main)
[8.168s] Level 1:colcon.colcon_core.environment:create_environment_scripts_only(main)
[8.172s] Level 1:colcon.colcon_core.environment:checking '/home/ubuntu/SSLRasp/install/main' for CMake module files
[8.176s] Level 1:colcon.colcon_core.environment:checking '/home/ubuntu/SSLRasp/install/main' for CMake config files
[8.177s] Level 1:colcon.colcon_core.shell:create_environment_hook('main', 'cmake_prefix_path')
[8.180s] INFO:colcon.colcon_core.shell:Creating environment hook '/home/ubuntu/SSLRasp/install/main/share/main/hook/cmake_prefix_path.ps1'
[8.182s] INFO:colcon.colcon_core.shell:Creating environment descriptor '/home/ubuntu/SSLRasp/install/main/share/main/hook/cmake_prefix_path.dsv'
[8.184s] INFO:colcon.colcon_core.shell:Creating environment hook '/home/ubuntu/SSLRasp/install/main/share/main/hook/cmake_prefix_path.sh'
[8.187s] Level 1:colcon.colcon_core.environment:checking '/home/ubuntu/SSLRasp/install/main/lib'
[8.187s] Level 1:colcon.colcon_core.environment:checking '/home/ubuntu/SSLRasp/install/main/bin'
[8.187s] Level 1:colcon.colcon_core.environment:checking '/home/ubuntu/SSLRasp/install/main/lib/pkgconfig/main.pc'
[8.187s] Level 1:colcon.colcon_core.environment:checking '/home/ubuntu/SSLRasp/install/main/lib/python3.8/site-packages'
[8.190s] INFO:colcon.colcon_core.shell:Creating package script '/home/ubuntu/SSLRasp/install/main/share/main/package.ps1'
[8.192s] INFO:colcon.colcon_core.shell:Creating package descriptor '/home/ubuntu/SSLRasp/install/main/share/main/package.dsv'
[8.194s] INFO:colcon.colcon_core.shell:Creating package script '/home/ubuntu/SSLRasp/install/main/share/main/package.sh'
[8.196s] INFO:colcon.colcon_core.shell:Creating package script '/home/ubuntu/SSLRasp/install/main/share/main/package.bash'
[8.198s] INFO:colcon.colcon_core.shell:Creating package script '/home/ubuntu/SSLRasp/install/main/share/main/package.zsh'
[8.200s] Level 1:colcon.colcon_core.environment:create_file_with_runtime_dependencies(/home/ubuntu/SSLRasp/install/main/share/colcon-core/packages/main)
[8.201s] DEBUG:colcon.colcon_parallel_executor.executor.parallel:closing loop
[8.202s] DEBUG:colcon.colcon_parallel_executor.executor.parallel:loop closed
[8.203s] DEBUG:colcon.colcon_parallel_executor.executor.parallel:run_until_complete finished with '0'
[8.203s] DEBUG:colcon.colcon_core.event_reactor:joining thread
[8.227s] INFO:colcon.colcon_core.plugin_system:Skipping extension 'colcon_notification.desktop_notification.notify_send': Could not find 'notify-send'
[8.227s] INFO:colcon.colcon_core.plugin_system:Skipping extension 'colcon_notification.desktop_notification.terminal_notifier': Not used on non-Darwin systems
[8.227s] INFO:colcon.colcon_core.plugin_system:Skipping extension 'colcon_notification.desktop_notification.win32': Not used on non-Windows systems
[8.228s] INFO:colcon.colcon_notification.desktop_notification:Sending desktop notification using 'notify2'
[8.230s] DEBUG:colcon.colcon_notification.desktop_notification.notify2:Failed to initialize notify2: org.freedesktop.DBus.Error.ServiceUnknown: The name org.freedesktop.Notifications was not provided by any .service files
[8.231s] DEBUG:colcon.colcon_core.event_reactor:joined thread
[8.233s] INFO:colcon.colcon_core.shell:Creating prefix script '/home/ubuntu/SSLRasp/install/local_setup.ps1'
[8.237s] INFO:colcon.colcon_core.shell:Creating prefix util module '/home/ubuntu/SSLRasp/install/_local_setup_util_ps1.py'
[8.243s] INFO:colcon.colcon_core.shell:Creating prefix chain script '/home/ubuntu/SSLRasp/install/setup.ps1'
[8.254s] INFO:colcon.colcon_core.shell:Creating prefix script '/home/ubuntu/SSLRasp/install/local_setup.sh'
[8.257s] INFO:colcon.colcon_core.shell:Creating prefix util module '/home/ubuntu/SSLRasp/install/_local_setup_util_sh.py'
[8.259s] INFO:colcon.colcon_core.shell:Creating prefix chain script '/home/ubuntu/SSLRasp/install/setup.sh'
[8.269s] INFO:colcon.colcon_core.shell:Creating prefix script '/home/ubuntu/SSLRasp/install/local_setup.bash'
[8.271s] INFO:colcon.colcon_core.shell:Creating prefix chain script '/home/ubuntu/SSLRasp/install/setup.bash'
[8.280s] INFO:colcon.colcon_core.shell:Creating prefix script '/home/ubuntu/SSLRasp/install/local_setup.zsh'
[8.282s] INFO:colcon.colcon_core.shell:Creating prefix chain script '/home/ubuntu/SSLRasp/install/setup.zsh'
