[1.257s] Invoking command in '/home/ubuntu/SSLRasp/src/rasp': PYTHONPATH=/home/ubuntu/SSLRasp/install/rasp/lib/python3.8/site-packages:${PYTHONPATH} /usr/bin/python3 setup.py egg_info --egg-base ../../build/rasp build --build-base /home/ubuntu/SSLRasp/build/rasp/build install --prefix /home/ubuntu/SSLRasp/install/rasp --record /home/ubuntu/SSLRasp/build/rasp/install.log --single-version-externally-managed
[2.284s] running egg_info
[2.287s] writing ../../build/rasp/rasp.egg-info/PKG-INFO
[2.288s] writing dependency_links to ../../build/rasp/rasp.egg-info/dependency_links.txt
[2.289s] writing entry points to ../../build/rasp/rasp.egg-info/entry_points.txt
[2.290s] writing requirements to ../../build/rasp/rasp.egg-info/requires.txt
[2.290s] writing top-level names to ../../build/rasp/rasp.egg-info/top_level.txt
[2.436s] reading manifest file '../../build/rasp/rasp.egg-info/SOURCES.txt'
[2.439s] writing manifest file '../../build/rasp/rasp.egg-info/SOURCES.txt'
[2.440s] running build
[2.441s] running build_py
[2.442s] copying python_programs/main.py -> /home/ubuntu/SSLRasp/build/rasp/build/lib/python_programs
[2.442s] running install
[2.445s] running install_lib
[2.450s] copying /home/ubuntu/SSLRasp/build/rasp/build/lib/python_programs/main.py -> /home/ubuntu/SSLRasp/install/rasp/lib/python3.8/site-packages/python_programs
[2.452s] byte-compiling /home/ubuntu/SSLRasp/install/rasp/lib/python3.8/site-packages/python_programs/main.py to main.cpython-38.pyc
[2.459s] running install_egg_info
[2.465s] removing '/home/ubuntu/SSLRasp/install/rasp/lib/python3.8/site-packages/rasp-0.0.0-py3.8.egg-info' (and everything under it)
[2.467s] Copying ../../build/rasp/rasp.egg-info to /home/ubuntu/SSLRasp/install/rasp/lib/python3.8/site-packages/rasp-0.0.0-py3.8.egg-info
[2.473s] running install_scripts
[2.545s] Installing rasp script to /home/ubuntu/SSLRasp/install/rasp/lib/rasp
[2.547s] writing list of installed files to '/home/ubuntu/SSLRasp/build/rasp/install.log'
[2.652s] Invoked command in '/home/ubuntu/SSLRasp/src/rasp' returned '0': PYTHONPATH=/home/ubuntu/SSLRasp/install/rasp/lib/python3.8/site-packages:${PYTHONPATH} /usr/bin/python3 setup.py egg_info --egg-base ../../build/rasp build --build-base /home/ubuntu/SSLRasp/build/rasp/build install --prefix /home/ubuntu/SSLRasp/install/rasp --record /home/ubuntu/SSLRasp/build/rasp/install.log --single-version-externally-managed
