[1.208s] Invoking command in '/home/ubuntu/SSLRasp/src/real_sender': PYTHONPATH=/home/ubuntu/SSLRasp/install/real_sender/lib/python3.8/site-packages:${PYTHONPATH} /usr/bin/python3 setup.py egg_info --egg-base ../../build/real_sender build --build-base /home/ubuntu/SSLRasp/build/real_sender/build install --prefix /home/ubuntu/SSLRasp/install/real_sender --record /home/ubuntu/SSLRasp/build/real_sender/install.log --single-version-externally-managed
[2.243s] running egg_info
[2.245s] writing ../../build/real_sender/real_sender.egg-info/PKG-INFO
[2.247s] writing dependency_links to ../../build/real_sender/real_sender.egg-info/dependency_links.txt
[2.247s] writing entry points to ../../build/real_sender/real_sender.egg-info/entry_points.txt
[2.249s] writing requirements to ../../build/real_sender/real_sender.egg-info/requires.txt
[2.249s] writing top-level names to ../../build/real_sender/real_sender.egg-info/top_level.txt
[2.397s] reading manifest file '../../build/real_sender/real_sender.egg-info/SOURCES.txt'
[2.401s] writing manifest file '../../build/real_sender/real_sender.egg-info/SOURCES.txt'
[2.402s] running build
[2.402s] running build_py
[2.403s] copying python_programs/real_sender.py -> /home/ubuntu/SSLRasp/build/real_sender/build/lib/python_programs
[2.404s] running install
[2.407s] running install_lib
[2.412s] copying /home/ubuntu/SSLRasp/build/real_sender/build/lib/python_programs/real_sender.py -> /home/ubuntu/SSLRasp/install/real_sender/lib/python3.8/site-packages/python_programs
[2.414s] byte-compiling /home/ubuntu/SSLRasp/install/real_sender/lib/python3.8/site-packages/python_programs/real_sender.py to real_sender.cpython-38.pyc
[2.419s] running install_egg_info
[2.420s] Sorry: TabError: inconsistent use of tabs and spaces in indentation (real_sender.py, line 22)
[2.426s] removing '/home/ubuntu/SSLRasp/install/real_sender/lib/python3.8/site-packages/real_sender-0.0.0-py3.8.egg-info' (and everything under it)
[2.427s] Copying ../../build/real_sender/real_sender.egg-info to /home/ubuntu/SSLRasp/install/real_sender/lib/python3.8/site-packages/real_sender-0.0.0-py3.8.egg-info
[2.433s] running install_scripts
[2.507s] Installing real_send script to /home/ubuntu/SSLRasp/install/real_sender/lib/real_sender
[2.509s] writing list of installed files to '/home/ubuntu/SSLRasp/build/real_sender/install.log'
[2.617s] Invoked command in '/home/ubuntu/SSLRasp/src/real_sender' returned '0': PYTHONPATH=/home/ubuntu/SSLRasp/install/real_sender/lib/python3.8/site-packages:${PYTHONPATH} /usr/bin/python3 setup.py egg_info --egg-base ../../build/real_sender build --build-base /home/ubuntu/SSLRasp/build/real_sender/build install --prefix /home/ubuntu/SSLRasp/install/real_sender --record /home/ubuntu/SSLRasp/build/real_sender/install.log --single-version-externally-managed
