[0.166s] Invoking command in '/home/rionessl/SSLRasp/src/main': PYTHONPATH=/home/rionessl/SSLRasp/install/main/lib/python3.8/site-packages:${PYTHONPATH} /usr/bin/python3 setup.py egg_info --egg-base ../../build/main build --build-base /home/rionessl/SSLRasp/build/main/build install --prefix /home/rionessl/SSLRasp/install/main --record /home/rionessl/SSLRasp/build/main/install.log --single-version-externally-managed
[0.302s] running egg_info
[0.302s] writing ../../build/main/main.egg-info/PKG-INFO
[0.302s] writing dependency_links to ../../build/main/main.egg-info/dependency_links.txt
[0.302s] writing entry points to ../../build/main/main.egg-info/entry_points.txt
[0.303s] writing requirements to ../../build/main/main.egg-info/requires.txt
[0.303s] writing top-level names to ../../build/main/main.egg-info/top_level.txt
[0.324s] reading manifest file '../../build/main/main.egg-info/SOURCES.txt'
[0.325s] writing manifest file '../../build/main/main.egg-info/SOURCES.txt'
[0.325s] running build
[0.325s] running build_py
[0.325s] copying python_programs/main.py -> /home/rionessl/SSLRasp/build/main/build/lib/python_programs
[0.325s] running install
[0.325s] running install_lib
[0.326s] copying /home/rionessl/SSLRasp/build/main/build/lib/python_programs/main.py -> /home/rionessl/SSLRasp/install/main/lib/python3.8/site-packages/python_programs
[0.326s] byte-compiling /home/rionessl/SSLRasp/install/main/lib/python3.8/site-packages/python_programs/main.py to main.cpython-38.pyc
[0.327s] running install_egg_info
[0.328s] removing '/home/rionessl/SSLRasp/install/main/lib/python3.8/site-packages/main-0.0.0-py3.8.egg-info' (and everything under it)
[0.328s] Copying ../../build/main/main.egg-info to /home/rionessl/SSLRasp/install/main/lib/python3.8/site-packages/main-0.0.0-py3.8.egg-info
[0.329s] running install_scripts
[0.339s] Installing main script to /home/rionessl/SSLRasp/install/main/lib/main
[0.340s] writing list of installed files to '/home/rionessl/SSLRasp/build/main/install.log'
[0.352s] Invoked command in '/home/rionessl/SSLRasp/src/main' returned '0': PYTHONPATH=/home/rionessl/SSLRasp/install/main/lib/python3.8/site-packages:${PYTHONPATH} /usr/bin/python3 setup.py egg_info --egg-base ../../build/main build --build-base /home/rionessl/SSLRasp/build/main/build install --prefix /home/rionessl/SSLRasp/install/main --record /home/rionessl/SSLRasp/build/main/install.log --single-version-externally-managed
