running egg_info
writing ../../build/rasp/rasp.egg-info/PKG-INFO
writing dependency_links to ../../build/rasp/rasp.egg-info/dependency_links.txt
writing entry points to ../../build/rasp/rasp.egg-info/entry_points.txt
writing requirements to ../../build/rasp/rasp.egg-info/requires.txt
writing top-level names to ../../build/rasp/rasp.egg-info/top_level.txt
reading manifest file '../../build/rasp/rasp.egg-info/SOURCES.txt'
writing manifest file '../../build/rasp/rasp.egg-info/SOURCES.txt'
running build
running build_py
copying python_programs/main.py -> /home/ubuntu/SSLRasp/build/rasp/build/lib/python_programs
running install
running install_lib
copying /home/ubuntu/SSLRasp/build/rasp/build/lib/python_programs/main.py -> /home/ubuntu/SSLRasp/install/rasp/lib/python3.8/site-packages/python_programs
byte-compiling /home/ubuntu/SSLRasp/install/rasp/lib/python3.8/site-packages/python_programs/main.py to main.cpython-38.pyc
Sorry: TabError: inconsistent use of tabs and spaces in indentation (main.py, line 40)
running install_egg_info
removing '/home/ubuntu/SSLRasp/install/rasp/lib/python3.8/site-packages/rasp-0.0.0-py3.8.egg-info' (and everything under it)
Copying ../../build/rasp/rasp.egg-info to /home/ubuntu/SSLRasp/install/rasp/lib/python3.8/site-packages/rasp-0.0.0-py3.8.egg-info
running install_scripts
Installing rasp script to /home/ubuntu/SSLRasp/install/rasp/lib/rasp
writing list of installed files to '/home/ubuntu/SSLRasp/build/rasp/install.log'
