[1.285s] Invoking command in '/home/ubuntu/SSLRasp/src/real_sender': PYTHONPATH=/home/ubuntu/SSLRasp/install/real_sender/lib/python3.8/site-packages:${PYTHONPATH} /usr/bin/python3 setup.py egg_info --egg-base ../../build/real_sender build --build-base /home/ubuntu/SSLRasp/build/real_sender/build install --prefix /home/ubuntu/SSLRasp/install/real_sender --record /home/ubuntu/SSLRasp/build/real_sender/install.log --single-version-externally-managed
[2.209s] running egg_info
[2.212s] writing ../../build/real_sender/real_sender.egg-info/PKG-INFO
[2.212s] writing dependency_links to ../../build/real_sender/real_sender.egg-info/dependency_links.txt
[2.213s] writing entry points to ../../build/real_sender/real_sender.egg-info/entry_points.txt
[2.215s] writing requirements to ../../build/real_sender/real_sender.egg-info/requires.txt
[2.215s] writing top-level names to ../../build/real_sender/real_sender.egg-info/top_level.txt
[2.361s] reading manifest file '../../build/real_sender/real_sender.egg-info/SOURCES.txt'
[2.365s] writing manifest file '../../build/real_sender/real_sender.egg-info/SOURCES.txt'
[2.366s] running build
[2.367s] running build_py
[2.368s] copying python_programs/real_sender.py -> /home/ubuntu/SSLRasp/build/real_sender/build/lib/python_programs
[2.368s] running install
[2.371s] running install_lib
[2.376s] copying /home/ubuntu/SSLRasp/build/real_sender/build/lib/python_programs/real_sender.py -> /home/ubuntu/SSLRasp/install/real_sender/lib/python3.8/site-packages/python_programs
[2.379s] byte-compiling /home/ubuntu/SSLRasp/install/real_sender/lib/python3.8/site-packages/python_programs/real_sender.py to real_sender.cpython-38.pyc
[2.385s] running install_egg_info
[2.392s] removing '/home/ubuntu/SSLRasp/install/real_sender/lib/python3.8/site-packages/real_sender-0.0.0-py3.8.egg-info' (and everything under it)
[2.393s] Copying ../../build/real_sender/real_sender.egg-info to /home/ubuntu/SSLRasp/install/real_sender/lib/python3.8/site-packages/real_sender-0.0.0-py3.8.egg-info
[2.400s] running install_scripts
[2.473s] Installing real_send script to /home/ubuntu/SSLRasp/install/real_sender/lib/real_sender
[2.475s] writing list of installed files to '/home/ubuntu/SSLRasp/build/real_sender/install.log'
[2.583s] Invoked command in '/home/ubuntu/SSLRasp/src/real_sender' returned '0': PYTHONPATH=/home/ubuntu/SSLRasp/install/real_sender/lib/python3.8/site-packages:${PYTHONPATH} /usr/bin/python3 setup.py egg_info --egg-base ../../build/real_sender build --build-base /home/ubuntu/SSLRasp/build/real_sender/build install --prefix /home/ubuntu/SSLRasp/install/real_sender --record /home/ubuntu/SSLRasp/build/real_sender/install.log --single-version-externally-managed
