[1.275s] Invoking command in '/home/ubuntu/SSLRasp/src/real_sender': PYTHONPATH=/home/ubuntu/SSLRasp/install/real_sender/lib/python3.8/site-packages:${PYTHONPATH} /usr/bin/python3 setup.py egg_info --egg-base ../../build/real_sender build --build-base /home/ubuntu/SSLRasp/build/real_sender/build install --prefix /home/ubuntu/SSLRasp/install/real_sender --record /home/ubuntu/SSLRasp/build/real_sender/install.log --single-version-externally-managed
[2.318s] running egg_info
[2.320s] writing ../../build/real_sender/real_sender.egg-info/PKG-INFO
[2.322s] writing dependency_links to ../../build/real_sender/real_sender.egg-info/dependency_links.txt
[2.323s] writing entry points to ../../build/real_sender/real_sender.egg-info/entry_points.txt
[2.323s] writing requirements to ../../build/real_sender/real_sender.egg-info/requires.txt
[2.324s] writing top-level names to ../../build/real_sender/real_sender.egg-info/top_level.txt
[2.470s] reading manifest file '../../build/real_sender/real_sender.egg-info/SOURCES.txt'
[2.474s] writing manifest file '../../build/real_sender/real_sender.egg-info/SOURCES.txt'
[2.475s] running build
[2.475s] running build_py
[2.476s] copying python_programs/real_sender.py -> /home/ubuntu/SSLRasp/build/real_sender/build/lib/python_programs
[2.477s] running install
[2.480s] running install_lib
[2.485s] copying /home/ubuntu/SSLRasp/build/real_sender/build/lib/python_programs/real_sender.py -> /home/ubuntu/SSLRasp/install/real_sender/lib/python3.8/site-packages/python_programs
[2.487s] byte-compiling /home/ubuntu/SSLRasp/install/real_sender/lib/python3.8/site-packages/python_programs/real_sender.py to real_sender.cpython-38.pyc
[2.492s]   File "/home/ubuntu/SSLRasp/install/real_sender/lib/python3.8/site-packages/python_programs/real_sender.py", line 30
[2.493s]     print(‘Hello’, end=’‘)
[2.493s]                 ^
[2.494s] SyntaxError: invalid character in identifier
[2.494s] 
[2.495s] running install_egg_info
[2.500s] removing '/home/ubuntu/SSLRasp/install/real_sender/lib/python3.8/site-packages/real_sender-0.0.0-py3.8.egg-info' (and everything under it)
[2.501s] Copying ../../build/real_sender/real_sender.egg-info to /home/ubuntu/SSLRasp/install/real_sender/lib/python3.8/site-packages/real_sender-0.0.0-py3.8.egg-info
[2.507s] running install_scripts
[2.581s] Installing real_send script to /home/ubuntu/SSLRasp/install/real_sender/lib/real_sender
[2.582s] writing list of installed files to '/home/ubuntu/SSLRasp/build/real_sender/install.log'
[2.691s] Invoked command in '/home/ubuntu/SSLRasp/src/real_sender' returned '0': PYTHONPATH=/home/ubuntu/SSLRasp/install/real_sender/lib/python3.8/site-packages:${PYTHONPATH} /usr/bin/python3 setup.py egg_info --egg-base ../../build/real_sender build --build-base /home/ubuntu/SSLRasp/build/real_sender/build install --prefix /home/ubuntu/SSLRasp/install/real_sender --record /home/ubuntu/SSLRasp/build/real_sender/install.log --single-version-externally-managed
