[0.993s] Invoking command in '/home/ubuntu/SSLRasp/src/rasp': PYTHONPATH=/home/ubuntu/SSLRasp/install/rasp/lib/python3.8/site-packages:${PYTHONPATH} /usr/bin/python3 setup.py egg_info --egg-base ../../build/rasp build --build-base /home/ubuntu/SSLRasp/build/rasp/build install --prefix /home/ubuntu/SSLRasp/install/rasp --record /home/ubuntu/SSLRasp/build/rasp/install.log --single-version-externally-managed
[1.852s] running egg_info
[1.854s] writing ../../build/rasp/rasp.egg-info/PKG-INFO
[1.855s] writing dependency_links to ../../build/rasp/rasp.egg-info/dependency_links.txt
[1.856s] writing entry points to ../../build/rasp/rasp.egg-info/entry_points.txt
[1.857s] writing requirements to ../../build/rasp/rasp.egg-info/requires.txt
[1.857s] writing top-level names to ../../build/rasp/rasp.egg-info/top_level.txt
[1.990s] reading manifest file '../../build/rasp/rasp.egg-info/SOURCES.txt'
[1.994s] writing manifest file '../../build/rasp/rasp.egg-info/SOURCES.txt'
[1.994s] running build
[1.994s] running build_py
[1.995s] running install
[1.998s] running install_lib
[2.004s] byte-compiling /home/ubuntu/SSLRasp/install/rasp/lib/python3.8/site-packages/python_programs/main.py to main.cpython-38.pyc
[2.011s] running install_egg_info
[2.017s] removing '/home/ubuntu/SSLRasp/install/rasp/lib/python3.8/site-packages/rasp-0.0.0-py3.8.egg-info' (and everything under it)
[2.018s] Copying ../../build/rasp/rasp.egg-info to /home/ubuntu/SSLRasp/install/rasp/lib/python3.8/site-packages/rasp-0.0.0-py3.8.egg-info
[2.023s] running install_scripts
[2.087s] Installing rasp script to /home/ubuntu/SSLRasp/install/rasp/lib/rasp
[2.089s] writing list of installed files to '/home/ubuntu/SSLRasp/build/rasp/install.log'
[2.183s] Invoked command in '/home/ubuntu/SSLRasp/src/rasp' returned '0': PYTHONPATH=/home/ubuntu/SSLRasp/install/rasp/lib/python3.8/site-packages:${PYTHONPATH} /usr/bin/python3 setup.py egg_info --egg-base ../../build/rasp build --build-base /home/ubuntu/SSLRasp/build/rasp/build install --prefix /home/ubuntu/SSLRasp/install/rasp --record /home/ubuntu/SSLRasp/build/rasp/install.log --single-version-externally-managed
