[1.266s] Invoking command in '/home/ubuntu/SSLRasp/src/real_sender': PYTHONPATH=/home/ubuntu/SSLRasp/install/real_sender/lib/python3.8/site-packages:${PYTHONPATH} /usr/bin/python3 setup.py egg_info --egg-base ../../build/real_sender build --build-base /home/ubuntu/SSLRasp/build/real_sender/build install --prefix /home/ubuntu/SSLRasp/install/real_sender --record /home/ubuntu/SSLRasp/build/real_sender/install.log --single-version-externally-managed
[2.300s] running egg_info
[2.303s] writing ../../build/real_sender/real_sender.egg-info/PKG-INFO
[2.304s] writing dependency_links to ../../build/real_sender/real_sender.egg-info/dependency_links.txt
[2.306s] writing entry points to ../../build/real_sender/real_sender.egg-info/entry_points.txt
[2.306s] writing requirements to ../../build/real_sender/real_sender.egg-info/requires.txt
[2.307s] writing top-level names to ../../build/real_sender/real_sender.egg-info/top_level.txt
[2.453s] reading manifest file '../../build/real_sender/real_sender.egg-info/SOURCES.txt'
[2.457s] writing manifest file '../../build/real_sender/real_sender.egg-info/SOURCES.txt'
[2.458s] running build
[2.458s] running build_py
[2.460s] copying python_programs/real_sender.py -> /home/ubuntu/SSLRasp/build/real_sender/build/lib/python_programs
[2.460s] running install
[2.464s] running install_lib
[2.468s] copying /home/ubuntu/SSLRasp/build/real_sender/build/lib/python_programs/real_sender.py -> /home/ubuntu/SSLRasp/install/real_sender/lib/python3.8/site-packages/python_programs
[2.471s] byte-compiling /home/ubuntu/SSLRasp/install/real_sender/lib/python3.8/site-packages/python_programs/real_sender.py to real_sender.cpython-38.pyc
[2.477s] running install_egg_info
[2.484s] removing '/home/ubuntu/SSLRasp/install/real_sender/lib/python3.8/site-packages/real_sender-0.0.0-py3.8.egg-info' (and everything under it)
[2.486s] Copying ../../build/real_sender/real_sender.egg-info to /home/ubuntu/SSLRasp/install/real_sender/lib/python3.8/site-packages/real_sender-0.0.0-py3.8.egg-info
[2.492s] running install_scripts
[2.566s] Installing real_send script to /home/ubuntu/SSLRasp/install/real_sender/lib/real_sender
[2.567s] writing list of installed files to '/home/ubuntu/SSLRasp/build/real_sender/install.log'
[2.675s] Invoked command in '/home/ubuntu/SSLRasp/src/real_sender' returned '0': PYTHONPATH=/home/ubuntu/SSLRasp/install/real_sender/lib/python3.8/site-packages:${PYTHONPATH} /usr/bin/python3 setup.py egg_info --egg-base ../../build/real_sender build --build-base /home/ubuntu/SSLRasp/build/real_sender/build install --prefix /home/ubuntu/SSLRasp/install/real_sender --record /home/ubuntu/SSLRasp/build/real_sender/install.log --single-version-externally-managed
