[0.046s] Invoking command in '/home/ubuntu/SSLRasp/build/main': CMAKE_PREFIX_PATH=/home/ubuntu/SSLRasp/install/message_info:/home/ubuntu/SSLRasp/install/main:/home/ubuntu/SSLRasp/install/real_sender:/opt/ros/foxy PYTHONPATH=/home/ubuntu/SSLRasp/install/message_info/lib/python3.8/site-packages:/home/ubuntu/SSLRasp/install/real_sender/lib/python3.8/site-packages:/opt/ros/foxy/lib/python3.8/site-packages /usr/bin/cmake --build /home/ubuntu/SSLRasp/build/main -- -j4 -l4
[0.789s] [100%] Built target main
[0.833s] Invoked command in '/home/ubuntu/SSLRasp/build/main' returned '0': CMAKE_PREFIX_PATH=/home/ubuntu/SSLRasp/install/message_info:/home/ubuntu/SSLRasp/install/main:/home/ubuntu/SSLRasp/install/real_sender:/opt/ros/foxy PYTHONPATH=/home/ubuntu/SSLRasp/install/message_info/lib/python3.8/site-packages:/home/ubuntu/SSLRasp/install/real_sender/lib/python3.8/site-packages:/opt/ros/foxy/lib/python3.8/site-packages /usr/bin/cmake --build /home/ubuntu/SSLRasp/build/main -- -j4 -l4
[0.964s] Invoking command in '/home/ubuntu/SSLRasp/build/main': CMAKE_PREFIX_PATH=/home/ubuntu/SSLRasp/install/message_info:/home/ubuntu/SSLRasp/install/main:/home/ubuntu/SSLRasp/install/real_sender:/opt/ros/foxy PYTHONPATH=/home/ubuntu/SSLRasp/install/message_info/lib/python3.8/site-packages:/home/ubuntu/SSLRasp/install/real_sender/lib/python3.8/site-packages:/opt/ros/foxy/lib/python3.8/site-packages /usr/bin/cmake --install /home/ubuntu/SSLRasp/build/main
[0.999s] -- Install configuration: ""
[1.000s] -- Up-to-date: /home/ubuntu/SSLRasp/install/main/lib/main/main
[1.002s] -- Up-to-date: /home/ubuntu/SSLRasp/install/main/share/ament_index/resource_index/package_run_dependencies/main
[1.002s] -- Up-to-date: /home/ubuntu/SSLRasp/install/main/share/ament_index/resource_index/parent_prefix_path/main
[1.002s] -- Up-to-date: /home/ubuntu/SSLRasp/install/main/share/main/environment/ament_prefix_path.sh
[1.003s] -- Up-to-date: /home/ubuntu/SSLRasp/install/main/share/main/environment/ament_prefix_path.dsv
[1.003s] -- Up-to-date: /home/ubuntu/SSLRasp/install/main/share/main/environment/path.sh
[1.004s] -- Up-to-date: /home/ubuntu/SSLRasp/install/main/share/main/environment/path.dsv
[1.004s] -- Up-to-date: /home/ubuntu/SSLRasp/install/main/share/main/local_setup.bash
[1.005s] -- Up-to-date: /home/ubuntu/SSLRasp/install/main/share/main/local_setup.sh
[1.005s] -- Up-to-date: /home/ubuntu/SSLRasp/install/main/share/main/local_setup.zsh
[1.005s] -- Up-to-date: /home/ubuntu/SSLRasp/install/main/share/main/local_setup.dsv
[1.006s] -- Installing: /home/ubuntu/SSLRasp/install/main/share/main/package.dsv
[1.006s] -- Up-to-date: /home/ubuntu/SSLRasp/install/main/share/ament_index/resource_index/packages/main
[1.007s] -- Up-to-date: /home/ubuntu/SSLRasp/install/main/share/main/cmake/mainConfig.cmake
[1.007s] -- Up-to-date: /home/ubuntu/SSLRasp/install/main/share/main/cmake/mainConfig-version.cmake
[1.008s] -- Up-to-date: /home/ubuntu/SSLRasp/install/main/share/main/package.xml
[1.017s] Invoked command in '/home/ubuntu/SSLRasp/build/main' returned '0': CMAKE_PREFIX_PATH=/home/ubuntu/SSLRasp/install/message_info:/home/ubuntu/SSLRasp/install/main:/home/ubuntu/SSLRasp/install/real_sender:/opt/ros/foxy PYTHONPATH=/home/ubuntu/SSLRasp/install/message_info/lib/python3.8/site-packages:/home/ubuntu/SSLRasp/install/real_sender/lib/python3.8/site-packages:/opt/ros/foxy/lib/python3.8/site-packages /usr/bin/cmake --install /home/ubuntu/SSLRasp/build/main
