[0.174s] Invoking command in '/home/rionessl/SSLRasp/src/main': PYTHONPATH=/home/rionessl/SSLRasp/install/main/lib/python3.8/site-packages:${PYTHONPATH} /usr/bin/python3 setup.py egg_info --egg-base ../../build/main build --build-base /home/rionessl/SSLRasp/build/main/build install --prefix /home/rionessl/SSLRasp/install/main --record /home/rionessl/SSLRasp/build/main/install.log --single-version-externally-managed
[0.312s] running egg_info
[0.312s] creating ../../build/main/main.egg-info
[0.313s] writing ../../build/main/main.egg-info/PKG-INFO
[0.313s] writing dependency_links to ../../build/main/main.egg-info/dependency_links.txt
[0.313s] writing entry points to ../../build/main/main.egg-info/entry_points.txt
[0.313s] writing requirements to ../../build/main/main.egg-info/requires.txt
[0.313s] writing top-level names to ../../build/main/main.egg-info/top_level.txt
[0.314s] writing manifest file '../../build/main/main.egg-info/SOURCES.txt'
[0.334s] reading manifest file '../../build/main/main.egg-info/SOURCES.txt'
[0.334s] writing manifest file '../../build/main/main.egg-info/SOURCES.txt'
[0.335s] running build
[0.335s] running build_py
[0.335s] creating /home/rionessl/SSLRasp/build/main/build
[0.335s] creating /home/rionessl/SSLRasp/build/main/build/lib
[0.335s] creating /home/rionessl/SSLRasp/build/main/build/lib/python_programs
[0.335s] copying python_programs/__init__.py -> /home/rionessl/SSLRasp/build/main/build/lib/python_programs
[0.335s] copying python_programs/main.py -> /home/rionessl/SSLRasp/build/main/build/lib/python_programs
[0.335s] running install
[0.335s] running install_lib
[0.336s] creating /home/rionessl/SSLRasp/install/main/lib/python3.8/site-packages/python_programs
[0.336s] copying /home/rionessl/SSLRasp/build/main/build/lib/python_programs/main.py -> /home/rionessl/SSLRasp/install/main/lib/python3.8/site-packages/python_programs
[0.336s] copying /home/rionessl/SSLRasp/build/main/build/lib/python_programs/__init__.py -> /home/rionessl/SSLRasp/install/main/lib/python3.8/site-packages/python_programs
[0.336s] byte-compiling /home/rionessl/SSLRasp/install/main/lib/python3.8/site-packages/python_programs/main.py to main.cpython-38.pyc
[0.337s] byte-compiling /home/rionessl/SSLRasp/install/main/lib/python3.8/site-packages/python_programs/__init__.py to __init__.cpython-38.pyc
[0.337s] running install_egg_info
[0.338s] Copying ../../build/main/main.egg-info to /home/rionessl/SSLRasp/install/main/lib/python3.8/site-packages/main-0.0.0-py3.8.egg-info
[0.339s] running install_scripts
[1.008s] Installing main script to /home/rionessl/SSLRasp/install/main/lib/main
[1.008s] writing list of installed files to '/home/rionessl/SSLRasp/build/main/install.log'
[1.023s] Invoked command in '/home/rionessl/SSLRasp/src/main' returned '0': PYTHONPATH=/home/rionessl/SSLRasp/install/main/lib/python3.8/site-packages:${PYTHONPATH} /usr/bin/python3 setup.py egg_info --egg-base ../../build/main build --build-base /home/rionessl/SSLRasp/build/main/build install --prefix /home/rionessl/SSLRasp/install/main --record /home/rionessl/SSLRasp/build/main/install.log --single-version-externally-managed
