[0.020s] Invoking command in '/home/rionessl/SSLRasp/build/message_info': CMAKE_PREFIX_PATH=${CMAKE_PREFIX_PATH}:/home/rionessl/RiAI/install/real_sender:/opt/ros/foxy /usr/bin/cmake /home/rionessl/SSLRasp/src/message_info -DCMAKE_INSTALL_PREFIX=/home/rionessl/SSLRasp/install/message_info
[0.104s] -- The C compiler identification is GNU 9.3.0
[0.174s] -- The CXX compiler identification is GNU 9.3.0
[0.181s] -- Check for working C compiler: /usr/bin/cc
[0.257s] -- Check for working C compiler: /usr/bin/cc -- works
[0.260s] -- Detecting C compiler ABI info
[0.335s] -- Detecting C compiler ABI info - done
[0.345s] -- Detecting C compile features
[0.346s] -- Detecting C compile features - done
[0.348s] -- Check for working CXX compiler: /usr/bin/c++
[0.438s] -- Check for working CXX compiler: /usr/bin/c++ -- works
[0.438s] -- Detecting CXX compiler ABI info
[0.538s] -- Detecting CXX compiler ABI info - done
[0.552s] -- Detecting CXX compile features
[0.553s] -- Detecting CXX compile features - done
[0.555s] -- Found ament_cmake: 0.9.8 (/opt/ros/foxy/share/ament_cmake/cmake)
[0.585s] -- Found PythonInterp: /usr/bin/python3 (found suitable version "3.8.5", minimum required is "3") 
[0.585s] -- Using PYTHON_EXECUTABLE: /usr/bin/python3
[0.778s] -- Found rosidl_default_generators: 1.0.0 (/opt/ros/foxy/share/rosidl_default_generators/cmake)
[0.783s] -- Using all available rosidl_typesupport_c: rosidl_typesupport_fastrtps_c;rosidl_typesupport_introspection_c
[0.792s] -- Found rosidl_adapter: 1.2.0 (/opt/ros/foxy/share/rosidl_adapter/cmake)
[0.915s] -- Found OpenSSL: /usr/lib/x86_64-linux-gnu/libcrypto.so (found version "1.1.1f")  
[0.946s] -- Found FastRTPS: /opt/ros/foxy/include  
[1.018s] -- Using all available rosidl_typesupport_cpp: rosidl_typesupport_fastrtps_cpp;rosidl_typesupport_introspection_cpp
[1.044s] -- Found builtin_interfaces: 1.0.0 (/opt/ros/foxy/share/builtin_interfaces/cmake)
[1.056s] -- Found std_msgs: 2.0.3 (/opt/ros/foxy/share/std_msgs/cmake)
[1.073s] -- Found sensor_msgs: 2.0.3 (/opt/ros/foxy/share/sensor_msgs/cmake)
[1.185s] -- OpenSSL Version: 1.1.1f /usr/include /usr/lib/x86_64-linux-gnu/libssl.so;/usr/lib/x86_64-linux-gnu/libcrypto.so
[1.214s] -- Found PythonInterp: /usr/bin/python3 (found version "3.8.5") 
[1.518s] -- Found ament_cmake_ros: 0.9.1 (/opt/ros/foxy/share/ament_cmake_ros/cmake)
[1.824s] -- Using all available rosidl_typesupport_c: rosidl_typesupport_fastrtps_c;rosidl_typesupport_introspection_c
[1.983s] -- Using all available rosidl_typesupport_cpp: rosidl_typesupport_fastrtps_cpp;rosidl_typesupport_introspection_cpp
[2.011s] -- Found PythonInterp: /usr/bin/python3 (found suitable version "3.8.5", minimum required is "3.5") 
[2.014s] -- Found python_cmake_module: 0.8.0 (/opt/ros/foxy/share/python_cmake_module/cmake)
[2.051s] -- Found PythonLibs: /usr/lib/x86_64-linux-gnu/libpython3.8.so (found suitable version "3.8.5", minimum required is "3.5") 
[2.052s] -- Using PYTHON_EXECUTABLE: /usr/bin/python3
[2.052s] -- Using PYTHON_INCLUDE_DIRS: /usr/include/python3.8
[2.052s] -- Using PYTHON_LIBRARIES: /usr/lib/x86_64-linux-gnu/libpython3.8.so
[2.080s] -- Found PythonExtra: .so  
[2.195s] -- Found ament_lint_auto: 0.9.6 (/opt/ros/foxy/share/ament_lint_auto/cmake)
[2.213s] -- Added test 'copyright' to check source files copyright and LICENSE
[2.215s] -- Added test 'lint_cmake' to check CMake code style
[2.216s] -- Added test 'xmllint' to check XML markup files
[2.221s] -- Configuring done
[2.313s] -- Generating done
[2.316s] -- Build files have been written to: /home/rionessl/SSLRasp/build/message_info
[2.326s] Invoked command in '/home/rionessl/SSLRasp/build/message_info' returned '0': CMAKE_PREFIX_PATH=${CMAKE_PREFIX_PATH}:/home/rionessl/RiAI/install/real_sender:/opt/ros/foxy /usr/bin/cmake /home/rionessl/SSLRasp/src/message_info -DCMAKE_INSTALL_PREFIX=/home/rionessl/SSLRasp/install/message_info
[2.329s] Invoking command in '/home/rionessl/SSLRasp/build/message_info': CMAKE_PREFIX_PATH=${CMAKE_PREFIX_PATH}:/home/rionessl/RiAI/install/real_sender:/opt/ros/foxy /usr/bin/cmake --build /home/rionessl/SSLRasp/build/message_info -- -j8 -l8
[2.388s] [35m[1mScanning dependencies of target message_info__cpp[0m
[2.393s] [  1%] [34m[1mGenerating C code for ROS interfaces[0m
[2.401s] [  1%] [34m[1mGenerating C++ code for ROS interfaces[0m
[3.781s] [  1%] Built target message_info__cpp
[3.793s] [  2%] [34m[1mGenerating C++ type support for eProsima Fast-RTPS[0m
[3.797s] [  3%] [34m[1mGenerating C++ type support dispatch for ROS interfaces[0m
[3.799s] [  3%] [34m[1mGenerating C++ introspection for ROS interfaces[0m
[4.022s] [35m[1mScanning dependencies of target message_info__rosidl_generator_c[0m
[4.043s] [  5%] [32mBuilding C object CMakeFiles/message_info__rosidl_generator_c.dir/rosidl_generator_c/message_info/msg/detail/referee_game_event__functions.c.o[0m
[4.043s] [  5%] [32mBuilding C object CMakeFiles/message_info__rosidl_generator_c.dir/rosidl_generator_c/message_info/msg/detail/referee__functions.c.o[0m
[4.044s] [  5%] [32mBuilding C object CMakeFiles/message_info__rosidl_generator_c.dir/rosidl_generator_c/message_info/msg/detail/field_line_segment__functions.c.o[0m
[4.044s] [  5%] [32mBuilding C object CMakeFiles/message_info__rosidl_generator_c.dir/rosidl_generator_c/message_info/msg/detail/referee_team_info__functions.c.o[0m
[4.054s] [  6%] [32mBuilding C object CMakeFiles/message_info__rosidl_generator_c.dir/rosidl_generator_c/message_info/msg/detail/field_circular_arc__functions.c.o[0m
[4.087s] [  6%] [32mBuilding C object CMakeFiles/message_info__rosidl_generator_c.dir/rosidl_generator_c/message_info/msg/detail/vision_geometry__functions.c.o[0m
[4.092s] [  7%] [32mBuilding C object CMakeFiles/message_info__rosidl_generator_c.dir/rosidl_generator_c/message_info/msg/detail/detection_ball__functions.c.o[0m
[4.096s] [  7%] [32mBuilding C object CMakeFiles/message_info__rosidl_generator_c.dir/rosidl_generator_c/message_info/msg/detail/detection_robot__functions.c.o[0m
[4.109s] [  8%] [32mBuilding C object CMakeFiles/message_info__rosidl_generator_c.dir/rosidl_generator_c/message_info/msg/detail/detection_frame__functions.c.o[0m
[4.122s] [  8%] [32mBuilding C object CMakeFiles/message_info__rosidl_generator_c.dir/rosidl_generator_c/message_info/msg/detail/vision_detections__functions.c.o[0m
[4.142s] [  9%] [32mBuilding C object CMakeFiles/message_info__rosidl_generator_c.dir/rosidl_generator_c/message_info/msg/detail/robot_command__functions.c.o[0m
[4.145s] [ 10%] [32mBuilding C object CMakeFiles/message_info__rosidl_generator_c.dir/rosidl_generator_c/message_info/msg/detail/robot_commands__functions.c.o[0m
[4.155s] [ 10%] [32mBuilding C object CMakeFiles/message_info__rosidl_generator_c.dir/rosidl_generator_c/message_info/msg/detail/test__functions.c.o[0m
[4.163s] [ 11%] [32mBuilding C object CMakeFiles/message_info__rosidl_generator_c.dir/rosidl_generator_c/message_info/msg/detail/ball_info__functions.c.o[0m
[4.178s] [ 11%] [32mBuilding C object CMakeFiles/message_info__rosidl_generator_c.dir/rosidl_generator_c/message_info/msg/detail/goal_info__functions.c.o[0m
[4.196s] [ 12%] [32mBuilding C object CMakeFiles/message_info__rosidl_generator_c.dir/rosidl_generator_c/message_info/msg/detail/role__functions.c.o[0m
[4.201s] [ 12%] [32mBuilding C object CMakeFiles/message_info__rosidl_generator_c.dir/rosidl_generator_c/message_info/msg/detail/attacker__functions.c.o[0m
[4.205s] [ 13%] [32mBuilding C object CMakeFiles/message_info__rosidl_generator_c.dir/rosidl_generator_c/message_info/msg/detail/goalie__functions.c.o[0m
[4.215s] [ 14%] [32mBuilding C object CMakeFiles/message_info__rosidl_generator_c.dir/rosidl_generator_c/message_info/msg/detail/info__functions.c.o[0m
[4.265s] [ 14%] [32m[1mLinking C shared library libmessage_info__rosidl_generator_c.so[0m
[4.305s] [ 14%] Built target message_info__rosidl_generator_c
[4.319s] [ 15%] [34m[1mGenerating C introspection for ROS interfaces[0m
[4.320s] [ 16%] [34m[1mGenerating C type support dispatch for ROS interfaces[0m
[5.147s] [35m[1mScanning dependencies of target message_info__rosidl_typesupport_cpp[0m
[5.171s] [ 18%] [32mBuilding CXX object CMakeFiles/message_info__rosidl_typesupport_cpp.dir/rosidl_typesupport_cpp/message_info/msg/referee_game_event__type_support.cpp.o[0m
[5.171s] [ 18%] [32mBuilding CXX object CMakeFiles/message_info__rosidl_typesupport_cpp.dir/rosidl_typesupport_cpp/message_info/msg/referee__type_support.cpp.o[0m
[5.171s] [ 18%] [32mBuilding CXX object CMakeFiles/message_info__rosidl_typesupport_cpp.dir/rosidl_typesupport_cpp/message_info/msg/referee_team_info__type_support.cpp.o[0m
[5.172s] [ 18%] [32mBuilding CXX object CMakeFiles/message_info__rosidl_typesupport_cpp.dir/rosidl_typesupport_cpp/message_info/msg/field_circular_arc__type_support.cpp.o[0m
[5.599s] [ 19%] [32mBuilding CXX object CMakeFiles/message_info__rosidl_typesupport_cpp.dir/rosidl_typesupport_cpp/message_info/msg/field_line_segment__type_support.cpp.o[0m
[5.616s] [ 19%] [32mBuilding CXX object CMakeFiles/message_info__rosidl_typesupport_cpp.dir/rosidl_typesupport_cpp/message_info/msg/vision_geometry__type_support.cpp.o[0m
[5.628s] [ 20%] [32mBuilding CXX object CMakeFiles/message_info__rosidl_typesupport_cpp.dir/rosidl_typesupport_cpp/message_info/msg/detection_ball__type_support.cpp.o[0m
[5.645s] [ 20%] [32mBuilding CXX object CMakeFiles/message_info__rosidl_typesupport_cpp.dir/rosidl_typesupport_cpp/message_info/msg/detection_robot__type_support.cpp.o[0m
[5.739s] [35m[1mScanning dependencies of target message_info__rosidl_typesupport_c[0m
[5.773s] [ 20%] [32mBuilding CXX object CMakeFiles/message_info__rosidl_typesupport_c.dir/rosidl_typesupport_c/message_info/msg/referee_game_event__type_support.cpp.o[0m
[5.826s] [ 21%] [32mBuilding CXX object CMakeFiles/message_info__rosidl_typesupport_c.dir/rosidl_typesupport_c/message_info/msg/referee_team_info__type_support.cpp.o[0m
[5.869s] [ 21%] [32mBuilding CXX object CMakeFiles/message_info__rosidl_typesupport_c.dir/rosidl_typesupport_c/message_info/msg/referee__type_support.cpp.o[0m
[5.916s] [ 22%] [32mBuilding CXX object CMakeFiles/message_info__rosidl_typesupport_c.dir/rosidl_typesupport_c/message_info/msg/field_circular_arc__type_support.cpp.o[0m
[5.964s] [ 23%] [32mBuilding CXX object CMakeFiles/message_info__rosidl_typesupport_c.dir/rosidl_typesupport_c/message_info/msg/field_line_segment__type_support.cpp.o[0m
[5.986s] [35m[1mScanning dependencies of target message_info__rosidl_typesupport_introspection_cpp[0m
[6.008s] [ 23%] [32mBuilding CXX object CMakeFiles/message_info__rosidl_typesupport_c.dir/rosidl_typesupport_c/message_info/msg/vision_geometry__type_support.cpp.o[0m
[6.019s] [ 24%] [32mBuilding CXX object CMakeFiles/message_info__rosidl_typesupport_introspection_cpp.dir/rosidl_typesupport_introspection_cpp/message_info/msg/detail/referee_game_event__type_support.cpp.o[0m
[6.043s] [ 25%] [32mBuilding CXX object CMakeFiles/message_info__rosidl_typesupport_cpp.dir/rosidl_typesupport_cpp/message_info/msg/detection_frame__type_support.cpp.o[0m
[6.053s] [ 26%] [32mBuilding CXX object CMakeFiles/message_info__rosidl_typesupport_c.dir/rosidl_typesupport_c/message_info/msg/detection_ball__type_support.cpp.o[0m
[6.066s] [ 27%] [32mBuilding CXX object CMakeFiles/message_info__rosidl_typesupport_cpp.dir/rosidl_typesupport_cpp/message_info/msg/vision_detections__type_support.cpp.o[0m
[6.067s] [35m[1mScanning dependencies of target message_info__rosidl_typesupport_fastrtps_cpp[0m
[6.076s] [ 27%] [32mBuilding CXX object CMakeFiles/message_info__rosidl_typesupport_cpp.dir/rosidl_typesupport_cpp/message_info/msg/robot_command__type_support.cpp.o[0m
[6.084s] [ 28%] [32mBuilding CXX object CMakeFiles/message_info__rosidl_typesupport_cpp.dir/rosidl_typesupport_cpp/message_info/msg/robot_commands__type_support.cpp.o[0m
[6.094s] [ 28%] [32mBuilding CXX object CMakeFiles/message_info__rosidl_typesupport_c.dir/rosidl_typesupport_c/message_info/msg/detection_robot__type_support.cpp.o[0m
[6.126s] [ 29%] [32mBuilding CXX object CMakeFiles/message_info__rosidl_typesupport_fastrtps_cpp.dir/rosidl_typesupport_fastrtps_cpp/message_info/msg/detail/dds_fastrtps/referee_game_event__type_support.cpp.o[0m
[6.131s] [ 30%] [32mBuilding CXX object CMakeFiles/message_info__rosidl_typesupport_c.dir/rosidl_typesupport_c/message_info/msg/detection_frame__type_support.cpp.o[0m
[6.182s] [ 30%] [32mBuilding CXX object CMakeFiles/message_info__rosidl_typesupport_c.dir/rosidl_typesupport_c/message_info/msg/vision_detections__type_support.cpp.o[0m
[6.224s] [ 31%] [32mBuilding CXX object CMakeFiles/message_info__rosidl_typesupport_c.dir/rosidl_typesupport_c/message_info/msg/robot_command__type_support.cpp.o[0m
[6.264s] [ 32%] [32mBuilding CXX object CMakeFiles/message_info__rosidl_typesupport_c.dir/rosidl_typesupport_c/message_info/msg/robot_commands__type_support.cpp.o[0m
[6.311s] [ 32%] [32mBuilding CXX object CMakeFiles/message_info__rosidl_typesupport_c.dir/rosidl_typesupport_c/message_info/msg/test__type_support.cpp.o[0m
[6.357s] [ 33%] [32mBuilding CXX object CMakeFiles/message_info__rosidl_typesupport_c.dir/rosidl_typesupport_c/message_info/msg/ball_info__type_support.cpp.o[0m
[6.400s] [ 33%] [32mBuilding CXX object CMakeFiles/message_info__rosidl_typesupport_c.dir/rosidl_typesupport_c/message_info/msg/goal_info__type_support.cpp.o[0m
[6.442s] [ 34%] [32mBuilding CXX object CMakeFiles/message_info__rosidl_typesupport_c.dir/rosidl_typesupport_c/message_info/msg/role__type_support.cpp.o[0m
[6.482s] [ 34%] [32mBuilding CXX object CMakeFiles/message_info__rosidl_typesupport_c.dir/rosidl_typesupport_c/message_info/msg/attacker__type_support.cpp.o[0m
[6.487s] [ 34%] [32mBuilding CXX object CMakeFiles/message_info__rosidl_typesupport_introspection_cpp.dir/rosidl_typesupport_introspection_cpp/message_info/msg/detail/referee_team_info__type_support.cpp.o[0m
[6.499s] [ 34%] [32mBuilding CXX object CMakeFiles/message_info__rosidl_typesupport_cpp.dir/rosidl_typesupport_cpp/message_info/msg/test__type_support.cpp.o[0m
[6.523s] [ 35%] [32mBuilding CXX object CMakeFiles/message_info__rosidl_typesupport_c.dir/rosidl_typesupport_c/message_info/msg/goalie__type_support.cpp.o[0m
[6.528s] [ 36%] [32mBuilding CXX object CMakeFiles/message_info__rosidl_typesupport_cpp.dir/rosidl_typesupport_cpp/message_info/msg/ball_info__type_support.cpp.o[0m
[6.540s] [ 37%] [32mBuilding CXX object CMakeFiles/message_info__rosidl_typesupport_cpp.dir/rosidl_typesupport_cpp/message_info/msg/goal_info__type_support.cpp.o[0m
[6.541s] [ 37%] [32mBuilding CXX object CMakeFiles/message_info__rosidl_typesupport_c.dir/rosidl_typesupport_c/message_info/msg/info__type_support.cpp.o[0m
[6.572s] [ 38%] [32mBuilding CXX object CMakeFiles/message_info__rosidl_typesupport_cpp.dir/rosidl_typesupport_cpp/message_info/msg/role__type_support.cpp.o[0m
[6.594s] [ 38%] [32m[1mLinking CXX shared library libmessage_info__rosidl_typesupport_c.so[0m
[6.646s] [35m[1mScanning dependencies of target message_info__rosidl_typesupport_introspection_c[0m
[6.669s] [ 38%] Built target message_info__rosidl_typesupport_c
[6.688s] [ 39%] [32mBuilding CXX object CMakeFiles/message_info__rosidl_typesupport_introspection_cpp.dir/rosidl_typesupport_introspection_cpp/message_info/msg/detail/referee__type_support.cpp.o[0m
[6.695s] [ 40%] [32mBuilding C object CMakeFiles/message_info__rosidl_typesupport_introspection_c.dir/rosidl_typesupport_introspection_c/message_info/msg/detail/referee_game_event__type_support.c.o[0m
[6.742s] [ 40%] [32mBuilding C object CMakeFiles/message_info__rosidl_typesupport_introspection_c.dir/rosidl_typesupport_introspection_c/message_info/msg/detail/referee_team_info__type_support.c.o[0m
[6.791s] [ 41%] [32mBuilding C object CMakeFiles/message_info__rosidl_typesupport_introspection_c.dir/rosidl_typesupport_introspection_c/message_info/msg/detail/referee__type_support.c.o[0m
[6.840s] [ 41%] [32mBuilding CXX object CMakeFiles/message_info__rosidl_typesupport_fastrtps_cpp.dir/rosidl_typesupport_fastrtps_cpp/message_info/msg/detail/dds_fastrtps/referee_team_info__type_support.cpp.o[0m
[6.846s] [ 41%] [32mBuilding C object CMakeFiles/message_info__rosidl_typesupport_introspection_c.dir/rosidl_typesupport_introspection_c/message_info/msg/detail/field_circular_arc__type_support.c.o[0m
[6.898s] [ 42%] [32mBuilding C object CMakeFiles/message_info__rosidl_typesupport_introspection_c.dir/rosidl_typesupport_introspection_c/message_info/msg/detail/field_line_segment__type_support.c.o[0m
[6.948s] [ 42%] [32mBuilding C object CMakeFiles/message_info__rosidl_typesupport_introspection_c.dir/rosidl_typesupport_introspection_c/message_info/msg/detail/vision_geometry__type_support.c.o[0m
[6.957s] [ 43%] [32mBuilding CXX object CMakeFiles/message_info__rosidl_typesupport_cpp.dir/rosidl_typesupport_cpp/message_info/msg/attacker__type_support.cpp.o[0m
[6.994s] [ 43%] [32mBuilding CXX object CMakeFiles/message_info__rosidl_typesupport_cpp.dir/rosidl_typesupport_cpp/message_info/msg/goalie__type_support.cpp.o[0m
[7.006s] [ 43%] [32mBuilding CXX object CMakeFiles/message_info__rosidl_typesupport_introspection_cpp.dir/rosidl_typesupport_introspection_cpp/message_info/msg/detail/field_circular_arc__type_support.cpp.o[0m
[7.007s] [ 44%] [32mBuilding CXX object CMakeFiles/message_info__rosidl_typesupport_cpp.dir/rosidl_typesupport_cpp/message_info/msg/info__type_support.cpp.o[0m
[7.017s] [ 45%] [32mBuilding C object CMakeFiles/message_info__rosidl_typesupport_introspection_c.dir/rosidl_typesupport_introspection_c/message_info/msg/detail/detection_ball__type_support.c.o[0m
[7.060s] [ 46%] [32mBuilding C object CMakeFiles/message_info__rosidl_typesupport_introspection_c.dir/rosidl_typesupport_introspection_c/message_info/msg/detail/detection_robot__type_support.c.o[0m
[7.063s] [ 46%] [32mBuilding C object CMakeFiles/message_info__rosidl_typesupport_introspection_c.dir/rosidl_typesupport_introspection_c/message_info/msg/detail/detection_frame__type_support.c.o[0m
[7.112s] [ 47%] [32mBuilding C object CMakeFiles/message_info__rosidl_typesupport_introspection_c.dir/rosidl_typesupport_introspection_c/message_info/msg/detail/vision_detections__type_support.c.o[0m
[7.125s] [ 48%] [32mBuilding CXX object CMakeFiles/message_info__rosidl_typesupport_introspection_cpp.dir/rosidl_typesupport_introspection_cpp/message_info/msg/detail/field_line_segment__type_support.cpp.o[0m
[7.166s] [ 48%] [32mBuilding C object CMakeFiles/message_info__rosidl_typesupport_introspection_c.dir/rosidl_typesupport_introspection_c/message_info/msg/detail/robot_command__type_support.c.o[0m
[7.174s] [ 49%] [32mBuilding C object CMakeFiles/message_info__rosidl_typesupport_introspection_c.dir/rosidl_typesupport_introspection_c/message_info/msg/detail/robot_commands__type_support.c.o[0m
[7.216s] [ 50%] [32mBuilding CXX object CMakeFiles/message_info__rosidl_typesupport_introspection_cpp.dir/rosidl_typesupport_introspection_cpp/message_info/msg/detail/vision_geometry__type_support.cpp.o[0m
[7.225s] [ 50%] [32mBuilding C object CMakeFiles/message_info__rosidl_typesupport_introspection_c.dir/rosidl_typesupport_introspection_c/message_info/msg/detail/test__type_support.c.o[0m
[7.273s] [ 51%] [32mBuilding C object CMakeFiles/message_info__rosidl_typesupport_introspection_c.dir/rosidl_typesupport_introspection_c/message_info/msg/detail/ball_info__type_support.c.o[0m
[7.333s] [ 52%] [32mBuilding C object CMakeFiles/message_info__rosidl_typesupport_introspection_c.dir/rosidl_typesupport_introspection_c/message_info/msg/detail/goal_info__type_support.c.o[0m
[7.380s] [ 52%] [32mBuilding C object CMakeFiles/message_info__rosidl_typesupport_introspection_c.dir/rosidl_typesupport_introspection_c/message_info/msg/detail/role__type_support.c.o[0m
[7.424s] [ 53%] [32mBuilding C object CMakeFiles/message_info__rosidl_typesupport_introspection_c.dir/rosidl_typesupport_introspection_c/message_info/msg/detail/attacker__type_support.c.o[0m
[7.434s] [ 53%] [32mBuilding C object CMakeFiles/message_info__rosidl_typesupport_introspection_c.dir/rosidl_typesupport_introspection_c/message_info/msg/detail/goalie__type_support.c.o[0m
[7.452s] [ 54%] [32mBuilding C object CMakeFiles/message_info__rosidl_typesupport_introspection_c.dir/rosidl_typesupport_introspection_c/message_info/msg/detail/info__type_support.c.o[0m
[7.452s] [ 54%] [32m[1mLinking CXX shared library libmessage_info__rosidl_typesupport_cpp.so[0m
[7.482s] [ 54%] [32mBuilding CXX object CMakeFiles/message_info__rosidl_typesupport_introspection_cpp.dir/rosidl_typesupport_introspection_cpp/message_info/msg/detail/detection_ball__type_support.cpp.o[0m
[7.491s] [ 55%] [32mBuilding CXX object CMakeFiles/message_info__rosidl_typesupport_introspection_cpp.dir/rosidl_typesupport_introspection_cpp/message_info/msg/detail/detection_robot__type_support.cpp.o[0m
[7.494s] [ 55%] [32mBuilding CXX object CMakeFiles/message_info__rosidl_typesupport_introspection_cpp.dir/rosidl_typesupport_introspection_cpp/message_info/msg/detail/detection_frame__type_support.cpp.o[0m
[7.503s] [ 55%] [32m[1mLinking C shared library libmessage_info__rosidl_typesupport_introspection_c.so[0m
[7.529s] [ 55%] Built target message_info__rosidl_typesupport_cpp
[7.544s] [ 56%] [32mBuilding CXX object CMakeFiles/message_info__rosidl_typesupport_introspection_cpp.dir/rosidl_typesupport_introspection_cpp/message_info/msg/detail/vision_detections__type_support.cpp.o[0m
[7.554s] [ 56%] Built target message_info__rosidl_typesupport_introspection_c
[7.567s] [ 56%] [32mBuilding CXX object CMakeFiles/message_info__rosidl_typesupport_introspection_cpp.dir/rosidl_typesupport_introspection_cpp/message_info/msg/detail/robot_command__type_support.cpp.o[0m
[7.587s] [ 57%] [32mBuilding CXX object CMakeFiles/message_info__rosidl_typesupport_fastrtps_cpp.dir/rosidl_typesupport_fastrtps_cpp/message_info/msg/detail/dds_fastrtps/referee__type_support.cpp.o[0m
[7.587s] [ 57%] [32mBuilding CXX object CMakeFiles/message_info__rosidl_typesupport_fastrtps_cpp.dir/rosidl_typesupport_fastrtps_cpp/message_info/msg/detail/dds_fastrtps/field_circular_arc__type_support.cpp.o[0m
[7.867s] [ 58%] [32mBuilding CXX object CMakeFiles/message_info__rosidl_typesupport_introspection_cpp.dir/rosidl_typesupport_introspection_cpp/message_info/msg/detail/robot_commands__type_support.cpp.o[0m
[7.939s] [ 59%] [32mBuilding CXX object CMakeFiles/message_info__rosidl_typesupport_introspection_cpp.dir/rosidl_typesupport_introspection_cpp/message_info/msg/detail/test__type_support.cpp.o[0m
[7.979s] [ 59%] [32mBuilding CXX object CMakeFiles/message_info__rosidl_typesupport_introspection_cpp.dir/rosidl_typesupport_introspection_cpp/message_info/msg/detail/ball_info__type_support.cpp.o[0m
[8.018s] [ 60%] [32mBuilding CXX object CMakeFiles/message_info__rosidl_typesupport_introspection_cpp.dir/rosidl_typesupport_introspection_cpp/message_info/msg/detail/goal_info__type_support.cpp.o[0m
[8.156s] [ 60%] [32mBuilding CXX object CMakeFiles/message_info__rosidl_typesupport_introspection_cpp.dir/rosidl_typesupport_introspection_cpp/message_info/msg/detail/role__type_support.cpp.o[0m
[8.160s] [ 61%] [32mBuilding CXX object CMakeFiles/message_info__rosidl_typesupport_introspection_cpp.dir/rosidl_typesupport_introspection_cpp/message_info/msg/detail/attacker__type_support.cpp.o[0m
[8.267s] [ 62%] [32mBuilding CXX object CMakeFiles/message_info__rosidl_typesupport_fastrtps_cpp.dir/rosidl_typesupport_fastrtps_cpp/message_info/msg/detail/dds_fastrtps/field_line_segment__type_support.cpp.o[0m
[8.297s] [ 62%] [32mBuilding CXX object CMakeFiles/message_info__rosidl_typesupport_fastrtps_cpp.dir/rosidl_typesupport_fastrtps_cpp/message_info/msg/detail/dds_fastrtps/vision_geometry__type_support.cpp.o[0m
[8.333s] [ 62%] [32mBuilding CXX object CMakeFiles/message_info__rosidl_typesupport_introspection_cpp.dir/rosidl_typesupport_introspection_cpp/message_info/msg/detail/goalie__type_support.cpp.o[0m
[8.409s] [ 63%] [32mBuilding CXX object CMakeFiles/message_info__rosidl_typesupport_introspection_cpp.dir/rosidl_typesupport_introspection_cpp/message_info/msg/detail/info__type_support.cpp.o[0m
[8.465s] [ 64%] [32mBuilding CXX object CMakeFiles/message_info__rosidl_typesupport_fastrtps_cpp.dir/rosidl_typesupport_fastrtps_cpp/message_info/msg/detail/dds_fastrtps/detection_ball__type_support.cpp.o[0m
[8.469s] [ 65%] [32mBuilding CXX object CMakeFiles/message_info__rosidl_typesupport_fastrtps_cpp.dir/rosidl_typesupport_fastrtps_cpp/message_info/msg/detail/dds_fastrtps/detection_robot__type_support.cpp.o[0m
[8.628s] [ 65%] [32mBuilding CXX object CMakeFiles/message_info__rosidl_typesupport_fastrtps_cpp.dir/rosidl_typesupport_fastrtps_cpp/message_info/msg/detail/dds_fastrtps/detection_frame__type_support.cpp.o[0m
[8.630s] [ 66%] [32mBuilding CXX object CMakeFiles/message_info__rosidl_typesupport_fastrtps_cpp.dir/rosidl_typesupport_fastrtps_cpp/message_info/msg/detail/dds_fastrtps/vision_detections__type_support.cpp.o[0m
[8.788s] [ 66%] [32mBuilding CXX object CMakeFiles/message_info__rosidl_typesupport_fastrtps_cpp.dir/rosidl_typesupport_fastrtps_cpp/message_info/msg/detail/dds_fastrtps/robot_command__type_support.cpp.o[0m
[8.941s] [ 67%] [32mBuilding CXX object CMakeFiles/message_info__rosidl_typesupport_fastrtps_cpp.dir/rosidl_typesupport_fastrtps_cpp/message_info/msg/detail/dds_fastrtps/robot_commands__type_support.cpp.o[0m
[9.084s] [ 68%] [32m[1mLinking CXX shared library libmessage_info__rosidl_typesupport_introspection_cpp.so[0m
[9.197s] [ 69%] [32mBuilding CXX object CMakeFiles/message_info__rosidl_typesupport_fastrtps_cpp.dir/rosidl_typesupport_fastrtps_cpp/message_info/msg/detail/dds_fastrtps/test__type_support.cpp.o[0m
[9.197s] [ 69%] [32mBuilding CXX object CMakeFiles/message_info__rosidl_typesupport_fastrtps_cpp.dir/rosidl_typesupport_fastrtps_cpp/message_info/msg/detail/dds_fastrtps/ball_info__type_support.cpp.o[0m
[9.202s] [ 70%] [32mBuilding CXX object CMakeFiles/message_info__rosidl_typesupport_fastrtps_cpp.dir/rosidl_typesupport_fastrtps_cpp/message_info/msg/detail/dds_fastrtps/goal_info__type_support.cpp.o[0m
[9.283s] [ 70%] Built target message_info__rosidl_typesupport_introspection_cpp
[9.297s] [ 70%] [32mBuilding CXX object CMakeFiles/message_info__rosidl_typesupport_fastrtps_cpp.dir/rosidl_typesupport_fastrtps_cpp/message_info/msg/detail/dds_fastrtps/role__type_support.cpp.o[0m
[9.483s] [ 71%] [32mBuilding CXX object CMakeFiles/message_info__rosidl_typesupport_fastrtps_cpp.dir/rosidl_typesupport_fastrtps_cpp/message_info/msg/detail/dds_fastrtps/attacker__type_support.cpp.o[0m
[9.496s] [ 71%] [32mBuilding CXX object CMakeFiles/message_info__rosidl_typesupport_fastrtps_cpp.dir/rosidl_typesupport_fastrtps_cpp/message_info/msg/detail/dds_fastrtps/goalie__type_support.cpp.o[0m
[9.511s] [ 72%] [32mBuilding CXX object CMakeFiles/message_info__rosidl_typesupport_fastrtps_cpp.dir/rosidl_typesupport_fastrtps_cpp/message_info/msg/detail/dds_fastrtps/info__type_support.cpp.o[0m
[10.208s] [ 72%] [32m[1mLinking CXX shared library libmessage_info__rosidl_typesupport_fastrtps_cpp.so[0m
[10.323s] [ 72%] Built target message_info__rosidl_typesupport_fastrtps_cpp
[10.341s] [ 73%] [34m[1mGenerating C type support for eProsima Fast-RTPS[0m
[11.633s] [35m[1mScanning dependencies of target message_info__rosidl_typesupport_fastrtps_c[0m
[11.685s] [ 73%] [32mBuilding CXX object CMakeFiles/message_info__rosidl_typesupport_fastrtps_c.dir/rosidl_typesupport_fastrtps_c/message_info/msg/detail/field_circular_arc__type_support_c.cpp.o[0m
[11.685s] [ 73%] [32mBuilding CXX object CMakeFiles/message_info__rosidl_typesupport_fastrtps_c.dir/rosidl_typesupport_fastrtps_c/message_info/msg/detail/vision_geometry__type_support_c.cpp.o[0m
[11.687s] [ 74%] [32mBuilding CXX object CMakeFiles/message_info__rosidl_typesupport_fastrtps_c.dir/rosidl_typesupport_fastrtps_c/message_info/msg/detail/referee_team_info__type_support_c.cpp.o[0m
[11.688s] [ 75%] [32mBuilding CXX object CMakeFiles/message_info__rosidl_typesupport_fastrtps_c.dir/rosidl_typesupport_fastrtps_c/message_info/msg/detail/detection_ball__type_support_c.cpp.o[0m
[11.689s] [ 76%] [32mBuilding CXX object CMakeFiles/message_info__rosidl_typesupport_fastrtps_c.dir/rosidl_typesupport_fastrtps_c/message_info/msg/detail/referee__type_support_c.cpp.o[0m
[11.690s] [ 77%] [32mBuilding CXX object CMakeFiles/message_info__rosidl_typesupport_fastrtps_c.dir/rosidl_typesupport_fastrtps_c/message_info/msg/detail/field_line_segment__type_support_c.cpp.o[0m
[11.691s] [ 77%] [32mBuilding CXX object CMakeFiles/message_info__rosidl_typesupport_fastrtps_c.dir/rosidl_typesupport_fastrtps_c/message_info/msg/detail/detection_robot__type_support_c.cpp.o[0m
[11.691s] [ 77%] [32mBuilding CXX object CMakeFiles/message_info__rosidl_typesupport_fastrtps_c.dir/rosidl_typesupport_fastrtps_c/message_info/msg/detail/referee_game_event__type_support_c.cpp.o[0m
[12.241s] [ 78%] [32mBuilding CXX object CMakeFiles/message_info__rosidl_typesupport_fastrtps_c.dir/rosidl_typesupport_fastrtps_c/message_info/msg/detail/detection_frame__type_support_c.cpp.o[0m
[12.252s] [ 79%] [32mBuilding CXX object CMakeFiles/message_info__rosidl_typesupport_fastrtps_c.dir/rosidl_typesupport_fastrtps_c/message_info/msg/detail/vision_detections__type_support_c.cpp.o[0m
[12.254s] [ 79%] [32mBuilding CXX object CMakeFiles/message_info__rosidl_typesupport_fastrtps_c.dir/rosidl_typesupport_fastrtps_c/message_info/msg/detail/robot_command__type_support_c.cpp.o[0m
[12.258s] [ 80%] [32mBuilding CXX object CMakeFiles/message_info__rosidl_typesupport_fastrtps_c.dir/rosidl_typesupport_fastrtps_c/message_info/msg/detail/robot_commands__type_support_c.cpp.o[0m
[12.265s] [ 80%] [32mBuilding CXX object CMakeFiles/message_info__rosidl_typesupport_fastrtps_c.dir/rosidl_typesupport_fastrtps_c/message_info/msg/detail/test__type_support_c.cpp.o[0m
[12.269s] [ 81%] [32mBuilding CXX object CMakeFiles/message_info__rosidl_typesupport_fastrtps_c.dir/rosidl_typesupport_fastrtps_c/message_info/msg/detail/ball_info__type_support_c.cpp.o[0m
[12.286s] [ 81%] [32mBuilding CXX object CMakeFiles/message_info__rosidl_typesupport_fastrtps_c.dir/rosidl_typesupport_fastrtps_c/message_info/msg/detail/goal_info__type_support_c.cpp.o[0m
[12.299s] [ 82%] [32mBuilding CXX object CMakeFiles/message_info__rosidl_typesupport_fastrtps_c.dir/rosidl_typesupport_fastrtps_c/message_info/msg/detail/role__type_support_c.cpp.o[0m
[12.816s] [ 83%] [32mBuilding CXX object CMakeFiles/message_info__rosidl_typesupport_fastrtps_c.dir/rosidl_typesupport_fastrtps_c/message_info/msg/detail/attacker__type_support_c.cpp.o[0m
[12.824s] [ 83%] [32mBuilding CXX object CMakeFiles/message_info__rosidl_typesupport_fastrtps_c.dir/rosidl_typesupport_fastrtps_c/message_info/msg/detail/goalie__type_support_c.cpp.o[0m
[12.827s] [ 84%] [32mBuilding CXX object CMakeFiles/message_info__rosidl_typesupport_fastrtps_c.dir/rosidl_typesupport_fastrtps_c/message_info/msg/detail/info__type_support_c.cpp.o[0m
[13.202s] [ 84%] [32m[1mLinking CXX shared library libmessage_info__rosidl_typesupport_fastrtps_c.so[0m
[13.322s] [ 84%] Built target message_info__rosidl_typesupport_fastrtps_c
[13.336s] [35m[1mScanning dependencies of target message_info[0m
[13.353s] [ 84%] Built target message_info
[13.368s] [35m[1mScanning dependencies of target message_info__py[0m
[13.384s] [ 85%] [34m[1mGenerating Python code for ROS interfaces[0m
[16.277s] [ 85%] Built target message_info__py
[16.292s] [35m[1mScanning dependencies of target message_info__python[0m
[16.345s] [ 86%] [32mBuilding C object CMakeFiles/message_info__python.dir/rosidl_generator_py/message_info/msg/_vision_geometry_s.c.o[0m
[16.345s] [ 86%] [32mBuilding C object CMakeFiles/message_info__python.dir/rosidl_generator_py/message_info/msg/_field_circular_arc_s.c.o[0m
[16.348s] [ 86%] [32mBuilding C object CMakeFiles/message_info__python.dir/rosidl_generator_py/message_info/msg/_referee_game_event_s.c.o[0m
[16.349s] [ 87%] [32mBuilding C object CMakeFiles/message_info__python.dir/rosidl_generator_py/message_info/msg/_referee_team_info_s.c.o[0m
[16.350s] [ 88%] [32mBuilding C object CMakeFiles/message_info__python.dir/rosidl_generator_py/message_info/msg/_detection_ball_s.c.o[0m
[16.350s] [ 89%] [32mBuilding C object CMakeFiles/message_info__python.dir/rosidl_generator_py/message_info/msg/_field_line_segment_s.c.o[0m
[16.351s] [ 89%] [32mBuilding C object CMakeFiles/message_info__python.dir/rosidl_generator_py/message_info/msg/_detection_robot_s.c.o[0m
[16.351s] [ 89%] [32mBuilding C object CMakeFiles/message_info__python.dir/rosidl_generator_py/message_info/msg/_referee_s.c.o[0m
[16.477s] [ 90%] [32mBuilding C object CMakeFiles/message_info__python.dir/rosidl_generator_py/message_info/msg/_vision_detections_s.c.o[0m
[16.478s] [ 90%] [32mBuilding C object CMakeFiles/message_info__python.dir/rosidl_generator_py/message_info/msg/_detection_frame_s.c.o[0m
[16.479s] [ 91%] [32mBuilding C object CMakeFiles/message_info__python.dir/rosidl_generator_py/message_info/msg/_robot_command_s.c.o[0m
[16.481s] [ 92%] [32mBuilding C object CMakeFiles/message_info__python.dir/rosidl_generator_py/message_info/msg/_robot_commands_s.c.o[0m
[16.484s] [ 92%] [32mBuilding C object CMakeFiles/message_info__python.dir/rosidl_generator_py/message_info/msg/_test_s.c.o[0m
[16.487s] [ 93%] [32mBuilding C object CMakeFiles/message_info__python.dir/rosidl_generator_py/message_info/msg/_ball_info_s.c.o[0m
[16.489s] [ 93%] [32mBuilding C object CMakeFiles/message_info__python.dir/rosidl_generator_py/message_info/msg/_goal_info_s.c.o[0m
[16.505s] [ 94%] [32mBuilding C object CMakeFiles/message_info__python.dir/rosidl_generator_py/message_info/msg/_role_s.c.o[0m
[16.607s] [ 94%] [32mBuilding C object CMakeFiles/message_info__python.dir/rosidl_generator_py/message_info/msg/_attacker_s.c.o[0m
[16.611s] [ 95%] [32mBuilding C object CMakeFiles/message_info__python.dir/rosidl_generator_py/message_info/msg/_goalie_s.c.o[0m
[16.617s] [ 96%] [32mBuilding C object CMakeFiles/message_info__python.dir/rosidl_generator_py/message_info/msg/_info_s.c.o[0m
[16.722s] [ 96%] [32m[1mLinking C shared library rosidl_generator_py/message_info/libmessage_info__python.so[0m
[16.775s] [ 96%] Built target message_info__python
[16.788s] [35m[1mScanning dependencies of target message_info__rosidl_typesupport_c__pyext[0m
[16.789s] [35m[1mScanning dependencies of target message_info__rosidl_typesupport_introspection_c__pyext[0m
[16.790s] [35m[1mScanning dependencies of target message_info__rosidl_typesupport_fastrtps_c__pyext[0m
[16.810s] [ 97%] [32mBuilding C object CMakeFiles/message_info__rosidl_typesupport_introspection_c__pyext.dir/rosidl_generator_py/message_info/_message_info_s.ep.rosidl_typesupport_introspection_c.c.o[0m
[16.811s] [ 98%] [32mBuilding C object CMakeFiles/message_info__rosidl_typesupport_c__pyext.dir/rosidl_generator_py/message_info/_message_info_s.ep.rosidl_typesupport_c.c.o[0m
[16.819s] [ 99%] [32mBuilding C object CMakeFiles/message_info__rosidl_typesupport_fastrtps_c__pyext.dir/rosidl_generator_py/message_info/_message_info_s.ep.rosidl_typesupport_fastrtps_c.c.o[0m
[16.946s] [ 99%] [32m[1mLinking C shared library rosidl_generator_py/message_info/message_info_s__rosidl_typesupport_c.cpython-38-x86_64-linux-gnu.so[0m
[16.958s] [100%] [32m[1mLinking CXX shared library rosidl_generator_py/message_info/message_info_s__rosidl_typesupport_fastrtps_c.cpython-38-x86_64-linux-gnu.so[0m
[16.958s] [100%] [32m[1mLinking C shared library rosidl_generator_py/message_info/message_info_s__rosidl_typesupport_introspection_c.cpython-38-x86_64-linux-gnu.so[0m
[16.994s] [100%] Built target message_info__rosidl_typesupport_c__pyext
[17.012s] [100%] Built target message_info__rosidl_typesupport_introspection_c__pyext
[17.035s] [100%] Built target message_info__rosidl_typesupport_fastrtps_c__pyext
[17.046s] Invoked command in '/home/rionessl/SSLRasp/build/message_info' returned '0': CMAKE_PREFIX_PATH=${CMAKE_PREFIX_PATH}:/home/rionessl/RiAI/install/real_sender:/opt/ros/foxy /usr/bin/cmake --build /home/rionessl/SSLRasp/build/message_info -- -j8 -l8
[17.333s] Invoking command in '/home/rionessl/SSLRasp/build/message_info': CMAKE_PREFIX_PATH=${CMAKE_PREFIX_PATH}:/home/rionessl/RiAI/install/real_sender:/opt/ros/foxy /usr/bin/cmake --install /home/rionessl/SSLRasp/build/message_info
[17.342s] -- Install configuration: ""
[17.342s] -- Installing: /home/rionessl/SSLRasp/install/message_info/share/ament_index/resource_index/rosidl_interfaces/message_info
[17.343s] -- Installing: /home/rionessl/SSLRasp/install/message_info/include/message_info
[17.343s] -- Installing: /home/rionessl/SSLRasp/install/message_info/include/message_info/msg
[17.343s] -- Installing: /home/rionessl/SSLRasp/install/message_info/include/message_info/msg/info.h
[17.344s] -- Installing: /home/rionessl/SSLRasp/install/message_info/include/message_info/msg/vision_detections.h
[17.344s] -- Installing: /home/rionessl/SSLRasp/install/message_info/include/message_info/msg/field_line_segment.h
[17.344s] -- Installing: /home/rionessl/SSLRasp/install/message_info/include/message_info/msg/detail
[17.345s] -- Installing: /home/rionessl/SSLRasp/install/message_info/include/message_info/msg/detail/vision_detections__struct.h
[17.345s] -- Installing: /home/rionessl/SSLRasp/install/message_info/include/message_info/msg/detail/robot_commands__struct.h
[17.345s] -- Installing: /home/rionessl/SSLRasp/install/message_info/include/message_info/msg/detail/goal_info__functions.h
[17.346s] -- Installing: /home/rionessl/SSLRasp/install/message_info/include/message_info/msg/detail/test__struct.h
[17.346s] -- Installing: /home/rionessl/SSLRasp/install/message_info/include/message_info/msg/detail/detection_ball__type_support.h
[17.346s] -- Installing: /home/rionessl/SSLRasp/install/message_info/include/message_info/msg/detail/detection_robot__type_support.h
[17.346s] -- Installing: /home/rionessl/SSLRasp/install/message_info/include/message_info/msg/detail/goalie__functions.c
[17.347s] -- Installing: /home/rionessl/SSLRasp/install/message_info/include/message_info/msg/detail/goalie__struct.h
[17.347s] -- Installing: /home/rionessl/SSLRasp/install/message_info/include/message_info/msg/detail/attacker__functions.h
[17.347s] -- Installing: /home/rionessl/SSLRasp/install/message_info/include/message_info/msg/detail/detection_robot__functions.h
[17.347s] -- Installing: /home/rionessl/SSLRasp/install/message_info/include/message_info/msg/detail/referee_team_info__functions.h
[17.348s] -- Installing: /home/rionessl/SSLRasp/install/message_info/include/message_info/msg/detail/role__functions.h
[17.348s] -- Installing: /home/rionessl/SSLRasp/install/message_info/include/message_info/msg/detail/referee_team_info__functions.c
[17.348s] -- Installing: /home/rionessl/SSLRasp/install/message_info/include/message_info/msg/detail/field_circular_arc__functions.c
[17.348s] -- Installing: /home/rionessl/SSLRasp/install/message_info/include/message_info/msg/detail/goalie__type_support.h
[17.349s] -- Installing: /home/rionessl/SSLRasp/install/message_info/include/message_info/msg/detail/vision_geometry__functions.c
[17.349s] -- Installing: /home/rionessl/SSLRasp/install/message_info/include/message_info/msg/detail/field_circular_arc__struct.h
[17.349s] -- Installing: /home/rionessl/SSLRasp/install/message_info/include/message_info/msg/detail/field_circular_arc__type_support.h
[17.349s] -- Installing: /home/rionessl/SSLRasp/install/message_info/include/message_info/msg/detail/field_line_segment__struct.h
[17.349s] -- Installing: /home/rionessl/SSLRasp/install/message_info/include/message_info/msg/detail/ball_info__functions.h
[17.350s] -- Installing: /home/rionessl/SSLRasp/install/message_info/include/message_info/msg/detail/detection_frame__functions.h
[17.350s] -- Installing: /home/rionessl/SSLRasp/install/message_info/include/message_info/msg/detail/test__type_support.h
[17.350s] -- Installing: /home/rionessl/SSLRasp/install/message_info/include/message_info/msg/detail/robot_command__functions.h
[17.350s] -- Installing: /home/rionessl/SSLRasp/install/message_info/include/message_info/msg/detail/detection_robot__struct.h
[17.351s] -- Installing: /home/rionessl/SSLRasp/install/message_info/include/message_info/msg/detail/detection_ball__struct.h
[17.351s] -- Installing: /home/rionessl/SSLRasp/install/message_info/include/message_info/msg/detail/role__struct.h
[17.351s] -- Installing: /home/rionessl/SSLRasp/install/message_info/include/message_info/msg/detail/vision_geometry__functions.h
[17.351s] -- Installing: /home/rionessl/SSLRasp/install/message_info/include/message_info/msg/detail/field_line_segment__type_support.h
[17.351s] -- Installing: /home/rionessl/SSLRasp/install/message_info/include/message_info/msg/detail/referee_game_event__struct.h
[17.351s] -- Installing: /home/rionessl/SSLRasp/install/message_info/include/message_info/msg/detail/detection_ball__functions.h
[17.351s] -- Installing: /home/rionessl/SSLRasp/install/message_info/include/message_info/msg/detail/referee__functions.h
[17.351s] -- Installing: /home/rionessl/SSLRasp/install/message_info/include/message_info/msg/detail/field_circular_arc__functions.h
[17.352s] -- Installing: /home/rionessl/SSLRasp/install/message_info/include/message_info/msg/detail/attacker__struct.h
[17.352s] -- Installing: /home/rionessl/SSLRasp/install/message_info/include/message_info/msg/detail/detection_robot__functions.c
[17.352s] -- Installing: /home/rionessl/SSLRasp/install/message_info/include/message_info/msg/detail/info__functions.h
[17.352s] -- Installing: /home/rionessl/SSLRasp/install/message_info/include/message_info/msg/detail/referee_game_event__functions.c
[17.352s] -- Installing: /home/rionessl/SSLRasp/install/message_info/include/message_info/msg/detail/attacker__functions.c
[17.352s] -- Installing: /home/rionessl/SSLRasp/install/message_info/include/message_info/msg/detail/info__struct.h
[17.352s] -- Installing: /home/rionessl/SSLRasp/install/message_info/include/message_info/msg/detail/vision_detections__functions.c
[17.352s] -- Installing: /home/rionessl/SSLRasp/install/message_info/include/message_info/msg/detail/field_line_segment__functions.c
[17.352s] -- Installing: /home/rionessl/SSLRasp/install/message_info/include/message_info/msg/detail/attacker__type_support.h
[17.352s] -- Installing: /home/rionessl/SSLRasp/install/message_info/include/message_info/msg/detail/role__functions.c
[17.352s] -- Installing: /home/rionessl/SSLRasp/install/message_info/include/message_info/msg/detail/goal_info__struct.h
[17.353s] -- Installing: /home/rionessl/SSLRasp/install/message_info/include/message_info/msg/detail/info__type_support.h
[17.353s] -- Installing: /home/rionessl/SSLRasp/install/message_info/include/message_info/msg/detail/referee_game_event__type_support.h
[17.353s] -- Installing: /home/rionessl/SSLRasp/install/message_info/include/message_info/msg/detail/ball_info__struct.h
[17.353s] -- Installing: /home/rionessl/SSLRasp/install/message_info/include/message_info/msg/detail/referee_game_event__functions.h
[17.353s] -- Installing: /home/rionessl/SSLRasp/install/message_info/include/message_info/msg/detail/detection_ball__functions.c
[17.353s] -- Installing: /home/rionessl/SSLRasp/install/message_info/include/message_info/msg/detail/robot_command__type_support.h
[17.353s] -- Installing: /home/rionessl/SSLRasp/install/message_info/include/message_info/msg/detail/vision_detections__type_support.h
[17.353s] -- Installing: /home/rionessl/SSLRasp/install/message_info/include/message_info/msg/detail/goal_info__type_support.h
[17.353s] -- Installing: /home/rionessl/SSLRasp/install/message_info/include/message_info/msg/detail/robot_commands__type_support.h
[17.353s] -- Installing: /home/rionessl/SSLRasp/install/message_info/include/message_info/msg/detail/detection_frame__type_support.h
[17.354s] -- Installing: /home/rionessl/SSLRasp/install/message_info/include/message_info/msg/detail/role__type_support.h
[17.354s] -- Installing: /home/rionessl/SSLRasp/install/message_info/include/message_info/msg/detail/detection_frame__functions.c
[17.354s] -- Installing: /home/rionessl/SSLRasp/install/message_info/include/message_info/msg/detail/referee__type_support.h
[17.354s] -- Installing: /home/rionessl/SSLRasp/install/message_info/include/message_info/msg/detail/test__functions.c
[17.354s] -- Installing: /home/rionessl/SSLRasp/install/message_info/include/message_info/msg/detail/vision_detections__functions.h
[17.354s] -- Installing: /home/rionessl/SSLRasp/install/message_info/include/message_info/msg/detail/goalie__functions.h
[17.354s] -- Installing: /home/rionessl/SSLRasp/install/message_info/include/message_info/msg/detail/robot_command__struct.h
[17.354s] -- Installing: /home/rionessl/SSLRasp/install/message_info/include/message_info/msg/detail/field_line_segment__functions.h
[17.354s] -- Installing: /home/rionessl/SSLRasp/install/message_info/include/message_info/msg/detail/referee__struct.h
[17.354s] -- Installing: /home/rionessl/SSLRasp/install/message_info/include/message_info/msg/detail/referee_team_info__struct.h
[17.354s] -- Installing: /home/rionessl/SSLRasp/install/message_info/include/message_info/msg/detail/ball_info__functions.c
[17.354s] -- Installing: /home/rionessl/SSLRasp/install/message_info/include/message_info/msg/detail/referee__functions.c
[17.354s] -- Installing: /home/rionessl/SSLRasp/install/message_info/include/message_info/msg/detail/detection_frame__struct.h
[17.355s] -- Installing: /home/rionessl/SSLRasp/install/message_info/include/message_info/msg/detail/robot_command__functions.c
[17.355s] -- Installing: /home/rionessl/SSLRasp/install/message_info/include/message_info/msg/detail/test__functions.h
[17.355s] -- Installing: /home/rionessl/SSLRasp/install/message_info/include/message_info/msg/detail/info__functions.c
[17.355s] -- Installing: /home/rionessl/SSLRasp/install/message_info/include/message_info/msg/detail/goal_info__functions.c
[17.355s] -- Installing: /home/rionessl/SSLRasp/install/message_info/include/message_info/msg/detail/vision_geometry__type_support.h
[17.355s] -- Installing: /home/rionessl/SSLRasp/install/message_info/include/message_info/msg/detail/robot_commands__functions.h
[17.355s] -- Installing: /home/rionessl/SSLRasp/install/message_info/include/message_info/msg/detail/robot_commands__functions.c
[17.355s] -- Installing: /home/rionessl/SSLRasp/install/message_info/include/message_info/msg/detail/vision_geometry__struct.h
[17.355s] -- Installing: /home/rionessl/SSLRasp/install/message_info/include/message_info/msg/detail/ball_info__type_support.h
[17.355s] -- Installing: /home/rionessl/SSLRasp/install/message_info/include/message_info/msg/detail/referee_team_info__type_support.h
[17.356s] -- Installing: /home/rionessl/SSLRasp/install/message_info/include/message_info/msg/robot_commands.h
[17.356s] -- Installing: /home/rionessl/SSLRasp/install/message_info/include/message_info/msg/detection_robot.h
[17.356s] -- Installing: /home/rionessl/SSLRasp/install/message_info/include/message_info/msg/goalie.h
[17.356s] -- Installing: /home/rionessl/SSLRasp/install/message_info/include/message_info/msg/test.h
[17.356s] -- Installing: /home/rionessl/SSLRasp/install/message_info/include/message_info/msg/detection_ball.h
[17.356s] -- Installing: /home/rionessl/SSLRasp/install/message_info/include/message_info/msg/detection_frame.h
[17.356s] -- Installing: /home/rionessl/SSLRasp/install/message_info/include/message_info/msg/role.h
[17.356s] -- Installing: /home/rionessl/SSLRasp/install/message_info/include/message_info/msg/rosidl_generator_c__visibility_control.h
[17.356s] -- Installing: /home/rionessl/SSLRasp/install/message_info/include/message_info/msg/ball_info.h
[17.356s] -- Installing: /home/rionessl/SSLRasp/install/message_info/include/message_info/msg/referee_team_info.h
[17.357s] -- Installing: /home/rionessl/SSLRasp/install/message_info/include/message_info/msg/field_circular_arc.h
[17.357s] -- Installing: /home/rionessl/SSLRasp/install/message_info/include/message_info/msg/attacker.h
[17.357s] -- Installing: /home/rionessl/SSLRasp/install/message_info/include/message_info/msg/robot_command.h
[17.357s] -- Installing: /home/rionessl/SSLRasp/install/message_info/include/message_info/msg/referee.h
[17.357s] -- Installing: /home/rionessl/SSLRasp/install/message_info/include/message_info/msg/referee_game_event.h
[17.357s] -- Installing: /home/rionessl/SSLRasp/install/message_info/include/message_info/msg/vision_geometry.h
[17.357s] -- Installing: /home/rionessl/SSLRasp/install/message_info/include/message_info/msg/goal_info.h
[17.357s] -- Installing: /home/rionessl/SSLRasp/install/message_info/share/message_info/environment/library_path.sh
[17.357s] -- Installing: /home/rionessl/SSLRasp/install/message_info/share/message_info/environment/library_path.dsv
[17.357s] -- Installing: /home/rionessl/SSLRasp/install/message_info/lib/libmessage_info__rosidl_generator_c.so
[17.357s] -- Set runtime path of "/home/rionessl/SSLRasp/install/message_info/lib/libmessage_info__rosidl_generator_c.so" to ""
[17.358s] -- Up-to-date: /home/rionessl/SSLRasp/install/message_info/include/message_info
[17.358s] -- Up-to-date: /home/rionessl/SSLRasp/install/message_info/include/message_info/msg
[17.358s] -- Up-to-date: /home/rionessl/SSLRasp/install/message_info/include/message_info/msg/detail
[17.358s] -- Installing: /home/rionessl/SSLRasp/install/message_info/include/message_info/msg/detail/detection_robot__rosidl_typesupport_fastrtps_c.h
[17.358s] -- Installing: /home/rionessl/SSLRasp/install/message_info/include/message_info/msg/detail/goal_info__rosidl_typesupport_fastrtps_c.h
[17.358s] -- Installing: /home/rionessl/SSLRasp/install/message_info/include/message_info/msg/detail/vision_geometry__rosidl_typesupport_fastrtps_c.h
[17.358s] -- Installing: /home/rionessl/SSLRasp/install/message_info/include/message_info/msg/detail/vision_detections__rosidl_typesupport_fastrtps_c.h
[17.358s] -- Installing: /home/rionessl/SSLRasp/install/message_info/include/message_info/msg/detail/detection_ball__rosidl_typesupport_fastrtps_c.h
[17.358s] -- Installing: /home/rionessl/SSLRasp/install/message_info/include/message_info/msg/detail/test__rosidl_typesupport_fastrtps_c.h
[17.358s] -- Installing: /home/rionessl/SSLRasp/install/message_info/include/message_info/msg/detail/referee__rosidl_typesupport_fastrtps_c.h
[17.358s] -- Installing: /home/rionessl/SSLRasp/install/message_info/include/message_info/msg/detail/ball_info__rosidl_typesupport_fastrtps_c.h
[17.358s] -- Installing: /home/rionessl/SSLRasp/install/message_info/include/message_info/msg/detail/attacker__rosidl_typesupport_fastrtps_c.h
[17.359s] -- Installing: /home/rionessl/SSLRasp/install/message_info/include/message_info/msg/detail/goalie__rosidl_typesupport_fastrtps_c.h
[17.359s] -- Installing: /home/rionessl/SSLRasp/install/message_info/include/message_info/msg/detail/field_circular_arc__rosidl_typesupport_fastrtps_c.h
[17.359s] -- Installing: /home/rionessl/SSLRasp/install/message_info/include/message_info/msg/detail/robot_commands__rosidl_typesupport_fastrtps_c.h
[17.359s] -- Installing: /home/rionessl/SSLRasp/install/message_info/include/message_info/msg/detail/robot_command__rosidl_typesupport_fastrtps_c.h
[17.359s] -- Installing: /home/rionessl/SSLRasp/install/message_info/include/message_info/msg/detail/detection_frame__rosidl_typesupport_fastrtps_c.h
[17.359s] -- Installing: /home/rionessl/SSLRasp/install/message_info/include/message_info/msg/detail/info__rosidl_typesupport_fastrtps_c.h
[17.359s] -- Installing: /home/rionessl/SSLRasp/install/message_info/include/message_info/msg/detail/role__rosidl_typesupport_fastrtps_c.h
[17.359s] -- Installing: /home/rionessl/SSLRasp/install/message_info/include/message_info/msg/detail/referee_game_event__rosidl_typesupport_fastrtps_c.h
[17.359s] -- Installing: /home/rionessl/SSLRasp/install/message_info/include/message_info/msg/detail/referee_team_info__rosidl_typesupport_fastrtps_c.h
[17.359s] -- Installing: /home/rionessl/SSLRasp/install/message_info/include/message_info/msg/detail/field_line_segment__rosidl_typesupport_fastrtps_c.h
[17.360s] -- Installing: /home/rionessl/SSLRasp/install/message_info/include/message_info/msg/rosidl_typesupport_fastrtps_c__visibility_control.h
[17.360s] -- Installing: /home/rionessl/SSLRasp/install/message_info/lib/libmessage_info__rosidl_typesupport_fastrtps_c.so
[17.360s] -- Set runtime path of "/home/rionessl/SSLRasp/install/message_info/lib/libmessage_info__rosidl_typesupport_fastrtps_c.so" to ""
[17.360s] -- Up-to-date: /home/rionessl/SSLRasp/install/message_info/include/message_info
[17.360s] -- Up-to-date: /home/rionessl/SSLRasp/install/message_info/include/message_info/msg
[17.360s] -- Up-to-date: /home/rionessl/SSLRasp/install/message_info/include/message_info/msg/detail
[17.360s] -- Installing: /home/rionessl/SSLRasp/install/message_info/include/message_info/msg/detail/goalie__rosidl_typesupport_fastrtps_cpp.hpp
[17.360s] -- Installing: /home/rionessl/SSLRasp/install/message_info/include/message_info/msg/detail/referee_game_event__rosidl_typesupport_fastrtps_cpp.hpp
[17.360s] -- Installing: /home/rionessl/SSLRasp/install/message_info/include/message_info/msg/detail/goal_info__rosidl_typesupport_fastrtps_cpp.hpp
[17.360s] -- Installing: /home/rionessl/SSLRasp/install/message_info/include/message_info/msg/detail/detection_frame__rosidl_typesupport_fastrtps_cpp.hpp
[17.361s] -- Installing: /home/rionessl/SSLRasp/install/message_info/include/message_info/msg/detail/referee_team_info__rosidl_typesupport_fastrtps_cpp.hpp
[17.361s] -- Installing: /home/rionessl/SSLRasp/install/message_info/include/message_info/msg/detail/role__rosidl_typesupport_fastrtps_cpp.hpp
[17.361s] -- Installing: /home/rionessl/SSLRasp/install/message_info/include/message_info/msg/detail/robot_command__rosidl_typesupport_fastrtps_cpp.hpp
[17.361s] -- Installing: /home/rionessl/SSLRasp/install/message_info/include/message_info/msg/detail/field_circular_arc__rosidl_typesupport_fastrtps_cpp.hpp
[17.361s] -- Installing: /home/rionessl/SSLRasp/install/message_info/include/message_info/msg/detail/test__rosidl_typesupport_fastrtps_cpp.hpp
[17.361s] -- Installing: /home/rionessl/SSLRasp/install/message_info/include/message_info/msg/detail/referee__rosidl_typesupport_fastrtps_cpp.hpp
[17.361s] -- Installing: /home/rionessl/SSLRasp/install/message_info/include/message_info/msg/detail/dds_fastrtps
[17.361s] -- Installing: /home/rionessl/SSLRasp/install/message_info/include/message_info/msg/detail/vision_geometry__rosidl_typesupport_fastrtps_cpp.hpp
[17.361s] -- Installing: /home/rionessl/SSLRasp/install/message_info/include/message_info/msg/detail/field_line_segment__rosidl_typesupport_fastrtps_cpp.hpp
[17.361s] -- Installing: /home/rionessl/SSLRasp/install/message_info/include/message_info/msg/detail/ball_info__rosidl_typesupport_fastrtps_cpp.hpp
[17.362s] -- Installing: /home/rionessl/SSLRasp/install/message_info/include/message_info/msg/detail/robot_commands__rosidl_typesupport_fastrtps_cpp.hpp
[17.362s] -- Installing: /home/rionessl/SSLRasp/install/message_info/include/message_info/msg/detail/info__rosidl_typesupport_fastrtps_cpp.hpp
[17.362s] -- Installing: /home/rionessl/SSLRasp/install/message_info/include/message_info/msg/detail/attacker__rosidl_typesupport_fastrtps_cpp.hpp
[17.362s] -- Installing: /home/rionessl/SSLRasp/install/message_info/include/message_info/msg/detail/detection_ball__rosidl_typesupport_fastrtps_cpp.hpp
[17.362s] -- Installing: /home/rionessl/SSLRasp/install/message_info/include/message_info/msg/detail/detection_robot__rosidl_typesupport_fastrtps_cpp.hpp
[17.362s] -- Installing: /home/rionessl/SSLRasp/install/message_info/include/message_info/msg/detail/vision_detections__rosidl_typesupport_fastrtps_cpp.hpp
[17.362s] -- Installing: /home/rionessl/SSLRasp/install/message_info/include/message_info/msg/rosidl_typesupport_fastrtps_cpp__visibility_control.h
[17.362s] -- Installing: /home/rionessl/SSLRasp/install/message_info/lib/libmessage_info__rosidl_typesupport_fastrtps_cpp.so
[17.363s] -- Set runtime path of "/home/rionessl/SSLRasp/install/message_info/lib/libmessage_info__rosidl_typesupport_fastrtps_cpp.so" to ""
[17.363s] -- Up-to-date: /home/rionessl/SSLRasp/install/message_info/include/message_info
[17.363s] -- Up-to-date: /home/rionessl/SSLRasp/install/message_info/include/message_info/msg
[17.363s] -- Up-to-date: /home/rionessl/SSLRasp/install/message_info/include/message_info/msg/detail
[17.363s] -- Installing: /home/rionessl/SSLRasp/install/message_info/include/message_info/msg/detail/robot_commands__rosidl_typesupport_introspection_c.h
[17.363s] -- Installing: /home/rionessl/SSLRasp/install/message_info/include/message_info/msg/detail/vision_detections__type_support.c
[17.363s] -- Installing: /home/rionessl/SSLRasp/install/message_info/include/message_info/msg/detail/field_circular_arc__type_support.c
[17.363s] -- Installing: /home/rionessl/SSLRasp/install/message_info/include/message_info/msg/detail/attacker__type_support.c
[17.363s] -- Installing: /home/rionessl/SSLRasp/install/message_info/include/message_info/msg/detail/vision_geometry__type_support.c
[17.363s] -- Installing: /home/rionessl/SSLRasp/install/message_info/include/message_info/msg/detail/goalie__rosidl_typesupport_introspection_c.h
[17.364s] -- Installing: /home/rionessl/SSLRasp/install/message_info/include/message_info/msg/detail/detection_ball__rosidl_typesupport_introspection_c.h
[17.364s] -- Installing: /home/rionessl/SSLRasp/install/message_info/include/message_info/msg/detail/referee_game_event__rosidl_typesupport_introspection_c.h
[17.364s] -- Installing: /home/rionessl/SSLRasp/install/message_info/include/message_info/msg/detail/referee_game_event__type_support.c
[17.364s] -- Installing: /home/rionessl/SSLRasp/install/message_info/include/message_info/msg/detail/goalie__type_support.c
[17.364s] -- Installing: /home/rionessl/SSLRasp/install/message_info/include/message_info/msg/detail/vision_detections__rosidl_typesupport_introspection_c.h
[17.364s] -- Installing: /home/rionessl/SSLRasp/install/message_info/include/message_info/msg/detail/ball_info__type_support.c
[17.364s] -- Installing: /home/rionessl/SSLRasp/install/message_info/include/message_info/msg/detail/detection_frame__rosidl_typesupport_introspection_c.h
[17.364s] -- Installing: /home/rionessl/SSLRasp/install/message_info/include/message_info/msg/detail/field_line_segment__rosidl_typesupport_introspection_c.h
[17.364s] -- Installing: /home/rionessl/SSLRasp/install/message_info/include/message_info/msg/detail/detection_frame__type_support.c
[17.365s] -- Installing: /home/rionessl/SSLRasp/install/message_info/include/message_info/msg/detail/info__type_support.c
[17.365s] -- Installing: /home/rionessl/SSLRasp/install/message_info/include/message_info/msg/detail/detection_robot__rosidl_typesupport_introspection_c.h
[17.365s] -- Installing: /home/rionessl/SSLRasp/install/message_info/include/message_info/msg/detail/robot_commands__type_support.c
[17.365s] -- Installing: /home/rionessl/SSLRasp/install/message_info/include/message_info/msg/detail/role__rosidl_typesupport_introspection_c.h
[17.365s] -- Installing: /home/rionessl/SSLRasp/install/message_info/include/message_info/msg/detail/detection_ball__type_support.c
[17.365s] -- Installing: /home/rionessl/SSLRasp/install/message_info/include/message_info/msg/detail/ball_info__rosidl_typesupport_introspection_c.h
[17.365s] -- Installing: /home/rionessl/SSLRasp/install/message_info/include/message_info/msg/detail/attacker__rosidl_typesupport_introspection_c.h
[17.365s] -- Installing: /home/rionessl/SSLRasp/install/message_info/include/message_info/msg/detail/detection_robot__type_support.c
[17.365s] -- Installing: /home/rionessl/SSLRasp/install/message_info/include/message_info/msg/detail/robot_command__type_support.c
[17.366s] -- Installing: /home/rionessl/SSLRasp/install/message_info/include/message_info/msg/detail/role__type_support.c
[17.366s] -- Installing: /home/rionessl/SSLRasp/install/message_info/include/message_info/msg/detail/vision_geometry__rosidl_typesupport_introspection_c.h
[17.366s] -- Installing: /home/rionessl/SSLRasp/install/message_info/include/message_info/msg/detail/test__rosidl_typesupport_introspection_c.h
[17.366s] -- Installing: /home/rionessl/SSLRasp/install/message_info/include/message_info/msg/detail/info__rosidl_typesupport_introspection_c.h
[17.366s] -- Installing: /home/rionessl/SSLRasp/install/message_info/include/message_info/msg/detail/robot_command__rosidl_typesupport_introspection_c.h
[17.366s] -- Installing: /home/rionessl/SSLRasp/install/message_info/include/message_info/msg/detail/field_line_segment__type_support.c
[17.366s] -- Installing: /home/rionessl/SSLRasp/install/message_info/include/message_info/msg/detail/referee_team_info__type_support.c
[17.366s] -- Installing: /home/rionessl/SSLRasp/install/message_info/include/message_info/msg/detail/test__type_support.c
[17.366s] -- Installing: /home/rionessl/SSLRasp/install/message_info/include/message_info/msg/detail/referee__type_support.c
[17.367s] -- Installing: /home/rionessl/SSLRasp/install/message_info/include/message_info/msg/detail/goal_info__type_support.c
[17.367s] -- Installing: /home/rionessl/SSLRasp/install/message_info/include/message_info/msg/detail/referee_team_info__rosidl_typesupport_introspection_c.h
[17.367s] -- Installing: /home/rionessl/SSLRasp/install/message_info/include/message_info/msg/detail/field_circular_arc__rosidl_typesupport_introspection_c.h
[17.367s] -- Installing: /home/rionessl/SSLRasp/install/message_info/include/message_info/msg/detail/goal_info__rosidl_typesupport_introspection_c.h
[17.367s] -- Installing: /home/rionessl/SSLRasp/install/message_info/include/message_info/msg/detail/referee__rosidl_typesupport_introspection_c.h
[17.367s] -- Installing: /home/rionessl/SSLRasp/install/message_info/include/message_info/msg/rosidl_typesupport_introspection_c__visibility_control.h
[17.367s] -- Installing: /home/rionessl/SSLRasp/install/message_info/lib/libmessage_info__rosidl_typesupport_introspection_c.so
[17.367s] -- Set runtime path of "/home/rionessl/SSLRasp/install/message_info/lib/libmessage_info__rosidl_typesupport_introspection_c.so" to ""
[17.367s] -- Installing: /home/rionessl/SSLRasp/install/message_info/lib/libmessage_info__rosidl_typesupport_c.so
[17.368s] -- Set runtime path of "/home/rionessl/SSLRasp/install/message_info/lib/libmessage_info__rosidl_typesupport_c.so" to ""
[17.368s] -- Up-to-date: /home/rionessl/SSLRasp/install/message_info/include/message_info
[17.368s] -- Up-to-date: /home/rionessl/SSLRasp/install/message_info/include/message_info/msg
[17.368s] -- Installing: /home/rionessl/SSLRasp/install/message_info/include/message_info/msg/attacker.hpp
[17.368s] -- Installing: /home/rionessl/SSLRasp/install/message_info/include/message_info/msg/detection_robot.hpp
[17.368s] -- Installing: /home/rionessl/SSLRasp/install/message_info/include/message_info/msg/vision_geometry.hpp
[17.368s] -- Installing: /home/rionessl/SSLRasp/install/message_info/include/message_info/msg/ball_info.hpp
[17.368s] -- Installing: /home/rionessl/SSLRasp/install/message_info/include/message_info/msg/detection_frame.hpp
[17.368s] -- Installing: /home/rionessl/SSLRasp/install/message_info/include/message_info/msg/goal_info.hpp
[17.368s] -- Installing: /home/rionessl/SSLRasp/install/message_info/include/message_info/msg/goalie.hpp
[17.368s] -- Installing: /home/rionessl/SSLRasp/install/message_info/include/message_info/msg/robot_commands.hpp
[17.368s] -- Installing: /home/rionessl/SSLRasp/install/message_info/include/message_info/msg/robot_command.hpp
[17.368s] -- Installing: /home/rionessl/SSLRasp/install/message_info/include/message_info/msg/referee_team_info.hpp
[17.369s] -- Installing: /home/rionessl/SSLRasp/install/message_info/include/message_info/msg/referee.hpp
[17.369s] -- Up-to-date: /home/rionessl/SSLRasp/install/message_info/include/message_info/msg/detail
[17.369s] -- Installing: /home/rionessl/SSLRasp/install/message_info/include/message_info/msg/detail/info__struct.hpp
[17.369s] -- Installing: /home/rionessl/SSLRasp/install/message_info/include/message_info/msg/detail/referee_team_info__traits.hpp
[17.369s] -- Installing: /home/rionessl/SSLRasp/install/message_info/include/message_info/msg/detail/role__traits.hpp
[17.369s] -- Installing: /home/rionessl/SSLRasp/install/message_info/include/message_info/msg/detail/detection_robot__traits.hpp
[17.369s] -- Installing: /home/rionessl/SSLRasp/install/message_info/include/message_info/msg/detail/field_circular_arc__struct.hpp
[17.369s] -- Installing: /home/rionessl/SSLRasp/install/message_info/include/message_info/msg/detail/vision_geometry__traits.hpp
[17.369s] -- Installing: /home/rionessl/SSLRasp/install/message_info/include/message_info/msg/detail/detection_ball__struct.hpp
[17.369s] -- Installing: /home/rionessl/SSLRasp/install/message_info/include/message_info/msg/detail/field_circular_arc__builder.hpp
[17.369s] -- Installing: /home/rionessl/SSLRasp/install/message_info/include/message_info/msg/detail/robot_commands__builder.hpp
[17.369s] -- Installing: /home/rionessl/SSLRasp/install/message_info/include/message_info/msg/detail/referee__struct.hpp
[17.370s] -- Installing: /home/rionessl/SSLRasp/install/message_info/include/message_info/msg/detail/field_line_segment__struct.hpp
[17.370s] -- Installing: /home/rionessl/SSLRasp/install/message_info/include/message_info/msg/detail/vision_geometry__builder.hpp
[17.370s] -- Installing: /home/rionessl/SSLRasp/install/message_info/include/message_info/msg/detail/test__builder.hpp
[17.370s] -- Installing: /home/rionessl/SSLRasp/install/message_info/include/message_info/msg/detail/vision_detections__traits.hpp
[17.370s] -- Installing: /home/rionessl/SSLRasp/install/message_info/include/message_info/msg/detail/ball_info__struct.hpp
[17.370s] -- Installing: /home/rionessl/SSLRasp/install/message_info/include/message_info/msg/detail/robot_command__struct.hpp
[17.370s] -- Installing: /home/rionessl/SSLRasp/install/message_info/include/message_info/msg/detail/ball_info__traits.hpp
[17.370s] -- Installing: /home/rionessl/SSLRasp/install/message_info/include/message_info/msg/detail/goalie__builder.hpp
[17.370s] -- Installing: /home/rionessl/SSLRasp/install/message_info/include/message_info/msg/detail/referee_game_event__builder.hpp
[17.370s] -- Installing: /home/rionessl/SSLRasp/install/message_info/include/message_info/msg/detail/referee__builder.hpp
[17.370s] -- Installing: /home/rionessl/SSLRasp/install/message_info/include/message_info/msg/detail/detection_frame__builder.hpp
[17.370s] -- Installing: /home/rionessl/SSLRasp/install/message_info/include/message_info/msg/detail/attacker__struct.hpp
[17.370s] -- Installing: /home/rionessl/SSLRasp/install/message_info/include/message_info/msg/detail/vision_detections__struct.hpp
[17.370s] -- Installing: /home/rionessl/SSLRasp/install/message_info/include/message_info/msg/detail/referee_game_event__struct.hpp
[17.370s] -- Installing: /home/rionessl/SSLRasp/install/message_info/include/message_info/msg/detail/robot_command__builder.hpp
[17.371s] -- Installing: /home/rionessl/SSLRasp/install/message_info/include/message_info/msg/detail/goal_info__struct.hpp
[17.371s] -- Installing: /home/rionessl/SSLRasp/install/message_info/include/message_info/msg/detail/test__struct.hpp
[17.371s] -- Installing: /home/rionessl/SSLRasp/install/message_info/include/message_info/msg/detail/field_line_segment__builder.hpp
[17.371s] -- Installing: /home/rionessl/SSLRasp/install/message_info/include/message_info/msg/detail/vision_detections__builder.hpp
[17.371s] -- Installing: /home/rionessl/SSLRasp/install/message_info/include/message_info/msg/detail/detection_ball__traits.hpp
[17.371s] -- Installing: /home/rionessl/SSLRasp/install/message_info/include/message_info/msg/detail/test__traits.hpp
[17.371s] -- Installing: /home/rionessl/SSLRasp/install/message_info/include/message_info/msg/detail/field_circular_arc__traits.hpp
[17.371s] -- Installing: /home/rionessl/SSLRasp/install/message_info/include/message_info/msg/detail/referee_team_info__builder.hpp
[17.371s] -- Installing: /home/rionessl/SSLRasp/install/message_info/include/message_info/msg/detail/goal_info__builder.hpp
[17.371s] -- Installing: /home/rionessl/SSLRasp/install/message_info/include/message_info/msg/detail/info__builder.hpp
[17.371s] -- Installing: /home/rionessl/SSLRasp/install/message_info/include/message_info/msg/detail/role__builder.hpp
[17.371s] -- Installing: /home/rionessl/SSLRasp/install/message_info/include/message_info/msg/detail/goal_info__traits.hpp
[17.371s] -- Installing: /home/rionessl/SSLRasp/install/message_info/include/message_info/msg/detail/robot_command__traits.hpp
[17.371s] -- Installing: /home/rionessl/SSLRasp/install/message_info/include/message_info/msg/detail/goalie__traits.hpp
[17.372s] -- Installing: /home/rionessl/SSLRasp/install/message_info/include/message_info/msg/detail/detection_frame__traits.hpp
[17.372s] -- Installing: /home/rionessl/SSLRasp/install/message_info/include/message_info/msg/detail/info__traits.hpp
[17.372s] -- Installing: /home/rionessl/SSLRasp/install/message_info/include/message_info/msg/detail/role__struct.hpp
[17.372s] -- Installing: /home/rionessl/SSLRasp/install/message_info/include/message_info/msg/detail/referee__traits.hpp
[17.372s] -- Installing: /home/rionessl/SSLRasp/install/message_info/include/message_info/msg/detail/field_line_segment__traits.hpp
[17.372s] -- Installing: /home/rionessl/SSLRasp/install/message_info/include/message_info/msg/detail/robot_commands__struct.hpp
[17.372s] -- Installing: /home/rionessl/SSLRasp/install/message_info/include/message_info/msg/detail/attacker__traits.hpp
[17.372s] -- Installing: /home/rionessl/SSLRasp/install/message_info/include/message_info/msg/detail/attacker__builder.hpp
[17.372s] -- Installing: /home/rionessl/SSLRasp/install/message_info/include/message_info/msg/detail/detection_robot__builder.hpp
[17.372s] -- Installing: /home/rionessl/SSLRasp/install/message_info/include/message_info/msg/detail/referee_game_event__traits.hpp
[17.372s] -- Installing: /home/rionessl/SSLRasp/install/message_info/include/message_info/msg/detail/detection_robot__struct.hpp
[17.372s] -- Installing: /home/rionessl/SSLRasp/install/message_info/include/message_info/msg/detail/detection_ball__builder.hpp
[17.372s] -- Installing: /home/rionessl/SSLRasp/install/message_info/include/message_info/msg/detail/referee_team_info__struct.hpp
[17.372s] -- Installing: /home/rionessl/SSLRasp/install/message_info/include/message_info/msg/detail/ball_info__builder.hpp
[17.373s] -- Installing: /home/rionessl/SSLRasp/install/message_info/include/message_info/msg/detail/robot_commands__traits.hpp
[17.373s] -- Installing: /home/rionessl/SSLRasp/install/message_info/include/message_info/msg/detail/goalie__struct.hpp
[17.373s] -- Installing: /home/rionessl/SSLRasp/install/message_info/include/message_info/msg/detail/vision_geometry__struct.hpp
[17.373s] -- Installing: /home/rionessl/SSLRasp/install/message_info/include/message_info/msg/detail/detection_frame__struct.hpp
[17.373s] -- Installing: /home/rionessl/SSLRasp/install/message_info/include/message_info/msg/role.hpp
[17.373s] -- Installing: /home/rionessl/SSLRasp/install/message_info/include/message_info/msg/info.hpp
[17.373s] -- Installing: /home/rionessl/SSLRasp/install/message_info/include/message_info/msg/referee_game_event.hpp
[17.373s] -- Installing: /home/rionessl/SSLRasp/install/message_info/include/message_info/msg/detection_ball.hpp
[17.373s] -- Installing: /home/rionessl/SSLRasp/install/message_info/include/message_info/msg/field_circular_arc.hpp
[17.373s] -- Installing: /home/rionessl/SSLRasp/install/message_info/include/message_info/msg/vision_detections.hpp
[17.373s] -- Installing: /home/rionessl/SSLRasp/install/message_info/include/message_info/msg/test.hpp
[17.373s] -- Installing: /home/rionessl/SSLRasp/install/message_info/include/message_info/msg/field_line_segment.hpp
[17.373s] -- Up-to-date: /home/rionessl/SSLRasp/install/message_info/include/message_info
[17.373s] -- Up-to-date: /home/rionessl/SSLRasp/install/message_info/include/message_info/msg
[17.374s] -- Up-to-date: /home/rionessl/SSLRasp/install/message_info/include/message_info/msg/detail
[17.374s] -- Installing: /home/rionessl/SSLRasp/install/message_info/include/message_info/msg/detail/vision_detections__type_support.cpp
[17.374s] -- Installing: /home/rionessl/SSLRasp/install/message_info/include/message_info/msg/detail/goal_info__type_support.cpp
[17.374s] -- Installing: /home/rionessl/SSLRasp/install/message_info/include/message_info/msg/detail/detection_frame__type_support.cpp
[17.374s] -- Installing: /home/rionessl/SSLRasp/install/message_info/include/message_info/msg/detail/detection_ball__type_support.cpp
[17.374s] -- Installing: /home/rionessl/SSLRasp/install/message_info/include/message_info/msg/detail/ball_info__rosidl_typesupport_introspection_cpp.hpp
[17.374s] -- Installing: /home/rionessl/SSLRasp/install/message_info/include/message_info/msg/detail/role__type_support.cpp
[17.374s] -- Installing: /home/rionessl/SSLRasp/install/message_info/include/message_info/msg/detail/attacker__rosidl_typesupport_introspection_cpp.hpp
[17.374s] -- Installing: /home/rionessl/SSLRasp/install/message_info/include/message_info/msg/detail/goalie__rosidl_typesupport_introspection_cpp.hpp
[17.374s] -- Installing: /home/rionessl/SSLRasp/install/message_info/include/message_info/msg/detail/attacker__type_support.cpp
[17.374s] -- Installing: /home/rionessl/SSLRasp/install/message_info/include/message_info/msg/detail/field_circular_arc__rosidl_typesupport_introspection_cpp.hpp
[17.374s] -- Installing: /home/rionessl/SSLRasp/install/message_info/include/message_info/msg/detail/referee__rosidl_typesupport_introspection_cpp.hpp
[17.374s] -- Installing: /home/rionessl/SSLRasp/install/message_info/include/message_info/msg/detail/test__rosidl_typesupport_introspection_cpp.hpp
[17.374s] -- Installing: /home/rionessl/SSLRasp/install/message_info/include/message_info/msg/detail/referee__type_support.cpp
[17.374s] -- Installing: /home/rionessl/SSLRasp/install/message_info/include/message_info/msg/detail/referee_team_info__type_support.cpp
[17.375s] -- Installing: /home/rionessl/SSLRasp/install/message_info/include/message_info/msg/detail/detection_robot__type_support.cpp
[17.375s] -- Installing: /home/rionessl/SSLRasp/install/message_info/include/message_info/msg/detail/robot_commands__rosidl_typesupport_introspection_cpp.hpp
[17.375s] -- Installing: /home/rionessl/SSLRasp/install/message_info/include/message_info/msg/detail/goal_info__rosidl_typesupport_introspection_cpp.hpp
[17.375s] -- Installing: /home/rionessl/SSLRasp/install/message_info/include/message_info/msg/detail/test__type_support.cpp
[17.375s] -- Installing: /home/rionessl/SSLRasp/install/message_info/include/message_info/msg/detail/referee_game_event__rosidl_typesupport_introspection_cpp.hpp
[17.375s] -- Installing: /home/rionessl/SSLRasp/install/message_info/include/message_info/msg/detail/field_circular_arc__type_support.cpp
[17.375s] -- Installing: /home/rionessl/SSLRasp/install/message_info/include/message_info/msg/detail/field_line_segment__type_support.cpp
[17.375s] -- Installing: /home/rionessl/SSLRasp/install/message_info/include/message_info/msg/detail/robot_command__type_support.cpp
[17.375s] -- Installing: /home/rionessl/SSLRasp/install/message_info/include/message_info/msg/detail/info__type_support.cpp
[17.375s] -- Installing: /home/rionessl/SSLRasp/install/message_info/include/message_info/msg/detail/referee_game_event__type_support.cpp
[17.375s] -- Installing: /home/rionessl/SSLRasp/install/message_info/include/message_info/msg/detail/robot_commands__type_support.cpp
[17.375s] -- Installing: /home/rionessl/SSLRasp/install/message_info/include/message_info/msg/detail/detection_frame__rosidl_typesupport_introspection_cpp.hpp
[17.375s] -- Installing: /home/rionessl/SSLRasp/install/message_info/include/message_info/msg/detail/robot_command__rosidl_typesupport_introspection_cpp.hpp
[17.376s] -- Installing: /home/rionessl/SSLRasp/install/message_info/include/message_info/msg/detail/ball_info__type_support.cpp
[17.376s] -- Installing: /home/rionessl/SSLRasp/install/message_info/include/message_info/msg/detail/info__rosidl_typesupport_introspection_cpp.hpp
[17.376s] -- Installing: /home/rionessl/SSLRasp/install/message_info/include/message_info/msg/detail/role__rosidl_typesupport_introspection_cpp.hpp
[17.376s] -- Installing: /home/rionessl/SSLRasp/install/message_info/include/message_info/msg/detail/detection_robot__rosidl_typesupport_introspection_cpp.hpp
[17.376s] -- Installing: /home/rionessl/SSLRasp/install/message_info/include/message_info/msg/detail/vision_geometry__rosidl_typesupport_introspection_cpp.hpp
[17.376s] -- Installing: /home/rionessl/SSLRasp/install/message_info/include/message_info/msg/detail/field_line_segment__rosidl_typesupport_introspection_cpp.hpp
[17.376s] -- Installing: /home/rionessl/SSLRasp/install/message_info/include/message_info/msg/detail/referee_team_info__rosidl_typesupport_introspection_cpp.hpp
[17.376s] -- Installing: /home/rionessl/SSLRasp/install/message_info/include/message_info/msg/detail/vision_geometry__type_support.cpp
[17.376s] -- Installing: /home/rionessl/SSLRasp/install/message_info/include/message_info/msg/detail/detection_ball__rosidl_typesupport_introspection_cpp.hpp
[17.376s] -- Installing: /home/rionessl/SSLRasp/install/message_info/include/message_info/msg/detail/goalie__type_support.cpp
[17.376s] -- Installing: /home/rionessl/SSLRasp/install/message_info/include/message_info/msg/detail/vision_detections__rosidl_typesupport_introspection_cpp.hpp
[17.376s] -- Installing: /home/rionessl/SSLRasp/install/message_info/lib/libmessage_info__rosidl_typesupport_introspection_cpp.so
[17.376s] -- Set runtime path of "/home/rionessl/SSLRasp/install/message_info/lib/libmessage_info__rosidl_typesupport_introspection_cpp.so" to ""
[17.376s] -- Installing: /home/rionessl/SSLRasp/install/message_info/lib/libmessage_info__rosidl_typesupport_cpp.so
[17.376s] -- Set runtime path of "/home/rionessl/SSLRasp/install/message_info/lib/libmessage_info__rosidl_typesupport_cpp.so" to ""
[17.377s] -- Installing: /home/rionessl/SSLRasp/install/message_info/share/message_info/environment/pythonpath.sh
[17.377s] -- Installing: /home/rionessl/SSLRasp/install/message_info/share/message_info/environment/pythonpath.dsv
[17.377s] -- Installing: /home/rionessl/SSLRasp/install/message_info/lib/python3.8/site-packages/message_info/__init__.py
[17.404s] Compiling '/home/rionessl/SSLRasp/install/message_info/lib/python3.8/site-packages/message_info/__init__.py'...
[17.407s] -- Installing: /home/rionessl/SSLRasp/install/message_info/lib/python3.8/site-packages/message_info/msg
[17.408s] -- Installing: /home/rionessl/SSLRasp/install/message_info/lib/python3.8/site-packages/message_info/msg/_attacker_s.c
[17.408s] -- Installing: /home/rionessl/SSLRasp/install/message_info/lib/python3.8/site-packages/message_info/msg/_info_s.c
[17.408s] -- Installing: /home/rionessl/SSLRasp/install/message_info/lib/python3.8/site-packages/message_info/msg/_detection_ball_s.c
[17.408s] -- Installing: /home/rionessl/SSLRasp/install/message_info/lib/python3.8/site-packages/message_info/msg/_referee_game_event.py
[17.408s] -- Installing: /home/rionessl/SSLRasp/install/message_info/lib/python3.8/site-packages/message_info/msg/_goal_info.py
[17.409s] -- Installing: /home/rionessl/SSLRasp/install/message_info/lib/python3.8/site-packages/message_info/msg/_detection_ball.py
[17.409s] -- Installing: /home/rionessl/SSLRasp/install/message_info/lib/python3.8/site-packages/message_info/msg/_field_circular_arc_s.c
[17.409s] -- Installing: /home/rionessl/SSLRasp/install/message_info/lib/python3.8/site-packages/message_info/msg/_vision_detections.py
[17.409s] -- Installing: /home/rionessl/SSLRasp/install/message_info/lib/python3.8/site-packages/message_info/msg/_detection_frame.py
[17.410s] -- Installing: /home/rionessl/SSLRasp/install/message_info/lib/python3.8/site-packages/message_info/msg/_vision_detections_s.c
[17.410s] -- Installing: /home/rionessl/SSLRasp/install/message_info/lib/python3.8/site-packages/message_info/msg/_goal_info_s.c
[17.410s] -- Installing: /home/rionessl/SSLRasp/install/message_info/lib/python3.8/site-packages/message_info/msg/_detection_robot.py
[17.410s] -- Installing: /home/rionessl/SSLRasp/install/message_info/lib/python3.8/site-packages/message_info/msg/_vision_geometry_s.c
[17.410s] -- Installing: /home/rionessl/SSLRasp/install/message_info/lib/python3.8/site-packages/message_info/msg/_test.py
[17.411s] -- Installing: /home/rionessl/SSLRasp/install/message_info/lib/python3.8/site-packages/message_info/msg/_test_s.c
[17.411s] -- Installing: /home/rionessl/SSLRasp/install/message_info/lib/python3.8/site-packages/message_info/msg/_referee_game_event_s.c
[17.411s] -- Installing: /home/rionessl/SSLRasp/install/message_info/lib/python3.8/site-packages/message_info/msg/_robot_command.py
[17.411s] -- Installing: /home/rionessl/SSLRasp/install/message_info/lib/python3.8/site-packages/message_info/msg/_goalie_s.c
[17.412s] -- Installing: /home/rionessl/SSLRasp/install/message_info/lib/python3.8/site-packages/message_info/msg/_field_line_segment_s.c
[17.412s] -- Installing: /home/rionessl/SSLRasp/install/message_info/lib/python3.8/site-packages/message_info/msg/_robot_commands_s.c
[17.412s] -- Installing: /home/rionessl/SSLRasp/install/message_info/lib/python3.8/site-packages/message_info/msg/_referee.py
[17.412s] -- Installing: /home/rionessl/SSLRasp/install/message_info/lib/python3.8/site-packages/message_info/msg/_detection_frame_s.c
[17.413s] -- Installing: /home/rionessl/SSLRasp/install/message_info/lib/python3.8/site-packages/message_info/msg/_field_circular_arc.py
[17.413s] -- Installing: /home/rionessl/SSLRasp/install/message_info/lib/python3.8/site-packages/message_info/msg/_ball_info_s.c
[17.413s] -- Installing: /home/rionessl/SSLRasp/install/message_info/lib/python3.8/site-packages/message_info/msg/_vision_geometry.py
[17.413s] -- Installing: /home/rionessl/SSLRasp/install/message_info/lib/python3.8/site-packages/message_info/msg/_referee_team_info_s.c
[17.413s] -- Installing: /home/rionessl/SSLRasp/install/message_info/lib/python3.8/site-packages/message_info/msg/_goalie.py
[17.413s] -- Installing: /home/rionessl/SSLRasp/install/message_info/lib/python3.8/site-packages/message_info/msg/_info.py
[17.414s] -- Installing: /home/rionessl/SSLRasp/install/message_info/lib/python3.8/site-packages/message_info/msg/_referee_s.c
[17.414s] -- Installing: /home/rionessl/SSLRasp/install/message_info/lib/python3.8/site-packages/message_info/msg/__init__.py
[17.414s] -- Installing: /home/rionessl/SSLRasp/install/message_info/lib/python3.8/site-packages/message_info/msg/_ball_info.py
[17.414s] -- Installing: /home/rionessl/SSLRasp/install/message_info/lib/python3.8/site-packages/message_info/msg/_detection_robot_s.c
[17.414s] -- Installing: /home/rionessl/SSLRasp/install/message_info/lib/python3.8/site-packages/message_info/msg/_role_s.c
[17.414s] -- Installing: /home/rionessl/SSLRasp/install/message_info/lib/python3.8/site-packages/message_info/msg/_robot_command_s.c
[17.414s] -- Installing: /home/rionessl/SSLRasp/install/message_info/lib/python3.8/site-packages/message_info/msg/_robot_commands.py
[17.415s] -- Installing: /home/rionessl/SSLRasp/install/message_info/lib/python3.8/site-packages/message_info/msg/_field_line_segment.py
[17.415s] -- Installing: /home/rionessl/SSLRasp/install/message_info/lib/python3.8/site-packages/message_info/msg/_attacker.py
[17.415s] -- Installing: /home/rionessl/SSLRasp/install/message_info/lib/python3.8/site-packages/message_info/msg/_role.py
[17.415s] -- Installing: /home/rionessl/SSLRasp/install/message_info/lib/python3.8/site-packages/message_info/msg/_referee_team_info.py
[17.415s] -- Installing: /home/rionessl/SSLRasp/install/message_info/lib/python3.8/site-packages/message_info/message_info_s__rosidl_typesupport_fastrtps_c.cpython-38-x86_64-linux-gnu.so
[17.415s] -- Set runtime path of "/home/rionessl/SSLRasp/install/message_info/lib/python3.8/site-packages/message_info/message_info_s__rosidl_typesupport_fastrtps_c.cpython-38-x86_64-linux-gnu.so" to ""
[17.415s] -- Installing: /home/rionessl/SSLRasp/install/message_info/lib/python3.8/site-packages/message_info/message_info_s__rosidl_typesupport_introspection_c.cpython-38-x86_64-linux-gnu.so
[17.416s] -- Set runtime path of "/home/rionessl/SSLRasp/install/message_info/lib/python3.8/site-packages/message_info/message_info_s__rosidl_typesupport_introspection_c.cpython-38-x86_64-linux-gnu.so" to ""
[17.416s] -- Installing: /home/rionessl/SSLRasp/install/message_info/lib/python3.8/site-packages/message_info/message_info_s__rosidl_typesupport_c.cpython-38-x86_64-linux-gnu.so
[17.417s] -- Set runtime path of "/home/rionessl/SSLRasp/install/message_info/lib/python3.8/site-packages/message_info/message_info_s__rosidl_typesupport_c.cpython-38-x86_64-linux-gnu.so" to ""
[17.417s] -- Installing: /home/rionessl/SSLRasp/install/message_info/lib/libmessage_info__python.so
[17.418s] -- Set runtime path of "/home/rionessl/SSLRasp/install/message_info/lib/libmessage_info__python.so" to ""
[17.418s] -- Installing: /home/rionessl/SSLRasp/install/message_info/share/message_info/msg/RefereeGameEvent.idl
[17.418s] -- Installing: /home/rionessl/SSLRasp/install/message_info/share/message_info/msg/RefereeTeamInfo.idl
[17.419s] -- Installing: /home/rionessl/SSLRasp/install/message_info/share/message_info/msg/Referee.idl
[17.419s] -- Installing: /home/rionessl/SSLRasp/install/message_info/share/message_info/msg/FieldCircularArc.idl
[17.419s] -- Installing: /home/rionessl/SSLRasp/install/message_info/share/message_info/msg/FieldLineSegment.idl
[17.420s] -- Installing: /home/rionessl/SSLRasp/install/message_info/share/message_info/msg/VisionGeometry.idl
[17.420s] -- Installing: /home/rionessl/SSLRasp/install/message_info/share/message_info/msg/DetectionBall.idl
[17.420s] -- Installing: /home/rionessl/SSLRasp/install/message_info/share/message_info/msg/DetectionRobot.idl
[17.420s] -- Installing: /home/rionessl/SSLRasp/install/message_info/share/message_info/msg/DetectionFrame.idl
[17.421s] -- Installing: /home/rionessl/SSLRasp/install/message_info/share/message_info/msg/VisionDetections.idl
[17.421s] -- Installing: /home/rionessl/SSLRasp/install/message_info/share/message_info/msg/RobotCommand.idl
[17.421s] -- Installing: /home/rionessl/SSLRasp/install/message_info/share/message_info/msg/RobotCommands.idl
[17.421s] -- Installing: /home/rionessl/SSLRasp/install/message_info/share/message_info/msg/Test.idl
[17.421s] -- Installing: /home/rionessl/SSLRasp/install/message_info/share/message_info/msg/BallInfo.idl
[17.422s] -- Installing: /home/rionessl/SSLRasp/install/message_info/share/message_info/msg/GoalInfo.idl
[17.422s] -- Installing: /home/rionessl/SSLRasp/install/message_info/share/message_info/msg/Role.idl
[17.422s] -- Installing: /home/rionessl/SSLRasp/install/message_info/share/message_info/msg/Attacker.idl
[17.422s] -- Installing: /home/rionessl/SSLRasp/install/message_info/share/message_info/msg/Goalie.idl
[17.422s] -- Installing: /home/rionessl/SSLRasp/install/message_info/share/message_info/msg/Info.idl
[17.422s] -- Installing: /home/rionessl/SSLRasp/install/message_info/share/message_info/msg/RefereeGameEvent.msg
[17.423s] -- Installing: /home/rionessl/SSLRasp/install/message_info/share/message_info/msg/RefereeTeamInfo.msg
[17.423s] -- Installing: /home/rionessl/SSLRasp/install/message_info/share/message_info/msg/Referee.msg
[17.423s] -- Installing: /home/rionessl/SSLRasp/install/message_info/share/message_info/msg/FieldCircularArc.msg
[17.423s] -- Installing: /home/rionessl/SSLRasp/install/message_info/share/message_info/msg/FieldLineSegment.msg
[17.423s] -- Installing: /home/rionessl/SSLRasp/install/message_info/share/message_info/msg/VisionGeometry.msg
[17.424s] -- Installing: /home/rionessl/SSLRasp/install/message_info/share/message_info/msg/DetectionBall.msg
[17.424s] -- Installing: /home/rionessl/SSLRasp/install/message_info/share/message_info/msg/DetectionRobot.msg
[17.424s] -- Installing: /home/rionessl/SSLRasp/install/message_info/share/message_info/msg/DetectionFrame.msg
[17.424s] -- Installing: /home/rionessl/SSLRasp/install/message_info/share/message_info/msg/VisionDetections.msg
[17.424s] -- Installing: /home/rionessl/SSLRasp/install/message_info/share/message_info/msg/RobotCommand.msg
[17.424s] -- Installing: /home/rionessl/SSLRasp/install/message_info/share/message_info/msg/RobotCommands.msg
[17.425s] -- Installing: /home/rionessl/SSLRasp/install/message_info/share/message_info/msg/Test.msg
[17.425s] -- Installing: /home/rionessl/SSLRasp/install/message_info/share/message_info/msg/BallInfo.msg
[17.425s] -- Installing: /home/rionessl/SSLRasp/install/message_info/share/message_info/msg/GoalInfo.msg
[17.425s] -- Installing: /home/rionessl/SSLRasp/install/message_info/share/message_info/msg/Role.msg
[17.425s] -- Installing: /home/rionessl/SSLRasp/install/message_info/share/message_info/msg/Attacker.msg
[17.426s] -- Installing: /home/rionessl/SSLRasp/install/message_info/share/message_info/msg/Goalie.msg
[17.426s] -- Installing: /home/rionessl/SSLRasp/install/message_info/share/message_info/msg/Info.msg
[17.426s] -- Installing: /home/rionessl/SSLRasp/install/message_info/share/ament_index/resource_index/package_run_dependencies/message_info
[17.426s] -- Installing: /home/rionessl/SSLRasp/install/message_info/share/ament_index/resource_index/parent_prefix_path/message_info
[17.426s] -- Installing: /home/rionessl/SSLRasp/install/message_info/share/message_info/environment/ament_prefix_path.sh
[17.426s] -- Installing: /home/rionessl/SSLRasp/install/message_info/share/message_info/environment/ament_prefix_path.dsv
[17.427s] -- Installing: /home/rionessl/SSLRasp/install/message_info/share/message_info/environment/path.sh
[17.427s] -- Installing: /home/rionessl/SSLRasp/install/message_info/share/message_info/environment/path.dsv
[17.427s] -- Installing: /home/rionessl/SSLRasp/install/message_info/share/message_info/local_setup.bash
[17.427s] -- Installing: /home/rionessl/SSLRasp/install/message_info/share/message_info/local_setup.sh
[17.427s] -- Installing: /home/rionessl/SSLRasp/install/message_info/share/message_info/local_setup.zsh
[17.428s] -- Installing: /home/rionessl/SSLRasp/install/message_info/share/message_info/local_setup.dsv
[17.428s] -- Installing: /home/rionessl/SSLRasp/install/message_info/share/message_info/package.dsv
[17.428s] -- Installing: /home/rionessl/SSLRasp/install/message_info/share/ament_index/resource_index/packages/message_info
[17.428s] -- Installing: /home/rionessl/SSLRasp/install/message_info/share/message_info/cmake/message_info__rosidl_generator_cExport.cmake
[17.428s] -- Installing: /home/rionessl/SSLRasp/install/message_info/share/message_info/cmake/message_info__rosidl_generator_cExport-noconfig.cmake
[17.428s] -- Installing: /home/rionessl/SSLRasp/install/message_info/share/message_info/cmake/message_info__rosidl_typesupport_introspection_cExport.cmake
[17.428s] -- Installing: /home/rionessl/SSLRasp/install/message_info/share/message_info/cmake/message_info__rosidl_typesupport_introspection_cExport-noconfig.cmake
[17.429s] -- Installing: /home/rionessl/SSLRasp/install/message_info/share/message_info/cmake/message_info__rosidl_typesupport_cExport.cmake
[17.429s] -- Installing: /home/rionessl/SSLRasp/install/message_info/share/message_info/cmake/message_info__rosidl_typesupport_cExport-noconfig.cmake
[17.429s] -- Installing: /home/rionessl/SSLRasp/install/message_info/share/message_info/cmake/message_info__rosidl_generator_cppExport.cmake
[17.429s] -- Installing: /home/rionessl/SSLRasp/install/message_info/share/message_info/cmake/message_info__rosidl_typesupport_introspection_cppExport.cmake
[17.429s] -- Installing: /home/rionessl/SSLRasp/install/message_info/share/message_info/cmake/message_info__rosidl_typesupport_introspection_cppExport-noconfig.cmake
[17.430s] -- Installing: /home/rionessl/SSLRasp/install/message_info/share/message_info/cmake/message_info__rosidl_typesupport_cppExport.cmake
[17.430s] -- Installing: /home/rionessl/SSLRasp/install/message_info/share/message_info/cmake/message_info__rosidl_typesupport_cppExport-noconfig.cmake
[17.430s] -- Installing: /home/rionessl/SSLRasp/install/message_info/share/message_info/cmake/rosidl_cmake-extras.cmake
[17.430s] -- Installing: /home/rionessl/SSLRasp/install/message_info/share/message_info/cmake/ament_cmake_export_dependencies-extras.cmake
[17.430s] -- Installing: /home/rionessl/SSLRasp/install/message_info/share/message_info/cmake/ament_cmake_export_libraries-extras.cmake
[17.430s] -- Installing: /home/rionessl/SSLRasp/install/message_info/share/message_info/cmake/ament_cmake_export_targets-extras.cmake
[17.430s] -- Installing: /home/rionessl/SSLRasp/install/message_info/share/message_info/cmake/ament_cmake_export_include_directories-extras.cmake
[17.431s] -- Installing: /home/rionessl/SSLRasp/install/message_info/share/message_info/cmake/rosidl_cmake_export_typesupport_libraries-extras.cmake
[17.431s] -- Installing: /home/rionessl/SSLRasp/install/message_info/share/message_info/cmake/rosidl_cmake_export_typesupport_targets-extras.cmake
[17.431s] -- Installing: /home/rionessl/SSLRasp/install/message_info/share/message_info/cmake/message_infoConfig.cmake
[17.431s] -- Installing: /home/rionessl/SSLRasp/install/message_info/share/message_info/cmake/message_infoConfig-version.cmake
[17.431s] -- Installing: /home/rionessl/SSLRasp/install/message_info/share/message_info/package.xml
[17.434s] Invoked command in '/home/rionessl/SSLRasp/build/message_info' returned '0': CMAKE_PREFIX_PATH=${CMAKE_PREFIX_PATH}:/home/rionessl/RiAI/install/real_sender:/opt/ros/foxy /usr/bin/cmake --install /home/rionessl/SSLRasp/build/message_info
