[1.237s] Invoking command in '/home/ubuntu/SSLRasp/src/rasp': PYTHONPATH=/home/ubuntu/SSLRasp/install/rasp/lib/python3.8/site-packages:${PYTHONPATH} /usr/bin/python3 setup.py egg_info --egg-base ../../build/rasp build --build-base /home/ubuntu/SSLRasp/build/rasp/build install --prefix /home/ubuntu/SSLRasp/install/rasp --record /home/ubuntu/SSLRasp/build/rasp/install.log --single-version-externally-managed
[2.259s] running egg_info
[2.261s] writing ../../build/rasp/rasp.egg-info/PKG-INFO
[2.262s] writing dependency_links to ../../build/rasp/rasp.egg-info/dependency_links.txt
[2.264s] writing entry points to ../../build/rasp/rasp.egg-info/entry_points.txt
[2.264s] writing requirements to ../../build/rasp/rasp.egg-info/requires.txt
[2.265s] writing top-level names to ../../build/rasp/rasp.egg-info/top_level.txt
[2.408s] reading manifest file '../../build/rasp/rasp.egg-info/SOURCES.txt'
[2.412s] writing manifest file '../../build/rasp/rasp.egg-info/SOURCES.txt'
[2.413s] running build
[2.413s] running build_py
[2.414s] copying python_programs/main.py -> /home/ubuntu/SSLRasp/build/rasp/build/lib/python_programs
[2.415s] running install
[2.418s] running install_lib
[2.422s] copying /home/ubuntu/SSLRasp/build/rasp/build/lib/python_programs/main.py -> /home/ubuntu/SSLRasp/install/rasp/lib/python3.8/site-packages/python_programs
[2.425s] byte-compiling /home/ubuntu/SSLRasp/install/rasp/lib/python3.8/site-packages/python_programs/main.py to main.cpython-38.pyc
[2.433s] running install_egg_info
[2.439s] removing '/home/ubuntu/SSLRasp/install/rasp/lib/python3.8/site-packages/rasp-0.0.0-py3.8.egg-info' (and everything under it)
[2.440s] Copying ../../build/rasp/rasp.egg-info to /home/ubuntu/SSLRasp/install/rasp/lib/python3.8/site-packages/rasp-0.0.0-py3.8.egg-info
[2.446s] running install_scripts
[2.518s] Installing rasp script to /home/ubuntu/SSLRasp/install/rasp/lib/rasp
[2.519s] writing list of installed files to '/home/ubuntu/SSLRasp/build/rasp/install.log'
[2.622s] Invoked command in '/home/ubuntu/SSLRasp/src/rasp' returned '0': PYTHONPATH=/home/ubuntu/SSLRasp/install/rasp/lib/python3.8/site-packages:${PYTHONPATH} /usr/bin/python3 setup.py egg_info --egg-base ../../build/rasp build --build-base /home/ubuntu/SSLRasp/build/rasp/build install --prefix /home/ubuntu/SSLRasp/install/rasp --record /home/ubuntu/SSLRasp/build/rasp/install.log --single-version-externally-managed
