[0.016s] Invoking command in '/home/rionessl/SSLRasp/build/message_info': CMAKE_PREFIX_PATH=${CMAKE_PREFIX_PATH}:/home/rionessl/RiAI/install/real_sender:/opt/ros/foxy /usr/bin/cmake /home/rionessl/SSLRasp/src/message_info -DCMAKE_INSTALL_PREFIX=/home/rionessl/SSLRasp/install/message_info
[0.118s] -- The C compiler identification is GNU 9.3.0
[1.000s] -- The CXX compiler identification is GNU 9.3.0
[1.009s] -- Check for working C compiler: /usr/bin/cc
[1.190s] -- Check for working C compiler: /usr/bin/cc -- works
[1.192s] -- Detecting C compiler ABI info
[1.284s] -- Detecting C compiler ABI info - done
[1.298s] -- Detecting C compile features
[1.309s] -- Detecting C compile features - done
[1.312s] -- Check for working CXX compiler: /usr/bin/c++
[1.383s] -- Check for working CXX compiler: /usr/bin/c++ -- works
[1.385s] -- Detecting CXX compiler ABI info
[1.453s] -- Detecting CXX compiler ABI info - done
[1.462s] -- Detecting CXX compile features
[1.463s] -- Detecting CXX compile features - done
[1.577s] -- Found ament_cmake: 0.9.8 (/opt/ros/foxy/share/ament_cmake/cmake)
[1.634s] -- Found PythonInterp: /usr/bin/python3 (found suitable version "3.8.5", minimum required is "3") 
[1.634s] -- Using PYTHON_EXECUTABLE: /usr/bin/python3
[1.946s] -- Found rosidl_default_generators: 1.0.1 (/opt/ros/foxy/share/rosidl_default_generators/cmake)
[2.062s] -- Using all available rosidl_typesupport_c: rosidl_typesupport_fastrtps_c;rosidl_typesupport_introspection_c
[2.074s] -- Found rosidl_adapter: 1.2.1 (/opt/ros/foxy/share/rosidl_adapter/cmake)
[2.362s] -- Found OpenSSL: /usr/lib/x86_64-linux-gnu/libcrypto.so (found version "1.1.1f")  
[2.416s] -- Found FastRTPS: /opt/ros/foxy/include  
[2.557s] -- Using all available rosidl_typesupport_cpp: rosidl_typesupport_fastrtps_cpp;rosidl_typesupport_introspection_cpp
[2.631s] -- Found builtin_interfaces: 1.0.0 (/opt/ros/foxy/share/builtin_interfaces/cmake)
[2.656s] -- Found std_msgs: 2.0.4 (/opt/ros/foxy/share/std_msgs/cmake)
[2.707s] -- Found sensor_msgs: 2.0.4 (/opt/ros/foxy/share/sensor_msgs/cmake)
[2.830s] -- OpenSSL Version: 1.1.1f /usr/include /usr/lib/x86_64-linux-gnu/libssl.so;/usr/lib/x86_64-linux-gnu/libcrypto.so
[2.853s] -- Found PythonInterp: /usr/bin/python3 (found version "3.8.5") 
[3.125s] -- Found ament_cmake_ros: 0.9.1 (/opt/ros/foxy/share/ament_cmake_ros/cmake)
[3.478s] -- Using all available rosidl_typesupport_c: rosidl_typesupport_fastrtps_c;rosidl_typesupport_introspection_c
[3.609s] -- Using all available rosidl_typesupport_cpp: rosidl_typesupport_fastrtps_cpp;rosidl_typesupport_introspection_cpp
[3.636s] -- Found PythonInterp: /usr/bin/python3 (found suitable version "3.8.5", minimum required is "3.5") 
[3.639s] -- Found python_cmake_module: 0.8.1 (/opt/ros/foxy/share/python_cmake_module/cmake)
[3.739s] -- Found PythonLibs: /usr/lib/x86_64-linux-gnu/libpython3.8.so (found suitable version "3.8.5", minimum required is "3.5") 
[3.739s] -- Using PYTHON_EXECUTABLE: /usr/bin/python3
[3.739s] -- Using PYTHON_INCLUDE_DIRS: /usr/include/python3.8
[3.740s] -- Using PYTHON_LIBRARIES: /usr/lib/x86_64-linux-gnu/libpython3.8.so
[3.759s] -- Found PythonExtra: .so  
[3.888s] -- Found ament_lint_auto: 0.9.6 (/opt/ros/foxy/share/ament_lint_auto/cmake)
[3.982s] -- Added test 'copyright' to check source files copyright and LICENSE
[3.985s] -- Added test 'lint_cmake' to check CMake code style
[3.987s] -- Added test 'xmllint' to check XML markup files
[3.992s] -- Configuring done
[4.299s] -- Generating done
[4.302s] -- Build files have been written to: /home/rionessl/SSLRasp/build/message_info
[4.309s] Invoked command in '/home/rionessl/SSLRasp/build/message_info' returned '0': CMAKE_PREFIX_PATH=${CMAKE_PREFIX_PATH}:/home/rionessl/RiAI/install/real_sender:/opt/ros/foxy /usr/bin/cmake /home/rionessl/SSLRasp/src/message_info -DCMAKE_INSTALL_PREFIX=/home/rionessl/SSLRasp/install/message_info
[4.312s] Invoking command in '/home/rionessl/SSLRasp/build/message_info': CMAKE_PREFIX_PATH=${CMAKE_PREFIX_PATH}:/home/rionessl/RiAI/install/real_sender:/opt/ros/foxy /usr/bin/cmake --build /home/rionessl/SSLRasp/build/message_info -- -j16 -l16
[4.366s] [  1%] [34m[1mGenerating C code for ROS interfaces[0m
[4.367s] [35m[1mScanning dependencies of target message_info__cpp[0m
[4.378s] [  1%] [34m[1mGenerating C++ code for ROS interfaces[0m
[5.564s] [  1%] Built target message_info__cpp
[5.577s] [  2%] [34m[1mGenerating C++ type support dispatch for ROS interfaces[0m
[5.578s] [  2%] [34m[1mGenerating C++ introspection for ROS interfaces[0m
[5.580s] [  3%] [34m[1mGenerating C++ type support for eProsima Fast-RTPS[0m
[5.651s] [35m[1mScanning dependencies of target message_info__rosidl_generator_c[0m
[5.807s] [  3%] [32mBuilding C object CMakeFiles/message_info__rosidl_generator_c.dir/rosidl_generator_c/message_info/msg/detail/referee_game_event__functions.c.o[0m
[5.810s] [  4%] [32mBuilding C object CMakeFiles/message_info__rosidl_generator_c.dir/rosidl_generator_c/message_info/msg/detail/referee_team_info__functions.c.o[0m
[5.811s] [  4%] [32mBuilding C object CMakeFiles/message_info__rosidl_generator_c.dir/rosidl_generator_c/message_info/msg/detail/vision_geometry__functions.c.o[0m
[5.811s] [  5%] [32mBuilding C object CMakeFiles/message_info__rosidl_generator_c.dir/rosidl_generator_c/message_info/msg/detail/detection_robot__functions.c.o[0m
[5.811s] [  5%] [32mBuilding C object CMakeFiles/message_info__rosidl_generator_c.dir/rosidl_generator_c/message_info/msg/detail/detection_ball__functions.c.o[0m
[5.813s] [  6%] [32mBuilding C object CMakeFiles/message_info__rosidl_generator_c.dir/rosidl_generator_c/message_info/msg/detail/field_circular_arc__functions.c.o[0m
[5.813s] [  6%] [32mBuilding C object CMakeFiles/message_info__rosidl_generator_c.dir/rosidl_generator_c/message_info/msg/detail/referee__functions.c.o[0m
[5.813s] [  7%] [32mBuilding C object CMakeFiles/message_info__rosidl_generator_c.dir/rosidl_generator_c/message_info/msg/detail/field_line_segment__functions.c.o[0m
[5.814s] [  8%] [32mBuilding C object CMakeFiles/message_info__rosidl_generator_c.dir/rosidl_generator_c/message_info/msg/detail/detection_frame__functions.c.o[0m
[5.815s] [  9%] [32mBuilding C object CMakeFiles/message_info__rosidl_generator_c.dir/rosidl_generator_c/message_info/msg/detail/robot_command__functions.c.o[0m
[5.818s] [  9%] [32mBuilding C object CMakeFiles/message_info__rosidl_generator_c.dir/rosidl_generator_c/message_info/msg/detail/vision_detections__functions.c.o[0m
[5.819s] [ 10%] [32mBuilding C object CMakeFiles/message_info__rosidl_generator_c.dir/rosidl_generator_c/message_info/msg/detail/robot_commands__functions.c.o[0m
[5.822s] [ 10%] [32mBuilding C object CMakeFiles/message_info__rosidl_generator_c.dir/rosidl_generator_c/message_info/msg/detail/test__functions.c.o[0m
[6.014s] [ 14%] [32mBuilding C object CMakeFiles/message_info__rosidl_generator_c.dir/rosidl_generator_c/message_info/msg/detail/info__functions.c.o[0m
[6.014s] [ 14%] [32mBuilding C object CMakeFiles/message_info__rosidl_generator_c.dir/rosidl_generator_c/message_info/msg/detail/goalie__functions.c.o[0m
[6.014s] [ 14%] [32mBuilding C object CMakeFiles/message_info__rosidl_generator_c.dir/rosidl_generator_c/message_info/msg/detail/attacker__functions.c.o[0m
[6.015s] [ 13%] [32mBuilding C object CMakeFiles/message_info__rosidl_generator_c.dir/rosidl_generator_c/message_info/msg/detail/goal_info__functions.c.o[0m
[6.015s] [ 14%] [32mBuilding C object CMakeFiles/message_info__rosidl_generator_c.dir/rosidl_generator_c/message_info/msg/detail/ball_info__functions.c.o[0m
[6.015s] [ 14%] [32mBuilding C object CMakeFiles/message_info__rosidl_generator_c.dir/rosidl_generator_c/message_info/msg/detail/role__functions.c.o[0m
[6.099s] [ 14%] [32m[1mLinking C shared library libmessage_info__rosidl_generator_c.so[0m
[6.272s] [ 14%] Built target message_info__rosidl_generator_c
[6.283s] [ 15%] [34m[1mGenerating C introspection for ROS interfaces[0m
[6.284s] [ 16%] [34m[1mGenerating C type support dispatch for ROS interfaces[0m
[6.395s] [35m[1mScanning dependencies of target message_info__rosidl_typesupport_cpp[0m
[6.439s] [ 17%] [32mBuilding CXX object CMakeFiles/message_info__rosidl_typesupport_cpp.dir/rosidl_typesupport_cpp/message_info/msg/field_circular_arc__type_support.cpp.o[0m
[6.440s] [ 17%] [32mBuilding CXX object CMakeFiles/message_info__rosidl_typesupport_cpp.dir/rosidl_typesupport_cpp/message_info/msg/referee_game_event__type_support.cpp.o[0m
[6.440s] [ 17%] [32mBuilding CXX object CMakeFiles/message_info__rosidl_typesupport_cpp.dir/rosidl_typesupport_cpp/message_info/msg/referee__type_support.cpp.o[0m
[6.441s] [ 17%] [32mBuilding CXX object CMakeFiles/message_info__rosidl_typesupport_cpp.dir/rosidl_typesupport_cpp/message_info/msg/detection_robot__type_support.cpp.o[0m
[6.442s] [ 18%] [32mBuilding CXX object CMakeFiles/message_info__rosidl_typesupport_cpp.dir/rosidl_typesupport_cpp/message_info/msg/referee_team_info__type_support.cpp.o[0m
[6.442s] [ 19%] [32mBuilding CXX object CMakeFiles/message_info__rosidl_typesupport_cpp.dir/rosidl_typesupport_cpp/message_info/msg/vision_detections__type_support.cpp.o[0m
[6.442s] [ 20%] [32mBuilding CXX object CMakeFiles/message_info__rosidl_typesupport_cpp.dir/rosidl_typesupport_cpp/message_info/msg/detection_ball__type_support.cpp.o[0m
[6.443s] [ 20%] [32mBuilding CXX object CMakeFiles/message_info__rosidl_typesupport_cpp.dir/rosidl_typesupport_cpp/message_info/msg/vision_geometry__type_support.cpp.o[0m
[6.443s] [ 21%] [32mBuilding CXX object CMakeFiles/message_info__rosidl_typesupport_cpp.dir/rosidl_typesupport_cpp/message_info/msg/detection_frame__type_support.cpp.o[0m
[6.444s] [ 21%] [32mBuilding CXX object CMakeFiles/message_info__rosidl_typesupport_cpp.dir/rosidl_typesupport_cpp/message_info/msg/robot_command__type_support.cpp.o[0m
[6.445s] [ 22%] [32mBuilding CXX object CMakeFiles/message_info__rosidl_typesupport_cpp.dir/rosidl_typesupport_cpp/message_info/msg/field_line_segment__type_support.cpp.o[0m
[6.452s] [ 23%] [32mBuilding CXX object CMakeFiles/message_info__rosidl_typesupport_cpp.dir/rosidl_typesupport_cpp/message_info/msg/robot_commands__type_support.cpp.o[0m
[6.730s] [35m[1mScanning dependencies of target message_info__rosidl_typesupport_introspection_cpp[0m
[6.765s] [ 24%] [32mBuilding CXX object CMakeFiles/message_info__rosidl_typesupport_introspection_cpp.dir/rosidl_typesupport_introspection_cpp/message_info/msg/detail/referee_game_event__type_support.cpp.o[0m
[7.126s] [35m[1mScanning dependencies of target message_info__rosidl_typesupport_fastrtps_cpp[0m
[7.144s] [ 27%] [32mBuilding CXX object CMakeFiles/message_info__rosidl_typesupport_cpp.dir/rosidl_typesupport_cpp/message_info/msg/ball_info__type_support.cpp.o[0m
[7.144s] [ 27%] [32mBuilding CXX object CMakeFiles/message_info__rosidl_typesupport_cpp.dir/rosidl_typesupport_cpp/message_info/msg/role__type_support.cpp.o[0m
[7.144s] [ 27%] [32mBuilding CXX object CMakeFiles/message_info__rosidl_typesupport_cpp.dir/rosidl_typesupport_cpp/message_info/msg/attacker__type_support.cpp.o[0m
[7.144s] [ 27%] [32mBuilding CXX object CMakeFiles/message_info__rosidl_typesupport_cpp.dir/rosidl_typesupport_cpp/message_info/msg/test__type_support.cpp.o[0m
[7.149s] [ 27%] [32mBuilding CXX object CMakeFiles/message_info__rosidl_typesupport_cpp.dir/rosidl_typesupport_cpp/message_info/msg/goalie__type_support.cpp.o[0m
[7.150s] [ 27%] [32mBuilding CXX object CMakeFiles/message_info__rosidl_typesupport_introspection_cpp.dir/rosidl_typesupport_introspection_cpp/message_info/msg/detail/referee_team_info__type_support.cpp.o[0m
[7.150s] [ 28%] [32mBuilding CXX object CMakeFiles/message_info__rosidl_typesupport_cpp.dir/rosidl_typesupport_cpp/message_info/msg/info__type_support.cpp.o[0m
[7.150s] [ 28%] [32mBuilding CXX object CMakeFiles/message_info__rosidl_typesupport_cpp.dir/rosidl_typesupport_cpp/message_info/msg/goal_info__type_support.cpp.o[0m
[7.160s] [ 29%] [32mBuilding CXX object CMakeFiles/message_info__rosidl_typesupport_introspection_cpp.dir/rosidl_typesupport_introspection_cpp/message_info/msg/detail/referee__type_support.cpp.o[0m
[7.161s] [ 29%] [32mBuilding CXX object CMakeFiles/message_info__rosidl_typesupport_introspection_cpp.dir/rosidl_typesupport_introspection_cpp/message_info/msg/detail/field_circular_arc__type_support.cpp.o[0m
[7.185s] [ 30%] [32mBuilding CXX object CMakeFiles/message_info__rosidl_typesupport_introspection_cpp.dir/rosidl_typesupport_introspection_cpp/message_info/msg/detail/field_line_segment__type_support.cpp.o[0m
[7.189s] [ 30%] [32mBuilding CXX object CMakeFiles/message_info__rosidl_typesupport_introspection_cpp.dir/rosidl_typesupport_introspection_cpp/message_info/msg/detail/detection_ball__type_support.cpp.o[0m
[7.194s] [ 31%] [32mBuilding CXX object CMakeFiles/message_info__rosidl_typesupport_introspection_cpp.dir/rosidl_typesupport_introspection_cpp/message_info/msg/detail/vision_geometry__type_support.cpp.o[0m
[7.227s] [ 32%] [32mBuilding CXX object CMakeFiles/message_info__rosidl_typesupport_fastrtps_cpp.dir/rosidl_typesupport_fastrtps_cpp/message_info/msg/detail/dds_fastrtps/referee_game_event__type_support.cpp.o[0m
[7.449s] [ 32%] [32mBuilding CXX object CMakeFiles/message_info__rosidl_typesupport_fastrtps_cpp.dir/rosidl_typesupport_fastrtps_cpp/message_info/msg/detail/dds_fastrtps/referee_team_info__type_support.cpp.o[0m
[7.453s] [ 33%] [32mBuilding CXX object CMakeFiles/message_info__rosidl_typesupport_introspection_cpp.dir/rosidl_typesupport_introspection_cpp/message_info/msg/detail/detection_robot__type_support.cpp.o[0m
[7.459s] [ 33%] [32mBuilding CXX object CMakeFiles/message_info__rosidl_typesupport_introspection_cpp.dir/rosidl_typesupport_introspection_cpp/message_info/msg/detail/detection_frame__type_support.cpp.o[0m
[7.467s] [ 33%] [32mBuilding CXX object CMakeFiles/message_info__rosidl_typesupport_introspection_cpp.dir/rosidl_typesupport_introspection_cpp/message_info/msg/detail/robot_command__type_support.cpp.o[0m
[7.467s] [ 34%] [32mBuilding CXX object CMakeFiles/message_info__rosidl_typesupport_introspection_cpp.dir/rosidl_typesupport_introspection_cpp/message_info/msg/detail/vision_detections__type_support.cpp.o[0m
[7.468s] [ 35%] [32mBuilding CXX object CMakeFiles/message_info__rosidl_typesupport_fastrtps_cpp.dir/rosidl_typesupport_fastrtps_cpp/message_info/msg/detail/dds_fastrtps/referee__type_support.cpp.o[0m
[7.469s] [ 35%] [32m[1mLinking CXX shared library libmessage_info__rosidl_typesupport_cpp.so[0m
[7.487s] [ 36%] [32mBuilding CXX object CMakeFiles/message_info__rosidl_typesupport_introspection_cpp.dir/rosidl_typesupport_introspection_cpp/message_info/msg/detail/robot_commands__type_support.cpp.o[0m
[7.496s] [ 37%] [32mBuilding CXX object CMakeFiles/message_info__rosidl_typesupport_introspection_cpp.dir/rosidl_typesupport_introspection_cpp/message_info/msg/detail/test__type_support.cpp.o[0m
[7.516s] [ 37%] [32mBuilding CXX object CMakeFiles/message_info__rosidl_typesupport_fastrtps_cpp.dir/rosidl_typesupport_fastrtps_cpp/message_info/msg/detail/dds_fastrtps/field_circular_arc__type_support.cpp.o[0m
[7.526s] [ 38%] [32mBuilding CXX object CMakeFiles/message_info__rosidl_typesupport_fastrtps_cpp.dir/rosidl_typesupport_fastrtps_cpp/message_info/msg/detail/dds_fastrtps/field_line_segment__type_support.cpp.o[0m
[7.529s] [ 38%] Built target message_info__rosidl_typesupport_cpp
[7.536s] [35m[1mScanning dependencies of target message_info__rosidl_typesupport_c[0m
[7.544s] [ 38%] [32mBuilding CXX object CMakeFiles/message_info__rosidl_typesupport_introspection_cpp.dir/rosidl_typesupport_introspection_cpp/message_info/msg/detail/ball_info__type_support.cpp.o[0m
[7.557s] [ 38%] [32mBuilding CXX object CMakeFiles/message_info__rosidl_typesupport_fastrtps_cpp.dir/rosidl_typesupport_fastrtps_cpp/message_info/msg/detail/dds_fastrtps/vision_geometry__type_support.cpp.o[0m
[7.563s] [ 38%] [32mBuilding CXX object CMakeFiles/message_info__rosidl_typesupport_c.dir/rosidl_typesupport_c/message_info/msg/referee_game_event__type_support.cpp.o[0m
[7.614s] [ 39%] [32mBuilding CXX object CMakeFiles/message_info__rosidl_typesupport_c.dir/rosidl_typesupport_c/message_info/msg/referee_team_info__type_support.cpp.o[0m
[7.656s] [ 40%] [32mBuilding CXX object CMakeFiles/message_info__rosidl_typesupport_introspection_cpp.dir/rosidl_typesupport_introspection_cpp/message_info/msg/detail/goal_info__type_support.cpp.o[0m
[7.708s] [ 40%] [32mBuilding CXX object CMakeFiles/message_info__rosidl_typesupport_c.dir/rosidl_typesupport_c/message_info/msg/referee__type_support.cpp.o[0m
[7.775s] [ 41%] [32mBuilding CXX object CMakeFiles/message_info__rosidl_typesupport_c.dir/rosidl_typesupport_c/message_info/msg/field_circular_arc__type_support.cpp.o[0m
[7.784s] [ 41%] [32mBuilding CXX object CMakeFiles/message_info__rosidl_typesupport_introspection_cpp.dir/rosidl_typesupport_introspection_cpp/message_info/msg/detail/role__type_support.cpp.o[0m
[7.789s] [ 42%] [32mBuilding CXX object CMakeFiles/message_info__rosidl_typesupport_c.dir/rosidl_typesupport_c/message_info/msg/field_line_segment__type_support.cpp.o[0m
[7.823s] [ 43%] [32mBuilding CXX object CMakeFiles/message_info__rosidl_typesupport_fastrtps_cpp.dir/rosidl_typesupport_fastrtps_cpp/message_info/msg/detail/dds_fastrtps/detection_ball__type_support.cpp.o[0m
[7.825s] [ 44%] [32mBuilding CXX object CMakeFiles/message_info__rosidl_typesupport_fastrtps_cpp.dir/rosidl_typesupport_fastrtps_cpp/message_info/msg/detail/dds_fastrtps/detection_robot__type_support.cpp.o[0m
[7.833s] [ 44%] [32mBuilding CXX object CMakeFiles/message_info__rosidl_typesupport_c.dir/rosidl_typesupport_c/message_info/msg/vision_geometry__type_support.cpp.o[0m
[7.846s] [ 45%] [32mBuilding CXX object CMakeFiles/message_info__rosidl_typesupport_introspection_cpp.dir/rosidl_typesupport_introspection_cpp/message_info/msg/detail/attacker__type_support.cpp.o[0m
[7.858s] [ 46%] [32mBuilding CXX object CMakeFiles/message_info__rosidl_typesupport_c.dir/rosidl_typesupport_c/message_info/msg/detection_ball__type_support.cpp.o[0m
[7.864s] [ 46%] [32mBuilding CXX object CMakeFiles/message_info__rosidl_typesupport_introspection_cpp.dir/rosidl_typesupport_introspection_cpp/message_info/msg/detail/goalie__type_support.cpp.o[0m
[7.865s] [35m[1mScanning dependencies of target message_info__rosidl_typesupport_introspection_c[0m
[7.876s] [ 46%] [32mBuilding CXX object CMakeFiles/message_info__rosidl_typesupport_c.dir/rosidl_typesupport_c/message_info/msg/detection_robot__type_support.cpp.o[0m
[7.888s] [ 47%] [32mBuilding CXX object CMakeFiles/message_info__rosidl_typesupport_introspection_cpp.dir/rosidl_typesupport_introspection_cpp/message_info/msg/detail/info__type_support.cpp.o[0m
[7.911s] [ 48%] [32mBuilding CXX object CMakeFiles/message_info__rosidl_typesupport_c.dir/rosidl_typesupport_c/message_info/msg/detection_frame__type_support.cpp.o[0m
[7.913s] [ 48%] [32mBuilding CXX object CMakeFiles/message_info__rosidl_typesupport_c.dir/rosidl_typesupport_c/message_info/msg/vision_detections__type_support.cpp.o[0m
[7.920s] [ 49%] [32mBuilding C object CMakeFiles/message_info__rosidl_typesupport_introspection_c.dir/rosidl_typesupport_introspection_c/message_info/msg/detail/referee_game_event__type_support.c.o[0m
[7.923s] [ 49%] [32mBuilding CXX object CMakeFiles/message_info__rosidl_typesupport_fastrtps_cpp.dir/rosidl_typesupport_fastrtps_cpp/message_info/msg/detail/dds_fastrtps/detection_frame__type_support.cpp.o[0m
[7.952s] [ 50%] [32mBuilding CXX object CMakeFiles/message_info__rosidl_typesupport_c.dir/rosidl_typesupport_c/message_info/msg/robot_command__type_support.cpp.o[0m
[7.957s] [ 51%] [32mBuilding C object CMakeFiles/message_info__rosidl_typesupport_introspection_c.dir/rosidl_typesupport_introspection_c/message_info/msg/detail/referee_team_info__type_support.c.o[0m
[7.957s] [ 51%] [32mBuilding CXX object CMakeFiles/message_info__rosidl_typesupport_c.dir/rosidl_typesupport_c/message_info/msg/robot_commands__type_support.cpp.o[0m
[7.961s] [ 52%] [32mBuilding CXX object CMakeFiles/message_info__rosidl_typesupport_fastrtps_cpp.dir/rosidl_typesupport_fastrtps_cpp/message_info/msg/detail/dds_fastrtps/vision_detections__type_support.cpp.o[0m
[7.964s] [ 52%] [32mBuilding CXX object CMakeFiles/message_info__rosidl_typesupport_c.dir/rosidl_typesupport_c/message_info/msg/test__type_support.cpp.o[0m
[7.980s] [ 52%] [32mBuilding CXX object CMakeFiles/message_info__rosidl_typesupport_fastrtps_cpp.dir/rosidl_typesupport_fastrtps_cpp/message_info/msg/detail/dds_fastrtps/robot_command__type_support.cpp.o[0m
[7.985s] [ 52%] [32mBuilding CXX object CMakeFiles/message_info__rosidl_typesupport_fastrtps_cpp.dir/rosidl_typesupport_fastrtps_cpp/message_info/msg/detail/dds_fastrtps/test__type_support.cpp.o[0m
[7.987s] [ 54%] [32mBuilding CXX object CMakeFiles/message_info__rosidl_typesupport_c.dir/rosidl_typesupport_c/message_info/msg/ball_info__type_support.cpp.o[0m
[7.987s] [ 54%] [32mBuilding CXX object CMakeFiles/message_info__rosidl_typesupport_fastrtps_cpp.dir/rosidl_typesupport_fastrtps_cpp/message_info/msg/detail/dds_fastrtps/robot_commands__type_support.cpp.o[0m
[8.001s] [ 55%] [32mBuilding C object CMakeFiles/message_info__rosidl_typesupport_introspection_c.dir/rosidl_typesupport_introspection_c/message_info/msg/detail/referee__type_support.c.o[0m
[8.007s] [ 55%] [32mBuilding CXX object CMakeFiles/message_info__rosidl_typesupport_c.dir/rosidl_typesupport_c/message_info/msg/goal_info__type_support.cpp.o[0m
[8.012s] [ 56%] [32mBuilding CXX object CMakeFiles/message_info__rosidl_typesupport_fastrtps_cpp.dir/rosidl_typesupport_fastrtps_cpp/message_info/msg/detail/dds_fastrtps/ball_info__type_support.cpp.o[0m
[8.025s] [ 57%] [32mBuilding CXX object CMakeFiles/message_info__rosidl_typesupport_fastrtps_cpp.dir/rosidl_typesupport_fastrtps_cpp/message_info/msg/detail/dds_fastrtps/goal_info__type_support.cpp.o[0m
[8.076s] [ 57%] [32mBuilding C object CMakeFiles/message_info__rosidl_typesupport_introspection_c.dir/rosidl_typesupport_introspection_c/message_info/msg/detail/field_circular_arc__type_support.c.o[0m
[8.081s] [ 58%] [32mBuilding CXX object CMakeFiles/message_info__rosidl_typesupport_c.dir/rosidl_typesupport_c/message_info/msg/role__type_support.cpp.o[0m
[8.132s] [ 59%] [32mBuilding C object CMakeFiles/message_info__rosidl_typesupport_introspection_c.dir/rosidl_typesupport_introspection_c/message_info/msg/detail/field_line_segment__type_support.c.o[0m
[8.136s] [ 59%] [32mBuilding C object CMakeFiles/message_info__rosidl_typesupport_introspection_c.dir/rosidl_typesupport_introspection_c/message_info/msg/detail/vision_geometry__type_support.c.o[0m
[8.141s] [ 60%] [32mBuilding CXX object CMakeFiles/message_info__rosidl_typesupport_c.dir/rosidl_typesupport_c/message_info/msg/attacker__type_support.cpp.o[0m
[8.141s] [ 60%] [32mBuilding C object CMakeFiles/message_info__rosidl_typesupport_introspection_c.dir/rosidl_typesupport_introspection_c/message_info/msg/detail/detection_ball__type_support.c.o[0m
[8.165s] [ 61%] [32mBuilding C object CMakeFiles/message_info__rosidl_typesupport_introspection_c.dir/rosidl_typesupport_introspection_c/message_info/msg/detail/detection_robot__type_support.c.o[0m
[8.181s] [ 62%] [32mBuilding CXX object CMakeFiles/message_info__rosidl_typesupport_c.dir/rosidl_typesupport_c/message_info/msg/goalie__type_support.cpp.o[0m
[8.182s] [ 62%] [32mBuilding CXX object CMakeFiles/message_info__rosidl_typesupport_fastrtps_cpp.dir/rosidl_typesupport_fastrtps_cpp/message_info/msg/detail/dds_fastrtps/role__type_support.cpp.o[0m
[8.185s] [ 62%] [32mBuilding C object CMakeFiles/message_info__rosidl_typesupport_introspection_c.dir/rosidl_typesupport_introspection_c/message_info/msg/detail/detection_frame__type_support.c.o[0m
[8.233s] [ 64%] [32mBuilding CXX object CMakeFiles/message_info__rosidl_typesupport_c.dir/rosidl_typesupport_c/message_info/msg/info__type_support.cpp.o[0m
[8.233s] [ 64%] [32mBuilding C object CMakeFiles/message_info__rosidl_typesupport_introspection_c.dir/rosidl_typesupport_introspection_c/message_info/msg/detail/vision_detections__type_support.c.o[0m
[8.233s] [ 65%] [32mBuilding CXX object CMakeFiles/message_info__rosidl_typesupport_fastrtps_cpp.dir/rosidl_typesupport_fastrtps_cpp/message_info/msg/detail/dds_fastrtps/attacker__type_support.cpp.o[0m
[8.234s] [ 65%] [32mBuilding CXX object CMakeFiles/message_info__rosidl_typesupport_fastrtps_cpp.dir/rosidl_typesupport_fastrtps_cpp/message_info/msg/detail/dds_fastrtps/goalie__type_support.cpp.o[0m
[8.246s] [ 65%] [32mBuilding C object CMakeFiles/message_info__rosidl_typesupport_introspection_c.dir/rosidl_typesupport_introspection_c/message_info/msg/detail/robot_command__type_support.c.o[0m
[8.269s] [ 65%] [32m[1mLinking CXX shared library libmessage_info__rosidl_typesupport_c.so[0m
[8.293s] [ 65%] [32mBuilding C object CMakeFiles/message_info__rosidl_typesupport_introspection_c.dir/rosidl_typesupport_introspection_c/message_info/msg/detail/test__type_support.c.o[0m
[8.297s] [ 66%] [32mBuilding C object CMakeFiles/message_info__rosidl_typesupport_introspection_c.dir/rosidl_typesupport_introspection_c/message_info/msg/detail/robot_commands__type_support.c.o[0m
[8.299s] [ 67%] [32mBuilding CXX object CMakeFiles/message_info__rosidl_typesupport_fastrtps_cpp.dir/rosidl_typesupport_fastrtps_cpp/message_info/msg/detail/dds_fastrtps/info__type_support.cpp.o[0m
[8.317s] [ 68%] [32mBuilding C object CMakeFiles/message_info__rosidl_typesupport_introspection_c.dir/rosidl_typesupport_introspection_c/message_info/msg/detail/ball_info__type_support.c.o[0m
[8.336s] [ 68%] Built target message_info__rosidl_typesupport_c
[8.337s] [ 69%] [32mBuilding C object CMakeFiles/message_info__rosidl_typesupport_introspection_c.dir/rosidl_typesupport_introspection_c/message_info/msg/detail/goal_info__type_support.c.o[0m
[8.341s] [ 69%] [32mBuilding C object CMakeFiles/message_info__rosidl_typesupport_introspection_c.dir/rosidl_typesupport_introspection_c/message_info/msg/detail/role__type_support.c.o[0m
[8.349s] [ 70%] [32mBuilding C object CMakeFiles/message_info__rosidl_typesupport_introspection_c.dir/rosidl_typesupport_introspection_c/message_info/msg/detail/attacker__type_support.c.o[0m
[8.355s] [ 71%] [32m[1mLinking CXX shared library libmessage_info__rosidl_typesupport_introspection_cpp.so[0m
[8.374s] [ 71%] [32mBuilding C object CMakeFiles/message_info__rosidl_typesupport_introspection_c.dir/rosidl_typesupport_introspection_c/message_info/msg/detail/goalie__type_support.c.o[0m
[8.379s] [ 72%] [32mBuilding C object CMakeFiles/message_info__rosidl_typesupport_introspection_c.dir/rosidl_typesupport_introspection_c/message_info/msg/detail/info__type_support.c.o[0m
[8.418s] [ 72%] [32m[1mLinking C shared library libmessage_info__rosidl_typesupport_introspection_c.so[0m
[8.457s] [ 72%] Built target message_info__rosidl_typesupport_introspection_c
[8.477s] [ 72%] Built target message_info__rosidl_typesupport_introspection_cpp
[8.695s] [ 72%] [32m[1mLinking CXX shared library libmessage_info__rosidl_typesupport_fastrtps_cpp.so[0m
[8.871s] [ 72%] Built target message_info__rosidl_typesupport_fastrtps_cpp
[8.884s] [ 73%] [34m[1mGenerating C type support for eProsima Fast-RTPS[0m
[9.838s] [35m[1mScanning dependencies of target message_info__rosidl_typesupport_fastrtps_c[0m
[9.874s] [ 74%] [32mBuilding CXX object CMakeFiles/message_info__rosidl_typesupport_fastrtps_c.dir/rosidl_typesupport_fastrtps_c/message_info/msg/detail/vision_geometry__type_support_c.cpp.o[0m
[9.875s] [ 74%] [32mBuilding CXX object CMakeFiles/message_info__rosidl_typesupport_fastrtps_c.dir/rosidl_typesupport_fastrtps_c/message_info/msg/detail/detection_frame__type_support_c.cpp.o[0m
[9.875s] [ 74%] [32mBuilding CXX object CMakeFiles/message_info__rosidl_typesupport_fastrtps_c.dir/rosidl_typesupport_fastrtps_c/message_info/msg/detail/referee_game_event__type_support_c.cpp.o[0m
[9.875s] [ 75%] [32mBuilding CXX object CMakeFiles/message_info__rosidl_typesupport_fastrtps_c.dir/rosidl_typesupport_fastrtps_c/message_info/msg/detail/referee_team_info__type_support_c.cpp.o[0m
[9.875s] [ 76%] [32mBuilding CXX object CMakeFiles/message_info__rosidl_typesupport_fastrtps_c.dir/rosidl_typesupport_fastrtps_c/message_info/msg/detail/robot_commands__type_support_c.cpp.o[0m
[9.876s] [ 77%] [32mBuilding CXX object CMakeFiles/message_info__rosidl_typesupport_fastrtps_c.dir/rosidl_typesupport_fastrtps_c/message_info/msg/detail/field_line_segment__type_support_c.cpp.o[0m
[9.877s] [ 77%] [32mBuilding CXX object CMakeFiles/message_info__rosidl_typesupport_fastrtps_c.dir/rosidl_typesupport_fastrtps_c/message_info/msg/detail/field_circular_arc__type_support_c.cpp.o[0m
[9.877s] [ 78%] [32mBuilding CXX object CMakeFiles/message_info__rosidl_typesupport_fastrtps_c.dir/rosidl_typesupport_fastrtps_c/message_info/msg/detail/referee__type_support_c.cpp.o[0m
[9.877s] [ 78%] [32mBuilding CXX object CMakeFiles/message_info__rosidl_typesupport_fastrtps_c.dir/rosidl_typesupport_fastrtps_c/message_info/msg/detail/detection_robot__type_support_c.cpp.o[0m
[9.878s] [ 79%] [32mBuilding CXX object CMakeFiles/message_info__rosidl_typesupport_fastrtps_c.dir/rosidl_typesupport_fastrtps_c/message_info/msg/detail/vision_detections__type_support_c.cpp.o[0m
[9.878s] [ 80%] [32mBuilding CXX object CMakeFiles/message_info__rosidl_typesupport_fastrtps_c.dir/rosidl_typesupport_fastrtps_c/message_info/msg/detail/test__type_support_c.cpp.o[0m
[9.879s] [ 80%] [32mBuilding CXX object CMakeFiles/message_info__rosidl_typesupport_fastrtps_c.dir/rosidl_typesupport_fastrtps_c/message_info/msg/detail/detection_ball__type_support_c.cpp.o[0m
[9.879s] [ 80%] [32mBuilding CXX object CMakeFiles/message_info__rosidl_typesupport_fastrtps_c.dir/rosidl_typesupport_fastrtps_c/message_info/msg/detail/robot_command__type_support_c.cpp.o[0m
[9.880s] [ 81%] [32mBuilding CXX object CMakeFiles/message_info__rosidl_typesupport_fastrtps_c.dir/rosidl_typesupport_fastrtps_c/message_info/msg/detail/ball_info__type_support_c.cpp.o[0m
[9.881s] [ 82%] [32mBuilding CXX object CMakeFiles/message_info__rosidl_typesupport_fastrtps_c.dir/rosidl_typesupport_fastrtps_c/message_info/msg/detail/role__type_support_c.cpp.o[0m
[9.882s] [ 82%] [32mBuilding CXX object CMakeFiles/message_info__rosidl_typesupport_fastrtps_c.dir/rosidl_typesupport_fastrtps_c/message_info/msg/detail/goal_info__type_support_c.cpp.o[0m
[10.265s] [ 83%] [32mBuilding CXX object CMakeFiles/message_info__rosidl_typesupport_fastrtps_c.dir/rosidl_typesupport_fastrtps_c/message_info/msg/detail/attacker__type_support_c.cpp.o[0m
[10.272s] [ 83%] [32mBuilding CXX object CMakeFiles/message_info__rosidl_typesupport_fastrtps_c.dir/rosidl_typesupport_fastrtps_c/message_info/msg/detail/goalie__type_support_c.cpp.o[0m
[10.276s] [ 84%] [32mBuilding CXX object CMakeFiles/message_info__rosidl_typesupport_fastrtps_c.dir/rosidl_typesupport_fastrtps_c/message_info/msg/detail/info__type_support_c.cpp.o[0m
[10.540s] [ 84%] [32m[1mLinking CXX shared library libmessage_info__rosidl_typesupport_fastrtps_c.so[0m
[10.609s] [ 84%] Built target message_info__rosidl_typesupport_fastrtps_c
[10.618s] [35m[1mScanning dependencies of target message_info[0m
[10.628s] [ 84%] Built target message_info
[10.639s] [35m[1mScanning dependencies of target message_info__py[0m
[10.653s] [ 85%] [34m[1mGenerating Python code for ROS interfaces[0m
[13.417s] [ 85%] Built target message_info__py
[13.428s] [35m[1mScanning dependencies of target message_info__python[0m
[13.530s] [ 86%] [32mBuilding C object CMakeFiles/message_info__python.dir/rosidl_generator_py/message_info/msg/_referee_team_info_s.c.o[0m
[13.530s] [ 86%] [32mBuilding C object CMakeFiles/message_info__python.dir/rosidl_generator_py/message_info/msg/_detection_robot_s.c.o[0m
[13.530s] [ 87%] [32mBuilding C object CMakeFiles/message_info__python.dir/rosidl_generator_py/message_info/msg/_detection_frame_s.c.o[0m
[13.532s] [ 87%] [32mBuilding C object CMakeFiles/message_info__python.dir/rosidl_generator_py/message_info/msg/_referee_game_event_s.c.o[0m
[13.532s] [ 87%] [32mBuilding C object CMakeFiles/message_info__python.dir/rosidl_generator_py/message_info/msg/_referee_s.c.o[0m
[13.533s] [ 88%] [32mBuilding C object CMakeFiles/message_info__python.dir/rosidl_generator_py/message_info/msg/_field_circular_arc_s.c.o[0m
[13.533s] [ 89%] [32mBuilding C object CMakeFiles/message_info__python.dir/rosidl_generator_py/message_info/msg/_field_line_segment_s.c.o[0m
[13.533s] [ 90%] [32mBuilding C object CMakeFiles/message_info__python.dir/rosidl_generator_py/message_info/msg/_detection_ball_s.c.o[0m
[13.534s] [ 90%] [32mBuilding C object CMakeFiles/message_info__python.dir/rosidl_generator_py/message_info/msg/_vision_geometry_s.c.o[0m
[13.534s] [ 91%] [32mBuilding C object CMakeFiles/message_info__python.dir/rosidl_generator_py/message_info/msg/_robot_command_s.c.o[0m
[13.535s] [ 91%] [32mBuilding C object CMakeFiles/message_info__python.dir/rosidl_generator_py/message_info/msg/_vision_detections_s.c.o[0m
[13.536s] [ 92%] [32mBuilding C object CMakeFiles/message_info__python.dir/rosidl_generator_py/message_info/msg/_ball_info_s.c.o[0m
[13.536s] [ 93%] [32mBuilding C object CMakeFiles/message_info__python.dir/rosidl_generator_py/message_info/msg/_robot_commands_s.c.o[0m
[13.537s] [ 93%] [32mBuilding C object CMakeFiles/message_info__python.dir/rosidl_generator_py/message_info/msg/_test_s.c.o[0m
[13.537s] [ 93%] [32mBuilding C object CMakeFiles/message_info__python.dir/rosidl_generator_py/message_info/msg/_goal_info_s.c.o[0m
[13.538s] [ 94%] [32mBuilding C object CMakeFiles/message_info__python.dir/rosidl_generator_py/message_info/msg/_role_s.c.o[0m
[13.663s] [ 94%] [32mBuilding C object CMakeFiles/message_info__python.dir/rosidl_generator_py/message_info/msg/_attacker_s.c.o[0m
[13.664s] [ 95%] [32mBuilding C object CMakeFiles/message_info__python.dir/rosidl_generator_py/message_info/msg/_info_s.c.o[0m
[13.664s] [ 96%] [32mBuilding C object CMakeFiles/message_info__python.dir/rosidl_generator_py/message_info/msg/_goalie_s.c.o[0m
[13.742s] [ 96%] [32m[1mLinking C shared library rosidl_generator_py/message_info/libmessage_info__python.so[0m
[13.789s] [ 96%] Built target message_info__python
[13.799s] [35m[1mScanning dependencies of target message_info__rosidl_typesupport_c__pyext[0m
[13.800s] [35m[1mScanning dependencies of target message_info__rosidl_typesupport_introspection_c__pyext[0m
[13.800s] [35m[1mScanning dependencies of target message_info__rosidl_typesupport_fastrtps_c__pyext[0m
[13.819s] [ 97%] [32mBuilding C object CMakeFiles/message_info__rosidl_typesupport_c__pyext.dir/rosidl_generator_py/message_info/_message_info_s.ep.rosidl_typesupport_c.c.o[0m
[13.821s] [ 98%] [32mBuilding C object CMakeFiles/message_info__rosidl_typesupport_fastrtps_c__pyext.dir/rosidl_generator_py/message_info/_message_info_s.ep.rosidl_typesupport_fastrtps_c.c.o[0m
[13.821s] [ 99%] [32mBuilding C object CMakeFiles/message_info__rosidl_typesupport_introspection_c__pyext.dir/rosidl_generator_py/message_info/_message_info_s.ep.rosidl_typesupport_introspection_c.c.o[0m
[13.927s] [100%] [32m[1mLinking C shared library rosidl_generator_py/message_info/message_info_s__rosidl_typesupport_introspection_c.cpython-38-x86_64-linux-gnu.so[0m
[13.931s] [100%] [32m[1mLinking CXX shared library rosidl_generator_py/message_info/message_info_s__rosidl_typesupport_fastrtps_c.cpython-38-x86_64-linux-gnu.so[0m
[13.932s] [100%] [32m[1mLinking C shared library rosidl_generator_py/message_info/message_info_s__rosidl_typesupport_c.cpython-38-x86_64-linux-gnu.so[0m
[13.962s] [100%] Built target message_info__rosidl_typesupport_introspection_c__pyext
[13.966s] [100%] Built target message_info__rosidl_typesupport_c__pyext
[13.990s] [100%] Built target message_info__rosidl_typesupport_fastrtps_c__pyext
[14.003s] Invoked command in '/home/rionessl/SSLRasp/build/message_info' returned '0': CMAKE_PREFIX_PATH=${CMAKE_PREFIX_PATH}:/home/rionessl/RiAI/install/real_sender:/opt/ros/foxy /usr/bin/cmake --build /home/rionessl/SSLRasp/build/message_info -- -j16 -l16
[14.208s] Invoking command in '/home/rionessl/SSLRasp/build/message_info': CMAKE_PREFIX_PATH=${CMAKE_PREFIX_PATH}:/home/rionessl/RiAI/install/real_sender:/opt/ros/foxy /usr/bin/cmake --install /home/rionessl/SSLRasp/build/message_info
[14.217s] -- Install configuration: ""
[14.218s] -- Installing: /home/rionessl/SSLRasp/install/message_info/share/ament_index/resource_index/rosidl_interfaces/message_info
[14.218s] -- Installing: /home/rionessl/SSLRasp/install/message_info/include/message_info
[14.218s] -- Installing: /home/rionessl/SSLRasp/install/message_info/include/message_info/msg
[14.218s] -- Installing: /home/rionessl/SSLRasp/install/message_info/include/message_info/msg/robot_command.h
[14.218s] -- Installing: /home/rionessl/SSLRasp/install/message_info/include/message_info/msg/test.h
[14.218s] -- Installing: /home/rionessl/SSLRasp/install/message_info/include/message_info/msg/goalie.h
[14.218s] -- Installing: /home/rionessl/SSLRasp/install/message_info/include/message_info/msg/ball_info.h
[14.219s] -- Installing: /home/rionessl/SSLRasp/install/message_info/include/message_info/msg/robot_commands.h
[14.219s] -- Installing: /home/rionessl/SSLRasp/install/message_info/include/message_info/msg/detail
[14.219s] -- Installing: /home/rionessl/SSLRasp/install/message_info/include/message_info/msg/detail/referee__functions.c
[14.219s] -- Installing: /home/rionessl/SSLRasp/install/message_info/include/message_info/msg/detail/test__type_support.h
[14.219s] -- Installing: /home/rionessl/SSLRasp/install/message_info/include/message_info/msg/detail/robot_command__functions.c
[14.219s] -- Installing: /home/rionessl/SSLRasp/install/message_info/include/message_info/msg/detail/referee__type_support.h
[14.219s] -- Installing: /home/rionessl/SSLRasp/install/message_info/include/message_info/msg/detail/goal_info__functions.h
[14.220s] -- Installing: /home/rionessl/SSLRasp/install/message_info/include/message_info/msg/detail/detection_robot__type_support.h
[14.220s] -- Installing: /home/rionessl/SSLRasp/install/message_info/include/message_info/msg/detail/detection_robot__functions.c
[14.220s] -- Installing: /home/rionessl/SSLRasp/install/message_info/include/message_info/msg/detail/referee_game_event__type_support.h
[14.220s] -- Installing: /home/rionessl/SSLRasp/install/message_info/include/message_info/msg/detail/field_line_segment__functions.h
[14.220s] -- Installing: /home/rionessl/SSLRasp/install/message_info/include/message_info/msg/detail/referee_team_info__functions.c
[14.220s] -- Installing: /home/rionessl/SSLRasp/install/message_info/include/message_info/msg/detail/ball_info__struct.h
[14.220s] -- Installing: /home/rionessl/SSLRasp/install/message_info/include/message_info/msg/detail/robot_command__type_support.h
[14.221s] -- Installing: /home/rionessl/SSLRasp/install/message_info/include/message_info/msg/detail/vision_geometry__functions.c
[14.221s] -- Installing: /home/rionessl/SSLRasp/install/message_info/include/message_info/msg/detail/test__functions.c
[14.221s] -- Installing: /home/rionessl/SSLRasp/install/message_info/include/message_info/msg/detail/vision_detections__struct.h
[14.221s] -- Installing: /home/rionessl/SSLRasp/install/message_info/include/message_info/msg/detail/vision_detections__type_support.h
[14.221s] -- Installing: /home/rionessl/SSLRasp/install/message_info/include/message_info/msg/detail/field_line_segment__struct.h
[14.221s] -- Installing: /home/rionessl/SSLRasp/install/message_info/include/message_info/msg/detail/detection_frame__type_support.h
[14.221s] -- Installing: /home/rionessl/SSLRasp/install/message_info/include/message_info/msg/detail/attacker__functions.c
[14.222s] -- Installing: /home/rionessl/SSLRasp/install/message_info/include/message_info/msg/detail/info__struct.h
[14.222s] -- Installing: /home/rionessl/SSLRasp/install/message_info/include/message_info/msg/detail/vision_detections__functions.c
[14.222s] -- Installing: /home/rionessl/SSLRasp/install/message_info/include/message_info/msg/detail/robot_commands__functions.h
[14.222s] -- Installing: /home/rionessl/SSLRasp/install/message_info/include/message_info/msg/detail/goalie__functions.c
[14.222s] -- Installing: /home/rionessl/SSLRasp/install/message_info/include/message_info/msg/detail/goalie__functions.h
[14.222s] -- Installing: /home/rionessl/SSLRasp/install/message_info/include/message_info/msg/detail/attacker__struct.h
[14.222s] -- Installing: /home/rionessl/SSLRasp/install/message_info/include/message_info/msg/detail/referee__functions.h
[14.223s] -- Installing: /home/rionessl/SSLRasp/install/message_info/include/message_info/msg/detail/referee_game_event__functions.h
[14.223s] -- Installing: /home/rionessl/SSLRasp/install/message_info/include/message_info/msg/detail/test__functions.h
[14.223s] -- Installing: /home/rionessl/SSLRasp/install/message_info/include/message_info/msg/detail/role__functions.h
[14.223s] -- Installing: /home/rionessl/SSLRasp/install/message_info/include/message_info/msg/detail/role__functions.c
[14.223s] -- Installing: /home/rionessl/SSLRasp/install/message_info/include/message_info/msg/detail/goalie__type_support.h
[14.223s] -- Installing: /home/rionessl/SSLRasp/install/message_info/include/message_info/msg/detail/goal_info__struct.h
[14.223s] -- Installing: /home/rionessl/SSLRasp/install/message_info/include/message_info/msg/detail/referee_team_info__struct.h
[14.223s] -- Installing: /home/rionessl/SSLRasp/install/message_info/include/message_info/msg/detail/detection_ball__type_support.h
[14.224s] -- Installing: /home/rionessl/SSLRasp/install/message_info/include/message_info/msg/detail/referee_team_info__functions.h
[14.224s] -- Installing: /home/rionessl/SSLRasp/install/message_info/include/message_info/msg/detail/detection_ball__struct.h
[14.224s] -- Installing: /home/rionessl/SSLRasp/install/message_info/include/message_info/msg/detail/goal_info__type_support.h
[14.224s] -- Installing: /home/rionessl/SSLRasp/install/message_info/include/message_info/msg/detail/referee_game_event__struct.h
[14.224s] -- Installing: /home/rionessl/SSLRasp/install/message_info/include/message_info/msg/detail/detection_ball__functions.h
[14.224s] -- Installing: /home/rionessl/SSLRasp/install/message_info/include/message_info/msg/detail/info__functions.c
[14.224s] -- Installing: /home/rionessl/SSLRasp/install/message_info/include/message_info/msg/detail/detection_frame__struct.h
[14.224s] -- Installing: /home/rionessl/SSLRasp/install/message_info/include/message_info/msg/detail/info__type_support.h
[14.225s] -- Installing: /home/rionessl/SSLRasp/install/message_info/include/message_info/msg/detail/robot_command__struct.h
[14.225s] -- Installing: /home/rionessl/SSLRasp/install/message_info/include/message_info/msg/detail/info__functions.h
[14.225s] -- Installing: /home/rionessl/SSLRasp/install/message_info/include/message_info/msg/detail/field_line_segment__functions.c
[14.225s] -- Installing: /home/rionessl/SSLRasp/install/message_info/include/message_info/msg/detail/ball_info__type_support.h
[14.225s] -- Installing: /home/rionessl/SSLRasp/install/message_info/include/message_info/msg/detail/goal_info__functions.c
[14.225s] -- Installing: /home/rionessl/SSLRasp/install/message_info/include/message_info/msg/detail/detection_robot__functions.h
[14.225s] -- Installing: /home/rionessl/SSLRasp/install/message_info/include/message_info/msg/detail/detection_frame__functions.h
[14.225s] -- Installing: /home/rionessl/SSLRasp/install/message_info/include/message_info/msg/detail/role__struct.h
[14.225s] -- Installing: /home/rionessl/SSLRasp/install/message_info/include/message_info/msg/detail/vision_geometry__functions.h
[14.226s] -- Installing: /home/rionessl/SSLRasp/install/message_info/include/message_info/msg/detail/robot_commands__struct.h
[14.226s] -- Installing: /home/rionessl/SSLRasp/install/message_info/include/message_info/msg/detail/field_circular_arc__functions.h
[14.226s] -- Installing: /home/rionessl/SSLRasp/install/message_info/include/message_info/msg/detail/field_circular_arc__struct.h
[14.226s] -- Installing: /home/rionessl/SSLRasp/install/message_info/include/message_info/msg/detail/vision_detections__functions.h
[14.226s] -- Installing: /home/rionessl/SSLRasp/install/message_info/include/message_info/msg/detail/field_circular_arc__functions.c
[14.226s] -- Installing: /home/rionessl/SSLRasp/install/message_info/include/message_info/msg/detail/referee__struct.h
[14.226s] -- Installing: /home/rionessl/SSLRasp/install/message_info/include/message_info/msg/detail/goalie__struct.h
[14.226s] -- Installing: /home/rionessl/SSLRasp/install/message_info/include/message_info/msg/detail/vision_geometry__struct.h
[14.227s] -- Installing: /home/rionessl/SSLRasp/install/message_info/include/message_info/msg/detail/field_line_segment__type_support.h
[14.227s] -- Installing: /home/rionessl/SSLRasp/install/message_info/include/message_info/msg/detail/referee_team_info__type_support.h
[14.227s] -- Installing: /home/rionessl/SSLRasp/install/message_info/include/message_info/msg/detail/role__type_support.h
[14.227s] -- Installing: /home/rionessl/SSLRasp/install/message_info/include/message_info/msg/detail/vision_geometry__type_support.h
[14.227s] -- Installing: /home/rionessl/SSLRasp/install/message_info/include/message_info/msg/detail/robot_commands__functions.c
[14.227s] -- Installing: /home/rionessl/SSLRasp/install/message_info/include/message_info/msg/detail/field_circular_arc__type_support.h
[14.227s] -- Installing: /home/rionessl/SSLRasp/install/message_info/include/message_info/msg/detail/ball_info__functions.h
[14.227s] -- Installing: /home/rionessl/SSLRasp/install/message_info/include/message_info/msg/detail/detection_robot__struct.h
[14.227s] -- Installing: /home/rionessl/SSLRasp/install/message_info/include/message_info/msg/detail/attacker__type_support.h
[14.228s] -- Installing: /home/rionessl/SSLRasp/install/message_info/include/message_info/msg/detail/robot_command__functions.h
[14.228s] -- Installing: /home/rionessl/SSLRasp/install/message_info/include/message_info/msg/detail/detection_ball__functions.c
[14.228s] -- Installing: /home/rionessl/SSLRasp/install/message_info/include/message_info/msg/detail/attacker__functions.h
[14.228s] -- Installing: /home/rionessl/SSLRasp/install/message_info/include/message_info/msg/detail/referee_game_event__functions.c
[14.228s] -- Installing: /home/rionessl/SSLRasp/install/message_info/include/message_info/msg/detail/robot_commands__type_support.h
[14.228s] -- Installing: /home/rionessl/SSLRasp/install/message_info/include/message_info/msg/detail/test__struct.h
[14.228s] -- Installing: /home/rionessl/SSLRasp/install/message_info/include/message_info/msg/detail/ball_info__functions.c
[14.228s] -- Installing: /home/rionessl/SSLRasp/install/message_info/include/message_info/msg/detail/detection_frame__functions.c
[14.228s] -- Installing: /home/rionessl/SSLRasp/install/message_info/include/message_info/msg/field_circular_arc.h
[14.229s] -- Installing: /home/rionessl/SSLRasp/install/message_info/include/message_info/msg/vision_detections.h
[14.229s] -- Installing: /home/rionessl/SSLRasp/install/message_info/include/message_info/msg/detection_ball.h
[14.229s] -- Installing: /home/rionessl/SSLRasp/install/message_info/include/message_info/msg/detection_frame.h
[14.229s] -- Installing: /home/rionessl/SSLRasp/install/message_info/include/message_info/msg/role.h
[14.229s] -- Installing: /home/rionessl/SSLRasp/install/message_info/include/message_info/msg/attacker.h
[14.229s] -- Installing: /home/rionessl/SSLRasp/install/message_info/include/message_info/msg/referee.h
[14.229s] -- Installing: /home/rionessl/SSLRasp/install/message_info/include/message_info/msg/referee_team_info.h
[14.230s] -- Installing: /home/rionessl/SSLRasp/install/message_info/include/message_info/msg/goal_info.h
[14.230s] -- Installing: /home/rionessl/SSLRasp/install/message_info/include/message_info/msg/referee_game_event.h
[14.230s] -- Installing: /home/rionessl/SSLRasp/install/message_info/include/message_info/msg/rosidl_generator_c__visibility_control.h
[14.230s] -- Installing: /home/rionessl/SSLRasp/install/message_info/include/message_info/msg/vision_geometry.h
[14.230s] -- Installing: /home/rionessl/SSLRasp/install/message_info/include/message_info/msg/info.h
[14.230s] -- Installing: /home/rionessl/SSLRasp/install/message_info/include/message_info/msg/detection_robot.h
[14.230s] -- Installing: /home/rionessl/SSLRasp/install/message_info/include/message_info/msg/field_line_segment.h
[14.230s] -- Installing: /home/rionessl/SSLRasp/install/message_info/share/message_info/environment/library_path.sh
[14.230s] -- Installing: /home/rionessl/SSLRasp/install/message_info/share/message_info/environment/library_path.dsv
[14.231s] -- Installing: /home/rionessl/SSLRasp/install/message_info/lib/libmessage_info__rosidl_generator_c.so
[14.231s] -- Set runtime path of "/home/rionessl/SSLRasp/install/message_info/lib/libmessage_info__rosidl_generator_c.so" to ""
[14.231s] -- Up-to-date: /home/rionessl/SSLRasp/install/message_info/include/message_info
[14.231s] -- Up-to-date: /home/rionessl/SSLRasp/install/message_info/include/message_info/msg
[14.231s] -- Up-to-date: /home/rionessl/SSLRasp/install/message_info/include/message_info/msg/detail
[14.231s] -- Installing: /home/rionessl/SSLRasp/install/message_info/include/message_info/msg/detail/test__rosidl_typesupport_fastrtps_c.h
[14.231s] -- Installing: /home/rionessl/SSLRasp/install/message_info/include/message_info/msg/detail/referee_game_event__rosidl_typesupport_fastrtps_c.h
[14.232s] -- Installing: /home/rionessl/SSLRasp/install/message_info/include/message_info/msg/detail/referee_team_info__rosidl_typesupport_fastrtps_c.h
[14.232s] -- Installing: /home/rionessl/SSLRasp/install/message_info/include/message_info/msg/detail/robot_commands__rosidl_typesupport_fastrtps_c.h
[14.232s] -- Installing: /home/rionessl/SSLRasp/install/message_info/include/message_info/msg/detail/field_circular_arc__rosidl_typesupport_fastrtps_c.h
[14.232s] -- Installing: /home/rionessl/SSLRasp/install/message_info/include/message_info/msg/detail/detection_ball__rosidl_typesupport_fastrtps_c.h
[14.232s] -- Installing: /home/rionessl/SSLRasp/install/message_info/include/message_info/msg/detail/ball_info__rosidl_typesupport_fastrtps_c.h
[14.232s] -- Installing: /home/rionessl/SSLRasp/install/message_info/include/message_info/msg/detail/vision_detections__rosidl_typesupport_fastrtps_c.h
[14.232s] -- Installing: /home/rionessl/SSLRasp/install/message_info/include/message_info/msg/detail/goalie__rosidl_typesupport_fastrtps_c.h
[14.232s] -- Installing: /home/rionessl/SSLRasp/install/message_info/include/message_info/msg/detail/info__rosidl_typesupport_fastrtps_c.h
[14.233s] -- Installing: /home/rionessl/SSLRasp/install/message_info/include/message_info/msg/detail/vision_geometry__rosidl_typesupport_fastrtps_c.h
[14.233s] -- Installing: /home/rionessl/SSLRasp/install/message_info/include/message_info/msg/detail/goal_info__rosidl_typesupport_fastrtps_c.h
[14.233s] -- Installing: /home/rionessl/SSLRasp/install/message_info/include/message_info/msg/detail/detection_robot__rosidl_typesupport_fastrtps_c.h
[14.233s] -- Installing: /home/rionessl/SSLRasp/install/message_info/include/message_info/msg/detail/referee__rosidl_typesupport_fastrtps_c.h
[14.233s] -- Installing: /home/rionessl/SSLRasp/install/message_info/include/message_info/msg/detail/detection_frame__rosidl_typesupport_fastrtps_c.h
[14.233s] -- Installing: /home/rionessl/SSLRasp/install/message_info/include/message_info/msg/detail/attacker__rosidl_typesupport_fastrtps_c.h
[14.233s] -- Installing: /home/rionessl/SSLRasp/install/message_info/include/message_info/msg/detail/robot_command__rosidl_typesupport_fastrtps_c.h
[14.233s] -- Installing: /home/rionessl/SSLRasp/install/message_info/include/message_info/msg/detail/role__rosidl_typesupport_fastrtps_c.h
[14.234s] -- Installing: /home/rionessl/SSLRasp/install/message_info/include/message_info/msg/detail/field_line_segment__rosidl_typesupport_fastrtps_c.h
[14.234s] -- Installing: /home/rionessl/SSLRasp/install/message_info/include/message_info/msg/rosidl_typesupport_fastrtps_c__visibility_control.h
[14.234s] -- Installing: /home/rionessl/SSLRasp/install/message_info/lib/libmessage_info__rosidl_typesupport_fastrtps_c.so
[14.234s] -- Set runtime path of "/home/rionessl/SSLRasp/install/message_info/lib/libmessage_info__rosidl_typesupport_fastrtps_c.so" to ""
[14.234s] -- Up-to-date: /home/rionessl/SSLRasp/install/message_info/include/message_info
[14.234s] -- Up-to-date: /home/rionessl/SSLRasp/install/message_info/include/message_info/msg
[14.234s] -- Up-to-date: /home/rionessl/SSLRasp/install/message_info/include/message_info/msg/detail
[14.234s] -- Installing: /home/rionessl/SSLRasp/install/message_info/include/message_info/msg/detail/test__rosidl_typesupport_fastrtps_cpp.hpp
[14.235s] -- Installing: /home/rionessl/SSLRasp/install/message_info/include/message_info/msg/detail/goal_info__rosidl_typesupport_fastrtps_cpp.hpp
[14.235s] -- Installing: /home/rionessl/SSLRasp/install/message_info/include/message_info/msg/detail/dds_fastrtps
[14.235s] -- Installing: /home/rionessl/SSLRasp/install/message_info/include/message_info/msg/detail/vision_detections__rosidl_typesupport_fastrtps_cpp.hpp
[14.235s] -- Installing: /home/rionessl/SSLRasp/install/message_info/include/message_info/msg/detail/referee__rosidl_typesupport_fastrtps_cpp.hpp
[14.235s] -- Installing: /home/rionessl/SSLRasp/install/message_info/include/message_info/msg/detail/referee_team_info__rosidl_typesupport_fastrtps_cpp.hpp
[14.235s] -- Installing: /home/rionessl/SSLRasp/install/message_info/include/message_info/msg/detail/ball_info__rosidl_typesupport_fastrtps_cpp.hpp
[14.235s] -- Installing: /home/rionessl/SSLRasp/install/message_info/include/message_info/msg/detail/vision_geometry__rosidl_typesupport_fastrtps_cpp.hpp
[14.235s] -- Installing: /home/rionessl/SSLRasp/install/message_info/include/message_info/msg/detail/goalie__rosidl_typesupport_fastrtps_cpp.hpp
[14.236s] -- Installing: /home/rionessl/SSLRasp/install/message_info/include/message_info/msg/detail/attacker__rosidl_typesupport_fastrtps_cpp.hpp
[14.236s] -- Installing: /home/rionessl/SSLRasp/install/message_info/include/message_info/msg/detail/robot_command__rosidl_typesupport_fastrtps_cpp.hpp
[14.236s] -- Installing: /home/rionessl/SSLRasp/install/message_info/include/message_info/msg/detail/referee_game_event__rosidl_typesupport_fastrtps_cpp.hpp
[14.236s] -- Installing: /home/rionessl/SSLRasp/install/message_info/include/message_info/msg/detail/robot_commands__rosidl_typesupport_fastrtps_cpp.hpp
[14.236s] -- Installing: /home/rionessl/SSLRasp/install/message_info/include/message_info/msg/detail/field_line_segment__rosidl_typesupport_fastrtps_cpp.hpp
[14.236s] -- Installing: /home/rionessl/SSLRasp/install/message_info/include/message_info/msg/detail/field_circular_arc__rosidl_typesupport_fastrtps_cpp.hpp
[14.236s] -- Installing: /home/rionessl/SSLRasp/install/message_info/include/message_info/msg/detail/role__rosidl_typesupport_fastrtps_cpp.hpp
[14.236s] -- Installing: /home/rionessl/SSLRasp/install/message_info/include/message_info/msg/detail/detection_frame__rosidl_typesupport_fastrtps_cpp.hpp
[14.236s] -- Installing: /home/rionessl/SSLRasp/install/message_info/include/message_info/msg/detail/detection_ball__rosidl_typesupport_fastrtps_cpp.hpp
[14.237s] -- Installing: /home/rionessl/SSLRasp/install/message_info/include/message_info/msg/detail/info__rosidl_typesupport_fastrtps_cpp.hpp
[14.237s] -- Installing: /home/rionessl/SSLRasp/install/message_info/include/message_info/msg/detail/detection_robot__rosidl_typesupport_fastrtps_cpp.hpp
[14.237s] -- Installing: /home/rionessl/SSLRasp/install/message_info/include/message_info/msg/rosidl_typesupport_fastrtps_cpp__visibility_control.h
[14.237s] -- Installing: /home/rionessl/SSLRasp/install/message_info/lib/libmessage_info__rosidl_typesupport_fastrtps_cpp.so
[14.237s] -- Set runtime path of "/home/rionessl/SSLRasp/install/message_info/lib/libmessage_info__rosidl_typesupport_fastrtps_cpp.so" to ""
[14.237s] -- Up-to-date: /home/rionessl/SSLRasp/install/message_info/include/message_info
[14.237s] -- Up-to-date: /home/rionessl/SSLRasp/install/message_info/include/message_info/msg
[14.237s] -- Up-to-date: /home/rionessl/SSLRasp/install/message_info/include/message_info/msg/detail
[14.237s] -- Installing: /home/rionessl/SSLRasp/install/message_info/include/message_info/msg/detail/referee__rosidl_typesupport_introspection_c.h
[14.237s] -- Installing: /home/rionessl/SSLRasp/install/message_info/include/message_info/msg/detail/detection_robot__type_support.c
[14.238s] -- Installing: /home/rionessl/SSLRasp/install/message_info/include/message_info/msg/detail/info__type_support.c
[14.238s] -- Installing: /home/rionessl/SSLRasp/install/message_info/include/message_info/msg/detail/attacker__type_support.c
[14.238s] -- Installing: /home/rionessl/SSLRasp/install/message_info/include/message_info/msg/detail/robot_commands__type_support.c
[14.238s] -- Installing: /home/rionessl/SSLRasp/install/message_info/include/message_info/msg/detail/vision_detections__rosidl_typesupport_introspection_c.h
[14.238s] -- Installing: /home/rionessl/SSLRasp/install/message_info/include/message_info/msg/detail/detection_frame__type_support.c
[14.238s] -- Installing: /home/rionessl/SSLRasp/install/message_info/include/message_info/msg/detail/robot_commands__rosidl_typesupport_introspection_c.h
[14.238s] -- Installing: /home/rionessl/SSLRasp/install/message_info/include/message_info/msg/detail/referee_game_event__type_support.c
[14.238s] -- Installing: /home/rionessl/SSLRasp/install/message_info/include/message_info/msg/detail/ball_info__rosidl_typesupport_introspection_c.h
[14.238s] -- Installing: /home/rionessl/SSLRasp/install/message_info/include/message_info/msg/detail/test__type_support.c
[14.238s] -- Installing: /home/rionessl/SSLRasp/install/message_info/include/message_info/msg/detail/referee_game_event__rosidl_typesupport_introspection_c.h
[14.239s] -- Installing: /home/rionessl/SSLRasp/install/message_info/include/message_info/msg/detail/vision_detections__type_support.c
[14.239s] -- Installing: /home/rionessl/SSLRasp/install/message_info/include/message_info/msg/detail/vision_geometry__type_support.c
[14.239s] -- Installing: /home/rionessl/SSLRasp/install/message_info/include/message_info/msg/detail/ball_info__type_support.c
[14.239s] -- Installing: /home/rionessl/SSLRasp/install/message_info/include/message_info/msg/detail/detection_ball__rosidl_typesupport_introspection_c.h
[14.239s] -- Installing: /home/rionessl/SSLRasp/install/message_info/include/message_info/msg/detail/role__type_support.c
[14.239s] -- Installing: /home/rionessl/SSLRasp/install/message_info/include/message_info/msg/detail/goalie__rosidl_typesupport_introspection_c.h
[14.239s] -- Installing: /home/rionessl/SSLRasp/install/message_info/include/message_info/msg/detail/detection_frame__rosidl_typesupport_introspection_c.h
[14.239s] -- Installing: /home/rionessl/SSLRasp/install/message_info/include/message_info/msg/detail/robot_command__type_support.c
[14.239s] -- Installing: /home/rionessl/SSLRasp/install/message_info/include/message_info/msg/detail/referee__type_support.c
[14.239s] -- Installing: /home/rionessl/SSLRasp/install/message_info/include/message_info/msg/detail/goalie__type_support.c
[14.239s] -- Installing: /home/rionessl/SSLRasp/install/message_info/include/message_info/msg/detail/field_circular_arc__type_support.c
[14.240s] -- Installing: /home/rionessl/SSLRasp/install/message_info/include/message_info/msg/detail/role__rosidl_typesupport_introspection_c.h
[14.240s] -- Installing: /home/rionessl/SSLRasp/install/message_info/include/message_info/msg/detail/field_line_segment__type_support.c
[14.240s] -- Installing: /home/rionessl/SSLRasp/install/message_info/include/message_info/msg/detail/field_line_segment__rosidl_typesupport_introspection_c.h
[14.240s] -- Installing: /home/rionessl/SSLRasp/install/message_info/include/message_info/msg/detail/detection_ball__type_support.c
[14.240s] -- Installing: /home/rionessl/SSLRasp/install/message_info/include/message_info/msg/detail/detection_robot__rosidl_typesupport_introspection_c.h
[14.240s] -- Installing: /home/rionessl/SSLRasp/install/message_info/include/message_info/msg/detail/robot_command__rosidl_typesupport_introspection_c.h
[14.240s] -- Installing: /home/rionessl/SSLRasp/install/message_info/include/message_info/msg/detail/test__rosidl_typesupport_introspection_c.h
[14.240s] -- Installing: /home/rionessl/SSLRasp/install/message_info/include/message_info/msg/detail/vision_geometry__rosidl_typesupport_introspection_c.h
[14.240s] -- Installing: /home/rionessl/SSLRasp/install/message_info/include/message_info/msg/detail/referee_team_info__type_support.c
[14.240s] -- Installing: /home/rionessl/SSLRasp/install/message_info/include/message_info/msg/detail/goal_info__rosidl_typesupport_introspection_c.h
[14.240s] -- Installing: /home/rionessl/SSLRasp/install/message_info/include/message_info/msg/detail/goal_info__type_support.c
[14.241s] -- Installing: /home/rionessl/SSLRasp/install/message_info/include/message_info/msg/detail/referee_team_info__rosidl_typesupport_introspection_c.h
[14.241s] -- Installing: /home/rionessl/SSLRasp/install/message_info/include/message_info/msg/detail/attacker__rosidl_typesupport_introspection_c.h
[14.241s] -- Installing: /home/rionessl/SSLRasp/install/message_info/include/message_info/msg/detail/info__rosidl_typesupport_introspection_c.h
[14.241s] -- Installing: /home/rionessl/SSLRasp/install/message_info/include/message_info/msg/detail/field_circular_arc__rosidl_typesupport_introspection_c.h
[14.241s] -- Installing: /home/rionessl/SSLRasp/install/message_info/include/message_info/msg/rosidl_typesupport_introspection_c__visibility_control.h
[14.241s] -- Installing: /home/rionessl/SSLRasp/install/message_info/lib/libmessage_info__rosidl_typesupport_introspection_c.so
[14.241s] -- Set runtime path of "/home/rionessl/SSLRasp/install/message_info/lib/libmessage_info__rosidl_typesupport_introspection_c.so" to ""
[14.241s] -- Installing: /home/rionessl/SSLRasp/install/message_info/lib/libmessage_info__rosidl_typesupport_c.so
[14.241s] -- Set runtime path of "/home/rionessl/SSLRasp/install/message_info/lib/libmessage_info__rosidl_typesupport_c.so" to ""
[14.241s] -- Up-to-date: /home/rionessl/SSLRasp/install/message_info/include/message_info
[14.242s] -- Up-to-date: /home/rionessl/SSLRasp/install/message_info/include/message_info/msg
[14.242s] -- Installing: /home/rionessl/SSLRasp/install/message_info/include/message_info/msg/attacker.hpp
[14.242s] -- Installing: /home/rionessl/SSLRasp/install/message_info/include/message_info/msg/referee_team_info.hpp
[14.242s] -- Installing: /home/rionessl/SSLRasp/install/message_info/include/message_info/msg/goal_info.hpp
[14.242s] -- Installing: /home/rionessl/SSLRasp/install/message_info/include/message_info/msg/referee_game_event.hpp
[14.242s] -- Up-to-date: /home/rionessl/SSLRasp/install/message_info/include/message_info/msg/detail
[14.242s] -- Installing: /home/rionessl/SSLRasp/install/message_info/include/message_info/msg/detail/test__builder.hpp
[14.242s] -- Installing: /home/rionessl/SSLRasp/install/message_info/include/message_info/msg/detail/info__builder.hpp
[14.242s] -- Installing: /home/rionessl/SSLRasp/install/message_info/include/message_info/msg/detail/field_circular_arc__builder.hpp
[14.242s] -- Installing: /home/rionessl/SSLRasp/install/message_info/include/message_info/msg/detail/vision_geometry__traits.hpp
[14.242s] -- Installing: /home/rionessl/SSLRasp/install/message_info/include/message_info/msg/detail/referee__traits.hpp
[14.243s] -- Installing: /home/rionessl/SSLRasp/install/message_info/include/message_info/msg/detail/referee__struct.hpp
[14.243s] -- Installing: /home/rionessl/SSLRasp/install/message_info/include/message_info/msg/detail/ball_info__builder.hpp
[14.243s] -- Installing: /home/rionessl/SSLRasp/install/message_info/include/message_info/msg/detail/ball_info__traits.hpp
[14.243s] -- Installing: /home/rionessl/SSLRasp/install/message_info/include/message_info/msg/detail/goalie__traits.hpp
[14.243s] -- Installing: /home/rionessl/SSLRasp/install/message_info/include/message_info/msg/detail/goal_info__builder.hpp
[14.243s] -- Installing: /home/rionessl/SSLRasp/install/message_info/include/message_info/msg/detail/vision_detections__traits.hpp
[14.243s] -- Installing: /home/rionessl/SSLRasp/install/message_info/include/message_info/msg/detail/field_line_segment__struct.hpp
[14.243s] -- Installing: /home/rionessl/SSLRasp/install/message_info/include/message_info/msg/detail/goal_info__traits.hpp
[14.243s] -- Installing: /home/rionessl/SSLRasp/install/message_info/include/message_info/msg/detail/role__builder.hpp
[14.243s] -- Installing: /home/rionessl/SSLRasp/install/message_info/include/message_info/msg/detail/detection_ball__builder.hpp
[14.243s] -- Installing: /home/rionessl/SSLRasp/install/message_info/include/message_info/msg/detail/robot_command__struct.hpp
[14.243s] -- Installing: /home/rionessl/SSLRasp/install/message_info/include/message_info/msg/detail/goal_info__struct.hpp
[14.243s] -- Installing: /home/rionessl/SSLRasp/install/message_info/include/message_info/msg/detail/ball_info__struct.hpp
[14.243s] -- Installing: /home/rionessl/SSLRasp/install/message_info/include/message_info/msg/detail/info__struct.hpp
[14.243s] -- Installing: /home/rionessl/SSLRasp/install/message_info/include/message_info/msg/detail/detection_robot__traits.hpp
[14.243s] -- Installing: /home/rionessl/SSLRasp/install/message_info/include/message_info/msg/detail/test__traits.hpp
[14.244s] -- Installing: /home/rionessl/SSLRasp/install/message_info/include/message_info/msg/detail/vision_detections__struct.hpp
[14.244s] -- Installing: /home/rionessl/SSLRasp/install/message_info/include/message_info/msg/detail/robot_command__builder.hpp
[14.244s] -- Installing: /home/rionessl/SSLRasp/install/message_info/include/message_info/msg/detail/attacker__builder.hpp
[14.244s] -- Installing: /home/rionessl/SSLRasp/install/message_info/include/message_info/msg/detail/referee__builder.hpp
[14.244s] -- Installing: /home/rionessl/SSLRasp/install/message_info/include/message_info/msg/detail/robot_command__traits.hpp
[14.244s] -- Installing: /home/rionessl/SSLRasp/install/message_info/include/message_info/msg/detail/vision_detections__builder.hpp
[14.244s] -- Installing: /home/rionessl/SSLRasp/install/message_info/include/message_info/msg/detail/info__traits.hpp
[14.244s] -- Installing: /home/rionessl/SSLRasp/install/message_info/include/message_info/msg/detail/detection_ball__struct.hpp
[14.244s] -- Installing: /home/rionessl/SSLRasp/install/message_info/include/message_info/msg/detail/referee_team_info__builder.hpp
[14.244s] -- Installing: /home/rionessl/SSLRasp/install/message_info/include/message_info/msg/detail/role__struct.hpp
[14.244s] -- Installing: /home/rionessl/SSLRasp/install/message_info/include/message_info/msg/detail/referee_game_event__builder.hpp
[14.244s] -- Installing: /home/rionessl/SSLRasp/install/message_info/include/message_info/msg/detail/field_line_segment__builder.hpp
[14.244s] -- Installing: /home/rionessl/SSLRasp/install/message_info/include/message_info/msg/detail/detection_frame__traits.hpp
[14.244s] -- Installing: /home/rionessl/SSLRasp/install/message_info/include/message_info/msg/detail/vision_geometry__struct.hpp
[14.244s] -- Installing: /home/rionessl/SSLRasp/install/message_info/include/message_info/msg/detail/detection_robot__builder.hpp
[14.244s] -- Installing: /home/rionessl/SSLRasp/install/message_info/include/message_info/msg/detail/detection_frame__builder.hpp
[14.244s] -- Installing: /home/rionessl/SSLRasp/install/message_info/include/message_info/msg/detail/goalie__struct.hpp
[14.244s] -- Installing: /home/rionessl/SSLRasp/install/message_info/include/message_info/msg/detail/goalie__builder.hpp
[14.244s] -- Installing: /home/rionessl/SSLRasp/install/message_info/include/message_info/msg/detail/attacker__traits.hpp
[14.244s] -- Installing: /home/rionessl/SSLRasp/install/message_info/include/message_info/msg/detail/detection_robot__struct.hpp
[14.244s] -- Installing: /home/rionessl/SSLRasp/install/message_info/include/message_info/msg/detail/robot_commands__builder.hpp
[14.245s] -- Installing: /home/rionessl/SSLRasp/install/message_info/include/message_info/msg/detail/detection_ball__traits.hpp
[14.245s] -- Installing: /home/rionessl/SSLRasp/install/message_info/include/message_info/msg/detail/test__struct.hpp
[14.245s] -- Installing: /home/rionessl/SSLRasp/install/message_info/include/message_info/msg/detail/field_circular_arc__struct.hpp
[14.245s] -- Installing: /home/rionessl/SSLRasp/install/message_info/include/message_info/msg/detail/field_circular_arc__traits.hpp
[14.245s] -- Installing: /home/rionessl/SSLRasp/install/message_info/include/message_info/msg/detail/referee_game_event__traits.hpp
[14.245s] -- Installing: /home/rionessl/SSLRasp/install/message_info/include/message_info/msg/detail/robot_commands__traits.hpp
[14.245s] -- Installing: /home/rionessl/SSLRasp/install/message_info/include/message_info/msg/detail/referee_game_event__struct.hpp
[14.245s] -- Installing: /home/rionessl/SSLRasp/install/message_info/include/message_info/msg/detail/robot_commands__struct.hpp
[14.245s] -- Installing: /home/rionessl/SSLRasp/install/message_info/include/message_info/msg/detail/role__traits.hpp
[14.245s] -- Installing: /home/rionessl/SSLRasp/install/message_info/include/message_info/msg/detail/detection_frame__struct.hpp
[14.245s] -- Installing: /home/rionessl/SSLRasp/install/message_info/include/message_info/msg/detail/field_line_segment__traits.hpp
[14.245s] -- Installing: /home/rionessl/SSLRasp/install/message_info/include/message_info/msg/detail/referee_team_info__struct.hpp
[14.245s] -- Installing: /home/rionessl/SSLRasp/install/message_info/include/message_info/msg/detail/attacker__struct.hpp
[14.245s] -- Installing: /home/rionessl/SSLRasp/install/message_info/include/message_info/msg/detail/referee_team_info__traits.hpp
[14.245s] -- Installing: /home/rionessl/SSLRasp/install/message_info/include/message_info/msg/detail/vision_geometry__builder.hpp
[14.245s] -- Installing: /home/rionessl/SSLRasp/install/message_info/include/message_info/msg/referee.hpp
[14.245s] -- Installing: /home/rionessl/SSLRasp/install/message_info/include/message_info/msg/ball_info.hpp
[14.245s] -- Installing: /home/rionessl/SSLRasp/install/message_info/include/message_info/msg/role.hpp
[14.245s] -- Installing: /home/rionessl/SSLRasp/install/message_info/include/message_info/msg/vision_geometry.hpp
[14.245s] -- Installing: /home/rionessl/SSLRasp/install/message_info/include/message_info/msg/field_line_segment.hpp
[14.245s] -- Installing: /home/rionessl/SSLRasp/install/message_info/include/message_info/msg/detection_frame.hpp
[14.246s] -- Installing: /home/rionessl/SSLRasp/install/message_info/include/message_info/msg/info.hpp
[14.246s] -- Installing: /home/rionessl/SSLRasp/install/message_info/include/message_info/msg/detection_robot.hpp
[14.246s] -- Installing: /home/rionessl/SSLRasp/install/message_info/include/message_info/msg/detection_ball.hpp
[14.246s] -- Installing: /home/rionessl/SSLRasp/install/message_info/include/message_info/msg/vision_detections.hpp
[14.246s] -- Installing: /home/rionessl/SSLRasp/install/message_info/include/message_info/msg/robot_commands.hpp
[14.246s] -- Installing: /home/rionessl/SSLRasp/install/message_info/include/message_info/msg/test.hpp
[14.246s] -- Installing: /home/rionessl/SSLRasp/install/message_info/include/message_info/msg/goalie.hpp
[14.246s] -- Installing: /home/rionessl/SSLRasp/install/message_info/include/message_info/msg/field_circular_arc.hpp
[14.246s] -- Installing: /home/rionessl/SSLRasp/install/message_info/include/message_info/msg/robot_command.hpp
[14.246s] -- Up-to-date: /home/rionessl/SSLRasp/install/message_info/include/message_info
[14.246s] -- Up-to-date: /home/rionessl/SSLRasp/install/message_info/include/message_info/msg
[14.246s] -- Up-to-date: /home/rionessl/SSLRasp/install/message_info/include/message_info/msg/detail
[14.246s] -- Installing: /home/rionessl/SSLRasp/install/message_info/include/message_info/msg/detail/referee_team_info__rosidl_typesupport_introspection_cpp.hpp
[14.246s] -- Installing: /home/rionessl/SSLRasp/install/message_info/include/message_info/msg/detail/robot_command__type_support.cpp
[14.246s] -- Installing: /home/rionessl/SSLRasp/install/message_info/include/message_info/msg/detail/field_circular_arc__rosidl_typesupport_introspection_cpp.hpp
[14.246s] -- Installing: /home/rionessl/SSLRasp/install/message_info/include/message_info/msg/detail/info__type_support.cpp
[14.246s] -- Installing: /home/rionessl/SSLRasp/install/message_info/include/message_info/msg/detail/detection_frame__rosidl_typesupport_introspection_cpp.hpp
[14.246s] -- Installing: /home/rionessl/SSLRasp/install/message_info/include/message_info/msg/detail/detection_ball__rosidl_typesupport_introspection_cpp.hpp
[14.246s] -- Installing: /home/rionessl/SSLRasp/install/message_info/include/message_info/msg/detail/referee_game_event__rosidl_typesupport_introspection_cpp.hpp
[14.246s] -- Installing: /home/rionessl/SSLRasp/install/message_info/include/message_info/msg/detail/field_circular_arc__type_support.cpp
[14.246s] -- Installing: /home/rionessl/SSLRasp/install/message_info/include/message_info/msg/detail/referee__type_support.cpp
[14.247s] -- Installing: /home/rionessl/SSLRasp/install/message_info/include/message_info/msg/detail/goal_info__rosidl_typesupport_introspection_cpp.hpp
[14.247s] -- Installing: /home/rionessl/SSLRasp/install/message_info/include/message_info/msg/detail/field_line_segment__rosidl_typesupport_introspection_cpp.hpp
[14.247s] -- Installing: /home/rionessl/SSLRasp/install/message_info/include/message_info/msg/detail/field_line_segment__type_support.cpp
[14.247s] -- Installing: /home/rionessl/SSLRasp/install/message_info/include/message_info/msg/detail/referee_team_info__type_support.cpp
[14.247s] -- Installing: /home/rionessl/SSLRasp/install/message_info/include/message_info/msg/detail/robot_commands__rosidl_typesupport_introspection_cpp.hpp
[14.247s] -- Installing: /home/rionessl/SSLRasp/install/message_info/include/message_info/msg/detail/goal_info__type_support.cpp
[14.247s] -- Installing: /home/rionessl/SSLRasp/install/message_info/include/message_info/msg/detail/vision_geometry__type_support.cpp
[14.247s] -- Installing: /home/rionessl/SSLRasp/install/message_info/include/message_info/msg/detail/referee_game_event__type_support.cpp
[14.247s] -- Installing: /home/rionessl/SSLRasp/install/message_info/include/message_info/msg/detail/role__type_support.cpp
[14.247s] -- Installing: /home/rionessl/SSLRasp/install/message_info/include/message_info/msg/detail/info__rosidl_typesupport_introspection_cpp.hpp
[14.247s] -- Installing: /home/rionessl/SSLRasp/install/message_info/include/message_info/msg/detail/referee__rosidl_typesupport_introspection_cpp.hpp
[14.247s] -- Installing: /home/rionessl/SSLRasp/install/message_info/include/message_info/msg/detail/ball_info__rosidl_typesupport_introspection_cpp.hpp
[14.247s] -- Installing: /home/rionessl/SSLRasp/install/message_info/include/message_info/msg/detail/detection_frame__type_support.cpp
[14.247s] -- Installing: /home/rionessl/SSLRasp/install/message_info/include/message_info/msg/detail/vision_detections__type_support.cpp
[14.247s] -- Installing: /home/rionessl/SSLRasp/install/message_info/include/message_info/msg/detail/role__rosidl_typesupport_introspection_cpp.hpp
[14.247s] -- Installing: /home/rionessl/SSLRasp/install/message_info/include/message_info/msg/detail/goalie__type_support.cpp
[14.247s] -- Installing: /home/rionessl/SSLRasp/install/message_info/include/message_info/msg/detail/attacker__rosidl_typesupport_introspection_cpp.hpp
[14.247s] -- Installing: /home/rionessl/SSLRasp/install/message_info/include/message_info/msg/detail/vision_geometry__rosidl_typesupport_introspection_cpp.hpp
[14.247s] -- Installing: /home/rionessl/SSLRasp/install/message_info/include/message_info/msg/detail/detection_robot__rosidl_typesupport_introspection_cpp.hpp
[14.247s] -- Installing: /home/rionessl/SSLRasp/install/message_info/include/message_info/msg/detail/test__type_support.cpp
[14.247s] -- Installing: /home/rionessl/SSLRasp/install/message_info/include/message_info/msg/detail/robot_command__rosidl_typesupport_introspection_cpp.hpp
[14.248s] -- Installing: /home/rionessl/SSLRasp/install/message_info/include/message_info/msg/detail/robot_commands__type_support.cpp
[14.248s] -- Installing: /home/rionessl/SSLRasp/install/message_info/include/message_info/msg/detail/detection_ball__type_support.cpp
[14.248s] -- Installing: /home/rionessl/SSLRasp/install/message_info/include/message_info/msg/detail/goalie__rosidl_typesupport_introspection_cpp.hpp
[14.248s] -- Installing: /home/rionessl/SSLRasp/install/message_info/include/message_info/msg/detail/ball_info__type_support.cpp
[14.248s] -- Installing: /home/rionessl/SSLRasp/install/message_info/include/message_info/msg/detail/attacker__type_support.cpp
[14.248s] -- Installing: /home/rionessl/SSLRasp/install/message_info/include/message_info/msg/detail/vision_detections__rosidl_typesupport_introspection_cpp.hpp
[14.248s] -- Installing: /home/rionessl/SSLRasp/install/message_info/include/message_info/msg/detail/test__rosidl_typesupport_introspection_cpp.hpp
[14.248s] -- Installing: /home/rionessl/SSLRasp/install/message_info/include/message_info/msg/detail/detection_robot__type_support.cpp
[14.248s] -- Installing: /home/rionessl/SSLRasp/install/message_info/lib/libmessage_info__rosidl_typesupport_introspection_cpp.so
[14.248s] -- Set runtime path of "/home/rionessl/SSLRasp/install/message_info/lib/libmessage_info__rosidl_typesupport_introspection_cpp.so" to ""
[14.248s] -- Installing: /home/rionessl/SSLRasp/install/message_info/lib/libmessage_info__rosidl_typesupport_cpp.so
[14.248s] -- Set runtime path of "/home/rionessl/SSLRasp/install/message_info/lib/libmessage_info__rosidl_typesupport_cpp.so" to ""
[14.248s] -- Installing: /home/rionessl/SSLRasp/install/message_info/share/message_info/environment/pythonpath.sh
[14.248s] -- Installing: /home/rionessl/SSLRasp/install/message_info/share/message_info/environment/pythonpath.dsv
[14.248s] -- Installing: /home/rionessl/SSLRasp/install/message_info/lib/python3.8/site-packages/message_info/__init__.py
[14.288s] Compiling '/home/rionessl/SSLRasp/install/message_info/lib/python3.8/site-packages/message_info/__init__.py'...
[14.291s] -- Installing: /home/rionessl/SSLRasp/install/message_info/lib/python3.8/site-packages/message_info/msg
[14.291s] -- Installing: /home/rionessl/SSLRasp/install/message_info/lib/python3.8/site-packages/message_info/msg/_info.py
[14.291s] -- Installing: /home/rionessl/SSLRasp/install/message_info/lib/python3.8/site-packages/message_info/msg/_field_line_segment.py
[14.291s] -- Installing: /home/rionessl/SSLRasp/install/message_info/lib/python3.8/site-packages/message_info/msg/_vision_detections.py
[14.292s] -- Installing: /home/rionessl/SSLRasp/install/message_info/lib/python3.8/site-packages/message_info/msg/_referee_s.c
[14.292s] -- Installing: /home/rionessl/SSLRasp/install/message_info/lib/python3.8/site-packages/message_info/msg/_detection_robot_s.c
[14.292s] -- Installing: /home/rionessl/SSLRasp/install/message_info/lib/python3.8/site-packages/message_info/msg/_info_s.c
[14.292s] -- Installing: /home/rionessl/SSLRasp/install/message_info/lib/python3.8/site-packages/message_info/msg/_referee_team_info_s.c
[14.292s] -- Installing: /home/rionessl/SSLRasp/install/message_info/lib/python3.8/site-packages/message_info/msg/_referee_game_event.py
[14.292s] -- Installing: /home/rionessl/SSLRasp/install/message_info/lib/python3.8/site-packages/message_info/msg/_goal_info.py
[14.292s] -- Installing: /home/rionessl/SSLRasp/install/message_info/lib/python3.8/site-packages/message_info/msg/_referee_team_info.py
[14.292s] -- Installing: /home/rionessl/SSLRasp/install/message_info/lib/python3.8/site-packages/message_info/msg/_field_line_segment_s.c
[14.292s] -- Installing: /home/rionessl/SSLRasp/install/message_info/lib/python3.8/site-packages/message_info/msg/_field_circular_arc_s.c
[14.292s] -- Installing: /home/rionessl/SSLRasp/install/message_info/lib/python3.8/site-packages/message_info/msg/_attacker.py
[14.293s] -- Installing: /home/rionessl/SSLRasp/install/message_info/lib/python3.8/site-packages/message_info/msg/_robot_commands.py
[14.293s] -- Installing: /home/rionessl/SSLRasp/install/message_info/lib/python3.8/site-packages/message_info/msg/_robot_command_s.c
[14.293s] -- Installing: /home/rionessl/SSLRasp/install/message_info/lib/python3.8/site-packages/message_info/msg/_detection_ball_s.c
[14.293s] -- Installing: /home/rionessl/SSLRasp/install/message_info/lib/python3.8/site-packages/message_info/msg/_ball_info_s.c
[14.293s] -- Installing: /home/rionessl/SSLRasp/install/message_info/lib/python3.8/site-packages/message_info/msg/_detection_frame.py
[14.293s] -- Installing: /home/rionessl/SSLRasp/install/message_info/lib/python3.8/site-packages/message_info/msg/_role.py
[14.293s] -- Installing: /home/rionessl/SSLRasp/install/message_info/lib/python3.8/site-packages/message_info/msg/_field_circular_arc.py
[14.293s] -- Installing: /home/rionessl/SSLRasp/install/message_info/lib/python3.8/site-packages/message_info/msg/__init__.py
[14.293s] -- Installing: /home/rionessl/SSLRasp/install/message_info/lib/python3.8/site-packages/message_info/msg/_referee_game_event_s.c
[14.293s] -- Installing: /home/rionessl/SSLRasp/install/message_info/lib/python3.8/site-packages/message_info/msg/_test.py
[14.294s] -- Installing: /home/rionessl/SSLRasp/install/message_info/lib/python3.8/site-packages/message_info/msg/_attacker_s.c
[14.294s] -- Installing: /home/rionessl/SSLRasp/install/message_info/lib/python3.8/site-packages/message_info/msg/_goalie.py
[14.294s] -- Installing: /home/rionessl/SSLRasp/install/message_info/lib/python3.8/site-packages/message_info/msg/_detection_frame_s.c
[14.294s] -- Installing: /home/rionessl/SSLRasp/install/message_info/lib/python3.8/site-packages/message_info/msg/_detection_ball.py
[14.294s] -- Installing: /home/rionessl/SSLRasp/install/message_info/lib/python3.8/site-packages/message_info/msg/_test_s.c
[14.294s] -- Installing: /home/rionessl/SSLRasp/install/message_info/lib/python3.8/site-packages/message_info/msg/_vision_geometry.py
[14.294s] -- Installing: /home/rionessl/SSLRasp/install/message_info/lib/python3.8/site-packages/message_info/msg/_vision_geometry_s.c
[14.294s] -- Installing: /home/rionessl/SSLRasp/install/message_info/lib/python3.8/site-packages/message_info/msg/_goal_info_s.c
[14.294s] -- Installing: /home/rionessl/SSLRasp/install/message_info/lib/python3.8/site-packages/message_info/msg/_goalie_s.c
[14.295s] -- Installing: /home/rionessl/SSLRasp/install/message_info/lib/python3.8/site-packages/message_info/msg/_referee.py
[14.295s] -- Installing: /home/rionessl/SSLRasp/install/message_info/lib/python3.8/site-packages/message_info/msg/_ball_info.py
[14.295s] -- Installing: /home/rionessl/SSLRasp/install/message_info/lib/python3.8/site-packages/message_info/msg/_detection_robot.py
[14.295s] -- Installing: /home/rionessl/SSLRasp/install/message_info/lib/python3.8/site-packages/message_info/msg/_vision_detections_s.c
[14.295s] -- Installing: /home/rionessl/SSLRasp/install/message_info/lib/python3.8/site-packages/message_info/msg/_robot_commands_s.c
[14.295s] -- Installing: /home/rionessl/SSLRasp/install/message_info/lib/python3.8/site-packages/message_info/msg/_robot_command.py
[14.295s] -- Installing: /home/rionessl/SSLRasp/install/message_info/lib/python3.8/site-packages/message_info/msg/_role_s.c
[14.295s] -- Installing: /home/rionessl/SSLRasp/install/message_info/lib/python3.8/site-packages/message_info/message_info_s__rosidl_typesupport_fastrtps_c.cpython-38-x86_64-linux-gnu.so
[14.296s] -- Set runtime path of "/home/rionessl/SSLRasp/install/message_info/lib/python3.8/site-packages/message_info/message_info_s__rosidl_typesupport_fastrtps_c.cpython-38-x86_64-linux-gnu.so" to ""
[14.296s] -- Installing: /home/rionessl/SSLRasp/install/message_info/lib/python3.8/site-packages/message_info/message_info_s__rosidl_typesupport_introspection_c.cpython-38-x86_64-linux-gnu.so
[14.297s] -- Set runtime path of "/home/rionessl/SSLRasp/install/message_info/lib/python3.8/site-packages/message_info/message_info_s__rosidl_typesupport_introspection_c.cpython-38-x86_64-linux-gnu.so" to ""
[14.297s] -- Installing: /home/rionessl/SSLRasp/install/message_info/lib/python3.8/site-packages/message_info/message_info_s__rosidl_typesupport_c.cpython-38-x86_64-linux-gnu.so
[14.298s] -- Set runtime path of "/home/rionessl/SSLRasp/install/message_info/lib/python3.8/site-packages/message_info/message_info_s__rosidl_typesupport_c.cpython-38-x86_64-linux-gnu.so" to ""
[14.298s] -- Installing: /home/rionessl/SSLRasp/install/message_info/lib/libmessage_info__python.so
[14.298s] -- Set runtime path of "/home/rionessl/SSLRasp/install/message_info/lib/libmessage_info__python.so" to ""
[14.299s] -- Installing: /home/rionessl/SSLRasp/install/message_info/share/message_info/msg/RefereeGameEvent.idl
[14.299s] -- Installing: /home/rionessl/SSLRasp/install/message_info/share/message_info/msg/RefereeTeamInfo.idl
[14.299s] -- Installing: /home/rionessl/SSLRasp/install/message_info/share/message_info/msg/Referee.idl
[14.299s] -- Installing: /home/rionessl/SSLRasp/install/message_info/share/message_info/msg/FieldCircularArc.idl
[14.299s] -- Installing: /home/rionessl/SSLRasp/install/message_info/share/message_info/msg/FieldLineSegment.idl
[14.299s] -- Installing: /home/rionessl/SSLRasp/install/message_info/share/message_info/msg/VisionGeometry.idl
[14.299s] -- Installing: /home/rionessl/SSLRasp/install/message_info/share/message_info/msg/DetectionBall.idl
[14.300s] -- Installing: /home/rionessl/SSLRasp/install/message_info/share/message_info/msg/DetectionRobot.idl
[14.300s] -- Installing: /home/rionessl/SSLRasp/install/message_info/share/message_info/msg/DetectionFrame.idl
[14.300s] -- Installing: /home/rionessl/SSLRasp/install/message_info/share/message_info/msg/VisionDetections.idl
[14.300s] -- Installing: /home/rionessl/SSLRasp/install/message_info/share/message_info/msg/RobotCommand.idl
[14.300s] -- Installing: /home/rionessl/SSLRasp/install/message_info/share/message_info/msg/RobotCommands.idl
[14.300s] -- Installing: /home/rionessl/SSLRasp/install/message_info/share/message_info/msg/Test.idl
[14.300s] -- Installing: /home/rionessl/SSLRasp/install/message_info/share/message_info/msg/BallInfo.idl
[14.300s] -- Installing: /home/rionessl/SSLRasp/install/message_info/share/message_info/msg/GoalInfo.idl
[14.301s] -- Installing: /home/rionessl/SSLRasp/install/message_info/share/message_info/msg/Role.idl
[14.301s] -- Installing: /home/rionessl/SSLRasp/install/message_info/share/message_info/msg/Attacker.idl
[14.301s] -- Installing: /home/rionessl/SSLRasp/install/message_info/share/message_info/msg/Goalie.idl
[14.301s] -- Installing: /home/rionessl/SSLRasp/install/message_info/share/message_info/msg/Info.idl
[14.301s] -- Installing: /home/rionessl/SSLRasp/install/message_info/share/message_info/msg/RefereeGameEvent.msg
[14.301s] -- Installing: /home/rionessl/SSLRasp/install/message_info/share/message_info/msg/RefereeTeamInfo.msg
[14.301s] -- Installing: /home/rionessl/SSLRasp/install/message_info/share/message_info/msg/Referee.msg
[14.301s] -- Installing: /home/rionessl/SSLRasp/install/message_info/share/message_info/msg/FieldCircularArc.msg
[14.302s] -- Installing: /home/rionessl/SSLRasp/install/message_info/share/message_info/msg/FieldLineSegment.msg
[14.302s] -- Installing: /home/rionessl/SSLRasp/install/message_info/share/message_info/msg/VisionGeometry.msg
[14.302s] -- Installing: /home/rionessl/SSLRasp/install/message_info/share/message_info/msg/DetectionBall.msg
[14.302s] -- Installing: /home/rionessl/SSLRasp/install/message_info/share/message_info/msg/DetectionRobot.msg
[14.302s] -- Installing: /home/rionessl/SSLRasp/install/message_info/share/message_info/msg/DetectionFrame.msg
[14.302s] -- Installing: /home/rionessl/SSLRasp/install/message_info/share/message_info/msg/VisionDetections.msg
[14.302s] -- Installing: /home/rionessl/SSLRasp/install/message_info/share/message_info/msg/RobotCommand.msg
[14.302s] -- Installing: /home/rionessl/SSLRasp/install/message_info/share/message_info/msg/RobotCommands.msg
[14.303s] -- Installing: /home/rionessl/SSLRasp/install/message_info/share/message_info/msg/Test.msg
[14.303s] -- Installing: /home/rionessl/SSLRasp/install/message_info/share/message_info/msg/BallInfo.msg
[14.303s] -- Installing: /home/rionessl/SSLRasp/install/message_info/share/message_info/msg/GoalInfo.msg
[14.303s] -- Installing: /home/rionessl/SSLRasp/install/message_info/share/message_info/msg/Role.msg
[14.303s] -- Installing: /home/rionessl/SSLRasp/install/message_info/share/message_info/msg/Attacker.msg
[14.303s] -- Installing: /home/rionessl/SSLRasp/install/message_info/share/message_info/msg/Goalie.msg
[14.303s] -- Installing: /home/rionessl/SSLRasp/install/message_info/share/message_info/msg/Info.msg
[14.304s] -- Installing: /home/rionessl/SSLRasp/install/message_info/share/ament_index/resource_index/package_run_dependencies/message_info
[14.320s] -- Installing: /home/rionessl/SSLRasp/install/message_info/share/ament_index/resource_index/parent_prefix_path/message_info
[14.320s] -- Installing: /home/rionessl/SSLRasp/install/message_info/share/message_info/environment/ament_prefix_path.sh
[14.320s] -- Installing: /home/rionessl/SSLRasp/install/message_info/share/message_info/environment/ament_prefix_path.dsv
[14.321s] -- Installing: /home/rionessl/SSLRasp/install/message_info/share/message_info/environment/path.sh
[14.321s] -- Installing: /home/rionessl/SSLRasp/install/message_info/share/message_info/environment/path.dsv
[14.321s] -- Installing: /home/rionessl/SSLRasp/install/message_info/share/message_info/local_setup.bash
[14.321s] -- Installing: /home/rionessl/SSLRasp/install/message_info/share/message_info/local_setup.sh
[14.321s] -- Installing: /home/rionessl/SSLRasp/install/message_info/share/message_info/local_setup.zsh
[14.321s] -- Installing: /home/rionessl/SSLRasp/install/message_info/share/message_info/local_setup.dsv
[14.321s] -- Installing: /home/rionessl/SSLRasp/install/message_info/share/message_info/package.dsv
[14.322s] -- Installing: /home/rionessl/SSLRasp/install/message_info/share/ament_index/resource_index/packages/message_info
[14.322s] -- Installing: /home/rionessl/SSLRasp/install/message_info/share/message_info/cmake/message_info__rosidl_generator_cExport.cmake
[14.322s] -- Installing: /home/rionessl/SSLRasp/install/message_info/share/message_info/cmake/message_info__rosidl_generator_cExport-noconfig.cmake
[14.322s] -- Installing: /home/rionessl/SSLRasp/install/message_info/share/message_info/cmake/message_info__rosidl_typesupport_introspection_cExport.cmake
[14.322s] -- Installing: /home/rionessl/SSLRasp/install/message_info/share/message_info/cmake/message_info__rosidl_typesupport_introspection_cExport-noconfig.cmake
[14.323s] -- Installing: /home/rionessl/SSLRasp/install/message_info/share/message_info/cmake/message_info__rosidl_typesupport_cExport.cmake
[14.323s] -- Installing: /home/rionessl/SSLRasp/install/message_info/share/message_info/cmake/message_info__rosidl_typesupport_cExport-noconfig.cmake
[14.323s] -- Installing: /home/rionessl/SSLRasp/install/message_info/share/message_info/cmake/message_info__rosidl_generator_cppExport.cmake
[14.323s] -- Installing: /home/rionessl/SSLRasp/install/message_info/share/message_info/cmake/message_info__rosidl_typesupport_introspection_cppExport.cmake
[14.323s] -- Installing: /home/rionessl/SSLRasp/install/message_info/share/message_info/cmake/message_info__rosidl_typesupport_introspection_cppExport-noconfig.cmake
[14.324s] -- Installing: /home/rionessl/SSLRasp/install/message_info/share/message_info/cmake/message_info__rosidl_typesupport_cppExport.cmake
[14.324s] -- Installing: /home/rionessl/SSLRasp/install/message_info/share/message_info/cmake/message_info__rosidl_typesupport_cppExport-noconfig.cmake
[14.324s] -- Installing: /home/rionessl/SSLRasp/install/message_info/share/message_info/cmake/rosidl_cmake-extras.cmake
[14.324s] -- Installing: /home/rionessl/SSLRasp/install/message_info/share/message_info/cmake/ament_cmake_export_dependencies-extras.cmake
[14.324s] -- Installing: /home/rionessl/SSLRasp/install/message_info/share/message_info/cmake/ament_cmake_export_libraries-extras.cmake
[14.324s] -- Installing: /home/rionessl/SSLRasp/install/message_info/share/message_info/cmake/ament_cmake_export_targets-extras.cmake
[14.324s] -- Installing: /home/rionessl/SSLRasp/install/message_info/share/message_info/cmake/ament_cmake_export_include_directories-extras.cmake
[14.325s] -- Installing: /home/rionessl/SSLRasp/install/message_info/share/message_info/cmake/rosidl_cmake_export_typesupport_libraries-extras.cmake
[14.325s] -- Installing: /home/rionessl/SSLRasp/install/message_info/share/message_info/cmake/rosidl_cmake_export_typesupport_targets-extras.cmake
[14.325s] -- Installing: /home/rionessl/SSLRasp/install/message_info/share/message_info/cmake/message_infoConfig.cmake
[14.325s] -- Installing: /home/rionessl/SSLRasp/install/message_info/share/message_info/cmake/message_infoConfig-version.cmake
[14.325s] -- Installing: /home/rionessl/SSLRasp/install/message_info/share/message_info/package.xml
[14.329s] Invoked command in '/home/rionessl/SSLRasp/build/message_info' returned '0': CMAKE_PREFIX_PATH=${CMAKE_PREFIX_PATH}:/home/rionessl/RiAI/install/real_sender:/opt/ros/foxy /usr/bin/cmake --install /home/rionessl/SSLRasp/build/message_info
