[0.229s] Invoking command in '/home/rionessl/SSLRasp/src/rasp': PYTHONPATH=/home/rionessl/SSLRasp/install/rasp/lib/python3.8/site-packages:${PYTHONPATH} /usr/bin/python3 setup.py egg_info --egg-base ../../build/rasp build --build-base /home/rionessl/SSLRasp/build/rasp/build install --prefix /home/rionessl/SSLRasp/install/rasp --record /home/rionessl/SSLRasp/build/rasp/install.log --single-version-externally-managed
[0.418s] running egg_info
[0.418s] creating ../../build/rasp/rasp.egg-info
[0.418s] writing ../../build/rasp/rasp.egg-info/PKG-INFO
[0.418s] writing dependency_links to ../../build/rasp/rasp.egg-info/dependency_links.txt
[0.419s] writing entry points to ../../build/rasp/rasp.egg-info/entry_points.txt
[0.419s] writing requirements to ../../build/rasp/rasp.egg-info/requires.txt
[0.419s] writing top-level names to ../../build/rasp/rasp.egg-info/top_level.txt
[0.420s] writing manifest file '../../build/rasp/rasp.egg-info/SOURCES.txt'
[0.448s] file python_programs/rasp.py (for module python_programs.rasp) not found
[0.448s] reading manifest file '../../build/rasp/rasp.egg-info/SOURCES.txt'
[0.449s] writing manifest file '../../build/rasp/rasp.egg-info/SOURCES.txt'
[0.449s] running build
[0.449s] running build_py
[0.449s] file python_programs/rasp.py (for module python_programs.rasp) not found
[0.449s] creating /home/rionessl/SSLRasp/build/rasp/build
[0.450s] creating /home/rionessl/SSLRasp/build/rasp/build/lib
[0.450s] creating /home/rionessl/SSLRasp/build/rasp/build/lib/python_programs
[0.450s] copying python_programs/__init__.py -> /home/rionessl/SSLRasp/build/rasp/build/lib/python_programs
[0.450s] file python_programs/rasp.py (for module python_programs.rasp) not found
[0.450s] running install
[0.450s] running install_lib
[0.451s] creating /home/rionessl/SSLRasp/install/rasp/lib/python3.8/site-packages/python_programs
[0.451s] copying /home/rionessl/SSLRasp/build/rasp/build/lib/python_programs/__init__.py -> /home/rionessl/SSLRasp/install/rasp/lib/python3.8/site-packages/python_programs
[0.451s] byte-compiling /home/rionessl/SSLRasp/install/rasp/lib/python3.8/site-packages/python_programs/__init__.py to __init__.cpython-38.pyc
[0.452s] running install_egg_info
[0.454s] Copying ../../build/rasp/rasp.egg-info to /home/rionessl/SSLRasp/install/rasp/lib/python3.8/site-packages/rasp-0.0.0-py3.8.egg-info
[0.455s] running install_scripts
[0.471s] Installing rasp script to /home/rionessl/SSLRasp/install/rasp/lib/rasp
[0.472s] file python_programs/rasp.py (for module python_programs.rasp) not found
[0.472s] writing list of installed files to '/home/rionessl/SSLRasp/build/rasp/install.log'
[0.499s] Invoked command in '/home/rionessl/SSLRasp/src/rasp' returned '0': PYTHONPATH=/home/rionessl/SSLRasp/install/rasp/lib/python3.8/site-packages:${PYTHONPATH} /usr/bin/python3 setup.py egg_info --egg-base ../../build/rasp build --build-base /home/rionessl/SSLRasp/build/rasp/build install --prefix /home/rionessl/SSLRasp/install/rasp --record /home/rionessl/SSLRasp/build/rasp/install.log --single-version-externally-managed
