[1.259s] Invoking command in '/home/ubuntu/SSLRasp/src/rasp': PYTHONPATH=/home/ubuntu/SSLRasp/install/rasp/lib/python3.8/site-packages:${PYTHONPATH} /usr/bin/python3 setup.py egg_info --egg-base ../../build/rasp build --build-base /home/ubuntu/SSLRasp/build/rasp/build install --prefix /home/ubuntu/SSLRasp/install/rasp --record /home/ubuntu/SSLRasp/build/rasp/install.log --single-version-externally-managed
[2.274s] running egg_info
[2.276s] writing ../../build/rasp/rasp.egg-info/PKG-INFO
[2.277s] writing dependency_links to ../../build/rasp/rasp.egg-info/dependency_links.txt
[2.279s] writing entry points to ../../build/rasp/rasp.egg-info/entry_points.txt
[2.280s] writing requirements to ../../build/rasp/rasp.egg-info/requires.txt
[2.280s] writing top-level names to ../../build/rasp/rasp.egg-info/top_level.txt
[2.425s] reading manifest file '../../build/rasp/rasp.egg-info/SOURCES.txt'
[2.429s] writing manifest file '../../build/rasp/rasp.egg-info/SOURCES.txt'
[2.429s] running build
[2.430s] running build_py
[2.431s] running install
[2.434s] running install_lib
[2.440s] running install_egg_info
[2.447s] removing '/home/ubuntu/SSLRasp/install/rasp/lib/python3.8/site-packages/rasp-0.0.0-py3.8.egg-info' (and everything under it)
[2.449s] Copying ../../build/rasp/rasp.egg-info to /home/ubuntu/SSLRasp/install/rasp/lib/python3.8/site-packages/rasp-0.0.0-py3.8.egg-info
[2.454s] running install_scripts
[2.526s] Installing rasp script to /home/ubuntu/SSLRasp/install/rasp/lib/rasp
[2.527s] writing list of installed files to '/home/ubuntu/SSLRasp/build/rasp/install.log'
[2.630s] Invoked command in '/home/ubuntu/SSLRasp/src/rasp' returned '0': PYTHONPATH=/home/ubuntu/SSLRasp/install/rasp/lib/python3.8/site-packages:${PYTHONPATH} /usr/bin/python3 setup.py egg_info --egg-base ../../build/rasp build --build-base /home/ubuntu/SSLRasp/build/rasp/build install --prefix /home/ubuntu/SSLRasp/install/rasp --record /home/ubuntu/SSLRasp/build/rasp/install.log --single-version-externally-managed
