[0.087s] Invoking command in '/home/ubuntu/SSLRasp/build/message_info': CMAKE_PREFIX_PATH=${CMAKE_PREFIX_PATH}:/home/ubuntu/SSLRasp/install/rasp:/opt/ros/foxy /usr/bin/cmake --build /home/ubuntu/SSLRasp/build/message_info -- -j4 -l4
[0.371s] [  0%] Built target message_info__cpp
[0.413s] [ 12%] Built target message_info__rosidl_generator_c
[0.541s] [ 24%] Built target message_info__rosidl_typesupport_introspection_cpp
[0.591s] [ 36%] Built target message_info__rosidl_typesupport_cpp
[0.625s] [ 48%] Built target message_info__rosidl_typesupport_fastrtps_cpp
[0.639s] [ 60%] Built target message_info__rosidl_typesupport_introspection_c
[0.710s] [ 72%] Built target message_info__rosidl_typesupport_c
[0.816s] [ 84%] Built target message_info__rosidl_typesupport_fastrtps_c
[0.910s] [ 84%] Built target message_info
[1.011s] [ 85%] Built target message_info__py
[1.212s] [ 96%] Built target message_info__python
[1.386s] [ 98%] Built target message_info__rosidl_typesupport_introspection_c__pyext
[1.391s] [ 99%] Built target message_info__rosidl_typesupport_fastrtps_c__pyext
[1.396s] [100%] Built target message_info__rosidl_typesupport_c__pyext
[1.447s] Invoked command in '/home/ubuntu/SSLRasp/build/message_info' returned '0': CMAKE_PREFIX_PATH=${CMAKE_PREFIX_PATH}:/home/ubuntu/SSLRasp/install/rasp:/opt/ros/foxy /usr/bin/cmake --build /home/ubuntu/SSLRasp/build/message_info -- -j4 -l4
[3.266s] Invoking command in '/home/ubuntu/SSLRasp/build/message_info': CMAKE_PREFIX_PATH=${CMAKE_PREFIX_PATH}:/home/ubuntu/SSLRasp/install/rasp:/opt/ros/foxy /usr/bin/cmake --install /home/ubuntu/SSLRasp/build/message_info
[3.303s] -- Install configuration: ""
[3.306s] -- Execute custom install script
[3.308s] -- Up-to-date symlink: /home/ubuntu/SSLRasp/install/message_info/share/ament_index/resource_index/rosidl_interfaces/message_info
[3.318s] -- Up-to-date symlink: /home/ubuntu/SSLRasp/install/message_info/include/message_info/msg/attacker.h
[3.319s] -- Up-to-date symlink: /home/ubuntu/SSLRasp/install/message_info/include/message_info/msg/ball_info.h
[3.321s] -- Up-to-date symlink: /home/ubuntu/SSLRasp/install/message_info/include/message_info/msg/detail/attacker__functions.h
[3.322s] -- Up-to-date symlink: /home/ubuntu/SSLRasp/install/message_info/include/message_info/msg/detail/attacker__struct.h
[3.323s] -- Up-to-date symlink: /home/ubuntu/SSLRasp/install/message_info/include/message_info/msg/detail/attacker__type_support.h
[3.325s] -- Up-to-date symlink: /home/ubuntu/SSLRasp/install/message_info/include/message_info/msg/detail/ball_info__functions.h
[3.326s] -- Up-to-date symlink: /home/ubuntu/SSLRasp/install/message_info/include/message_info/msg/detail/ball_info__struct.h
[3.327s] -- Up-to-date symlink: /home/ubuntu/SSLRasp/install/message_info/include/message_info/msg/detail/ball_info__type_support.h
[3.329s] -- Up-to-date symlink: /home/ubuntu/SSLRasp/install/message_info/include/message_info/msg/detail/detection_ball__functions.h
[3.330s] -- Up-to-date symlink: /home/ubuntu/SSLRasp/install/message_info/include/message_info/msg/detail/detection_ball__struct.h
[3.331s] -- Up-to-date symlink: /home/ubuntu/SSLRasp/install/message_info/include/message_info/msg/detail/detection_ball__type_support.h
[3.333s] -- Up-to-date symlink: /home/ubuntu/SSLRasp/install/message_info/include/message_info/msg/detail/detection_frame__functions.h
[3.334s] -- Up-to-date symlink: /home/ubuntu/SSLRasp/install/message_info/include/message_info/msg/detail/detection_frame__struct.h
[3.335s] -- Up-to-date symlink: /home/ubuntu/SSLRasp/install/message_info/include/message_info/msg/detail/detection_frame__type_support.h
[3.337s] -- Up-to-date symlink: /home/ubuntu/SSLRasp/install/message_info/include/message_info/msg/detail/detection_robot__functions.h
[3.338s] -- Up-to-date symlink: /home/ubuntu/SSLRasp/install/message_info/include/message_info/msg/detail/detection_robot__struct.h
[3.339s] -- Up-to-date symlink: /home/ubuntu/SSLRasp/install/message_info/include/message_info/msg/detail/detection_robot__type_support.h
[3.341s] -- Up-to-date symlink: /home/ubuntu/SSLRasp/install/message_info/include/message_info/msg/detail/field_circular_arc__functions.h
[3.342s] -- Up-to-date symlink: /home/ubuntu/SSLRasp/install/message_info/include/message_info/msg/detail/field_circular_arc__struct.h
[3.344s] -- Up-to-date symlink: /home/ubuntu/SSLRasp/install/message_info/include/message_info/msg/detail/field_circular_arc__type_support.h
[3.345s] -- Up-to-date symlink: /home/ubuntu/SSLRasp/install/message_info/include/message_info/msg/detail/field_line_segment__functions.h
[3.347s] -- Up-to-date symlink: /home/ubuntu/SSLRasp/install/message_info/include/message_info/msg/detail/field_line_segment__struct.h
[3.348s] -- Up-to-date symlink: /home/ubuntu/SSLRasp/install/message_info/include/message_info/msg/detail/field_line_segment__type_support.h
[3.350s] -- Up-to-date symlink: /home/ubuntu/SSLRasp/install/message_info/include/message_info/msg/detail/goal_info__functions.h
[3.351s] -- Up-to-date symlink: /home/ubuntu/SSLRasp/install/message_info/include/message_info/msg/detail/goal_info__struct.h
[3.352s] -- Up-to-date symlink: /home/ubuntu/SSLRasp/install/message_info/include/message_info/msg/detail/goal_info__type_support.h
[3.353s] -- Up-to-date symlink: /home/ubuntu/SSLRasp/install/message_info/include/message_info/msg/detail/goalie__functions.h
[3.355s] -- Up-to-date symlink: /home/ubuntu/SSLRasp/install/message_info/include/message_info/msg/detail/goalie__struct.h
[3.356s] -- Up-to-date symlink: /home/ubuntu/SSLRasp/install/message_info/include/message_info/msg/detail/goalie__type_support.h
[3.358s] -- Up-to-date symlink: /home/ubuntu/SSLRasp/install/message_info/include/message_info/msg/detail/info__functions.h
[3.359s] -- Up-to-date symlink: /home/ubuntu/SSLRasp/install/message_info/include/message_info/msg/detail/info__struct.h
[3.360s] -- Up-to-date symlink: /home/ubuntu/SSLRasp/install/message_info/include/message_info/msg/detail/info__type_support.h
[3.362s] -- Up-to-date symlink: /home/ubuntu/SSLRasp/install/message_info/include/message_info/msg/detail/referee__functions.h
[3.363s] -- Up-to-date symlink: /home/ubuntu/SSLRasp/install/message_info/include/message_info/msg/detail/referee__struct.h
[3.365s] -- Up-to-date symlink: /home/ubuntu/SSLRasp/install/message_info/include/message_info/msg/detail/referee__type_support.h
[3.367s] -- Up-to-date symlink: /home/ubuntu/SSLRasp/install/message_info/include/message_info/msg/detail/referee_game_event__functions.h
[3.368s] -- Up-to-date symlink: /home/ubuntu/SSLRasp/install/message_info/include/message_info/msg/detail/referee_game_event__struct.h
[3.370s] -- Up-to-date symlink: /home/ubuntu/SSLRasp/install/message_info/include/message_info/msg/detail/referee_game_event__type_support.h
[3.371s] -- Up-to-date symlink: /home/ubuntu/SSLRasp/install/message_info/include/message_info/msg/detail/referee_team_info__functions.h
[3.372s] -- Up-to-date symlink: /home/ubuntu/SSLRasp/install/message_info/include/message_info/msg/detail/referee_team_info__struct.h
[3.374s] -- Up-to-date symlink: /home/ubuntu/SSLRasp/install/message_info/include/message_info/msg/detail/referee_team_info__type_support.h
[3.375s] -- Up-to-date symlink: /home/ubuntu/SSLRasp/install/message_info/include/message_info/msg/detail/robot_command__functions.h
[3.376s] -- Up-to-date symlink: /home/ubuntu/SSLRasp/install/message_info/include/message_info/msg/detail/robot_command__struct.h
[3.380s] -- Up-to-date symlink: /home/ubuntu/SSLRasp/install/message_info/include/message_info/msg/detail/robot_command__type_support.h
[3.381s] -- Up-to-date symlink: /home/ubuntu/SSLRasp/install/message_info/include/message_info/msg/detail/robot_commands__functions.h
[3.383s] -- Up-to-date symlink: /home/ubuntu/SSLRasp/install/message_info/include/message_info/msg/detail/robot_commands__struct.h
[3.385s] -- Up-to-date symlink: /home/ubuntu/SSLRasp/install/message_info/include/message_info/msg/detail/robot_commands__type_support.h
[3.387s] -- Up-to-date symlink: /home/ubuntu/SSLRasp/install/message_info/include/message_info/msg/detail/role__functions.h
[3.388s] -- Up-to-date symlink: /home/ubuntu/SSLRasp/install/message_info/include/message_info/msg/detail/role__struct.h
[3.391s] -- Up-to-date symlink: /home/ubuntu/SSLRasp/install/message_info/include/message_info/msg/detail/role__type_support.h
[3.393s] -- Up-to-date symlink: /home/ubuntu/SSLRasp/install/message_info/include/message_info/msg/detail/test__functions.h
[3.394s] -- Up-to-date symlink: /home/ubuntu/SSLRasp/install/message_info/include/message_info/msg/detail/test__struct.h
[3.396s] -- Up-to-date symlink: /home/ubuntu/SSLRasp/install/message_info/include/message_info/msg/detail/test__type_support.h
[3.398s] -- Up-to-date symlink: /home/ubuntu/SSLRasp/install/message_info/include/message_info/msg/detail/vision_detections__functions.h
[3.400s] -- Up-to-date symlink: /home/ubuntu/SSLRasp/install/message_info/include/message_info/msg/detail/vision_detections__struct.h
[3.402s] -- Up-to-date symlink: /home/ubuntu/SSLRasp/install/message_info/include/message_info/msg/detail/vision_detections__type_support.h
[3.404s] -- Up-to-date symlink: /home/ubuntu/SSLRasp/install/message_info/include/message_info/msg/detail/vision_geometry__functions.h
[3.406s] -- Up-to-date symlink: /home/ubuntu/SSLRasp/install/message_info/include/message_info/msg/detail/vision_geometry__struct.h
[3.408s] -- Up-to-date symlink: /home/ubuntu/SSLRasp/install/message_info/include/message_info/msg/detail/vision_geometry__type_support.h
[3.409s] -- Up-to-date symlink: /home/ubuntu/SSLRasp/install/message_info/include/message_info/msg/detection_ball.h
[3.411s] -- Up-to-date symlink: /home/ubuntu/SSLRasp/install/message_info/include/message_info/msg/detection_frame.h
[3.412s] -- Up-to-date symlink: /home/ubuntu/SSLRasp/install/message_info/include/message_info/msg/detection_robot.h
[3.414s] -- Up-to-date symlink: /home/ubuntu/SSLRasp/install/message_info/include/message_info/msg/field_circular_arc.h
[3.416s] -- Up-to-date symlink: /home/ubuntu/SSLRasp/install/message_info/include/message_info/msg/field_line_segment.h
[3.418s] -- Up-to-date symlink: /home/ubuntu/SSLRasp/install/message_info/include/message_info/msg/goal_info.h
[3.421s] -- Up-to-date symlink: /home/ubuntu/SSLRasp/install/message_info/include/message_info/msg/goalie.h
[3.422s] -- Up-to-date symlink: /home/ubuntu/SSLRasp/install/message_info/include/message_info/msg/info.h
[3.424s] -- Up-to-date symlink: /home/ubuntu/SSLRasp/install/message_info/include/message_info/msg/referee.h
[3.426s] -- Up-to-date symlink: /home/ubuntu/SSLRasp/install/message_info/include/message_info/msg/referee_game_event.h
[3.428s] -- Up-to-date symlink: /home/ubuntu/SSLRasp/install/message_info/include/message_info/msg/referee_team_info.h
[3.430s] -- Up-to-date symlink: /home/ubuntu/SSLRasp/install/message_info/include/message_info/msg/robot_command.h
[3.432s] -- Up-to-date symlink: /home/ubuntu/SSLRasp/install/message_info/include/message_info/msg/robot_commands.h
[3.433s] -- Up-to-date symlink: /home/ubuntu/SSLRasp/install/message_info/include/message_info/msg/role.h
[3.435s] -- Up-to-date symlink: /home/ubuntu/SSLRasp/install/message_info/include/message_info/msg/rosidl_generator_c__visibility_control.h
[3.437s] -- Up-to-date symlink: /home/ubuntu/SSLRasp/install/message_info/include/message_info/msg/test.h
[3.439s] -- Up-to-date symlink: /home/ubuntu/SSLRasp/install/message_info/include/message_info/msg/vision_detections.h
[3.440s] -- Up-to-date symlink: /home/ubuntu/SSLRasp/install/message_info/include/message_info/msg/vision_geometry.h
[3.443s] -- Up-to-date symlink: /home/ubuntu/SSLRasp/install/message_info/share/message_info/environment/library_path.sh
[3.446s] -- Up-to-date symlink: /home/ubuntu/SSLRasp/install/message_info/share/message_info/environment/library_path.dsv
[3.457s] -- Up-to-date symlink: /home/ubuntu/SSLRasp/install/message_info/include/message_info/msg/detail/attacker__rosidl_typesupport_fastrtps_c.h
[3.459s] -- Up-to-date symlink: /home/ubuntu/SSLRasp/install/message_info/include/message_info/msg/detail/ball_info__rosidl_typesupport_fastrtps_c.h
[3.460s] -- Up-to-date symlink: /home/ubuntu/SSLRasp/install/message_info/include/message_info/msg/detail/detection_ball__rosidl_typesupport_fastrtps_c.h
[3.462s] -- Up-to-date symlink: /home/ubuntu/SSLRasp/install/message_info/include/message_info/msg/detail/detection_frame__rosidl_typesupport_fastrtps_c.h
[3.464s] -- Up-to-date symlink: /home/ubuntu/SSLRasp/install/message_info/include/message_info/msg/detail/detection_robot__rosidl_typesupport_fastrtps_c.h
[3.465s] -- Up-to-date symlink: /home/ubuntu/SSLRasp/install/message_info/include/message_info/msg/detail/field_circular_arc__rosidl_typesupport_fastrtps_c.h
[3.467s] -- Up-to-date symlink: /home/ubuntu/SSLRasp/install/message_info/include/message_info/msg/detail/field_line_segment__rosidl_typesupport_fastrtps_c.h
[3.469s] -- Up-to-date symlink: /home/ubuntu/SSLRasp/install/message_info/include/message_info/msg/detail/goal_info__rosidl_typesupport_fastrtps_c.h
[3.470s] -- Up-to-date symlink: /home/ubuntu/SSLRasp/install/message_info/include/message_info/msg/detail/goalie__rosidl_typesupport_fastrtps_c.h
[3.472s] -- Up-to-date symlink: /home/ubuntu/SSLRasp/install/message_info/include/message_info/msg/detail/info__rosidl_typesupport_fastrtps_c.h
[3.473s] -- Up-to-date symlink: /home/ubuntu/SSLRasp/install/message_info/include/message_info/msg/detail/referee__rosidl_typesupport_fastrtps_c.h
[3.475s] -- Up-to-date symlink: /home/ubuntu/SSLRasp/install/message_info/include/message_info/msg/detail/referee_game_event__rosidl_typesupport_fastrtps_c.h
[3.477s] -- Up-to-date symlink: /home/ubuntu/SSLRasp/install/message_info/include/message_info/msg/detail/referee_team_info__rosidl_typesupport_fastrtps_c.h
[3.479s] -- Up-to-date symlink: /home/ubuntu/SSLRasp/install/message_info/include/message_info/msg/detail/robot_command__rosidl_typesupport_fastrtps_c.h
[3.480s] -- Up-to-date symlink: /home/ubuntu/SSLRasp/install/message_info/include/message_info/msg/detail/robot_commands__rosidl_typesupport_fastrtps_c.h
[3.482s] -- Up-to-date symlink: /home/ubuntu/SSLRasp/install/message_info/include/message_info/msg/detail/role__rosidl_typesupport_fastrtps_c.h
[3.484s] -- Up-to-date symlink: /home/ubuntu/SSLRasp/install/message_info/include/message_info/msg/detail/test__rosidl_typesupport_fastrtps_c.h
[3.485s] -- Up-to-date symlink: /home/ubuntu/SSLRasp/install/message_info/include/message_info/msg/detail/vision_detections__rosidl_typesupport_fastrtps_c.h
[3.488s] -- Up-to-date symlink: /home/ubuntu/SSLRasp/install/message_info/include/message_info/msg/detail/vision_geometry__rosidl_typesupport_fastrtps_c.h
[3.490s] -- Up-to-date symlink: /home/ubuntu/SSLRasp/install/message_info/include/message_info/msg/rosidl_typesupport_fastrtps_c__visibility_control.h
[3.493s] -- Up-to-date symlink: /home/ubuntu/SSLRasp/install/message_info/lib/libmessage_info__rosidl_typesupport_fastrtps_c.so
[3.510s] -- Up-to-date symlink: /home/ubuntu/SSLRasp/install/message_info/include/message_info/msg/detail/attacker__rosidl_typesupport_fastrtps_cpp.hpp
[3.510s] -- Up-to-date symlink: /home/ubuntu/SSLRasp/install/message_info/include/message_info/msg/detail/ball_info__rosidl_typesupport_fastrtps_cpp.hpp
[3.511s] -- Up-to-date symlink: /home/ubuntu/SSLRasp/install/message_info/include/message_info/msg/detail/detection_ball__rosidl_typesupport_fastrtps_cpp.hpp
[3.512s] -- Up-to-date symlink: /home/ubuntu/SSLRasp/install/message_info/include/message_info/msg/detail/detection_frame__rosidl_typesupport_fastrtps_cpp.hpp
[3.513s] -- Up-to-date symlink: /home/ubuntu/SSLRasp/install/message_info/include/message_info/msg/detail/detection_robot__rosidl_typesupport_fastrtps_cpp.hpp
[3.514s] -- Up-to-date symlink: /home/ubuntu/SSLRasp/install/message_info/include/message_info/msg/detail/field_circular_arc__rosidl_typesupport_fastrtps_cpp.hpp
[3.515s] -- Up-to-date symlink: /home/ubuntu/SSLRasp/install/message_info/include/message_info/msg/detail/field_line_segment__rosidl_typesupport_fastrtps_cpp.hpp
[3.516s] -- Up-to-date symlink: /home/ubuntu/SSLRasp/install/message_info/include/message_info/msg/detail/goal_info__rosidl_typesupport_fastrtps_cpp.hpp
[3.517s] -- Up-to-date symlink: /home/ubuntu/SSLRasp/install/message_info/include/message_info/msg/detail/goalie__rosidl_typesupport_fastrtps_cpp.hpp
[3.518s] -- Up-to-date symlink: /home/ubuntu/SSLRasp/install/message_info/include/message_info/msg/detail/info__rosidl_typesupport_fastrtps_cpp.hpp
[3.518s] -- Up-to-date symlink: /home/ubuntu/SSLRasp/install/message_info/include/message_info/msg/detail/referee__rosidl_typesupport_fastrtps_cpp.hpp
[3.522s] -- Up-to-date symlink: /home/ubuntu/SSLRasp/install/message_info/include/message_info/msg/detail/referee_game_event__rosidl_typesupport_fastrtps_cpp.hpp
[3.523s] -- Up-to-date symlink: /home/ubuntu/SSLRasp/install/message_info/include/message_info/msg/detail/referee_team_info__rosidl_typesupport_fastrtps_cpp.hpp
[3.523s] -- Up-to-date symlink: /home/ubuntu/SSLRasp/install/message_info/include/message_info/msg/detail/robot_command__rosidl_typesupport_fastrtps_cpp.hpp
[3.524s] -- Up-to-date symlink: /home/ubuntu/SSLRasp/install/message_info/include/message_info/msg/detail/robot_commands__rosidl_typesupport_fastrtps_cpp.hpp
[3.525s] -- Up-to-date symlink: /home/ubuntu/SSLRasp/install/message_info/include/message_info/msg/detail/role__rosidl_typesupport_fastrtps_cpp.hpp
[3.525s] -- Up-to-date symlink: /home/ubuntu/SSLRasp/install/message_info/include/message_info/msg/detail/test__rosidl_typesupport_fastrtps_cpp.hpp
[3.526s] -- Up-to-date symlink: /home/ubuntu/SSLRasp/install/message_info/include/message_info/msg/detail/vision_detections__rosidl_typesupport_fastrtps_cpp.hpp
[3.527s] -- Up-to-date symlink: /home/ubuntu/SSLRasp/install/message_info/include/message_info/msg/detail/vision_geometry__rosidl_typesupport_fastrtps_cpp.hpp
[3.530s] -- Up-to-date symlink: /home/ubuntu/SSLRasp/install/message_info/include/message_info/msg/rosidl_typesupport_fastrtps_cpp__visibility_control.h
[3.531s] -- Up-to-date symlink: /home/ubuntu/SSLRasp/install/message_info/lib/libmessage_info__rosidl_typesupport_fastrtps_cpp.so
[3.537s] -- Up-to-date symlink: /home/ubuntu/SSLRasp/install/message_info/include/message_info/msg/detail/attacker__rosidl_typesupport_introspection_c.h
[3.539s] -- Up-to-date symlink: /home/ubuntu/SSLRasp/install/message_info/include/message_info/msg/detail/ball_info__rosidl_typesupport_introspection_c.h
[3.540s] -- Up-to-date symlink: /home/ubuntu/SSLRasp/install/message_info/include/message_info/msg/detail/detection_ball__rosidl_typesupport_introspection_c.h
[3.543s] -- Up-to-date symlink: /home/ubuntu/SSLRasp/install/message_info/include/message_info/msg/detail/detection_frame__rosidl_typesupport_introspection_c.h
[3.544s] -- Up-to-date symlink: /home/ubuntu/SSLRasp/install/message_info/include/message_info/msg/detail/detection_robot__rosidl_typesupport_introspection_c.h
[3.545s] -- Up-to-date symlink: /home/ubuntu/SSLRasp/install/message_info/include/message_info/msg/detail/field_circular_arc__rosidl_typesupport_introspection_c.h
[3.545s] -- Up-to-date symlink: /home/ubuntu/SSLRasp/install/message_info/include/message_info/msg/detail/field_line_segment__rosidl_typesupport_introspection_c.h
[3.546s] -- Up-to-date symlink: /home/ubuntu/SSLRasp/install/message_info/include/message_info/msg/detail/goal_info__rosidl_typesupport_introspection_c.h
[3.547s] -- Up-to-date symlink: /home/ubuntu/SSLRasp/install/message_info/include/message_info/msg/detail/goalie__rosidl_typesupport_introspection_c.h
[3.548s] -- Up-to-date symlink: /home/ubuntu/SSLRasp/install/message_info/include/message_info/msg/detail/info__rosidl_typesupport_introspection_c.h
[3.550s] -- Up-to-date symlink: /home/ubuntu/SSLRasp/install/message_info/include/message_info/msg/detail/referee__rosidl_typesupport_introspection_c.h
[3.551s] -- Up-to-date symlink: /home/ubuntu/SSLRasp/install/message_info/include/message_info/msg/detail/referee_game_event__rosidl_typesupport_introspection_c.h
[3.553s] -- Up-to-date symlink: /home/ubuntu/SSLRasp/install/message_info/include/message_info/msg/detail/referee_team_info__rosidl_typesupport_introspection_c.h
[3.555s] -- Up-to-date symlink: /home/ubuntu/SSLRasp/install/message_info/include/message_info/msg/detail/robot_command__rosidl_typesupport_introspection_c.h
[3.556s] -- Up-to-date symlink: /home/ubuntu/SSLRasp/install/message_info/include/message_info/msg/detail/robot_commands__rosidl_typesupport_introspection_c.h
[3.557s] -- Up-to-date symlink: /home/ubuntu/SSLRasp/install/message_info/include/message_info/msg/detail/role__rosidl_typesupport_introspection_c.h
[3.561s] -- Up-to-date symlink: /home/ubuntu/SSLRasp/install/message_info/include/message_info/msg/detail/test__rosidl_typesupport_introspection_c.h
[3.562s] -- Up-to-date symlink: /home/ubuntu/SSLRasp/install/message_info/include/message_info/msg/detail/vision_detections__rosidl_typesupport_introspection_c.h
[3.563s] -- Up-to-date symlink: /home/ubuntu/SSLRasp/install/message_info/include/message_info/msg/detail/vision_geometry__rosidl_typesupport_introspection_c.h
[3.563s] -- Up-to-date symlink: /home/ubuntu/SSLRasp/install/message_info/include/message_info/msg/rosidl_typesupport_introspection_c__visibility_control.h
[3.575s] -- Up-to-date symlink: /home/ubuntu/SSLRasp/install/message_info/include/message_info/msg/attacker.hpp
[3.579s] -- Up-to-date symlink: /home/ubuntu/SSLRasp/install/message_info/include/message_info/msg/ball_info.hpp
[3.579s] -- Up-to-date symlink: /home/ubuntu/SSLRasp/install/message_info/include/message_info/msg/detail/attacker__builder.hpp
[3.580s] -- Up-to-date symlink: /home/ubuntu/SSLRasp/install/message_info/include/message_info/msg/detail/attacker__struct.hpp
[3.581s] -- Up-to-date symlink: /home/ubuntu/SSLRasp/install/message_info/include/message_info/msg/detail/attacker__traits.hpp
[3.584s] -- Up-to-date symlink: /home/ubuntu/SSLRasp/install/message_info/include/message_info/msg/detail/ball_info__builder.hpp
[3.584s] -- Up-to-date symlink: /home/ubuntu/SSLRasp/install/message_info/include/message_info/msg/detail/ball_info__struct.hpp
[3.586s] -- Up-to-date symlink: /home/ubuntu/SSLRasp/install/message_info/include/message_info/msg/detail/ball_info__traits.hpp
[3.586s] -- Up-to-date symlink: /home/ubuntu/SSLRasp/install/message_info/include/message_info/msg/detail/detection_ball__builder.hpp
[3.590s] -- Up-to-date symlink: /home/ubuntu/SSLRasp/install/message_info/include/message_info/msg/detail/detection_ball__struct.hpp
[3.590s] -- Up-to-date symlink: /home/ubuntu/SSLRasp/install/message_info/include/message_info/msg/detail/detection_ball__traits.hpp
[3.592s] -- Up-to-date symlink: /home/ubuntu/SSLRasp/install/message_info/include/message_info/msg/detail/detection_frame__builder.hpp
[3.594s] -- Up-to-date symlink: /home/ubuntu/SSLRasp/install/message_info/include/message_info/msg/detail/detection_frame__struct.hpp
[3.595s] -- Up-to-date symlink: /home/ubuntu/SSLRasp/install/message_info/include/message_info/msg/detail/detection_frame__traits.hpp
[3.596s] -- Up-to-date symlink: /home/ubuntu/SSLRasp/install/message_info/include/message_info/msg/detail/detection_robot__builder.hpp
[3.597s] -- Up-to-date symlink: /home/ubuntu/SSLRasp/install/message_info/include/message_info/msg/detail/detection_robot__struct.hpp
[3.598s] -- Up-to-date symlink: /home/ubuntu/SSLRasp/install/message_info/include/message_info/msg/detail/detection_robot__traits.hpp
[3.600s] -- Up-to-date symlink: /home/ubuntu/SSLRasp/install/message_info/include/message_info/msg/detail/field_circular_arc__builder.hpp
[3.601s] -- Up-to-date symlink: /home/ubuntu/SSLRasp/install/message_info/include/message_info/msg/detail/field_circular_arc__struct.hpp
[3.602s] -- Up-to-date symlink: /home/ubuntu/SSLRasp/install/message_info/include/message_info/msg/detail/field_circular_arc__traits.hpp
[3.603s] -- Up-to-date symlink: /home/ubuntu/SSLRasp/install/message_info/include/message_info/msg/detail/field_line_segment__builder.hpp
[3.604s] -- Up-to-date symlink: /home/ubuntu/SSLRasp/install/message_info/include/message_info/msg/detail/field_line_segment__struct.hpp
[3.605s] -- Up-to-date symlink: /home/ubuntu/SSLRasp/install/message_info/include/message_info/msg/detail/field_line_segment__traits.hpp
[3.605s] -- Up-to-date symlink: /home/ubuntu/SSLRasp/install/message_info/include/message_info/msg/detail/goal_info__builder.hpp
[3.605s] -- Up-to-date symlink: /home/ubuntu/SSLRasp/install/message_info/include/message_info/msg/detail/goal_info__struct.hpp
[3.606s] -- Up-to-date symlink: /home/ubuntu/SSLRasp/install/message_info/include/message_info/msg/detail/goal_info__traits.hpp
[3.606s] -- Up-to-date symlink: /home/ubuntu/SSLRasp/install/message_info/include/message_info/msg/detail/goalie__builder.hpp
[3.608s] -- Up-to-date symlink: /home/ubuntu/SSLRasp/install/message_info/include/message_info/msg/detail/goalie__struct.hpp
[3.609s] -- Up-to-date symlink: /home/ubuntu/SSLRasp/install/message_info/include/message_info/msg/detail/goalie__traits.hpp
[3.609s] -- Up-to-date symlink: /home/ubuntu/SSLRasp/install/message_info/include/message_info/msg/detail/info__builder.hpp
[3.610s] -- Up-to-date symlink: /home/ubuntu/SSLRasp/install/message_info/include/message_info/msg/detail/info__struct.hpp
[3.610s] -- Up-to-date symlink: /home/ubuntu/SSLRasp/install/message_info/include/message_info/msg/detail/info__traits.hpp
[3.610s] -- Up-to-date symlink: /home/ubuntu/SSLRasp/install/message_info/include/message_info/msg/detail/referee__builder.hpp
[3.611s] -- Up-to-date symlink: /home/ubuntu/SSLRasp/install/message_info/include/message_info/msg/detail/referee__struct.hpp
[3.612s] -- Up-to-date symlink: /home/ubuntu/SSLRasp/install/message_info/include/message_info/msg/detail/referee__traits.hpp
[3.614s] -- Up-to-date symlink: /home/ubuntu/SSLRasp/install/message_info/include/message_info/msg/detail/referee_game_event__builder.hpp
[3.614s] -- Up-to-date symlink: /home/ubuntu/SSLRasp/install/message_info/include/message_info/msg/detail/referee_game_event__struct.hpp
[3.615s] -- Up-to-date symlink: /home/ubuntu/SSLRasp/install/message_info/include/message_info/msg/detail/referee_game_event__traits.hpp
[3.617s] -- Up-to-date symlink: /home/ubuntu/SSLRasp/install/message_info/include/message_info/msg/detail/referee_team_info__builder.hpp
[3.618s] -- Up-to-date symlink: /home/ubuntu/SSLRasp/install/message_info/include/message_info/msg/detail/referee_team_info__struct.hpp
[3.619s] -- Up-to-date symlink: /home/ubuntu/SSLRasp/install/message_info/include/message_info/msg/detail/referee_team_info__traits.hpp
[3.620s] -- Up-to-date symlink: /home/ubuntu/SSLRasp/install/message_info/include/message_info/msg/detail/robot_command__builder.hpp
[3.621s] -- Up-to-date symlink: /home/ubuntu/SSLRasp/install/message_info/include/message_info/msg/detail/robot_command__struct.hpp
[3.622s] -- Up-to-date symlink: /home/ubuntu/SSLRasp/install/message_info/include/message_info/msg/detail/robot_command__traits.hpp
[3.623s] -- Up-to-date symlink: /home/ubuntu/SSLRasp/install/message_info/include/message_info/msg/detail/robot_commands__builder.hpp
[3.625s] -- Up-to-date symlink: /home/ubuntu/SSLRasp/install/message_info/include/message_info/msg/detail/robot_commands__struct.hpp
[3.626s] -- Up-to-date symlink: /home/ubuntu/SSLRasp/install/message_info/include/message_info/msg/detail/robot_commands__traits.hpp
[3.627s] -- Up-to-date symlink: /home/ubuntu/SSLRasp/install/message_info/include/message_info/msg/detail/role__builder.hpp
[3.628s] -- Up-to-date symlink: /home/ubuntu/SSLRasp/install/message_info/include/message_info/msg/detail/role__struct.hpp
[3.629s] -- Up-to-date symlink: /home/ubuntu/SSLRasp/install/message_info/include/message_info/msg/detail/role__traits.hpp
[3.630s] -- Up-to-date symlink: /home/ubuntu/SSLRasp/install/message_info/include/message_info/msg/detail/test__builder.hpp
[3.631s] -- Up-to-date symlink: /home/ubuntu/SSLRasp/install/message_info/include/message_info/msg/detail/test__struct.hpp
[3.632s] -- Up-to-date symlink: /home/ubuntu/SSLRasp/install/message_info/include/message_info/msg/detail/test__traits.hpp
[3.634s] -- Up-to-date symlink: /home/ubuntu/SSLRasp/install/message_info/include/message_info/msg/detail/vision_detections__builder.hpp
[3.635s] -- Up-to-date symlink: /home/ubuntu/SSLRasp/install/message_info/include/message_info/msg/detail/vision_detections__struct.hpp
[3.636s] -- Up-to-date symlink: /home/ubuntu/SSLRasp/install/message_info/include/message_info/msg/detail/vision_detections__traits.hpp
[3.637s] -- Up-to-date symlink: /home/ubuntu/SSLRasp/install/message_info/include/message_info/msg/detail/vision_geometry__builder.hpp
[3.638s] -- Up-to-date symlink: /home/ubuntu/SSLRasp/install/message_info/include/message_info/msg/detail/vision_geometry__struct.hpp
[3.639s] -- Up-to-date symlink: /home/ubuntu/SSLRasp/install/message_info/include/message_info/msg/detail/vision_geometry__traits.hpp
[3.640s] -- Up-to-date symlink: /home/ubuntu/SSLRasp/install/message_info/include/message_info/msg/detection_ball.hpp
[3.641s] -- Up-to-date symlink: /home/ubuntu/SSLRasp/install/message_info/include/message_info/msg/detection_frame.hpp
[3.642s] -- Up-to-date symlink: /home/ubuntu/SSLRasp/install/message_info/include/message_info/msg/detection_robot.hpp
[3.644s] -- Up-to-date symlink: /home/ubuntu/SSLRasp/install/message_info/include/message_info/msg/field_circular_arc.hpp
[3.645s] -- Up-to-date symlink: /home/ubuntu/SSLRasp/install/message_info/include/message_info/msg/field_line_segment.hpp
[3.646s] -- Up-to-date symlink: /home/ubuntu/SSLRasp/install/message_info/include/message_info/msg/goal_info.hpp
[3.647s] -- Up-to-date symlink: /home/ubuntu/SSLRasp/install/message_info/include/message_info/msg/goalie.hpp
[3.648s] -- Up-to-date symlink: /home/ubuntu/SSLRasp/install/message_info/include/message_info/msg/info.hpp
[3.649s] -- Up-to-date symlink: /home/ubuntu/SSLRasp/install/message_info/include/message_info/msg/referee.hpp
[3.650s] -- Up-to-date symlink: /home/ubuntu/SSLRasp/install/message_info/include/message_info/msg/referee_game_event.hpp
[3.651s] -- Up-to-date symlink: /home/ubuntu/SSLRasp/install/message_info/include/message_info/msg/referee_team_info.hpp
[3.652s] -- Up-to-date symlink: /home/ubuntu/SSLRasp/install/message_info/include/message_info/msg/robot_command.hpp
[3.653s] -- Up-to-date symlink: /home/ubuntu/SSLRasp/install/message_info/include/message_info/msg/robot_commands.hpp
[3.654s] -- Up-to-date symlink: /home/ubuntu/SSLRasp/install/message_info/include/message_info/msg/role.hpp
[3.655s] -- Up-to-date symlink: /home/ubuntu/SSLRasp/install/message_info/include/message_info/msg/test.hpp
[3.656s] -- Up-to-date symlink: /home/ubuntu/SSLRasp/install/message_info/include/message_info/msg/vision_detections.hpp
[3.657s] -- Up-to-date symlink: /home/ubuntu/SSLRasp/install/message_info/include/message_info/msg/vision_geometry.hpp
[3.663s] -- Up-to-date symlink: /home/ubuntu/SSLRasp/install/message_info/include/message_info/msg/detail/attacker__rosidl_typesupport_introspection_cpp.hpp
[3.664s] -- Up-to-date symlink: /home/ubuntu/SSLRasp/install/message_info/include/message_info/msg/detail/ball_info__rosidl_typesupport_introspection_cpp.hpp
[3.665s] -- Up-to-date symlink: /home/ubuntu/SSLRasp/install/message_info/include/message_info/msg/detail/detection_ball__rosidl_typesupport_introspection_cpp.hpp
[3.666s] -- Up-to-date symlink: /home/ubuntu/SSLRasp/install/message_info/include/message_info/msg/detail/detection_frame__rosidl_typesupport_introspection_cpp.hpp
[3.668s] -- Up-to-date symlink: /home/ubuntu/SSLRasp/install/message_info/include/message_info/msg/detail/detection_robot__rosidl_typesupport_introspection_cpp.hpp
[3.669s] -- Up-to-date symlink: /home/ubuntu/SSLRasp/install/message_info/include/message_info/msg/detail/field_circular_arc__rosidl_typesupport_introspection_cpp.hpp
[3.670s] -- Up-to-date symlink: /home/ubuntu/SSLRasp/install/message_info/include/message_info/msg/detail/field_line_segment__rosidl_typesupport_introspection_cpp.hpp
[3.671s] -- Up-to-date symlink: /home/ubuntu/SSLRasp/install/message_info/include/message_info/msg/detail/goal_info__rosidl_typesupport_introspection_cpp.hpp
[3.672s] -- Up-to-date symlink: /home/ubuntu/SSLRasp/install/message_info/include/message_info/msg/detail/goalie__rosidl_typesupport_introspection_cpp.hpp
[3.674s] -- Up-to-date symlink: /home/ubuntu/SSLRasp/install/message_info/include/message_info/msg/detail/info__rosidl_typesupport_introspection_cpp.hpp
[3.675s] -- Up-to-date symlink: /home/ubuntu/SSLRasp/install/message_info/include/message_info/msg/detail/referee__rosidl_typesupport_introspection_cpp.hpp
[3.676s] -- Up-to-date symlink: /home/ubuntu/SSLRasp/install/message_info/include/message_info/msg/detail/referee_game_event__rosidl_typesupport_introspection_cpp.hpp
[3.677s] -- Up-to-date symlink: /home/ubuntu/SSLRasp/install/message_info/include/message_info/msg/detail/referee_team_info__rosidl_typesupport_introspection_cpp.hpp
[3.678s] -- Up-to-date symlink: /home/ubuntu/SSLRasp/install/message_info/include/message_info/msg/detail/robot_command__rosidl_typesupport_introspection_cpp.hpp
[3.679s] -- Up-to-date symlink: /home/ubuntu/SSLRasp/install/message_info/include/message_info/msg/detail/robot_commands__rosidl_typesupport_introspection_cpp.hpp
[3.681s] -- Up-to-date symlink: /home/ubuntu/SSLRasp/install/message_info/include/message_info/msg/detail/role__rosidl_typesupport_introspection_cpp.hpp
[3.682s] -- Up-to-date symlink: /home/ubuntu/SSLRasp/install/message_info/include/message_info/msg/detail/test__rosidl_typesupport_introspection_cpp.hpp
[3.683s] -- Up-to-date symlink: /home/ubuntu/SSLRasp/install/message_info/include/message_info/msg/detail/vision_detections__rosidl_typesupport_introspection_cpp.hpp
[3.684s] -- Up-to-date symlink: /home/ubuntu/SSLRasp/install/message_info/include/message_info/msg/detail/vision_geometry__rosidl_typesupport_introspection_cpp.hpp
[3.686s] -- Up-to-date symlink: /home/ubuntu/SSLRasp/install/message_info/share/message_info/environment/pythonpath.sh
[3.687s] -- Up-to-date symlink: /home/ubuntu/SSLRasp/install/message_info/share/message_info/environment/pythonpath.dsv
[3.688s] -- Up-to-date symlink: /home/ubuntu/SSLRasp/install/message_info/lib/python3.8/site-packages/message_info/__init__.py
[3.693s] -- Up-to-date symlink: /home/ubuntu/SSLRasp/install/message_info/lib/python3.8/site-packages/message_info/msg/__init__.py
[3.694s] -- Up-to-date symlink: /home/ubuntu/SSLRasp/install/message_info/lib/python3.8/site-packages/message_info/msg/_attacker.py
[3.695s] -- Up-to-date symlink: /home/ubuntu/SSLRasp/install/message_info/lib/python3.8/site-packages/message_info/msg/_ball_info.py
[3.696s] -- Up-to-date symlink: /home/ubuntu/SSLRasp/install/message_info/lib/python3.8/site-packages/message_info/msg/_detection_ball.py
[3.698s] -- Up-to-date symlink: /home/ubuntu/SSLRasp/install/message_info/lib/python3.8/site-packages/message_info/msg/_detection_frame.py
[3.699s] -- Up-to-date symlink: /home/ubuntu/SSLRasp/install/message_info/lib/python3.8/site-packages/message_info/msg/_detection_robot.py
[3.700s] -- Up-to-date symlink: /home/ubuntu/SSLRasp/install/message_info/lib/python3.8/site-packages/message_info/msg/_field_circular_arc.py
[3.701s] -- Up-to-date symlink: /home/ubuntu/SSLRasp/install/message_info/lib/python3.8/site-packages/message_info/msg/_field_line_segment.py
[3.702s] -- Up-to-date symlink: /home/ubuntu/SSLRasp/install/message_info/lib/python3.8/site-packages/message_info/msg/_goal_info.py
[3.703s] -- Up-to-date symlink: /home/ubuntu/SSLRasp/install/message_info/lib/python3.8/site-packages/message_info/msg/_goalie.py
[3.704s] -- Up-to-date symlink: /home/ubuntu/SSLRasp/install/message_info/lib/python3.8/site-packages/message_info/msg/_info.py
[3.705s] -- Up-to-date symlink: /home/ubuntu/SSLRasp/install/message_info/lib/python3.8/site-packages/message_info/msg/_referee.py
[3.706s] -- Up-to-date symlink: /home/ubuntu/SSLRasp/install/message_info/lib/python3.8/site-packages/message_info/msg/_referee_game_event.py
[3.707s] -- Up-to-date symlink: /home/ubuntu/SSLRasp/install/message_info/lib/python3.8/site-packages/message_info/msg/_referee_team_info.py
[3.709s] -- Up-to-date symlink: /home/ubuntu/SSLRasp/install/message_info/lib/python3.8/site-packages/message_info/msg/_robot_command.py
[3.710s] -- Up-to-date symlink: /home/ubuntu/SSLRasp/install/message_info/lib/python3.8/site-packages/message_info/msg/_robot_commands.py
[3.711s] -- Up-to-date symlink: /home/ubuntu/SSLRasp/install/message_info/lib/python3.8/site-packages/message_info/msg/_role.py
[3.712s] -- Up-to-date symlink: /home/ubuntu/SSLRasp/install/message_info/lib/python3.8/site-packages/message_info/msg/_test.py
[3.713s] -- Up-to-date symlink: /home/ubuntu/SSLRasp/install/message_info/lib/python3.8/site-packages/message_info/msg/_vision_detections.py
[3.714s] -- Up-to-date symlink: /home/ubuntu/SSLRasp/install/message_info/lib/python3.8/site-packages/message_info/msg/_vision_geometry.py
[3.716s] -- Up-to-date symlink: /home/ubuntu/SSLRasp/install/message_info/lib/python3.8/site-packages/message_info/message_info_s__rosidl_typesupport_fastrtps_c.cpython-38-aarch64-linux-gnu.so
[3.718s] -- Up-to-date symlink: /home/ubuntu/SSLRasp/install/message_info/lib/python3.8/site-packages/message_info/message_info_s__rosidl_typesupport_introspection_c.cpython-38-aarch64-linux-gnu.so
[3.720s] -- Up-to-date symlink: /home/ubuntu/SSLRasp/install/message_info/lib/python3.8/site-packages/message_info/message_info_s__rosidl_typesupport_c.cpython-38-aarch64-linux-gnu.so
[3.722s] -- Up-to-date symlink: /home/ubuntu/SSLRasp/install/message_info/lib/libmessage_info__python.so
[3.724s] -- Up-to-date symlink: /home/ubuntu/SSLRasp/install/message_info/share/message_info/msg/RefereeGameEvent.idl
[3.725s] -- Up-to-date symlink: /home/ubuntu/SSLRasp/install/message_info/share/message_info/msg/RefereeTeamInfo.idl
[3.727s] -- Up-to-date symlink: /home/ubuntu/SSLRasp/install/message_info/share/message_info/msg/Referee.idl
[3.728s] -- Up-to-date symlink: /home/ubuntu/SSLRasp/install/message_info/share/message_info/msg/FieldCircularArc.idl
[3.729s] -- Up-to-date symlink: /home/ubuntu/SSLRasp/install/message_info/share/message_info/msg/FieldLineSegment.idl
[3.731s] -- Up-to-date symlink: /home/ubuntu/SSLRasp/install/message_info/share/message_info/msg/VisionGeometry.idl
[3.732s] -- Up-to-date symlink: /home/ubuntu/SSLRasp/install/message_info/share/message_info/msg/DetectionBall.idl
[3.734s] -- Up-to-date symlink: /home/ubuntu/SSLRasp/install/message_info/share/message_info/msg/DetectionRobot.idl
[3.735s] -- Up-to-date symlink: /home/ubuntu/SSLRasp/install/message_info/share/message_info/msg/DetectionFrame.idl
[3.736s] -- Up-to-date symlink: /home/ubuntu/SSLRasp/install/message_info/share/message_info/msg/VisionDetections.idl
[3.738s] -- Up-to-date symlink: /home/ubuntu/SSLRasp/install/message_info/share/message_info/msg/RobotCommand.idl
[3.739s] -- Up-to-date symlink: /home/ubuntu/SSLRasp/install/message_info/share/message_info/msg/RobotCommands.idl
[3.741s] -- Up-to-date symlink: /home/ubuntu/SSLRasp/install/message_info/share/message_info/msg/Test.idl
[3.742s] -- Up-to-date symlink: /home/ubuntu/SSLRasp/install/message_info/share/message_info/msg/BallInfo.idl
[3.743s] -- Up-to-date symlink: /home/ubuntu/SSLRasp/install/message_info/share/message_info/msg/GoalInfo.idl
[3.745s] -- Up-to-date symlink: /home/ubuntu/SSLRasp/install/message_info/share/message_info/msg/Role.idl
[3.746s] -- Up-to-date symlink: /home/ubuntu/SSLRasp/install/message_info/share/message_info/msg/Attacker.idl
[3.748s] -- Up-to-date symlink: /home/ubuntu/SSLRasp/install/message_info/share/message_info/msg/Goalie.idl
[3.749s] -- Up-to-date symlink: /home/ubuntu/SSLRasp/install/message_info/share/message_info/msg/Info.idl
[3.750s] -- Up-to-date symlink: /home/ubuntu/SSLRasp/install/message_info/share/message_info/msg/RefereeGameEvent.msg
[3.752s] -- Up-to-date symlink: /home/ubuntu/SSLRasp/install/message_info/share/message_info/msg/RefereeTeamInfo.msg
[3.753s] -- Up-to-date symlink: /home/ubuntu/SSLRasp/install/message_info/share/message_info/msg/Referee.msg
[3.754s] -- Up-to-date symlink: /home/ubuntu/SSLRasp/install/message_info/share/message_info/msg/FieldCircularArc.msg
[3.756s] -- Up-to-date symlink: /home/ubuntu/SSLRasp/install/message_info/share/message_info/msg/FieldLineSegment.msg
[3.757s] -- Up-to-date symlink: /home/ubuntu/SSLRasp/install/message_info/share/message_info/msg/VisionGeometry.msg
[3.758s] -- Up-to-date symlink: /home/ubuntu/SSLRasp/install/message_info/share/message_info/msg/DetectionBall.msg
[3.760s] -- Up-to-date symlink: /home/ubuntu/SSLRasp/install/message_info/share/message_info/msg/DetectionRobot.msg
[3.761s] -- Up-to-date symlink: /home/ubuntu/SSLRasp/install/message_info/share/message_info/msg/DetectionFrame.msg
[3.762s] -- Up-to-date symlink: /home/ubuntu/SSLRasp/install/message_info/share/message_info/msg/VisionDetections.msg
[3.763s] -- Up-to-date symlink: /home/ubuntu/SSLRasp/install/message_info/share/message_info/msg/RobotCommand.msg
[3.765s] -- Up-to-date symlink: /home/ubuntu/SSLRasp/install/message_info/share/message_info/msg/RobotCommands.msg
[3.766s] -- Up-to-date symlink: /home/ubuntu/SSLRasp/install/message_info/share/message_info/msg/Test.msg
[3.767s] -- Up-to-date symlink: /home/ubuntu/SSLRasp/install/message_info/share/message_info/msg/BallInfo.msg
[3.769s] -- Up-to-date symlink: /home/ubuntu/SSLRasp/install/message_info/share/message_info/msg/GoalInfo.msg
[3.770s] -- Up-to-date symlink: /home/ubuntu/SSLRasp/install/message_info/share/message_info/msg/Role.msg
[3.771s] -- Up-to-date symlink: /home/ubuntu/SSLRasp/install/message_info/share/message_info/msg/Attacker.msg
[3.773s] -- Up-to-date symlink: /home/ubuntu/SSLRasp/install/message_info/share/message_info/msg/Goalie.msg
[3.774s] -- Up-to-date symlink: /home/ubuntu/SSLRasp/install/message_info/share/message_info/msg/Info.msg
[3.776s] -- Up-to-date symlink: /home/ubuntu/SSLRasp/install/message_info/share/ament_index/resource_index/package_run_dependencies/message_info
[3.777s] -- Up-to-date symlink: /home/ubuntu/SSLRasp/install/message_info/share/ament_index/resource_index/parent_prefix_path/message_info
[3.779s] -- Up-to-date symlink: /home/ubuntu/SSLRasp/install/message_info/share/message_info/environment/ament_prefix_path.sh
[3.780s] -- Up-to-date symlink: /home/ubuntu/SSLRasp/install/message_info/share/message_info/environment/ament_prefix_path.dsv
[3.781s] -- Up-to-date symlink: /home/ubuntu/SSLRasp/install/message_info/share/message_info/environment/path.sh
[3.783s] -- Up-to-date symlink: /home/ubuntu/SSLRasp/install/message_info/share/message_info/environment/path.dsv
[3.784s] -- Up-to-date symlink: /home/ubuntu/SSLRasp/install/message_info/share/message_info/local_setup.bash
[3.785s] -- Up-to-date symlink: /home/ubuntu/SSLRasp/install/message_info/share/message_info/local_setup.sh
[3.787s] -- Up-to-date symlink: /home/ubuntu/SSLRasp/install/message_info/share/message_info/local_setup.zsh
[3.788s] -- Up-to-date symlink: /home/ubuntu/SSLRasp/install/message_info/share/message_info/local_setup.dsv
[3.789s] -- Symlinking: /home/ubuntu/SSLRasp/install/message_info/share/message_info/package.dsv
[3.824s] -- Up-to-date symlink: /home/ubuntu/SSLRasp/install/message_info/share/ament_index/resource_index/packages/message_info
[3.826s] -- Up-to-date symlink: /home/ubuntu/SSLRasp/install/message_info/share/message_info/cmake/rosidl_cmake-extras.cmake
[3.827s] -- Up-to-date symlink: /home/ubuntu/SSLRasp/install/message_info/share/message_info/cmake/ament_cmake_export_dependencies-extras.cmake
[3.829s] -- Up-to-date symlink: /home/ubuntu/SSLRasp/install/message_info/share/message_info/cmake/ament_cmake_export_libraries-extras.cmake
[3.830s] -- Up-to-date symlink: /home/ubuntu/SSLRasp/install/message_info/share/message_info/cmake/ament_cmake_export_targets-extras.cmake
[3.832s] -- Up-to-date symlink: /home/ubuntu/SSLRasp/install/message_info/share/message_info/cmake/ament_cmake_export_include_directories-extras.cmake
[3.834s] -- Up-to-date symlink: /home/ubuntu/SSLRasp/install/message_info/share/message_info/cmake/rosidl_cmake_export_typesupport_libraries-extras.cmake
[3.835s] -- Up-to-date symlink: /home/ubuntu/SSLRasp/install/message_info/share/message_info/cmake/rosidl_cmake_export_typesupport_targets-extras.cmake
[3.837s] -- Up-to-date symlink: /home/ubuntu/SSLRasp/install/message_info/share/message_info/cmake/message_infoConfig.cmake
[3.838s] -- Up-to-date symlink: /home/ubuntu/SSLRasp/install/message_info/share/message_info/cmake/message_infoConfig-version.cmake
[3.839s] -- Up-to-date symlink: /home/ubuntu/SSLRasp/install/message_info/share/message_info/package.xml
[3.841s] -- Up-to-date: /home/ubuntu/SSLRasp/install/message_info/lib/libmessage_info__rosidl_generator_c.so
[3.843s] -- Up-to-date: /home/ubuntu/SSLRasp/install/message_info/lib/libmessage_info__rosidl_typesupport_introspection_c.so
[3.845s] -- Up-to-date: /home/ubuntu/SSLRasp/install/message_info/lib/libmessage_info__rosidl_typesupport_c.so
[3.847s] -- Up-to-date: /home/ubuntu/SSLRasp/install/message_info/lib/libmessage_info__rosidl_typesupport_introspection_cpp.so
[3.849s] -- Up-to-date: /home/ubuntu/SSLRasp/install/message_info/lib/libmessage_info__rosidl_typesupport_cpp.so
[4.003s] -- Up-to-date: /home/ubuntu/SSLRasp/install/message_info/share/message_info/cmake/message_info__rosidl_generator_cExport.cmake
[4.004s] -- Up-to-date: /home/ubuntu/SSLRasp/install/message_info/share/message_info/cmake/message_info__rosidl_generator_cExport-noconfig.cmake
[4.004s] -- Up-to-date: /home/ubuntu/SSLRasp/install/message_info/share/message_info/cmake/message_info__rosidl_typesupport_introspection_cExport.cmake
[4.005s] -- Up-to-date: /home/ubuntu/SSLRasp/install/message_info/share/message_info/cmake/message_info__rosidl_typesupport_introspection_cExport-noconfig.cmake
[4.006s] -- Up-to-date: /home/ubuntu/SSLRasp/install/message_info/share/message_info/cmake/message_info__rosidl_typesupport_cExport.cmake
[4.007s] -- Up-to-date: /home/ubuntu/SSLRasp/install/message_info/share/message_info/cmake/message_info__rosidl_typesupport_cExport-noconfig.cmake
[4.007s] -- Up-to-date: /home/ubuntu/SSLRasp/install/message_info/share/message_info/cmake/message_info__rosidl_generator_cppExport.cmake
[4.008s] -- Up-to-date: /home/ubuntu/SSLRasp/install/message_info/share/message_info/cmake/message_info__rosidl_typesupport_introspection_cppExport.cmake
[4.009s] -- Up-to-date: /home/ubuntu/SSLRasp/install/message_info/share/message_info/cmake/message_info__rosidl_typesupport_introspection_cppExport-noconfig.cmake
[4.010s] -- Up-to-date: /home/ubuntu/SSLRasp/install/message_info/share/message_info/cmake/message_info__rosidl_typesupport_cppExport.cmake
[4.010s] -- Up-to-date: /home/ubuntu/SSLRasp/install/message_info/share/message_info/cmake/message_info__rosidl_typesupport_cppExport-noconfig.cmake
[4.020s] Invoked command in '/home/ubuntu/SSLRasp/build/message_info' returned '0': CMAKE_PREFIX_PATH=${CMAKE_PREFIX_PATH}:/home/ubuntu/SSLRasp/install/rasp:/opt/ros/foxy /usr/bin/cmake --install /home/ubuntu/SSLRasp/build/message_info
