[1.249s] DEBUG:colcon:Command line arguments: ['/usr/bin/colcon', 'build']
[1.250s] DEBUG:colcon:Parsed command line arguments: Namespace(ament_cmake_args=None, base_paths=['.'], build_base='build', catkin_cmake_args=None, catkin_skip_building_tests=False, cmake_args=None, cmake_clean_cache=False, cmake_clean_first=False, cmake_force_configure=False, cmake_target=None, cmake_target_skip_unavailable=False, continue_on_error=False, event_handlers=None, executor='parallel', ignore_user_meta=False, install_base='install', log_base=None, log_level=None, main=<bound method BuildVerb.main of <colcon_core.verb.build.BuildVerb object at 0xffff9c0f05e0>>, merge_install=False, metas=['./colcon.meta'], packages_above=None, packages_above_and_dependencies=None, packages_above_depth=None, packages_end=None, packages_ignore=None, packages_ignore_regex=None, packages_select=None, packages_select_build_failed=False, packages_select_by_dep=None, packages_select_regex=None, packages_select_test_failures=False, packages_skip=None, packages_skip_build_finished=False, packages_skip_by_dep=None, packages_skip_regex=None, packages_skip_test_passed=False, packages_skip_up_to=None, packages_start=None, packages_up_to=None, packages_up_to_regex=None, parallel_workers=4, paths=None, symlink_install=False, test_result_base=None, verb_extension=<colcon_core.verb.build.BuildVerb object at 0xffff9c0f05e0>, verb_name='build', verb_parser=<colcon_defaults.argument_parser.defaults.DefaultArgumentsDecorator object at 0xffff9c0f0b20>)
[1.272s] Level 1:colcon.colcon_core.package_discovery:discover_packages(colcon_meta) check parameters
[1.272s] Level 1:colcon.colcon_core.package_discovery:discover_packages(recursive) check parameters
[1.272s] Level 1:colcon.colcon_core.package_discovery:discover_packages(ignore) check parameters
[1.272s] Level 1:colcon.colcon_core.package_discovery:discover_packages(path) check parameters
[1.273s] Level 1:colcon.colcon_core.package_discovery:discover_packages(colcon_meta) discover
[1.273s] Level 1:colcon.colcon_core.package_discovery:discover_packages(recursive) discover
[1.273s] INFO:colcon.colcon_core.package_discovery:Crawling recursively for packages in '/home/ubuntu/SSLRasp'
[1.273s] Level 1:colcon.colcon_core.package_identification:_identify(.) by extensions ['ignore', 'ignore_ament_install']
[1.274s] Level 1:colcon.colcon_core.package_identification:_identify(.) by extension 'ignore'
[1.274s] Level 1:colcon.colcon_core.package_identification:_identify(.) by extension 'ignore_ament_install'
[1.274s] Level 1:colcon.colcon_core.package_identification:_identify(.) by extensions ['colcon_pkg']
[1.274s] Level 1:colcon.colcon_core.package_identification:_identify(.) by extension 'colcon_pkg'
[1.275s] Level 1:colcon.colcon_core.package_identification:_identify(.) by extensions ['colcon_meta']
[1.275s] Level 1:colcon.colcon_core.package_identification:_identify(.) by extension 'colcon_meta'
[1.275s] Level 1:colcon.colcon_core.package_identification:_identify(.) by extensions ['ros']
[1.275s] Level 1:colcon.colcon_core.package_identification:_identify(.) by extension 'ros'
[1.324s] Level 1:colcon.colcon_core.package_identification:_identify(.) by extensions ['cmake', 'python']
[1.324s] Level 1:colcon.colcon_core.package_identification:_identify(.) by extension 'cmake'
[1.325s] Level 1:colcon.colcon_core.package_identification:_identify(.) by extension 'python'
[1.325s] Level 1:colcon.colcon_core.package_identification:_identify(.) by extensions ['python_setup_py']
[1.325s] Level 1:colcon.colcon_core.package_identification:_identify(.) by extension 'python_setup_py'
[1.325s] Level 1:colcon.colcon_core.package_identification:_identify(build) by extensions ['ignore', 'ignore_ament_install']
[1.326s] Level 1:colcon.colcon_core.package_identification:_identify(build) by extension 'ignore'
[1.326s] Level 1:colcon.colcon_core.package_identification:_identify(build) ignored
[1.327s] Level 1:colcon.colcon_core.package_identification:_identify(install) by extensions ['ignore', 'ignore_ament_install']
[1.327s] Level 1:colcon.colcon_core.package_identification:_identify(install) by extension 'ignore'
[1.327s] Level 1:colcon.colcon_core.package_identification:_identify(install) ignored
[1.328s] Level 1:colcon.colcon_core.package_identification:_identify(log) by extensions ['ignore', 'ignore_ament_install']
[1.328s] Level 1:colcon.colcon_core.package_identification:_identify(log) by extension 'ignore'
[1.328s] Level 1:colcon.colcon_core.package_identification:_identify(log) ignored
[1.329s] Level 1:colcon.colcon_core.package_identification:_identify(src) by extensions ['ignore', 'ignore_ament_install']
[1.329s] Level 1:colcon.colcon_core.package_identification:_identify(src) by extension 'ignore'
[1.329s] Level 1:colcon.colcon_core.package_identification:_identify(src) by extension 'ignore_ament_install'
[1.329s] Level 1:colcon.colcon_core.package_identification:_identify(src) by extensions ['colcon_pkg']
[1.330s] Level 1:colcon.colcon_core.package_identification:_identify(src) by extension 'colcon_pkg'
[1.330s] Level 1:colcon.colcon_core.package_identification:_identify(src) by extensions ['colcon_meta']
[1.330s] Level 1:colcon.colcon_core.package_identification:_identify(src) by extension 'colcon_meta'
[1.330s] Level 1:colcon.colcon_core.package_identification:_identify(src) by extensions ['ros']
[1.330s] Level 1:colcon.colcon_core.package_identification:_identify(src) by extension 'ros'
[1.331s] Level 1:colcon.colcon_core.package_identification:_identify(src) by extensions ['cmake', 'python']
[1.331s] Level 1:colcon.colcon_core.package_identification:_identify(src) by extension 'cmake'
[1.331s] Level 1:colcon.colcon_core.package_identification:_identify(src) by extension 'python'
[1.331s] Level 1:colcon.colcon_core.package_identification:_identify(src) by extensions ['python_setup_py']
[1.331s] Level 1:colcon.colcon_core.package_identification:_identify(src) by extension 'python_setup_py'
[1.332s] Level 1:colcon.colcon_core.package_identification:_identify(src/main) by extensions ['ignore', 'ignore_ament_install']
[1.332s] Level 1:colcon.colcon_core.package_identification:_identify(src/main) by extension 'ignore'
[1.332s] Level 1:colcon.colcon_core.package_identification:_identify(src/main) by extension 'ignore_ament_install'
[1.332s] Level 1:colcon.colcon_core.package_identification:_identify(src/main) by extensions ['colcon_pkg']
[1.333s] Level 1:colcon.colcon_core.package_identification:_identify(src/main) by extension 'colcon_pkg'
[1.333s] Level 1:colcon.colcon_core.package_identification:_identify(src/main) by extensions ['colcon_meta']
[1.333s] Level 1:colcon.colcon_core.package_identification:_identify(src/main) by extension 'colcon_meta'
[1.333s] Level 1:colcon.colcon_core.package_identification:_identify(src/main) by extensions ['ros']
[1.333s] Level 1:colcon.colcon_core.package_identification:_identify(src/main) by extension 'ros'
[1.343s] DEBUG:colcon.colcon_core.package_identification:Package 'src/main' with type 'ros.ament_cmake' and name 'main'
[1.343s] Level 1:colcon.colcon_core.package_identification:_identify(src/message_info) by extensions ['ignore', 'ignore_ament_install']
[1.344s] Level 1:colcon.colcon_core.package_identification:_identify(src/message_info) by extension 'ignore'
[1.344s] Level 1:colcon.colcon_core.package_identification:_identify(src/message_info) by extension 'ignore_ament_install'
[1.344s] Level 1:colcon.colcon_core.package_identification:_identify(src/message_info) by extensions ['colcon_pkg']
[1.344s] Level 1:colcon.colcon_core.package_identification:_identify(src/message_info) by extension 'colcon_pkg'
[1.344s] Level 1:colcon.colcon_core.package_identification:_identify(src/message_info) by extensions ['colcon_meta']
[1.345s] Level 1:colcon.colcon_core.package_identification:_identify(src/message_info) by extension 'colcon_meta'
[1.345s] Level 1:colcon.colcon_core.package_identification:_identify(src/message_info) by extensions ['ros']
[1.345s] Level 1:colcon.colcon_core.package_identification:_identify(src/message_info) by extension 'ros'
[1.349s] DEBUG:colcon.colcon_core.package_identification:Package 'src/message_info' with type 'ros.ament_cmake' and name 'message_info'
[1.350s] Level 1:colcon.colcon_core.package_identification:_identify(src/real_sender) by extensions ['ignore', 'ignore_ament_install']
[1.350s] Level 1:colcon.colcon_core.package_identification:_identify(src/real_sender) by extension 'ignore'
[1.351s] Level 1:colcon.colcon_core.package_identification:_identify(src/real_sender) by extension 'ignore_ament_install'
[1.351s] Level 1:colcon.colcon_core.package_identification:_identify(src/real_sender) by extensions ['colcon_pkg']
[1.351s] Level 1:colcon.colcon_core.package_identification:_identify(src/real_sender) by extension 'colcon_pkg'
[1.351s] Level 1:colcon.colcon_core.package_identification:_identify(src/real_sender) by extensions ['colcon_meta']
[1.351s] Level 1:colcon.colcon_core.package_identification:_identify(src/real_sender) by extension 'colcon_meta'
[1.351s] Level 1:colcon.colcon_core.package_identification:_identify(src/real_sender) by extensions ['ros']
[1.352s] Level 1:colcon.colcon_core.package_identification:_identify(src/real_sender) by extension 'ros'
[1.354s] DEBUG:colcon.colcon_core.package_identification:Package 'src/real_sender' with type 'ros.ament_python' and name 'real_sender'
[1.355s] Level 1:colcon.colcon_core.package_discovery:discover_packages(recursive) using defaults
[1.355s] Level 1:colcon.colcon_core.package_discovery:discover_packages(ignore) discover
[1.355s] Level 1:colcon.colcon_core.package_discovery:discover_packages(ignore) using defaults
[1.355s] Level 1:colcon.colcon_core.package_discovery:discover_packages(path) discover
[1.355s] Level 1:colcon.colcon_core.package_discovery:discover_packages(path) using defaults
[1.431s] Level 5:colcon.colcon_core.verb:set package 'message_info' build argument 'cmake_args' from command line to 'None'
[1.431s] Level 5:colcon.colcon_core.verb:set package 'message_info' build argument 'cmake_target' from command line to 'None'
[1.432s] Level 5:colcon.colcon_core.verb:set package 'message_info' build argument 'cmake_target_skip_unavailable' from command line to 'False'
[1.432s] Level 5:colcon.colcon_core.verb:set package 'message_info' build argument 'cmake_clean_cache' from command line to 'False'
[1.432s] Level 5:colcon.colcon_core.verb:set package 'message_info' build argument 'cmake_clean_first' from command line to 'False'
[1.432s] Level 5:colcon.colcon_core.verb:set package 'message_info' build argument 'cmake_force_configure' from command line to 'False'
[1.432s] Level 5:colcon.colcon_core.verb:set package 'message_info' build argument 'ament_cmake_args' from command line to 'None'
[1.432s] Level 5:colcon.colcon_core.verb:set package 'message_info' build argument 'catkin_cmake_args' from command line to 'None'
[1.432s] Level 5:colcon.colcon_core.verb:set package 'message_info' build argument 'catkin_skip_building_tests' from command line to 'False'
[1.432s] DEBUG:colcon.colcon_core.verb:Building package 'message_info' with the following arguments: {'ament_cmake_args': None, 'build_base': '/home/ubuntu/SSLRasp/build/message_info', 'catkin_cmake_args': None, 'catkin_skip_building_tests': False, 'cmake_args': None, 'cmake_clean_cache': False, 'cmake_clean_first': False, 'cmake_force_configure': False, 'cmake_target': None, 'cmake_target_skip_unavailable': False, 'install_base': '/home/ubuntu/SSLRasp/install/message_info', 'merge_install': False, 'path': '/home/ubuntu/SSLRasp/src/message_info', 'symlink_install': False, 'test_result_base': None}
[1.443s] Level 5:colcon.colcon_core.verb:set package 'real_sender' build argument 'cmake_args' from command line to 'None'
[1.443s] Level 5:colcon.colcon_core.verb:set package 'real_sender' build argument 'cmake_target' from command line to 'None'
[1.444s] Level 5:colcon.colcon_core.verb:set package 'real_sender' build argument 'cmake_target_skip_unavailable' from command line to 'False'
[1.444s] Level 5:colcon.colcon_core.verb:set package 'real_sender' build argument 'cmake_clean_cache' from command line to 'False'
[1.444s] Level 5:colcon.colcon_core.verb:set package 'real_sender' build argument 'cmake_clean_first' from command line to 'False'
[1.444s] Level 5:colcon.colcon_core.verb:set package 'real_sender' build argument 'cmake_force_configure' from command line to 'False'
[1.444s] Level 5:colcon.colcon_core.verb:set package 'real_sender' build argument 'ament_cmake_args' from command line to 'None'
[1.444s] Level 5:colcon.colcon_core.verb:set package 'real_sender' build argument 'catkin_cmake_args' from command line to 'None'
[1.444s] Level 5:colcon.colcon_core.verb:set package 'real_sender' build argument 'catkin_skip_building_tests' from command line to 'False'
[1.445s] DEBUG:colcon.colcon_core.verb:Building package 'real_sender' with the following arguments: {'ament_cmake_args': None, 'build_base': '/home/ubuntu/SSLRasp/build/real_sender', 'catkin_cmake_args': None, 'catkin_skip_building_tests': False, 'cmake_args': None, 'cmake_clean_cache': False, 'cmake_clean_first': False, 'cmake_force_configure': False, 'cmake_target': None, 'cmake_target_skip_unavailable': False, 'install_base': '/home/ubuntu/SSLRasp/install/real_sender', 'merge_install': False, 'path': '/home/ubuntu/SSLRasp/src/real_sender', 'symlink_install': False, 'test_result_base': None}
[1.455s] Level 5:colcon.colcon_core.verb:set package 'main' build argument 'cmake_args' from command line to 'None'
[1.455s] Level 5:colcon.colcon_core.verb:set package 'main' build argument 'cmake_target' from command line to 'None'
[1.455s] Level 5:colcon.colcon_core.verb:set package 'main' build argument 'cmake_target_skip_unavailable' from command line to 'False'
[1.455s] Level 5:colcon.colcon_core.verb:set package 'main' build argument 'cmake_clean_cache' from command line to 'False'
[1.456s] Level 5:colcon.colcon_core.verb:set package 'main' build argument 'cmake_clean_first' from command line to 'False'
[1.456s] Level 5:colcon.colcon_core.verb:set package 'main' build argument 'cmake_force_configure' from command line to 'False'
[1.456s] Level 5:colcon.colcon_core.verb:set package 'main' build argument 'ament_cmake_args' from command line to 'None'
[1.456s] Level 5:colcon.colcon_core.verb:set package 'main' build argument 'catkin_cmake_args' from command line to 'None'
[1.456s] Level 5:colcon.colcon_core.verb:set package 'main' build argument 'catkin_skip_building_tests' from command line to 'False'
[1.456s] DEBUG:colcon.colcon_core.verb:Building package 'main' with the following arguments: {'ament_cmake_args': None, 'build_base': '/home/ubuntu/SSLRasp/build/main', 'catkin_cmake_args': None, 'catkin_skip_building_tests': False, 'cmake_args': None, 'cmake_clean_cache': False, 'cmake_clean_first': False, 'cmake_force_configure': False, 'cmake_target': None, 'cmake_target_skip_unavailable': False, 'install_base': '/home/ubuntu/SSLRasp/install/main', 'merge_install': False, 'path': '/home/ubuntu/SSLRasp/src/main', 'symlink_install': False, 'test_result_base': None}
[1.458s] INFO:colcon.colcon_core.executor:Executing jobs using 'parallel' executor
[1.465s] DEBUG:colcon.colcon_parallel_executor.executor.parallel:run_until_complete
[1.466s] INFO:colcon.colcon_ros.task.ament_cmake.build:Building ROS package in '/home/ubuntu/SSLRasp/src/message_info' with build type 'ament_cmake'
[1.467s] INFO:colcon.colcon_cmake.task.cmake.build:Building CMake package in '/home/ubuntu/SSLRasp/src/message_info'
[1.481s] INFO:colcon.colcon_core.plugin_system:Skipping extension 'colcon_core.shell.bat': Not used on non-Windows systems
[1.482s] INFO:colcon.colcon_core.shell:Skip shell extension 'powershell' for command environment: Not usable outside of PowerShell
[1.482s] DEBUG:colcon.colcon_core.shell:Skip shell extension 'dsv' for command environment
[1.494s] DEBUG:colcon.colcon_core.shell:Ignoring prefix path '/opt/ros/foxy'
[1.505s] INFO:colcon.colcon_ros.task.ament_python.build:Building ROS package in '/home/ubuntu/SSLRasp/src/real_sender' with build type 'ament_python'
[1.506s] Level 1:colcon.colcon_core.shell:create_environment_hook('real_sender', 'ament_prefix_path')
[1.510s] INFO:colcon.colcon_core.shell:Creating environment hook '/home/ubuntu/SSLRasp/install/real_sender/share/real_sender/hook/ament_prefix_path.ps1'
[1.513s] INFO:colcon.colcon_core.shell:Creating environment descriptor '/home/ubuntu/SSLRasp/install/real_sender/share/real_sender/hook/ament_prefix_path.dsv'
[1.516s] INFO:colcon.colcon_core.shell:Creating environment hook '/home/ubuntu/SSLRasp/install/real_sender/share/real_sender/hook/ament_prefix_path.sh'
[1.521s] INFO:colcon.colcon_core.shell:Skip shell extension 'powershell' for command environment: Not usable outside of PowerShell
[1.522s] DEBUG:colcon.colcon_core.shell:Skip shell extension 'dsv' for command environment
[1.529s] DEBUG:colcon.colcon_core.shell:Ignoring prefix path '/opt/ros/foxy'
[1.555s] DEBUG:colcon.colcon_core.event_handler.log_command:Invoking command in '/home/ubuntu/SSLRasp/build/message_info': CMAKE_PREFIX_PATH=${CMAKE_PREFIX_PATH}:/home/ubuntu/SSLRasp/install/real_sender:/opt/ros/foxy /usr/bin/cmake --build /home/ubuntu/SSLRasp/build/message_info -- -j4 -l4
[2.700s] WARNING:colcon.colcon_ros.task.ament_python.build:Package 'real_sender' doesn't explicitly install a marker in the package index (colcon-ros currently does it implicitly but that fallback will be removed in the future)
[2.702s] WARNING:colcon.colcon_ros.task.ament_python.build:Package 'real_sender' doesn't explicitly install the 'package.xml' file (colcon-ros currently does it implicitly but that fallback will be removed in the future)
[2.704s] INFO:colcon.colcon_core.task.python.build:Building Python package in '/home/ubuntu/SSLRasp/src/real_sender'
[2.707s] INFO:colcon.colcon_core.shell:Skip shell extension 'powershell' for command environment: Not usable outside of PowerShell
[2.708s] DEBUG:colcon.colcon_core.shell:Skip shell extension 'dsv' for command environment
[2.719s] DEBUG:colcon.colcon_core.shell:Ignoring prefix path '/opt/ros/foxy'
[2.761s] DEBUG:colcon.colcon_core.event_handler.log_command:Invoking command in '/home/ubuntu/SSLRasp/src/real_sender': PYTHONPATH=/home/ubuntu/SSLRasp/install/real_sender/lib/python3.8/site-packages:${PYTHONPATH} /usr/bin/python3 setup.py egg_info --egg-base ../../build/real_sender build --build-base /home/ubuntu/SSLRasp/build/real_sender/build install --prefix /home/ubuntu/SSLRasp/install/real_sender --record /home/ubuntu/SSLRasp/build/real_sender/install.log --single-version-externally-managed
[2.924s] DEBUG:colcon.colcon_core.event_handler.log_command:Invoked command in '/home/ubuntu/SSLRasp/build/message_info' returned '0': CMAKE_PREFIX_PATH=${CMAKE_PREFIX_PATH}:/home/ubuntu/SSLRasp/install/real_sender:/opt/ros/foxy /usr/bin/cmake --build /home/ubuntu/SSLRasp/build/message_info -- -j4 -l4
[4.162s] DEBUG:colcon.colcon_core.event_handler.log_command:Invoked command in '/home/ubuntu/SSLRasp/src/real_sender' returned '0': PYTHONPATH=/home/ubuntu/SSLRasp/install/real_sender/lib/python3.8/site-packages:${PYTHONPATH} /usr/bin/python3 setup.py egg_info --egg-base ../../build/real_sender build --build-base /home/ubuntu/SSLRasp/build/real_sender/build install --prefix /home/ubuntu/SSLRasp/install/real_sender --record /home/ubuntu/SSLRasp/build/real_sender/install.log --single-version-externally-managed
[4.177s] Level 1:colcon.colcon_core.environment:checking '/home/ubuntu/SSLRasp/install/real_sender' for CMake module files
[4.181s] Level 1:colcon.colcon_core.environment:checking '/home/ubuntu/SSLRasp/install/real_sender' for CMake config files
[4.185s] Level 1:colcon.colcon_core.environment:checking '/home/ubuntu/SSLRasp/install/real_sender/lib'
[4.186s] Level 1:colcon.colcon_core.environment:checking '/home/ubuntu/SSLRasp/install/real_sender/bin'
[4.186s] Level 1:colcon.colcon_core.environment:checking '/home/ubuntu/SSLRasp/install/real_sender/lib/pkgconfig/real_sender.pc'
[4.186s] Level 1:colcon.colcon_core.environment:checking '/home/ubuntu/SSLRasp/install/real_sender/lib/python3.8/site-packages'
[4.187s] Level 1:colcon.colcon_core.shell:create_environment_hook('real_sender', 'pythonpath')
[4.189s] INFO:colcon.colcon_core.shell:Creating environment hook '/home/ubuntu/SSLRasp/install/real_sender/share/real_sender/hook/pythonpath.ps1'
[4.191s] INFO:colcon.colcon_core.shell:Creating environment descriptor '/home/ubuntu/SSLRasp/install/real_sender/share/real_sender/hook/pythonpath.dsv'
[4.193s] INFO:colcon.colcon_core.shell:Creating environment hook '/home/ubuntu/SSLRasp/install/real_sender/share/real_sender/hook/pythonpath.sh'
[4.195s] Level 1:colcon.colcon_core.environment:create_environment_scripts_only(real_sender)
[4.198s] INFO:colcon.colcon_core.shell:Creating package script '/home/ubuntu/SSLRasp/install/real_sender/share/real_sender/package.ps1'
[4.207s] INFO:colcon.colcon_core.shell:Creating package descriptor '/home/ubuntu/SSLRasp/install/real_sender/share/real_sender/package.dsv'
[4.210s] INFO:colcon.colcon_core.shell:Creating package script '/home/ubuntu/SSLRasp/install/real_sender/share/real_sender/package.sh'
[4.213s] INFO:colcon.colcon_core.shell:Creating package script '/home/ubuntu/SSLRasp/install/real_sender/share/real_sender/package.bash'
[4.217s] INFO:colcon.colcon_core.shell:Creating package script '/home/ubuntu/SSLRasp/install/real_sender/share/real_sender/package.zsh'
[4.220s] Level 1:colcon.colcon_core.environment:create_file_with_runtime_dependencies(/home/ubuntu/SSLRasp/install/real_sender/share/colcon-core/packages/real_sender)
[4.869s] DEBUG:colcon.colcon_core.event_handler.log_command:Invoking command in '/home/ubuntu/SSLRasp/build/message_info': CMAKE_PREFIX_PATH=${CMAKE_PREFIX_PATH}:/home/ubuntu/SSLRasp/install/real_sender:/opt/ros/foxy /usr/bin/cmake --install /home/ubuntu/SSLRasp/build/message_info
[5.231s] Level 1:colcon.colcon_core.environment:create_environment_scripts_only(message_info)
[5.235s] Level 1:colcon.colcon_core.environment:checking '/home/ubuntu/SSLRasp/install/message_info' for CMake module files
[5.237s] DEBUG:colcon.colcon_core.event_handler.log_command:Invoked command in '/home/ubuntu/SSLRasp/build/message_info' returned '0': CMAKE_PREFIX_PATH=${CMAKE_PREFIX_PATH}:/home/ubuntu/SSLRasp/install/real_sender:/opt/ros/foxy /usr/bin/cmake --install /home/ubuntu/SSLRasp/build/message_info
[5.242s] Level 1:colcon.colcon_core.environment:checking '/home/ubuntu/SSLRasp/install/message_info' for CMake config files
[5.247s] Level 1:colcon.colcon_core.shell:create_environment_hook('message_info', 'cmake_prefix_path')
[5.250s] INFO:colcon.colcon_core.shell:Creating environment hook '/home/ubuntu/SSLRasp/install/message_info/share/message_info/hook/cmake_prefix_path.ps1'
[5.252s] INFO:colcon.colcon_core.shell:Creating environment descriptor '/home/ubuntu/SSLRasp/install/message_info/share/message_info/hook/cmake_prefix_path.dsv'
[5.253s] INFO:colcon.colcon_core.shell:Creating environment hook '/home/ubuntu/SSLRasp/install/message_info/share/message_info/hook/cmake_prefix_path.sh'
[5.256s] Level 1:colcon.colcon_core.environment:checking '/home/ubuntu/SSLRasp/install/message_info/lib'
[5.257s] Level 1:colcon.colcon_core.shell:create_environment_hook('message_info', 'ld_library_path_lib')
[5.259s] INFO:colcon.colcon_core.shell:Creating environment hook '/home/ubuntu/SSLRasp/install/message_info/share/message_info/hook/ld_library_path_lib.ps1'
[5.261s] INFO:colcon.colcon_core.shell:Creating environment descriptor '/home/ubuntu/SSLRasp/install/message_info/share/message_info/hook/ld_library_path_lib.dsv'
[5.262s] INFO:colcon.colcon_core.shell:Creating environment hook '/home/ubuntu/SSLRasp/install/message_info/share/message_info/hook/ld_library_path_lib.sh'
[5.264s] Level 1:colcon.colcon_core.environment:checking '/home/ubuntu/SSLRasp/install/message_info/bin'
[5.264s] Level 1:colcon.colcon_core.environment:checking '/home/ubuntu/SSLRasp/install/message_info/lib/pkgconfig/message_info.pc'
[5.264s] Level 1:colcon.colcon_core.environment:checking '/home/ubuntu/SSLRasp/install/message_info/lib/python3.8/site-packages'
[5.265s] Level 1:colcon.colcon_core.shell:create_environment_hook('message_info', 'pythonpath')
[5.267s] INFO:colcon.colcon_core.shell:Creating environment hook '/home/ubuntu/SSLRasp/install/message_info/share/message_info/hook/pythonpath.ps1'
[5.269s] INFO:colcon.colcon_core.shell:Creating environment descriptor '/home/ubuntu/SSLRasp/install/message_info/share/message_info/hook/pythonpath.dsv'
[5.270s] INFO:colcon.colcon_core.shell:Creating environment hook '/home/ubuntu/SSLRasp/install/message_info/share/message_info/hook/pythonpath.sh'
[5.274s] INFO:colcon.colcon_core.shell:Creating package script '/home/ubuntu/SSLRasp/install/message_info/share/message_info/package.ps1'
[5.277s] INFO:colcon.colcon_core.shell:Creating package descriptor '/home/ubuntu/SSLRasp/install/message_info/share/message_info/package.dsv'
[5.279s] INFO:colcon.colcon_core.shell:Creating package script '/home/ubuntu/SSLRasp/install/message_info/share/message_info/package.sh'
[5.281s] INFO:colcon.colcon_core.shell:Creating package script '/home/ubuntu/SSLRasp/install/message_info/share/message_info/package.bash'
[5.282s] INFO:colcon.colcon_core.shell:Creating package script '/home/ubuntu/SSLRasp/install/message_info/share/message_info/package.zsh'
[5.284s] Level 1:colcon.colcon_core.environment:create_file_with_runtime_dependencies(/home/ubuntu/SSLRasp/install/message_info/share/colcon-core/packages/message_info)
[7.346s] Level 1:colcon.colcon_core.environment:create_environment_scripts_only(message_info)
[7.350s] Level 1:colcon.colcon_core.environment:checking '/home/ubuntu/SSLRasp/install/message_info' for CMake module files
[7.355s] Level 1:colcon.colcon_core.environment:checking '/home/ubuntu/SSLRasp/install/message_info' for CMake config files
[7.359s] Level 1:colcon.colcon_core.shell:create_environment_hook('message_info', 'cmake_prefix_path')
[7.361s] INFO:colcon.colcon_core.shell:Creating environment hook '/home/ubuntu/SSLRasp/install/message_info/share/message_info/hook/cmake_prefix_path.ps1'
[7.364s] INFO:colcon.colcon_core.shell:Creating environment descriptor '/home/ubuntu/SSLRasp/install/message_info/share/message_info/hook/cmake_prefix_path.dsv'
[7.366s] INFO:colcon.colcon_core.shell:Creating environment hook '/home/ubuntu/SSLRasp/install/message_info/share/message_info/hook/cmake_prefix_path.sh'
[7.369s] Level 1:colcon.colcon_core.environment:checking '/home/ubuntu/SSLRasp/install/message_info/lib'
[7.370s] Level 1:colcon.colcon_core.shell:create_environment_hook('message_info', 'ld_library_path_lib')
[7.373s] INFO:colcon.colcon_core.shell:Creating environment hook '/home/ubuntu/SSLRasp/install/message_info/share/message_info/hook/ld_library_path_lib.ps1'
[7.375s] INFO:colcon.colcon_core.shell:Creating environment descriptor '/home/ubuntu/SSLRasp/install/message_info/share/message_info/hook/ld_library_path_lib.dsv'
[7.376s] INFO:colcon.colcon_core.shell:Creating environment hook '/home/ubuntu/SSLRasp/install/message_info/share/message_info/hook/ld_library_path_lib.sh'
[7.378s] Level 1:colcon.colcon_core.environment:checking '/home/ubuntu/SSLRasp/install/message_info/bin'
[7.378s] Level 1:colcon.colcon_core.environment:checking '/home/ubuntu/SSLRasp/install/message_info/lib/pkgconfig/message_info.pc'
[7.378s] Level 1:colcon.colcon_core.environment:checking '/home/ubuntu/SSLRasp/install/message_info/lib/python3.8/site-packages'
[7.379s] Level 1:colcon.colcon_core.shell:create_environment_hook('message_info', 'pythonpath')
[7.381s] INFO:colcon.colcon_core.shell:Creating environment hook '/home/ubuntu/SSLRasp/install/message_info/share/message_info/hook/pythonpath.ps1'
[7.383s] INFO:colcon.colcon_core.shell:Creating environment descriptor '/home/ubuntu/SSLRasp/install/message_info/share/message_info/hook/pythonpath.dsv'
[7.385s] INFO:colcon.colcon_core.shell:Creating environment hook '/home/ubuntu/SSLRasp/install/message_info/share/message_info/hook/pythonpath.sh'
[7.389s] INFO:colcon.colcon_core.shell:Creating package script '/home/ubuntu/SSLRasp/install/message_info/share/message_info/package.ps1'
[7.392s] INFO:colcon.colcon_core.shell:Creating package descriptor '/home/ubuntu/SSLRasp/install/message_info/share/message_info/package.dsv'
[7.396s] INFO:colcon.colcon_core.shell:Creating package script '/home/ubuntu/SSLRasp/install/message_info/share/message_info/package.sh'
[7.398s] INFO:colcon.colcon_core.shell:Creating package script '/home/ubuntu/SSLRasp/install/message_info/share/message_info/package.bash'
[7.401s] INFO:colcon.colcon_core.shell:Creating package script '/home/ubuntu/SSLRasp/install/message_info/share/message_info/package.zsh'
[7.403s] Level 1:colcon.colcon_core.environment:create_file_with_runtime_dependencies(/home/ubuntu/SSLRasp/install/message_info/share/colcon-core/packages/message_info)
[7.405s] INFO:colcon.colcon_ros.task.ament_cmake.build:Building ROS package in '/home/ubuntu/SSLRasp/src/main' with build type 'ament_cmake'
[7.406s] INFO:colcon.colcon_cmake.task.cmake.build:Building CMake package in '/home/ubuntu/SSLRasp/src/main'
[7.408s] INFO:colcon.colcon_core.shell:Skip shell extension 'powershell' for command environment: Not usable outside of PowerShell
[7.409s] DEBUG:colcon.colcon_core.shell:Skip shell extension 'dsv' for command environment
[7.420s] DEBUG:colcon.colcon_core.shell:Ignoring prefix path '/opt/ros/foxy'
[7.465s] DEBUG:colcon.colcon_core.event_handler.log_command:Invoking command in '/home/ubuntu/SSLRasp/build/main': CMAKE_PREFIX_PATH=/home/ubuntu/SSLRasp/install/message_info:/home/ubuntu/SSLRasp/install/main:/home/ubuntu/SSLRasp/install/real_sender:/opt/ros/foxy PYTHONPATH=/home/ubuntu/SSLRasp/install/message_info/lib/python3.8/site-packages:/home/ubuntu/SSLRasp/install/real_sender/lib/python3.8/site-packages:/opt/ros/foxy/lib/python3.8/site-packages /usr/bin/cmake --build /home/ubuntu/SSLRasp/build/main -- -j4 -l4
[7.801s] DEBUG:colcon.colcon_core.event_handler.log_command:Invoked command in '/home/ubuntu/SSLRasp/build/main' returned '0': CMAKE_PREFIX_PATH=/home/ubuntu/SSLRasp/install/message_info:/home/ubuntu/SSLRasp/install/main:/home/ubuntu/SSLRasp/install/real_sender:/opt/ros/foxy PYTHONPATH=/home/ubuntu/SSLRasp/install/message_info/lib/python3.8/site-packages:/home/ubuntu/SSLRasp/install/real_sender/lib/python3.8/site-packages:/opt/ros/foxy/lib/python3.8/site-packages /usr/bin/cmake --build /home/ubuntu/SSLRasp/build/main -- -j4 -l4
[7.923s] DEBUG:colcon.colcon_core.event_handler.log_command:Invoking command in '/home/ubuntu/SSLRasp/build/main': CMAKE_PREFIX_PATH=/home/ubuntu/SSLRasp/install/message_info:/home/ubuntu/SSLRasp/install/main:/home/ubuntu/SSLRasp/install/real_sender:/opt/ros/foxy PYTHONPATH=/home/ubuntu/SSLRasp/install/message_info/lib/python3.8/site-packages:/home/ubuntu/SSLRasp/install/real_sender/lib/python3.8/site-packages:/opt/ros/foxy/lib/python3.8/site-packages /usr/bin/cmake --install /home/ubuntu/SSLRasp/build/main
[7.972s] Level 1:colcon.colcon_core.environment:create_environment_scripts_only(main)
[7.976s] Level 1:colcon.colcon_core.environment:checking '/home/ubuntu/SSLRasp/install/main' for CMake module files
[7.978s] DEBUG:colcon.colcon_core.event_handler.log_command:Invoked command in '/home/ubuntu/SSLRasp/build/main' returned '0': CMAKE_PREFIX_PATH=/home/ubuntu/SSLRasp/install/message_info:/home/ubuntu/SSLRasp/install/main:/home/ubuntu/SSLRasp/install/real_sender:/opt/ros/foxy PYTHONPATH=/home/ubuntu/SSLRasp/install/message_info/lib/python3.8/site-packages:/home/ubuntu/SSLRasp/install/real_sender/lib/python3.8/site-packages:/opt/ros/foxy/lib/python3.8/site-packages /usr/bin/cmake --install /home/ubuntu/SSLRasp/build/main
[7.980s] Level 1:colcon.colcon_core.environment:checking '/home/ubuntu/SSLRasp/install/main' for CMake config files
[7.981s] Level 1:colcon.colcon_core.shell:create_environment_hook('main', 'cmake_prefix_path')
[7.984s] INFO:colcon.colcon_core.shell:Creating environment hook '/home/ubuntu/SSLRasp/install/main/share/main/hook/cmake_prefix_path.ps1'
[7.986s] INFO:colcon.colcon_core.shell:Creating environment descriptor '/home/ubuntu/SSLRasp/install/main/share/main/hook/cmake_prefix_path.dsv'
[7.988s] INFO:colcon.colcon_core.shell:Creating environment hook '/home/ubuntu/SSLRasp/install/main/share/main/hook/cmake_prefix_path.sh'
[7.991s] Level 1:colcon.colcon_core.environment:checking '/home/ubuntu/SSLRasp/install/main/lib'
[7.991s] Level 1:colcon.colcon_core.environment:checking '/home/ubuntu/SSLRasp/install/main/bin'
[7.992s] Level 1:colcon.colcon_core.environment:checking '/home/ubuntu/SSLRasp/install/main/lib/pkgconfig/main.pc'
[7.992s] Level 1:colcon.colcon_core.environment:checking '/home/ubuntu/SSLRasp/install/main/lib/python3.8/site-packages'
[7.995s] INFO:colcon.colcon_core.shell:Creating package script '/home/ubuntu/SSLRasp/install/main/share/main/package.ps1'
[7.997s] INFO:colcon.colcon_core.shell:Creating package descriptor '/home/ubuntu/SSLRasp/install/main/share/main/package.dsv'
[7.999s] INFO:colcon.colcon_core.shell:Creating package script '/home/ubuntu/SSLRasp/install/main/share/main/package.sh'
[8.001s] INFO:colcon.colcon_core.shell:Creating package script '/home/ubuntu/SSLRasp/install/main/share/main/package.bash'
[8.002s] INFO:colcon.colcon_core.shell:Creating package script '/home/ubuntu/SSLRasp/install/main/share/main/package.zsh'
[8.004s] Level 1:colcon.colcon_core.environment:create_file_with_runtime_dependencies(/home/ubuntu/SSLRasp/install/main/share/colcon-core/packages/main)
[8.119s] Level 1:colcon.colcon_core.environment:create_environment_scripts_only(main)
[8.123s] Level 1:colcon.colcon_core.environment:checking '/home/ubuntu/SSLRasp/install/main' for CMake module files
[8.126s] Level 1:colcon.colcon_core.environment:checking '/home/ubuntu/SSLRasp/install/main' for CMake config files
[8.127s] Level 1:colcon.colcon_core.shell:create_environment_hook('main', 'cmake_prefix_path')
[8.130s] INFO:colcon.colcon_core.shell:Creating environment hook '/home/ubuntu/SSLRasp/install/main/share/main/hook/cmake_prefix_path.ps1'
[8.132s] INFO:colcon.colcon_core.shell:Creating environment descriptor '/home/ubuntu/SSLRasp/install/main/share/main/hook/cmake_prefix_path.dsv'
[8.134s] INFO:colcon.colcon_core.shell:Creating environment hook '/home/ubuntu/SSLRasp/install/main/share/main/hook/cmake_prefix_path.sh'
[8.137s] Level 1:colcon.colcon_core.environment:checking '/home/ubuntu/SSLRasp/install/main/lib'
[8.137s] Level 1:colcon.colcon_core.environment:checking '/home/ubuntu/SSLRasp/install/main/bin'
[8.138s] Level 1:colcon.colcon_core.environment:checking '/home/ubuntu/SSLRasp/install/main/lib/pkgconfig/main.pc'
[8.138s] Level 1:colcon.colcon_core.environment:checking '/home/ubuntu/SSLRasp/install/main/lib/python3.8/site-packages'
[8.140s] INFO:colcon.colcon_core.shell:Creating package script '/home/ubuntu/SSLRasp/install/main/share/main/package.ps1'
[8.143s] INFO:colcon.colcon_core.shell:Creating package descriptor '/home/ubuntu/SSLRasp/install/main/share/main/package.dsv'
[8.145s] INFO:colcon.colcon_core.shell:Creating package script '/home/ubuntu/SSLRasp/install/main/share/main/package.sh'
[8.146s] INFO:colcon.colcon_core.shell:Creating package script '/home/ubuntu/SSLRasp/install/main/share/main/package.bash'
[8.148s] INFO:colcon.colcon_core.shell:Creating package script '/home/ubuntu/SSLRasp/install/main/share/main/package.zsh'
[8.151s] Level 1:colcon.colcon_core.environment:create_file_with_runtime_dependencies(/home/ubuntu/SSLRasp/install/main/share/colcon-core/packages/main)
[8.153s] DEBUG:colcon.colcon_parallel_executor.executor.parallel:closing loop
[8.154s] DEBUG:colcon.colcon_parallel_executor.executor.parallel:loop closed
[8.155s] DEBUG:colcon.colcon_parallel_executor.executor.parallel:run_until_complete finished with '0'
[8.156s] DEBUG:colcon.colcon_core.event_reactor:joining thread
[8.184s] INFO:colcon.colcon_core.plugin_system:Skipping extension 'colcon_notification.desktop_notification.notify_send': Could not find 'notify-send'
[8.185s] INFO:colcon.colcon_core.plugin_system:Skipping extension 'colcon_notification.desktop_notification.terminal_notifier': Not used on non-Darwin systems
[8.185s] INFO:colcon.colcon_core.plugin_system:Skipping extension 'colcon_notification.desktop_notification.win32': Not used on non-Windows systems
[8.186s] INFO:colcon.colcon_notification.desktop_notification:Sending desktop notification using 'notify2'
[8.189s] DEBUG:colcon.colcon_notification.desktop_notification.notify2:Failed to initialize notify2: org.freedesktop.DBus.Error.ServiceUnknown: The name org.freedesktop.Notifications was not provided by any .service files
[8.190s] DEBUG:colcon.colcon_core.event_reactor:joined thread
[8.192s] INFO:colcon.colcon_core.shell:Creating prefix script '/home/ubuntu/SSLRasp/install/local_setup.ps1'
[8.196s] INFO:colcon.colcon_core.shell:Creating prefix util module '/home/ubuntu/SSLRasp/install/_local_setup_util_ps1.py'
[8.202s] INFO:colcon.colcon_core.shell:Creating prefix chain script '/home/ubuntu/SSLRasp/install/setup.ps1'
[8.213s] INFO:colcon.colcon_core.shell:Creating prefix script '/home/ubuntu/SSLRasp/install/local_setup.sh'
[8.216s] INFO:colcon.colcon_core.shell:Creating prefix util module '/home/ubuntu/SSLRasp/install/_local_setup_util_sh.py'
[8.219s] INFO:colcon.colcon_core.shell:Creating prefix chain script '/home/ubuntu/SSLRasp/install/setup.sh'
[8.229s] INFO:colcon.colcon_core.shell:Creating prefix script '/home/ubuntu/SSLRasp/install/local_setup.bash'
[8.231s] INFO:colcon.colcon_core.shell:Creating prefix chain script '/home/ubuntu/SSLRasp/install/setup.bash'
[8.241s] INFO:colcon.colcon_core.shell:Creating prefix script '/home/ubuntu/SSLRasp/install/local_setup.zsh'
[8.244s] INFO:colcon.colcon_core.shell:Creating prefix chain script '/home/ubuntu/SSLRasp/install/setup.zsh'
