[6.660s] Invoking command in '/home/ubuntu/SSLRasp/src/real_sender': PYTHONPATH=/home/ubuntu/SSLRasp/install/real_sender/lib/python3.8/site-packages:${PYTHONPATH} /usr/bin/python3 setup.py egg_info --egg-base ../../build/real_sender build --build-base /home/ubuntu/SSLRasp/build/real_sender/build install --prefix /home/ubuntu/SSLRasp/install/real_sender --record /home/ubuntu/SSLRasp/build/real_sender/install.log --single-version-externally-managed
[7.695s] running egg_info
[7.697s] writing ../../build/real_sender/real_sender.egg-info/PKG-INFO
[7.699s] writing dependency_links to ../../build/real_sender/real_sender.egg-info/dependency_links.txt
[7.699s] writing entry points to ../../build/real_sender/real_sender.egg-info/entry_points.txt
[7.701s] writing requirements to ../../build/real_sender/real_sender.egg-info/requires.txt
[7.702s] writing top-level names to ../../build/real_sender/real_sender.egg-info/top_level.txt
[7.848s] reading manifest file '../../build/real_sender/real_sender.egg-info/SOURCES.txt'
[7.852s] writing manifest file '../../build/real_sender/real_sender.egg-info/SOURCES.txt'
[7.853s] running build
[7.853s] running build_py
[7.854s] running install
[7.857s] running install_lib
[7.864s] running install_egg_info
[7.871s] removing '/home/ubuntu/SSLRasp/install/real_sender/lib/python3.8/site-packages/real_sender-0.0.0-py3.8.egg-info' (and everything under it)
[7.873s] Copying ../../build/real_sender/real_sender.egg-info to /home/ubuntu/SSLRasp/install/real_sender/lib/python3.8/site-packages/real_sender-0.0.0-py3.8.egg-info
[7.879s] running install_scripts
[7.953s] Installing real_send script to /home/ubuntu/SSLRasp/install/real_sender/lib/real_sender
[7.954s] writing list of installed files to '/home/ubuntu/SSLRasp/build/real_sender/install.log'
[8.061s] Invoked command in '/home/ubuntu/SSLRasp/src/real_sender' returned '0': PYTHONPATH=/home/ubuntu/SSLRasp/install/real_sender/lib/python3.8/site-packages:${PYTHONPATH} /usr/bin/python3 setup.py egg_info --egg-base ../../build/real_sender build --build-base /home/ubuntu/SSLRasp/build/real_sender/build install --prefix /home/ubuntu/SSLRasp/install/real_sender --record /home/ubuntu/SSLRasp/build/real_sender/install.log --single-version-externally-managed
