[0.095s] DEBUG:colcon:Command line arguments: ['/usr/bin/colcon', 'build']
[0.095s] DEBUG:colcon:Parsed command line arguments: Namespace(ament_cmake_args=None, base_paths=['.'], build_base='build', catkin_cmake_args=None, catkin_skip_building_tests=False, cmake_args=None, cmake_clean_cache=False, cmake_clean_first=False, cmake_force_configure=False, cmake_target=None, cmake_target_skip_unavailable=False, continue_on_error=False, event_handlers=None, executor='parallel', ignore_user_meta=False, install_base='install', log_base=None, log_level=None, main=<bound method BuildVerb.main of <colcon_core.verb.build.BuildVerb object at 0x7fed529ae310>>, merge_install=False, metas=['./colcon.meta'], packages_above=None, packages_above_and_dependencies=None, packages_above_depth=None, packages_end=None, packages_ignore=None, packages_ignore_regex=None, packages_select=None, packages_select_build_failed=False, packages_select_by_dep=None, packages_select_regex=None, packages_select_test_failures=False, packages_skip=None, packages_skip_build_finished=False, packages_skip_by_dep=None, packages_skip_regex=None, packages_skip_test_passed=False, packages_skip_up_to=None, packages_start=None, packages_up_to=None, packages_up_to_regex=None, parallel_workers=16, paths=None, symlink_install=False, test_result_base=None, verb_extension=<colcon_core.verb.build.BuildVerb object at 0x7fed529ae310>, verb_name='build', verb_parser=<colcon_defaults.argument_parser.defaults.DefaultArgumentsDecorator object at 0x7fed529ae850>)
[0.098s] Level 1:colcon.colcon_core.package_discovery:discover_packages(colcon_meta) check parameters
[0.098s] Level 1:colcon.colcon_core.package_discovery:discover_packages(recursive) check parameters
[0.098s] Level 1:colcon.colcon_core.package_discovery:discover_packages(ignore) check parameters
[0.098s] Level 1:colcon.colcon_core.package_discovery:discover_packages(path) check parameters
[0.098s] Level 1:colcon.colcon_core.package_discovery:discover_packages(colcon_meta) discover
[0.098s] Level 1:colcon.colcon_core.package_discovery:discover_packages(recursive) discover
[0.098s] INFO:colcon.colcon_core.package_discovery:Crawling recursively for packages in '/home/rionessl/SSLRasp'
[0.098s] Level 1:colcon.colcon_core.package_identification:_identify(.) by extensions ['ignore', 'ignore_ament_install']
[0.098s] Level 1:colcon.colcon_core.package_identification:_identify(.) by extension 'ignore'
[0.098s] Level 1:colcon.colcon_core.package_identification:_identify(.) by extension 'ignore_ament_install'
[0.098s] Level 1:colcon.colcon_core.package_identification:_identify(.) by extensions ['colcon_pkg']
[0.098s] Level 1:colcon.colcon_core.package_identification:_identify(.) by extension 'colcon_pkg'
[0.098s] Level 1:colcon.colcon_core.package_identification:_identify(.) by extensions ['colcon_meta']
[0.098s] Level 1:colcon.colcon_core.package_identification:_identify(.) by extension 'colcon_meta'
[0.099s] Level 1:colcon.colcon_core.package_identification:_identify(.) by extensions ['ros']
[0.099s] Level 1:colcon.colcon_core.package_identification:_identify(.) by extension 'ros'
[0.106s] Level 1:colcon.colcon_core.package_identification:_identify(.) by extensions ['cmake', 'python']
[0.106s] Level 1:colcon.colcon_core.package_identification:_identify(.) by extension 'cmake'
[0.106s] Level 1:colcon.colcon_core.package_identification:_identify(.) by extension 'python'
[0.106s] Level 1:colcon.colcon_core.package_identification:_identify(.) by extensions ['python_setup_py']
[0.106s] Level 1:colcon.colcon_core.package_identification:_identify(.) by extension 'python_setup_py'
[0.106s] Level 1:colcon.colcon_core.package_identification:_identify(build) by extensions ['ignore', 'ignore_ament_install']
[0.106s] Level 1:colcon.colcon_core.package_identification:_identify(build) by extension 'ignore'
[0.106s] Level 1:colcon.colcon_core.package_identification:_identify(build) ignored
[0.106s] Level 1:colcon.colcon_core.package_identification:_identify(install) by extensions ['ignore', 'ignore_ament_install']
[0.106s] Level 1:colcon.colcon_core.package_identification:_identify(install) by extension 'ignore'
[0.106s] Level 1:colcon.colcon_core.package_identification:_identify(install) ignored
[0.106s] Level 1:colcon.colcon_core.package_identification:_identify(log) by extensions ['ignore', 'ignore_ament_install']
[0.106s] Level 1:colcon.colcon_core.package_identification:_identify(log) by extension 'ignore'
[0.106s] Level 1:colcon.colcon_core.package_identification:_identify(log) ignored
[0.106s] Level 1:colcon.colcon_core.package_identification:_identify(src) by extensions ['ignore', 'ignore_ament_install']
[0.106s] Level 1:colcon.colcon_core.package_identification:_identify(src) by extension 'ignore'
[0.106s] Level 1:colcon.colcon_core.package_identification:_identify(src) by extension 'ignore_ament_install'
[0.106s] Level 1:colcon.colcon_core.package_identification:_identify(src) by extensions ['colcon_pkg']
[0.106s] Level 1:colcon.colcon_core.package_identification:_identify(src) by extension 'colcon_pkg'
[0.106s] Level 1:colcon.colcon_core.package_identification:_identify(src) by extensions ['colcon_meta']
[0.106s] Level 1:colcon.colcon_core.package_identification:_identify(src) by extension 'colcon_meta'
[0.106s] Level 1:colcon.colcon_core.package_identification:_identify(src) by extensions ['ros']
[0.106s] Level 1:colcon.colcon_core.package_identification:_identify(src) by extension 'ros'
[0.106s] Level 1:colcon.colcon_core.package_identification:_identify(src) by extensions ['cmake', 'python']
[0.106s] Level 1:colcon.colcon_core.package_identification:_identify(src) by extension 'cmake'
[0.107s] Level 1:colcon.colcon_core.package_identification:_identify(src) by extension 'python'
[0.107s] Level 1:colcon.colcon_core.package_identification:_identify(src) by extensions ['python_setup_py']
[0.107s] Level 1:colcon.colcon_core.package_identification:_identify(src) by extension 'python_setup_py'
[0.107s] Level 1:colcon.colcon_core.package_identification:_identify(src/main) by extensions ['ignore', 'ignore_ament_install']
[0.107s] Level 1:colcon.colcon_core.package_identification:_identify(src/main) by extension 'ignore'
[0.107s] Level 1:colcon.colcon_core.package_identification:_identify(src/main) by extension 'ignore_ament_install'
[0.107s] Level 1:colcon.colcon_core.package_identification:_identify(src/main) by extensions ['colcon_pkg']
[0.107s] Level 1:colcon.colcon_core.package_identification:_identify(src/main) by extension 'colcon_pkg'
[0.107s] Level 1:colcon.colcon_core.package_identification:_identify(src/main) by extensions ['colcon_meta']
[0.107s] Level 1:colcon.colcon_core.package_identification:_identify(src/main) by extension 'colcon_meta'
[0.107s] Level 1:colcon.colcon_core.package_identification:_identify(src/main) by extensions ['ros']
[0.107s] Level 1:colcon.colcon_core.package_identification:_identify(src/main) by extension 'ros'
[0.108s] DEBUG:colcon.colcon_core.package_identification:Package 'src/main' with type 'ros.ament_python' and name 'main'
[0.108s] Level 1:colcon.colcon_core.package_identification:_identify(src/message_info) by extensions ['ignore', 'ignore_ament_install']
[0.109s] Level 1:colcon.colcon_core.package_identification:_identify(src/message_info) by extension 'ignore'
[0.109s] Level 1:colcon.colcon_core.package_identification:_identify(src/message_info) by extension 'ignore_ament_install'
[0.109s] Level 1:colcon.colcon_core.package_identification:_identify(src/message_info) by extensions ['colcon_pkg']
[0.109s] Level 1:colcon.colcon_core.package_identification:_identify(src/message_info) by extension 'colcon_pkg'
[0.109s] Level 1:colcon.colcon_core.package_identification:_identify(src/message_info) by extensions ['colcon_meta']
[0.109s] Level 1:colcon.colcon_core.package_identification:_identify(src/message_info) by extension 'colcon_meta'
[0.109s] Level 1:colcon.colcon_core.package_identification:_identify(src/message_info) by extensions ['ros']
[0.109s] Level 1:colcon.colcon_core.package_identification:_identify(src/message_info) by extension 'ros'
[0.109s] DEBUG:colcon.colcon_core.package_identification:Package 'src/message_info' with type 'ros.ament_cmake' and name 'message_info'
[0.109s] Level 1:colcon.colcon_core.package_discovery:discover_packages(recursive) using defaults
[0.109s] Level 1:colcon.colcon_core.package_discovery:discover_packages(ignore) discover
[0.110s] Level 1:colcon.colcon_core.package_discovery:discover_packages(ignore) using defaults
[0.110s] Level 1:colcon.colcon_core.package_discovery:discover_packages(path) discover
[0.110s] Level 1:colcon.colcon_core.package_discovery:discover_packages(path) using defaults
[0.123s] Level 5:colcon.colcon_core.verb:set package 'main' build argument 'cmake_args' from command line to 'None'
[0.123s] Level 5:colcon.colcon_core.verb:set package 'main' build argument 'cmake_target' from command line to 'None'
[0.123s] Level 5:colcon.colcon_core.verb:set package 'main' build argument 'cmake_target_skip_unavailable' from command line to 'False'
[0.123s] Level 5:colcon.colcon_core.verb:set package 'main' build argument 'cmake_clean_cache' from command line to 'False'
[0.123s] Level 5:colcon.colcon_core.verb:set package 'main' build argument 'cmake_clean_first' from command line to 'False'
[0.123s] Level 5:colcon.colcon_core.verb:set package 'main' build argument 'cmake_force_configure' from command line to 'False'
[0.123s] Level 5:colcon.colcon_core.verb:set package 'main' build argument 'ament_cmake_args' from command line to 'None'
[0.123s] Level 5:colcon.colcon_core.verb:set package 'main' build argument 'catkin_cmake_args' from command line to 'None'
[0.123s] Level 5:colcon.colcon_core.verb:set package 'main' build argument 'catkin_skip_building_tests' from command line to 'False'
[0.123s] DEBUG:colcon.colcon_core.verb:Building package 'main' with the following arguments: {'ament_cmake_args': None, 'build_base': '/home/rionessl/SSLRasp/build/main', 'catkin_cmake_args': None, 'catkin_skip_building_tests': False, 'cmake_args': None, 'cmake_clean_cache': False, 'cmake_clean_first': False, 'cmake_force_configure': False, 'cmake_target': None, 'cmake_target_skip_unavailable': False, 'install_base': '/home/rionessl/SSLRasp/install/main', 'merge_install': False, 'path': '/home/rionessl/SSLRasp/src/main', 'symlink_install': False, 'test_result_base': None}
[0.124s] Level 5:colcon.colcon_core.verb:set package 'message_info' build argument 'cmake_args' from command line to 'None'
[0.124s] Level 5:colcon.colcon_core.verb:set package 'message_info' build argument 'cmake_target' from command line to 'None'
[0.124s] Level 5:colcon.colcon_core.verb:set package 'message_info' build argument 'cmake_target_skip_unavailable' from command line to 'False'
[0.125s] Level 5:colcon.colcon_core.verb:set package 'message_info' build argument 'cmake_clean_cache' from command line to 'False'
[0.125s] Level 5:colcon.colcon_core.verb:set package 'message_info' build argument 'cmake_clean_first' from command line to 'False'
[0.125s] Level 5:colcon.colcon_core.verb:set package 'message_info' build argument 'cmake_force_configure' from command line to 'False'
[0.125s] Level 5:colcon.colcon_core.verb:set package 'message_info' build argument 'ament_cmake_args' from command line to 'None'
[0.125s] Level 5:colcon.colcon_core.verb:set package 'message_info' build argument 'catkin_cmake_args' from command line to 'None'
[0.125s] Level 5:colcon.colcon_core.verb:set package 'message_info' build argument 'catkin_skip_building_tests' from command line to 'False'
[0.125s] DEBUG:colcon.colcon_core.verb:Building package 'message_info' with the following arguments: {'ament_cmake_args': None, 'build_base': '/home/rionessl/SSLRasp/build/message_info', 'catkin_cmake_args': None, 'catkin_skip_building_tests': False, 'cmake_args': None, 'cmake_clean_cache': False, 'cmake_clean_first': False, 'cmake_force_configure': False, 'cmake_target': None, 'cmake_target_skip_unavailable': False, 'install_base': '/home/rionessl/SSLRasp/install/message_info', 'merge_install': False, 'path': '/home/rionessl/SSLRasp/src/message_info', 'symlink_install': False, 'test_result_base': None}
[0.125s] INFO:colcon.colcon_core.executor:Executing jobs using 'parallel' executor
[0.126s] DEBUG:colcon.colcon_parallel_executor.executor.parallel:run_until_complete
[0.126s] INFO:colcon.colcon_ros.task.ament_python.build:Building ROS package in '/home/rionessl/SSLRasp/src/main' with build type 'ament_python'
[0.126s] Level 1:colcon.colcon_core.shell:create_environment_hook('main', 'ament_prefix_path')
[0.129s] INFO:colcon.colcon_core.plugin_system:Skipping extension 'colcon_core.shell.bat': Not used on non-Windows systems
[0.129s] INFO:colcon.colcon_core.shell:Creating environment hook '/home/rionessl/SSLRasp/install/main/share/main/hook/ament_prefix_path.ps1'
[0.129s] INFO:colcon.colcon_core.shell:Creating environment descriptor '/home/rionessl/SSLRasp/install/main/share/main/hook/ament_prefix_path.dsv'
[0.129s] INFO:colcon.colcon_core.shell:Creating environment hook '/home/rionessl/SSLRasp/install/main/share/main/hook/ament_prefix_path.sh'
[0.130s] INFO:colcon.colcon_core.shell:Skip shell extension 'powershell' for command environment: Not usable outside of PowerShell
[0.130s] DEBUG:colcon.colcon_core.shell:Skip shell extension 'dsv' for command environment
[0.132s] DEBUG:colcon.colcon_core.shell:Ignoring prefix path '/opt/ros/foxy'
[0.134s] INFO:colcon.colcon_ros.task.ament_cmake.build:Building ROS package in '/home/rionessl/SSLRasp/src/message_info' with build type 'ament_cmake'
[0.134s] INFO:colcon.colcon_cmake.task.cmake.build:Building CMake package in '/home/rionessl/SSLRasp/src/message_info'
[0.134s] INFO:colcon.colcon_core.shell:Skip shell extension 'powershell' for command environment: Not usable outside of PowerShell
[0.134s] DEBUG:colcon.colcon_core.shell:Skip shell extension 'dsv' for command environment
[0.136s] DEBUG:colcon.colcon_core.shell:Ignoring prefix path '/opt/ros/foxy'
[0.285s] WARNING:colcon.colcon_ros.task.ament_python.build:Package 'main' doesn't explicitly install a marker in the package index (colcon-ros currently does it implicitly but that fallback will be removed in the future)
[0.286s] WARNING:colcon.colcon_ros.task.ament_python.build:Package 'main' doesn't explicitly install the 'package.xml' file (colcon-ros currently does it implicitly but that fallback will be removed in the future)
[0.286s] INFO:colcon.colcon_core.task.python.build:Building Python package in '/home/rionessl/SSLRasp/src/main'
[0.287s] INFO:colcon.colcon_core.shell:Skip shell extension 'powershell' for command environment: Not usable outside of PowerShell
[0.287s] DEBUG:colcon.colcon_core.shell:Skip shell extension 'dsv' for command environment
[0.289s] DEBUG:colcon.colcon_core.shell:Ignoring prefix path '/opt/ros/foxy'
[0.297s] DEBUG:colcon.colcon_core.event_handler.log_command:Invoking command in '/home/rionessl/SSLRasp/build/message_info': CMAKE_PREFIX_PATH=${CMAKE_PREFIX_PATH}:/home/rionessl/RiAI/install/real_sender:/opt/ros/foxy /usr/bin/cmake /home/rionessl/SSLRasp/src/message_info -DCMAKE_INSTALL_PREFIX=/home/rionessl/SSLRasp/install/message_info
[0.302s] DEBUG:colcon.colcon_core.event_handler.log_command:Invoking command in '/home/rionessl/SSLRasp/src/main': PYTHONPATH=/home/rionessl/SSLRasp/install/main/lib/python3.8/site-packages:${PYTHONPATH} /usr/bin/python3 setup.py egg_info --egg-base ../../build/main build --build-base /home/rionessl/SSLRasp/build/main/build install --prefix /home/rionessl/SSLRasp/install/main --record /home/rionessl/SSLRasp/build/main/install.log --single-version-externally-managed
[1.151s] DEBUG:colcon.colcon_core.event_handler.log_command:Invoked command in '/home/rionessl/SSLRasp/src/main' returned '0': PYTHONPATH=/home/rionessl/SSLRasp/install/main/lib/python3.8/site-packages:${PYTHONPATH} /usr/bin/python3 setup.py egg_info --egg-base ../../build/main build --build-base /home/rionessl/SSLRasp/build/main/build install --prefix /home/rionessl/SSLRasp/install/main --record /home/rionessl/SSLRasp/build/main/install.log --single-version-externally-managed
[1.154s] Level 1:colcon.colcon_core.environment:checking '/home/rionessl/SSLRasp/install/main' for CMake module files
[1.154s] Level 1:colcon.colcon_core.environment:checking '/home/rionessl/SSLRasp/install/main' for CMake config files
[1.155s] Level 1:colcon.colcon_core.environment:checking '/home/rionessl/SSLRasp/install/main/lib'
[1.155s] Level 1:colcon.colcon_core.environment:checking '/home/rionessl/SSLRasp/install/main/bin'
[1.155s] Level 1:colcon.colcon_core.environment:checking '/home/rionessl/SSLRasp/install/main/lib/pkgconfig/main.pc'
[1.155s] Level 1:colcon.colcon_core.environment:checking '/home/rionessl/SSLRasp/install/main/lib/python3.8/site-packages'
[1.155s] Level 1:colcon.colcon_core.shell:create_environment_hook('main', 'pythonpath')
[1.156s] INFO:colcon.colcon_core.shell:Creating environment hook '/home/rionessl/SSLRasp/install/main/share/main/hook/pythonpath.ps1'
[1.156s] INFO:colcon.colcon_core.shell:Creating environment descriptor '/home/rionessl/SSLRasp/install/main/share/main/hook/pythonpath.dsv'
[1.157s] INFO:colcon.colcon_core.shell:Creating environment hook '/home/rionessl/SSLRasp/install/main/share/main/hook/pythonpath.sh'
[1.157s] Level 1:colcon.colcon_core.environment:create_environment_scripts_only(main)
[1.158s] INFO:colcon.colcon_core.shell:Creating package script '/home/rionessl/SSLRasp/install/main/share/main/package.ps1'
[1.159s] INFO:colcon.colcon_core.shell:Creating package descriptor '/home/rionessl/SSLRasp/install/main/share/main/package.dsv'
[1.159s] INFO:colcon.colcon_core.shell:Creating package script '/home/rionessl/SSLRasp/install/main/share/main/package.sh'
[1.160s] INFO:colcon.colcon_core.shell:Creating package script '/home/rionessl/SSLRasp/install/main/share/main/package.bash'
[1.160s] INFO:colcon.colcon_core.shell:Creating package script '/home/rionessl/SSLRasp/install/main/share/main/package.zsh'
[1.160s] Level 1:colcon.colcon_core.environment:create_file_with_runtime_dependencies(/home/rionessl/SSLRasp/install/main/share/colcon-core/packages/main)
[6.295s] DEBUG:colcon.colcon_core.event_handler.log_command:Invoked command in '/home/rionessl/SSLRasp/build/message_info' returned '0': CMAKE_PREFIX_PATH=${CMAKE_PREFIX_PATH}:/home/rionessl/RiAI/install/real_sender:/opt/ros/foxy /usr/bin/cmake /home/rionessl/SSLRasp/src/message_info -DCMAKE_INSTALL_PREFIX=/home/rionessl/SSLRasp/install/message_info
[6.298s] DEBUG:colcon.colcon_core.event_handler.log_command:Invoking command in '/home/rionessl/SSLRasp/build/message_info': CMAKE_PREFIX_PATH=${CMAKE_PREFIX_PATH}:/home/rionessl/RiAI/install/real_sender:/opt/ros/foxy /usr/bin/cmake --build /home/rionessl/SSLRasp/build/message_info -- -j16 -l16
[15.495s] DEBUG:colcon.colcon_core.event_handler.log_command:Invoked command in '/home/rionessl/SSLRasp/build/message_info' returned '0': CMAKE_PREFIX_PATH=${CMAKE_PREFIX_PATH}:/home/rionessl/RiAI/install/real_sender:/opt/ros/foxy /usr/bin/cmake --build /home/rionessl/SSLRasp/build/message_info -- -j16 -l16
[15.707s] DEBUG:colcon.colcon_core.event_handler.log_command:Invoking command in '/home/rionessl/SSLRasp/build/message_info': CMAKE_PREFIX_PATH=${CMAKE_PREFIX_PATH}:/home/rionessl/RiAI/install/real_sender:/opt/ros/foxy /usr/bin/cmake --install /home/rionessl/SSLRasp/build/message_info
[15.778s] Level 1:colcon.colcon_core.environment:create_environment_scripts_only(message_info)
[15.779s] Level 1:colcon.colcon_core.environment:checking '/home/rionessl/SSLRasp/install/message_info' for CMake module files
[15.781s] Level 1:colcon.colcon_core.environment:checking '/home/rionessl/SSLRasp/install/message_info' for CMake config files
[15.781s] DEBUG:colcon.colcon_core.event_handler.log_command:Invoked command in '/home/rionessl/SSLRasp/build/message_info' returned '0': CMAKE_PREFIX_PATH=${CMAKE_PREFIX_PATH}:/home/rionessl/RiAI/install/real_sender:/opt/ros/foxy /usr/bin/cmake --install /home/rionessl/SSLRasp/build/message_info
[15.782s] Level 1:colcon.colcon_core.shell:create_environment_hook('message_info', 'cmake_prefix_path')
[15.783s] INFO:colcon.colcon_core.shell:Creating environment hook '/home/rionessl/SSLRasp/install/message_info/share/message_info/hook/cmake_prefix_path.ps1'
[15.783s] INFO:colcon.colcon_core.shell:Creating environment descriptor '/home/rionessl/SSLRasp/install/message_info/share/message_info/hook/cmake_prefix_path.dsv'
[15.784s] INFO:colcon.colcon_core.shell:Creating environment hook '/home/rionessl/SSLRasp/install/message_info/share/message_info/hook/cmake_prefix_path.sh'
[15.784s] Level 1:colcon.colcon_core.environment:checking '/home/rionessl/SSLRasp/install/message_info/lib'
[15.784s] Level 1:colcon.colcon_core.shell:create_environment_hook('message_info', 'ld_library_path_lib')
[15.785s] INFO:colcon.colcon_core.shell:Creating environment hook '/home/rionessl/SSLRasp/install/message_info/share/message_info/hook/ld_library_path_lib.ps1'
[15.785s] INFO:colcon.colcon_core.shell:Creating environment descriptor '/home/rionessl/SSLRasp/install/message_info/share/message_info/hook/ld_library_path_lib.dsv'
[15.786s] INFO:colcon.colcon_core.shell:Creating environment hook '/home/rionessl/SSLRasp/install/message_info/share/message_info/hook/ld_library_path_lib.sh'
[15.786s] Level 1:colcon.colcon_core.environment:checking '/home/rionessl/SSLRasp/install/message_info/bin'
[15.786s] Level 1:colcon.colcon_core.environment:checking '/home/rionessl/SSLRasp/install/message_info/lib/pkgconfig/message_info.pc'
[15.786s] Level 1:colcon.colcon_core.environment:checking '/home/rionessl/SSLRasp/install/message_info/lib/python3.8/site-packages'
[15.786s] Level 1:colcon.colcon_core.shell:create_environment_hook('message_info', 'pythonpath')
[15.787s] INFO:colcon.colcon_core.shell:Creating environment hook '/home/rionessl/SSLRasp/install/message_info/share/message_info/hook/pythonpath.ps1'
[15.787s] INFO:colcon.colcon_core.shell:Creating environment descriptor '/home/rionessl/SSLRasp/install/message_info/share/message_info/hook/pythonpath.dsv'
[15.787s] INFO:colcon.colcon_core.shell:Creating environment hook '/home/rionessl/SSLRasp/install/message_info/share/message_info/hook/pythonpath.sh'
[15.788s] INFO:colcon.colcon_core.shell:Creating package script '/home/rionessl/SSLRasp/install/message_info/share/message_info/package.ps1'
[15.788s] INFO:colcon.colcon_core.shell:Creating package descriptor '/home/rionessl/SSLRasp/install/message_info/share/message_info/package.dsv'
[15.788s] INFO:colcon.colcon_core.shell:Creating package script '/home/rionessl/SSLRasp/install/message_info/share/message_info/package.sh'
[15.789s] INFO:colcon.colcon_core.shell:Creating package script '/home/rionessl/SSLRasp/install/message_info/share/message_info/package.bash'
[15.789s] INFO:colcon.colcon_core.shell:Creating package script '/home/rionessl/SSLRasp/install/message_info/share/message_info/package.zsh'
[15.789s] Level 1:colcon.colcon_core.environment:create_file_with_runtime_dependencies(/home/rionessl/SSLRasp/install/message_info/share/colcon-core/packages/message_info)
[15.966s] Level 1:colcon.colcon_core.environment:create_environment_scripts_only(message_info)
[15.967s] Level 1:colcon.colcon_core.environment:checking '/home/rionessl/SSLRasp/install/message_info' for CMake module files
[15.967s] Level 1:colcon.colcon_core.environment:checking '/home/rionessl/SSLRasp/install/message_info' for CMake config files
[15.968s] Level 1:colcon.colcon_core.shell:create_environment_hook('message_info', 'cmake_prefix_path')
[15.969s] INFO:colcon.colcon_core.shell:Creating environment hook '/home/rionessl/SSLRasp/install/message_info/share/message_info/hook/cmake_prefix_path.ps1'
[15.970s] INFO:colcon.colcon_core.shell:Creating environment descriptor '/home/rionessl/SSLRasp/install/message_info/share/message_info/hook/cmake_prefix_path.dsv'
[15.970s] INFO:colcon.colcon_core.shell:Creating environment hook '/home/rionessl/SSLRasp/install/message_info/share/message_info/hook/cmake_prefix_path.sh'
[15.971s] Level 1:colcon.colcon_core.environment:checking '/home/rionessl/SSLRasp/install/message_info/lib'
[15.971s] Level 1:colcon.colcon_core.shell:create_environment_hook('message_info', 'ld_library_path_lib')
[15.971s] INFO:colcon.colcon_core.shell:Creating environment hook '/home/rionessl/SSLRasp/install/message_info/share/message_info/hook/ld_library_path_lib.ps1'
[15.972s] INFO:colcon.colcon_core.shell:Creating environment descriptor '/home/rionessl/SSLRasp/install/message_info/share/message_info/hook/ld_library_path_lib.dsv'
[15.972s] INFO:colcon.colcon_core.shell:Creating environment hook '/home/rionessl/SSLRasp/install/message_info/share/message_info/hook/ld_library_path_lib.sh'
[15.973s] Level 1:colcon.colcon_core.environment:checking '/home/rionessl/SSLRasp/install/message_info/bin'
[15.973s] Level 1:colcon.colcon_core.environment:checking '/home/rionessl/SSLRasp/install/message_info/lib/pkgconfig/message_info.pc'
[15.973s] Level 1:colcon.colcon_core.environment:checking '/home/rionessl/SSLRasp/install/message_info/lib/python3.8/site-packages'
[15.973s] Level 1:colcon.colcon_core.shell:create_environment_hook('message_info', 'pythonpath')
[15.974s] INFO:colcon.colcon_core.shell:Creating environment hook '/home/rionessl/SSLRasp/install/message_info/share/message_info/hook/pythonpath.ps1'
[15.974s] INFO:colcon.colcon_core.shell:Creating environment descriptor '/home/rionessl/SSLRasp/install/message_info/share/message_info/hook/pythonpath.dsv'
[15.974s] INFO:colcon.colcon_core.shell:Creating environment hook '/home/rionessl/SSLRasp/install/message_info/share/message_info/hook/pythonpath.sh'
[15.975s] INFO:colcon.colcon_core.shell:Creating package script '/home/rionessl/SSLRasp/install/message_info/share/message_info/package.ps1'
[15.976s] INFO:colcon.colcon_core.shell:Creating package descriptor '/home/rionessl/SSLRasp/install/message_info/share/message_info/package.dsv'
[15.976s] INFO:colcon.colcon_core.shell:Creating package script '/home/rionessl/SSLRasp/install/message_info/share/message_info/package.sh'
[15.977s] INFO:colcon.colcon_core.shell:Creating package script '/home/rionessl/SSLRasp/install/message_info/share/message_info/package.bash'
[15.977s] INFO:colcon.colcon_core.shell:Creating package script '/home/rionessl/SSLRasp/install/message_info/share/message_info/package.zsh'
[15.977s] Level 1:colcon.colcon_core.environment:create_file_with_runtime_dependencies(/home/rionessl/SSLRasp/install/message_info/share/colcon-core/packages/message_info)
[15.977s] DEBUG:colcon.colcon_parallel_executor.executor.parallel:closing loop
[15.977s] DEBUG:colcon.colcon_parallel_executor.executor.parallel:loop closed
[15.978s] DEBUG:colcon.colcon_parallel_executor.executor.parallel:run_until_complete finished with '0'
[15.978s] DEBUG:colcon.colcon_core.event_reactor:joining thread
[15.984s] INFO:colcon.colcon_core.plugin_system:Skipping extension 'colcon_notification.desktop_notification.terminal_notifier': Not used on non-Darwin systems
[15.984s] INFO:colcon.colcon_core.plugin_system:Skipping extension 'colcon_notification.desktop_notification.win32': Not used on non-Windows systems
[15.984s] INFO:colcon.colcon_notification.desktop_notification:Sending desktop notification using 'notify2'
[15.998s] DEBUG:colcon.colcon_core.event_reactor:joined thread
[15.999s] INFO:colcon.colcon_core.shell:Creating prefix script '/home/rionessl/SSLRasp/install/local_setup.ps1'
[16.000s] INFO:colcon.colcon_core.shell:Creating prefix util module '/home/rionessl/SSLRasp/install/_local_setup_util_ps1.py'
[16.002s] INFO:colcon.colcon_core.shell:Creating prefix chain script '/home/rionessl/SSLRasp/install/setup.ps1'
[16.004s] INFO:colcon.colcon_core.shell:Creating prefix script '/home/rionessl/SSLRasp/install/local_setup.sh'
[16.005s] INFO:colcon.colcon_core.shell:Creating prefix util module '/home/rionessl/SSLRasp/install/_local_setup_util_sh.py'
[16.005s] INFO:colcon.colcon_core.shell:Creating prefix chain script '/home/rionessl/SSLRasp/install/setup.sh'
[16.008s] INFO:colcon.colcon_core.shell:Creating prefix script '/home/rionessl/SSLRasp/install/local_setup.bash'
[16.008s] INFO:colcon.colcon_core.shell:Creating prefix chain script '/home/rionessl/SSLRasp/install/setup.bash'
[16.011s] INFO:colcon.colcon_core.shell:Creating prefix script '/home/rionessl/SSLRasp/install/local_setup.zsh'
[16.011s] INFO:colcon.colcon_core.shell:Creating prefix chain script '/home/rionessl/SSLRasp/install/setup.zsh'
