[0.078s] Invoking command in '/home/ubuntu/SSLRasp/build/message_info': CMAKE_PREFIX_PATH=${CMAKE_PREFIX_PATH}:/home/ubuntu/SSLRasp/install/rasp:/opt/ros/foxy /usr/bin/cmake /home/ubuntu/SSLRasp/src/message_info -DCMAKE_INSTALL_PREFIX=/home/ubuntu/SSLRasp/install/message_info
[1.042s] -- The C compiler identification is GNU 9.3.0
[1.950s] -- The CXX compiler identification is GNU 9.3.0
[1.983s] -- Check for working C compiler: /usr/bin/cc
[2.292s] -- Check for working C compiler: /usr/bin/cc -- works
[2.301s] -- Detecting C compiler ABI info
[2.623s] -- Detecting C compiler ABI info - done
[2.668s] -- Detecting C compile features
[2.670s] -- Detecting C compile features - done
[2.684s] -- Check for working CXX compiler: /usr/bin/c++
[3.021s] -- Check for working CXX compiler: /usr/bin/c++ -- works
[3.026s] -- Detecting CXX compiler ABI info
[3.363s] -- Detecting CXX compiler ABI info - done
[3.407s] -- Detecting CXX compile features
[3.409s] -- Detecting CXX compile features - done
[3.436s] -- Found ament_cmake: 0.9.8 (/opt/ros/foxy/share/ament_cmake/cmake)
[3.586s] -- Found PythonInterp: /usr/bin/python3 (found suitable version "3.8.5", minimum required is "3") 
[3.586s] -- Using PYTHON_EXECUTABLE: /usr/bin/python3
[4.643s] -- Found rosidl_default_generators: 1.0.1 (/opt/ros/foxy/share/rosidl_default_generators/cmake)
[4.674s] -- Using all available rosidl_typesupport_c: rosidl_typesupport_fastrtps_c;rosidl_typesupport_introspection_c
[4.741s] -- Found rosidl_adapter: 1.2.1 (/opt/ros/foxy/share/rosidl_adapter/cmake)
[5.550s] -- Found OpenSSL: /usr/lib/aarch64-linux-gnu/libcrypto.so (found version "1.1.1f")  
[5.797s] -- Found FastRTPS: /opt/ros/foxy/include  
[6.454s] -- Using all available rosidl_typesupport_cpp: rosidl_typesupport_fastrtps_cpp;rosidl_typesupport_introspection_cpp
[6.638s] -- Found builtin_interfaces: 1.0.0 (/opt/ros/foxy/share/builtin_interfaces/cmake)
[6.797s] -- Found std_msgs: 2.0.4 (/opt/ros/foxy/share/std_msgs/cmake)
[6.895s] -- Found sensor_msgs: 2.0.4 (/opt/ros/foxy/share/sensor_msgs/cmake)
[8.214s] -- OpenSSL Version: 1.1.1f /usr/include /usr/lib/aarch64-linux-gnu/libssl.so;/usr/lib/aarch64-linux-gnu/libcrypto.so
[8.342s] -- Found PythonInterp: /usr/bin/python3 (found version "3.8.5") 
[9.704s] -- Found ament_cmake_ros: 0.9.1 (/opt/ros/foxy/share/ament_cmake_ros/cmake)
[11.563s] -- Using all available rosidl_typesupport_c: rosidl_typesupport_fastrtps_c;rosidl_typesupport_introspection_c
[12.363s] -- Using all available rosidl_typesupport_cpp: rosidl_typesupport_fastrtps_cpp;rosidl_typesupport_introspection_cpp
[12.478s] -- Found PythonInterp: /usr/bin/python3 (found suitable version "3.8.5", minimum required is "3.5") 
[12.497s] -- Found python_cmake_module: 0.8.1 (/opt/ros/foxy/share/python_cmake_module/cmake)
[12.620s] -- Found PythonLibs: /usr/lib/aarch64-linux-gnu/libpython3.8.so (found suitable version "3.8.5", minimum required is "3.5") 
[12.621s] -- Using PYTHON_EXECUTABLE: /usr/bin/python3
[12.621s] -- Using PYTHON_INCLUDE_DIRS: /usr/include/python3.8
[12.622s] -- Using PYTHON_LIBRARIES: /usr/lib/aarch64-linux-gnu/libpython3.8.so
[12.718s] -- Found PythonExtra: .so  
[13.178s] -- Found ament_lint_auto: 0.9.6 (/opt/ros/foxy/share/ament_lint_auto/cmake)
[13.654s] -- Added test 'copyright' to check source files copyright and LICENSE
[13.681s] -- Added test 'lint_cmake' to check CMake code style
[13.696s] -- Added test 'xmllint' to check XML markup files
[13.739s] -- Configuring done
[14.271s] -- Generating done
[14.284s] -- Build files have been written to: /home/ubuntu/SSLRasp/build/message_info
[14.323s] Invoked command in '/home/ubuntu/SSLRasp/build/message_info' returned '0': CMAKE_PREFIX_PATH=${CMAKE_PREFIX_PATH}:/home/ubuntu/SSLRasp/install/rasp:/opt/ros/foxy /usr/bin/cmake /home/ubuntu/SSLRasp/src/message_info -DCMAKE_INSTALL_PREFIX=/home/ubuntu/SSLRasp/install/message_info
[14.333s] Invoking command in '/home/ubuntu/SSLRasp/build/message_info': CMAKE_PREFIX_PATH=${CMAKE_PREFIX_PATH}:/home/ubuntu/SSLRasp/install/rasp:/opt/ros/foxy /usr/bin/cmake --build /home/ubuntu/SSLRasp/build/message_info -- -j4 -l4
[14.534s] [35m[1mScanning dependencies of target message_info__cpp[0m
[14.540s] [  1%] [34m[1mGenerating C code for ROS interfaces[0m
[14.588s] [  1%] [34m[1mGenerating C++ code for ROS interfaces[0m
[21.662s] [  1%] Built target message_info__cpp
[21.730s] [  1%] [34m[1mGenerating C++ introspection for ROS interfaces[0m
[21.739s] [  2%] [34m[1mGenerating C++ type support for eProsima Fast-RTPS[0m
[21.743s] [  3%] [34m[1mGenerating C++ type support dispatch for ROS interfaces[0m
[23.705s] [35m[1mScanning dependencies of target message_info__rosidl_generator_c[0m
[23.823s] [  3%] [32mBuilding C object CMakeFiles/message_info__rosidl_generator_c.dir/rosidl_generator_c/message_info/msg/detail/referee_game_event__functions.c.o[0m
[24.755s] [  4%] [32mBuilding C object CMakeFiles/message_info__rosidl_generator_c.dir/rosidl_generator_c/message_info/msg/detail/referee_team_info__functions.c.o[0m
[24.954s] [  4%] [32mBuilding C object CMakeFiles/message_info__rosidl_generator_c.dir/rosidl_generator_c/message_info/msg/detail/referee__functions.c.o[0m
[25.172s] [  5%] [32mBuilding C object CMakeFiles/message_info__rosidl_generator_c.dir/rosidl_generator_c/message_info/msg/detail/field_circular_arc__functions.c.o[0m
[25.370s] [  6%] [32mBuilding C object CMakeFiles/message_info__rosidl_generator_c.dir/rosidl_generator_c/message_info/msg/detail/field_line_segment__functions.c.o[0m
[25.567s] [  6%] [32mBuilding C object CMakeFiles/message_info__rosidl_generator_c.dir/rosidl_generator_c/message_info/msg/detail/vision_geometry__functions.c.o[0m
[25.772s] [  7%] [32mBuilding C object CMakeFiles/message_info__rosidl_generator_c.dir/rosidl_generator_c/message_info/msg/detail/detection_ball__functions.c.o[0m
[25.967s] [  7%] [32mBuilding C object CMakeFiles/message_info__rosidl_generator_c.dir/rosidl_generator_c/message_info/msg/detail/detection_robot__functions.c.o[0m
[26.166s] [  8%] [32mBuilding C object CMakeFiles/message_info__rosidl_generator_c.dir/rosidl_generator_c/message_info/msg/detail/detection_frame__functions.c.o[0m
[26.374s] [  8%] [32mBuilding C object CMakeFiles/message_info__rosidl_generator_c.dir/rosidl_generator_c/message_info/msg/detail/vision_detections__functions.c.o[0m
[26.577s] [  9%] [32mBuilding C object CMakeFiles/message_info__rosidl_generator_c.dir/rosidl_generator_c/message_info/msg/detail/robot_command__functions.c.o[0m
[26.793s] [ 10%] [32mBuilding C object CMakeFiles/message_info__rosidl_generator_c.dir/rosidl_generator_c/message_info/msg/detail/robot_commands__functions.c.o[0m
[27.006s] [ 10%] [32mBuilding C object CMakeFiles/message_info__rosidl_generator_c.dir/rosidl_generator_c/message_info/msg/detail/test__functions.c.o[0m
[27.262s] [ 11%] [32mBuilding C object CMakeFiles/message_info__rosidl_generator_c.dir/rosidl_generator_c/message_info/msg/detail/ball_info__functions.c.o[0m
[27.470s] [ 11%] [32mBuilding C object CMakeFiles/message_info__rosidl_generator_c.dir/rosidl_generator_c/message_info/msg/detail/goal_info__functions.c.o[0m
[27.551s] [35m[1mScanning dependencies of target message_info__rosidl_typesupport_cpp[0m
[27.682s] [ 11%] [32mBuilding CXX object CMakeFiles/message_info__rosidl_typesupport_cpp.dir/rosidl_typesupport_cpp/message_info/msg/referee_game_event__type_support.cpp.o[0m
[27.689s] [ 12%] [32mBuilding C object CMakeFiles/message_info__rosidl_generator_c.dir/rosidl_generator_c/message_info/msg/detail/role__functions.c.o[0m
[27.886s] [ 12%] [32mBuilding C object CMakeFiles/message_info__rosidl_generator_c.dir/rosidl_generator_c/message_info/msg/detail/attacker__functions.c.o[0m
[28.081s] [ 13%] [32mBuilding C object CMakeFiles/message_info__rosidl_generator_c.dir/rosidl_generator_c/message_info/msg/detail/goalie__functions.c.o[0m
[28.288s] [ 14%] [32mBuilding C object CMakeFiles/message_info__rosidl_generator_c.dir/rosidl_generator_c/message_info/msg/detail/info__functions.c.o[0m
[28.531s] [ 14%] [32m[1mLinking C shared library libmessage_info__rosidl_generator_c.so[0m
[28.876s] [ 14%] Built target message_info__rosidl_generator_c
[28.942s] [ 15%] [34m[1mGenerating C introspection for ROS interfaces[0m
[29.094s] [35m[1mScanning dependencies of target message_info__rosidl_typesupport_introspection_cpp[0m
[29.245s] [ 16%] [32mBuilding CXX object CMakeFiles/message_info__rosidl_typesupport_introspection_cpp.dir/rosidl_typesupport_introspection_cpp/message_info/msg/detail/referee_game_event__type_support.cpp.o[0m
[30.079s] [35m[1mScanning dependencies of target message_info__rosidl_typesupport_fastrtps_cpp[0m
[30.829s] [ 16%] [32mBuilding CXX object CMakeFiles/message_info__rosidl_typesupport_introspection_cpp.dir/rosidl_typesupport_introspection_cpp/message_info/msg/detail/referee_team_info__type_support.cpp.o[0m
[30.854s] [ 17%] [32mBuilding CXX object CMakeFiles/message_info__rosidl_typesupport_cpp.dir/rosidl_typesupport_cpp/message_info/msg/referee_team_info__type_support.cpp.o[0m
[30.979s] [ 18%] [32mBuilding CXX object CMakeFiles/message_info__rosidl_typesupport_fastrtps_cpp.dir/rosidl_typesupport_fastrtps_cpp/message_info/msg/detail/dds_fastrtps/referee_game_event__type_support.cpp.o[0m
[32.414s] [ 19%] [32mBuilding CXX object CMakeFiles/message_info__rosidl_typesupport_cpp.dir/rosidl_typesupport_cpp/message_info/msg/referee__type_support.cpp.o[0m
[32.666s] [ 20%] [32mBuilding CXX object CMakeFiles/message_info__rosidl_typesupport_introspection_cpp.dir/rosidl_typesupport_introspection_cpp/message_info/msg/detail/referee__type_support.cpp.o[0m
[33.677s] [ 20%] [32mBuilding CXX object CMakeFiles/message_info__rosidl_typesupport_fastrtps_cpp.dir/rosidl_typesupport_fastrtps_cpp/message_info/msg/detail/dds_fastrtps/referee_team_info__type_support.cpp.o[0m
[34.114s] [ 20%] [32mBuilding CXX object CMakeFiles/message_info__rosidl_typesupport_cpp.dir/rosidl_typesupport_cpp/message_info/msg/field_circular_arc__type_support.cpp.o[0m
[34.561s] [ 20%] [32mBuilding CXX object CMakeFiles/message_info__rosidl_typesupport_introspection_cpp.dir/rosidl_typesupport_introspection_cpp/message_info/msg/detail/field_circular_arc__type_support.cpp.o[0m
[35.759s] [ 21%] [32mBuilding CXX object CMakeFiles/message_info__rosidl_typesupport_cpp.dir/rosidl_typesupport_cpp/message_info/msg/field_line_segment__type_support.cpp.o[0m
[36.275s] [ 22%] [32mBuilding CXX object CMakeFiles/message_info__rosidl_typesupport_introspection_cpp.dir/rosidl_typesupport_introspection_cpp/message_info/msg/detail/field_line_segment__type_support.cpp.o[0m
[36.445s] [ 23%] [32mBuilding CXX object CMakeFiles/message_info__rosidl_typesupport_fastrtps_cpp.dir/rosidl_typesupport_fastrtps_cpp/message_info/msg/detail/dds_fastrtps/referee__type_support.cpp.o[0m
[37.536s] [ 23%] [32mBuilding CXX object CMakeFiles/message_info__rosidl_typesupport_cpp.dir/rosidl_typesupport_cpp/message_info/msg/vision_geometry__type_support.cpp.o[0m
[37.938s] [35m[1mScanning dependencies of target message_info__rosidl_typesupport_introspection_c[0m
[38.045s] [ 24%] [32mBuilding CXX object CMakeFiles/message_info__rosidl_typesupport_introspection_cpp.dir/rosidl_typesupport_introspection_cpp/message_info/msg/detail/vision_geometry__type_support.cpp.o[0m
[38.115s] [ 25%] [32mBuilding C object CMakeFiles/message_info__rosidl_typesupport_introspection_c.dir/rosidl_typesupport_introspection_c/message_info/msg/detail/referee_game_event__type_support.c.o[0m
[38.303s] [ 25%] [32mBuilding C object CMakeFiles/message_info__rosidl_typesupport_introspection_c.dir/rosidl_typesupport_introspection_c/message_info/msg/detail/referee_team_info__type_support.c.o[0m
[38.500s] [ 26%] [32mBuilding C object CMakeFiles/message_info__rosidl_typesupport_introspection_c.dir/rosidl_typesupport_introspection_c/message_info/msg/detail/referee__type_support.c.o[0m
[38.709s] [ 26%] [32mBuilding C object CMakeFiles/message_info__rosidl_typesupport_introspection_c.dir/rosidl_typesupport_introspection_c/message_info/msg/detail/field_circular_arc__type_support.c.o[0m
[38.899s] [ 27%] [32mBuilding C object CMakeFiles/message_info__rosidl_typesupport_introspection_c.dir/rosidl_typesupport_introspection_c/message_info/msg/detail/field_line_segment__type_support.c.o[0m
[39.090s] [ 27%] [32mBuilding C object CMakeFiles/message_info__rosidl_typesupport_introspection_c.dir/rosidl_typesupport_introspection_c/message_info/msg/detail/vision_geometry__type_support.c.o[0m
[39.140s] [ 27%] [32mBuilding CXX object CMakeFiles/message_info__rosidl_typesupport_fastrtps_cpp.dir/rosidl_typesupport_fastrtps_cpp/message_info/msg/detail/dds_fastrtps/field_circular_arc__type_support.cpp.o[0m
[39.311s] [ 28%] [32mBuilding C object CMakeFiles/message_info__rosidl_typesupport_introspection_c.dir/rosidl_typesupport_introspection_c/message_info/msg/detail/detection_ball__type_support.c.o[0m
[39.320s] [ 29%] [32mBuilding CXX object CMakeFiles/message_info__rosidl_typesupport_cpp.dir/rosidl_typesupport_cpp/message_info/msg/detection_ball__type_support.cpp.o[0m
[39.487s] [ 30%] [32mBuilding C object CMakeFiles/message_info__rosidl_typesupport_introspection_c.dir/rosidl_typesupport_introspection_c/message_info/msg/detail/detection_robot__type_support.c.o[0m
[39.675s] [ 30%] [32mBuilding C object CMakeFiles/message_info__rosidl_typesupport_introspection_c.dir/rosidl_typesupport_introspection_c/message_info/msg/detail/detection_frame__type_support.c.o[0m
[39.906s] [ 31%] [32mBuilding C object CMakeFiles/message_info__rosidl_typesupport_introspection_c.dir/rosidl_typesupport_introspection_c/message_info/msg/detail/vision_detections__type_support.c.o[0m
[40.117s] [ 31%] [32mBuilding C object CMakeFiles/message_info__rosidl_typesupport_introspection_c.dir/rosidl_typesupport_introspection_c/message_info/msg/detail/robot_command__type_support.c.o[0m
[40.316s] [ 32%] [32mBuilding C object CMakeFiles/message_info__rosidl_typesupport_introspection_c.dir/rosidl_typesupport_introspection_c/message_info/msg/detail/robot_commands__type_support.c.o[0m
[40.523s] [ 32%] [32mBuilding C object CMakeFiles/message_info__rosidl_typesupport_introspection_c.dir/rosidl_typesupport_introspection_c/message_info/msg/detail/test__type_support.c.o[0m
[40.535s] [ 32%] [32mBuilding CXX object CMakeFiles/message_info__rosidl_typesupport_introspection_cpp.dir/rosidl_typesupport_introspection_cpp/message_info/msg/detail/detection_ball__type_support.cpp.o[0m
[40.699s] [ 33%] [32mBuilding C object CMakeFiles/message_info__rosidl_typesupport_introspection_c.dir/rosidl_typesupport_introspection_c/message_info/msg/detail/ball_info__type_support.c.o[0m
[40.882s] [ 34%] [32mBuilding C object CMakeFiles/message_info__rosidl_typesupport_introspection_c.dir/rosidl_typesupport_introspection_c/message_info/msg/detail/goal_info__type_support.c.o[0m
[41.079s] [ 34%] [32mBuilding C object CMakeFiles/message_info__rosidl_typesupport_introspection_c.dir/rosidl_typesupport_introspection_c/message_info/msg/detail/role__type_support.c.o[0m
[41.091s] [ 34%] [32mBuilding CXX object CMakeFiles/message_info__rosidl_typesupport_cpp.dir/rosidl_typesupport_cpp/message_info/msg/detection_robot__type_support.cpp.o[0m
[41.262s] [ 35%] [32mBuilding C object CMakeFiles/message_info__rosidl_typesupport_introspection_c.dir/rosidl_typesupport_introspection_c/message_info/msg/detail/attacker__type_support.c.o[0m
[41.458s] [ 35%] [32mBuilding C object CMakeFiles/message_info__rosidl_typesupport_introspection_c.dir/rosidl_typesupport_introspection_c/message_info/msg/detail/goalie__type_support.c.o[0m
[41.650s] [ 36%] [32mBuilding C object CMakeFiles/message_info__rosidl_typesupport_introspection_c.dir/rosidl_typesupport_introspection_c/message_info/msg/detail/info__type_support.c.o[0m
[41.832s] [ 37%] [32mBuilding CXX object CMakeFiles/message_info__rosidl_typesupport_fastrtps_cpp.dir/rosidl_typesupport_fastrtps_cpp/message_info/msg/detail/dds_fastrtps/field_line_segment__type_support.cpp.o[0m
[41.862s] [ 37%] [32m[1mLinking C shared library libmessage_info__rosidl_typesupport_introspection_c.so[0m
[42.082s] [ 37%] Built target message_info__rosidl_typesupport_introspection_c
[42.130s] [ 37%] [32mBuilding CXX object CMakeFiles/message_info__rosidl_typesupport_fastrtps_cpp.dir/rosidl_typesupport_fastrtps_cpp/message_info/msg/detail/dds_fastrtps/vision_geometry__type_support.cpp.o[0m
[42.321s] [ 38%] [32mBuilding CXX object CMakeFiles/message_info__rosidl_typesupport_introspection_cpp.dir/rosidl_typesupport_introspection_cpp/message_info/msg/detail/detection_robot__type_support.cpp.o[0m
[42.787s] [ 39%] [32mBuilding CXX object CMakeFiles/message_info__rosidl_typesupport_cpp.dir/rosidl_typesupport_cpp/message_info/msg/detection_frame__type_support.cpp.o[0m
[43.990s] [ 39%] [32mBuilding CXX object CMakeFiles/message_info__rosidl_typesupport_introspection_cpp.dir/rosidl_typesupport_introspection_cpp/message_info/msg/detail/detection_frame__type_support.cpp.o[0m
[44.360s] [ 40%] [32mBuilding CXX object CMakeFiles/message_info__rosidl_typesupport_introspection_cpp.dir/rosidl_typesupport_introspection_cpp/message_info/msg/detail/vision_detections__type_support.cpp.o[0m
[44.517s] [ 41%] [32mBuilding CXX object CMakeFiles/message_info__rosidl_typesupport_cpp.dir/rosidl_typesupport_cpp/message_info/msg/vision_detections__type_support.cpp.o[0m
[45.345s] [ 42%] [32mBuilding CXX object CMakeFiles/message_info__rosidl_typesupport_fastrtps_cpp.dir/rosidl_typesupport_fastrtps_cpp/message_info/msg/detail/dds_fastrtps/detection_ball__type_support.cpp.o[0m
[46.200s] [ 42%] [32mBuilding CXX object CMakeFiles/message_info__rosidl_typesupport_cpp.dir/rosidl_typesupport_cpp/message_info/msg/robot_command__type_support.cpp.o[0m
[46.342s] [ 43%] [32mBuilding CXX object CMakeFiles/message_info__rosidl_typesupport_cpp.dir/rosidl_typesupport_cpp/message_info/msg/robot_commands__type_support.cpp.o[0m
[46.595s] [ 43%] [32mBuilding CXX object CMakeFiles/message_info__rosidl_typesupport_introspection_cpp.dir/rosidl_typesupport_introspection_cpp/message_info/msg/detail/robot_command__type_support.cpp.o[0m
[47.874s] [ 44%] [32mBuilding CXX object CMakeFiles/message_info__rosidl_typesupport_introspection_cpp.dir/rosidl_typesupport_introspection_cpp/message_info/msg/detail/robot_commands__type_support.cpp.o[0m
[47.947s] [ 45%] [32mBuilding CXX object CMakeFiles/message_info__rosidl_typesupport_fastrtps_cpp.dir/rosidl_typesupport_fastrtps_cpp/message_info/msg/detail/dds_fastrtps/detection_robot__type_support.cpp.o[0m
[48.070s] [ 45%] [32mBuilding CXX object CMakeFiles/message_info__rosidl_typesupport_cpp.dir/rosidl_typesupport_cpp/message_info/msg/test__type_support.cpp.o[0m
[48.310s] [ 46%] [32mBuilding CXX object CMakeFiles/message_info__rosidl_typesupport_cpp.dir/rosidl_typesupport_cpp/message_info/msg/ball_info__type_support.cpp.o[0m
[49.600s] [ 47%] [32mBuilding CXX object CMakeFiles/message_info__rosidl_typesupport_introspection_cpp.dir/rosidl_typesupport_introspection_cpp/message_info/msg/detail/test__type_support.cpp.o[0m
[49.715s] [ 47%] [32mBuilding CXX object CMakeFiles/message_info__rosidl_typesupport_introspection_cpp.dir/rosidl_typesupport_introspection_cpp/message_info/msg/detail/ball_info__type_support.cpp.o[0m
[49.992s] [ 47%] [32mBuilding CXX object CMakeFiles/message_info__rosidl_typesupport_cpp.dir/rosidl_typesupport_cpp/message_info/msg/goal_info__type_support.cpp.o[0m
[50.434s] [ 47%] [32mBuilding CXX object CMakeFiles/message_info__rosidl_typesupport_fastrtps_cpp.dir/rosidl_typesupport_fastrtps_cpp/message_info/msg/detail/dds_fastrtps/detection_frame__type_support.cpp.o[0m
[51.253s] [ 48%] [32mBuilding CXX object CMakeFiles/message_info__rosidl_typesupport_fastrtps_cpp.dir/rosidl_typesupport_fastrtps_cpp/message_info/msg/detail/dds_fastrtps/vision_detections__type_support.cpp.o[0m
[51.389s] [ 49%] [32mBuilding CXX object CMakeFiles/message_info__rosidl_typesupport_introspection_cpp.dir/rosidl_typesupport_introspection_cpp/message_info/msg/detail/goal_info__type_support.cpp.o[0m
[51.656s] [ 50%] [32mBuilding CXX object CMakeFiles/message_info__rosidl_typesupport_cpp.dir/rosidl_typesupport_cpp/message_info/msg/role__type_support.cpp.o[0m
[53.085s] [ 50%] [32mBuilding CXX object CMakeFiles/message_info__rosidl_typesupport_introspection_cpp.dir/rosidl_typesupport_introspection_cpp/message_info/msg/detail/role__type_support.cpp.o[0m
[53.378s] [ 51%] [32mBuilding CXX object CMakeFiles/message_info__rosidl_typesupport_cpp.dir/rosidl_typesupport_cpp/message_info/msg/attacker__type_support.cpp.o[0m
[53.496s] [ 51%] [32mBuilding CXX object CMakeFiles/message_info__rosidl_typesupport_cpp.dir/rosidl_typesupport_cpp/message_info/msg/goalie__type_support.cpp.o[0m
[54.328s] [ 51%] [32mBuilding CXX object CMakeFiles/message_info__rosidl_typesupport_fastrtps_cpp.dir/rosidl_typesupport_fastrtps_cpp/message_info/msg/detail/dds_fastrtps/robot_command__type_support.cpp.o[0m
[54.995s] [ 52%] [32mBuilding CXX object CMakeFiles/message_info__rosidl_typesupport_introspection_cpp.dir/rosidl_typesupport_introspection_cpp/message_info/msg/detail/attacker__type_support.cpp.o[0m
[55.157s] [ 53%] [32mBuilding CXX object CMakeFiles/message_info__rosidl_typesupport_cpp.dir/rosidl_typesupport_cpp/message_info/msg/info__type_support.cpp.o[0m
[55.249s] [ 53%] [32mBuilding CXX object CMakeFiles/message_info__rosidl_typesupport_introspection_cpp.dir/rosidl_typesupport_introspection_cpp/message_info/msg/detail/goalie__type_support.cpp.o[0m
[56.652s] [ 54%] [32mBuilding CXX object CMakeFiles/message_info__rosidl_typesupport_fastrtps_cpp.dir/rosidl_typesupport_fastrtps_cpp/message_info/msg/detail/dds_fastrtps/robot_commands__type_support.cpp.o[0m
[56.843s] [ 55%] [32mBuilding CXX object CMakeFiles/message_info__rosidl_typesupport_introspection_cpp.dir/rosidl_typesupport_introspection_cpp/message_info/msg/detail/info__type_support.cpp.o[0m
[56.848s] [ 55%] [32m[1mLinking CXX shared library libmessage_info__rosidl_typesupport_cpp.so[0m
[57.010s] [ 56%] [34m[1mGenerating C type support dispatch for ROS interfaces[0m
[57.088s] [ 56%] Built target message_info__rosidl_typesupport_cpp
[57.137s] [ 56%] [32mBuilding CXX object CMakeFiles/message_info__rosidl_typesupport_fastrtps_cpp.dir/rosidl_typesupport_fastrtps_cpp/message_info/msg/detail/dds_fastrtps/test__type_support.cpp.o[0m
[59.225s] [ 57%] [32mBuilding CXX object CMakeFiles/message_info__rosidl_typesupport_fastrtps_cpp.dir/rosidl_typesupport_fastrtps_cpp/message_info/msg/detail/dds_fastrtps/ball_info__type_support.cpp.o[0m
[59.249s] [ 58%] [32m[1mLinking CXX shared library libmessage_info__rosidl_typesupport_introspection_cpp.so[0m
[59.730s] [ 58%] Built target message_info__rosidl_typesupport_introspection_cpp
[59.765s] [ 59%] [32mBuilding CXX object CMakeFiles/message_info__rosidl_typesupport_fastrtps_cpp.dir/rosidl_typesupport_fastrtps_cpp/message_info/msg/detail/dds_fastrtps/goal_info__type_support.cpp.o[0m
[59.777s] [ 59%] [32mBuilding CXX object CMakeFiles/message_info__rosidl_typesupport_fastrtps_cpp.dir/rosidl_typesupport_fastrtps_cpp/message_info/msg/detail/dds_fastrtps/role__type_support.cpp.o[0m
[61.809s] [ 60%] [32mBuilding CXX object CMakeFiles/message_info__rosidl_typesupport_fastrtps_cpp.dir/rosidl_typesupport_fastrtps_cpp/message_info/msg/detail/dds_fastrtps/attacker__type_support.cpp.o[0m
[62.256s] [ 60%] [32mBuilding CXX object CMakeFiles/message_info__rosidl_typesupport_fastrtps_cpp.dir/rosidl_typesupport_fastrtps_cpp/message_info/msg/detail/dds_fastrtps/goalie__type_support.cpp.o[0m
[62.298s] [ 61%] [32mBuilding CXX object CMakeFiles/message_info__rosidl_typesupport_fastrtps_cpp.dir/rosidl_typesupport_fastrtps_cpp/message_info/msg/detail/dds_fastrtps/info__type_support.cpp.o[0m
[63.469s] [35m[1mScanning dependencies of target message_info__rosidl_typesupport_c[0m
[63.588s] [ 61%] [32mBuilding CXX object CMakeFiles/message_info__rosidl_typesupport_c.dir/rosidl_typesupport_c/message_info/msg/referee_game_event__type_support.cpp.o[0m
[63.762s] [ 62%] [32mBuilding CXX object CMakeFiles/message_info__rosidl_typesupport_c.dir/rosidl_typesupport_c/message_info/msg/referee_team_info__type_support.cpp.o[0m
[63.934s] [ 62%] [32mBuilding CXX object CMakeFiles/message_info__rosidl_typesupport_c.dir/rosidl_typesupport_c/message_info/msg/referee__type_support.cpp.o[0m
[64.115s] [ 63%] [32mBuilding CXX object CMakeFiles/message_info__rosidl_typesupport_c.dir/rosidl_typesupport_c/message_info/msg/field_circular_arc__type_support.cpp.o[0m
[64.290s] [ 64%] [32mBuilding CXX object CMakeFiles/message_info__rosidl_typesupport_c.dir/rosidl_typesupport_c/message_info/msg/field_line_segment__type_support.cpp.o[0m
[64.457s] [ 64%] [32mBuilding CXX object CMakeFiles/message_info__rosidl_typesupport_c.dir/rosidl_typesupport_c/message_info/msg/vision_geometry__type_support.cpp.o[0m
[64.532s] [ 65%] [32mBuilding CXX object CMakeFiles/message_info__rosidl_typesupport_c.dir/rosidl_typesupport_c/message_info/msg/detection_ball__type_support.cpp.o[0m
[64.683s] [ 65%] [32mBuilding CXX object CMakeFiles/message_info__rosidl_typesupport_c.dir/rosidl_typesupport_c/message_info/msg/detection_robot__type_support.cpp.o[0m
[64.776s] [ 66%] [32mBuilding CXX object CMakeFiles/message_info__rosidl_typesupport_c.dir/rosidl_typesupport_c/message_info/msg/detection_frame__type_support.cpp.o[0m
[64.984s] [ 66%] [32mBuilding CXX object CMakeFiles/message_info__rosidl_typesupport_c.dir/rosidl_typesupport_c/message_info/msg/vision_detections__type_support.cpp.o[0m
[65.005s] [ 67%] [32mBuilding CXX object CMakeFiles/message_info__rosidl_typesupport_c.dir/rosidl_typesupport_c/message_info/msg/robot_command__type_support.cpp.o[0m
[65.022s] [ 68%] [32mBuilding CXX object CMakeFiles/message_info__rosidl_typesupport_c.dir/rosidl_typesupport_c/message_info/msg/robot_commands__type_support.cpp.o[0m
[65.173s] [ 68%] [32mBuilding CXX object CMakeFiles/message_info__rosidl_typesupport_c.dir/rosidl_typesupport_c/message_info/msg/test__type_support.cpp.o[0m
[65.180s] [ 69%] [32mBuilding CXX object CMakeFiles/message_info__rosidl_typesupport_c.dir/rosidl_typesupport_c/message_info/msg/ball_info__type_support.cpp.o[0m
[65.215s] [ 69%] [32mBuilding CXX object CMakeFiles/message_info__rosidl_typesupport_c.dir/rosidl_typesupport_c/message_info/msg/goal_info__type_support.cpp.o[0m
[65.311s] [ 69%] [32m[1mLinking CXX shared library libmessage_info__rosidl_typesupport_fastrtps_cpp.so[0m
[65.359s] [ 70%] [32mBuilding CXX object CMakeFiles/message_info__rosidl_typesupport_c.dir/rosidl_typesupport_c/message_info/msg/role__type_support.cpp.o[0m
[65.362s] [ 70%] [32mBuilding CXX object CMakeFiles/message_info__rosidl_typesupport_c.dir/rosidl_typesupport_c/message_info/msg/attacker__type_support.cpp.o[0m
[65.393s] [ 71%] [32mBuilding CXX object CMakeFiles/message_info__rosidl_typesupport_c.dir/rosidl_typesupport_c/message_info/msg/goalie__type_support.cpp.o[0m
[65.528s] [ 72%] [32mBuilding CXX object CMakeFiles/message_info__rosidl_typesupport_c.dir/rosidl_typesupport_c/message_info/msg/info__type_support.cpp.o[0m
[65.695s] [ 72%] [32m[1mLinking CXX shared library libmessage_info__rosidl_typesupport_c.so[0m
[65.902s] [ 72%] Built target message_info__rosidl_typesupport_c
[65.902s] [ 72%] Built target message_info__rosidl_typesupport_fastrtps_cpp
[65.953s] [ 73%] [34m[1mGenerating C type support for eProsima Fast-RTPS[0m
[71.830s] [35m[1mScanning dependencies of target message_info__rosidl_typesupport_fastrtps_c[0m
[72.081s] [ 74%] [32mBuilding CXX object CMakeFiles/message_info__rosidl_typesupport_fastrtps_c.dir/rosidl_typesupport_fastrtps_c/message_info/msg/detail/referee_game_event__type_support_c.cpp.o[0m
[72.083s] [ 74%] [32mBuilding CXX object CMakeFiles/message_info__rosidl_typesupport_fastrtps_c.dir/rosidl_typesupport_fastrtps_c/message_info/msg/detail/referee_team_info__type_support_c.cpp.o[0m
[72.092s] [ 75%] [32mBuilding CXX object CMakeFiles/message_info__rosidl_typesupport_fastrtps_c.dir/rosidl_typesupport_fastrtps_c/message_info/msg/detail/referee__type_support_c.cpp.o[0m
[72.093s] [ 75%] [32mBuilding CXX object CMakeFiles/message_info__rosidl_typesupport_fastrtps_c.dir/rosidl_typesupport_fastrtps_c/message_info/msg/detail/field_circular_arc__type_support_c.cpp.o[0m
[74.175s] [ 76%] [32mBuilding CXX object CMakeFiles/message_info__rosidl_typesupport_fastrtps_c.dir/rosidl_typesupport_fastrtps_c/message_info/msg/detail/field_line_segment__type_support_c.cpp.o[0m
[74.199s] [ 76%] [32mBuilding CXX object CMakeFiles/message_info__rosidl_typesupport_fastrtps_c.dir/rosidl_typesupport_fastrtps_c/message_info/msg/detail/vision_geometry__type_support_c.cpp.o[0m
[74.226s] [ 77%] [32mBuilding CXX object CMakeFiles/message_info__rosidl_typesupport_fastrtps_c.dir/rosidl_typesupport_fastrtps_c/message_info/msg/detail/detection_ball__type_support_c.cpp.o[0m
[74.307s] [ 77%] [32mBuilding CXX object CMakeFiles/message_info__rosidl_typesupport_fastrtps_c.dir/rosidl_typesupport_fastrtps_c/message_info/msg/detail/detection_robot__type_support_c.cpp.o[0m
[76.308s] [ 78%] [32mBuilding CXX object CMakeFiles/message_info__rosidl_typesupport_fastrtps_c.dir/rosidl_typesupport_fastrtps_c/message_info/msg/detail/detection_frame__type_support_c.cpp.o[0m
[76.323s] [ 79%] [32mBuilding CXX object CMakeFiles/message_info__rosidl_typesupport_fastrtps_c.dir/rosidl_typesupport_fastrtps_c/message_info/msg/detail/vision_detections__type_support_c.cpp.o[0m
[76.345s] [ 79%] [32mBuilding CXX object CMakeFiles/message_info__rosidl_typesupport_fastrtps_c.dir/rosidl_typesupport_fastrtps_c/message_info/msg/detail/robot_command__type_support_c.cpp.o[0m
[76.470s] [ 80%] [32mBuilding CXX object CMakeFiles/message_info__rosidl_typesupport_fastrtps_c.dir/rosidl_typesupport_fastrtps_c/message_info/msg/detail/robot_commands__type_support_c.cpp.o[0m
[78.417s] [ 80%] [32mBuilding CXX object CMakeFiles/message_info__rosidl_typesupport_fastrtps_c.dir/rosidl_typesupport_fastrtps_c/message_info/msg/detail/test__type_support_c.cpp.o[0m
[78.449s] [ 81%] [32mBuilding CXX object CMakeFiles/message_info__rosidl_typesupport_fastrtps_c.dir/rosidl_typesupport_fastrtps_c/message_info/msg/detail/ball_info__type_support_c.cpp.o[0m
[78.457s] [ 81%] [32mBuilding CXX object CMakeFiles/message_info__rosidl_typesupport_fastrtps_c.dir/rosidl_typesupport_fastrtps_c/message_info/msg/detail/goal_info__type_support_c.cpp.o[0m
[78.671s] [ 82%] [32mBuilding CXX object CMakeFiles/message_info__rosidl_typesupport_fastrtps_c.dir/rosidl_typesupport_fastrtps_c/message_info/msg/detail/role__type_support_c.cpp.o[0m
[80.487s] [ 83%] [32mBuilding CXX object CMakeFiles/message_info__rosidl_typesupport_fastrtps_c.dir/rosidl_typesupport_fastrtps_c/message_info/msg/detail/attacker__type_support_c.cpp.o[0m
[80.521s] [ 83%] [32mBuilding CXX object CMakeFiles/message_info__rosidl_typesupport_fastrtps_c.dir/rosidl_typesupport_fastrtps_c/message_info/msg/detail/goalie__type_support_c.cpp.o[0m
[80.528s] [ 84%] [32mBuilding CXX object CMakeFiles/message_info__rosidl_typesupport_fastrtps_c.dir/rosidl_typesupport_fastrtps_c/message_info/msg/detail/info__type_support_c.cpp.o[0m
[82.474s] [ 84%] [32m[1mLinking CXX shared library libmessage_info__rosidl_typesupport_fastrtps_c.so[0m
[82.865s] [ 84%] Built target message_info__rosidl_typesupport_fastrtps_c
[82.910s] [35m[1mScanning dependencies of target message_info[0m
[82.962s] [ 84%] Built target message_info
[83.010s] [35m[1mScanning dependencies of target message_info__py[0m
[83.061s] [ 85%] [34m[1mGenerating Python code for ROS interfaces[0m
[95.647s] [ 85%] Built target message_info__py
[95.691s] [35m[1mScanning dependencies of target message_info__python[0m
[96.095s] [ 85%] [32mBuilding C object CMakeFiles/message_info__python.dir/rosidl_generator_py/message_info/msg/_referee_game_event_s.c.o[0m
[96.096s] [ 86%] [32mBuilding C object CMakeFiles/message_info__python.dir/rosidl_generator_py/message_info/msg/_referee_team_info_s.c.o[0m
[96.105s] [ 86%] [32mBuilding C object CMakeFiles/message_info__python.dir/rosidl_generator_py/message_info/msg/_referee_s.c.o[0m
[96.111s] [ 87%] [32mBuilding C object CMakeFiles/message_info__python.dir/rosidl_generator_py/message_info/msg/_field_circular_arc_s.c.o[0m
[96.666s] [ 88%] [32mBuilding C object CMakeFiles/message_info__python.dir/rosidl_generator_py/message_info/msg/_field_line_segment_s.c.o[0m
[96.683s] [ 88%] [32mBuilding C object CMakeFiles/message_info__python.dir/rosidl_generator_py/message_info/msg/_vision_geometry_s.c.o[0m
[96.692s] [ 89%] [32mBuilding C object CMakeFiles/message_info__python.dir/rosidl_generator_py/message_info/msg/_detection_ball_s.c.o[0m
[96.723s] [ 89%] [32mBuilding C object CMakeFiles/message_info__python.dir/rosidl_generator_py/message_info/msg/_detection_robot_s.c.o[0m
[97.176s] [ 90%] [32mBuilding C object CMakeFiles/message_info__python.dir/rosidl_generator_py/message_info/msg/_vision_detections_s.c.o[0m
[97.177s] [ 90%] [32mBuilding C object CMakeFiles/message_info__python.dir/rosidl_generator_py/message_info/msg/_detection_frame_s.c.o[0m
[97.261s] [ 91%] [32mBuilding C object CMakeFiles/message_info__python.dir/rosidl_generator_py/message_info/msg/_robot_command_s.c.o[0m
[97.336s] [ 92%] [32mBuilding C object CMakeFiles/message_info__python.dir/rosidl_generator_py/message_info/msg/_robot_commands_s.c.o[0m
[99.192s] [ 92%] [32mBuilding C object CMakeFiles/message_info__python.dir/rosidl_generator_py/message_info/msg/_test_s.c.o[0m
[99.195s] [ 93%] [32mBuilding C object CMakeFiles/message_info__python.dir/rosidl_generator_py/message_info/msg/_ball_info_s.c.o[0m
[99.198s] [ 93%] [32mBuilding C object CMakeFiles/message_info__python.dir/rosidl_generator_py/message_info/msg/_goal_info_s.c.o[0m
[99.206s] [ 94%] [32mBuilding C object CMakeFiles/message_info__python.dir/rosidl_generator_py/message_info/msg/_role_s.c.o[0m
[99.668s] [ 94%] [32mBuilding C object CMakeFiles/message_info__python.dir/rosidl_generator_py/message_info/msg/_attacker_s.c.o[0m
[99.679s] [ 95%] [32mBuilding C object CMakeFiles/message_info__python.dir/rosidl_generator_py/message_info/msg/_goalie_s.c.o[0m
[99.713s] [ 96%] [32mBuilding C object CMakeFiles/message_info__python.dir/rosidl_generator_py/message_info/msg/_info_s.c.o[0m
[100.188s] [ 96%] [32m[1mLinking C shared library rosidl_generator_py/message_info/libmessage_info__python.so[0m
[100.456s] [ 96%] Built target message_info__python
[100.501s] [35m[1mScanning dependencies of target message_info__rosidl_typesupport_introspection_c__pyext[0m
[100.502s] [35m[1mScanning dependencies of target message_info__rosidl_typesupport_c__pyext[0m
[100.504s] [35m[1mScanning dependencies of target message_info__rosidl_typesupport_fastrtps_c__pyext[0m
[100.629s] [ 97%] [32mBuilding C object CMakeFiles/message_info__rosidl_typesupport_introspection_c__pyext.dir/rosidl_generator_py/message_info/_message_info_s.ep.rosidl_typesupport_introspection_c.c.o[0m
[100.642s] [ 98%] [32mBuilding C object CMakeFiles/message_info__rosidl_typesupport_c__pyext.dir/rosidl_generator_py/message_info/_message_info_s.ep.rosidl_typesupport_c.c.o[0m
[100.658s] [ 99%] [32mBuilding C object CMakeFiles/message_info__rosidl_typesupport_fastrtps_c__pyext.dir/rosidl_generator_py/message_info/_message_info_s.ep.rosidl_typesupport_fastrtps_c.c.o[0m
[101.310s] [100%] [32m[1mLinking C shared library rosidl_generator_py/message_info/message_info_s__rosidl_typesupport_introspection_c.cpython-38-aarch64-linux-gnu.so[0m
[101.319s] [100%] [32m[1mLinking C shared library rosidl_generator_py/message_info/message_info_s__rosidl_typesupport_c.cpython-38-aarch64-linux-gnu.so[0m
[101.390s] [100%] [32m[1mLinking CXX shared library rosidl_generator_py/message_info/message_info_s__rosidl_typesupport_fastrtps_c.cpython-38-aarch64-linux-gnu.so[0m
[101.609s] [100%] Built target message_info__rosidl_typesupport_introspection_c__pyext
[101.613s] [100%] Built target message_info__rosidl_typesupport_c__pyext
[101.808s] [100%] Built target message_info__rosidl_typesupport_fastrtps_c__pyext
[101.858s] Invoked command in '/home/ubuntu/SSLRasp/build/message_info' returned '0': CMAKE_PREFIX_PATH=${CMAKE_PREFIX_PATH}:/home/ubuntu/SSLRasp/install/rasp:/opt/ros/foxy /usr/bin/cmake --build /home/ubuntu/SSLRasp/build/message_info -- -j4 -l4
[103.958s] Invoking command in '/home/ubuntu/SSLRasp/build/message_info': CMAKE_PREFIX_PATH=${CMAKE_PREFIX_PATH}:/home/ubuntu/SSLRasp/install/rasp:/opt/ros/foxy /usr/bin/cmake --install /home/ubuntu/SSLRasp/build/message_info
[103.996s] -- Install configuration: ""
[103.997s] -- Installing: /home/ubuntu/SSLRasp/install/message_info/share/ament_index/resource_index/rosidl_interfaces/message_info
[103.998s] -- Installing: /home/ubuntu/SSLRasp/install/message_info/include/message_info
[103.999s] -- Installing: /home/ubuntu/SSLRasp/install/message_info/include/message_info/msg
[103.999s] -- Installing: /home/ubuntu/SSLRasp/install/message_info/include/message_info/msg/test.h
[104.000s] -- Installing: /home/ubuntu/SSLRasp/install/message_info/include/message_info/msg/goal_info.h
[104.001s] -- Installing: /home/ubuntu/SSLRasp/install/message_info/include/message_info/msg/detection_frame.h
[104.002s] -- Installing: /home/ubuntu/SSLRasp/install/message_info/include/message_info/msg/attacker.h
[104.002s] -- Installing: /home/ubuntu/SSLRasp/install/message_info/include/message_info/msg/info.h
[104.003s] -- Installing: /home/ubuntu/SSLRasp/install/message_info/include/message_info/msg/vision_detections.h
[104.004s] -- Installing: /home/ubuntu/SSLRasp/install/message_info/include/message_info/msg/detail
[104.005s] -- Installing: /home/ubuntu/SSLRasp/install/message_info/include/message_info/msg/detail/detection_ball__type_support.h
[104.006s] -- Installing: /home/ubuntu/SSLRasp/install/message_info/include/message_info/msg/detail/test__functions.c
[104.007s] -- Installing: /home/ubuntu/SSLRasp/install/message_info/include/message_info/msg/detail/detection_frame__functions.c
[104.008s] -- Installing: /home/ubuntu/SSLRasp/install/message_info/include/message_info/msg/detail/vision_geometry__struct.h
[104.009s] -- Installing: /home/ubuntu/SSLRasp/install/message_info/include/message_info/msg/detail/detection_robot__functions.h
[104.010s] -- Installing: /home/ubuntu/SSLRasp/install/message_info/include/message_info/msg/detail/test__type_support.h
[104.011s] -- Installing: /home/ubuntu/SSLRasp/install/message_info/include/message_info/msg/detail/robot_commands__struct.h
[104.012s] -- Installing: /home/ubuntu/SSLRasp/install/message_info/include/message_info/msg/detail/goalie__functions.h
[104.013s] -- Installing: /home/ubuntu/SSLRasp/install/message_info/include/message_info/msg/detail/ball_info__functions.c
[104.014s] -- Installing: /home/ubuntu/SSLRasp/install/message_info/include/message_info/msg/detail/goalie__type_support.h
[104.015s] -- Installing: /home/ubuntu/SSLRasp/install/message_info/include/message_info/msg/detail/field_line_segment__functions.h
[104.016s] -- Installing: /home/ubuntu/SSLRasp/install/message_info/include/message_info/msg/detail/robot_command__type_support.h
[104.017s] -- Installing: /home/ubuntu/SSLRasp/install/message_info/include/message_info/msg/detail/field_circular_arc__functions.c
[104.018s] -- Installing: /home/ubuntu/SSLRasp/install/message_info/include/message_info/msg/detail/referee__type_support.h
[104.018s] -- Installing: /home/ubuntu/SSLRasp/install/message_info/include/message_info/msg/detail/attacker__functions.h
[104.019s] -- Installing: /home/ubuntu/SSLRasp/install/message_info/include/message_info/msg/detail/attacker__type_support.h
[104.020s] -- Installing: /home/ubuntu/SSLRasp/install/message_info/include/message_info/msg/detail/role__functions.c
[104.021s] -- Installing: /home/ubuntu/SSLRasp/install/message_info/include/message_info/msg/detail/field_line_segment__struct.h
[104.022s] -- Installing: /home/ubuntu/SSLRasp/install/message_info/include/message_info/msg/detail/robot_commands__functions.h
[104.023s] -- Installing: /home/ubuntu/SSLRasp/install/message_info/include/message_info/msg/detail/goalie__functions.c
[104.024s] -- Installing: /home/ubuntu/SSLRasp/install/message_info/include/message_info/msg/detail/vision_geometry__functions.h
[104.025s] -- Installing: /home/ubuntu/SSLRasp/install/message_info/include/message_info/msg/detail/goal_info__functions.c
[104.026s] -- Installing: /home/ubuntu/SSLRasp/install/message_info/include/message_info/msg/detail/field_line_segment__type_support.h
[104.027s] -- Installing: /home/ubuntu/SSLRasp/install/message_info/include/message_info/msg/detail/referee_game_event__functions.h
[104.028s] -- Installing: /home/ubuntu/SSLRasp/install/message_info/include/message_info/msg/detail/vision_detections__struct.h
[104.029s] -- Installing: /home/ubuntu/SSLRasp/install/message_info/include/message_info/msg/detail/detection_robot__functions.c
[104.030s] -- Installing: /home/ubuntu/SSLRasp/install/message_info/include/message_info/msg/detail/goal_info__functions.h
[104.030s] -- Installing: /home/ubuntu/SSLRasp/install/message_info/include/message_info/msg/detail/robot_commands__type_support.h
[104.031s] -- Installing: /home/ubuntu/SSLRasp/install/message_info/include/message_info/msg/detail/goal_info__type_support.h
[104.032s] -- Installing: /home/ubuntu/SSLRasp/install/message_info/include/message_info/msg/detail/test__struct.h
[104.033s] -- Installing: /home/ubuntu/SSLRasp/install/message_info/include/message_info/msg/detail/vision_detections__functions.h
[104.034s] -- Installing: /home/ubuntu/SSLRasp/install/message_info/include/message_info/msg/detail/field_circular_arc__functions.h
[104.035s] -- Installing: /home/ubuntu/SSLRasp/install/message_info/include/message_info/msg/detail/field_circular_arc__struct.h
[104.036s] -- Installing: /home/ubuntu/SSLRasp/install/message_info/include/message_info/msg/detail/ball_info__struct.h
[104.037s] -- Installing: /home/ubuntu/SSLRasp/install/message_info/include/message_info/msg/detail/goalie__struct.h
[104.038s] -- Installing: /home/ubuntu/SSLRasp/install/message_info/include/message_info/msg/detail/robot_command__struct.h
[104.039s] -- Installing: /home/ubuntu/SSLRasp/install/message_info/include/message_info/msg/detail/role__type_support.h
[104.040s] -- Installing: /home/ubuntu/SSLRasp/install/message_info/include/message_info/msg/detail/detection_robot__struct.h
[104.041s] -- Installing: /home/ubuntu/SSLRasp/install/message_info/include/message_info/msg/detail/referee_team_info__functions.h
[104.042s] -- Installing: /home/ubuntu/SSLRasp/install/message_info/include/message_info/msg/detail/info__struct.h
[104.042s] -- Installing: /home/ubuntu/SSLRasp/install/message_info/include/message_info/msg/detail/robot_commands__functions.c
[104.043s] -- Installing: /home/ubuntu/SSLRasp/install/message_info/include/message_info/msg/detail/referee_team_info__struct.h
[104.044s] -- Installing: /home/ubuntu/SSLRasp/install/message_info/include/message_info/msg/detail/robot_command__functions.h
[104.045s] -- Installing: /home/ubuntu/SSLRasp/install/message_info/include/message_info/msg/detail/detection_frame__type_support.h
[104.046s] -- Installing: /home/ubuntu/SSLRasp/install/message_info/include/message_info/msg/detail/detection_frame__struct.h
[104.047s] -- Installing: /home/ubuntu/SSLRasp/install/message_info/include/message_info/msg/detail/referee_team_info__functions.c
[104.048s] -- Installing: /home/ubuntu/SSLRasp/install/message_info/include/message_info/msg/detail/vision_geometry__type_support.h
[104.049s] -- Installing: /home/ubuntu/SSLRasp/install/message_info/include/message_info/msg/detail/vision_geometry__functions.c
[104.050s] -- Installing: /home/ubuntu/SSLRasp/install/message_info/include/message_info/msg/detail/detection_robot__type_support.h
[104.051s] -- Installing: /home/ubuntu/SSLRasp/install/message_info/include/message_info/msg/detail/role__functions.h
[104.052s] -- Installing: /home/ubuntu/SSLRasp/install/message_info/include/message_info/msg/detail/ball_info__type_support.h
[104.053s] -- Installing: /home/ubuntu/SSLRasp/install/message_info/include/message_info/msg/detail/referee_team_info__type_support.h
[104.054s] -- Installing: /home/ubuntu/SSLRasp/install/message_info/include/message_info/msg/detail/detection_ball__functions.c
[104.055s] -- Installing: /home/ubuntu/SSLRasp/install/message_info/include/message_info/msg/detail/referee__functions.c
[104.056s] -- Installing: /home/ubuntu/SSLRasp/install/message_info/include/message_info/msg/detail/field_line_segment__functions.c
[104.057s] -- Installing: /home/ubuntu/SSLRasp/install/message_info/include/message_info/msg/detail/referee_game_event__type_support.h
[104.058s] -- Installing: /home/ubuntu/SSLRasp/install/message_info/include/message_info/msg/detail/robot_command__functions.c
[104.058s] -- Installing: /home/ubuntu/SSLRasp/install/message_info/include/message_info/msg/detail/detection_ball__struct.h
[104.059s] -- Installing: /home/ubuntu/SSLRasp/install/message_info/include/message_info/msg/detail/role__struct.h
[104.060s] -- Installing: /home/ubuntu/SSLRasp/install/message_info/include/message_info/msg/detail/detection_ball__functions.h
[104.061s] -- Installing: /home/ubuntu/SSLRasp/install/message_info/include/message_info/msg/detail/test__functions.h
[104.062s] -- Installing: /home/ubuntu/SSLRasp/install/message_info/include/message_info/msg/detail/referee_game_event__functions.c
[104.063s] -- Installing: /home/ubuntu/SSLRasp/install/message_info/include/message_info/msg/detail/vision_detections__functions.c
[104.064s] -- Installing: /home/ubuntu/SSLRasp/install/message_info/include/message_info/msg/detail/info__functions.h
[104.065s] -- Installing: /home/ubuntu/SSLRasp/install/message_info/include/message_info/msg/detail/attacker__struct.h
[104.066s] -- Installing: /home/ubuntu/SSLRasp/install/message_info/include/message_info/msg/detail/vision_detections__type_support.h
[104.067s] -- Installing: /home/ubuntu/SSLRasp/install/message_info/include/message_info/msg/detail/referee__functions.h
[104.068s] -- Installing: /home/ubuntu/SSLRasp/install/message_info/include/message_info/msg/detail/referee_game_event__struct.h
[104.069s] -- Installing: /home/ubuntu/SSLRasp/install/message_info/include/message_info/msg/detail/referee__struct.h
[104.070s] -- Installing: /home/ubuntu/SSLRasp/install/message_info/include/message_info/msg/detail/ball_info__functions.h
[104.070s] -- Installing: /home/ubuntu/SSLRasp/install/message_info/include/message_info/msg/detail/attacker__functions.c
[104.071s] -- Installing: /home/ubuntu/SSLRasp/install/message_info/include/message_info/msg/detail/goal_info__struct.h
[104.072s] -- Installing: /home/ubuntu/SSLRasp/install/message_info/include/message_info/msg/detail/field_circular_arc__type_support.h
[104.073s] -- Installing: /home/ubuntu/SSLRasp/install/message_info/include/message_info/msg/detail/info__type_support.h
[104.074s] -- Installing: /home/ubuntu/SSLRasp/install/message_info/include/message_info/msg/detail/info__functions.c
[104.075s] -- Installing: /home/ubuntu/SSLRasp/install/message_info/include/message_info/msg/detail/detection_frame__functions.h
[104.076s] -- Installing: /home/ubuntu/SSLRasp/install/message_info/include/message_info/msg/rosidl_generator_c__visibility_control.h
[104.077s] -- Installing: /home/ubuntu/SSLRasp/install/message_info/include/message_info/msg/field_circular_arc.h
[104.078s] -- Installing: /home/ubuntu/SSLRasp/install/message_info/include/message_info/msg/role.h
[104.079s] -- Installing: /home/ubuntu/SSLRasp/install/message_info/include/message_info/msg/field_line_segment.h
[104.079s] -- Installing: /home/ubuntu/SSLRasp/install/message_info/include/message_info/msg/referee_team_info.h
[104.080s] -- Installing: /home/ubuntu/SSLRasp/install/message_info/include/message_info/msg/goalie.h
[104.081s] -- Installing: /home/ubuntu/SSLRasp/install/message_info/include/message_info/msg/referee.h
[104.082s] -- Installing: /home/ubuntu/SSLRasp/install/message_info/include/message_info/msg/ball_info.h
[104.083s] -- Installing: /home/ubuntu/SSLRasp/install/message_info/include/message_info/msg/robot_commands.h
[104.084s] -- Installing: /home/ubuntu/SSLRasp/install/message_info/include/message_info/msg/robot_command.h
[104.084s] -- Installing: /home/ubuntu/SSLRasp/install/message_info/include/message_info/msg/detection_ball.h
[104.085s] -- Installing: /home/ubuntu/SSLRasp/install/message_info/include/message_info/msg/detection_robot.h
[104.086s] -- Installing: /home/ubuntu/SSLRasp/install/message_info/include/message_info/msg/referee_game_event.h
[104.087s] -- Installing: /home/ubuntu/SSLRasp/install/message_info/include/message_info/msg/vision_geometry.h
[104.088s] -- Installing: /home/ubuntu/SSLRasp/install/message_info/share/message_info/environment/library_path.sh
[104.089s] -- Installing: /home/ubuntu/SSLRasp/install/message_info/share/message_info/environment/library_path.dsv
[104.091s] -- Installing: /home/ubuntu/SSLRasp/install/message_info/lib/libmessage_info__rosidl_generator_c.so
[104.094s] -- Set runtime path of "/home/ubuntu/SSLRasp/install/message_info/lib/libmessage_info__rosidl_generator_c.so" to ""
[104.094s] -- Up-to-date: /home/ubuntu/SSLRasp/install/message_info/include/message_info
[104.095s] -- Up-to-date: /home/ubuntu/SSLRasp/install/message_info/include/message_info/msg
[104.095s] -- Up-to-date: /home/ubuntu/SSLRasp/install/message_info/include/message_info/msg/detail
[104.095s] -- Installing: /home/ubuntu/SSLRasp/install/message_info/include/message_info/msg/detail/referee_game_event__rosidl_typesupport_fastrtps_c.h
[104.097s] -- Installing: /home/ubuntu/SSLRasp/install/message_info/include/message_info/msg/detail/vision_geometry__rosidl_typesupport_fastrtps_c.h
[104.097s] -- Installing: /home/ubuntu/SSLRasp/install/message_info/include/message_info/msg/detail/attacker__rosidl_typesupport_fastrtps_c.h
[104.098s] -- Installing: /home/ubuntu/SSLRasp/install/message_info/include/message_info/msg/detail/vision_detections__rosidl_typesupport_fastrtps_c.h
[104.100s] -- Installing: /home/ubuntu/SSLRasp/install/message_info/include/message_info/msg/detail/detection_robot__rosidl_typesupport_fastrtps_c.h
[104.101s] -- Installing: /home/ubuntu/SSLRasp/install/message_info/include/message_info/msg/detail/field_line_segment__rosidl_typesupport_fastrtps_c.h
[104.102s] -- Installing: /home/ubuntu/SSLRasp/install/message_info/include/message_info/msg/detail/robot_commands__rosidl_typesupport_fastrtps_c.h
[104.103s] -- Installing: /home/ubuntu/SSLRasp/install/message_info/include/message_info/msg/detail/role__rosidl_typesupport_fastrtps_c.h
[104.104s] -- Installing: /home/ubuntu/SSLRasp/install/message_info/include/message_info/msg/detail/detection_ball__rosidl_typesupport_fastrtps_c.h
[104.105s] -- Installing: /home/ubuntu/SSLRasp/install/message_info/include/message_info/msg/detail/field_circular_arc__rosidl_typesupport_fastrtps_c.h
[104.106s] -- Installing: /home/ubuntu/SSLRasp/install/message_info/include/message_info/msg/detail/goal_info__rosidl_typesupport_fastrtps_c.h
[104.107s] -- Installing: /home/ubuntu/SSLRasp/install/message_info/include/message_info/msg/detail/referee__rosidl_typesupport_fastrtps_c.h
[104.108s] -- Installing: /home/ubuntu/SSLRasp/install/message_info/include/message_info/msg/detail/goalie__rosidl_typesupport_fastrtps_c.h
[104.109s] -- Installing: /home/ubuntu/SSLRasp/install/message_info/include/message_info/msg/detail/referee_team_info__rosidl_typesupport_fastrtps_c.h
[104.110s] -- Installing: /home/ubuntu/SSLRasp/install/message_info/include/message_info/msg/detail/test__rosidl_typesupport_fastrtps_c.h
[104.111s] -- Installing: /home/ubuntu/SSLRasp/install/message_info/include/message_info/msg/detail/robot_command__rosidl_typesupport_fastrtps_c.h
[104.112s] -- Installing: /home/ubuntu/SSLRasp/install/message_info/include/message_info/msg/detail/detection_frame__rosidl_typesupport_fastrtps_c.h
[104.113s] -- Installing: /home/ubuntu/SSLRasp/install/message_info/include/message_info/msg/detail/ball_info__rosidl_typesupport_fastrtps_c.h
[104.114s] -- Installing: /home/ubuntu/SSLRasp/install/message_info/include/message_info/msg/detail/info__rosidl_typesupport_fastrtps_c.h
[104.115s] -- Installing: /home/ubuntu/SSLRasp/install/message_info/include/message_info/msg/rosidl_typesupport_fastrtps_c__visibility_control.h
[104.117s] -- Installing: /home/ubuntu/SSLRasp/install/message_info/lib/libmessage_info__rosidl_typesupport_fastrtps_c.so
[104.120s] -- Set runtime path of "/home/ubuntu/SSLRasp/install/message_info/lib/libmessage_info__rosidl_typesupport_fastrtps_c.so" to ""
[104.120s] -- Up-to-date: /home/ubuntu/SSLRasp/install/message_info/include/message_info
[104.121s] -- Up-to-date: /home/ubuntu/SSLRasp/install/message_info/include/message_info/msg
[104.121s] -- Up-to-date: /home/ubuntu/SSLRasp/install/message_info/include/message_info/msg/detail
[104.122s] -- Installing: /home/ubuntu/SSLRasp/install/message_info/include/message_info/msg/detail/field_line_segment__rosidl_typesupport_fastrtps_cpp.hpp
[104.122s] -- Installing: /home/ubuntu/SSLRasp/install/message_info/include/message_info/msg/detail/ball_info__rosidl_typesupport_fastrtps_cpp.hpp
[104.123s] -- Installing: /home/ubuntu/SSLRasp/install/message_info/include/message_info/msg/detail/detection_frame__rosidl_typesupport_fastrtps_cpp.hpp
[104.125s] -- Installing: /home/ubuntu/SSLRasp/install/message_info/include/message_info/msg/detail/vision_geometry__rosidl_typesupport_fastrtps_cpp.hpp
[104.126s] -- Installing: /home/ubuntu/SSLRasp/install/message_info/include/message_info/msg/detail/robot_command__rosidl_typesupport_fastrtps_cpp.hpp
[104.127s] -- Installing: /home/ubuntu/SSLRasp/install/message_info/include/message_info/msg/detail/role__rosidl_typesupport_fastrtps_cpp.hpp
[104.128s] -- Installing: /home/ubuntu/SSLRasp/install/message_info/include/message_info/msg/detail/detection_ball__rosidl_typesupport_fastrtps_cpp.hpp
[104.129s] -- Installing: /home/ubuntu/SSLRasp/install/message_info/include/message_info/msg/detail/referee__rosidl_typesupport_fastrtps_cpp.hpp
[104.130s] -- Installing: /home/ubuntu/SSLRasp/install/message_info/include/message_info/msg/detail/info__rosidl_typesupport_fastrtps_cpp.hpp
[104.131s] -- Installing: /home/ubuntu/SSLRasp/install/message_info/include/message_info/msg/detail/detection_robot__rosidl_typesupport_fastrtps_cpp.hpp
[104.132s] -- Installing: /home/ubuntu/SSLRasp/install/message_info/include/message_info/msg/detail/referee_team_info__rosidl_typesupport_fastrtps_cpp.hpp
[104.133s] -- Installing: /home/ubuntu/SSLRasp/install/message_info/include/message_info/msg/detail/dds_fastrtps
[104.134s] -- Installing: /home/ubuntu/SSLRasp/install/message_info/include/message_info/msg/detail/vision_detections__rosidl_typesupport_fastrtps_cpp.hpp
[104.135s] -- Installing: /home/ubuntu/SSLRasp/install/message_info/include/message_info/msg/detail/goalie__rosidl_typesupport_fastrtps_cpp.hpp
[104.136s] -- Installing: /home/ubuntu/SSLRasp/install/message_info/include/message_info/msg/detail/attacker__rosidl_typesupport_fastrtps_cpp.hpp
[104.137s] -- Installing: /home/ubuntu/SSLRasp/install/message_info/include/message_info/msg/detail/referee_game_event__rosidl_typesupport_fastrtps_cpp.hpp
[104.138s] -- Installing: /home/ubuntu/SSLRasp/install/message_info/include/message_info/msg/detail/test__rosidl_typesupport_fastrtps_cpp.hpp
[104.139s] -- Installing: /home/ubuntu/SSLRasp/install/message_info/include/message_info/msg/detail/goal_info__rosidl_typesupport_fastrtps_cpp.hpp
[104.140s] -- Installing: /home/ubuntu/SSLRasp/install/message_info/include/message_info/msg/detail/robot_commands__rosidl_typesupport_fastrtps_cpp.hpp
[104.141s] -- Installing: /home/ubuntu/SSLRasp/install/message_info/include/message_info/msg/detail/field_circular_arc__rosidl_typesupport_fastrtps_cpp.hpp
[104.142s] -- Installing: /home/ubuntu/SSLRasp/install/message_info/include/message_info/msg/rosidl_typesupport_fastrtps_cpp__visibility_control.h
[104.144s] -- Installing: /home/ubuntu/SSLRasp/install/message_info/lib/libmessage_info__rosidl_typesupport_fastrtps_cpp.so
[104.149s] -- Set runtime path of "/home/ubuntu/SSLRasp/install/message_info/lib/libmessage_info__rosidl_typesupport_fastrtps_cpp.so" to ""
[104.149s] -- Up-to-date: /home/ubuntu/SSLRasp/install/message_info/include/message_info
[104.150s] -- Up-to-date: /home/ubuntu/SSLRasp/install/message_info/include/message_info/msg
[104.150s] -- Up-to-date: /home/ubuntu/SSLRasp/install/message_info/include/message_info/msg/detail
[104.150s] -- Installing: /home/ubuntu/SSLRasp/install/message_info/include/message_info/msg/detail/goal_info__rosidl_typesupport_introspection_c.h
[104.152s] -- Installing: /home/ubuntu/SSLRasp/install/message_info/include/message_info/msg/detail/goalie__type_support.c
[104.153s] -- Installing: /home/ubuntu/SSLRasp/install/message_info/include/message_info/msg/detail/info__rosidl_typesupport_introspection_c.h
[104.154s] -- Installing: /home/ubuntu/SSLRasp/install/message_info/include/message_info/msg/detail/vision_geometry__type_support.c
[104.155s] -- Installing: /home/ubuntu/SSLRasp/install/message_info/include/message_info/msg/detail/detection_ball__type_support.c
[104.156s] -- Installing: /home/ubuntu/SSLRasp/install/message_info/include/message_info/msg/detail/detection_frame__rosidl_typesupport_introspection_c.h
[104.157s] -- Installing: /home/ubuntu/SSLRasp/install/message_info/include/message_info/msg/detail/test__type_support.c
[104.158s] -- Installing: /home/ubuntu/SSLRasp/install/message_info/include/message_info/msg/detail/test__rosidl_typesupport_introspection_c.h
[104.159s] -- Installing: /home/ubuntu/SSLRasp/install/message_info/include/message_info/msg/detail/robot_command__rosidl_typesupport_introspection_c.h
[104.160s] -- Installing: /home/ubuntu/SSLRasp/install/message_info/include/message_info/msg/detail/ball_info__type_support.c
[104.161s] -- Installing: /home/ubuntu/SSLRasp/install/message_info/include/message_info/msg/detail/robot_commands__type_support.c
[104.162s] -- Installing: /home/ubuntu/SSLRasp/install/message_info/include/message_info/msg/detail/role__rosidl_typesupport_introspection_c.h
[104.163s] -- Installing: /home/ubuntu/SSLRasp/install/message_info/include/message_info/msg/detail/robot_command__type_support.c
[104.164s] -- Installing: /home/ubuntu/SSLRasp/install/message_info/include/message_info/msg/detail/field_circular_arc__type_support.c
[104.165s] -- Installing: /home/ubuntu/SSLRasp/install/message_info/include/message_info/msg/detail/referee__type_support.c
[104.166s] -- Installing: /home/ubuntu/SSLRasp/install/message_info/include/message_info/msg/detail/detection_frame__type_support.c
[104.167s] -- Installing: /home/ubuntu/SSLRasp/install/message_info/include/message_info/msg/detail/robot_commands__rosidl_typesupport_introspection_c.h
[104.168s] -- Installing: /home/ubuntu/SSLRasp/install/message_info/include/message_info/msg/detail/referee_game_event__type_support.c
[104.169s] -- Installing: /home/ubuntu/SSLRasp/install/message_info/include/message_info/msg/detail/field_line_segment__rosidl_typesupport_introspection_c.h
[104.170s] -- Installing: /home/ubuntu/SSLRasp/install/message_info/include/message_info/msg/detail/referee_team_info__rosidl_typesupport_introspection_c.h
[104.171s] -- Installing: /home/ubuntu/SSLRasp/install/message_info/include/message_info/msg/detail/attacker__type_support.c
[104.172s] -- Installing: /home/ubuntu/SSLRasp/install/message_info/include/message_info/msg/detail/field_line_segment__type_support.c
[104.173s] -- Installing: /home/ubuntu/SSLRasp/install/message_info/include/message_info/msg/detail/vision_detections__rosidl_typesupport_introspection_c.h
[104.175s] -- Installing: /home/ubuntu/SSLRasp/install/message_info/include/message_info/msg/detail/detection_robot__rosidl_typesupport_introspection_c.h
[104.176s] -- Installing: /home/ubuntu/SSLRasp/install/message_info/include/message_info/msg/detail/role__type_support.c
[104.177s] -- Installing: /home/ubuntu/SSLRasp/install/message_info/include/message_info/msg/detail/info__type_support.c
[104.178s] -- Installing: /home/ubuntu/SSLRasp/install/message_info/include/message_info/msg/detail/referee_game_event__rosidl_typesupport_introspection_c.h
[104.179s] -- Installing: /home/ubuntu/SSLRasp/install/message_info/include/message_info/msg/detail/ball_info__rosidl_typesupport_introspection_c.h
[104.180s] -- Installing: /home/ubuntu/SSLRasp/install/message_info/include/message_info/msg/detail/detection_robot__type_support.c
[104.181s] -- Installing: /home/ubuntu/SSLRasp/install/message_info/include/message_info/msg/detail/referee__rosidl_typesupport_introspection_c.h
[104.182s] -- Installing: /home/ubuntu/SSLRasp/install/message_info/include/message_info/msg/detail/goalie__rosidl_typesupport_introspection_c.h
[104.183s] -- Installing: /home/ubuntu/SSLRasp/install/message_info/include/message_info/msg/detail/field_circular_arc__rosidl_typesupport_introspection_c.h
[104.184s] -- Installing: /home/ubuntu/SSLRasp/install/message_info/include/message_info/msg/detail/detection_ball__rosidl_typesupport_introspection_c.h
[104.185s] -- Installing: /home/ubuntu/SSLRasp/install/message_info/include/message_info/msg/detail/goal_info__type_support.c
[104.186s] -- Installing: /home/ubuntu/SSLRasp/install/message_info/include/message_info/msg/detail/vision_geometry__rosidl_typesupport_introspection_c.h
[104.187s] -- Installing: /home/ubuntu/SSLRasp/install/message_info/include/message_info/msg/detail/referee_team_info__type_support.c
[104.188s] -- Installing: /home/ubuntu/SSLRasp/install/message_info/include/message_info/msg/detail/attacker__rosidl_typesupport_introspection_c.h
[104.189s] -- Installing: /home/ubuntu/SSLRasp/install/message_info/include/message_info/msg/detail/vision_detections__type_support.c
[104.190s] -- Installing: /home/ubuntu/SSLRasp/install/message_info/include/message_info/msg/rosidl_typesupport_introspection_c__visibility_control.h
[104.192s] -- Installing: /home/ubuntu/SSLRasp/install/message_info/lib/libmessage_info__rosidl_typesupport_introspection_c.so
[104.194s] -- Set runtime path of "/home/ubuntu/SSLRasp/install/message_info/lib/libmessage_info__rosidl_typesupport_introspection_c.so" to ""
[104.195s] -- Installing: /home/ubuntu/SSLRasp/install/message_info/lib/libmessage_info__rosidl_typesupport_c.so
[104.198s] -- Set runtime path of "/home/ubuntu/SSLRasp/install/message_info/lib/libmessage_info__rosidl_typesupport_c.so" to ""
[104.198s] -- Up-to-date: /home/ubuntu/SSLRasp/install/message_info/include/message_info
[104.198s] -- Up-to-date: /home/ubuntu/SSLRasp/install/message_info/include/message_info/msg
[104.199s] -- Installing: /home/ubuntu/SSLRasp/install/message_info/include/message_info/msg/ball_info.hpp
[104.200s] -- Installing: /home/ubuntu/SSLRasp/install/message_info/include/message_info/msg/referee.hpp
[104.200s] -- Installing: /home/ubuntu/SSLRasp/install/message_info/include/message_info/msg/goal_info.hpp
[104.201s] -- Installing: /home/ubuntu/SSLRasp/install/message_info/include/message_info/msg/detection_robot.hpp
[104.202s] -- Installing: /home/ubuntu/SSLRasp/install/message_info/include/message_info/msg/vision_geometry.hpp
[104.203s] -- Installing: /home/ubuntu/SSLRasp/install/message_info/include/message_info/msg/field_line_segment.hpp
[104.204s] -- Up-to-date: /home/ubuntu/SSLRasp/install/message_info/include/message_info/msg/detail
[104.205s] -- Installing: /home/ubuntu/SSLRasp/install/message_info/include/message_info/msg/detail/referee_game_event__builder.hpp
[104.206s] -- Installing: /home/ubuntu/SSLRasp/install/message_info/include/message_info/msg/detail/vision_detections__traits.hpp
[104.207s] -- Installing: /home/ubuntu/SSLRasp/install/message_info/include/message_info/msg/detail/ball_info__struct.hpp
[104.208s] -- Installing: /home/ubuntu/SSLRasp/install/message_info/include/message_info/msg/detail/field_line_segment__struct.hpp
[104.209s] -- Installing: /home/ubuntu/SSLRasp/install/message_info/include/message_info/msg/detail/goalie__traits.hpp
[104.210s] -- Installing: /home/ubuntu/SSLRasp/install/message_info/include/message_info/msg/detail/referee_team_info__builder.hpp
[104.211s] -- Installing: /home/ubuntu/SSLRasp/install/message_info/include/message_info/msg/detail/goal_info__traits.hpp
[104.212s] -- Installing: /home/ubuntu/SSLRasp/install/message_info/include/message_info/msg/detail/info__traits.hpp
[104.213s] -- Installing: /home/ubuntu/SSLRasp/install/message_info/include/message_info/msg/detail/vision_geometry__builder.hpp
[104.213s] -- Installing: /home/ubuntu/SSLRasp/install/message_info/include/message_info/msg/detail/goalie__struct.hpp
[104.214s] -- Installing: /home/ubuntu/SSLRasp/install/message_info/include/message_info/msg/detail/detection_ball__struct.hpp
[104.215s] -- Installing: /home/ubuntu/SSLRasp/install/message_info/include/message_info/msg/detail/goalie__builder.hpp
[104.216s] -- Installing: /home/ubuntu/SSLRasp/install/message_info/include/message_info/msg/detail/goal_info__builder.hpp
[104.217s] -- Installing: /home/ubuntu/SSLRasp/install/message_info/include/message_info/msg/detail/detection_robot__builder.hpp
[104.218s] -- Installing: /home/ubuntu/SSLRasp/install/message_info/include/message_info/msg/detail/vision_geometry__struct.hpp
[104.219s] -- Installing: /home/ubuntu/SSLRasp/install/message_info/include/message_info/msg/detail/referee__struct.hpp
[104.220s] -- Installing: /home/ubuntu/SSLRasp/install/message_info/include/message_info/msg/detail/robot_commands__traits.hpp
[104.221s] -- Installing: /home/ubuntu/SSLRasp/install/message_info/include/message_info/msg/detail/role__builder.hpp
[104.222s] -- Installing: /home/ubuntu/SSLRasp/install/message_info/include/message_info/msg/detail/referee_game_event__traits.hpp
[104.223s] -- Installing: /home/ubuntu/SSLRasp/install/message_info/include/message_info/msg/detail/test__traits.hpp
[104.224s] -- Installing: /home/ubuntu/SSLRasp/install/message_info/include/message_info/msg/detail/attacker__traits.hpp
[104.225s] -- Installing: /home/ubuntu/SSLRasp/install/message_info/include/message_info/msg/detail/field_circular_arc__traits.hpp
[104.226s] -- Installing: /home/ubuntu/SSLRasp/install/message_info/include/message_info/msg/detail/ball_info__builder.hpp
[104.227s] -- Installing: /home/ubuntu/SSLRasp/install/message_info/include/message_info/msg/detail/vision_detections__struct.hpp
[104.228s] -- Installing: /home/ubuntu/SSLRasp/install/message_info/include/message_info/msg/detail/referee__builder.hpp
[104.229s] -- Installing: /home/ubuntu/SSLRasp/install/message_info/include/message_info/msg/detail/test__struct.hpp
[104.230s] -- Installing: /home/ubuntu/SSLRasp/install/message_info/include/message_info/msg/detail/attacker__builder.hpp
[104.230s] -- Installing: /home/ubuntu/SSLRasp/install/message_info/include/message_info/msg/detail/detection_frame__builder.hpp
[104.231s] -- Installing: /home/ubuntu/SSLRasp/install/message_info/include/message_info/msg/detail/detection_frame__struct.hpp
[104.232s] -- Installing: /home/ubuntu/SSLRasp/install/message_info/include/message_info/msg/detail/field_line_segment__builder.hpp
[104.233s] -- Installing: /home/ubuntu/SSLRasp/install/message_info/include/message_info/msg/detail/robot_command__builder.hpp
[104.234s] -- Installing: /home/ubuntu/SSLRasp/install/message_info/include/message_info/msg/detail/goal_info__struct.hpp
[104.235s] -- Installing: /home/ubuntu/SSLRasp/install/message_info/include/message_info/msg/detail/test__builder.hpp
[104.236s] -- Installing: /home/ubuntu/SSLRasp/install/message_info/include/message_info/msg/detail/referee_team_info__traits.hpp
[104.237s] -- Installing: /home/ubuntu/SSLRasp/install/message_info/include/message_info/msg/detail/role__struct.hpp
[104.238s] -- Installing: /home/ubuntu/SSLRasp/install/message_info/include/message_info/msg/detail/robot_commands__builder.hpp
[104.239s] -- Installing: /home/ubuntu/SSLRasp/install/message_info/include/message_info/msg/detail/field_circular_arc__builder.hpp
[104.240s] -- Installing: /home/ubuntu/SSLRasp/install/message_info/include/message_info/msg/detail/referee__traits.hpp
[104.241s] -- Installing: /home/ubuntu/SSLRasp/install/message_info/include/message_info/msg/detail/vision_geometry__traits.hpp
[104.242s] -- Installing: /home/ubuntu/SSLRasp/install/message_info/include/message_info/msg/detail/detection_robot__struct.hpp
[104.243s] -- Installing: /home/ubuntu/SSLRasp/install/message_info/include/message_info/msg/detail/attacker__struct.hpp
[104.244s] -- Installing: /home/ubuntu/SSLRasp/install/message_info/include/message_info/msg/detail/info__struct.hpp
[104.245s] -- Installing: /home/ubuntu/SSLRasp/install/message_info/include/message_info/msg/detail/vision_detections__builder.hpp
[104.246s] -- Installing: /home/ubuntu/SSLRasp/install/message_info/include/message_info/msg/detail/role__traits.hpp
[104.247s] -- Installing: /home/ubuntu/SSLRasp/install/message_info/include/message_info/msg/detail/robot_commands__struct.hpp
[104.248s] -- Installing: /home/ubuntu/SSLRasp/install/message_info/include/message_info/msg/detail/robot_command__struct.hpp
[104.249s] -- Installing: /home/ubuntu/SSLRasp/install/message_info/include/message_info/msg/detail/field_circular_arc__struct.hpp
[104.250s] -- Installing: /home/ubuntu/SSLRasp/install/message_info/include/message_info/msg/detail/referee_game_event__struct.hpp
[104.251s] -- Installing: /home/ubuntu/SSLRasp/install/message_info/include/message_info/msg/detail/field_line_segment__traits.hpp
[104.252s] -- Installing: /home/ubuntu/SSLRasp/install/message_info/include/message_info/msg/detail/referee_team_info__struct.hpp
[104.253s] -- Installing: /home/ubuntu/SSLRasp/install/message_info/include/message_info/msg/detail/ball_info__traits.hpp
[104.254s] -- Installing: /home/ubuntu/SSLRasp/install/message_info/include/message_info/msg/detail/detection_robot__traits.hpp
[104.255s] -- Installing: /home/ubuntu/SSLRasp/install/message_info/include/message_info/msg/detail/robot_command__traits.hpp
[104.256s] -- Installing: /home/ubuntu/SSLRasp/install/message_info/include/message_info/msg/detail/info__builder.hpp
[104.256s] -- Installing: /home/ubuntu/SSLRasp/install/message_info/include/message_info/msg/detail/detection_ball__builder.hpp
[104.257s] -- Installing: /home/ubuntu/SSLRasp/install/message_info/include/message_info/msg/detail/detection_frame__traits.hpp
[104.258s] -- Installing: /home/ubuntu/SSLRasp/install/message_info/include/message_info/msg/detail/detection_ball__traits.hpp
[104.259s] -- Installing: /home/ubuntu/SSLRasp/install/message_info/include/message_info/msg/detection_ball.hpp
[104.260s] -- Installing: /home/ubuntu/SSLRasp/install/message_info/include/message_info/msg/detection_frame.hpp
[104.261s] -- Installing: /home/ubuntu/SSLRasp/install/message_info/include/message_info/msg/attacker.hpp
[104.262s] -- Installing: /home/ubuntu/SSLRasp/install/message_info/include/message_info/msg/robot_command.hpp
[104.262s] -- Installing: /home/ubuntu/SSLRasp/install/message_info/include/message_info/msg/goalie.hpp
[104.263s] -- Installing: /home/ubuntu/SSLRasp/install/message_info/include/message_info/msg/info.hpp
[104.264s] -- Installing: /home/ubuntu/SSLRasp/install/message_info/include/message_info/msg/referee_game_event.hpp
[104.265s] -- Installing: /home/ubuntu/SSLRasp/install/message_info/include/message_info/msg/test.hpp
[104.266s] -- Installing: /home/ubuntu/SSLRasp/install/message_info/include/message_info/msg/robot_commands.hpp
[104.267s] -- Installing: /home/ubuntu/SSLRasp/install/message_info/include/message_info/msg/role.hpp
[104.268s] -- Installing: /home/ubuntu/SSLRasp/install/message_info/include/message_info/msg/referee_team_info.hpp
[104.268s] -- Installing: /home/ubuntu/SSLRasp/install/message_info/include/message_info/msg/field_circular_arc.hpp
[104.269s] -- Installing: /home/ubuntu/SSLRasp/install/message_info/include/message_info/msg/vision_detections.hpp
[104.271s] -- Up-to-date: /home/ubuntu/SSLRasp/install/message_info/include/message_info
[104.271s] -- Up-to-date: /home/ubuntu/SSLRasp/install/message_info/include/message_info/msg
[104.271s] -- Up-to-date: /home/ubuntu/SSLRasp/install/message_info/include/message_info/msg/detail
[104.272s] -- Installing: /home/ubuntu/SSLRasp/install/message_info/include/message_info/msg/detail/goal_info__rosidl_typesupport_introspection_cpp.hpp
[104.273s] -- Installing: /home/ubuntu/SSLRasp/install/message_info/include/message_info/msg/detail/referee_game_event__rosidl_typesupport_introspection_cpp.hpp
[104.274s] -- Installing: /home/ubuntu/SSLRasp/install/message_info/include/message_info/msg/detail/referee_game_event__type_support.cpp
[104.275s] -- Installing: /home/ubuntu/SSLRasp/install/message_info/include/message_info/msg/detail/robot_commands__type_support.cpp
[104.276s] -- Installing: /home/ubuntu/SSLRasp/install/message_info/include/message_info/msg/detail/detection_frame__rosidl_typesupport_introspection_cpp.hpp
[104.277s] -- Installing: /home/ubuntu/SSLRasp/install/message_info/include/message_info/msg/detail/detection_ball__rosidl_typesupport_introspection_cpp.hpp
[104.279s] -- Installing: /home/ubuntu/SSLRasp/install/message_info/include/message_info/msg/detail/vision_geometry__rosidl_typesupport_introspection_cpp.hpp
[104.280s] -- Installing: /home/ubuntu/SSLRasp/install/message_info/include/message_info/msg/detail/robot_commands__rosidl_typesupport_introspection_cpp.hpp
[104.281s] -- Installing: /home/ubuntu/SSLRasp/install/message_info/include/message_info/msg/detail/detection_robot__rosidl_typesupport_introspection_cpp.hpp
[104.282s] -- Installing: /home/ubuntu/SSLRasp/install/message_info/include/message_info/msg/detail/test__rosidl_typesupport_introspection_cpp.hpp
[104.283s] -- Installing: /home/ubuntu/SSLRasp/install/message_info/include/message_info/msg/detail/ball_info__type_support.cpp
[104.284s] -- Installing: /home/ubuntu/SSLRasp/install/message_info/include/message_info/msg/detail/detection_robot__type_support.cpp
[104.285s] -- Installing: /home/ubuntu/SSLRasp/install/message_info/include/message_info/msg/detail/role__rosidl_typesupport_introspection_cpp.hpp
[104.286s] -- Installing: /home/ubuntu/SSLRasp/install/message_info/include/message_info/msg/detail/goalie__rosidl_typesupport_introspection_cpp.hpp
[104.287s] -- Installing: /home/ubuntu/SSLRasp/install/message_info/include/message_info/msg/detail/detection_ball__type_support.cpp
[104.288s] -- Installing: /home/ubuntu/SSLRasp/install/message_info/include/message_info/msg/detail/field_circular_arc__type_support.cpp
[104.289s] -- Installing: /home/ubuntu/SSLRasp/install/message_info/include/message_info/msg/detail/referee__type_support.cpp
[104.290s] -- Installing: /home/ubuntu/SSLRasp/install/message_info/include/message_info/msg/detail/field_line_segment__rosidl_typesupport_introspection_cpp.hpp
[104.291s] -- Installing: /home/ubuntu/SSLRasp/install/message_info/include/message_info/msg/detail/vision_detections__type_support.cpp
[104.292s] -- Installing: /home/ubuntu/SSLRasp/install/message_info/include/message_info/msg/detail/attacker__type_support.cpp
[104.293s] -- Installing: /home/ubuntu/SSLRasp/install/message_info/include/message_info/msg/detail/goal_info__type_support.cpp
[104.294s] -- Installing: /home/ubuntu/SSLRasp/install/message_info/include/message_info/msg/detail/info__type_support.cpp
[104.296s] -- Installing: /home/ubuntu/SSLRasp/install/message_info/include/message_info/msg/detail/field_circular_arc__rosidl_typesupport_introspection_cpp.hpp
[104.297s] -- Installing: /home/ubuntu/SSLRasp/install/message_info/include/message_info/msg/detail/ball_info__rosidl_typesupport_introspection_cpp.hpp
[104.298s] -- Installing: /home/ubuntu/SSLRasp/install/message_info/include/message_info/msg/detail/robot_command__type_support.cpp
[104.299s] -- Installing: /home/ubuntu/SSLRasp/install/message_info/include/message_info/msg/detail/referee__rosidl_typesupport_introspection_cpp.hpp
[104.300s] -- Installing: /home/ubuntu/SSLRasp/install/message_info/include/message_info/msg/detail/vision_geometry__type_support.cpp
[104.301s] -- Installing: /home/ubuntu/SSLRasp/install/message_info/include/message_info/msg/detail/referee_team_info__type_support.cpp
[104.302s] -- Installing: /home/ubuntu/SSLRasp/install/message_info/include/message_info/msg/detail/goalie__type_support.cpp
[104.303s] -- Installing: /home/ubuntu/SSLRasp/install/message_info/include/message_info/msg/detail/field_line_segment__type_support.cpp
[104.304s] -- Installing: /home/ubuntu/SSLRasp/install/message_info/include/message_info/msg/detail/detection_frame__type_support.cpp
[104.305s] -- Installing: /home/ubuntu/SSLRasp/install/message_info/include/message_info/msg/detail/info__rosidl_typesupport_introspection_cpp.hpp
[104.306s] -- Installing: /home/ubuntu/SSLRasp/install/message_info/include/message_info/msg/detail/attacker__rosidl_typesupport_introspection_cpp.hpp
[104.307s] -- Installing: /home/ubuntu/SSLRasp/install/message_info/include/message_info/msg/detail/role__type_support.cpp
[104.308s] -- Installing: /home/ubuntu/SSLRasp/install/message_info/include/message_info/msg/detail/test__type_support.cpp
[104.309s] -- Installing: /home/ubuntu/SSLRasp/install/message_info/include/message_info/msg/detail/referee_team_info__rosidl_typesupport_introspection_cpp.hpp
[104.311s] -- Installing: /home/ubuntu/SSLRasp/install/message_info/include/message_info/msg/detail/robot_command__rosidl_typesupport_introspection_cpp.hpp
[104.312s] -- Installing: /home/ubuntu/SSLRasp/install/message_info/include/message_info/msg/detail/vision_detections__rosidl_typesupport_introspection_cpp.hpp
[104.313s] -- Installing: /home/ubuntu/SSLRasp/install/message_info/lib/libmessage_info__rosidl_typesupport_introspection_cpp.so
[104.318s] -- Set runtime path of "/home/ubuntu/SSLRasp/install/message_info/lib/libmessage_info__rosidl_typesupport_introspection_cpp.so" to ""
[104.319s] -- Installing: /home/ubuntu/SSLRasp/install/message_info/lib/libmessage_info__rosidl_typesupport_cpp.so
[104.322s] -- Set runtime path of "/home/ubuntu/SSLRasp/install/message_info/lib/libmessage_info__rosidl_typesupport_cpp.so" to ""
[104.322s] -- Installing: /home/ubuntu/SSLRasp/install/message_info/share/message_info/environment/pythonpath.sh
[104.323s] -- Installing: /home/ubuntu/SSLRasp/install/message_info/share/message_info/environment/pythonpath.dsv
[104.325s] -- Installing: /home/ubuntu/SSLRasp/install/message_info/lib/python3.8/site-packages/message_info/__init__.py
[104.458s] Compiling '/home/ubuntu/SSLRasp/install/message_info/lib/python3.8/site-packages/message_info/__init__.py'...
[104.479s] -- Installing: /home/ubuntu/SSLRasp/install/message_info/lib/python3.8/site-packages/message_info/msg
[104.480s] -- Installing: /home/ubuntu/SSLRasp/install/message_info/lib/python3.8/site-packages/message_info/msg/_referee.py
[104.481s] -- Installing: /home/ubuntu/SSLRasp/install/message_info/lib/python3.8/site-packages/message_info/msg/_referee_game_event_s.c
[104.482s] -- Installing: /home/ubuntu/SSLRasp/install/message_info/lib/python3.8/site-packages/message_info/msg/__init__.py
[104.483s] -- Installing: /home/ubuntu/SSLRasp/install/message_info/lib/python3.8/site-packages/message_info/msg/_vision_geometry.py
[104.484s] -- Installing: /home/ubuntu/SSLRasp/install/message_info/lib/python3.8/site-packages/message_info/msg/_vision_geometry_s.c
[104.485s] -- Installing: /home/ubuntu/SSLRasp/install/message_info/lib/python3.8/site-packages/message_info/msg/_field_circular_arc_s.c
[104.486s] -- Installing: /home/ubuntu/SSLRasp/install/message_info/lib/python3.8/site-packages/message_info/msg/_goalie.py
[104.487s] -- Installing: /home/ubuntu/SSLRasp/install/message_info/lib/python3.8/site-packages/message_info/msg/_ball_info.py
[104.488s] -- Installing: /home/ubuntu/SSLRasp/install/message_info/lib/python3.8/site-packages/message_info/msg/_robot_command.py
[104.489s] -- Installing: /home/ubuntu/SSLRasp/install/message_info/lib/python3.8/site-packages/message_info/msg/_info.py
[104.490s] -- Installing: /home/ubuntu/SSLRasp/install/message_info/lib/python3.8/site-packages/message_info/msg/_detection_frame_s.c
[104.491s] -- Installing: /home/ubuntu/SSLRasp/install/message_info/lib/python3.8/site-packages/message_info/msg/_goalie_s.c
[104.492s] -- Installing: /home/ubuntu/SSLRasp/install/message_info/lib/python3.8/site-packages/message_info/msg/_field_line_segment.py
[104.494s] -- Installing: /home/ubuntu/SSLRasp/install/message_info/lib/python3.8/site-packages/message_info/msg/_robot_command_s.c
[104.495s] -- Installing: /home/ubuntu/SSLRasp/install/message_info/lib/python3.8/site-packages/message_info/msg/_detection_frame.py
[104.496s] -- Installing: /home/ubuntu/SSLRasp/install/message_info/lib/python3.8/site-packages/message_info/msg/_robot_commands_s.c
[104.497s] -- Installing: /home/ubuntu/SSLRasp/install/message_info/lib/python3.8/site-packages/message_info/msg/_robot_commands.py
[104.498s] -- Installing: /home/ubuntu/SSLRasp/install/message_info/lib/python3.8/site-packages/message_info/msg/_attacker.py
[104.499s] -- Installing: /home/ubuntu/SSLRasp/install/message_info/lib/python3.8/site-packages/message_info/msg/_referee_game_event.py
[104.500s] -- Installing: /home/ubuntu/SSLRasp/install/message_info/lib/python3.8/site-packages/message_info/msg/_detection_ball.py
[104.501s] -- Installing: /home/ubuntu/SSLRasp/install/message_info/lib/python3.8/site-packages/message_info/msg/_role_s.c
[104.502s] -- Installing: /home/ubuntu/SSLRasp/install/message_info/lib/python3.8/site-packages/message_info/msg/_attacker_s.c
[104.503s] -- Installing: /home/ubuntu/SSLRasp/install/message_info/lib/python3.8/site-packages/message_info/msg/_test.py
[104.504s] -- Installing: /home/ubuntu/SSLRasp/install/message_info/lib/python3.8/site-packages/message_info/msg/_detection_robot.py
[104.505s] -- Installing: /home/ubuntu/SSLRasp/install/message_info/lib/python3.8/site-packages/message_info/msg/_field_circular_arc.py
[104.506s] -- Installing: /home/ubuntu/SSLRasp/install/message_info/lib/python3.8/site-packages/message_info/msg/_detection_robot_s.c
[104.507s] -- Installing: /home/ubuntu/SSLRasp/install/message_info/lib/python3.8/site-packages/message_info/msg/_detection_ball_s.c
[104.508s] -- Installing: /home/ubuntu/SSLRasp/install/message_info/lib/python3.8/site-packages/message_info/msg/_vision_detections_s.c
[104.509s] -- Installing: /home/ubuntu/SSLRasp/install/message_info/lib/python3.8/site-packages/message_info/msg/_info_s.c
[104.509s] -- Installing: /home/ubuntu/SSLRasp/install/message_info/lib/python3.8/site-packages/message_info/msg/_referee_team_info.py
[104.511s] -- Installing: /home/ubuntu/SSLRasp/install/message_info/lib/python3.8/site-packages/message_info/msg/_field_line_segment_s.c
[104.512s] -- Installing: /home/ubuntu/SSLRasp/install/message_info/lib/python3.8/site-packages/message_info/msg/_goal_info_s.c
[104.512s] -- Installing: /home/ubuntu/SSLRasp/install/message_info/lib/python3.8/site-packages/message_info/msg/_ball_info_s.c
[104.513s] -- Installing: /home/ubuntu/SSLRasp/install/message_info/lib/python3.8/site-packages/message_info/msg/_referee_team_info_s.c
[104.514s] -- Installing: /home/ubuntu/SSLRasp/install/message_info/lib/python3.8/site-packages/message_info/msg/_vision_detections.py
[104.515s] -- Installing: /home/ubuntu/SSLRasp/install/message_info/lib/python3.8/site-packages/message_info/msg/_goal_info.py
[104.516s] -- Installing: /home/ubuntu/SSLRasp/install/message_info/lib/python3.8/site-packages/message_info/msg/_referee_s.c
[104.517s] -- Installing: /home/ubuntu/SSLRasp/install/message_info/lib/python3.8/site-packages/message_info/msg/_role.py
[104.518s] -- Installing: /home/ubuntu/SSLRasp/install/message_info/lib/python3.8/site-packages/message_info/msg/_test_s.c
[104.520s] -- Installing: /home/ubuntu/SSLRasp/install/message_info/lib/python3.8/site-packages/message_info/message_info_s__rosidl_typesupport_fastrtps_c.cpython-38-aarch64-linux-gnu.so
[104.523s] -- Set runtime path of "/home/ubuntu/SSLRasp/install/message_info/lib/python3.8/site-packages/message_info/message_info_s__rosidl_typesupport_fastrtps_c.cpython-38-aarch64-linux-gnu.so" to ""
[104.524s] -- Installing: /home/ubuntu/SSLRasp/install/message_info/lib/python3.8/site-packages/message_info/message_info_s__rosidl_typesupport_introspection_c.cpython-38-aarch64-linux-gnu.so
[104.528s] -- Set runtime path of "/home/ubuntu/SSLRasp/install/message_info/lib/python3.8/site-packages/message_info/message_info_s__rosidl_typesupport_introspection_c.cpython-38-aarch64-linux-gnu.so" to ""
[104.529s] -- Installing: /home/ubuntu/SSLRasp/install/message_info/lib/python3.8/site-packages/message_info/message_info_s__rosidl_typesupport_c.cpython-38-aarch64-linux-gnu.so
[104.532s] -- Set runtime path of "/home/ubuntu/SSLRasp/install/message_info/lib/python3.8/site-packages/message_info/message_info_s__rosidl_typesupport_c.cpython-38-aarch64-linux-gnu.so" to ""
[104.533s] -- Installing: /home/ubuntu/SSLRasp/install/message_info/lib/libmessage_info__python.so
[104.536s] -- Set runtime path of "/home/ubuntu/SSLRasp/install/message_info/lib/libmessage_info__python.so" to ""
[104.537s] -- Installing: /home/ubuntu/SSLRasp/install/message_info/share/message_info/msg/RefereeGameEvent.idl
[104.538s] -- Installing: /home/ubuntu/SSLRasp/install/message_info/share/message_info/msg/RefereeTeamInfo.idl
[104.539s] -- Installing: /home/ubuntu/SSLRasp/install/message_info/share/message_info/msg/Referee.idl
[104.540s] -- Installing: /home/ubuntu/SSLRasp/install/message_info/share/message_info/msg/FieldCircularArc.idl
[104.542s] -- Installing: /home/ubuntu/SSLRasp/install/message_info/share/message_info/msg/FieldLineSegment.idl
[104.543s] -- Installing: /home/ubuntu/SSLRasp/install/message_info/share/message_info/msg/VisionGeometry.idl
[104.544s] -- Installing: /home/ubuntu/SSLRasp/install/message_info/share/message_info/msg/DetectionBall.idl
[104.545s] -- Installing: /home/ubuntu/SSLRasp/install/message_info/share/message_info/msg/DetectionRobot.idl
[104.546s] -- Installing: /home/ubuntu/SSLRasp/install/message_info/share/message_info/msg/DetectionFrame.idl
[104.547s] -- Installing: /home/ubuntu/SSLRasp/install/message_info/share/message_info/msg/VisionDetections.idl
[104.549s] -- Installing: /home/ubuntu/SSLRasp/install/message_info/share/message_info/msg/RobotCommand.idl
[104.550s] -- Installing: /home/ubuntu/SSLRasp/install/message_info/share/message_info/msg/RobotCommands.idl
[104.551s] -- Installing: /home/ubuntu/SSLRasp/install/message_info/share/message_info/msg/Test.idl
[104.552s] -- Installing: /home/ubuntu/SSLRasp/install/message_info/share/message_info/msg/BallInfo.idl
[104.553s] -- Installing: /home/ubuntu/SSLRasp/install/message_info/share/message_info/msg/GoalInfo.idl
[104.554s] -- Installing: /home/ubuntu/SSLRasp/install/message_info/share/message_info/msg/Role.idl
[104.555s] -- Installing: /home/ubuntu/SSLRasp/install/message_info/share/message_info/msg/Attacker.idl
[104.557s] -- Installing: /home/ubuntu/SSLRasp/install/message_info/share/message_info/msg/Goalie.idl
[104.558s] -- Installing: /home/ubuntu/SSLRasp/install/message_info/share/message_info/msg/Info.idl
[104.559s] -- Installing: /home/ubuntu/SSLRasp/install/message_info/share/message_info/msg/RefereeGameEvent.msg
[104.560s] -- Installing: /home/ubuntu/SSLRasp/install/message_info/share/message_info/msg/RefereeTeamInfo.msg
[104.561s] -- Installing: /home/ubuntu/SSLRasp/install/message_info/share/message_info/msg/Referee.msg
[104.562s] -- Installing: /home/ubuntu/SSLRasp/install/message_info/share/message_info/msg/FieldCircularArc.msg
[104.563s] -- Installing: /home/ubuntu/SSLRasp/install/message_info/share/message_info/msg/FieldLineSegment.msg
[104.564s] -- Installing: /home/ubuntu/SSLRasp/install/message_info/share/message_info/msg/VisionGeometry.msg
[104.565s] -- Installing: /home/ubuntu/SSLRasp/install/message_info/share/message_info/msg/DetectionBall.msg
[104.567s] -- Installing: /home/ubuntu/SSLRasp/install/message_info/share/message_info/msg/DetectionRobot.msg
[104.568s] -- Installing: /home/ubuntu/SSLRasp/install/message_info/share/message_info/msg/DetectionFrame.msg
[104.569s] -- Installing: /home/ubuntu/SSLRasp/install/message_info/share/message_info/msg/VisionDetections.msg
[104.570s] -- Installing: /home/ubuntu/SSLRasp/install/message_info/share/message_info/msg/RobotCommand.msg
[104.571s] -- Installing: /home/ubuntu/SSLRasp/install/message_info/share/message_info/msg/RobotCommands.msg
[104.572s] -- Installing: /home/ubuntu/SSLRasp/install/message_info/share/message_info/msg/Test.msg
[104.573s] -- Installing: /home/ubuntu/SSLRasp/install/message_info/share/message_info/msg/BallInfo.msg
[104.574s] -- Installing: /home/ubuntu/SSLRasp/install/message_info/share/message_info/msg/GoalInfo.msg
[104.575s] -- Installing: /home/ubuntu/SSLRasp/install/message_info/share/message_info/msg/Role.msg
[104.576s] -- Installing: /home/ubuntu/SSLRasp/install/message_info/share/message_info/msg/Attacker.msg
[104.578s] -- Installing: /home/ubuntu/SSLRasp/install/message_info/share/message_info/msg/Goalie.msg
[104.579s] -- Installing: /home/ubuntu/SSLRasp/install/message_info/share/message_info/msg/Info.msg
[104.580s] -- Installing: /home/ubuntu/SSLRasp/install/message_info/share/ament_index/resource_index/package_run_dependencies/message_info
[104.582s] -- Installing: /home/ubuntu/SSLRasp/install/message_info/share/ament_index/resource_index/parent_prefix_path/message_info
[104.583s] -- Installing: /home/ubuntu/SSLRasp/install/message_info/share/message_info/environment/ament_prefix_path.sh
[104.584s] -- Installing: /home/ubuntu/SSLRasp/install/message_info/share/message_info/environment/ament_prefix_path.dsv
[104.586s] -- Installing: /home/ubuntu/SSLRasp/install/message_info/share/message_info/environment/path.sh
[104.587s] -- Installing: /home/ubuntu/SSLRasp/install/message_info/share/message_info/environment/path.dsv
[104.594s] -- Installing: /home/ubuntu/SSLRasp/install/message_info/share/message_info/local_setup.bash
[104.596s] -- Installing: /home/ubuntu/SSLRasp/install/message_info/share/message_info/local_setup.sh
[104.597s] -- Installing: /home/ubuntu/SSLRasp/install/message_info/share/message_info/local_setup.zsh
[104.598s] -- Installing: /home/ubuntu/SSLRasp/install/message_info/share/message_info/local_setup.dsv
[104.600s] -- Installing: /home/ubuntu/SSLRasp/install/message_info/share/message_info/package.dsv
[104.602s] -- Installing: /home/ubuntu/SSLRasp/install/message_info/share/ament_index/resource_index/packages/message_info
[104.603s] -- Installing: /home/ubuntu/SSLRasp/install/message_info/share/message_info/cmake/message_info__rosidl_generator_cExport.cmake
[104.605s] -- Installing: /home/ubuntu/SSLRasp/install/message_info/share/message_info/cmake/message_info__rosidl_generator_cExport-noconfig.cmake
[104.607s] -- Installing: /home/ubuntu/SSLRasp/install/message_info/share/message_info/cmake/message_info__rosidl_typesupport_introspection_cExport.cmake
[104.608s] -- Installing: /home/ubuntu/SSLRasp/install/message_info/share/message_info/cmake/message_info__rosidl_typesupport_introspection_cExport-noconfig.cmake
[104.610s] -- Installing: /home/ubuntu/SSLRasp/install/message_info/share/message_info/cmake/message_info__rosidl_typesupport_cExport.cmake
[104.611s] -- Installing: /home/ubuntu/SSLRasp/install/message_info/share/message_info/cmake/message_info__rosidl_typesupport_cExport-noconfig.cmake
[104.613s] -- Installing: /home/ubuntu/SSLRasp/install/message_info/share/message_info/cmake/message_info__rosidl_generator_cppExport.cmake
[104.615s] -- Installing: /home/ubuntu/SSLRasp/install/message_info/share/message_info/cmake/message_info__rosidl_typesupport_introspection_cppExport.cmake
[104.616s] -- Installing: /home/ubuntu/SSLRasp/install/message_info/share/message_info/cmake/message_info__rosidl_typesupport_introspection_cppExport-noconfig.cmake
[104.618s] -- Installing: /home/ubuntu/SSLRasp/install/message_info/share/message_info/cmake/message_info__rosidl_typesupport_cppExport.cmake
[104.620s] -- Installing: /home/ubuntu/SSLRasp/install/message_info/share/message_info/cmake/message_info__rosidl_typesupport_cppExport-noconfig.cmake
[104.621s] -- Installing: /home/ubuntu/SSLRasp/install/message_info/share/message_info/cmake/rosidl_cmake-extras.cmake
[104.622s] -- Installing: /home/ubuntu/SSLRasp/install/message_info/share/message_info/cmake/ament_cmake_export_dependencies-extras.cmake
[104.623s] -- Installing: /home/ubuntu/SSLRasp/install/message_info/share/message_info/cmake/ament_cmake_export_libraries-extras.cmake
[104.625s] -- Installing: /home/ubuntu/SSLRasp/install/message_info/share/message_info/cmake/ament_cmake_export_targets-extras.cmake
[104.626s] -- Installing: /home/ubuntu/SSLRasp/install/message_info/share/message_info/cmake/ament_cmake_export_include_directories-extras.cmake
[104.627s] -- Installing: /home/ubuntu/SSLRasp/install/message_info/share/message_info/cmake/rosidl_cmake_export_typesupport_libraries-extras.cmake
[104.629s] -- Installing: /home/ubuntu/SSLRasp/install/message_info/share/message_info/cmake/rosidl_cmake_export_typesupport_targets-extras.cmake
[104.630s] -- Installing: /home/ubuntu/SSLRasp/install/message_info/share/message_info/cmake/message_infoConfig.cmake
[104.631s] -- Installing: /home/ubuntu/SSLRasp/install/message_info/share/message_info/cmake/message_infoConfig-version.cmake
[104.632s] -- Installing: /home/ubuntu/SSLRasp/install/message_info/share/message_info/package.xml
[104.644s] Invoked command in '/home/ubuntu/SSLRasp/build/message_info' returned '0': CMAKE_PREFIX_PATH=${CMAKE_PREFIX_PATH}:/home/ubuntu/SSLRasp/install/rasp:/opt/ros/foxy /usr/bin/cmake --install /home/ubuntu/SSLRasp/build/message_info
