[0.024s] Invoking command in '/home/rionessl/SSLRasp/build/message_info': CMAKE_PREFIX_PATH=${CMAKE_PREFIX_PATH}:/home/rionessl/SSLRasp/install/rasp:/home/rionessl/RiAI/install/real_sender:/opt/ros/foxy /usr/bin/cmake --build /home/rionessl/SSLRasp/build/message_info -- -j8 -l8
[0.103s] [  0%] Built target message_info__cpp
[0.111s] [ 12%] Built target message_info__rosidl_generator_c
[0.142s] [ 24%] Built target message_info__rosidl_typesupport_introspection_cpp
[0.144s] [ 47%] Built target message_info__rosidl_typesupport_c
[0.144s] [ 48%] Built target message_info__rosidl_typesupport_cpp
[0.146s] [ 60%] Built target message_info__rosidl_typesupport_fastrtps_cpp
[0.154s] [ 72%] Built target message_info__rosidl_typesupport_introspection_c
[0.189s] [ 84%] Built target message_info__rosidl_typesupport_fastrtps_c
[0.219s] [ 84%] Built target message_info
[0.248s] [ 85%] Built target message_info__py
[0.303s] [ 96%] Built target message_info__python
[0.329s] [ 98%] Built target message_info__rosidl_typesupport_introspection_c__pyext
[0.332s] [ 99%] Built target message_info__rosidl_typesupport_c__pyext
[0.334s] [100%] Built target message_info__rosidl_typesupport_fastrtps_c__pyext
[0.350s] Invoked command in '/home/rionessl/SSLRasp/build/message_info' returned '0': CMAKE_PREFIX_PATH=${CMAKE_PREFIX_PATH}:/home/rionessl/SSLRasp/install/rasp:/home/rionessl/RiAI/install/real_sender:/opt/ros/foxy /usr/bin/cmake --build /home/rionessl/SSLRasp/build/message_info -- -j8 -l8
[0.629s] Invoking command in '/home/rionessl/SSLRasp/build/message_info': CMAKE_PREFIX_PATH=${CMAKE_PREFIX_PATH}:/home/rionessl/SSLRasp/install/rasp:/home/rionessl/RiAI/install/real_sender:/opt/ros/foxy /usr/bin/cmake --install /home/rionessl/SSLRasp/build/message_info
[0.637s] -- Install configuration: ""
[0.637s] -- Up-to-date: /home/rionessl/SSLRasp/install/message_info/share/ament_index/resource_index/rosidl_interfaces/message_info
[0.637s] -- Up-to-date: /home/rionessl/SSLRasp/install/message_info/include/message_info
[0.638s] -- Up-to-date: /home/rionessl/SSLRasp/install/message_info/include/message_info/msg
[0.638s] -- Up-to-date: /home/rionessl/SSLRasp/install/message_info/include/message_info/msg/info.h
[0.638s] -- Up-to-date: /home/rionessl/SSLRasp/install/message_info/include/message_info/msg/vision_detections.h
[0.639s] -- Up-to-date: /home/rionessl/SSLRasp/install/message_info/include/message_info/msg/field_line_segment.h
[0.639s] -- Up-to-date: /home/rionessl/SSLRasp/install/message_info/include/message_info/msg/detail
[0.639s] -- Up-to-date: /home/rionessl/SSLRasp/install/message_info/include/message_info/msg/detail/vision_detections__struct.h
[0.640s] -- Up-to-date: /home/rionessl/SSLRasp/install/message_info/include/message_info/msg/detail/robot_commands__struct.h
[0.640s] -- Up-to-date: /home/rionessl/SSLRasp/install/message_info/include/message_info/msg/detail/goal_info__functions.h
[0.640s] -- Up-to-date: /home/rionessl/SSLRasp/install/message_info/include/message_info/msg/detail/test__struct.h
[0.640s] -- Up-to-date: /home/rionessl/SSLRasp/install/message_info/include/message_info/msg/detail/detection_ball__type_support.h
[0.640s] -- Up-to-date: /home/rionessl/SSLRasp/install/message_info/include/message_info/msg/detail/detection_robot__type_support.h
[0.640s] -- Up-to-date: /home/rionessl/SSLRasp/install/message_info/include/message_info/msg/detail/goalie__functions.c
[0.640s] -- Up-to-date: /home/rionessl/SSLRasp/install/message_info/include/message_info/msg/detail/goalie__struct.h
[0.641s] -- Up-to-date: /home/rionessl/SSLRasp/install/message_info/include/message_info/msg/detail/attacker__functions.h
[0.641s] -- Up-to-date: /home/rionessl/SSLRasp/install/message_info/include/message_info/msg/detail/detection_robot__functions.h
[0.641s] -- Up-to-date: /home/rionessl/SSLRasp/install/message_info/include/message_info/msg/detail/referee_team_info__functions.h
[0.641s] -- Up-to-date: /home/rionessl/SSLRasp/install/message_info/include/message_info/msg/detail/role__functions.h
[0.641s] -- Up-to-date: /home/rionessl/SSLRasp/install/message_info/include/message_info/msg/detail/referee_team_info__functions.c
[0.641s] -- Up-to-date: /home/rionessl/SSLRasp/install/message_info/include/message_info/msg/detail/field_circular_arc__functions.c
[0.642s] -- Up-to-date: /home/rionessl/SSLRasp/install/message_info/include/message_info/msg/detail/goalie__type_support.h
[0.642s] -- Up-to-date: /home/rionessl/SSLRasp/install/message_info/include/message_info/msg/detail/vision_geometry__functions.c
[0.642s] -- Up-to-date: /home/rionessl/SSLRasp/install/message_info/include/message_info/msg/detail/field_circular_arc__struct.h
[0.642s] -- Up-to-date: /home/rionessl/SSLRasp/install/message_info/include/message_info/msg/detail/field_circular_arc__type_support.h
[0.642s] -- Up-to-date: /home/rionessl/SSLRasp/install/message_info/include/message_info/msg/detail/field_line_segment__struct.h
[0.643s] -- Up-to-date: /home/rionessl/SSLRasp/install/message_info/include/message_info/msg/detail/ball_info__functions.h
[0.643s] -- Up-to-date: /home/rionessl/SSLRasp/install/message_info/include/message_info/msg/detail/detection_frame__functions.h
[0.643s] -- Up-to-date: /home/rionessl/SSLRasp/install/message_info/include/message_info/msg/detail/test__type_support.h
[0.643s] -- Up-to-date: /home/rionessl/SSLRasp/install/message_info/include/message_info/msg/detail/robot_command__functions.h
[0.643s] -- Up-to-date: /home/rionessl/SSLRasp/install/message_info/include/message_info/msg/detail/detection_robot__struct.h
[0.643s] -- Up-to-date: /home/rionessl/SSLRasp/install/message_info/include/message_info/msg/detail/detection_ball__struct.h
[0.643s] -- Up-to-date: /home/rionessl/SSLRasp/install/message_info/include/message_info/msg/detail/role__struct.h
[0.643s] -- Up-to-date: /home/rionessl/SSLRasp/install/message_info/include/message_info/msg/detail/vision_geometry__functions.h
[0.644s] -- Up-to-date: /home/rionessl/SSLRasp/install/message_info/include/message_info/msg/detail/field_line_segment__type_support.h
[0.644s] -- Up-to-date: /home/rionessl/SSLRasp/install/message_info/include/message_info/msg/detail/referee_game_event__struct.h
[0.644s] -- Up-to-date: /home/rionessl/SSLRasp/install/message_info/include/message_info/msg/detail/detection_ball__functions.h
[0.644s] -- Up-to-date: /home/rionessl/SSLRasp/install/message_info/include/message_info/msg/detail/referee__functions.h
[0.644s] -- Up-to-date: /home/rionessl/SSLRasp/install/message_info/include/message_info/msg/detail/field_circular_arc__functions.h
[0.644s] -- Up-to-date: /home/rionessl/SSLRasp/install/message_info/include/message_info/msg/detail/attacker__struct.h
[0.645s] -- Up-to-date: /home/rionessl/SSLRasp/install/message_info/include/message_info/msg/detail/detection_robot__functions.c
[0.645s] -- Up-to-date: /home/rionessl/SSLRasp/install/message_info/include/message_info/msg/detail/info__functions.h
[0.645s] -- Up-to-date: /home/rionessl/SSLRasp/install/message_info/include/message_info/msg/detail/referee_game_event__functions.c
[0.645s] -- Up-to-date: /home/rionessl/SSLRasp/install/message_info/include/message_info/msg/detail/attacker__functions.c
[0.645s] -- Up-to-date: /home/rionessl/SSLRasp/install/message_info/include/message_info/msg/detail/info__struct.h
[0.645s] -- Up-to-date: /home/rionessl/SSLRasp/install/message_info/include/message_info/msg/detail/vision_detections__functions.c
[0.645s] -- Up-to-date: /home/rionessl/SSLRasp/install/message_info/include/message_info/msg/detail/field_line_segment__functions.c
[0.645s] -- Up-to-date: /home/rionessl/SSLRasp/install/message_info/include/message_info/msg/detail/attacker__type_support.h
[0.645s] -- Up-to-date: /home/rionessl/SSLRasp/install/message_info/include/message_info/msg/detail/role__functions.c
[0.645s] -- Up-to-date: /home/rionessl/SSLRasp/install/message_info/include/message_info/msg/detail/goal_info__struct.h
[0.645s] -- Up-to-date: /home/rionessl/SSLRasp/install/message_info/include/message_info/msg/detail/info__type_support.h
[0.646s] -- Up-to-date: /home/rionessl/SSLRasp/install/message_info/include/message_info/msg/detail/referee_game_event__type_support.h
[0.646s] -- Up-to-date: /home/rionessl/SSLRasp/install/message_info/include/message_info/msg/detail/ball_info__struct.h
[0.646s] -- Up-to-date: /home/rionessl/SSLRasp/install/message_info/include/message_info/msg/detail/referee_game_event__functions.h
[0.646s] -- Up-to-date: /home/rionessl/SSLRasp/install/message_info/include/message_info/msg/detail/detection_ball__functions.c
[0.646s] -- Up-to-date: /home/rionessl/SSLRasp/install/message_info/include/message_info/msg/detail/robot_command__type_support.h
[0.646s] -- Up-to-date: /home/rionessl/SSLRasp/install/message_info/include/message_info/msg/detail/vision_detections__type_support.h
[0.647s] -- Up-to-date: /home/rionessl/SSLRasp/install/message_info/include/message_info/msg/detail/goal_info__type_support.h
[0.647s] -- Up-to-date: /home/rionessl/SSLRasp/install/message_info/include/message_info/msg/detail/robot_commands__type_support.h
[0.647s] -- Up-to-date: /home/rionessl/SSLRasp/install/message_info/include/message_info/msg/detail/detection_frame__type_support.h
[0.647s] -- Up-to-date: /home/rionessl/SSLRasp/install/message_info/include/message_info/msg/detail/role__type_support.h
[0.647s] -- Up-to-date: /home/rionessl/SSLRasp/install/message_info/include/message_info/msg/detail/detection_frame__functions.c
[0.647s] -- Up-to-date: /home/rionessl/SSLRasp/install/message_info/include/message_info/msg/detail/referee__type_support.h
[0.647s] -- Up-to-date: /home/rionessl/SSLRasp/install/message_info/include/message_info/msg/detail/test__functions.c
[0.647s] -- Up-to-date: /home/rionessl/SSLRasp/install/message_info/include/message_info/msg/detail/vision_detections__functions.h
[0.648s] -- Up-to-date: /home/rionessl/SSLRasp/install/message_info/include/message_info/msg/detail/goalie__functions.h
[0.648s] -- Up-to-date: /home/rionessl/SSLRasp/install/message_info/include/message_info/msg/detail/robot_command__struct.h
[0.648s] -- Up-to-date: /home/rionessl/SSLRasp/install/message_info/include/message_info/msg/detail/field_line_segment__functions.h
[0.648s] -- Up-to-date: /home/rionessl/SSLRasp/install/message_info/include/message_info/msg/detail/referee__struct.h
[0.648s] -- Up-to-date: /home/rionessl/SSLRasp/install/message_info/include/message_info/msg/detail/referee_team_info__struct.h
[0.648s] -- Up-to-date: /home/rionessl/SSLRasp/install/message_info/include/message_info/msg/detail/ball_info__functions.c
[0.648s] -- Up-to-date: /home/rionessl/SSLRasp/install/message_info/include/message_info/msg/detail/referee__functions.c
[0.648s] -- Up-to-date: /home/rionessl/SSLRasp/install/message_info/include/message_info/msg/detail/detection_frame__struct.h
[0.648s] -- Up-to-date: /home/rionessl/SSLRasp/install/message_info/include/message_info/msg/detail/robot_command__functions.c
[0.648s] -- Up-to-date: /home/rionessl/SSLRasp/install/message_info/include/message_info/msg/detail/test__functions.h
[0.648s] -- Up-to-date: /home/rionessl/SSLRasp/install/message_info/include/message_info/msg/detail/info__functions.c
[0.648s] -- Up-to-date: /home/rionessl/SSLRasp/install/message_info/include/message_info/msg/detail/goal_info__functions.c
[0.648s] -- Up-to-date: /home/rionessl/SSLRasp/install/message_info/include/message_info/msg/detail/vision_geometry__type_support.h
[0.648s] -- Up-to-date: /home/rionessl/SSLRasp/install/message_info/include/message_info/msg/detail/robot_commands__functions.h
[0.649s] -- Up-to-date: /home/rionessl/SSLRasp/install/message_info/include/message_info/msg/detail/robot_commands__functions.c
[0.649s] -- Up-to-date: /home/rionessl/SSLRasp/install/message_info/include/message_info/msg/detail/vision_geometry__struct.h
[0.649s] -- Up-to-date: /home/rionessl/SSLRasp/install/message_info/include/message_info/msg/detail/ball_info__type_support.h
[0.649s] -- Up-to-date: /home/rionessl/SSLRasp/install/message_info/include/message_info/msg/detail/referee_team_info__type_support.h
[0.649s] -- Up-to-date: /home/rionessl/SSLRasp/install/message_info/include/message_info/msg/robot_commands.h
[0.649s] -- Up-to-date: /home/rionessl/SSLRasp/install/message_info/include/message_info/msg/detection_robot.h
[0.649s] -- Up-to-date: /home/rionessl/SSLRasp/install/message_info/include/message_info/msg/goalie.h
[0.649s] -- Up-to-date: /home/rionessl/SSLRasp/install/message_info/include/message_info/msg/test.h
[0.649s] -- Up-to-date: /home/rionessl/SSLRasp/install/message_info/include/message_info/msg/detection_ball.h
[0.649s] -- Up-to-date: /home/rionessl/SSLRasp/install/message_info/include/message_info/msg/detection_frame.h
[0.649s] -- Up-to-date: /home/rionessl/SSLRasp/install/message_info/include/message_info/msg/role.h
[0.649s] -- Up-to-date: /home/rionessl/SSLRasp/install/message_info/include/message_info/msg/rosidl_generator_c__visibility_control.h
[0.649s] -- Up-to-date: /home/rionessl/SSLRasp/install/message_info/include/message_info/msg/ball_info.h
[0.650s] -- Up-to-date: /home/rionessl/SSLRasp/install/message_info/include/message_info/msg/referee_team_info.h
[0.650s] -- Up-to-date: /home/rionessl/SSLRasp/install/message_info/include/message_info/msg/field_circular_arc.h
[0.650s] -- Up-to-date: /home/rionessl/SSLRasp/install/message_info/include/message_info/msg/attacker.h
[0.650s] -- Up-to-date: /home/rionessl/SSLRasp/install/message_info/include/message_info/msg/robot_command.h
[0.650s] -- Up-to-date: /home/rionessl/SSLRasp/install/message_info/include/message_info/msg/referee.h
[0.650s] -- Up-to-date: /home/rionessl/SSLRasp/install/message_info/include/message_info/msg/referee_game_event.h
[0.650s] -- Up-to-date: /home/rionessl/SSLRasp/install/message_info/include/message_info/msg/vision_geometry.h
[0.650s] -- Up-to-date: /home/rionessl/SSLRasp/install/message_info/include/message_info/msg/goal_info.h
[0.650s] -- Up-to-date: /home/rionessl/SSLRasp/install/message_info/share/message_info/environment/library_path.sh
[0.650s] -- Up-to-date: /home/rionessl/SSLRasp/install/message_info/share/message_info/environment/library_path.dsv
[0.650s] -- Up-to-date: /home/rionessl/SSLRasp/install/message_info/lib/libmessage_info__rosidl_generator_c.so
[0.650s] -- Up-to-date: /home/rionessl/SSLRasp/install/message_info/include/message_info
[0.650s] -- Up-to-date: /home/rionessl/SSLRasp/install/message_info/include/message_info/msg
[0.650s] -- Up-to-date: /home/rionessl/SSLRasp/install/message_info/include/message_info/msg/detail
[0.651s] -- Up-to-date: /home/rionessl/SSLRasp/install/message_info/include/message_info/msg/detail/detection_robot__rosidl_typesupport_fastrtps_c.h
[0.651s] -- Up-to-date: /home/rionessl/SSLRasp/install/message_info/include/message_info/msg/detail/goal_info__rosidl_typesupport_fastrtps_c.h
[0.651s] -- Up-to-date: /home/rionessl/SSLRasp/install/message_info/include/message_info/msg/detail/vision_geometry__rosidl_typesupport_fastrtps_c.h
[0.651s] -- Up-to-date: /home/rionessl/SSLRasp/install/message_info/include/message_info/msg/detail/vision_detections__rosidl_typesupport_fastrtps_c.h
[0.651s] -- Up-to-date: /home/rionessl/SSLRasp/install/message_info/include/message_info/msg/detail/detection_ball__rosidl_typesupport_fastrtps_c.h
[0.651s] -- Up-to-date: /home/rionessl/SSLRasp/install/message_info/include/message_info/msg/detail/test__rosidl_typesupport_fastrtps_c.h
[0.651s] -- Up-to-date: /home/rionessl/SSLRasp/install/message_info/include/message_info/msg/detail/referee__rosidl_typesupport_fastrtps_c.h
[0.651s] -- Up-to-date: /home/rionessl/SSLRasp/install/message_info/include/message_info/msg/detail/ball_info__rosidl_typesupport_fastrtps_c.h
[0.651s] -- Up-to-date: /home/rionessl/SSLRasp/install/message_info/include/message_info/msg/detail/attacker__rosidl_typesupport_fastrtps_c.h
[0.651s] -- Up-to-date: /home/rionessl/SSLRasp/install/message_info/include/message_info/msg/detail/goalie__rosidl_typesupport_fastrtps_c.h
[0.651s] -- Up-to-date: /home/rionessl/SSLRasp/install/message_info/include/message_info/msg/detail/field_circular_arc__rosidl_typesupport_fastrtps_c.h
[0.651s] -- Up-to-date: /home/rionessl/SSLRasp/install/message_info/include/message_info/msg/detail/robot_commands__rosidl_typesupport_fastrtps_c.h
[0.651s] -- Up-to-date: /home/rionessl/SSLRasp/install/message_info/include/message_info/msg/detail/robot_command__rosidl_typesupport_fastrtps_c.h
[0.651s] -- Up-to-date: /home/rionessl/SSLRasp/install/message_info/include/message_info/msg/detail/detection_frame__rosidl_typesupport_fastrtps_c.h
[0.652s] -- Up-to-date: /home/rionessl/SSLRasp/install/message_info/include/message_info/msg/detail/info__rosidl_typesupport_fastrtps_c.h
[0.652s] -- Up-to-date: /home/rionessl/SSLRasp/install/message_info/include/message_info/msg/detail/role__rosidl_typesupport_fastrtps_c.h
[0.652s] -- Up-to-date: /home/rionessl/SSLRasp/install/message_info/include/message_info/msg/detail/referee_game_event__rosidl_typesupport_fastrtps_c.h
[0.652s] -- Up-to-date: /home/rionessl/SSLRasp/install/message_info/include/message_info/msg/detail/referee_team_info__rosidl_typesupport_fastrtps_c.h
[0.652s] -- Up-to-date: /home/rionessl/SSLRasp/install/message_info/include/message_info/msg/detail/field_line_segment__rosidl_typesupport_fastrtps_c.h
[0.652s] -- Up-to-date: /home/rionessl/SSLRasp/install/message_info/include/message_info/msg/rosidl_typesupport_fastrtps_c__visibility_control.h
[0.652s] -- Up-to-date: /home/rionessl/SSLRasp/install/message_info/lib/libmessage_info__rosidl_typesupport_fastrtps_c.so
[0.652s] -- Up-to-date: /home/rionessl/SSLRasp/install/message_info/include/message_info
[0.652s] -- Up-to-date: /home/rionessl/SSLRasp/install/message_info/include/message_info/msg
[0.652s] -- Up-to-date: /home/rionessl/SSLRasp/install/message_info/include/message_info/msg/detail
[0.652s] -- Up-to-date: /home/rionessl/SSLRasp/install/message_info/include/message_info/msg/detail/goalie__rosidl_typesupport_fastrtps_cpp.hpp
[0.652s] -- Up-to-date: /home/rionessl/SSLRasp/install/message_info/include/message_info/msg/detail/referee_game_event__rosidl_typesupport_fastrtps_cpp.hpp
[0.652s] -- Up-to-date: /home/rionessl/SSLRasp/install/message_info/include/message_info/msg/detail/goal_info__rosidl_typesupport_fastrtps_cpp.hpp
[0.652s] -- Up-to-date: /home/rionessl/SSLRasp/install/message_info/include/message_info/msg/detail/detection_frame__rosidl_typesupport_fastrtps_cpp.hpp
[0.652s] -- Up-to-date: /home/rionessl/SSLRasp/install/message_info/include/message_info/msg/detail/referee_team_info__rosidl_typesupport_fastrtps_cpp.hpp
[0.653s] -- Up-to-date: /home/rionessl/SSLRasp/install/message_info/include/message_info/msg/detail/role__rosidl_typesupport_fastrtps_cpp.hpp
[0.653s] -- Up-to-date: /home/rionessl/SSLRasp/install/message_info/include/message_info/msg/detail/robot_command__rosidl_typesupport_fastrtps_cpp.hpp
[0.653s] -- Up-to-date: /home/rionessl/SSLRasp/install/message_info/include/message_info/msg/detail/field_circular_arc__rosidl_typesupport_fastrtps_cpp.hpp
[0.653s] -- Up-to-date: /home/rionessl/SSLRasp/install/message_info/include/message_info/msg/detail/test__rosidl_typesupport_fastrtps_cpp.hpp
[0.653s] -- Up-to-date: /home/rionessl/SSLRasp/install/message_info/include/message_info/msg/detail/referee__rosidl_typesupport_fastrtps_cpp.hpp
[0.653s] -- Up-to-date: /home/rionessl/SSLRasp/install/message_info/include/message_info/msg/detail/dds_fastrtps
[0.653s] -- Up-to-date: /home/rionessl/SSLRasp/install/message_info/include/message_info/msg/detail/vision_geometry__rosidl_typesupport_fastrtps_cpp.hpp
[0.653s] -- Up-to-date: /home/rionessl/SSLRasp/install/message_info/include/message_info/msg/detail/field_line_segment__rosidl_typesupport_fastrtps_cpp.hpp
[0.653s] -- Up-to-date: /home/rionessl/SSLRasp/install/message_info/include/message_info/msg/detail/ball_info__rosidl_typesupport_fastrtps_cpp.hpp
[0.653s] -- Up-to-date: /home/rionessl/SSLRasp/install/message_info/include/message_info/msg/detail/robot_commands__rosidl_typesupport_fastrtps_cpp.hpp
[0.653s] -- Up-to-date: /home/rionessl/SSLRasp/install/message_info/include/message_info/msg/detail/info__rosidl_typesupport_fastrtps_cpp.hpp
[0.653s] -- Up-to-date: /home/rionessl/SSLRasp/install/message_info/include/message_info/msg/detail/attacker__rosidl_typesupport_fastrtps_cpp.hpp
[0.653s] -- Up-to-date: /home/rionessl/SSLRasp/install/message_info/include/message_info/msg/detail/detection_ball__rosidl_typesupport_fastrtps_cpp.hpp
[0.653s] -- Up-to-date: /home/rionessl/SSLRasp/install/message_info/include/message_info/msg/detail/detection_robot__rosidl_typesupport_fastrtps_cpp.hpp
[0.653s] -- Up-to-date: /home/rionessl/SSLRasp/install/message_info/include/message_info/msg/detail/vision_detections__rosidl_typesupport_fastrtps_cpp.hpp
[0.654s] -- Up-to-date: /home/rionessl/SSLRasp/install/message_info/include/message_info/msg/rosidl_typesupport_fastrtps_cpp__visibility_control.h
[0.654s] -- Up-to-date: /home/rionessl/SSLRasp/install/message_info/lib/libmessage_info__rosidl_typesupport_fastrtps_cpp.so
[0.654s] -- Up-to-date: /home/rionessl/SSLRasp/install/message_info/include/message_info
[0.654s] -- Up-to-date: /home/rionessl/SSLRasp/install/message_info/include/message_info/msg
[0.654s] -- Up-to-date: /home/rionessl/SSLRasp/install/message_info/include/message_info/msg/detail
[0.654s] -- Up-to-date: /home/rionessl/SSLRasp/install/message_info/include/message_info/msg/detail/robot_commands__rosidl_typesupport_introspection_c.h
[0.654s] -- Up-to-date: /home/rionessl/SSLRasp/install/message_info/include/message_info/msg/detail/vision_detections__type_support.c
[0.654s] -- Up-to-date: /home/rionessl/SSLRasp/install/message_info/include/message_info/msg/detail/field_circular_arc__type_support.c
[0.654s] -- Up-to-date: /home/rionessl/SSLRasp/install/message_info/include/message_info/msg/detail/attacker__type_support.c
[0.654s] -- Up-to-date: /home/rionessl/SSLRasp/install/message_info/include/message_info/msg/detail/vision_geometry__type_support.c
[0.654s] -- Up-to-date: /home/rionessl/SSLRasp/install/message_info/include/message_info/msg/detail/goalie__rosidl_typesupport_introspection_c.h
[0.654s] -- Up-to-date: /home/rionessl/SSLRasp/install/message_info/include/message_info/msg/detail/detection_ball__rosidl_typesupport_introspection_c.h
[0.654s] -- Up-to-date: /home/rionessl/SSLRasp/install/message_info/include/message_info/msg/detail/referee_game_event__rosidl_typesupport_introspection_c.h
[0.654s] -- Up-to-date: /home/rionessl/SSLRasp/install/message_info/include/message_info/msg/detail/referee_game_event__type_support.c
[0.655s] -- Up-to-date: /home/rionessl/SSLRasp/install/message_info/include/message_info/msg/detail/goalie__type_support.c
[0.655s] -- Up-to-date: /home/rionessl/SSLRasp/install/message_info/include/message_info/msg/detail/vision_detections__rosidl_typesupport_introspection_c.h
[0.655s] -- Up-to-date: /home/rionessl/SSLRasp/install/message_info/include/message_info/msg/detail/ball_info__type_support.c
[0.655s] -- Up-to-date: /home/rionessl/SSLRasp/install/message_info/include/message_info/msg/detail/detection_frame__rosidl_typesupport_introspection_c.h
[0.655s] -- Up-to-date: /home/rionessl/SSLRasp/install/message_info/include/message_info/msg/detail/field_line_segment__rosidl_typesupport_introspection_c.h
[0.655s] -- Up-to-date: /home/rionessl/SSLRasp/install/message_info/include/message_info/msg/detail/detection_frame__type_support.c
[0.655s] -- Up-to-date: /home/rionessl/SSLRasp/install/message_info/include/message_info/msg/detail/info__type_support.c
[0.655s] -- Up-to-date: /home/rionessl/SSLRasp/install/message_info/include/message_info/msg/detail/detection_robot__rosidl_typesupport_introspection_c.h
[0.655s] -- Up-to-date: /home/rionessl/SSLRasp/install/message_info/include/message_info/msg/detail/robot_commands__type_support.c
[0.655s] -- Up-to-date: /home/rionessl/SSLRasp/install/message_info/include/message_info/msg/detail/role__rosidl_typesupport_introspection_c.h
[0.655s] -- Up-to-date: /home/rionessl/SSLRasp/install/message_info/include/message_info/msg/detail/detection_ball__type_support.c
[0.655s] -- Up-to-date: /home/rionessl/SSLRasp/install/message_info/include/message_info/msg/detail/ball_info__rosidl_typesupport_introspection_c.h
[0.655s] -- Up-to-date: /home/rionessl/SSLRasp/install/message_info/include/message_info/msg/detail/attacker__rosidl_typesupport_introspection_c.h
[0.655s] -- Up-to-date: /home/rionessl/SSLRasp/install/message_info/include/message_info/msg/detail/detection_robot__type_support.c
[0.655s] -- Up-to-date: /home/rionessl/SSLRasp/install/message_info/include/message_info/msg/detail/robot_command__type_support.c
[0.656s] -- Up-to-date: /home/rionessl/SSLRasp/install/message_info/include/message_info/msg/detail/role__type_support.c
[0.656s] -- Up-to-date: /home/rionessl/SSLRasp/install/message_info/include/message_info/msg/detail/vision_geometry__rosidl_typesupport_introspection_c.h
[0.656s] -- Up-to-date: /home/rionessl/SSLRasp/install/message_info/include/message_info/msg/detail/test__rosidl_typesupport_introspection_c.h
[0.656s] -- Up-to-date: /home/rionessl/SSLRasp/install/message_info/include/message_info/msg/detail/info__rosidl_typesupport_introspection_c.h
[0.656s] -- Up-to-date: /home/rionessl/SSLRasp/install/message_info/include/message_info/msg/detail/robot_command__rosidl_typesupport_introspection_c.h
[0.656s] -- Up-to-date: /home/rionessl/SSLRasp/install/message_info/include/message_info/msg/detail/field_line_segment__type_support.c
[0.656s] -- Up-to-date: /home/rionessl/SSLRasp/install/message_info/include/message_info/msg/detail/referee_team_info__type_support.c
[0.656s] -- Up-to-date: /home/rionessl/SSLRasp/install/message_info/include/message_info/msg/detail/test__type_support.c
[0.656s] -- Up-to-date: /home/rionessl/SSLRasp/install/message_info/include/message_info/msg/detail/referee__type_support.c
[0.656s] -- Up-to-date: /home/rionessl/SSLRasp/install/message_info/include/message_info/msg/detail/goal_info__type_support.c
[0.656s] -- Up-to-date: /home/rionessl/SSLRasp/install/message_info/include/message_info/msg/detail/referee_team_info__rosidl_typesupport_introspection_c.h
[0.656s] -- Up-to-date: /home/rionessl/SSLRasp/install/message_info/include/message_info/msg/detail/field_circular_arc__rosidl_typesupport_introspection_c.h
[0.656s] -- Up-to-date: /home/rionessl/SSLRasp/install/message_info/include/message_info/msg/detail/goal_info__rosidl_typesupport_introspection_c.h
[0.656s] -- Up-to-date: /home/rionessl/SSLRasp/install/message_info/include/message_info/msg/detail/referee__rosidl_typesupport_introspection_c.h
[0.657s] -- Up-to-date: /home/rionessl/SSLRasp/install/message_info/include/message_info/msg/rosidl_typesupport_introspection_c__visibility_control.h
[0.657s] -- Up-to-date: /home/rionessl/SSLRasp/install/message_info/lib/libmessage_info__rosidl_typesupport_introspection_c.so
[0.657s] -- Up-to-date: /home/rionessl/SSLRasp/install/message_info/lib/libmessage_info__rosidl_typesupport_c.so
[0.657s] -- Up-to-date: /home/rionessl/SSLRasp/install/message_info/include/message_info
[0.657s] -- Up-to-date: /home/rionessl/SSLRasp/install/message_info/include/message_info/msg
[0.657s] -- Up-to-date: /home/rionessl/SSLRasp/install/message_info/include/message_info/msg/attacker.hpp
[0.657s] -- Up-to-date: /home/rionessl/SSLRasp/install/message_info/include/message_info/msg/detection_robot.hpp
[0.657s] -- Up-to-date: /home/rionessl/SSLRasp/install/message_info/include/message_info/msg/vision_geometry.hpp
[0.657s] -- Up-to-date: /home/rionessl/SSLRasp/install/message_info/include/message_info/msg/ball_info.hpp
[0.657s] -- Up-to-date: /home/rionessl/SSLRasp/install/message_info/include/message_info/msg/detection_frame.hpp
[0.657s] -- Up-to-date: /home/rionessl/SSLRasp/install/message_info/include/message_info/msg/goal_info.hpp
[0.657s] -- Up-to-date: /home/rionessl/SSLRasp/install/message_info/include/message_info/msg/goalie.hpp
[0.657s] -- Up-to-date: /home/rionessl/SSLRasp/install/message_info/include/message_info/msg/robot_commands.hpp
[0.657s] -- Up-to-date: /home/rionessl/SSLRasp/install/message_info/include/message_info/msg/robot_command.hpp
[0.658s] -- Up-to-date: /home/rionessl/SSLRasp/install/message_info/include/message_info/msg/referee_team_info.hpp
[0.658s] -- Up-to-date: /home/rionessl/SSLRasp/install/message_info/include/message_info/msg/referee.hpp
[0.658s] -- Up-to-date: /home/rionessl/SSLRasp/install/message_info/include/message_info/msg/detail
[0.658s] -- Up-to-date: /home/rionessl/SSLRasp/install/message_info/include/message_info/msg/detail/info__struct.hpp
[0.658s] -- Up-to-date: /home/rionessl/SSLRasp/install/message_info/include/message_info/msg/detail/referee_team_info__traits.hpp
[0.658s] -- Up-to-date: /home/rionessl/SSLRasp/install/message_info/include/message_info/msg/detail/role__traits.hpp
[0.658s] -- Up-to-date: /home/rionessl/SSLRasp/install/message_info/include/message_info/msg/detail/detection_robot__traits.hpp
[0.658s] -- Up-to-date: /home/rionessl/SSLRasp/install/message_info/include/message_info/msg/detail/field_circular_arc__struct.hpp
[0.658s] -- Up-to-date: /home/rionessl/SSLRasp/install/message_info/include/message_info/msg/detail/vision_geometry__traits.hpp
[0.658s] -- Up-to-date: /home/rionessl/SSLRasp/install/message_info/include/message_info/msg/detail/detection_ball__struct.hpp
[0.659s] -- Up-to-date: /home/rionessl/SSLRasp/install/message_info/include/message_info/msg/detail/field_circular_arc__builder.hpp
[0.659s] -- Up-to-date: /home/rionessl/SSLRasp/install/message_info/include/message_info/msg/detail/robot_commands__builder.hpp
[0.659s] -- Up-to-date: /home/rionessl/SSLRasp/install/message_info/include/message_info/msg/detail/referee__struct.hpp
[0.659s] -- Up-to-date: /home/rionessl/SSLRasp/install/message_info/include/message_info/msg/detail/field_line_segment__struct.hpp
[0.659s] -- Up-to-date: /home/rionessl/SSLRasp/install/message_info/include/message_info/msg/detail/vision_geometry__builder.hpp
[0.659s] -- Up-to-date: /home/rionessl/SSLRasp/install/message_info/include/message_info/msg/detail/test__builder.hpp
[0.659s] -- Up-to-date: /home/rionessl/SSLRasp/install/message_info/include/message_info/msg/detail/vision_detections__traits.hpp
[0.659s] -- Up-to-date: /home/rionessl/SSLRasp/install/message_info/include/message_info/msg/detail/ball_info__struct.hpp
[0.659s] -- Up-to-date: /home/rionessl/SSLRasp/install/message_info/include/message_info/msg/detail/robot_command__struct.hpp
[0.659s] -- Up-to-date: /home/rionessl/SSLRasp/install/message_info/include/message_info/msg/detail/ball_info__traits.hpp
[0.660s] -- Up-to-date: /home/rionessl/SSLRasp/install/message_info/include/message_info/msg/detail/goalie__builder.hpp
[0.660s] -- Up-to-date: /home/rionessl/SSLRasp/install/message_info/include/message_info/msg/detail/referee_game_event__builder.hpp
[0.660s] -- Up-to-date: /home/rionessl/SSLRasp/install/message_info/include/message_info/msg/detail/referee__builder.hpp
[0.660s] -- Up-to-date: /home/rionessl/SSLRasp/install/message_info/include/message_info/msg/detail/detection_frame__builder.hpp
[0.660s] -- Up-to-date: /home/rionessl/SSLRasp/install/message_info/include/message_info/msg/detail/attacker__struct.hpp
[0.660s] -- Up-to-date: /home/rionessl/SSLRasp/install/message_info/include/message_info/msg/detail/vision_detections__struct.hpp
[0.660s] -- Up-to-date: /home/rionessl/SSLRasp/install/message_info/include/message_info/msg/detail/referee_game_event__struct.hpp
[0.660s] -- Up-to-date: /home/rionessl/SSLRasp/install/message_info/include/message_info/msg/detail/robot_command__builder.hpp
[0.660s] -- Up-to-date: /home/rionessl/SSLRasp/install/message_info/include/message_info/msg/detail/goal_info__struct.hpp
[0.660s] -- Up-to-date: /home/rionessl/SSLRasp/install/message_info/include/message_info/msg/detail/test__struct.hpp
[0.661s] -- Up-to-date: /home/rionessl/SSLRasp/install/message_info/include/message_info/msg/detail/field_line_segment__builder.hpp
[0.661s] -- Up-to-date: /home/rionessl/SSLRasp/install/message_info/include/message_info/msg/detail/vision_detections__builder.hpp
[0.661s] -- Up-to-date: /home/rionessl/SSLRasp/install/message_info/include/message_info/msg/detail/detection_ball__traits.hpp
[0.661s] -- Up-to-date: /home/rionessl/SSLRasp/install/message_info/include/message_info/msg/detail/test__traits.hpp
[0.661s] -- Up-to-date: /home/rionessl/SSLRasp/install/message_info/include/message_info/msg/detail/field_circular_arc__traits.hpp
[0.661s] -- Up-to-date: /home/rionessl/SSLRasp/install/message_info/include/message_info/msg/detail/referee_team_info__builder.hpp
[0.661s] -- Up-to-date: /home/rionessl/SSLRasp/install/message_info/include/message_info/msg/detail/goal_info__builder.hpp
[0.661s] -- Up-to-date: /home/rionessl/SSLRasp/install/message_info/include/message_info/msg/detail/info__builder.hpp
[0.661s] -- Up-to-date: /home/rionessl/SSLRasp/install/message_info/include/message_info/msg/detail/role__builder.hpp
[0.661s] -- Up-to-date: /home/rionessl/SSLRasp/install/message_info/include/message_info/msg/detail/goal_info__traits.hpp
[0.662s] -- Up-to-date: /home/rionessl/SSLRasp/install/message_info/include/message_info/msg/detail/robot_command__traits.hpp
[0.662s] -- Up-to-date: /home/rionessl/SSLRasp/install/message_info/include/message_info/msg/detail/goalie__traits.hpp
[0.662s] -- Up-to-date: /home/rionessl/SSLRasp/install/message_info/include/message_info/msg/detail/detection_frame__traits.hpp
[0.662s] -- Up-to-date: /home/rionessl/SSLRasp/install/message_info/include/message_info/msg/detail/info__traits.hpp
[0.662s] -- Up-to-date: /home/rionessl/SSLRasp/install/message_info/include/message_info/msg/detail/role__struct.hpp
[0.662s] -- Up-to-date: /home/rionessl/SSLRasp/install/message_info/include/message_info/msg/detail/referee__traits.hpp
[0.662s] -- Up-to-date: /home/rionessl/SSLRasp/install/message_info/include/message_info/msg/detail/field_line_segment__traits.hpp
[0.662s] -- Up-to-date: /home/rionessl/SSLRasp/install/message_info/include/message_info/msg/detail/robot_commands__struct.hpp
[0.662s] -- Up-to-date: /home/rionessl/SSLRasp/install/message_info/include/message_info/msg/detail/attacker__traits.hpp
[0.662s] -- Up-to-date: /home/rionessl/SSLRasp/install/message_info/include/message_info/msg/detail/attacker__builder.hpp
[0.663s] -- Up-to-date: /home/rionessl/SSLRasp/install/message_info/include/message_info/msg/detail/detection_robot__builder.hpp
[0.663s] -- Up-to-date: /home/rionessl/SSLRasp/install/message_info/include/message_info/msg/detail/referee_game_event__traits.hpp
[0.663s] -- Up-to-date: /home/rionessl/SSLRasp/install/message_info/include/message_info/msg/detail/detection_robot__struct.hpp
[0.663s] -- Up-to-date: /home/rionessl/SSLRasp/install/message_info/include/message_info/msg/detail/detection_ball__builder.hpp
[0.663s] -- Up-to-date: /home/rionessl/SSLRasp/install/message_info/include/message_info/msg/detail/referee_team_info__struct.hpp
[0.663s] -- Up-to-date: /home/rionessl/SSLRasp/install/message_info/include/message_info/msg/detail/ball_info__builder.hpp
[0.663s] -- Up-to-date: /home/rionessl/SSLRasp/install/message_info/include/message_info/msg/detail/robot_commands__traits.hpp
[0.663s] -- Up-to-date: /home/rionessl/SSLRasp/install/message_info/include/message_info/msg/detail/goalie__struct.hpp
[0.663s] -- Up-to-date: /home/rionessl/SSLRasp/install/message_info/include/message_info/msg/detail/vision_geometry__struct.hpp
[0.663s] -- Up-to-date: /home/rionessl/SSLRasp/install/message_info/include/message_info/msg/detail/detection_frame__struct.hpp
[0.664s] -- Up-to-date: /home/rionessl/SSLRasp/install/message_info/include/message_info/msg/role.hpp
[0.664s] -- Up-to-date: /home/rionessl/SSLRasp/install/message_info/include/message_info/msg/info.hpp
[0.664s] -- Up-to-date: /home/rionessl/SSLRasp/install/message_info/include/message_info/msg/referee_game_event.hpp
[0.664s] -- Up-to-date: /home/rionessl/SSLRasp/install/message_info/include/message_info/msg/detection_ball.hpp
[0.664s] -- Up-to-date: /home/rionessl/SSLRasp/install/message_info/include/message_info/msg/field_circular_arc.hpp
[0.664s] -- Up-to-date: /home/rionessl/SSLRasp/install/message_info/include/message_info/msg/vision_detections.hpp
[0.664s] -- Up-to-date: /home/rionessl/SSLRasp/install/message_info/include/message_info/msg/test.hpp
[0.664s] -- Up-to-date: /home/rionessl/SSLRasp/install/message_info/include/message_info/msg/field_line_segment.hpp
[0.664s] -- Up-to-date: /home/rionessl/SSLRasp/install/message_info/include/message_info
[0.665s] -- Up-to-date: /home/rionessl/SSLRasp/install/message_info/include/message_info/msg
[0.665s] -- Up-to-date: /home/rionessl/SSLRasp/install/message_info/include/message_info/msg/detail
[0.665s] -- Up-to-date: /home/rionessl/SSLRasp/install/message_info/include/message_info/msg/detail/vision_detections__type_support.cpp
[0.665s] -- Up-to-date: /home/rionessl/SSLRasp/install/message_info/include/message_info/msg/detail/goal_info__type_support.cpp
[0.665s] -- Up-to-date: /home/rionessl/SSLRasp/install/message_info/include/message_info/msg/detail/detection_frame__type_support.cpp
[0.665s] -- Up-to-date: /home/rionessl/SSLRasp/install/message_info/include/message_info/msg/detail/detection_ball__type_support.cpp
[0.665s] -- Up-to-date: /home/rionessl/SSLRasp/install/message_info/include/message_info/msg/detail/ball_info__rosidl_typesupport_introspection_cpp.hpp
[0.665s] -- Up-to-date: /home/rionessl/SSLRasp/install/message_info/include/message_info/msg/detail/role__type_support.cpp
[0.665s] -- Up-to-date: /home/rionessl/SSLRasp/install/message_info/include/message_info/msg/detail/attacker__rosidl_typesupport_introspection_cpp.hpp
[0.665s] -- Up-to-date: /home/rionessl/SSLRasp/install/message_info/include/message_info/msg/detail/goalie__rosidl_typesupport_introspection_cpp.hpp
[0.666s] -- Up-to-date: /home/rionessl/SSLRasp/install/message_info/include/message_info/msg/detail/attacker__type_support.cpp
[0.666s] -- Up-to-date: /home/rionessl/SSLRasp/install/message_info/include/message_info/msg/detail/field_circular_arc__rosidl_typesupport_introspection_cpp.hpp
[0.666s] -- Up-to-date: /home/rionessl/SSLRasp/install/message_info/include/message_info/msg/detail/referee__rosidl_typesupport_introspection_cpp.hpp
[0.666s] -- Up-to-date: /home/rionessl/SSLRasp/install/message_info/include/message_info/msg/detail/test__rosidl_typesupport_introspection_cpp.hpp
[0.666s] -- Up-to-date: /home/rionessl/SSLRasp/install/message_info/include/message_info/msg/detail/referee__type_support.cpp
[0.666s] -- Up-to-date: /home/rionessl/SSLRasp/install/message_info/include/message_info/msg/detail/referee_team_info__type_support.cpp
[0.666s] -- Up-to-date: /home/rionessl/SSLRasp/install/message_info/include/message_info/msg/detail/detection_robot__type_support.cpp
[0.666s] -- Up-to-date: /home/rionessl/SSLRasp/install/message_info/include/message_info/msg/detail/robot_commands__rosidl_typesupport_introspection_cpp.hpp
[0.666s] -- Up-to-date: /home/rionessl/SSLRasp/install/message_info/include/message_info/msg/detail/goal_info__rosidl_typesupport_introspection_cpp.hpp
[0.666s] -- Up-to-date: /home/rionessl/SSLRasp/install/message_info/include/message_info/msg/detail/test__type_support.cpp
[0.666s] -- Up-to-date: /home/rionessl/SSLRasp/install/message_info/include/message_info/msg/detail/referee_game_event__rosidl_typesupport_introspection_cpp.hpp
[0.666s] -- Up-to-date: /home/rionessl/SSLRasp/install/message_info/include/message_info/msg/detail/field_circular_arc__type_support.cpp
[0.667s] -- Up-to-date: /home/rionessl/SSLRasp/install/message_info/include/message_info/msg/detail/field_line_segment__type_support.cpp
[0.667s] -- Up-to-date: /home/rionessl/SSLRasp/install/message_info/include/message_info/msg/detail/robot_command__type_support.cpp
[0.667s] -- Up-to-date: /home/rionessl/SSLRasp/install/message_info/include/message_info/msg/detail/info__type_support.cpp
[0.667s] -- Up-to-date: /home/rionessl/SSLRasp/install/message_info/include/message_info/msg/detail/referee_game_event__type_support.cpp
[0.667s] -- Up-to-date: /home/rionessl/SSLRasp/install/message_info/include/message_info/msg/detail/robot_commands__type_support.cpp
[0.667s] -- Up-to-date: /home/rionessl/SSLRasp/install/message_info/include/message_info/msg/detail/detection_frame__rosidl_typesupport_introspection_cpp.hpp
[0.667s] -- Up-to-date: /home/rionessl/SSLRasp/install/message_info/include/message_info/msg/detail/robot_command__rosidl_typesupport_introspection_cpp.hpp
[0.667s] -- Up-to-date: /home/rionessl/SSLRasp/install/message_info/include/message_info/msg/detail/ball_info__type_support.cpp
[0.667s] -- Up-to-date: /home/rionessl/SSLRasp/install/message_info/include/message_info/msg/detail/info__rosidl_typesupport_introspection_cpp.hpp
[0.667s] -- Up-to-date: /home/rionessl/SSLRasp/install/message_info/include/message_info/msg/detail/role__rosidl_typesupport_introspection_cpp.hpp
[0.668s] -- Up-to-date: /home/rionessl/SSLRasp/install/message_info/include/message_info/msg/detail/detection_robot__rosidl_typesupport_introspection_cpp.hpp
[0.668s] -- Up-to-date: /home/rionessl/SSLRasp/install/message_info/include/message_info/msg/detail/vision_geometry__rosidl_typesupport_introspection_cpp.hpp
[0.668s] -- Up-to-date: /home/rionessl/SSLRasp/install/message_info/include/message_info/msg/detail/field_line_segment__rosidl_typesupport_introspection_cpp.hpp
[0.668s] -- Up-to-date: /home/rionessl/SSLRasp/install/message_info/include/message_info/msg/detail/referee_team_info__rosidl_typesupport_introspection_cpp.hpp
[0.668s] -- Up-to-date: /home/rionessl/SSLRasp/install/message_info/include/message_info/msg/detail/vision_geometry__type_support.cpp
[0.668s] -- Up-to-date: /home/rionessl/SSLRasp/install/message_info/include/message_info/msg/detail/detection_ball__rosidl_typesupport_introspection_cpp.hpp
[0.668s] -- Up-to-date: /home/rionessl/SSLRasp/install/message_info/include/message_info/msg/detail/goalie__type_support.cpp
[0.668s] -- Up-to-date: /home/rionessl/SSLRasp/install/message_info/include/message_info/msg/detail/vision_detections__rosidl_typesupport_introspection_cpp.hpp
[0.668s] -- Up-to-date: /home/rionessl/SSLRasp/install/message_info/lib/libmessage_info__rosidl_typesupport_introspection_cpp.so
[0.668s] -- Up-to-date: /home/rionessl/SSLRasp/install/message_info/lib/libmessage_info__rosidl_typesupport_cpp.so
[0.669s] -- Up-to-date: /home/rionessl/SSLRasp/install/message_info/share/message_info/environment/pythonpath.sh
[0.669s] -- Up-to-date: /home/rionessl/SSLRasp/install/message_info/share/message_info/environment/pythonpath.dsv
[0.669s] -- Up-to-date: /home/rionessl/SSLRasp/install/message_info/lib/python3.8/site-packages/message_info/__init__.py
[0.683s] -- Up-to-date: /home/rionessl/SSLRasp/install/message_info/lib/python3.8/site-packages/message_info/msg
[0.683s] -- Up-to-date: /home/rionessl/SSLRasp/install/message_info/lib/python3.8/site-packages/message_info/msg/_attacker_s.c
[0.683s] -- Up-to-date: /home/rionessl/SSLRasp/install/message_info/lib/python3.8/site-packages/message_info/msg/_info_s.c
[0.684s] -- Up-to-date: /home/rionessl/SSLRasp/install/message_info/lib/python3.8/site-packages/message_info/msg/_detection_ball_s.c
[0.684s] -- Up-to-date: /home/rionessl/SSLRasp/install/message_info/lib/python3.8/site-packages/message_info/msg/_referee_game_event.py
[0.684s] -- Up-to-date: /home/rionessl/SSLRasp/install/message_info/lib/python3.8/site-packages/message_info/msg/_goal_info.py
[0.684s] -- Up-to-date: /home/rionessl/SSLRasp/install/message_info/lib/python3.8/site-packages/message_info/msg/_detection_ball.py
[0.684s] -- Up-to-date: /home/rionessl/SSLRasp/install/message_info/lib/python3.8/site-packages/message_info/msg/_field_circular_arc_s.c
[0.684s] -- Up-to-date: /home/rionessl/SSLRasp/install/message_info/lib/python3.8/site-packages/message_info/msg/_vision_detections.py
[0.684s] -- Up-to-date: /home/rionessl/SSLRasp/install/message_info/lib/python3.8/site-packages/message_info/msg/_detection_frame.py
[0.685s] -- Up-to-date: /home/rionessl/SSLRasp/install/message_info/lib/python3.8/site-packages/message_info/msg/_vision_detections_s.c
[0.685s] -- Up-to-date: /home/rionessl/SSLRasp/install/message_info/lib/python3.8/site-packages/message_info/msg/_goal_info_s.c
[0.685s] -- Up-to-date: /home/rionessl/SSLRasp/install/message_info/lib/python3.8/site-packages/message_info/msg/_detection_robot.py
[0.685s] -- Up-to-date: /home/rionessl/SSLRasp/install/message_info/lib/python3.8/site-packages/message_info/msg/_vision_geometry_s.c
[0.685s] -- Up-to-date: /home/rionessl/SSLRasp/install/message_info/lib/python3.8/site-packages/message_info/msg/_test.py
[0.685s] -- Up-to-date: /home/rionessl/SSLRasp/install/message_info/lib/python3.8/site-packages/message_info/msg/_test_s.c
[0.685s] -- Up-to-date: /home/rionessl/SSLRasp/install/message_info/lib/python3.8/site-packages/message_info/msg/_referee_game_event_s.c
[0.685s] -- Up-to-date: /home/rionessl/SSLRasp/install/message_info/lib/python3.8/site-packages/message_info/msg/_robot_command.py
[0.686s] -- Up-to-date: /home/rionessl/SSLRasp/install/message_info/lib/python3.8/site-packages/message_info/msg/_goalie_s.c
[0.686s] -- Up-to-date: /home/rionessl/SSLRasp/install/message_info/lib/python3.8/site-packages/message_info/msg/_field_line_segment_s.c
[0.686s] -- Up-to-date: /home/rionessl/SSLRasp/install/message_info/lib/python3.8/site-packages/message_info/msg/_robot_commands_s.c
[0.686s] -- Up-to-date: /home/rionessl/SSLRasp/install/message_info/lib/python3.8/site-packages/message_info/msg/_referee.py
[0.686s] -- Up-to-date: /home/rionessl/SSLRasp/install/message_info/lib/python3.8/site-packages/message_info/msg/_detection_frame_s.c
[0.686s] -- Up-to-date: /home/rionessl/SSLRasp/install/message_info/lib/python3.8/site-packages/message_info/msg/_field_circular_arc.py
[0.686s] -- Up-to-date: /home/rionessl/SSLRasp/install/message_info/lib/python3.8/site-packages/message_info/msg/_ball_info_s.c
[0.686s] -- Up-to-date: /home/rionessl/SSLRasp/install/message_info/lib/python3.8/site-packages/message_info/msg/_vision_geometry.py
[0.686s] -- Up-to-date: /home/rionessl/SSLRasp/install/message_info/lib/python3.8/site-packages/message_info/msg/_referee_team_info_s.c
[0.687s] -- Up-to-date: /home/rionessl/SSLRasp/install/message_info/lib/python3.8/site-packages/message_info/msg/_goalie.py
[0.687s] -- Up-to-date: /home/rionessl/SSLRasp/install/message_info/lib/python3.8/site-packages/message_info/msg/_info.py
[0.687s] -- Up-to-date: /home/rionessl/SSLRasp/install/message_info/lib/python3.8/site-packages/message_info/msg/_referee_s.c
[0.687s] -- Up-to-date: /home/rionessl/SSLRasp/install/message_info/lib/python3.8/site-packages/message_info/msg/__init__.py
[0.687s] -- Up-to-date: /home/rionessl/SSLRasp/install/message_info/lib/python3.8/site-packages/message_info/msg/_ball_info.py
[0.687s] -- Up-to-date: /home/rionessl/SSLRasp/install/message_info/lib/python3.8/site-packages/message_info/msg/_detection_robot_s.c
[0.687s] -- Up-to-date: /home/rionessl/SSLRasp/install/message_info/lib/python3.8/site-packages/message_info/msg/_role_s.c
[0.687s] -- Up-to-date: /home/rionessl/SSLRasp/install/message_info/lib/python3.8/site-packages/message_info/msg/_robot_command_s.c
[0.688s] -- Up-to-date: /home/rionessl/SSLRasp/install/message_info/lib/python3.8/site-packages/message_info/msg/_robot_commands.py
[0.688s] -- Up-to-date: /home/rionessl/SSLRasp/install/message_info/lib/python3.8/site-packages/message_info/msg/_field_line_segment.py
[0.688s] -- Up-to-date: /home/rionessl/SSLRasp/install/message_info/lib/python3.8/site-packages/message_info/msg/_attacker.py
[0.688s] -- Up-to-date: /home/rionessl/SSLRasp/install/message_info/lib/python3.8/site-packages/message_info/msg/_role.py
[0.688s] -- Up-to-date: /home/rionessl/SSLRasp/install/message_info/lib/python3.8/site-packages/message_info/msg/_referee_team_info.py
[0.688s] -- Up-to-date: /home/rionessl/SSLRasp/install/message_info/lib/python3.8/site-packages/message_info/message_info_s__rosidl_typesupport_fastrtps_c.cpython-38-x86_64-linux-gnu.so
[0.688s] -- Up-to-date: /home/rionessl/SSLRasp/install/message_info/lib/python3.8/site-packages/message_info/message_info_s__rosidl_typesupport_introspection_c.cpython-38-x86_64-linux-gnu.so
[0.688s] -- Up-to-date: /home/rionessl/SSLRasp/install/message_info/lib/python3.8/site-packages/message_info/message_info_s__rosidl_typesupport_c.cpython-38-x86_64-linux-gnu.so
[0.689s] -- Up-to-date: /home/rionessl/SSLRasp/install/message_info/lib/libmessage_info__python.so
[0.690s] -- Up-to-date: /home/rionessl/SSLRasp/install/message_info/share/message_info/msg/RefereeGameEvent.idl
[0.690s] -- Up-to-date: /home/rionessl/SSLRasp/install/message_info/share/message_info/msg/RefereeTeamInfo.idl
[0.690s] -- Up-to-date: /home/rionessl/SSLRasp/install/message_info/share/message_info/msg/Referee.idl
[0.690s] -- Up-to-date: /home/rionessl/SSLRasp/install/message_info/share/message_info/msg/FieldCircularArc.idl
[0.690s] -- Up-to-date: /home/rionessl/SSLRasp/install/message_info/share/message_info/msg/FieldLineSegment.idl
[0.690s] -- Up-to-date: /home/rionessl/SSLRasp/install/message_info/share/message_info/msg/VisionGeometry.idl
[0.691s] -- Up-to-date: /home/rionessl/SSLRasp/install/message_info/share/message_info/msg/DetectionBall.idl
[0.691s] -- Up-to-date: /home/rionessl/SSLRasp/install/message_info/share/message_info/msg/DetectionRobot.idl
[0.691s] -- Up-to-date: /home/rionessl/SSLRasp/install/message_info/share/message_info/msg/DetectionFrame.idl
[0.691s] -- Up-to-date: /home/rionessl/SSLRasp/install/message_info/share/message_info/msg/VisionDetections.idl
[0.691s] -- Up-to-date: /home/rionessl/SSLRasp/install/message_info/share/message_info/msg/RobotCommand.idl
[0.691s] -- Up-to-date: /home/rionessl/SSLRasp/install/message_info/share/message_info/msg/RobotCommands.idl
[0.691s] -- Up-to-date: /home/rionessl/SSLRasp/install/message_info/share/message_info/msg/Test.idl
[0.692s] -- Up-to-date: /home/rionessl/SSLRasp/install/message_info/share/message_info/msg/BallInfo.idl
[0.692s] -- Up-to-date: /home/rionessl/SSLRasp/install/message_info/share/message_info/msg/GoalInfo.idl
[0.692s] -- Up-to-date: /home/rionessl/SSLRasp/install/message_info/share/message_info/msg/Role.idl
[0.692s] -- Up-to-date: /home/rionessl/SSLRasp/install/message_info/share/message_info/msg/Attacker.idl
[0.692s] -- Up-to-date: /home/rionessl/SSLRasp/install/message_info/share/message_info/msg/Goalie.idl
[0.693s] -- Up-to-date: /home/rionessl/SSLRasp/install/message_info/share/message_info/msg/Info.idl
[0.693s] -- Up-to-date: /home/rionessl/SSLRasp/install/message_info/share/message_info/msg/RefereeGameEvent.msg
[0.693s] -- Up-to-date: /home/rionessl/SSLRasp/install/message_info/share/message_info/msg/RefereeTeamInfo.msg
[0.693s] -- Up-to-date: /home/rionessl/SSLRasp/install/message_info/share/message_info/msg/Referee.msg
[0.693s] -- Up-to-date: /home/rionessl/SSLRasp/install/message_info/share/message_info/msg/FieldCircularArc.msg
[0.694s] -- Up-to-date: /home/rionessl/SSLRasp/install/message_info/share/message_info/msg/FieldLineSegment.msg
[0.694s] -- Up-to-date: /home/rionessl/SSLRasp/install/message_info/share/message_info/msg/VisionGeometry.msg
[0.694s] -- Up-to-date: /home/rionessl/SSLRasp/install/message_info/share/message_info/msg/DetectionBall.msg
[0.694s] -- Up-to-date: /home/rionessl/SSLRasp/install/message_info/share/message_info/msg/DetectionRobot.msg
[0.694s] -- Up-to-date: /home/rionessl/SSLRasp/install/message_info/share/message_info/msg/DetectionFrame.msg
[0.695s] -- Up-to-date: /home/rionessl/SSLRasp/install/message_info/share/message_info/msg/VisionDetections.msg
[0.695s] -- Up-to-date: /home/rionessl/SSLRasp/install/message_info/share/message_info/msg/RobotCommand.msg
[0.695s] -- Up-to-date: /home/rionessl/SSLRasp/install/message_info/share/message_info/msg/RobotCommands.msg
[0.695s] -- Up-to-date: /home/rionessl/SSLRasp/install/message_info/share/message_info/msg/Test.msg
[0.695s] -- Up-to-date: /home/rionessl/SSLRasp/install/message_info/share/message_info/msg/BallInfo.msg
[0.695s] -- Up-to-date: /home/rionessl/SSLRasp/install/message_info/share/message_info/msg/GoalInfo.msg
[0.695s] -- Up-to-date: /home/rionessl/SSLRasp/install/message_info/share/message_info/msg/Role.msg
[0.696s] -- Up-to-date: /home/rionessl/SSLRasp/install/message_info/share/message_info/msg/Attacker.msg
[0.696s] -- Up-to-date: /home/rionessl/SSLRasp/install/message_info/share/message_info/msg/Goalie.msg
[0.696s] -- Up-to-date: /home/rionessl/SSLRasp/install/message_info/share/message_info/msg/Info.msg
[0.696s] -- Up-to-date: /home/rionessl/SSLRasp/install/message_info/share/ament_index/resource_index/package_run_dependencies/message_info
[0.696s] -- Up-to-date: /home/rionessl/SSLRasp/install/message_info/share/ament_index/resource_index/parent_prefix_path/message_info
[0.696s] -- Up-to-date: /home/rionessl/SSLRasp/install/message_info/share/message_info/environment/ament_prefix_path.sh
[0.696s] -- Up-to-date: /home/rionessl/SSLRasp/install/message_info/share/message_info/environment/ament_prefix_path.dsv
[0.696s] -- Up-to-date: /home/rionessl/SSLRasp/install/message_info/share/message_info/environment/path.sh
[0.697s] -- Up-to-date: /home/rionessl/SSLRasp/install/message_info/share/message_info/environment/path.dsv
[0.697s] -- Up-to-date: /home/rionessl/SSLRasp/install/message_info/share/message_info/local_setup.bash
[0.697s] -- Up-to-date: /home/rionessl/SSLRasp/install/message_info/share/message_info/local_setup.sh
[0.697s] -- Up-to-date: /home/rionessl/SSLRasp/install/message_info/share/message_info/local_setup.zsh
[0.697s] -- Up-to-date: /home/rionessl/SSLRasp/install/message_info/share/message_info/local_setup.dsv
[0.697s] -- Installing: /home/rionessl/SSLRasp/install/message_info/share/message_info/package.dsv
[0.697s] -- Up-to-date: /home/rionessl/SSLRasp/install/message_info/share/ament_index/resource_index/packages/message_info
[0.697s] -- Up-to-date: /home/rionessl/SSLRasp/install/message_info/share/message_info/cmake/message_info__rosidl_generator_cExport.cmake
[0.698s] -- Up-to-date: /home/rionessl/SSLRasp/install/message_info/share/message_info/cmake/message_info__rosidl_generator_cExport-noconfig.cmake
[0.698s] -- Up-to-date: /home/rionessl/SSLRasp/install/message_info/share/message_info/cmake/message_info__rosidl_typesupport_introspection_cExport.cmake
[0.698s] -- Up-to-date: /home/rionessl/SSLRasp/install/message_info/share/message_info/cmake/message_info__rosidl_typesupport_introspection_cExport-noconfig.cmake
[0.698s] -- Up-to-date: /home/rionessl/SSLRasp/install/message_info/share/message_info/cmake/message_info__rosidl_typesupport_cExport.cmake
[0.698s] -- Up-to-date: /home/rionessl/SSLRasp/install/message_info/share/message_info/cmake/message_info__rosidl_typesupport_cExport-noconfig.cmake
[0.698s] -- Up-to-date: /home/rionessl/SSLRasp/install/message_info/share/message_info/cmake/message_info__rosidl_generator_cppExport.cmake
[0.698s] -- Up-to-date: /home/rionessl/SSLRasp/install/message_info/share/message_info/cmake/message_info__rosidl_typesupport_introspection_cppExport.cmake
[0.698s] -- Up-to-date: /home/rionessl/SSLRasp/install/message_info/share/message_info/cmake/message_info__rosidl_typesupport_introspection_cppExport-noconfig.cmake
[0.699s] -- Up-to-date: /home/rionessl/SSLRasp/install/message_info/share/message_info/cmake/message_info__rosidl_typesupport_cppExport.cmake
[0.699s] -- Up-to-date: /home/rionessl/SSLRasp/install/message_info/share/message_info/cmake/message_info__rosidl_typesupport_cppExport-noconfig.cmake
[0.699s] -- Up-to-date: /home/rionessl/SSLRasp/install/message_info/share/message_info/cmake/rosidl_cmake-extras.cmake
[0.699s] -- Up-to-date: /home/rionessl/SSLRasp/install/message_info/share/message_info/cmake/ament_cmake_export_dependencies-extras.cmake
[0.699s] -- Up-to-date: /home/rionessl/SSLRasp/install/message_info/share/message_info/cmake/ament_cmake_export_libraries-extras.cmake
[0.699s] -- Up-to-date: /home/rionessl/SSLRasp/install/message_info/share/message_info/cmake/ament_cmake_export_targets-extras.cmake
[0.699s] -- Up-to-date: /home/rionessl/SSLRasp/install/message_info/share/message_info/cmake/ament_cmake_export_include_directories-extras.cmake
[0.700s] -- Up-to-date: /home/rionessl/SSLRasp/install/message_info/share/message_info/cmake/rosidl_cmake_export_typesupport_libraries-extras.cmake
[0.700s] -- Up-to-date: /home/rionessl/SSLRasp/install/message_info/share/message_info/cmake/rosidl_cmake_export_typesupport_targets-extras.cmake
[0.700s] -- Up-to-date: /home/rionessl/SSLRasp/install/message_info/share/message_info/cmake/message_infoConfig.cmake
[0.700s] -- Up-to-date: /home/rionessl/SSLRasp/install/message_info/share/message_info/cmake/message_infoConfig-version.cmake
[0.700s] -- Up-to-date: /home/rionessl/SSLRasp/install/message_info/share/message_info/package.xml
[0.703s] Invoked command in '/home/rionessl/SSLRasp/build/message_info' returned '0': CMAKE_PREFIX_PATH=${CMAKE_PREFIX_PATH}:/home/rionessl/SSLRasp/install/rasp:/home/rionessl/RiAI/install/real_sender:/opt/ros/foxy /usr/bin/cmake --install /home/rionessl/SSLRasp/build/message_info
