[1.263s] DEBUG:colcon:Command line arguments: ['/usr/bin/colcon', 'build']
[1.263s] DEBUG:colcon:Parsed command line arguments: Namespace(ament_cmake_args=None, base_paths=['.'], build_base='build', catkin_cmake_args=None, catkin_skip_building_tests=False, cmake_args=None, cmake_clean_cache=False, cmake_clean_first=False, cmake_force_configure=False, cmake_target=None, cmake_target_skip_unavailable=False, continue_on_error=False, event_handlers=None, executor='parallel', ignore_user_meta=False, install_base='install', log_base=None, log_level=None, main=<bound method BuildVerb.main of <colcon_core.verb.build.BuildVerb object at 0xffff98e9e580>>, merge_install=False, metas=['./colcon.meta'], packages_above=None, packages_above_and_dependencies=None, packages_above_depth=None, packages_end=None, packages_ignore=None, packages_ignore_regex=None, packages_select=None, packages_select_build_failed=False, packages_select_by_dep=None, packages_select_regex=None, packages_select_test_failures=False, packages_skip=None, packages_skip_build_finished=False, packages_skip_by_dep=None, packages_skip_regex=None, packages_skip_test_passed=False, packages_skip_up_to=None, packages_start=None, packages_up_to=None, packages_up_to_regex=None, parallel_workers=4, paths=None, symlink_install=False, test_result_base=None, verb_extension=<colcon_core.verb.build.BuildVerb object at 0xffff98e9e580>, verb_name='build', verb_parser=<colcon_defaults.argument_parser.defaults.DefaultArgumentsDecorator object at 0xffff98e9eac0>)
[1.289s] Level 1:colcon.colcon_core.package_discovery:discover_packages(colcon_meta) check parameters
[1.290s] Level 1:colcon.colcon_core.package_discovery:discover_packages(recursive) check parameters
[1.290s] Level 1:colcon.colcon_core.package_discovery:discover_packages(ignore) check parameters
[1.290s] Level 1:colcon.colcon_core.package_discovery:discover_packages(path) check parameters
[1.290s] Level 1:colcon.colcon_core.package_discovery:discover_packages(colcon_meta) discover
[1.291s] Level 1:colcon.colcon_core.package_discovery:discover_packages(recursive) discover
[1.291s] INFO:colcon.colcon_core.package_discovery:Crawling recursively for packages in '/home/ubuntu/SSLRasp'
[1.291s] Level 1:colcon.colcon_core.package_identification:_identify(.) by extensions ['ignore', 'ignore_ament_install']
[1.292s] Level 1:colcon.colcon_core.package_identification:_identify(.) by extension 'ignore'
[1.292s] Level 1:colcon.colcon_core.package_identification:_identify(.) by extension 'ignore_ament_install'
[1.292s] Level 1:colcon.colcon_core.package_identification:_identify(.) by extensions ['colcon_pkg']
[1.292s] Level 1:colcon.colcon_core.package_identification:_identify(.) by extension 'colcon_pkg'
[1.292s] Level 1:colcon.colcon_core.package_identification:_identify(.) by extensions ['colcon_meta']
[1.293s] Level 1:colcon.colcon_core.package_identification:_identify(.) by extension 'colcon_meta'
[1.293s] Level 1:colcon.colcon_core.package_identification:_identify(.) by extensions ['ros']
[1.293s] Level 1:colcon.colcon_core.package_identification:_identify(.) by extension 'ros'
[1.342s] Level 1:colcon.colcon_core.package_identification:_identify(.) by extensions ['cmake', 'python']
[1.342s] Level 1:colcon.colcon_core.package_identification:_identify(.) by extension 'cmake'
[1.342s] Level 1:colcon.colcon_core.package_identification:_identify(.) by extension 'python'
[1.343s] Level 1:colcon.colcon_core.package_identification:_identify(.) by extensions ['python_setup_py']
[1.343s] Level 1:colcon.colcon_core.package_identification:_identify(.) by extension 'python_setup_py'
[1.343s] Level 1:colcon.colcon_core.package_identification:_identify(build) by extensions ['ignore', 'ignore_ament_install']
[1.344s] Level 1:colcon.colcon_core.package_identification:_identify(build) by extension 'ignore'
[1.344s] Level 1:colcon.colcon_core.package_identification:_identify(build) ignored
[1.345s] Level 1:colcon.colcon_core.package_identification:_identify(install) by extensions ['ignore', 'ignore_ament_install']
[1.345s] Level 1:colcon.colcon_core.package_identification:_identify(install) by extension 'ignore'
[1.345s] Level 1:colcon.colcon_core.package_identification:_identify(install) ignored
[1.346s] Level 1:colcon.colcon_core.package_identification:_identify(log) by extensions ['ignore', 'ignore_ament_install']
[1.346s] Level 1:colcon.colcon_core.package_identification:_identify(log) by extension 'ignore'
[1.346s] Level 1:colcon.colcon_core.package_identification:_identify(log) ignored
[1.347s] Level 1:colcon.colcon_core.package_identification:_identify(src) by extensions ['ignore', 'ignore_ament_install']
[1.347s] Level 1:colcon.colcon_core.package_identification:_identify(src) by extension 'ignore'
[1.347s] Level 1:colcon.colcon_core.package_identification:_identify(src) by extension 'ignore_ament_install'
[1.347s] Level 1:colcon.colcon_core.package_identification:_identify(src) by extensions ['colcon_pkg']
[1.348s] Level 1:colcon.colcon_core.package_identification:_identify(src) by extension 'colcon_pkg'
[1.348s] Level 1:colcon.colcon_core.package_identification:_identify(src) by extensions ['colcon_meta']
[1.348s] Level 1:colcon.colcon_core.package_identification:_identify(src) by extension 'colcon_meta'
[1.348s] Level 1:colcon.colcon_core.package_identification:_identify(src) by extensions ['ros']
[1.348s] Level 1:colcon.colcon_core.package_identification:_identify(src) by extension 'ros'
[1.349s] Level 1:colcon.colcon_core.package_identification:_identify(src) by extensions ['cmake', 'python']
[1.349s] Level 1:colcon.colcon_core.package_identification:_identify(src) by extension 'cmake'
[1.349s] Level 1:colcon.colcon_core.package_identification:_identify(src) by extension 'python'
[1.349s] Level 1:colcon.colcon_core.package_identification:_identify(src) by extensions ['python_setup_py']
[1.349s] Level 1:colcon.colcon_core.package_identification:_identify(src) by extension 'python_setup_py'
[1.350s] Level 1:colcon.colcon_core.package_identification:_identify(src/main) by extensions ['ignore', 'ignore_ament_install']
[1.350s] Level 1:colcon.colcon_core.package_identification:_identify(src/main) by extension 'ignore'
[1.350s] Level 1:colcon.colcon_core.package_identification:_identify(src/main) by extension 'ignore_ament_install'
[1.350s] Level 1:colcon.colcon_core.package_identification:_identify(src/main) by extensions ['colcon_pkg']
[1.351s] Level 1:colcon.colcon_core.package_identification:_identify(src/main) by extension 'colcon_pkg'
[1.351s] Level 1:colcon.colcon_core.package_identification:_identify(src/main) by extensions ['colcon_meta']
[1.351s] Level 1:colcon.colcon_core.package_identification:_identify(src/main) by extension 'colcon_meta'
[1.351s] Level 1:colcon.colcon_core.package_identification:_identify(src/main) by extensions ['ros']
[1.351s] Level 1:colcon.colcon_core.package_identification:_identify(src/main) by extension 'ros'
[1.361s] DEBUG:colcon.colcon_core.package_identification:Package 'src/main' with type 'ros.ament_cmake' and name 'main'
[1.361s] Level 1:colcon.colcon_core.package_identification:_identify(src/message_info) by extensions ['ignore', 'ignore_ament_install']
[1.362s] Level 1:colcon.colcon_core.package_identification:_identify(src/message_info) by extension 'ignore'
[1.362s] Level 1:colcon.colcon_core.package_identification:_identify(src/message_info) by extension 'ignore_ament_install'
[1.362s] Level 1:colcon.colcon_core.package_identification:_identify(src/message_info) by extensions ['colcon_pkg']
[1.362s] Level 1:colcon.colcon_core.package_identification:_identify(src/message_info) by extension 'colcon_pkg'
[1.362s] Level 1:colcon.colcon_core.package_identification:_identify(src/message_info) by extensions ['colcon_meta']
[1.363s] Level 1:colcon.colcon_core.package_identification:_identify(src/message_info) by extension 'colcon_meta'
[1.363s] Level 1:colcon.colcon_core.package_identification:_identify(src/message_info) by extensions ['ros']
[1.363s] Level 1:colcon.colcon_core.package_identification:_identify(src/message_info) by extension 'ros'
[1.367s] DEBUG:colcon.colcon_core.package_identification:Package 'src/message_info' with type 'ros.ament_cmake' and name 'message_info'
[1.368s] Level 1:colcon.colcon_core.package_identification:_identify(src/real_sender) by extensions ['ignore', 'ignore_ament_install']
[1.368s] Level 1:colcon.colcon_core.package_identification:_identify(src/real_sender) by extension 'ignore'
[1.369s] Level 1:colcon.colcon_core.package_identification:_identify(src/real_sender) by extension 'ignore_ament_install'
[1.369s] Level 1:colcon.colcon_core.package_identification:_identify(src/real_sender) by extensions ['colcon_pkg']
[1.369s] Level 1:colcon.colcon_core.package_identification:_identify(src/real_sender) by extension 'colcon_pkg'
[1.369s] Level 1:colcon.colcon_core.package_identification:_identify(src/real_sender) by extensions ['colcon_meta']
[1.369s] Level 1:colcon.colcon_core.package_identification:_identify(src/real_sender) by extension 'colcon_meta'
[1.370s] Level 1:colcon.colcon_core.package_identification:_identify(src/real_sender) by extensions ['ros']
[1.370s] Level 1:colcon.colcon_core.package_identification:_identify(src/real_sender) by extension 'ros'
[1.372s] DEBUG:colcon.colcon_core.package_identification:Package 'src/real_sender' with type 'ros.ament_python' and name 'real_sender'
[1.373s] Level 1:colcon.colcon_core.package_discovery:discover_packages(recursive) using defaults
[1.373s] Level 1:colcon.colcon_core.package_discovery:discover_packages(ignore) discover
[1.373s] Level 1:colcon.colcon_core.package_discovery:discover_packages(ignore) using defaults
[1.373s] Level 1:colcon.colcon_core.package_discovery:discover_packages(path) discover
[1.373s] Level 1:colcon.colcon_core.package_discovery:discover_packages(path) using defaults
[1.449s] Level 5:colcon.colcon_core.verb:set package 'message_info' build argument 'cmake_args' from command line to 'None'
[1.449s] Level 5:colcon.colcon_core.verb:set package 'message_info' build argument 'cmake_target' from command line to 'None'
[1.450s] Level 5:colcon.colcon_core.verb:set package 'message_info' build argument 'cmake_target_skip_unavailable' from command line to 'False'
[1.450s] Level 5:colcon.colcon_core.verb:set package 'message_info' build argument 'cmake_clean_cache' from command line to 'False'
[1.450s] Level 5:colcon.colcon_core.verb:set package 'message_info' build argument 'cmake_clean_first' from command line to 'False'
[1.450s] Level 5:colcon.colcon_core.verb:set package 'message_info' build argument 'cmake_force_configure' from command line to 'False'
[1.450s] Level 5:colcon.colcon_core.verb:set package 'message_info' build argument 'ament_cmake_args' from command line to 'None'
[1.450s] Level 5:colcon.colcon_core.verb:set package 'message_info' build argument 'catkin_cmake_args' from command line to 'None'
[1.450s] Level 5:colcon.colcon_core.verb:set package 'message_info' build argument 'catkin_skip_building_tests' from command line to 'False'
[1.450s] DEBUG:colcon.colcon_core.verb:Building package 'message_info' with the following arguments: {'ament_cmake_args': None, 'build_base': '/home/ubuntu/SSLRasp/build/message_info', 'catkin_cmake_args': None, 'catkin_skip_building_tests': False, 'cmake_args': None, 'cmake_clean_cache': False, 'cmake_clean_first': False, 'cmake_force_configure': False, 'cmake_target': None, 'cmake_target_skip_unavailable': False, 'install_base': '/home/ubuntu/SSLRasp/install/message_info', 'merge_install': False, 'path': '/home/ubuntu/SSLRasp/src/message_info', 'symlink_install': False, 'test_result_base': None}
[1.461s] Level 5:colcon.colcon_core.verb:set package 'real_sender' build argument 'cmake_args' from command line to 'None'
[1.462s] Level 5:colcon.colcon_core.verb:set package 'real_sender' build argument 'cmake_target' from command line to 'None'
[1.462s] Level 5:colcon.colcon_core.verb:set package 'real_sender' build argument 'cmake_target_skip_unavailable' from command line to 'False'
[1.462s] Level 5:colcon.colcon_core.verb:set package 'real_sender' build argument 'cmake_clean_cache' from command line to 'False'
[1.462s] Level 5:colcon.colcon_core.verb:set package 'real_sender' build argument 'cmake_clean_first' from command line to 'False'
[1.462s] Level 5:colcon.colcon_core.verb:set package 'real_sender' build argument 'cmake_force_configure' from command line to 'False'
[1.462s] Level 5:colcon.colcon_core.verb:set package 'real_sender' build argument 'ament_cmake_args' from command line to 'None'
[1.462s] Level 5:colcon.colcon_core.verb:set package 'real_sender' build argument 'catkin_cmake_args' from command line to 'None'
[1.462s] Level 5:colcon.colcon_core.verb:set package 'real_sender' build argument 'catkin_skip_building_tests' from command line to 'False'
[1.463s] DEBUG:colcon.colcon_core.verb:Building package 'real_sender' with the following arguments: {'ament_cmake_args': None, 'build_base': '/home/ubuntu/SSLRasp/build/real_sender', 'catkin_cmake_args': None, 'catkin_skip_building_tests': False, 'cmake_args': None, 'cmake_clean_cache': False, 'cmake_clean_first': False, 'cmake_force_configure': False, 'cmake_target': None, 'cmake_target_skip_unavailable': False, 'install_base': '/home/ubuntu/SSLRasp/install/real_sender', 'merge_install': False, 'path': '/home/ubuntu/SSLRasp/src/real_sender', 'symlink_install': False, 'test_result_base': None}
[1.473s] Level 5:colcon.colcon_core.verb:set package 'main' build argument 'cmake_args' from command line to 'None'
[1.473s] Level 5:colcon.colcon_core.verb:set package 'main' build argument 'cmake_target' from command line to 'None'
[1.473s] Level 5:colcon.colcon_core.verb:set package 'main' build argument 'cmake_target_skip_unavailable' from command line to 'False'
[1.473s] Level 5:colcon.colcon_core.verb:set package 'main' build argument 'cmake_clean_cache' from command line to 'False'
[1.474s] Level 5:colcon.colcon_core.verb:set package 'main' build argument 'cmake_clean_first' from command line to 'False'
[1.474s] Level 5:colcon.colcon_core.verb:set package 'main' build argument 'cmake_force_configure' from command line to 'False'
[1.474s] Level 5:colcon.colcon_core.verb:set package 'main' build argument 'ament_cmake_args' from command line to 'None'
[1.474s] Level 5:colcon.colcon_core.verb:set package 'main' build argument 'catkin_cmake_args' from command line to 'None'
[1.474s] Level 5:colcon.colcon_core.verb:set package 'main' build argument 'catkin_skip_building_tests' from command line to 'False'
[1.474s] DEBUG:colcon.colcon_core.verb:Building package 'main' with the following arguments: {'ament_cmake_args': None, 'build_base': '/home/ubuntu/SSLRasp/build/main', 'catkin_cmake_args': None, 'catkin_skip_building_tests': False, 'cmake_args': None, 'cmake_clean_cache': False, 'cmake_clean_first': False, 'cmake_force_configure': False, 'cmake_target': None, 'cmake_target_skip_unavailable': False, 'install_base': '/home/ubuntu/SSLRasp/install/main', 'merge_install': False, 'path': '/home/ubuntu/SSLRasp/src/main', 'symlink_install': False, 'test_result_base': None}
[1.475s] INFO:colcon.colcon_core.executor:Executing jobs using 'parallel' executor
[1.483s] DEBUG:colcon.colcon_parallel_executor.executor.parallel:run_until_complete
[1.484s] INFO:colcon.colcon_ros.task.ament_cmake.build:Building ROS package in '/home/ubuntu/SSLRasp/src/message_info' with build type 'ament_cmake'
[1.484s] INFO:colcon.colcon_cmake.task.cmake.build:Building CMake package in '/home/ubuntu/SSLRasp/src/message_info'
[1.500s] INFO:colcon.colcon_core.plugin_system:Skipping extension 'colcon_core.shell.bat': Not used on non-Windows systems
[1.500s] INFO:colcon.colcon_core.shell:Skip shell extension 'powershell' for command environment: Not usable outside of PowerShell
[1.501s] DEBUG:colcon.colcon_core.shell:Skip shell extension 'dsv' for command environment
[1.512s] DEBUG:colcon.colcon_core.shell:Ignoring prefix path '/opt/ros/foxy'
[1.523s] INFO:colcon.colcon_ros.task.ament_python.build:Building ROS package in '/home/ubuntu/SSLRasp/src/real_sender' with build type 'ament_python'
[1.524s] Level 1:colcon.colcon_core.shell:create_environment_hook('real_sender', 'ament_prefix_path')
[1.528s] INFO:colcon.colcon_core.shell:Creating environment hook '/home/ubuntu/SSLRasp/install/real_sender/share/real_sender/hook/ament_prefix_path.ps1'
[1.532s] INFO:colcon.colcon_core.shell:Creating environment descriptor '/home/ubuntu/SSLRasp/install/real_sender/share/real_sender/hook/ament_prefix_path.dsv'
[1.534s] INFO:colcon.colcon_core.shell:Creating environment hook '/home/ubuntu/SSLRasp/install/real_sender/share/real_sender/hook/ament_prefix_path.sh'
[1.539s] INFO:colcon.colcon_core.shell:Skip shell extension 'powershell' for command environment: Not usable outside of PowerShell
[1.539s] DEBUG:colcon.colcon_core.shell:Skip shell extension 'dsv' for command environment
[1.548s] DEBUG:colcon.colcon_core.shell:Ignoring prefix path '/opt/ros/foxy'
[1.574s] DEBUG:colcon.colcon_core.event_handler.log_command:Invoking command in '/home/ubuntu/SSLRasp/build/message_info': CMAKE_PREFIX_PATH=${CMAKE_PREFIX_PATH}:/home/ubuntu/SSLRasp/install/real_sender:/opt/ros/foxy /usr/bin/cmake --build /home/ubuntu/SSLRasp/build/message_info -- -j4 -l4
[2.749s] WARNING:colcon.colcon_ros.task.ament_python.build:Package 'real_sender' doesn't explicitly install a marker in the package index (colcon-ros currently does it implicitly but that fallback will be removed in the future)
[2.751s] WARNING:colcon.colcon_ros.task.ament_python.build:Package 'real_sender' doesn't explicitly install the 'package.xml' file (colcon-ros currently does it implicitly but that fallback will be removed in the future)
[2.753s] INFO:colcon.colcon_core.task.python.build:Building Python package in '/home/ubuntu/SSLRasp/src/real_sender'
[2.757s] INFO:colcon.colcon_core.shell:Skip shell extension 'powershell' for command environment: Not usable outside of PowerShell
[2.757s] DEBUG:colcon.colcon_core.shell:Skip shell extension 'dsv' for command environment
[2.771s] DEBUG:colcon.colcon_core.shell:Ignoring prefix path '/opt/ros/foxy'
[2.801s] DEBUG:colcon.colcon_core.event_handler.log_command:Invoking command in '/home/ubuntu/SSLRasp/src/real_sender': PYTHONPATH=/home/ubuntu/SSLRasp/install/real_sender/lib/python3.8/site-packages:${PYTHONPATH} /usr/bin/python3 setup.py egg_info --egg-base ../../build/real_sender build --build-base /home/ubuntu/SSLRasp/build/real_sender/build install --prefix /home/ubuntu/SSLRasp/install/real_sender --record /home/ubuntu/SSLRasp/build/real_sender/install.log --single-version-externally-managed
[2.960s] DEBUG:colcon.colcon_core.event_handler.log_command:Invoked command in '/home/ubuntu/SSLRasp/build/message_info' returned '0': CMAKE_PREFIX_PATH=${CMAKE_PREFIX_PATH}:/home/ubuntu/SSLRasp/install/real_sender:/opt/ros/foxy /usr/bin/cmake --build /home/ubuntu/SSLRasp/build/message_info -- -j4 -l4
[4.212s] DEBUG:colcon.colcon_core.event_handler.log_command:Invoked command in '/home/ubuntu/SSLRasp/src/real_sender' returned '0': PYTHONPATH=/home/ubuntu/SSLRasp/install/real_sender/lib/python3.8/site-packages:${PYTHONPATH} /usr/bin/python3 setup.py egg_info --egg-base ../../build/real_sender build --build-base /home/ubuntu/SSLRasp/build/real_sender/build install --prefix /home/ubuntu/SSLRasp/install/real_sender --record /home/ubuntu/SSLRasp/build/real_sender/install.log --single-version-externally-managed
[4.228s] Level 1:colcon.colcon_core.environment:checking '/home/ubuntu/SSLRasp/install/real_sender' for CMake module files
[4.231s] Level 1:colcon.colcon_core.environment:checking '/home/ubuntu/SSLRasp/install/real_sender' for CMake config files
[4.235s] Level 1:colcon.colcon_core.environment:checking '/home/ubuntu/SSLRasp/install/real_sender/lib'
[4.236s] Level 1:colcon.colcon_core.environment:checking '/home/ubuntu/SSLRasp/install/real_sender/bin'
[4.236s] Level 1:colcon.colcon_core.environment:checking '/home/ubuntu/SSLRasp/install/real_sender/lib/pkgconfig/real_sender.pc'
[4.237s] Level 1:colcon.colcon_core.environment:checking '/home/ubuntu/SSLRasp/install/real_sender/lib/python3.8/site-packages'
[4.237s] Level 1:colcon.colcon_core.shell:create_environment_hook('real_sender', 'pythonpath')
[4.239s] INFO:colcon.colcon_core.shell:Creating environment hook '/home/ubuntu/SSLRasp/install/real_sender/share/real_sender/hook/pythonpath.ps1'
[4.242s] INFO:colcon.colcon_core.shell:Creating environment descriptor '/home/ubuntu/SSLRasp/install/real_sender/share/real_sender/hook/pythonpath.dsv'
[4.244s] INFO:colcon.colcon_core.shell:Creating environment hook '/home/ubuntu/SSLRasp/install/real_sender/share/real_sender/hook/pythonpath.sh'
[4.246s] Level 1:colcon.colcon_core.environment:create_environment_scripts_only(real_sender)
[4.249s] INFO:colcon.colcon_core.shell:Creating package script '/home/ubuntu/SSLRasp/install/real_sender/share/real_sender/package.ps1'
[4.257s] INFO:colcon.colcon_core.shell:Creating package descriptor '/home/ubuntu/SSLRasp/install/real_sender/share/real_sender/package.dsv'
[4.261s] INFO:colcon.colcon_core.shell:Creating package script '/home/ubuntu/SSLRasp/install/real_sender/share/real_sender/package.sh'
[4.264s] INFO:colcon.colcon_core.shell:Creating package script '/home/ubuntu/SSLRasp/install/real_sender/share/real_sender/package.bash'
[4.268s] INFO:colcon.colcon_core.shell:Creating package script '/home/ubuntu/SSLRasp/install/real_sender/share/real_sender/package.zsh'
[4.271s] Level 1:colcon.colcon_core.environment:create_file_with_runtime_dependencies(/home/ubuntu/SSLRasp/install/real_sender/share/colcon-core/packages/real_sender)
[4.928s] DEBUG:colcon.colcon_core.event_handler.log_command:Invoking command in '/home/ubuntu/SSLRasp/build/message_info': CMAKE_PREFIX_PATH=${CMAKE_PREFIX_PATH}:/home/ubuntu/SSLRasp/install/real_sender:/opt/ros/foxy /usr/bin/cmake --install /home/ubuntu/SSLRasp/build/message_info
[5.291s] Level 1:colcon.colcon_core.environment:create_environment_scripts_only(message_info)
[5.295s] Level 1:colcon.colcon_core.environment:checking '/home/ubuntu/SSLRasp/install/message_info' for CMake module files
[5.297s] DEBUG:colcon.colcon_core.event_handler.log_command:Invoked command in '/home/ubuntu/SSLRasp/build/message_info' returned '0': CMAKE_PREFIX_PATH=${CMAKE_PREFIX_PATH}:/home/ubuntu/SSLRasp/install/real_sender:/opt/ros/foxy /usr/bin/cmake --install /home/ubuntu/SSLRasp/build/message_info
[5.300s] Level 1:colcon.colcon_core.environment:checking '/home/ubuntu/SSLRasp/install/message_info' for CMake config files
[5.304s] Level 1:colcon.colcon_core.shell:create_environment_hook('message_info', 'cmake_prefix_path')
[5.306s] INFO:colcon.colcon_core.shell:Creating environment hook '/home/ubuntu/SSLRasp/install/message_info/share/message_info/hook/cmake_prefix_path.ps1'
[5.309s] INFO:colcon.colcon_core.shell:Creating environment descriptor '/home/ubuntu/SSLRasp/install/message_info/share/message_info/hook/cmake_prefix_path.dsv'
[5.310s] INFO:colcon.colcon_core.shell:Creating environment hook '/home/ubuntu/SSLRasp/install/message_info/share/message_info/hook/cmake_prefix_path.sh'
[5.313s] Level 1:colcon.colcon_core.environment:checking '/home/ubuntu/SSLRasp/install/message_info/lib'
[5.314s] Level 1:colcon.colcon_core.shell:create_environment_hook('message_info', 'ld_library_path_lib')
[5.316s] INFO:colcon.colcon_core.shell:Creating environment hook '/home/ubuntu/SSLRasp/install/message_info/share/message_info/hook/ld_library_path_lib.ps1'
[5.318s] INFO:colcon.colcon_core.shell:Creating environment descriptor '/home/ubuntu/SSLRasp/install/message_info/share/message_info/hook/ld_library_path_lib.dsv'
[5.319s] INFO:colcon.colcon_core.shell:Creating environment hook '/home/ubuntu/SSLRasp/install/message_info/share/message_info/hook/ld_library_path_lib.sh'
[5.321s] Level 1:colcon.colcon_core.environment:checking '/home/ubuntu/SSLRasp/install/message_info/bin'
[5.321s] Level 1:colcon.colcon_core.environment:checking '/home/ubuntu/SSLRasp/install/message_info/lib/pkgconfig/message_info.pc'
[5.322s] Level 1:colcon.colcon_core.environment:checking '/home/ubuntu/SSLRasp/install/message_info/lib/python3.8/site-packages'
[5.322s] Level 1:colcon.colcon_core.shell:create_environment_hook('message_info', 'pythonpath')
[5.324s] INFO:colcon.colcon_core.shell:Creating environment hook '/home/ubuntu/SSLRasp/install/message_info/share/message_info/hook/pythonpath.ps1'
[5.326s] INFO:colcon.colcon_core.shell:Creating environment descriptor '/home/ubuntu/SSLRasp/install/message_info/share/message_info/hook/pythonpath.dsv'
[5.327s] INFO:colcon.colcon_core.shell:Creating environment hook '/home/ubuntu/SSLRasp/install/message_info/share/message_info/hook/pythonpath.sh'
[5.331s] INFO:colcon.colcon_core.shell:Creating package script '/home/ubuntu/SSLRasp/install/message_info/share/message_info/package.ps1'
[5.334s] INFO:colcon.colcon_core.shell:Creating package descriptor '/home/ubuntu/SSLRasp/install/message_info/share/message_info/package.dsv'
[5.336s] INFO:colcon.colcon_core.shell:Creating package script '/home/ubuntu/SSLRasp/install/message_info/share/message_info/package.sh'
[5.338s] INFO:colcon.colcon_core.shell:Creating package script '/home/ubuntu/SSLRasp/install/message_info/share/message_info/package.bash'
[5.340s] INFO:colcon.colcon_core.shell:Creating package script '/home/ubuntu/SSLRasp/install/message_info/share/message_info/package.zsh'
[5.341s] Level 1:colcon.colcon_core.environment:create_file_with_runtime_dependencies(/home/ubuntu/SSLRasp/install/message_info/share/colcon-core/packages/message_info)
[7.414s] Level 1:colcon.colcon_core.environment:create_environment_scripts_only(message_info)
[7.418s] Level 1:colcon.colcon_core.environment:checking '/home/ubuntu/SSLRasp/install/message_info' for CMake module files
[7.423s] Level 1:colcon.colcon_core.environment:checking '/home/ubuntu/SSLRasp/install/message_info' for CMake config files
[7.427s] Level 1:colcon.colcon_core.shell:create_environment_hook('message_info', 'cmake_prefix_path')
[7.430s] INFO:colcon.colcon_core.shell:Creating environment hook '/home/ubuntu/SSLRasp/install/message_info/share/message_info/hook/cmake_prefix_path.ps1'
[7.432s] INFO:colcon.colcon_core.shell:Creating environment descriptor '/home/ubuntu/SSLRasp/install/message_info/share/message_info/hook/cmake_prefix_path.dsv'
[7.434s] INFO:colcon.colcon_core.shell:Creating environment hook '/home/ubuntu/SSLRasp/install/message_info/share/message_info/hook/cmake_prefix_path.sh'
[7.436s] Level 1:colcon.colcon_core.environment:checking '/home/ubuntu/SSLRasp/install/message_info/lib'
[7.437s] Level 1:colcon.colcon_core.shell:create_environment_hook('message_info', 'ld_library_path_lib')
[7.439s] INFO:colcon.colcon_core.shell:Creating environment hook '/home/ubuntu/SSLRasp/install/message_info/share/message_info/hook/ld_library_path_lib.ps1'
[7.441s] INFO:colcon.colcon_core.shell:Creating environment descriptor '/home/ubuntu/SSLRasp/install/message_info/share/message_info/hook/ld_library_path_lib.dsv'
[7.442s] INFO:colcon.colcon_core.shell:Creating environment hook '/home/ubuntu/SSLRasp/install/message_info/share/message_info/hook/ld_library_path_lib.sh'
[7.444s] Level 1:colcon.colcon_core.environment:checking '/home/ubuntu/SSLRasp/install/message_info/bin'
[7.444s] Level 1:colcon.colcon_core.environment:checking '/home/ubuntu/SSLRasp/install/message_info/lib/pkgconfig/message_info.pc'
[7.445s] Level 1:colcon.colcon_core.environment:checking '/home/ubuntu/SSLRasp/install/message_info/lib/python3.8/site-packages'
[7.445s] Level 1:colcon.colcon_core.shell:create_environment_hook('message_info', 'pythonpath')
[7.447s] INFO:colcon.colcon_core.shell:Creating environment hook '/home/ubuntu/SSLRasp/install/message_info/share/message_info/hook/pythonpath.ps1'
[7.449s] INFO:colcon.colcon_core.shell:Creating environment descriptor '/home/ubuntu/SSLRasp/install/message_info/share/message_info/hook/pythonpath.dsv'
[7.451s] INFO:colcon.colcon_core.shell:Creating environment hook '/home/ubuntu/SSLRasp/install/message_info/share/message_info/hook/pythonpath.sh'
[7.455s] INFO:colcon.colcon_core.shell:Creating package script '/home/ubuntu/SSLRasp/install/message_info/share/message_info/package.ps1'
[7.457s] INFO:colcon.colcon_core.shell:Creating package descriptor '/home/ubuntu/SSLRasp/install/message_info/share/message_info/package.dsv'
[7.460s] INFO:colcon.colcon_core.shell:Creating package script '/home/ubuntu/SSLRasp/install/message_info/share/message_info/package.sh'
[7.462s] INFO:colcon.colcon_core.shell:Creating package script '/home/ubuntu/SSLRasp/install/message_info/share/message_info/package.bash'
[7.463s] INFO:colcon.colcon_core.shell:Creating package script '/home/ubuntu/SSLRasp/install/message_info/share/message_info/package.zsh'
[7.465s] Level 1:colcon.colcon_core.environment:create_file_with_runtime_dependencies(/home/ubuntu/SSLRasp/install/message_info/share/colcon-core/packages/message_info)
[7.467s] INFO:colcon.colcon_ros.task.ament_cmake.build:Building ROS package in '/home/ubuntu/SSLRasp/src/main' with build type 'ament_cmake'
[7.467s] INFO:colcon.colcon_cmake.task.cmake.build:Building CMake package in '/home/ubuntu/SSLRasp/src/main'
[7.470s] INFO:colcon.colcon_core.shell:Skip shell extension 'powershell' for command environment: Not usable outside of PowerShell
[7.470s] DEBUG:colcon.colcon_core.shell:Skip shell extension 'dsv' for command environment
[7.480s] DEBUG:colcon.colcon_core.shell:Ignoring prefix path '/opt/ros/foxy'
[7.526s] DEBUG:colcon.colcon_core.event_handler.log_command:Invoking command in '/home/ubuntu/SSLRasp/build/main': CMAKE_PREFIX_PATH=/home/ubuntu/SSLRasp/install/message_info:/home/ubuntu/SSLRasp/install/main:/home/ubuntu/SSLRasp/install/real_sender:/opt/ros/foxy PYTHONPATH=/home/ubuntu/SSLRasp/install/message_info/lib/python3.8/site-packages:/home/ubuntu/SSLRasp/install/real_sender/lib/python3.8/site-packages:/opt/ros/foxy/lib/python3.8/site-packages /usr/bin/cmake --build /home/ubuntu/SSLRasp/build/main -- -j4 -l4
[7.858s] DEBUG:colcon.colcon_core.event_handler.log_command:Invoked command in '/home/ubuntu/SSLRasp/build/main' returned '0': CMAKE_PREFIX_PATH=/home/ubuntu/SSLRasp/install/message_info:/home/ubuntu/SSLRasp/install/main:/home/ubuntu/SSLRasp/install/real_sender:/opt/ros/foxy PYTHONPATH=/home/ubuntu/SSLRasp/install/message_info/lib/python3.8/site-packages:/home/ubuntu/SSLRasp/install/real_sender/lib/python3.8/site-packages:/opt/ros/foxy/lib/python3.8/site-packages /usr/bin/cmake --build /home/ubuntu/SSLRasp/build/main -- -j4 -l4
[7.988s] DEBUG:colcon.colcon_core.event_handler.log_command:Invoking command in '/home/ubuntu/SSLRasp/build/main': CMAKE_PREFIX_PATH=/home/ubuntu/SSLRasp/install/message_info:/home/ubuntu/SSLRasp/install/main:/home/ubuntu/SSLRasp/install/real_sender:/opt/ros/foxy PYTHONPATH=/home/ubuntu/SSLRasp/install/message_info/lib/python3.8/site-packages:/home/ubuntu/SSLRasp/install/real_sender/lib/python3.8/site-packages:/opt/ros/foxy/lib/python3.8/site-packages /usr/bin/cmake --install /home/ubuntu/SSLRasp/build/main
[8.037s] Level 1:colcon.colcon_core.environment:create_environment_scripts_only(main)
[8.042s] Level 1:colcon.colcon_core.environment:checking '/home/ubuntu/SSLRasp/install/main' for CMake module files
[8.044s] DEBUG:colcon.colcon_core.event_handler.log_command:Invoked command in '/home/ubuntu/SSLRasp/build/main' returned '0': CMAKE_PREFIX_PATH=/home/ubuntu/SSLRasp/install/message_info:/home/ubuntu/SSLRasp/install/main:/home/ubuntu/SSLRasp/install/real_sender:/opt/ros/foxy PYTHONPATH=/home/ubuntu/SSLRasp/install/message_info/lib/python3.8/site-packages:/home/ubuntu/SSLRasp/install/real_sender/lib/python3.8/site-packages:/opt/ros/foxy/lib/python3.8/site-packages /usr/bin/cmake --install /home/ubuntu/SSLRasp/build/main
[8.046s] Level 1:colcon.colcon_core.environment:checking '/home/ubuntu/SSLRasp/install/main' for CMake config files
[8.047s] Level 1:colcon.colcon_core.shell:create_environment_hook('main', 'cmake_prefix_path')
[8.050s] INFO:colcon.colcon_core.shell:Creating environment hook '/home/ubuntu/SSLRasp/install/main/share/main/hook/cmake_prefix_path.ps1'
[8.052s] INFO:colcon.colcon_core.shell:Creating environment descriptor '/home/ubuntu/SSLRasp/install/main/share/main/hook/cmake_prefix_path.dsv'
[8.054s] INFO:colcon.colcon_core.shell:Creating environment hook '/home/ubuntu/SSLRasp/install/main/share/main/hook/cmake_prefix_path.sh'
[8.056s] Level 1:colcon.colcon_core.environment:checking '/home/ubuntu/SSLRasp/install/main/lib'
[8.057s] Level 1:colcon.colcon_core.environment:checking '/home/ubuntu/SSLRasp/install/main/bin'
[8.057s] Level 1:colcon.colcon_core.environment:checking '/home/ubuntu/SSLRasp/install/main/lib/pkgconfig/main.pc'
[8.057s] Level 1:colcon.colcon_core.environment:checking '/home/ubuntu/SSLRasp/install/main/lib/python3.8/site-packages'
[8.060s] INFO:colcon.colcon_core.shell:Creating package script '/home/ubuntu/SSLRasp/install/main/share/main/package.ps1'
[8.062s] INFO:colcon.colcon_core.shell:Creating package descriptor '/home/ubuntu/SSLRasp/install/main/share/main/package.dsv'
[8.064s] INFO:colcon.colcon_core.shell:Creating package script '/home/ubuntu/SSLRasp/install/main/share/main/package.sh'
[8.065s] INFO:colcon.colcon_core.shell:Creating package script '/home/ubuntu/SSLRasp/install/main/share/main/package.bash'
[8.067s] INFO:colcon.colcon_core.shell:Creating package script '/home/ubuntu/SSLRasp/install/main/share/main/package.zsh'
[8.068s] Level 1:colcon.colcon_core.environment:create_file_with_runtime_dependencies(/home/ubuntu/SSLRasp/install/main/share/colcon-core/packages/main)
[8.192s] Level 1:colcon.colcon_core.environment:create_environment_scripts_only(main)
[8.196s] Level 1:colcon.colcon_core.environment:checking '/home/ubuntu/SSLRasp/install/main' for CMake module files
[8.200s] Level 1:colcon.colcon_core.environment:checking '/home/ubuntu/SSLRasp/install/main' for CMake config files
[8.202s] Level 1:colcon.colcon_core.shell:create_environment_hook('main', 'cmake_prefix_path')
[8.204s] INFO:colcon.colcon_core.shell:Creating environment hook '/home/ubuntu/SSLRasp/install/main/share/main/hook/cmake_prefix_path.ps1'
[8.207s] INFO:colcon.colcon_core.shell:Creating environment descriptor '/home/ubuntu/SSLRasp/install/main/share/main/hook/cmake_prefix_path.dsv'
[8.208s] INFO:colcon.colcon_core.shell:Creating environment hook '/home/ubuntu/SSLRasp/install/main/share/main/hook/cmake_prefix_path.sh'
[8.211s] Level 1:colcon.colcon_core.environment:checking '/home/ubuntu/SSLRasp/install/main/lib'
[8.212s] Level 1:colcon.colcon_core.environment:checking '/home/ubuntu/SSLRasp/install/main/bin'
[8.212s] Level 1:colcon.colcon_core.environment:checking '/home/ubuntu/SSLRasp/install/main/lib/pkgconfig/main.pc'
[8.212s] Level 1:colcon.colcon_core.environment:checking '/home/ubuntu/SSLRasp/install/main/lib/python3.8/site-packages'
[8.215s] INFO:colcon.colcon_core.shell:Creating package script '/home/ubuntu/SSLRasp/install/main/share/main/package.ps1'
[8.217s] INFO:colcon.colcon_core.shell:Creating package descriptor '/home/ubuntu/SSLRasp/install/main/share/main/package.dsv'
[8.219s] INFO:colcon.colcon_core.shell:Creating package script '/home/ubuntu/SSLRasp/install/main/share/main/package.sh'
[8.221s] INFO:colcon.colcon_core.shell:Creating package script '/home/ubuntu/SSLRasp/install/main/share/main/package.bash'
[8.223s] INFO:colcon.colcon_core.shell:Creating package script '/home/ubuntu/SSLRasp/install/main/share/main/package.zsh'
[8.224s] Level 1:colcon.colcon_core.environment:create_file_with_runtime_dependencies(/home/ubuntu/SSLRasp/install/main/share/colcon-core/packages/main)
[8.226s] DEBUG:colcon.colcon_parallel_executor.executor.parallel:closing loop
[8.227s] DEBUG:colcon.colcon_parallel_executor.executor.parallel:loop closed
[8.227s] DEBUG:colcon.colcon_parallel_executor.executor.parallel:run_until_complete finished with '0'
[8.228s] DEBUG:colcon.colcon_core.event_reactor:joining thread
[8.252s] INFO:colcon.colcon_core.plugin_system:Skipping extension 'colcon_notification.desktop_notification.notify_send': Could not find 'notify-send'
[8.253s] INFO:colcon.colcon_core.plugin_system:Skipping extension 'colcon_notification.desktop_notification.terminal_notifier': Not used on non-Darwin systems
[8.253s] INFO:colcon.colcon_core.plugin_system:Skipping extension 'colcon_notification.desktop_notification.win32': Not used on non-Windows systems
[8.254s] INFO:colcon.colcon_notification.desktop_notification:Sending desktop notification using 'notify2'
[8.256s] DEBUG:colcon.colcon_notification.desktop_notification.notify2:Failed to initialize notify2: org.freedesktop.DBus.Error.ServiceUnknown: The name org.freedesktop.Notifications was not provided by any .service files
[8.257s] DEBUG:colcon.colcon_core.event_reactor:joined thread
[8.259s] INFO:colcon.colcon_core.shell:Creating prefix script '/home/ubuntu/SSLRasp/install/local_setup.ps1'
[8.263s] INFO:colcon.colcon_core.shell:Creating prefix util module '/home/ubuntu/SSLRasp/install/_local_setup_util_ps1.py'
[8.269s] INFO:colcon.colcon_core.shell:Creating prefix chain script '/home/ubuntu/SSLRasp/install/setup.ps1'
[8.280s] INFO:colcon.colcon_core.shell:Creating prefix script '/home/ubuntu/SSLRasp/install/local_setup.sh'
[8.282s] INFO:colcon.colcon_core.shell:Creating prefix util module '/home/ubuntu/SSLRasp/install/_local_setup_util_sh.py'
[8.285s] INFO:colcon.colcon_core.shell:Creating prefix chain script '/home/ubuntu/SSLRasp/install/setup.sh'
[8.295s] INFO:colcon.colcon_core.shell:Creating prefix script '/home/ubuntu/SSLRasp/install/local_setup.bash'
[8.297s] INFO:colcon.colcon_core.shell:Creating prefix chain script '/home/ubuntu/SSLRasp/install/setup.bash'
[8.306s] INFO:colcon.colcon_core.shell:Creating prefix script '/home/ubuntu/SSLRasp/install/local_setup.zsh'
[8.309s] INFO:colcon.colcon_core.shell:Creating prefix chain script '/home/ubuntu/SSLRasp/install/setup.zsh'
