[0.214s] DEBUG:colcon:Command line arguments: ['/usr/bin/colcon', 'build']
[0.214s] DEBUG:colcon:Parsed command line arguments: Namespace(ament_cmake_args=None, base_paths=['.'], build_base='build', catkin_cmake_args=None, catkin_skip_building_tests=False, cmake_args=None, cmake_clean_cache=False, cmake_clean_first=False, cmake_force_configure=False, cmake_target=None, cmake_target_skip_unavailable=False, continue_on_error=False, event_handlers=None, executor='parallel', ignore_user_meta=False, install_base='install', log_base=None, log_level=None, main=<bound method BuildVerb.main of <colcon_core.verb.build.BuildVerb object at 0x7ff39b51a4c0>>, merge_install=False, metas=['./colcon.meta'], packages_above=None, packages_above_and_dependencies=None, packages_above_depth=None, packages_end=None, packages_ignore=None, packages_ignore_regex=None, packages_select=None, packages_select_build_failed=False, packages_select_by_dep=None, packages_select_regex=None, packages_select_test_failures=False, packages_skip=None, packages_skip_build_finished=False, packages_skip_by_dep=None, packages_skip_regex=None, packages_skip_test_passed=False, packages_skip_up_to=None, packages_start=None, packages_up_to=None, packages_up_to_regex=None, parallel_workers=16, paths=None, symlink_install=False, test_result_base=None, verb_extension=<colcon_core.verb.build.BuildVerb object at 0x7ff39b51a4c0>, verb_name='build', verb_parser=<colcon_defaults.argument_parser.defaults.DefaultArgumentsDecorator object at 0x7ff39b51aa00>)
[0.219s] Level 1:colcon.colcon_core.package_discovery:discover_packages(colcon_meta) check parameters
[0.219s] Level 1:colcon.colcon_core.package_discovery:discover_packages(recursive) check parameters
[0.219s] Level 1:colcon.colcon_core.package_discovery:discover_packages(ignore) check parameters
[0.219s] Level 1:colcon.colcon_core.package_discovery:discover_packages(path) check parameters
[0.220s] Level 1:colcon.colcon_core.package_discovery:discover_packages(colcon_meta) discover
[0.220s] Level 1:colcon.colcon_core.package_discovery:discover_packages(recursive) discover
[0.220s] INFO:colcon.colcon_core.package_discovery:Crawling recursively for packages in '/home/rionessl/SSLRasp'
[0.220s] Level 1:colcon.colcon_core.package_identification:_identify(.) by extensions ['ignore', 'ignore_ament_install']
[0.220s] Level 1:colcon.colcon_core.package_identification:_identify(.) by extension 'ignore'
[0.220s] Level 1:colcon.colcon_core.package_identification:_identify(.) by extension 'ignore_ament_install'
[0.220s] Level 1:colcon.colcon_core.package_identification:_identify(.) by extensions ['colcon_pkg']
[0.220s] Level 1:colcon.colcon_core.package_identification:_identify(.) by extension 'colcon_pkg'
[0.220s] Level 1:colcon.colcon_core.package_identification:_identify(.) by extensions ['colcon_meta']
[0.220s] Level 1:colcon.colcon_core.package_identification:_identify(.) by extension 'colcon_meta'
[0.220s] Level 1:colcon.colcon_core.package_identification:_identify(.) by extensions ['ros']
[0.220s] Level 1:colcon.colcon_core.package_identification:_identify(.) by extension 'ros'
[0.231s] Level 1:colcon.colcon_core.package_identification:_identify(.) by extensions ['cmake', 'python']
[0.231s] Level 1:colcon.colcon_core.package_identification:_identify(.) by extension 'cmake'
[0.231s] Level 1:colcon.colcon_core.package_identification:_identify(.) by extension 'python'
[0.231s] Level 1:colcon.colcon_core.package_identification:_identify(.) by extensions ['python_setup_py']
[0.231s] Level 1:colcon.colcon_core.package_identification:_identify(.) by extension 'python_setup_py'
[0.231s] Level 1:colcon.colcon_core.package_identification:_identify(build) by extensions ['ignore', 'ignore_ament_install']
[0.231s] Level 1:colcon.colcon_core.package_identification:_identify(build) by extension 'ignore'
[0.231s] Level 1:colcon.colcon_core.package_identification:_identify(build) ignored
[0.231s] Level 1:colcon.colcon_core.package_identification:_identify(install) by extensions ['ignore', 'ignore_ament_install']
[0.231s] Level 1:colcon.colcon_core.package_identification:_identify(install) by extension 'ignore'
[0.231s] Level 1:colcon.colcon_core.package_identification:_identify(install) ignored
[0.231s] Level 1:colcon.colcon_core.package_identification:_identify(log) by extensions ['ignore', 'ignore_ament_install']
[0.231s] Level 1:colcon.colcon_core.package_identification:_identify(log) by extension 'ignore'
[0.231s] Level 1:colcon.colcon_core.package_identification:_identify(log) ignored
[0.231s] Level 1:colcon.colcon_core.package_identification:_identify(src) by extensions ['ignore', 'ignore_ament_install']
[0.231s] Level 1:colcon.colcon_core.package_identification:_identify(src) by extension 'ignore'
[0.231s] Level 1:colcon.colcon_core.package_identification:_identify(src) by extension 'ignore_ament_install'
[0.231s] Level 1:colcon.colcon_core.package_identification:_identify(src) by extensions ['colcon_pkg']
[0.231s] Level 1:colcon.colcon_core.package_identification:_identify(src) by extension 'colcon_pkg'
[0.231s] Level 1:colcon.colcon_core.package_identification:_identify(src) by extensions ['colcon_meta']
[0.231s] Level 1:colcon.colcon_core.package_identification:_identify(src) by extension 'colcon_meta'
[0.231s] Level 1:colcon.colcon_core.package_identification:_identify(src) by extensions ['ros']
[0.231s] Level 1:colcon.colcon_core.package_identification:_identify(src) by extension 'ros'
[0.231s] Level 1:colcon.colcon_core.package_identification:_identify(src) by extensions ['cmake', 'python']
[0.231s] Level 1:colcon.colcon_core.package_identification:_identify(src) by extension 'cmake'
[0.231s] Level 1:colcon.colcon_core.package_identification:_identify(src) by extension 'python'
[0.232s] Level 1:colcon.colcon_core.package_identification:_identify(src) by extensions ['python_setup_py']
[0.232s] Level 1:colcon.colcon_core.package_identification:_identify(src) by extension 'python_setup_py'
[0.232s] Level 1:colcon.colcon_core.package_identification:_identify(src/message_info) by extensions ['ignore', 'ignore_ament_install']
[0.232s] Level 1:colcon.colcon_core.package_identification:_identify(src/message_info) by extension 'ignore'
[0.232s] Level 1:colcon.colcon_core.package_identification:_identify(src/message_info) by extension 'ignore_ament_install'
[0.232s] Level 1:colcon.colcon_core.package_identification:_identify(src/message_info) by extensions ['colcon_pkg']
[0.232s] Level 1:colcon.colcon_core.package_identification:_identify(src/message_info) by extension 'colcon_pkg'
[0.232s] Level 1:colcon.colcon_core.package_identification:_identify(src/message_info) by extensions ['colcon_meta']
[0.232s] Level 1:colcon.colcon_core.package_identification:_identify(src/message_info) by extension 'colcon_meta'
[0.232s] Level 1:colcon.colcon_core.package_identification:_identify(src/message_info) by extensions ['ros']
[0.232s] Level 1:colcon.colcon_core.package_identification:_identify(src/message_info) by extension 'ros'
[0.234s] DEBUG:colcon.colcon_core.package_identification:Package 'src/message_info' with type 'ros.ament_cmake' and name 'message_info'
[0.234s] Level 1:colcon.colcon_core.package_identification:_identify(src/rasp) by extensions ['ignore', 'ignore_ament_install']
[0.234s] Level 1:colcon.colcon_core.package_identification:_identify(src/rasp) by extension 'ignore'
[0.234s] Level 1:colcon.colcon_core.package_identification:_identify(src/rasp) by extension 'ignore_ament_install'
[0.234s] Level 1:colcon.colcon_core.package_identification:_identify(src/rasp) by extensions ['colcon_pkg']
[0.234s] Level 1:colcon.colcon_core.package_identification:_identify(src/rasp) by extension 'colcon_pkg'
[0.234s] Level 1:colcon.colcon_core.package_identification:_identify(src/rasp) by extensions ['colcon_meta']
[0.234s] Level 1:colcon.colcon_core.package_identification:_identify(src/rasp) by extension 'colcon_meta'
[0.234s] Level 1:colcon.colcon_core.package_identification:_identify(src/rasp) by extensions ['ros']
[0.234s] Level 1:colcon.colcon_core.package_identification:_identify(src/rasp) by extension 'ros'
[0.235s] DEBUG:colcon.colcon_core.package_identification:Package 'src/rasp' with type 'ros.ament_python' and name 'rasp'
[0.235s] Level 1:colcon.colcon_core.package_discovery:discover_packages(recursive) using defaults
[0.235s] Level 1:colcon.colcon_core.package_discovery:discover_packages(ignore) discover
[0.235s] Level 1:colcon.colcon_core.package_discovery:discover_packages(ignore) using defaults
[0.235s] Level 1:colcon.colcon_core.package_discovery:discover_packages(path) discover
[0.235s] Level 1:colcon.colcon_core.package_discovery:discover_packages(path) using defaults
[0.247s] Level 5:colcon.colcon_core.verb:set package 'message_info' build argument 'cmake_args' from command line to 'None'
[0.247s] Level 5:colcon.colcon_core.verb:set package 'message_info' build argument 'cmake_target' from command line to 'None'
[0.247s] Level 5:colcon.colcon_core.verb:set package 'message_info' build argument 'cmake_target_skip_unavailable' from command line to 'False'
[0.247s] Level 5:colcon.colcon_core.verb:set package 'message_info' build argument 'cmake_clean_cache' from command line to 'False'
[0.247s] Level 5:colcon.colcon_core.verb:set package 'message_info' build argument 'cmake_clean_first' from command line to 'False'
[0.247s] Level 5:colcon.colcon_core.verb:set package 'message_info' build argument 'cmake_force_configure' from command line to 'False'
[0.247s] Level 5:colcon.colcon_core.verb:set package 'message_info' build argument 'ament_cmake_args' from command line to 'None'
[0.247s] Level 5:colcon.colcon_core.verb:set package 'message_info' build argument 'catkin_cmake_args' from command line to 'None'
[0.247s] Level 5:colcon.colcon_core.verb:set package 'message_info' build argument 'catkin_skip_building_tests' from command line to 'False'
[0.247s] DEBUG:colcon.colcon_core.verb:Building package 'message_info' with the following arguments: {'ament_cmake_args': None, 'build_base': '/home/rionessl/SSLRasp/build/message_info', 'catkin_cmake_args': None, 'catkin_skip_building_tests': False, 'cmake_args': None, 'cmake_clean_cache': False, 'cmake_clean_first': False, 'cmake_force_configure': False, 'cmake_target': None, 'cmake_target_skip_unavailable': False, 'install_base': '/home/rionessl/SSLRasp/install/message_info', 'merge_install': False, 'path': '/home/rionessl/SSLRasp/src/message_info', 'symlink_install': False, 'test_result_base': None}
[0.249s] Level 5:colcon.colcon_core.verb:set package 'rasp' build argument 'cmake_args' from command line to 'None'
[0.249s] Level 5:colcon.colcon_core.verb:set package 'rasp' build argument 'cmake_target' from command line to 'None'
[0.249s] Level 5:colcon.colcon_core.verb:set package 'rasp' build argument 'cmake_target_skip_unavailable' from command line to 'False'
[0.249s] Level 5:colcon.colcon_core.verb:set package 'rasp' build argument 'cmake_clean_cache' from command line to 'False'
[0.249s] Level 5:colcon.colcon_core.verb:set package 'rasp' build argument 'cmake_clean_first' from command line to 'False'
[0.249s] Level 5:colcon.colcon_core.verb:set package 'rasp' build argument 'cmake_force_configure' from command line to 'False'
[0.249s] Level 5:colcon.colcon_core.verb:set package 'rasp' build argument 'ament_cmake_args' from command line to 'None'
[0.249s] Level 5:colcon.colcon_core.verb:set package 'rasp' build argument 'catkin_cmake_args' from command line to 'None'
[0.249s] Level 5:colcon.colcon_core.verb:set package 'rasp' build argument 'catkin_skip_building_tests' from command line to 'False'
[0.249s] DEBUG:colcon.colcon_core.verb:Building package 'rasp' with the following arguments: {'ament_cmake_args': None, 'build_base': '/home/rionessl/SSLRasp/build/rasp', 'catkin_cmake_args': None, 'catkin_skip_building_tests': False, 'cmake_args': None, 'cmake_clean_cache': False, 'cmake_clean_first': False, 'cmake_force_configure': False, 'cmake_target': None, 'cmake_target_skip_unavailable': False, 'install_base': '/home/rionessl/SSLRasp/install/rasp', 'merge_install': False, 'path': '/home/rionessl/SSLRasp/src/rasp', 'symlink_install': False, 'test_result_base': None}
[0.249s] INFO:colcon.colcon_core.executor:Executing jobs using 'parallel' executor
[0.251s] DEBUG:colcon.colcon_parallel_executor.executor.parallel:run_until_complete
[0.251s] INFO:colcon.colcon_ros.task.ament_cmake.build:Building ROS package in '/home/rionessl/SSLRasp/src/message_info' with build type 'ament_cmake'
[0.251s] INFO:colcon.colcon_cmake.task.cmake.build:Building CMake package in '/home/rionessl/SSLRasp/src/message_info'
[0.253s] INFO:colcon.colcon_core.plugin_system:Skipping extension 'colcon_core.shell.bat': Not used on non-Windows systems
[0.253s] INFO:colcon.colcon_core.shell:Skip shell extension 'powershell' for command environment: Not usable outside of PowerShell
[0.253s] DEBUG:colcon.colcon_core.shell:Skip shell extension 'dsv' for command environment
[0.255s] DEBUG:colcon.colcon_core.shell:Ignoring prefix path '/opt/ros/foxy'
[0.257s] INFO:colcon.colcon_ros.task.ament_python.build:Building ROS package in '/home/rionessl/SSLRasp/src/rasp' with build type 'ament_python'
[0.257s] Level 1:colcon.colcon_core.shell:create_environment_hook('rasp', 'ament_prefix_path')
[0.257s] INFO:colcon.colcon_core.shell:Creating environment hook '/home/rionessl/SSLRasp/install/rasp/share/rasp/hook/ament_prefix_path.ps1'
[0.258s] INFO:colcon.colcon_core.shell:Creating environment descriptor '/home/rionessl/SSLRasp/install/rasp/share/rasp/hook/ament_prefix_path.dsv'
[0.258s] INFO:colcon.colcon_core.shell:Creating environment hook '/home/rionessl/SSLRasp/install/rasp/share/rasp/hook/ament_prefix_path.sh'
[0.259s] INFO:colcon.colcon_core.shell:Skip shell extension 'powershell' for command environment: Not usable outside of PowerShell
[0.259s] DEBUG:colcon.colcon_core.shell:Skip shell extension 'dsv' for command environment
[0.260s] DEBUG:colcon.colcon_core.shell:Ignoring prefix path '/opt/ros/foxy'
[0.268s] DEBUG:colcon.colcon_core.event_handler.log_command:Invoking command in '/home/rionessl/SSLRasp/build/message_info': CMAKE_PREFIX_PATH=${CMAKE_PREFIX_PATH}:/home/rionessl/RiAI/install/real_sender:/opt/ros/foxy /usr/bin/cmake /home/rionessl/SSLRasp/src/message_info -DCMAKE_INSTALL_PREFIX=/home/rionessl/SSLRasp/install/message_info
[0.406s] WARNING:colcon.colcon_ros.task.ament_python.build:Package 'rasp' doesn't explicitly install a marker in the package index (colcon-ros currently does it implicitly but that fallback will be removed in the future)
[0.406s] WARNING:colcon.colcon_ros.task.ament_python.build:Package 'rasp' doesn't explicitly install the 'package.xml' file (colcon-ros currently does it implicitly but that fallback will be removed in the future)
[0.406s] INFO:colcon.colcon_core.task.python.build:Building Python package in '/home/rionessl/SSLRasp/src/rasp'
[0.407s] INFO:colcon.colcon_core.shell:Skip shell extension 'powershell' for command environment: Not usable outside of PowerShell
[0.407s] DEBUG:colcon.colcon_core.shell:Skip shell extension 'dsv' for command environment
[0.409s] DEBUG:colcon.colcon_core.shell:Ignoring prefix path '/opt/ros/foxy'
[0.442s] DEBUG:colcon.colcon_core.event_handler.log_command:Invoking command in '/home/rionessl/SSLRasp/src/rasp': PYTHONPATH=/home/rionessl/SSLRasp/install/rasp/lib/python3.8/site-packages:${PYTHONPATH} /usr/bin/python3 setup.py egg_info --egg-base ../../build/rasp build --build-base /home/rionessl/SSLRasp/build/rasp/build install --prefix /home/rionessl/SSLRasp/install/rasp --record /home/rionessl/SSLRasp/build/rasp/install.log --single-version-externally-managed
[0.619s] DEBUG:colcon.colcon_core.event_handler.log_command:Invoked command in '/home/rionessl/SSLRasp/src/rasp' returned '0': PYTHONPATH=/home/rionessl/SSLRasp/install/rasp/lib/python3.8/site-packages:${PYTHONPATH} /usr/bin/python3 setup.py egg_info --egg-base ../../build/rasp build --build-base /home/rionessl/SSLRasp/build/rasp/build install --prefix /home/rionessl/SSLRasp/install/rasp --record /home/rionessl/SSLRasp/build/rasp/install.log --single-version-externally-managed
[0.622s] Level 1:colcon.colcon_core.environment:checking '/home/rionessl/SSLRasp/install/rasp' for CMake module files
[0.622s] Level 1:colcon.colcon_core.environment:checking '/home/rionessl/SSLRasp/install/rasp' for CMake config files
[0.623s] Level 1:colcon.colcon_core.environment:checking '/home/rionessl/SSLRasp/install/rasp/lib'
[0.623s] Level 1:colcon.colcon_core.environment:checking '/home/rionessl/SSLRasp/install/rasp/bin'
[0.623s] Level 1:colcon.colcon_core.environment:checking '/home/rionessl/SSLRasp/install/rasp/lib/pkgconfig/rasp.pc'
[0.623s] Level 1:colcon.colcon_core.environment:checking '/home/rionessl/SSLRasp/install/rasp/lib/python3.8/site-packages'
[0.624s] Level 1:colcon.colcon_core.shell:create_environment_hook('rasp', 'pythonpath')
[0.624s] INFO:colcon.colcon_core.shell:Creating environment hook '/home/rionessl/SSLRasp/install/rasp/share/rasp/hook/pythonpath.ps1'
[0.625s] INFO:colcon.colcon_core.shell:Creating environment descriptor '/home/rionessl/SSLRasp/install/rasp/share/rasp/hook/pythonpath.dsv'
[0.625s] INFO:colcon.colcon_core.shell:Creating environment hook '/home/rionessl/SSLRasp/install/rasp/share/rasp/hook/pythonpath.sh'
[0.625s] Level 1:colcon.colcon_core.environment:create_environment_scripts_only(rasp)
[0.626s] INFO:colcon.colcon_core.shell:Creating package script '/home/rionessl/SSLRasp/install/rasp/share/rasp/package.ps1'
[0.627s] INFO:colcon.colcon_core.shell:Creating package descriptor '/home/rionessl/SSLRasp/install/rasp/share/rasp/package.dsv'
[0.627s] INFO:colcon.colcon_core.shell:Creating package script '/home/rionessl/SSLRasp/install/rasp/share/rasp/package.sh'
[0.627s] INFO:colcon.colcon_core.shell:Creating package script '/home/rionessl/SSLRasp/install/rasp/share/rasp/package.bash'
[0.628s] INFO:colcon.colcon_core.shell:Creating package script '/home/rionessl/SSLRasp/install/rasp/share/rasp/package.zsh'
[0.628s] Level 1:colcon.colcon_core.environment:create_file_with_runtime_dependencies(/home/rionessl/SSLRasp/install/rasp/share/colcon-core/packages/rasp)
[4.560s] DEBUG:colcon.colcon_core.event_handler.log_command:Invoked command in '/home/rionessl/SSLRasp/build/message_info' returned '0': CMAKE_PREFIX_PATH=${CMAKE_PREFIX_PATH}:/home/rionessl/RiAI/install/real_sender:/opt/ros/foxy /usr/bin/cmake /home/rionessl/SSLRasp/src/message_info -DCMAKE_INSTALL_PREFIX=/home/rionessl/SSLRasp/install/message_info
[4.563s] DEBUG:colcon.colcon_core.event_handler.log_command:Invoking command in '/home/rionessl/SSLRasp/build/message_info': CMAKE_PREFIX_PATH=${CMAKE_PREFIX_PATH}:/home/rionessl/RiAI/install/real_sender:/opt/ros/foxy /usr/bin/cmake --build /home/rionessl/SSLRasp/build/message_info -- -j16 -l16
[14.254s] DEBUG:colcon.colcon_core.event_handler.log_command:Invoked command in '/home/rionessl/SSLRasp/build/message_info' returned '0': CMAKE_PREFIX_PATH=${CMAKE_PREFIX_PATH}:/home/rionessl/RiAI/install/real_sender:/opt/ros/foxy /usr/bin/cmake --build /home/rionessl/SSLRasp/build/message_info -- -j16 -l16
[14.459s] DEBUG:colcon.colcon_core.event_handler.log_command:Invoking command in '/home/rionessl/SSLRasp/build/message_info': CMAKE_PREFIX_PATH=${CMAKE_PREFIX_PATH}:/home/rionessl/RiAI/install/real_sender:/opt/ros/foxy /usr/bin/cmake --install /home/rionessl/SSLRasp/build/message_info
[14.578s] Level 1:colcon.colcon_core.environment:create_environment_scripts_only(message_info)
[14.580s] Level 1:colcon.colcon_core.environment:checking '/home/rionessl/SSLRasp/install/message_info' for CMake module files
[14.580s] DEBUG:colcon.colcon_core.event_handler.log_command:Invoked command in '/home/rionessl/SSLRasp/build/message_info' returned '0': CMAKE_PREFIX_PATH=${CMAKE_PREFIX_PATH}:/home/rionessl/RiAI/install/real_sender:/opt/ros/foxy /usr/bin/cmake --install /home/rionessl/SSLRasp/build/message_info
[14.581s] Level 1:colcon.colcon_core.environment:checking '/home/rionessl/SSLRasp/install/message_info' for CMake config files
[14.582s] Level 1:colcon.colcon_core.shell:create_environment_hook('message_info', 'cmake_prefix_path')
[14.583s] INFO:colcon.colcon_core.shell:Creating environment hook '/home/rionessl/SSLRasp/install/message_info/share/message_info/hook/cmake_prefix_path.ps1'
[14.583s] INFO:colcon.colcon_core.shell:Creating environment descriptor '/home/rionessl/SSLRasp/install/message_info/share/message_info/hook/cmake_prefix_path.dsv'
[14.584s] INFO:colcon.colcon_core.shell:Creating environment hook '/home/rionessl/SSLRasp/install/message_info/share/message_info/hook/cmake_prefix_path.sh'
[14.584s] Level 1:colcon.colcon_core.environment:checking '/home/rionessl/SSLRasp/install/message_info/lib'
[14.584s] Level 1:colcon.colcon_core.shell:create_environment_hook('message_info', 'ld_library_path_lib')
[14.585s] INFO:colcon.colcon_core.shell:Creating environment hook '/home/rionessl/SSLRasp/install/message_info/share/message_info/hook/ld_library_path_lib.ps1'
[14.585s] INFO:colcon.colcon_core.shell:Creating environment descriptor '/home/rionessl/SSLRasp/install/message_info/share/message_info/hook/ld_library_path_lib.dsv'
[14.586s] INFO:colcon.colcon_core.shell:Creating environment hook '/home/rionessl/SSLRasp/install/message_info/share/message_info/hook/ld_library_path_lib.sh'
[14.586s] Level 1:colcon.colcon_core.environment:checking '/home/rionessl/SSLRasp/install/message_info/bin'
[14.586s] Level 1:colcon.colcon_core.environment:checking '/home/rionessl/SSLRasp/install/message_info/lib/pkgconfig/message_info.pc'
[14.586s] Level 1:colcon.colcon_core.environment:checking '/home/rionessl/SSLRasp/install/message_info/lib/python3.8/site-packages'
[14.586s] Level 1:colcon.colcon_core.shell:create_environment_hook('message_info', 'pythonpath')
[14.587s] INFO:colcon.colcon_core.shell:Creating environment hook '/home/rionessl/SSLRasp/install/message_info/share/message_info/hook/pythonpath.ps1'
[14.587s] INFO:colcon.colcon_core.shell:Creating environment descriptor '/home/rionessl/SSLRasp/install/message_info/share/message_info/hook/pythonpath.dsv'
[14.587s] INFO:colcon.colcon_core.shell:Creating environment hook '/home/rionessl/SSLRasp/install/message_info/share/message_info/hook/pythonpath.sh'
[14.588s] INFO:colcon.colcon_core.shell:Creating package script '/home/rionessl/SSLRasp/install/message_info/share/message_info/package.ps1'
[14.589s] INFO:colcon.colcon_core.shell:Creating package descriptor '/home/rionessl/SSLRasp/install/message_info/share/message_info/package.dsv'
[14.590s] INFO:colcon.colcon_core.shell:Creating package script '/home/rionessl/SSLRasp/install/message_info/share/message_info/package.sh'
[14.590s] INFO:colcon.colcon_core.shell:Creating package script '/home/rionessl/SSLRasp/install/message_info/share/message_info/package.bash'
[14.590s] INFO:colcon.colcon_core.shell:Creating package script '/home/rionessl/SSLRasp/install/message_info/share/message_info/package.zsh'
[14.591s] Level 1:colcon.colcon_core.environment:create_file_with_runtime_dependencies(/home/rionessl/SSLRasp/install/message_info/share/colcon-core/packages/message_info)
[14.822s] Level 1:colcon.colcon_core.environment:create_environment_scripts_only(message_info)
[14.824s] Level 1:colcon.colcon_core.environment:checking '/home/rionessl/SSLRasp/install/message_info' for CMake module files
[14.824s] Level 1:colcon.colcon_core.environment:checking '/home/rionessl/SSLRasp/install/message_info' for CMake config files
[14.826s] Level 1:colcon.colcon_core.shell:create_environment_hook('message_info', 'cmake_prefix_path')
[14.826s] INFO:colcon.colcon_core.shell:Creating environment hook '/home/rionessl/SSLRasp/install/message_info/share/message_info/hook/cmake_prefix_path.ps1'
[14.827s] INFO:colcon.colcon_core.shell:Creating environment descriptor '/home/rionessl/SSLRasp/install/message_info/share/message_info/hook/cmake_prefix_path.dsv'
[14.828s] INFO:colcon.colcon_core.shell:Creating environment hook '/home/rionessl/SSLRasp/install/message_info/share/message_info/hook/cmake_prefix_path.sh'
[14.828s] Level 1:colcon.colcon_core.environment:checking '/home/rionessl/SSLRasp/install/message_info/lib'
[14.828s] Level 1:colcon.colcon_core.shell:create_environment_hook('message_info', 'ld_library_path_lib')
[14.829s] INFO:colcon.colcon_core.shell:Creating environment hook '/home/rionessl/SSLRasp/install/message_info/share/message_info/hook/ld_library_path_lib.ps1'
[14.829s] INFO:colcon.colcon_core.shell:Creating environment descriptor '/home/rionessl/SSLRasp/install/message_info/share/message_info/hook/ld_library_path_lib.dsv'
[14.830s] INFO:colcon.colcon_core.shell:Creating environment hook '/home/rionessl/SSLRasp/install/message_info/share/message_info/hook/ld_library_path_lib.sh'
[14.830s] Level 1:colcon.colcon_core.environment:checking '/home/rionessl/SSLRasp/install/message_info/bin'
[14.830s] Level 1:colcon.colcon_core.environment:checking '/home/rionessl/SSLRasp/install/message_info/lib/pkgconfig/message_info.pc'
[14.830s] Level 1:colcon.colcon_core.environment:checking '/home/rionessl/SSLRasp/install/message_info/lib/python3.8/site-packages'
[14.830s] Level 1:colcon.colcon_core.shell:create_environment_hook('message_info', 'pythonpath')
[14.831s] INFO:colcon.colcon_core.shell:Creating environment hook '/home/rionessl/SSLRasp/install/message_info/share/message_info/hook/pythonpath.ps1'
[14.831s] INFO:colcon.colcon_core.shell:Creating environment descriptor '/home/rionessl/SSLRasp/install/message_info/share/message_info/hook/pythonpath.dsv'
[14.831s] INFO:colcon.colcon_core.shell:Creating environment hook '/home/rionessl/SSLRasp/install/message_info/share/message_info/hook/pythonpath.sh'
[14.831s] INFO:colcon.colcon_core.shell:Creating package script '/home/rionessl/SSLRasp/install/message_info/share/message_info/package.ps1'
[14.832s] INFO:colcon.colcon_core.shell:Creating package descriptor '/home/rionessl/SSLRasp/install/message_info/share/message_info/package.dsv'
[14.832s] INFO:colcon.colcon_core.shell:Creating package script '/home/rionessl/SSLRasp/install/message_info/share/message_info/package.sh'
[14.832s] INFO:colcon.colcon_core.shell:Creating package script '/home/rionessl/SSLRasp/install/message_info/share/message_info/package.bash'
[14.833s] INFO:colcon.colcon_core.shell:Creating package script '/home/rionessl/SSLRasp/install/message_info/share/message_info/package.zsh'
[14.833s] Level 1:colcon.colcon_core.environment:create_file_with_runtime_dependencies(/home/rionessl/SSLRasp/install/message_info/share/colcon-core/packages/message_info)
[14.833s] DEBUG:colcon.colcon_parallel_executor.executor.parallel:closing loop
[14.833s] DEBUG:colcon.colcon_parallel_executor.executor.parallel:loop closed
[14.833s] DEBUG:colcon.colcon_parallel_executor.executor.parallel:run_until_complete finished with '0'
[14.833s] DEBUG:colcon.colcon_core.event_reactor:joining thread
[14.843s] INFO:colcon.colcon_core.plugin_system:Skipping extension 'colcon_notification.desktop_notification.terminal_notifier': Not used on non-Darwin systems
[14.843s] INFO:colcon.colcon_core.plugin_system:Skipping extension 'colcon_notification.desktop_notification.win32': Not used on non-Windows systems
[14.843s] INFO:colcon.colcon_notification.desktop_notification:Sending desktop notification using 'notify2'
[14.855s] DEBUG:colcon.colcon_core.event_reactor:joined thread
[14.856s] INFO:colcon.colcon_core.shell:Creating prefix script '/home/rionessl/SSLRasp/install/local_setup.ps1'
[14.858s] INFO:colcon.colcon_core.shell:Creating prefix util module '/home/rionessl/SSLRasp/install/_local_setup_util_ps1.py'
[14.859s] INFO:colcon.colcon_core.shell:Creating prefix chain script '/home/rionessl/SSLRasp/install/setup.ps1'
[14.862s] INFO:colcon.colcon_core.shell:Creating prefix script '/home/rionessl/SSLRasp/install/local_setup.sh'
[14.863s] INFO:colcon.colcon_core.shell:Creating prefix util module '/home/rionessl/SSLRasp/install/_local_setup_util_sh.py'
[14.864s] INFO:colcon.colcon_core.shell:Creating prefix chain script '/home/rionessl/SSLRasp/install/setup.sh'
[14.867s] INFO:colcon.colcon_core.shell:Creating prefix script '/home/rionessl/SSLRasp/install/local_setup.bash'
[14.867s] INFO:colcon.colcon_core.shell:Creating prefix chain script '/home/rionessl/SSLRasp/install/setup.bash'
[14.869s] INFO:colcon.colcon_core.shell:Creating prefix script '/home/rionessl/SSLRasp/install/local_setup.zsh'
[14.869s] INFO:colcon.colcon_core.shell:Creating prefix chain script '/home/rionessl/SSLRasp/install/setup.zsh'
