[0.162s] Invoking command in '/home/rionessl/SSLRasp/build/message_info': CMAKE_PREFIX_PATH=${CMAKE_PREFIX_PATH}:/home/rionessl/RiAI/install/real_sender:/opt/ros/foxy /usr/bin/cmake /home/rionessl/SSLRasp/src/message_info -DCMAKE_INSTALL_PREFIX=/home/rionessl/SSLRasp/install/message_info
[1.071s] -- The C compiler identification is GNU 9.3.0
[1.132s] -- The CXX compiler identification is GNU 9.3.0
[1.161s] -- Check for working C compiler: /usr/bin/cc
[1.234s] -- Check for working C compiler: /usr/bin/cc -- works
[1.248s] -- Detecting C compiler ABI info
[1.301s] -- Detecting C compiler ABI info - done
[1.330s] -- Detecting C compile features
[1.338s] -- Detecting C compile features - done
[1.342s] -- Check for working CXX compiler: /usr/bin/c++
[1.410s] -- Check for working CXX compiler: /usr/bin/c++ -- works
[1.411s] -- Detecting CXX compiler ABI info
[1.483s] -- Detecting CXX compiler ABI info - done
[1.492s] -- Detecting CXX compile features
[1.492s] -- Detecting CXX compile features - done
[1.533s] -- Found ament_cmake: 0.9.8 (/opt/ros/foxy/share/ament_cmake/cmake)
[1.639s] -- Found PythonInterp: /usr/bin/python3 (found suitable version "3.8.5", minimum required is "3") 
[1.639s] -- Using PYTHON_EXECUTABLE: /usr/bin/python3
[1.921s] -- Found rosidl_default_generators: 1.0.0 (/opt/ros/foxy/share/rosidl_default_generators/cmake)
[1.955s] -- Using all available rosidl_typesupport_c: rosidl_typesupport_fastrtps_c;rosidl_typesupport_introspection_c
[1.980s] -- Found rosidl_adapter: 1.2.0 (/opt/ros/foxy/share/rosidl_adapter/cmake)
[2.280s] -- Found OpenSSL: /usr/lib/x86_64-linux-gnu/libcrypto.so (found version "1.1.1f")  
[2.309s] -- Found FastRTPS: /opt/ros/foxy/include  
[2.494s] -- Using all available rosidl_typesupport_cpp: rosidl_typesupport_fastrtps_cpp;rosidl_typesupport_introspection_cpp
[2.559s] -- Found builtin_interfaces: 1.0.0 (/opt/ros/foxy/share/builtin_interfaces/cmake)
[2.606s] -- Found std_msgs: 2.0.3 (/opt/ros/foxy/share/std_msgs/cmake)
[2.680s] -- Found sensor_msgs: 2.0.3 (/opt/ros/foxy/share/sensor_msgs/cmake)
[2.818s] -- OpenSSL Version: 1.1.1f /usr/include /usr/lib/x86_64-linux-gnu/libssl.so;/usr/lib/x86_64-linux-gnu/libcrypto.so
[2.844s] -- Found PythonInterp: /usr/bin/python3 (found version "3.8.5") 
[3.115s] -- Found ament_cmake_ros: 0.9.1 (/opt/ros/foxy/share/ament_cmake_ros/cmake)
[3.443s] -- Using all available rosidl_typesupport_c: rosidl_typesupport_fastrtps_c;rosidl_typesupport_introspection_c
[3.572s] -- Using all available rosidl_typesupport_cpp: rosidl_typesupport_fastrtps_cpp;rosidl_typesupport_introspection_cpp
[3.623s] -- Found PythonInterp: /usr/bin/python3 (found suitable version "3.8.5", minimum required is "3.5") 
[3.626s] -- Found python_cmake_module: 0.8.0 (/opt/ros/foxy/share/python_cmake_module/cmake)
[3.770s] -- Found PythonLibs: /usr/lib/x86_64-linux-gnu/libpython3.8.so (found suitable version "3.8.5", minimum required is "3.5") 
[3.770s] -- Using PYTHON_EXECUTABLE: /usr/bin/python3
[3.770s] -- Using PYTHON_INCLUDE_DIRS: /usr/include/python3.8
[3.770s] -- Using PYTHON_LIBRARIES: /usr/lib/x86_64-linux-gnu/libpython3.8.so
[3.791s] -- Found PythonExtra: .so  
[3.904s] -- Found ament_lint_auto: 0.9.6 (/opt/ros/foxy/share/ament_lint_auto/cmake)
[4.992s] -- Added test 'copyright' to check source files copyright and LICENSE
[4.996s] -- Added test 'lint_cmake' to check CMake code style
[4.998s] -- Added test 'xmllint' to check XML markup files
[5.003s] -- Configuring done
[6.151s] -- Generating done
[6.153s] -- Build files have been written to: /home/rionessl/SSLRasp/build/message_info
[6.160s] Invoked command in '/home/rionessl/SSLRasp/build/message_info' returned '0': CMAKE_PREFIX_PATH=${CMAKE_PREFIX_PATH}:/home/rionessl/RiAI/install/real_sender:/opt/ros/foxy /usr/bin/cmake /home/rionessl/SSLRasp/src/message_info -DCMAKE_INSTALL_PREFIX=/home/rionessl/SSLRasp/install/message_info
[6.163s] Invoking command in '/home/rionessl/SSLRasp/build/message_info': CMAKE_PREFIX_PATH=${CMAKE_PREFIX_PATH}:/home/rionessl/RiAI/install/real_sender:/opt/ros/foxy /usr/bin/cmake --build /home/rionessl/SSLRasp/build/message_info -- -j16 -l16
[6.208s] [35m[1mScanning dependencies of target message_info__cpp[0m
[6.209s] [  1%] [34m[1mGenerating C code for ROS interfaces[0m
[6.217s] [  1%] [34m[1mGenerating C++ code for ROS interfaces[0m
[7.257s] [  1%] Built target message_info__cpp
[7.267s] [  2%] [34m[1mGenerating C++ type support for eProsima Fast-RTPS[0m
[7.269s] [  3%] [34m[1mGenerating C++ type support dispatch for ROS interfaces[0m
[7.269s] [  3%] [34m[1mGenerating C++ introspection for ROS interfaces[0m
[7.334s] [35m[1mScanning dependencies of target message_info__rosidl_generator_c[0m
[7.723s] [  4%] [32mBuilding C object CMakeFiles/message_info__rosidl_generator_c.dir/rosidl_generator_c/message_info/msg/detail/vision_geometry__functions.c.o[0m
[7.723s] [  5%] [32mBuilding C object CMakeFiles/message_info__rosidl_generator_c.dir/rosidl_generator_c/message_info/msg/detail/referee_game_event__functions.c.o[0m
[7.723s] [  5%] [32mBuilding C object CMakeFiles/message_info__rosidl_generator_c.dir/rosidl_generator_c/message_info/msg/detail/field_line_segment__functions.c.o[0m
[7.723s] [  5%] [32mBuilding C object CMakeFiles/message_info__rosidl_generator_c.dir/rosidl_generator_c/message_info/msg/detail/detection_frame__functions.c.o[0m
[7.723s] [  5%] [32mBuilding C object CMakeFiles/message_info__rosidl_generator_c.dir/rosidl_generator_c/message_info/msg/detail/vision_detections__functions.c.o[0m
[7.724s] [  6%] [32mBuilding C object CMakeFiles/message_info__rosidl_generator_c.dir/rosidl_generator_c/message_info/msg/detail/field_circular_arc__functions.c.o[0m
[7.724s] [  7%] [32mBuilding C object CMakeFiles/message_info__rosidl_generator_c.dir/rosidl_generator_c/message_info/msg/detail/robot_commands__functions.c.o[0m
[7.724s] [  8%] [32mBuilding C object CMakeFiles/message_info__rosidl_generator_c.dir/rosidl_generator_c/message_info/msg/detail/referee_team_info__functions.c.o[0m
[7.725s] [  8%] [32mBuilding C object CMakeFiles/message_info__rosidl_generator_c.dir/rosidl_generator_c/message_info/msg/detail/test__functions.c.o[0m
[7.725s] [  8%] [32mBuilding C object CMakeFiles/message_info__rosidl_generator_c.dir/rosidl_generator_c/message_info/msg/detail/referee__functions.c.o[0m
[7.726s] [  9%] [32mBuilding C object CMakeFiles/message_info__rosidl_generator_c.dir/rosidl_generator_c/message_info/msg/detail/detection_ball__functions.c.o[0m
[7.726s] [  9%] [32mBuilding C object CMakeFiles/message_info__rosidl_generator_c.dir/rosidl_generator_c/message_info/msg/detail/detection_robot__functions.c.o[0m
[7.733s] [ 10%] [32mBuilding C object CMakeFiles/message_info__rosidl_generator_c.dir/rosidl_generator_c/message_info/msg/detail/robot_command__functions.c.o[0m
[7.772s] [ 11%] [32mBuilding C object CMakeFiles/message_info__rosidl_generator_c.dir/rosidl_generator_c/message_info/msg/detail/goal_info__functions.c.o[0m
[7.772s] [ 11%] [32mBuilding C object CMakeFiles/message_info__rosidl_generator_c.dir/rosidl_generator_c/message_info/msg/detail/attacker__functions.c.o[0m
[7.772s] [ 11%] [32mBuilding C object CMakeFiles/message_info__rosidl_generator_c.dir/rosidl_generator_c/message_info/msg/detail/role__functions.c.o[0m
[7.774s] [ 12%] [32mBuilding C object CMakeFiles/message_info__rosidl_generator_c.dir/rosidl_generator_c/message_info/msg/detail/ball_info__functions.c.o[0m
[7.777s] [ 13%] [32mBuilding C object CMakeFiles/message_info__rosidl_generator_c.dir/rosidl_generator_c/message_info/msg/detail/info__functions.c.o[0m
[7.778s] [ 14%] [32mBuilding C object CMakeFiles/message_info__rosidl_generator_c.dir/rosidl_generator_c/message_info/msg/detail/goalie__functions.c.o[0m
[7.812s] [ 14%] [32m[1mLinking C shared library libmessage_info__rosidl_generator_c.so[0m
[7.850s] [ 14%] Built target message_info__rosidl_generator_c
[7.860s] [ 15%] [34m[1mGenerating C type support dispatch for ROS interfaces[0m
[7.863s] [ 16%] [34m[1mGenerating C introspection for ROS interfaces[0m
[8.061s] [35m[1mScanning dependencies of target message_info__rosidl_typesupport_cpp[0m
[8.082s] [ 17%] [32mBuilding CXX object CMakeFiles/message_info__rosidl_typesupport_cpp.dir/rosidl_typesupport_cpp/message_info/msg/referee_game_event__type_support.cpp.o[0m
[8.082s] [ 18%] [32mBuilding CXX object CMakeFiles/message_info__rosidl_typesupport_cpp.dir/rosidl_typesupport_cpp/message_info/msg/field_circular_arc__type_support.cpp.o[0m
[8.082s] [ 18%] [32mBuilding CXX object CMakeFiles/message_info__rosidl_typesupport_cpp.dir/rosidl_typesupport_cpp/message_info/msg/referee_team_info__type_support.cpp.o[0m
[8.082s] [ 17%] [32mBuilding CXX object CMakeFiles/message_info__rosidl_typesupport_cpp.dir/rosidl_typesupport_cpp/message_info/msg/referee__type_support.cpp.o[0m
[8.082s] [ 19%] [32mBuilding CXX object CMakeFiles/message_info__rosidl_typesupport_cpp.dir/rosidl_typesupport_cpp/message_info/msg/detection_ball__type_support.cpp.o[0m
[8.082s] [ 20%] [32mBuilding CXX object CMakeFiles/message_info__rosidl_typesupport_cpp.dir/rosidl_typesupport_cpp/message_info/msg/vision_detections__type_support.cpp.o[0m
[8.083s] [ 20%] [32mBuilding CXX object CMakeFiles/message_info__rosidl_typesupport_cpp.dir/rosidl_typesupport_cpp/message_info/msg/robot_command__type_support.cpp.o[0m
[8.085s] [ 21%] [32mBuilding CXX object CMakeFiles/message_info__rosidl_typesupport_cpp.dir/rosidl_typesupport_cpp/message_info/msg/detection_frame__type_support.cpp.o[0m
[8.085s] [ 21%] [32mBuilding CXX object CMakeFiles/message_info__rosidl_typesupport_cpp.dir/rosidl_typesupport_cpp/message_info/msg/vision_geometry__type_support.cpp.o[0m
[8.085s] [ 22%] [32mBuilding CXX object CMakeFiles/message_info__rosidl_typesupport_cpp.dir/rosidl_typesupport_cpp/message_info/msg/detection_robot__type_support.cpp.o[0m
[8.086s] [ 22%] [32mBuilding CXX object CMakeFiles/message_info__rosidl_typesupport_cpp.dir/rosidl_typesupport_cpp/message_info/msg/field_line_segment__type_support.cpp.o[0m
[8.091s] [ 23%] [32mBuilding CXX object CMakeFiles/message_info__rosidl_typesupport_cpp.dir/rosidl_typesupport_cpp/message_info/msg/robot_commands__type_support.cpp.o[0m
[8.379s] [ 24%] [32mBuilding CXX object CMakeFiles/message_info__rosidl_typesupport_cpp.dir/rosidl_typesupport_cpp/message_info/msg/goal_info__type_support.cpp.o[0m
[8.379s] [ 24%] [32mBuilding CXX object CMakeFiles/message_info__rosidl_typesupport_cpp.dir/rosidl_typesupport_cpp/message_info/msg/ball_info__type_support.cpp.o[0m
[8.379s] [ 24%] [32mBuilding CXX object CMakeFiles/message_info__rosidl_typesupport_cpp.dir/rosidl_typesupport_cpp/message_info/msg/test__type_support.cpp.o[0m
[8.386s] [ 25%] [32mBuilding CXX object CMakeFiles/message_info__rosidl_typesupport_cpp.dir/rosidl_typesupport_cpp/message_info/msg/role__type_support.cpp.o[0m
[8.387s] [ 26%] [32mBuilding CXX object CMakeFiles/message_info__rosidl_typesupport_cpp.dir/rosidl_typesupport_cpp/message_info/msg/attacker__type_support.cpp.o[0m
[8.391s] [ 26%] [32mBuilding CXX object CMakeFiles/message_info__rosidl_typesupport_cpp.dir/rosidl_typesupport_cpp/message_info/msg/goalie__type_support.cpp.o[0m
[8.394s] [ 27%] [32mBuilding CXX object CMakeFiles/message_info__rosidl_typesupport_cpp.dir/rosidl_typesupport_cpp/message_info/msg/info__type_support.cpp.o[0m
[8.442s] [35m[1mScanning dependencies of target message_info__rosidl_typesupport_introspection_cpp[0m
[8.472s] [ 27%] [32mBuilding CXX object CMakeFiles/message_info__rosidl_typesupport_introspection_cpp.dir/rosidl_typesupport_introspection_cpp/message_info/msg/detail/referee_team_info__type_support.cpp.o[0m
[8.474s] [ 28%] [32mBuilding CXX object CMakeFiles/message_info__rosidl_typesupport_introspection_cpp.dir/rosidl_typesupport_introspection_cpp/message_info/msg/detail/referee_game_event__type_support.cpp.o[0m
[8.481s] [ 29%] [32mBuilding CXX object CMakeFiles/message_info__rosidl_typesupport_introspection_cpp.dir/rosidl_typesupport_introspection_cpp/message_info/msg/detail/referee__type_support.cpp.o[0m
[8.481s] [ 29%] [32mBuilding CXX object CMakeFiles/message_info__rosidl_typesupport_introspection_cpp.dir/rosidl_typesupport_introspection_cpp/message_info/msg/detail/field_circular_arc__type_support.cpp.o[0m
[8.482s] [ 30%] [32mBuilding CXX object CMakeFiles/message_info__rosidl_typesupport_introspection_cpp.dir/rosidl_typesupport_introspection_cpp/message_info/msg/detail/field_line_segment__type_support.cpp.o[0m
[8.491s] [ 31%] [32mBuilding CXX object CMakeFiles/message_info__rosidl_typesupport_introspection_cpp.dir/rosidl_typesupport_introspection_cpp/message_info/msg/detail/vision_geometry__type_support.cpp.o[0m
[8.632s] [35m[1mScanning dependencies of target message_info__rosidl_typesupport_fastrtps_cpp[0m
[8.665s] [ 31%] [32mBuilding CXX object CMakeFiles/message_info__rosidl_typesupport_introspection_cpp.dir/rosidl_typesupport_introspection_cpp/message_info/msg/detail/detection_ball__type_support.cpp.o[0m
[8.670s] [ 32%] [32mBuilding CXX object CMakeFiles/message_info__rosidl_typesupport_introspection_cpp.dir/rosidl_typesupport_introspection_cpp/message_info/msg/detail/detection_robot__type_support.cpp.o[0m
[8.680s] [ 33%] [32mBuilding CXX object CMakeFiles/message_info__rosidl_typesupport_introspection_cpp.dir/rosidl_typesupport_introspection_cpp/message_info/msg/detail/detection_frame__type_support.cpp.o[0m
[8.680s] [ 33%] [32mBuilding CXX object CMakeFiles/message_info__rosidl_typesupport_introspection_cpp.dir/rosidl_typesupport_introspection_cpp/message_info/msg/detail/vision_detections__type_support.cpp.o[0m
[8.699s] [ 34%] [32mBuilding CXX object CMakeFiles/message_info__rosidl_typesupport_introspection_cpp.dir/rosidl_typesupport_introspection_cpp/message_info/msg/detail/robot_command__type_support.cpp.o[0m
[8.699s] [ 34%] [32mBuilding CXX object CMakeFiles/message_info__rosidl_typesupport_introspection_cpp.dir/rosidl_typesupport_introspection_cpp/message_info/msg/detail/robot_commands__type_support.cpp.o[0m
[8.719s] [ 34%] [32m[1mLinking CXX shared library libmessage_info__rosidl_typesupport_cpp.so[0m
[8.773s] [ 34%] Built target message_info__rosidl_typesupport_cpp
[8.784s] [ 35%] [32mBuilding CXX object CMakeFiles/message_info__rosidl_typesupport_introspection_cpp.dir/rosidl_typesupport_introspection_cpp/message_info/msg/detail/test__type_support.cpp.o[0m
[8.789s] [ 36%] [32mBuilding CXX object CMakeFiles/message_info__rosidl_typesupport_introspection_cpp.dir/rosidl_typesupport_introspection_cpp/message_info/msg/detail/ball_info__type_support.cpp.o[0m
[8.789s] [ 36%] [32mBuilding CXX object CMakeFiles/message_info__rosidl_typesupport_introspection_cpp.dir/rosidl_typesupport_introspection_cpp/message_info/msg/detail/goal_info__type_support.cpp.o[0m
[8.812s] [ 36%] [32mBuilding CXX object CMakeFiles/message_info__rosidl_typesupport_introspection_cpp.dir/rosidl_typesupport_introspection_cpp/message_info/msg/detail/role__type_support.cpp.o[0m
[8.819s] [ 37%] [32mBuilding CXX object CMakeFiles/message_info__rosidl_typesupport_introspection_cpp.dir/rosidl_typesupport_introspection_cpp/message_info/msg/detail/attacker__type_support.cpp.o[0m
[8.833s] [ 37%] [32mBuilding CXX object CMakeFiles/message_info__rosidl_typesupport_introspection_cpp.dir/rosidl_typesupport_introspection_cpp/message_info/msg/detail/goalie__type_support.cpp.o[0m
[8.903s] [ 38%] [32mBuilding CXX object CMakeFiles/message_info__rosidl_typesupport_introspection_cpp.dir/rosidl_typesupport_introspection_cpp/message_info/msg/detail/info__type_support.cpp.o[0m
[8.981s] [ 39%] [32mBuilding CXX object CMakeFiles/message_info__rosidl_typesupport_fastrtps_cpp.dir/rosidl_typesupport_fastrtps_cpp/message_info/msg/detail/dds_fastrtps/referee_game_event__type_support.cpp.o[0m
[8.982s] [ 39%] [32mBuilding CXX object CMakeFiles/message_info__rosidl_typesupport_fastrtps_cpp.dir/rosidl_typesupport_fastrtps_cpp/message_info/msg/detail/dds_fastrtps/referee_team_info__type_support.cpp.o[0m
[9.001s] [ 40%] [32mBuilding CXX object CMakeFiles/message_info__rosidl_typesupport_fastrtps_cpp.dir/rosidl_typesupport_fastrtps_cpp/message_info/msg/detail/dds_fastrtps/referee__type_support.cpp.o[0m
[9.023s] [35m[1mScanning dependencies of target message_info__rosidl_typesupport_c[0m
[9.028s] [ 41%] [32mBuilding CXX object CMakeFiles/message_info__rosidl_typesupport_fastrtps_cpp.dir/rosidl_typesupport_fastrtps_cpp/message_info/msg/detail/dds_fastrtps/field_line_segment__type_support.cpp.o[0m
[9.043s] [ 41%] [32mBuilding CXX object CMakeFiles/message_info__rosidl_typesupport_fastrtps_cpp.dir/rosidl_typesupport_fastrtps_cpp/message_info/msg/detail/dds_fastrtps/field_circular_arc__type_support.cpp.o[0m
[9.052s] [ 41%] [32mBuilding CXX object CMakeFiles/message_info__rosidl_typesupport_c.dir/rosidl_typesupport_c/message_info/msg/referee_game_event__type_support.cpp.o[0m
[9.077s] [ 42%] [32mBuilding CXX object CMakeFiles/message_info__rosidl_typesupport_c.dir/rosidl_typesupport_c/message_info/msg/referee_team_info__type_support.cpp.o[0m
[9.088s] [ 42%] [32mBuilding CXX object CMakeFiles/message_info__rosidl_typesupport_c.dir/rosidl_typesupport_c/message_info/msg/referee__type_support.cpp.o[0m
[9.091s] [ 43%] [32mBuilding CXX object CMakeFiles/message_info__rosidl_typesupport_fastrtps_cpp.dir/rosidl_typesupport_fastrtps_cpp/message_info/msg/detail/dds_fastrtps/vision_geometry__type_support.cpp.o[0m
[9.091s] [ 43%] [32mBuilding CXX object CMakeFiles/message_info__rosidl_typesupport_c.dir/rosidl_typesupport_c/message_info/msg/field_circular_arc__type_support.cpp.o[0m
[9.092s] [ 44%] [32mBuilding CXX object CMakeFiles/message_info__rosidl_typesupport_c.dir/rosidl_typesupport_c/message_info/msg/field_line_segment__type_support.cpp.o[0m
[9.099s] [ 44%] [32mBuilding CXX object CMakeFiles/message_info__rosidl_typesupport_c.dir/rosidl_typesupport_c/message_info/msg/vision_geometry__type_support.cpp.o[0m
[9.108s] [ 45%] [32mBuilding CXX object CMakeFiles/message_info__rosidl_typesupport_c.dir/rosidl_typesupport_c/message_info/msg/detection_ball__type_support.cpp.o[0m
[9.114s] [ 46%] [32mBuilding CXX object CMakeFiles/message_info__rosidl_typesupport_fastrtps_cpp.dir/rosidl_typesupport_fastrtps_cpp/message_info/msg/detail/dds_fastrtps/detection_ball__type_support.cpp.o[0m
[9.122s] [ 46%] [32mBuilding CXX object CMakeFiles/message_info__rosidl_typesupport_fastrtps_cpp.dir/rosidl_typesupport_fastrtps_cpp/message_info/msg/detail/dds_fastrtps/detection_frame__type_support.cpp.o[0m
[9.123s] [ 47%] [32mBuilding CXX object CMakeFiles/message_info__rosidl_typesupport_fastrtps_cpp.dir/rosidl_typesupport_fastrtps_cpp/message_info/msg/detail/dds_fastrtps/detection_robot__type_support.cpp.o[0m
[9.125s] [ 47%] [32mBuilding CXX object CMakeFiles/message_info__rosidl_typesupport_fastrtps_cpp.dir/rosidl_typesupport_fastrtps_cpp/message_info/msg/detail/dds_fastrtps/robot_command__type_support.cpp.o[0m
[9.125s] [ 48%] [32mBuilding CXX object CMakeFiles/message_info__rosidl_typesupport_fastrtps_cpp.dir/rosidl_typesupport_fastrtps_cpp/message_info/msg/detail/dds_fastrtps/vision_detections__type_support.cpp.o[0m
[9.138s] [ 48%] [32mBuilding CXX object CMakeFiles/message_info__rosidl_typesupport_c.dir/rosidl_typesupport_c/message_info/msg/detection_robot__type_support.cpp.o[0m
[9.139s] [ 49%] [32mBuilding CXX object CMakeFiles/message_info__rosidl_typesupport_fastrtps_cpp.dir/rosidl_typesupport_fastrtps_cpp/message_info/msg/detail/dds_fastrtps/robot_commands__type_support.cpp.o[0m
[9.145s] [ 50%] [32mBuilding CXX object CMakeFiles/message_info__rosidl_typesupport_c.dir/rosidl_typesupport_c/message_info/msg/detection_frame__type_support.cpp.o[0m
[9.161s] [ 50%] [32mBuilding CXX object CMakeFiles/message_info__rosidl_typesupport_fastrtps_cpp.dir/rosidl_typesupport_fastrtps_cpp/message_info/msg/detail/dds_fastrtps/test__type_support.cpp.o[0m
[9.179s] [ 50%] [32mBuilding CXX object CMakeFiles/message_info__rosidl_typesupport_c.dir/rosidl_typesupport_c/message_info/msg/vision_detections__type_support.cpp.o[0m
[9.213s] [ 51%] [32mBuilding CXX object CMakeFiles/message_info__rosidl_typesupport_c.dir/rosidl_typesupport_c/message_info/msg/robot_command__type_support.cpp.o[0m
[9.244s] [ 52%] [32mBuilding CXX object CMakeFiles/message_info__rosidl_typesupport_c.dir/rosidl_typesupport_c/message_info/msg/robot_commands__type_support.cpp.o[0m
[9.277s] [ 52%] [32mBuilding CXX object CMakeFiles/message_info__rosidl_typesupport_c.dir/rosidl_typesupport_c/message_info/msg/test__type_support.cpp.o[0m
[9.308s] [ 53%] [32mBuilding CXX object CMakeFiles/message_info__rosidl_typesupport_c.dir/rosidl_typesupport_c/message_info/msg/ball_info__type_support.cpp.o[0m
[9.337s] [ 54%] [32m[1mLinking CXX shared library libmessage_info__rosidl_typesupport_introspection_cpp.so[0m
[9.342s] [ 54%] [32mBuilding CXX object CMakeFiles/message_info__rosidl_typesupport_c.dir/rosidl_typesupport_c/message_info/msg/goal_info__type_support.cpp.o[0m
[9.375s] [ 55%] [32mBuilding CXX object CMakeFiles/message_info__rosidl_typesupport_c.dir/rosidl_typesupport_c/message_info/msg/role__type_support.cpp.o[0m
[9.411s] [ 55%] [32mBuilding CXX object CMakeFiles/message_info__rosidl_typesupport_c.dir/rosidl_typesupport_c/message_info/msg/attacker__type_support.cpp.o[0m
[9.449s] [ 56%] [32mBuilding CXX object CMakeFiles/message_info__rosidl_typesupport_c.dir/rosidl_typesupport_c/message_info/msg/goalie__type_support.cpp.o[0m
[9.491s] [ 57%] [32mBuilding CXX object CMakeFiles/message_info__rosidl_typesupport_c.dir/rosidl_typesupport_c/message_info/msg/info__type_support.cpp.o[0m
[9.495s] [ 57%] Built target message_info__rosidl_typesupport_introspection_cpp
[9.507s] [ 58%] [32mBuilding CXX object CMakeFiles/message_info__rosidl_typesupport_fastrtps_cpp.dir/rosidl_typesupport_fastrtps_cpp/message_info/msg/detail/dds_fastrtps/ball_info__type_support.cpp.o[0m
[9.525s] [ 58%] [32m[1mLinking CXX shared library libmessage_info__rosidl_typesupport_c.so[0m
[9.588s] [35m[1mScanning dependencies of target message_info__rosidl_typesupport_introspection_c[0m
[9.591s] [ 58%] Built target message_info__rosidl_typesupport_c
[9.591s] [ 59%] [32mBuilding CXX object CMakeFiles/message_info__rosidl_typesupport_fastrtps_cpp.dir/rosidl_typesupport_fastrtps_cpp/message_info/msg/detail/dds_fastrtps/goal_info__type_support.cpp.o[0m
[9.592s] [ 60%] [32mBuilding CXX object CMakeFiles/message_info__rosidl_typesupport_fastrtps_cpp.dir/rosidl_typesupport_fastrtps_cpp/message_info/msg/detail/dds_fastrtps/role__type_support.cpp.o[0m
[9.592s] [ 60%] [32mBuilding CXX object CMakeFiles/message_info__rosidl_typesupport_fastrtps_cpp.dir/rosidl_typesupport_fastrtps_cpp/message_info/msg/detail/dds_fastrtps/attacker__type_support.cpp.o[0m
[9.595s] [ 60%] [32mBuilding CXX object CMakeFiles/message_info__rosidl_typesupport_fastrtps_cpp.dir/rosidl_typesupport_fastrtps_cpp/message_info/msg/detail/dds_fastrtps/goalie__type_support.cpp.o[0m
[9.599s] [ 61%] [32mBuilding CXX object CMakeFiles/message_info__rosidl_typesupport_fastrtps_cpp.dir/rosidl_typesupport_fastrtps_cpp/message_info/msg/detail/dds_fastrtps/info__type_support.cpp.o[0m
[9.635s] [ 61%] [32mBuilding C object CMakeFiles/message_info__rosidl_typesupport_introspection_c.dir/rosidl_typesupport_introspection_c/message_info/msg/detail/field_circular_arc__type_support.c.o[0m
[9.635s] [ 61%] [32mBuilding C object CMakeFiles/message_info__rosidl_typesupport_introspection_c.dir/rosidl_typesupport_introspection_c/message_info/msg/detail/referee_team_info__type_support.c.o[0m
[9.636s] [ 62%] [32mBuilding C object CMakeFiles/message_info__rosidl_typesupport_introspection_c.dir/rosidl_typesupport_introspection_c/message_info/msg/detail/field_line_segment__type_support.c.o[0m
[9.637s] [ 63%] [32mBuilding C object CMakeFiles/message_info__rosidl_typesupport_introspection_c.dir/rosidl_typesupport_introspection_c/message_info/msg/detail/referee_game_event__type_support.c.o[0m
[9.637s] [ 64%] [32mBuilding C object CMakeFiles/message_info__rosidl_typesupport_introspection_c.dir/rosidl_typesupport_introspection_c/message_info/msg/detail/referee__type_support.c.o[0m
[9.640s] [ 64%] [32mBuilding C object CMakeFiles/message_info__rosidl_typesupport_introspection_c.dir/rosidl_typesupport_introspection_c/message_info/msg/detail/vision_geometry__type_support.c.o[0m
[9.643s] [ 65%] [32mBuilding C object CMakeFiles/message_info__rosidl_typesupport_introspection_c.dir/rosidl_typesupport_introspection_c/message_info/msg/detail/detection_ball__type_support.c.o[0m
[9.673s] [ 66%] [32mBuilding C object CMakeFiles/message_info__rosidl_typesupport_introspection_c.dir/rosidl_typesupport_introspection_c/message_info/msg/detail/detection_robot__type_support.c.o[0m
[9.674s] [ 66%] [32mBuilding C object CMakeFiles/message_info__rosidl_typesupport_introspection_c.dir/rosidl_typesupport_introspection_c/message_info/msg/detail/detection_frame__type_support.c.o[0m
[9.675s] [ 67%] [32mBuilding C object CMakeFiles/message_info__rosidl_typesupport_introspection_c.dir/rosidl_typesupport_introspection_c/message_info/msg/detail/robot_command__type_support.c.o[0m
[9.675s] [ 67%] [32mBuilding C object CMakeFiles/message_info__rosidl_typesupport_introspection_c.dir/rosidl_typesupport_introspection_c/message_info/msg/detail/vision_detections__type_support.c.o[0m
[9.675s] [ 68%] [32mBuilding C object CMakeFiles/message_info__rosidl_typesupport_introspection_c.dir/rosidl_typesupport_introspection_c/message_info/msg/detail/robot_commands__type_support.c.o[0m
[9.678s] [ 68%] [32mBuilding C object CMakeFiles/message_info__rosidl_typesupport_introspection_c.dir/rosidl_typesupport_introspection_c/message_info/msg/detail/test__type_support.c.o[0m
[9.682s] [ 69%] [32mBuilding C object CMakeFiles/message_info__rosidl_typesupport_introspection_c.dir/rosidl_typesupport_introspection_c/message_info/msg/detail/ball_info__type_support.c.o[0m
[9.686s] [ 70%] [32mBuilding C object CMakeFiles/message_info__rosidl_typesupport_introspection_c.dir/rosidl_typesupport_introspection_c/message_info/msg/detail/goal_info__type_support.c.o[0m
[9.694s] [ 70%] [32mBuilding C object CMakeFiles/message_info__rosidl_typesupport_introspection_c.dir/rosidl_typesupport_introspection_c/message_info/msg/detail/role__type_support.c.o[0m
[9.712s] [ 71%] [32mBuilding C object CMakeFiles/message_info__rosidl_typesupport_introspection_c.dir/rosidl_typesupport_introspection_c/message_info/msg/detail/attacker__type_support.c.o[0m
[9.715s] [ 72%] [32mBuilding C object CMakeFiles/message_info__rosidl_typesupport_introspection_c.dir/rosidl_typesupport_introspection_c/message_info/msg/detail/goalie__type_support.c.o[0m
[9.715s] [ 72%] [32mBuilding C object CMakeFiles/message_info__rosidl_typesupport_introspection_c.dir/rosidl_typesupport_introspection_c/message_info/msg/detail/info__type_support.c.o[0m
[9.749s] [ 72%] [32m[1mLinking C shared library libmessage_info__rosidl_typesupport_introspection_c.so[0m
[9.779s] [ 72%] Built target message_info__rosidl_typesupport_introspection_c
[9.987s] [ 72%] [32m[1mLinking CXX shared library libmessage_info__rosidl_typesupport_fastrtps_cpp.so[0m
[10.095s] [ 72%] Built target message_info__rosidl_typesupport_fastrtps_cpp
[10.109s] [ 73%] [34m[1mGenerating C type support for eProsima Fast-RTPS[0m
[11.127s] [35m[1mScanning dependencies of target message_info__rosidl_typesupport_fastrtps_c[0m
[11.162s] [ 74%] [32mBuilding CXX object CMakeFiles/message_info__rosidl_typesupport_fastrtps_c.dir/rosidl_typesupport_fastrtps_c/message_info/msg/detail/referee__type_support_c.cpp.o[0m
[11.162s] [ 74%] [32mBuilding CXX object CMakeFiles/message_info__rosidl_typesupport_fastrtps_c.dir/rosidl_typesupport_fastrtps_c/message_info/msg/detail/detection_robot__type_support_c.cpp.o[0m
[11.163s] [ 75%] [32mBuilding CXX object CMakeFiles/message_info__rosidl_typesupport_fastrtps_c.dir/rosidl_typesupport_fastrtps_c/message_info/msg/detail/referee_game_event__type_support_c.cpp.o[0m
[11.164s] [ 76%] [32mBuilding CXX object CMakeFiles/message_info__rosidl_typesupport_fastrtps_c.dir/rosidl_typesupport_fastrtps_c/message_info/msg/detail/referee_team_info__type_support_c.cpp.o[0m
[11.164s] [ 77%] [32mBuilding CXX object CMakeFiles/message_info__rosidl_typesupport_fastrtps_c.dir/rosidl_typesupport_fastrtps_c/message_info/msg/detail/robot_commands__type_support_c.cpp.o[0m
[11.164s] [ 77%] [32mBuilding CXX object CMakeFiles/message_info__rosidl_typesupport_fastrtps_c.dir/rosidl_typesupport_fastrtps_c/message_info/msg/detail/field_circular_arc__type_support_c.cpp.o[0m
[11.164s] [ 78%] [32mBuilding CXX object CMakeFiles/message_info__rosidl_typesupport_fastrtps_c.dir/rosidl_typesupport_fastrtps_c/message_info/msg/detail/detection_ball__type_support_c.cpp.o[0m
[11.165s] [ 79%] [32mBuilding CXX object CMakeFiles/message_info__rosidl_typesupport_fastrtps_c.dir/rosidl_typesupport_fastrtps_c/message_info/msg/detail/vision_geometry__type_support_c.cpp.o[0m
[11.165s] [ 79%] [32mBuilding CXX object CMakeFiles/message_info__rosidl_typesupport_fastrtps_c.dir/rosidl_typesupport_fastrtps_c/message_info/msg/detail/detection_frame__type_support_c.cpp.o[0m
[11.165s] [ 79%] [32mBuilding CXX object CMakeFiles/message_info__rosidl_typesupport_fastrtps_c.dir/rosidl_typesupport_fastrtps_c/message_info/msg/detail/field_line_segment__type_support_c.cpp.o[0m
[11.165s] [ 80%] [32mBuilding CXX object CMakeFiles/message_info__rosidl_typesupport_fastrtps_c.dir/rosidl_typesupport_fastrtps_c/message_info/msg/detail/vision_detections__type_support_c.cpp.o[0m
[11.165s] [ 80%] [32mBuilding CXX object CMakeFiles/message_info__rosidl_typesupport_fastrtps_c.dir/rosidl_typesupport_fastrtps_c/message_info/msg/detail/test__type_support_c.cpp.o[0m
[11.166s] [ 80%] [32mBuilding CXX object CMakeFiles/message_info__rosidl_typesupport_fastrtps_c.dir/rosidl_typesupport_fastrtps_c/message_info/msg/detail/robot_command__type_support_c.cpp.o[0m
[11.166s] [ 81%] [32mBuilding CXX object CMakeFiles/message_info__rosidl_typesupport_fastrtps_c.dir/rosidl_typesupport_fastrtps_c/message_info/msg/detail/ball_info__type_support_c.cpp.o[0m
[11.166s] [ 81%] [32mBuilding CXX object CMakeFiles/message_info__rosidl_typesupport_fastrtps_c.dir/rosidl_typesupport_fastrtps_c/message_info/msg/detail/goal_info__type_support_c.cpp.o[0m
[11.167s] [ 82%] [32mBuilding CXX object CMakeFiles/message_info__rosidl_typesupport_fastrtps_c.dir/rosidl_typesupport_fastrtps_c/message_info/msg/detail/role__type_support_c.cpp.o[0m
[11.533s] [ 83%] [32mBuilding CXX object CMakeFiles/message_info__rosidl_typesupport_fastrtps_c.dir/rosidl_typesupport_fastrtps_c/message_info/msg/detail/goalie__type_support_c.cpp.o[0m
[11.533s] [ 83%] [32mBuilding CXX object CMakeFiles/message_info__rosidl_typesupport_fastrtps_c.dir/rosidl_typesupport_fastrtps_c/message_info/msg/detail/attacker__type_support_c.cpp.o[0m
[11.536s] [ 84%] [32mBuilding CXX object CMakeFiles/message_info__rosidl_typesupport_fastrtps_c.dir/rosidl_typesupport_fastrtps_c/message_info/msg/detail/info__type_support_c.cpp.o[0m
[11.801s] [ 84%] [32m[1mLinking CXX shared library libmessage_info__rosidl_typesupport_fastrtps_c.so[0m
[11.867s] [ 84%] Built target message_info__rosidl_typesupport_fastrtps_c
[11.876s] [35m[1mScanning dependencies of target message_info[0m
[11.888s] [ 84%] Built target message_info
[11.898s] [35m[1mScanning dependencies of target message_info__py[0m
[11.907s] [ 85%] [34m[1mGenerating Python code for ROS interfaces[0m
[14.838s] [ 85%] Built target message_info__py
[14.845s] [35m[1mScanning dependencies of target message_info__python[0m
[14.897s] [ 86%] [32mBuilding C object CMakeFiles/message_info__python.dir/rosidl_generator_py/message_info/msg/_vision_detections_s.c.o[0m
[14.897s] [ 86%] [32mBuilding C object CMakeFiles/message_info__python.dir/rosidl_generator_py/message_info/msg/_robot_command_s.c.o[0m
[14.897s] [ 86%] [32mBuilding C object CMakeFiles/message_info__python.dir/rosidl_generator_py/message_info/msg/_referee_game_event_s.c.o[0m
[14.897s] [ 86%] [32mBuilding C object CMakeFiles/message_info__python.dir/rosidl_generator_py/message_info/msg/_referee_s.c.o[0m
[14.897s] [ 87%] [32mBuilding C object CMakeFiles/message_info__python.dir/rosidl_generator_py/message_info/msg/_referee_team_info_s.c.o[0m
[14.898s] [ 88%] [32mBuilding C object CMakeFiles/message_info__python.dir/rosidl_generator_py/message_info/msg/_field_circular_arc_s.c.o[0m
[14.898s] [ 88%] [32mBuilding C object CMakeFiles/message_info__python.dir/rosidl_generator_py/message_info/msg/_detection_robot_s.c.o[0m
[14.899s] [ 88%] [32mBuilding C object CMakeFiles/message_info__python.dir/rosidl_generator_py/message_info/msg/_goal_info_s.c.o[0m
[14.899s] [ 89%] [32mBuilding C object CMakeFiles/message_info__python.dir/rosidl_generator_py/message_info/msg/_detection_ball_s.c.o[0m
[14.899s] [ 89%] [32mBuilding C object CMakeFiles/message_info__python.dir/rosidl_generator_py/message_info/msg/_vision_geometry_s.c.o[0m
[14.900s] [ 90%] [32mBuilding C object CMakeFiles/message_info__python.dir/rosidl_generator_py/message_info/msg/_detection_frame_s.c.o[0m
[14.900s] [ 91%] [32mBuilding C object CMakeFiles/message_info__python.dir/rosidl_generator_py/message_info/msg/_role_s.c.o[0m
[14.900s] [ 91%] [32mBuilding C object CMakeFiles/message_info__python.dir/rosidl_generator_py/message_info/msg/_test_s.c.o[0m
[14.900s] [ 92%] [32mBuilding C object CMakeFiles/message_info__python.dir/rosidl_generator_py/message_info/msg/_robot_commands_s.c.o[0m
[14.901s] [ 93%] [32mBuilding C object CMakeFiles/message_info__python.dir/rosidl_generator_py/message_info/msg/_ball_info_s.c.o[0m
[14.903s] [ 94%] [32mBuilding C object CMakeFiles/message_info__python.dir/rosidl_generator_py/message_info/msg/_field_line_segment_s.c.o[0m
[15.001s] [ 96%] [32mBuilding C object CMakeFiles/message_info__python.dir/rosidl_generator_py/message_info/msg/_info_s.c.o[0m
[15.002s] [ 96%] [32mBuilding C object CMakeFiles/message_info__python.dir/rosidl_generator_py/message_info/msg/_attacker_s.c.o[0m
[15.002s] [ 96%] [32mBuilding C object CMakeFiles/message_info__python.dir/rosidl_generator_py/message_info/msg/_goalie_s.c.o[0m
[15.072s] [ 96%] [32m[1mLinking C shared library rosidl_generator_py/message_info/libmessage_info__python.so[0m
[15.120s] [ 96%] Built target message_info__python
[15.130s] [35m[1mScanning dependencies of target message_info__rosidl_typesupport_c__pyext[0m
[15.131s] [35m[1mScanning dependencies of target message_info__rosidl_typesupport_introspection_c__pyext[0m
[15.131s] [35m[1mScanning dependencies of target message_info__rosidl_typesupport_fastrtps_c__pyext[0m
[15.187s] [ 97%] [32mBuilding C object CMakeFiles/message_info__rosidl_typesupport_fastrtps_c__pyext.dir/rosidl_generator_py/message_info/_message_info_s.ep.rosidl_typesupport_fastrtps_c.c.o[0m
[15.187s] [ 98%] [32mBuilding C object CMakeFiles/message_info__rosidl_typesupport_introspection_c__pyext.dir/rosidl_generator_py/message_info/_message_info_s.ep.rosidl_typesupport_introspection_c.c.o[0m
[15.187s] [ 99%] [32mBuilding C object CMakeFiles/message_info__rosidl_typesupport_c__pyext.dir/rosidl_generator_py/message_info/_message_info_s.ep.rosidl_typesupport_c.c.o[0m
[15.284s] [100%] [32m[1mLinking C shared library rosidl_generator_py/message_info/message_info_s__rosidl_typesupport_introspection_c.cpython-38-x86_64-linux-gnu.so[0m
[15.291s] [100%] [32m[1mLinking CXX shared library rosidl_generator_py/message_info/message_info_s__rosidl_typesupport_fastrtps_c.cpython-38-x86_64-linux-gnu.so[0m
[15.294s] [100%] [32m[1mLinking C shared library rosidl_generator_py/message_info/message_info_s__rosidl_typesupport_c.cpython-38-x86_64-linux-gnu.so[0m
[15.331s] [100%] Built target message_info__rosidl_typesupport_introspection_c__pyext
[15.331s] [100%] Built target message_info__rosidl_typesupport_c__pyext
[15.352s] [100%] Built target message_info__rosidl_typesupport_fastrtps_c__pyext
[15.360s] Invoked command in '/home/rionessl/SSLRasp/build/message_info' returned '0': CMAKE_PREFIX_PATH=${CMAKE_PREFIX_PATH}:/home/rionessl/RiAI/install/real_sender:/opt/ros/foxy /usr/bin/cmake --build /home/rionessl/SSLRasp/build/message_info -- -j16 -l16
[15.572s] Invoking command in '/home/rionessl/SSLRasp/build/message_info': CMAKE_PREFIX_PATH=${CMAKE_PREFIX_PATH}:/home/rionessl/RiAI/install/real_sender:/opt/ros/foxy /usr/bin/cmake --install /home/rionessl/SSLRasp/build/message_info
[15.581s] -- Install configuration: ""
[15.582s] -- Installing: /home/rionessl/SSLRasp/install/message_info/share/ament_index/resource_index/rosidl_interfaces/message_info
[15.582s] -- Installing: /home/rionessl/SSLRasp/install/message_info/include/message_info
[15.582s] -- Installing: /home/rionessl/SSLRasp/install/message_info/include/message_info/msg
[15.582s] -- Installing: /home/rionessl/SSLRasp/install/message_info/include/message_info/msg/robot_command.h
[15.582s] -- Installing: /home/rionessl/SSLRasp/install/message_info/include/message_info/msg/test.h
[15.582s] -- Installing: /home/rionessl/SSLRasp/install/message_info/include/message_info/msg/goalie.h
[15.582s] -- Installing: /home/rionessl/SSLRasp/install/message_info/include/message_info/msg/ball_info.h
[15.583s] -- Installing: /home/rionessl/SSLRasp/install/message_info/include/message_info/msg/robot_commands.h
[15.583s] -- Installing: /home/rionessl/SSLRasp/install/message_info/include/message_info/msg/detail
[15.583s] -- Installing: /home/rionessl/SSLRasp/install/message_info/include/message_info/msg/detail/referee__functions.c
[15.583s] -- Installing: /home/rionessl/SSLRasp/install/message_info/include/message_info/msg/detail/test__type_support.h
[15.583s] -- Installing: /home/rionessl/SSLRasp/install/message_info/include/message_info/msg/detail/robot_command__functions.c
[15.583s] -- Installing: /home/rionessl/SSLRasp/install/message_info/include/message_info/msg/detail/referee__type_support.h
[15.583s] -- Installing: /home/rionessl/SSLRasp/install/message_info/include/message_info/msg/detail/goal_info__functions.h
[15.583s] -- Installing: /home/rionessl/SSLRasp/install/message_info/include/message_info/msg/detail/detection_robot__type_support.h
[15.584s] -- Installing: /home/rionessl/SSLRasp/install/message_info/include/message_info/msg/detail/detection_robot__functions.c
[15.584s] -- Installing: /home/rionessl/SSLRasp/install/message_info/include/message_info/msg/detail/referee_game_event__type_support.h
[15.584s] -- Installing: /home/rionessl/SSLRasp/install/message_info/include/message_info/msg/detail/field_line_segment__functions.h
[15.584s] -- Installing: /home/rionessl/SSLRasp/install/message_info/include/message_info/msg/detail/referee_team_info__functions.c
[15.584s] -- Installing: /home/rionessl/SSLRasp/install/message_info/include/message_info/msg/detail/ball_info__struct.h
[15.584s] -- Installing: /home/rionessl/SSLRasp/install/message_info/include/message_info/msg/detail/robot_command__type_support.h
[15.584s] -- Installing: /home/rionessl/SSLRasp/install/message_info/include/message_info/msg/detail/vision_geometry__functions.c
[15.584s] -- Installing: /home/rionessl/SSLRasp/install/message_info/include/message_info/msg/detail/test__functions.c
[15.584s] -- Installing: /home/rionessl/SSLRasp/install/message_info/include/message_info/msg/detail/vision_detections__struct.h
[15.585s] -- Installing: /home/rionessl/SSLRasp/install/message_info/include/message_info/msg/detail/vision_detections__type_support.h
[15.585s] -- Installing: /home/rionessl/SSLRasp/install/message_info/include/message_info/msg/detail/field_line_segment__struct.h
[15.585s] -- Installing: /home/rionessl/SSLRasp/install/message_info/include/message_info/msg/detail/detection_frame__type_support.h
[15.585s] -- Installing: /home/rionessl/SSLRasp/install/message_info/include/message_info/msg/detail/attacker__functions.c
[15.585s] -- Installing: /home/rionessl/SSLRasp/install/message_info/include/message_info/msg/detail/info__struct.h
[15.585s] -- Installing: /home/rionessl/SSLRasp/install/message_info/include/message_info/msg/detail/vision_detections__functions.c
[15.585s] -- Installing: /home/rionessl/SSLRasp/install/message_info/include/message_info/msg/detail/robot_commands__functions.h
[15.585s] -- Installing: /home/rionessl/SSLRasp/install/message_info/include/message_info/msg/detail/goalie__functions.c
[15.585s] -- Installing: /home/rionessl/SSLRasp/install/message_info/include/message_info/msg/detail/goalie__functions.h
[15.585s] -- Installing: /home/rionessl/SSLRasp/install/message_info/include/message_info/msg/detail/attacker__struct.h
[15.586s] -- Installing: /home/rionessl/SSLRasp/install/message_info/include/message_info/msg/detail/referee__functions.h
[15.586s] -- Installing: /home/rionessl/SSLRasp/install/message_info/include/message_info/msg/detail/referee_game_event__functions.h
[15.586s] -- Installing: /home/rionessl/SSLRasp/install/message_info/include/message_info/msg/detail/test__functions.h
[15.586s] -- Installing: /home/rionessl/SSLRasp/install/message_info/include/message_info/msg/detail/role__functions.h
[15.586s] -- Installing: /home/rionessl/SSLRasp/install/message_info/include/message_info/msg/detail/role__functions.c
[15.586s] -- Installing: /home/rionessl/SSLRasp/install/message_info/include/message_info/msg/detail/goalie__type_support.h
[15.586s] -- Installing: /home/rionessl/SSLRasp/install/message_info/include/message_info/msg/detail/goal_info__struct.h
[15.586s] -- Installing: /home/rionessl/SSLRasp/install/message_info/include/message_info/msg/detail/referee_team_info__struct.h
[15.586s] -- Installing: /home/rionessl/SSLRasp/install/message_info/include/message_info/msg/detail/detection_ball__type_support.h
[15.587s] -- Installing: /home/rionessl/SSLRasp/install/message_info/include/message_info/msg/detail/referee_team_info__functions.h
[15.587s] -- Installing: /home/rionessl/SSLRasp/install/message_info/include/message_info/msg/detail/detection_ball__struct.h
[15.587s] -- Installing: /home/rionessl/SSLRasp/install/message_info/include/message_info/msg/detail/goal_info__type_support.h
[15.587s] -- Installing: /home/rionessl/SSLRasp/install/message_info/include/message_info/msg/detail/referee_game_event__struct.h
[15.587s] -- Installing: /home/rionessl/SSLRasp/install/message_info/include/message_info/msg/detail/detection_ball__functions.h
[15.587s] -- Installing: /home/rionessl/SSLRasp/install/message_info/include/message_info/msg/detail/info__functions.c
[15.587s] -- Installing: /home/rionessl/SSLRasp/install/message_info/include/message_info/msg/detail/detection_frame__struct.h
[15.587s] -- Installing: /home/rionessl/SSLRasp/install/message_info/include/message_info/msg/detail/info__type_support.h
[15.587s] -- Installing: /home/rionessl/SSLRasp/install/message_info/include/message_info/msg/detail/robot_command__struct.h
[15.587s] -- Installing: /home/rionessl/SSLRasp/install/message_info/include/message_info/msg/detail/info__functions.h
[15.588s] -- Installing: /home/rionessl/SSLRasp/install/message_info/include/message_info/msg/detail/field_line_segment__functions.c
[15.588s] -- Installing: /home/rionessl/SSLRasp/install/message_info/include/message_info/msg/detail/ball_info__type_support.h
[15.588s] -- Installing: /home/rionessl/SSLRasp/install/message_info/include/message_info/msg/detail/goal_info__functions.c
[15.588s] -- Installing: /home/rionessl/SSLRasp/install/message_info/include/message_info/msg/detail/detection_robot__functions.h
[15.588s] -- Installing: /home/rionessl/SSLRasp/install/message_info/include/message_info/msg/detail/detection_frame__functions.h
[15.588s] -- Installing: /home/rionessl/SSLRasp/install/message_info/include/message_info/msg/detail/role__struct.h
[15.588s] -- Installing: /home/rionessl/SSLRasp/install/message_info/include/message_info/msg/detail/vision_geometry__functions.h
[15.588s] -- Installing: /home/rionessl/SSLRasp/install/message_info/include/message_info/msg/detail/robot_commands__struct.h
[15.588s] -- Installing: /home/rionessl/SSLRasp/install/message_info/include/message_info/msg/detail/field_circular_arc__functions.h
[15.589s] -- Installing: /home/rionessl/SSLRasp/install/message_info/include/message_info/msg/detail/field_circular_arc__struct.h
[15.589s] -- Installing: /home/rionessl/SSLRasp/install/message_info/include/message_info/msg/detail/vision_detections__functions.h
[15.589s] -- Installing: /home/rionessl/SSLRasp/install/message_info/include/message_info/msg/detail/field_circular_arc__functions.c
[15.589s] -- Installing: /home/rionessl/SSLRasp/install/message_info/include/message_info/msg/detail/referee__struct.h
[15.589s] -- Installing: /home/rionessl/SSLRasp/install/message_info/include/message_info/msg/detail/goalie__struct.h
[15.589s] -- Installing: /home/rionessl/SSLRasp/install/message_info/include/message_info/msg/detail/vision_geometry__struct.h
[15.589s] -- Installing: /home/rionessl/SSLRasp/install/message_info/include/message_info/msg/detail/field_line_segment__type_support.h
[15.589s] -- Installing: /home/rionessl/SSLRasp/install/message_info/include/message_info/msg/detail/referee_team_info__type_support.h
[15.589s] -- Installing: /home/rionessl/SSLRasp/install/message_info/include/message_info/msg/detail/role__type_support.h
[15.590s] -- Installing: /home/rionessl/SSLRasp/install/message_info/include/message_info/msg/detail/vision_geometry__type_support.h
[15.590s] -- Installing: /home/rionessl/SSLRasp/install/message_info/include/message_info/msg/detail/robot_commands__functions.c
[15.590s] -- Installing: /home/rionessl/SSLRasp/install/message_info/include/message_info/msg/detail/field_circular_arc__type_support.h
[15.590s] -- Installing: /home/rionessl/SSLRasp/install/message_info/include/message_info/msg/detail/ball_info__functions.h
[15.590s] -- Installing: /home/rionessl/SSLRasp/install/message_info/include/message_info/msg/detail/detection_robot__struct.h
[15.590s] -- Installing: /home/rionessl/SSLRasp/install/message_info/include/message_info/msg/detail/attacker__type_support.h
[15.590s] -- Installing: /home/rionessl/SSLRasp/install/message_info/include/message_info/msg/detail/robot_command__functions.h
[15.591s] -- Installing: /home/rionessl/SSLRasp/install/message_info/include/message_info/msg/detail/detection_ball__functions.c
[15.591s] -- Installing: /home/rionessl/SSLRasp/install/message_info/include/message_info/msg/detail/attacker__functions.h
[15.591s] -- Installing: /home/rionessl/SSLRasp/install/message_info/include/message_info/msg/detail/referee_game_event__functions.c
[15.591s] -- Installing: /home/rionessl/SSLRasp/install/message_info/include/message_info/msg/detail/robot_commands__type_support.h
[15.591s] -- Installing: /home/rionessl/SSLRasp/install/message_info/include/message_info/msg/detail/test__struct.h
[15.591s] -- Installing: /home/rionessl/SSLRasp/install/message_info/include/message_info/msg/detail/ball_info__functions.c
[15.591s] -- Installing: /home/rionessl/SSLRasp/install/message_info/include/message_info/msg/detail/detection_frame__functions.c
[15.591s] -- Installing: /home/rionessl/SSLRasp/install/message_info/include/message_info/msg/field_circular_arc.h
[15.591s] -- Installing: /home/rionessl/SSLRasp/install/message_info/include/message_info/msg/vision_detections.h
[15.591s] -- Installing: /home/rionessl/SSLRasp/install/message_info/include/message_info/msg/detection_ball.h
[15.591s] -- Installing: /home/rionessl/SSLRasp/install/message_info/include/message_info/msg/detection_frame.h
[15.591s] -- Installing: /home/rionessl/SSLRasp/install/message_info/include/message_info/msg/role.h
[15.591s] -- Installing: /home/rionessl/SSLRasp/install/message_info/include/message_info/msg/attacker.h
[15.591s] -- Installing: /home/rionessl/SSLRasp/install/message_info/include/message_info/msg/referee.h
[15.592s] -- Installing: /home/rionessl/SSLRasp/install/message_info/include/message_info/msg/referee_team_info.h
[15.592s] -- Installing: /home/rionessl/SSLRasp/install/message_info/include/message_info/msg/goal_info.h
[15.592s] -- Installing: /home/rionessl/SSLRasp/install/message_info/include/message_info/msg/referee_game_event.h
[15.592s] -- Installing: /home/rionessl/SSLRasp/install/message_info/include/message_info/msg/rosidl_generator_c__visibility_control.h
[15.592s] -- Installing: /home/rionessl/SSLRasp/install/message_info/include/message_info/msg/vision_geometry.h
[15.592s] -- Installing: /home/rionessl/SSLRasp/install/message_info/include/message_info/msg/info.h
[15.592s] -- Installing: /home/rionessl/SSLRasp/install/message_info/include/message_info/msg/detection_robot.h
[15.592s] -- Installing: /home/rionessl/SSLRasp/install/message_info/include/message_info/msg/field_line_segment.h
[15.592s] -- Installing: /home/rionessl/SSLRasp/install/message_info/share/message_info/environment/library_path.sh
[15.592s] -- Installing: /home/rionessl/SSLRasp/install/message_info/share/message_info/environment/library_path.dsv
[15.592s] -- Installing: /home/rionessl/SSLRasp/install/message_info/lib/libmessage_info__rosidl_generator_c.so
[15.592s] -- Set runtime path of "/home/rionessl/SSLRasp/install/message_info/lib/libmessage_info__rosidl_generator_c.so" to ""
[15.592s] -- Up-to-date: /home/rionessl/SSLRasp/install/message_info/include/message_info
[15.592s] -- Up-to-date: /home/rionessl/SSLRasp/install/message_info/include/message_info/msg
[15.592s] -- Up-to-date: /home/rionessl/SSLRasp/install/message_info/include/message_info/msg/detail
[15.592s] -- Installing: /home/rionessl/SSLRasp/install/message_info/include/message_info/msg/detail/test__rosidl_typesupport_fastrtps_c.h
[15.592s] -- Installing: /home/rionessl/SSLRasp/install/message_info/include/message_info/msg/detail/referee_game_event__rosidl_typesupport_fastrtps_c.h
[15.593s] -- Installing: /home/rionessl/SSLRasp/install/message_info/include/message_info/msg/detail/referee_team_info__rosidl_typesupport_fastrtps_c.h
[15.593s] -- Installing: /home/rionessl/SSLRasp/install/message_info/include/message_info/msg/detail/robot_commands__rosidl_typesupport_fastrtps_c.h
[15.593s] -- Installing: /home/rionessl/SSLRasp/install/message_info/include/message_info/msg/detail/field_circular_arc__rosidl_typesupport_fastrtps_c.h
[15.593s] -- Installing: /home/rionessl/SSLRasp/install/message_info/include/message_info/msg/detail/detection_ball__rosidl_typesupport_fastrtps_c.h
[15.593s] -- Installing: /home/rionessl/SSLRasp/install/message_info/include/message_info/msg/detail/ball_info__rosidl_typesupport_fastrtps_c.h
[15.593s] -- Installing: /home/rionessl/SSLRasp/install/message_info/include/message_info/msg/detail/vision_detections__rosidl_typesupport_fastrtps_c.h
[15.593s] -- Installing: /home/rionessl/SSLRasp/install/message_info/include/message_info/msg/detail/goalie__rosidl_typesupport_fastrtps_c.h
[15.593s] -- Installing: /home/rionessl/SSLRasp/install/message_info/include/message_info/msg/detail/info__rosidl_typesupport_fastrtps_c.h
[15.593s] -- Installing: /home/rionessl/SSLRasp/install/message_info/include/message_info/msg/detail/vision_geometry__rosidl_typesupport_fastrtps_c.h
[15.593s] -- Installing: /home/rionessl/SSLRasp/install/message_info/include/message_info/msg/detail/goal_info__rosidl_typesupport_fastrtps_c.h
[15.593s] -- Installing: /home/rionessl/SSLRasp/install/message_info/include/message_info/msg/detail/detection_robot__rosidl_typesupport_fastrtps_c.h
[15.593s] -- Installing: /home/rionessl/SSLRasp/install/message_info/include/message_info/msg/detail/referee__rosidl_typesupport_fastrtps_c.h
[15.593s] -- Installing: /home/rionessl/SSLRasp/install/message_info/include/message_info/msg/detail/detection_frame__rosidl_typesupport_fastrtps_c.h
[15.593s] -- Installing: /home/rionessl/SSLRasp/install/message_info/include/message_info/msg/detail/attacker__rosidl_typesupport_fastrtps_c.h
[15.593s] -- Installing: /home/rionessl/SSLRasp/install/message_info/include/message_info/msg/detail/robot_command__rosidl_typesupport_fastrtps_c.h
[15.593s] -- Installing: /home/rionessl/SSLRasp/install/message_info/include/message_info/msg/detail/role__rosidl_typesupport_fastrtps_c.h
[15.593s] -- Installing: /home/rionessl/SSLRasp/install/message_info/include/message_info/msg/detail/field_line_segment__rosidl_typesupport_fastrtps_c.h
[15.594s] -- Installing: /home/rionessl/SSLRasp/install/message_info/include/message_info/msg/rosidl_typesupport_fastrtps_c__visibility_control.h
[15.594s] -- Installing: /home/rionessl/SSLRasp/install/message_info/lib/libmessage_info__rosidl_typesupport_fastrtps_c.so
[15.594s] -- Set runtime path of "/home/rionessl/SSLRasp/install/message_info/lib/libmessage_info__rosidl_typesupport_fastrtps_c.so" to ""
[15.594s] -- Up-to-date: /home/rionessl/SSLRasp/install/message_info/include/message_info
[15.594s] -- Up-to-date: /home/rionessl/SSLRasp/install/message_info/include/message_info/msg
[15.594s] -- Up-to-date: /home/rionessl/SSLRasp/install/message_info/include/message_info/msg/detail
[15.594s] -- Installing: /home/rionessl/SSLRasp/install/message_info/include/message_info/msg/detail/test__rosidl_typesupport_fastrtps_cpp.hpp
[15.594s] -- Installing: /home/rionessl/SSLRasp/install/message_info/include/message_info/msg/detail/goal_info__rosidl_typesupport_fastrtps_cpp.hpp
[15.594s] -- Installing: /home/rionessl/SSLRasp/install/message_info/include/message_info/msg/detail/dds_fastrtps
[15.594s] -- Installing: /home/rionessl/SSLRasp/install/message_info/include/message_info/msg/detail/vision_detections__rosidl_typesupport_fastrtps_cpp.hpp
[15.594s] -- Installing: /home/rionessl/SSLRasp/install/message_info/include/message_info/msg/detail/referee__rosidl_typesupport_fastrtps_cpp.hpp
[15.594s] -- Installing: /home/rionessl/SSLRasp/install/message_info/include/message_info/msg/detail/referee_team_info__rosidl_typesupport_fastrtps_cpp.hpp
[15.594s] -- Installing: /home/rionessl/SSLRasp/install/message_info/include/message_info/msg/detail/ball_info__rosidl_typesupport_fastrtps_cpp.hpp
[15.594s] -- Installing: /home/rionessl/SSLRasp/install/message_info/include/message_info/msg/detail/vision_geometry__rosidl_typesupport_fastrtps_cpp.hpp
[15.594s] -- Installing: /home/rionessl/SSLRasp/install/message_info/include/message_info/msg/detail/goalie__rosidl_typesupport_fastrtps_cpp.hpp
[15.594s] -- Installing: /home/rionessl/SSLRasp/install/message_info/include/message_info/msg/detail/attacker__rosidl_typesupport_fastrtps_cpp.hpp
[15.595s] -- Installing: /home/rionessl/SSLRasp/install/message_info/include/message_info/msg/detail/robot_command__rosidl_typesupport_fastrtps_cpp.hpp
[15.595s] -- Installing: /home/rionessl/SSLRasp/install/message_info/include/message_info/msg/detail/referee_game_event__rosidl_typesupport_fastrtps_cpp.hpp
[15.595s] -- Installing: /home/rionessl/SSLRasp/install/message_info/include/message_info/msg/detail/robot_commands__rosidl_typesupport_fastrtps_cpp.hpp
[15.595s] -- Installing: /home/rionessl/SSLRasp/install/message_info/include/message_info/msg/detail/field_line_segment__rosidl_typesupport_fastrtps_cpp.hpp
[15.595s] -- Installing: /home/rionessl/SSLRasp/install/message_info/include/message_info/msg/detail/field_circular_arc__rosidl_typesupport_fastrtps_cpp.hpp
[15.595s] -- Installing: /home/rionessl/SSLRasp/install/message_info/include/message_info/msg/detail/role__rosidl_typesupport_fastrtps_cpp.hpp
[15.595s] -- Installing: /home/rionessl/SSLRasp/install/message_info/include/message_info/msg/detail/detection_frame__rosidl_typesupport_fastrtps_cpp.hpp
[15.595s] -- Installing: /home/rionessl/SSLRasp/install/message_info/include/message_info/msg/detail/detection_ball__rosidl_typesupport_fastrtps_cpp.hpp
[15.595s] -- Installing: /home/rionessl/SSLRasp/install/message_info/include/message_info/msg/detail/info__rosidl_typesupport_fastrtps_cpp.hpp
[15.595s] -- Installing: /home/rionessl/SSLRasp/install/message_info/include/message_info/msg/detail/detection_robot__rosidl_typesupport_fastrtps_cpp.hpp
[15.595s] -- Installing: /home/rionessl/SSLRasp/install/message_info/include/message_info/msg/rosidl_typesupport_fastrtps_cpp__visibility_control.h
[15.595s] -- Installing: /home/rionessl/SSLRasp/install/message_info/lib/libmessage_info__rosidl_typesupport_fastrtps_cpp.so
[15.595s] -- Set runtime path of "/home/rionessl/SSLRasp/install/message_info/lib/libmessage_info__rosidl_typesupport_fastrtps_cpp.so" to ""
[15.595s] -- Up-to-date: /home/rionessl/SSLRasp/install/message_info/include/message_info
[15.595s] -- Up-to-date: /home/rionessl/SSLRasp/install/message_info/include/message_info/msg
[15.595s] -- Up-to-date: /home/rionessl/SSLRasp/install/message_info/include/message_info/msg/detail
[15.596s] -- Installing: /home/rionessl/SSLRasp/install/message_info/include/message_info/msg/detail/referee__rosidl_typesupport_introspection_c.h
[15.596s] -- Installing: /home/rionessl/SSLRasp/install/message_info/include/message_info/msg/detail/detection_robot__type_support.c
[15.596s] -- Installing: /home/rionessl/SSLRasp/install/message_info/include/message_info/msg/detail/info__type_support.c
[15.596s] -- Installing: /home/rionessl/SSLRasp/install/message_info/include/message_info/msg/detail/attacker__type_support.c
[15.596s] -- Installing: /home/rionessl/SSLRasp/install/message_info/include/message_info/msg/detail/robot_commands__type_support.c
[15.596s] -- Installing: /home/rionessl/SSLRasp/install/message_info/include/message_info/msg/detail/vision_detections__rosidl_typesupport_introspection_c.h
[15.596s] -- Installing: /home/rionessl/SSLRasp/install/message_info/include/message_info/msg/detail/detection_frame__type_support.c
[15.596s] -- Installing: /home/rionessl/SSLRasp/install/message_info/include/message_info/msg/detail/robot_commands__rosidl_typesupport_introspection_c.h
[15.596s] -- Installing: /home/rionessl/SSLRasp/install/message_info/include/message_info/msg/detail/referee_game_event__type_support.c
[15.596s] -- Installing: /home/rionessl/SSLRasp/install/message_info/include/message_info/msg/detail/ball_info__rosidl_typesupport_introspection_c.h
[15.596s] -- Installing: /home/rionessl/SSLRasp/install/message_info/include/message_info/msg/detail/test__type_support.c
[15.596s] -- Installing: /home/rionessl/SSLRasp/install/message_info/include/message_info/msg/detail/referee_game_event__rosidl_typesupport_introspection_c.h
[15.596s] -- Installing: /home/rionessl/SSLRasp/install/message_info/include/message_info/msg/detail/vision_detections__type_support.c
[15.596s] -- Installing: /home/rionessl/SSLRasp/install/message_info/include/message_info/msg/detail/vision_geometry__type_support.c
[15.596s] -- Installing: /home/rionessl/SSLRasp/install/message_info/include/message_info/msg/detail/ball_info__type_support.c
[15.596s] -- Installing: /home/rionessl/SSLRasp/install/message_info/include/message_info/msg/detail/detection_ball__rosidl_typesupport_introspection_c.h
[15.596s] -- Installing: /home/rionessl/SSLRasp/install/message_info/include/message_info/msg/detail/role__type_support.c
[15.597s] -- Installing: /home/rionessl/SSLRasp/install/message_info/include/message_info/msg/detail/goalie__rosidl_typesupport_introspection_c.h
[15.597s] -- Installing: /home/rionessl/SSLRasp/install/message_info/include/message_info/msg/detail/detection_frame__rosidl_typesupport_introspection_c.h
[15.597s] -- Installing: /home/rionessl/SSLRasp/install/message_info/include/message_info/msg/detail/robot_command__type_support.c
[15.597s] -- Installing: /home/rionessl/SSLRasp/install/message_info/include/message_info/msg/detail/referee__type_support.c
[15.597s] -- Installing: /home/rionessl/SSLRasp/install/message_info/include/message_info/msg/detail/goalie__type_support.c
[15.597s] -- Installing: /home/rionessl/SSLRasp/install/message_info/include/message_info/msg/detail/field_circular_arc__type_support.c
[15.597s] -- Installing: /home/rionessl/SSLRasp/install/message_info/include/message_info/msg/detail/role__rosidl_typesupport_introspection_c.h
[15.597s] -- Installing: /home/rionessl/SSLRasp/install/message_info/include/message_info/msg/detail/field_line_segment__type_support.c
[15.597s] -- Installing: /home/rionessl/SSLRasp/install/message_info/include/message_info/msg/detail/field_line_segment__rosidl_typesupport_introspection_c.h
[15.597s] -- Installing: /home/rionessl/SSLRasp/install/message_info/include/message_info/msg/detail/detection_ball__type_support.c
[15.597s] -- Installing: /home/rionessl/SSLRasp/install/message_info/include/message_info/msg/detail/detection_robot__rosidl_typesupport_introspection_c.h
[15.597s] -- Installing: /home/rionessl/SSLRasp/install/message_info/include/message_info/msg/detail/robot_command__rosidl_typesupport_introspection_c.h
[15.597s] -- Installing: /home/rionessl/SSLRasp/install/message_info/include/message_info/msg/detail/test__rosidl_typesupport_introspection_c.h
[15.597s] -- Installing: /home/rionessl/SSLRasp/install/message_info/include/message_info/msg/detail/vision_geometry__rosidl_typesupport_introspection_c.h
[15.597s] -- Installing: /home/rionessl/SSLRasp/install/message_info/include/message_info/msg/detail/referee_team_info__type_support.c
[15.597s] -- Installing: /home/rionessl/SSLRasp/install/message_info/include/message_info/msg/detail/goal_info__rosidl_typesupport_introspection_c.h
[15.597s] -- Installing: /home/rionessl/SSLRasp/install/message_info/include/message_info/msg/detail/goal_info__type_support.c
[15.597s] -- Installing: /home/rionessl/SSLRasp/install/message_info/include/message_info/msg/detail/referee_team_info__rosidl_typesupport_introspection_c.h
[15.598s] -- Installing: /home/rionessl/SSLRasp/install/message_info/include/message_info/msg/detail/attacker__rosidl_typesupport_introspection_c.h
[15.598s] -- Installing: /home/rionessl/SSLRasp/install/message_info/include/message_info/msg/detail/info__rosidl_typesupport_introspection_c.h
[15.598s] -- Installing: /home/rionessl/SSLRasp/install/message_info/include/message_info/msg/detail/field_circular_arc__rosidl_typesupport_introspection_c.h
[15.598s] -- Installing: /home/rionessl/SSLRasp/install/message_info/include/message_info/msg/rosidl_typesupport_introspection_c__visibility_control.h
[15.598s] -- Installing: /home/rionessl/SSLRasp/install/message_info/lib/libmessage_info__rosidl_typesupport_introspection_c.so
[15.598s] -- Set runtime path of "/home/rionessl/SSLRasp/install/message_info/lib/libmessage_info__rosidl_typesupport_introspection_c.so" to ""
[15.598s] -- Installing: /home/rionessl/SSLRasp/install/message_info/lib/libmessage_info__rosidl_typesupport_c.so
[15.598s] -- Set runtime path of "/home/rionessl/SSLRasp/install/message_info/lib/libmessage_info__rosidl_typesupport_c.so" to ""
[15.598s] -- Up-to-date: /home/rionessl/SSLRasp/install/message_info/include/message_info
[15.598s] -- Up-to-date: /home/rionessl/SSLRasp/install/message_info/include/message_info/msg
[15.598s] -- Installing: /home/rionessl/SSLRasp/install/message_info/include/message_info/msg/attacker.hpp
[15.598s] -- Installing: /home/rionessl/SSLRasp/install/message_info/include/message_info/msg/referee_team_info.hpp
[15.598s] -- Installing: /home/rionessl/SSLRasp/install/message_info/include/message_info/msg/goal_info.hpp
[15.598s] -- Installing: /home/rionessl/SSLRasp/install/message_info/include/message_info/msg/referee_game_event.hpp
[15.598s] -- Up-to-date: /home/rionessl/SSLRasp/install/message_info/include/message_info/msg/detail
[15.598s] -- Installing: /home/rionessl/SSLRasp/install/message_info/include/message_info/msg/detail/test__builder.hpp
[15.598s] -- Installing: /home/rionessl/SSLRasp/install/message_info/include/message_info/msg/detail/info__builder.hpp
[15.598s] -- Installing: /home/rionessl/SSLRasp/install/message_info/include/message_info/msg/detail/field_circular_arc__builder.hpp
[15.598s] -- Installing: /home/rionessl/SSLRasp/install/message_info/include/message_info/msg/detail/vision_geometry__traits.hpp
[15.598s] -- Installing: /home/rionessl/SSLRasp/install/message_info/include/message_info/msg/detail/referee__traits.hpp
[15.599s] -- Installing: /home/rionessl/SSLRasp/install/message_info/include/message_info/msg/detail/referee__struct.hpp
[15.599s] -- Installing: /home/rionessl/SSLRasp/install/message_info/include/message_info/msg/detail/ball_info__builder.hpp
[15.599s] -- Installing: /home/rionessl/SSLRasp/install/message_info/include/message_info/msg/detail/ball_info__traits.hpp
[15.599s] -- Installing: /home/rionessl/SSLRasp/install/message_info/include/message_info/msg/detail/goalie__traits.hpp
[15.599s] -- Installing: /home/rionessl/SSLRasp/install/message_info/include/message_info/msg/detail/goal_info__builder.hpp
[15.599s] -- Installing: /home/rionessl/SSLRasp/install/message_info/include/message_info/msg/detail/vision_detections__traits.hpp
[15.599s] -- Installing: /home/rionessl/SSLRasp/install/message_info/include/message_info/msg/detail/field_line_segment__struct.hpp
[15.599s] -- Installing: /home/rionessl/SSLRasp/install/message_info/include/message_info/msg/detail/goal_info__traits.hpp
[15.599s] -- Installing: /home/rionessl/SSLRasp/install/message_info/include/message_info/msg/detail/role__builder.hpp
[15.599s] -- Installing: /home/rionessl/SSLRasp/install/message_info/include/message_info/msg/detail/detection_ball__builder.hpp
[15.599s] -- Installing: /home/rionessl/SSLRasp/install/message_info/include/message_info/msg/detail/robot_command__struct.hpp
[15.599s] -- Installing: /home/rionessl/SSLRasp/install/message_info/include/message_info/msg/detail/goal_info__struct.hpp
[15.599s] -- Installing: /home/rionessl/SSLRasp/install/message_info/include/message_info/msg/detail/ball_info__struct.hpp
[15.599s] -- Installing: /home/rionessl/SSLRasp/install/message_info/include/message_info/msg/detail/info__struct.hpp
[15.599s] -- Installing: /home/rionessl/SSLRasp/install/message_info/include/message_info/msg/detail/detection_robot__traits.hpp
[15.599s] -- Installing: /home/rionessl/SSLRasp/install/message_info/include/message_info/msg/detail/test__traits.hpp
[15.599s] -- Installing: /home/rionessl/SSLRasp/install/message_info/include/message_info/msg/detail/vision_detections__struct.hpp
[15.599s] -- Installing: /home/rionessl/SSLRasp/install/message_info/include/message_info/msg/detail/robot_command__builder.hpp
[15.599s] -- Installing: /home/rionessl/SSLRasp/install/message_info/include/message_info/msg/detail/attacker__builder.hpp
[15.599s] -- Installing: /home/rionessl/SSLRasp/install/message_info/include/message_info/msg/detail/referee__builder.hpp
[15.599s] -- Installing: /home/rionessl/SSLRasp/install/message_info/include/message_info/msg/detail/robot_command__traits.hpp
[15.599s] -- Installing: /home/rionessl/SSLRasp/install/message_info/include/message_info/msg/detail/vision_detections__builder.hpp
[15.600s] -- Installing: /home/rionessl/SSLRasp/install/message_info/include/message_info/msg/detail/info__traits.hpp
[15.600s] -- Installing: /home/rionessl/SSLRasp/install/message_info/include/message_info/msg/detail/detection_ball__struct.hpp
[15.600s] -- Installing: /home/rionessl/SSLRasp/install/message_info/include/message_info/msg/detail/referee_team_info__builder.hpp
[15.600s] -- Installing: /home/rionessl/SSLRasp/install/message_info/include/message_info/msg/detail/role__struct.hpp
[15.600s] -- Installing: /home/rionessl/SSLRasp/install/message_info/include/message_info/msg/detail/referee_game_event__builder.hpp
[15.600s] -- Installing: /home/rionessl/SSLRasp/install/message_info/include/message_info/msg/detail/field_line_segment__builder.hpp
[15.600s] -- Installing: /home/rionessl/SSLRasp/install/message_info/include/message_info/msg/detail/detection_frame__traits.hpp
[15.600s] -- Installing: /home/rionessl/SSLRasp/install/message_info/include/message_info/msg/detail/vision_geometry__struct.hpp
[15.600s] -- Installing: /home/rionessl/SSLRasp/install/message_info/include/message_info/msg/detail/detection_robot__builder.hpp
[15.600s] -- Installing: /home/rionessl/SSLRasp/install/message_info/include/message_info/msg/detail/detection_frame__builder.hpp
[15.600s] -- Installing: /home/rionessl/SSLRasp/install/message_info/include/message_info/msg/detail/goalie__struct.hpp
[15.600s] -- Installing: /home/rionessl/SSLRasp/install/message_info/include/message_info/msg/detail/goalie__builder.hpp
[15.600s] -- Installing: /home/rionessl/SSLRasp/install/message_info/include/message_info/msg/detail/attacker__traits.hpp
[15.600s] -- Installing: /home/rionessl/SSLRasp/install/message_info/include/message_info/msg/detail/detection_robot__struct.hpp
[15.600s] -- Installing: /home/rionessl/SSLRasp/install/message_info/include/message_info/msg/detail/robot_commands__builder.hpp
[15.600s] -- Installing: /home/rionessl/SSLRasp/install/message_info/include/message_info/msg/detail/detection_ball__traits.hpp
[15.600s] -- Installing: /home/rionessl/SSLRasp/install/message_info/include/message_info/msg/detail/test__struct.hpp
[15.600s] -- Installing: /home/rionessl/SSLRasp/install/message_info/include/message_info/msg/detail/field_circular_arc__struct.hpp
[15.600s] -- Installing: /home/rionessl/SSLRasp/install/message_info/include/message_info/msg/detail/field_circular_arc__traits.hpp
[15.600s] -- Installing: /home/rionessl/SSLRasp/install/message_info/include/message_info/msg/detail/referee_game_event__traits.hpp
[15.600s] -- Installing: /home/rionessl/SSLRasp/install/message_info/include/message_info/msg/detail/robot_commands__traits.hpp
[15.600s] -- Installing: /home/rionessl/SSLRasp/install/message_info/include/message_info/msg/detail/referee_game_event__struct.hpp
[15.601s] -- Installing: /home/rionessl/SSLRasp/install/message_info/include/message_info/msg/detail/robot_commands__struct.hpp
[15.601s] -- Installing: /home/rionessl/SSLRasp/install/message_info/include/message_info/msg/detail/role__traits.hpp
[15.601s] -- Installing: /home/rionessl/SSLRasp/install/message_info/include/message_info/msg/detail/detection_frame__struct.hpp
[15.601s] -- Installing: /home/rionessl/SSLRasp/install/message_info/include/message_info/msg/detail/field_line_segment__traits.hpp
[15.601s] -- Installing: /home/rionessl/SSLRasp/install/message_info/include/message_info/msg/detail/referee_team_info__struct.hpp
[15.601s] -- Installing: /home/rionessl/SSLRasp/install/message_info/include/message_info/msg/detail/attacker__struct.hpp
[15.601s] -- Installing: /home/rionessl/SSLRasp/install/message_info/include/message_info/msg/detail/referee_team_info__traits.hpp
[15.601s] -- Installing: /home/rionessl/SSLRasp/install/message_info/include/message_info/msg/detail/vision_geometry__builder.hpp
[15.601s] -- Installing: /home/rionessl/SSLRasp/install/message_info/include/message_info/msg/referee.hpp
[15.601s] -- Installing: /home/rionessl/SSLRasp/install/message_info/include/message_info/msg/ball_info.hpp
[15.601s] -- Installing: /home/rionessl/SSLRasp/install/message_info/include/message_info/msg/role.hpp
[15.601s] -- Installing: /home/rionessl/SSLRasp/install/message_info/include/message_info/msg/vision_geometry.hpp
[15.601s] -- Installing: /home/rionessl/SSLRasp/install/message_info/include/message_info/msg/field_line_segment.hpp
[15.601s] -- Installing: /home/rionessl/SSLRasp/install/message_info/include/message_info/msg/detection_frame.hpp
[15.601s] -- Installing: /home/rionessl/SSLRasp/install/message_info/include/message_info/msg/info.hpp
[15.601s] -- Installing: /home/rionessl/SSLRasp/install/message_info/include/message_info/msg/detection_robot.hpp
[15.601s] -- Installing: /home/rionessl/SSLRasp/install/message_info/include/message_info/msg/detection_ball.hpp
[15.601s] -- Installing: /home/rionessl/SSLRasp/install/message_info/include/message_info/msg/vision_detections.hpp
[15.601s] -- Installing: /home/rionessl/SSLRasp/install/message_info/include/message_info/msg/robot_commands.hpp
[15.601s] -- Installing: /home/rionessl/SSLRasp/install/message_info/include/message_info/msg/test.hpp
[15.601s] -- Installing: /home/rionessl/SSLRasp/install/message_info/include/message_info/msg/goalie.hpp
[15.601s] -- Installing: /home/rionessl/SSLRasp/install/message_info/include/message_info/msg/field_circular_arc.hpp
[15.602s] -- Installing: /home/rionessl/SSLRasp/install/message_info/include/message_info/msg/robot_command.hpp
[15.602s] -- Up-to-date: /home/rionessl/SSLRasp/install/message_info/include/message_info
[15.602s] -- Up-to-date: /home/rionessl/SSLRasp/install/message_info/include/message_info/msg
[15.602s] -- Up-to-date: /home/rionessl/SSLRasp/install/message_info/include/message_info/msg/detail
[15.602s] -- Installing: /home/rionessl/SSLRasp/install/message_info/include/message_info/msg/detail/referee_team_info__rosidl_typesupport_introspection_cpp.hpp
[15.602s] -- Installing: /home/rionessl/SSLRasp/install/message_info/include/message_info/msg/detail/robot_command__type_support.cpp
[15.602s] -- Installing: /home/rionessl/SSLRasp/install/message_info/include/message_info/msg/detail/field_circular_arc__rosidl_typesupport_introspection_cpp.hpp
[15.602s] -- Installing: /home/rionessl/SSLRasp/install/message_info/include/message_info/msg/detail/info__type_support.cpp
[15.602s] -- Installing: /home/rionessl/SSLRasp/install/message_info/include/message_info/msg/detail/detection_frame__rosidl_typesupport_introspection_cpp.hpp
[15.602s] -- Installing: /home/rionessl/SSLRasp/install/message_info/include/message_info/msg/detail/detection_ball__rosidl_typesupport_introspection_cpp.hpp
[15.602s] -- Installing: /home/rionessl/SSLRasp/install/message_info/include/message_info/msg/detail/referee_game_event__rosidl_typesupport_introspection_cpp.hpp
[15.602s] -- Installing: /home/rionessl/SSLRasp/install/message_info/include/message_info/msg/detail/field_circular_arc__type_support.cpp
[15.602s] -- Installing: /home/rionessl/SSLRasp/install/message_info/include/message_info/msg/detail/referee__type_support.cpp
[15.602s] -- Installing: /home/rionessl/SSLRasp/install/message_info/include/message_info/msg/detail/goal_info__rosidl_typesupport_introspection_cpp.hpp
[15.602s] -- Installing: /home/rionessl/SSLRasp/install/message_info/include/message_info/msg/detail/field_line_segment__rosidl_typesupport_introspection_cpp.hpp
[15.602s] -- Installing: /home/rionessl/SSLRasp/install/message_info/include/message_info/msg/detail/field_line_segment__type_support.cpp
[15.602s] -- Installing: /home/rionessl/SSLRasp/install/message_info/include/message_info/msg/detail/referee_team_info__type_support.cpp
[15.602s] -- Installing: /home/rionessl/SSLRasp/install/message_info/include/message_info/msg/detail/robot_commands__rosidl_typesupport_introspection_cpp.hpp
[15.602s] -- Installing: /home/rionessl/SSLRasp/install/message_info/include/message_info/msg/detail/goal_info__type_support.cpp
[15.602s] -- Installing: /home/rionessl/SSLRasp/install/message_info/include/message_info/msg/detail/vision_geometry__type_support.cpp
[15.602s] -- Installing: /home/rionessl/SSLRasp/install/message_info/include/message_info/msg/detail/referee_game_event__type_support.cpp
[15.603s] -- Installing: /home/rionessl/SSLRasp/install/message_info/include/message_info/msg/detail/role__type_support.cpp
[15.603s] -- Installing: /home/rionessl/SSLRasp/install/message_info/include/message_info/msg/detail/info__rosidl_typesupport_introspection_cpp.hpp
[15.603s] -- Installing: /home/rionessl/SSLRasp/install/message_info/include/message_info/msg/detail/referee__rosidl_typesupport_introspection_cpp.hpp
[15.603s] -- Installing: /home/rionessl/SSLRasp/install/message_info/include/message_info/msg/detail/ball_info__rosidl_typesupport_introspection_cpp.hpp
[15.603s] -- Installing: /home/rionessl/SSLRasp/install/message_info/include/message_info/msg/detail/detection_frame__type_support.cpp
[15.603s] -- Installing: /home/rionessl/SSLRasp/install/message_info/include/message_info/msg/detail/vision_detections__type_support.cpp
[15.603s] -- Installing: /home/rionessl/SSLRasp/install/message_info/include/message_info/msg/detail/role__rosidl_typesupport_introspection_cpp.hpp
[15.603s] -- Installing: /home/rionessl/SSLRasp/install/message_info/include/message_info/msg/detail/goalie__type_support.cpp
[15.603s] -- Installing: /home/rionessl/SSLRasp/install/message_info/include/message_info/msg/detail/attacker__rosidl_typesupport_introspection_cpp.hpp
[15.603s] -- Installing: /home/rionessl/SSLRasp/install/message_info/include/message_info/msg/detail/vision_geometry__rosidl_typesupport_introspection_cpp.hpp
[15.603s] -- Installing: /home/rionessl/SSLRasp/install/message_info/include/message_info/msg/detail/detection_robot__rosidl_typesupport_introspection_cpp.hpp
[15.603s] -- Installing: /home/rionessl/SSLRasp/install/message_info/include/message_info/msg/detail/test__type_support.cpp
[15.603s] -- Installing: /home/rionessl/SSLRasp/install/message_info/include/message_info/msg/detail/robot_command__rosidl_typesupport_introspection_cpp.hpp
[15.603s] -- Installing: /home/rionessl/SSLRasp/install/message_info/include/message_info/msg/detail/robot_commands__type_support.cpp
[15.603s] -- Installing: /home/rionessl/SSLRasp/install/message_info/include/message_info/msg/detail/detection_ball__type_support.cpp
[15.603s] -- Installing: /home/rionessl/SSLRasp/install/message_info/include/message_info/msg/detail/goalie__rosidl_typesupport_introspection_cpp.hpp
[15.603s] -- Installing: /home/rionessl/SSLRasp/install/message_info/include/message_info/msg/detail/ball_info__type_support.cpp
[15.603s] -- Installing: /home/rionessl/SSLRasp/install/message_info/include/message_info/msg/detail/attacker__type_support.cpp
[15.603s] -- Installing: /home/rionessl/SSLRasp/install/message_info/include/message_info/msg/detail/vision_detections__rosidl_typesupport_introspection_cpp.hpp
[15.603s] -- Installing: /home/rionessl/SSLRasp/install/message_info/include/message_info/msg/detail/test__rosidl_typesupport_introspection_cpp.hpp
[15.603s] -- Installing: /home/rionessl/SSLRasp/install/message_info/include/message_info/msg/detail/detection_robot__type_support.cpp
[15.603s] -- Installing: /home/rionessl/SSLRasp/install/message_info/lib/libmessage_info__rosidl_typesupport_introspection_cpp.so
[15.604s] -- Set runtime path of "/home/rionessl/SSLRasp/install/message_info/lib/libmessage_info__rosidl_typesupport_introspection_cpp.so" to ""
[15.604s] -- Installing: /home/rionessl/SSLRasp/install/message_info/lib/libmessage_info__rosidl_typesupport_cpp.so
[15.604s] -- Set runtime path of "/home/rionessl/SSLRasp/install/message_info/lib/libmessage_info__rosidl_typesupport_cpp.so" to ""
[15.604s] -- Installing: /home/rionessl/SSLRasp/install/message_info/share/message_info/environment/pythonpath.sh
[15.604s] -- Installing: /home/rionessl/SSLRasp/install/message_info/share/message_info/environment/pythonpath.dsv
[15.604s] -- Installing: /home/rionessl/SSLRasp/install/message_info/lib/python3.8/site-packages/message_info/__init__.py
[15.625s] Compiling '/home/rionessl/SSLRasp/install/message_info/lib/python3.8/site-packages/message_info/__init__.py'...
[15.627s] -- Installing: /home/rionessl/SSLRasp/install/message_info/lib/python3.8/site-packages/message_info/msg
[15.627s] -- Installing: /home/rionessl/SSLRasp/install/message_info/lib/python3.8/site-packages/message_info/msg/_info.py
[15.627s] -- Installing: /home/rionessl/SSLRasp/install/message_info/lib/python3.8/site-packages/message_info/msg/_field_line_segment.py
[15.627s] -- Installing: /home/rionessl/SSLRasp/install/message_info/lib/python3.8/site-packages/message_info/msg/_vision_detections.py
[15.628s] -- Installing: /home/rionessl/SSLRasp/install/message_info/lib/python3.8/site-packages/message_info/msg/_referee_s.c
[15.628s] -- Installing: /home/rionessl/SSLRasp/install/message_info/lib/python3.8/site-packages/message_info/msg/_detection_robot_s.c
[15.628s] -- Installing: /home/rionessl/SSLRasp/install/message_info/lib/python3.8/site-packages/message_info/msg/_info_s.c
[15.628s] -- Installing: /home/rionessl/SSLRasp/install/message_info/lib/python3.8/site-packages/message_info/msg/_referee_team_info_s.c
[15.628s] -- Installing: /home/rionessl/SSLRasp/install/message_info/lib/python3.8/site-packages/message_info/msg/_referee_game_event.py
[15.628s] -- Installing: /home/rionessl/SSLRasp/install/message_info/lib/python3.8/site-packages/message_info/msg/_goal_info.py
[15.628s] -- Installing: /home/rionessl/SSLRasp/install/message_info/lib/python3.8/site-packages/message_info/msg/_referee_team_info.py
[15.628s] -- Installing: /home/rionessl/SSLRasp/install/message_info/lib/python3.8/site-packages/message_info/msg/_field_line_segment_s.c
[15.628s] -- Installing: /home/rionessl/SSLRasp/install/message_info/lib/python3.8/site-packages/message_info/msg/_field_circular_arc_s.c
[15.629s] -- Installing: /home/rionessl/SSLRasp/install/message_info/lib/python3.8/site-packages/message_info/msg/_attacker.py
[15.629s] -- Installing: /home/rionessl/SSLRasp/install/message_info/lib/python3.8/site-packages/message_info/msg/_robot_commands.py
[15.629s] -- Installing: /home/rionessl/SSLRasp/install/message_info/lib/python3.8/site-packages/message_info/msg/_robot_command_s.c
[15.629s] -- Installing: /home/rionessl/SSLRasp/install/message_info/lib/python3.8/site-packages/message_info/msg/_detection_ball_s.c
[15.629s] -- Installing: /home/rionessl/SSLRasp/install/message_info/lib/python3.8/site-packages/message_info/msg/_ball_info_s.c
[15.629s] -- Installing: /home/rionessl/SSLRasp/install/message_info/lib/python3.8/site-packages/message_info/msg/_detection_frame.py
[15.629s] -- Installing: /home/rionessl/SSLRasp/install/message_info/lib/python3.8/site-packages/message_info/msg/_role.py
[15.629s] -- Installing: /home/rionessl/SSLRasp/install/message_info/lib/python3.8/site-packages/message_info/msg/_field_circular_arc.py
[15.629s] -- Installing: /home/rionessl/SSLRasp/install/message_info/lib/python3.8/site-packages/message_info/msg/__init__.py
[15.630s] -- Installing: /home/rionessl/SSLRasp/install/message_info/lib/python3.8/site-packages/message_info/msg/_referee_game_event_s.c
[15.630s] -- Installing: /home/rionessl/SSLRasp/install/message_info/lib/python3.8/site-packages/message_info/msg/_test.py
[15.630s] -- Installing: /home/rionessl/SSLRasp/install/message_info/lib/python3.8/site-packages/message_info/msg/_attacker_s.c
[15.630s] -- Installing: /home/rionessl/SSLRasp/install/message_info/lib/python3.8/site-packages/message_info/msg/_goalie.py
[15.630s] -- Installing: /home/rionessl/SSLRasp/install/message_info/lib/python3.8/site-packages/message_info/msg/_detection_frame_s.c
[15.630s] -- Installing: /home/rionessl/SSLRasp/install/message_info/lib/python3.8/site-packages/message_info/msg/_detection_ball.py
[15.630s] -- Installing: /home/rionessl/SSLRasp/install/message_info/lib/python3.8/site-packages/message_info/msg/_test_s.c
[15.630s] -- Installing: /home/rionessl/SSLRasp/install/message_info/lib/python3.8/site-packages/message_info/msg/_vision_geometry.py
[15.630s] -- Installing: /home/rionessl/SSLRasp/install/message_info/lib/python3.8/site-packages/message_info/msg/_vision_geometry_s.c
[15.631s] -- Installing: /home/rionessl/SSLRasp/install/message_info/lib/python3.8/site-packages/message_info/msg/_goal_info_s.c
[15.631s] -- Installing: /home/rionessl/SSLRasp/install/message_info/lib/python3.8/site-packages/message_info/msg/_goalie_s.c
[15.631s] -- Installing: /home/rionessl/SSLRasp/install/message_info/lib/python3.8/site-packages/message_info/msg/_referee.py
[15.631s] -- Installing: /home/rionessl/SSLRasp/install/message_info/lib/python3.8/site-packages/message_info/msg/_ball_info.py
[15.631s] -- Installing: /home/rionessl/SSLRasp/install/message_info/lib/python3.8/site-packages/message_info/msg/_detection_robot.py
[15.631s] -- Installing: /home/rionessl/SSLRasp/install/message_info/lib/python3.8/site-packages/message_info/msg/_vision_detections_s.c
[15.631s] -- Installing: /home/rionessl/SSLRasp/install/message_info/lib/python3.8/site-packages/message_info/msg/_robot_commands_s.c
[15.631s] -- Installing: /home/rionessl/SSLRasp/install/message_info/lib/python3.8/site-packages/message_info/msg/_robot_command.py
[15.631s] -- Installing: /home/rionessl/SSLRasp/install/message_info/lib/python3.8/site-packages/message_info/msg/_role_s.c
[15.631s] -- Installing: /home/rionessl/SSLRasp/install/message_info/lib/python3.8/site-packages/message_info/message_info_s__rosidl_typesupport_fastrtps_c.cpython-38-x86_64-linux-gnu.so
[15.632s] -- Set runtime path of "/home/rionessl/SSLRasp/install/message_info/lib/python3.8/site-packages/message_info/message_info_s__rosidl_typesupport_fastrtps_c.cpython-38-x86_64-linux-gnu.so" to ""
[15.632s] -- Installing: /home/rionessl/SSLRasp/install/message_info/lib/python3.8/site-packages/message_info/message_info_s__rosidl_typesupport_introspection_c.cpython-38-x86_64-linux-gnu.so
[15.633s] -- Set runtime path of "/home/rionessl/SSLRasp/install/message_info/lib/python3.8/site-packages/message_info/message_info_s__rosidl_typesupport_introspection_c.cpython-38-x86_64-linux-gnu.so" to ""
[15.633s] -- Installing: /home/rionessl/SSLRasp/install/message_info/lib/python3.8/site-packages/message_info/message_info_s__rosidl_typesupport_c.cpython-38-x86_64-linux-gnu.so
[15.634s] -- Set runtime path of "/home/rionessl/SSLRasp/install/message_info/lib/python3.8/site-packages/message_info/message_info_s__rosidl_typesupport_c.cpython-38-x86_64-linux-gnu.so" to ""
[15.634s] -- Installing: /home/rionessl/SSLRasp/install/message_info/lib/libmessage_info__python.so
[15.635s] -- Set runtime path of "/home/rionessl/SSLRasp/install/message_info/lib/libmessage_info__python.so" to ""
[15.635s] -- Installing: /home/rionessl/SSLRasp/install/message_info/share/message_info/msg/RefereeGameEvent.idl
[15.635s] -- Installing: /home/rionessl/SSLRasp/install/message_info/share/message_info/msg/RefereeTeamInfo.idl
[15.635s] -- Installing: /home/rionessl/SSLRasp/install/message_info/share/message_info/msg/Referee.idl
[15.635s] -- Installing: /home/rionessl/SSLRasp/install/message_info/share/message_info/msg/FieldCircularArc.idl
[15.635s] -- Installing: /home/rionessl/SSLRasp/install/message_info/share/message_info/msg/FieldLineSegment.idl
[15.636s] -- Installing: /home/rionessl/SSLRasp/install/message_info/share/message_info/msg/VisionGeometry.idl
[15.636s] -- Installing: /home/rionessl/SSLRasp/install/message_info/share/message_info/msg/DetectionBall.idl
[15.636s] -- Installing: /home/rionessl/SSLRasp/install/message_info/share/message_info/msg/DetectionRobot.idl
[15.636s] -- Installing: /home/rionessl/SSLRasp/install/message_info/share/message_info/msg/DetectionFrame.idl
[15.636s] -- Installing: /home/rionessl/SSLRasp/install/message_info/share/message_info/msg/VisionDetections.idl
[15.636s] -- Installing: /home/rionessl/SSLRasp/install/message_info/share/message_info/msg/RobotCommand.idl
[15.636s] -- Installing: /home/rionessl/SSLRasp/install/message_info/share/message_info/msg/RobotCommands.idl
[15.636s] -- Installing: /home/rionessl/SSLRasp/install/message_info/share/message_info/msg/Test.idl
[15.637s] -- Installing: /home/rionessl/SSLRasp/install/message_info/share/message_info/msg/BallInfo.idl
[15.637s] -- Installing: /home/rionessl/SSLRasp/install/message_info/share/message_info/msg/GoalInfo.idl
[15.637s] -- Installing: /home/rionessl/SSLRasp/install/message_info/share/message_info/msg/Role.idl
[15.637s] -- Installing: /home/rionessl/SSLRasp/install/message_info/share/message_info/msg/Attacker.idl
[15.637s] -- Installing: /home/rionessl/SSLRasp/install/message_info/share/message_info/msg/Goalie.idl
[15.637s] -- Installing: /home/rionessl/SSLRasp/install/message_info/share/message_info/msg/Info.idl
[15.637s] -- Installing: /home/rionessl/SSLRasp/install/message_info/share/message_info/msg/RefereeGameEvent.msg
[15.637s] -- Installing: /home/rionessl/SSLRasp/install/message_info/share/message_info/msg/RefereeTeamInfo.msg
[15.637s] -- Installing: /home/rionessl/SSLRasp/install/message_info/share/message_info/msg/Referee.msg
[15.637s] -- Installing: /home/rionessl/SSLRasp/install/message_info/share/message_info/msg/FieldCircularArc.msg
[15.637s] -- Installing: /home/rionessl/SSLRasp/install/message_info/share/message_info/msg/FieldLineSegment.msg
[15.638s] -- Installing: /home/rionessl/SSLRasp/install/message_info/share/message_info/msg/VisionGeometry.msg
[15.638s] -- Installing: /home/rionessl/SSLRasp/install/message_info/share/message_info/msg/DetectionBall.msg
[15.638s] -- Installing: /home/rionessl/SSLRasp/install/message_info/share/message_info/msg/DetectionRobot.msg
[15.638s] -- Installing: /home/rionessl/SSLRasp/install/message_info/share/message_info/msg/DetectionFrame.msg
[15.638s] -- Installing: /home/rionessl/SSLRasp/install/message_info/share/message_info/msg/VisionDetections.msg
[15.638s] -- Installing: /home/rionessl/SSLRasp/install/message_info/share/message_info/msg/RobotCommand.msg
[15.638s] -- Installing: /home/rionessl/SSLRasp/install/message_info/share/message_info/msg/RobotCommands.msg
[15.638s] -- Installing: /home/rionessl/SSLRasp/install/message_info/share/message_info/msg/Test.msg
[15.638s] -- Installing: /home/rionessl/SSLRasp/install/message_info/share/message_info/msg/BallInfo.msg
[15.638s] -- Installing: /home/rionessl/SSLRasp/install/message_info/share/message_info/msg/GoalInfo.msg
[15.638s] -- Installing: /home/rionessl/SSLRasp/install/message_info/share/message_info/msg/Role.msg
[15.639s] -- Installing: /home/rionessl/SSLRasp/install/message_info/share/message_info/msg/Attacker.msg
[15.639s] -- Installing: /home/rionessl/SSLRasp/install/message_info/share/message_info/msg/Goalie.msg
[15.639s] -- Installing: /home/rionessl/SSLRasp/install/message_info/share/message_info/msg/Info.msg
[15.639s] -- Installing: /home/rionessl/SSLRasp/install/message_info/share/ament_index/resource_index/package_run_dependencies/message_info
[15.639s] -- Installing: /home/rionessl/SSLRasp/install/message_info/share/ament_index/resource_index/parent_prefix_path/message_info
[15.639s] -- Installing: /home/rionessl/SSLRasp/install/message_info/share/message_info/environment/ament_prefix_path.sh
[15.639s] -- Installing: /home/rionessl/SSLRasp/install/message_info/share/message_info/environment/ament_prefix_path.dsv
[15.639s] -- Installing: /home/rionessl/SSLRasp/install/message_info/share/message_info/environment/path.sh
[15.639s] -- Installing: /home/rionessl/SSLRasp/install/message_info/share/message_info/environment/path.dsv
[15.639s] -- Installing: /home/rionessl/SSLRasp/install/message_info/share/message_info/local_setup.bash
[15.640s] -- Installing: /home/rionessl/SSLRasp/install/message_info/share/message_info/local_setup.sh
[15.640s] -- Installing: /home/rionessl/SSLRasp/install/message_info/share/message_info/local_setup.zsh
[15.640s] -- Installing: /home/rionessl/SSLRasp/install/message_info/share/message_info/local_setup.dsv
[15.640s] -- Installing: /home/rionessl/SSLRasp/install/message_info/share/message_info/package.dsv
[15.640s] -- Installing: /home/rionessl/SSLRasp/install/message_info/share/ament_index/resource_index/packages/message_info
[15.640s] -- Installing: /home/rionessl/SSLRasp/install/message_info/share/message_info/cmake/message_info__rosidl_generator_cExport.cmake
[15.640s] -- Installing: /home/rionessl/SSLRasp/install/message_info/share/message_info/cmake/message_info__rosidl_generator_cExport-noconfig.cmake
[15.641s] -- Installing: /home/rionessl/SSLRasp/install/message_info/share/message_info/cmake/message_info__rosidl_typesupport_introspection_cExport.cmake
[15.641s] -- Installing: /home/rionessl/SSLRasp/install/message_info/share/message_info/cmake/message_info__rosidl_typesupport_introspection_cExport-noconfig.cmake
[15.641s] -- Installing: /home/rionessl/SSLRasp/install/message_info/share/message_info/cmake/message_info__rosidl_typesupport_cExport.cmake
[15.641s] -- Installing: /home/rionessl/SSLRasp/install/message_info/share/message_info/cmake/message_info__rosidl_typesupport_cExport-noconfig.cmake
[15.641s] -- Installing: /home/rionessl/SSLRasp/install/message_info/share/message_info/cmake/message_info__rosidl_generator_cppExport.cmake
[15.641s] -- Installing: /home/rionessl/SSLRasp/install/message_info/share/message_info/cmake/message_info__rosidl_typesupport_introspection_cppExport.cmake
[15.641s] -- Installing: /home/rionessl/SSLRasp/install/message_info/share/message_info/cmake/message_info__rosidl_typesupport_introspection_cppExport-noconfig.cmake
[15.641s] -- Installing: /home/rionessl/SSLRasp/install/message_info/share/message_info/cmake/message_info__rosidl_typesupport_cppExport.cmake
[15.642s] -- Installing: /home/rionessl/SSLRasp/install/message_info/share/message_info/cmake/message_info__rosidl_typesupport_cppExport-noconfig.cmake
[15.642s] -- Installing: /home/rionessl/SSLRasp/install/message_info/share/message_info/cmake/rosidl_cmake-extras.cmake
[15.642s] -- Installing: /home/rionessl/SSLRasp/install/message_info/share/message_info/cmake/ament_cmake_export_dependencies-extras.cmake
[15.642s] -- Installing: /home/rionessl/SSLRasp/install/message_info/share/message_info/cmake/ament_cmake_export_libraries-extras.cmake
[15.642s] -- Installing: /home/rionessl/SSLRasp/install/message_info/share/message_info/cmake/ament_cmake_export_targets-extras.cmake
[15.642s] -- Installing: /home/rionessl/SSLRasp/install/message_info/share/message_info/cmake/ament_cmake_export_include_directories-extras.cmake
[15.643s] -- Installing: /home/rionessl/SSLRasp/install/message_info/share/message_info/cmake/rosidl_cmake_export_typesupport_libraries-extras.cmake
[15.644s] -- Installing: /home/rionessl/SSLRasp/install/message_info/share/message_info/cmake/rosidl_cmake_export_typesupport_targets-extras.cmake
[15.645s] -- Installing: /home/rionessl/SSLRasp/install/message_info/share/message_info/cmake/message_infoConfig.cmake
[15.645s] -- Installing: /home/rionessl/SSLRasp/install/message_info/share/message_info/cmake/message_infoConfig-version.cmake
[15.645s] -- Installing: /home/rionessl/SSLRasp/install/message_info/share/message_info/package.xml
[15.646s] Invoked command in '/home/rionessl/SSLRasp/build/message_info' returned '0': CMAKE_PREFIX_PATH=${CMAKE_PREFIX_PATH}:/home/rionessl/RiAI/install/real_sender:/opt/ros/foxy /usr/bin/cmake --install /home/rionessl/SSLRasp/build/message_info
