[4.585s] Invoking command in '/home/rionessl/SSLRasp/build/message_info': CMAKE_PREFIX_PATH=${CMAKE_PREFIX_PATH}:/home/rionessl/RiAI/install/real_sender:/opt/ros/foxy /usr/bin/cmake --build /home/rionessl/SSLRasp/build/message_info -- -j16 -l16
[9.311s] -- Found ament_cmake: 0.9.8 (/opt/ros/foxy/share/ament_cmake/cmake)
[9.429s] -- Found PythonInterp: /usr/bin/python3 (found suitable version "3.8.5", minimum required is "3") 
[9.429s] -- Using PYTHON_EXECUTABLE: /usr/bin/python3
[9.651s] -- Found rosidl_default_generators: 1.0.1 (/opt/ros/foxy/share/rosidl_default_generators/cmake)
[10.512s] -- Using all available rosidl_typesupport_c: rosidl_typesupport_fastrtps_c;rosidl_typesupport_introspection_c
[10.517s] -- Found rosidl_adapter: 1.2.1 (/opt/ros/foxy/share/rosidl_adapter/cmake)
[11.933s] -- Using all available rosidl_typesupport_cpp: rosidl_typesupport_fastrtps_cpp;rosidl_typesupport_introspection_cpp
[11.949s] -- Found builtin_interfaces: 1.0.0 (/opt/ros/foxy/share/builtin_interfaces/cmake)
[11.957s] -- Found std_msgs: 2.0.4 (/opt/ros/foxy/share/std_msgs/cmake)
[11.969s] -- Found sensor_msgs: 2.0.4 (/opt/ros/foxy/share/sensor_msgs/cmake)
[12.062s] -- OpenSSL Version: 1.1.1f /usr/include /usr/lib/x86_64-linux-gnu/libssl.so;/usr/lib/x86_64-linux-gnu/libcrypto.so
[12.177s] -- Found PythonInterp: /usr/bin/python3 (found version "3.8.5") 
[13.099s] -- Found ament_cmake_ros: 0.9.1 (/opt/ros/foxy/share/ament_cmake_ros/cmake)
[13.400s] -- Using all available rosidl_typesupport_c: rosidl_typesupport_fastrtps_c;rosidl_typesupport_introspection_c
[13.545s] -- Using all available rosidl_typesupport_cpp: rosidl_typesupport_fastrtps_cpp;rosidl_typesupport_introspection_cpp
[13.571s] -- Found PythonInterp: /usr/bin/python3 (found suitable version "3.8.5", minimum required is "3.5") 
[13.571s] -- Found python_cmake_module: 0.8.1 (/opt/ros/foxy/share/python_cmake_module/cmake)
[14.034s] -- Using PYTHON_EXECUTABLE: /usr/bin/python3
[14.034s] -- Using PYTHON_INCLUDE_DIRS: /usr/include/python3.8
[14.034s] -- Using PYTHON_LIBRARIES: /usr/lib/x86_64-linux-gnu/libpython3.8.so
[14.166s] -- Found ament_lint_auto: 0.9.6 (/opt/ros/foxy/share/ament_lint_auto/cmake)
[14.288s] -- Added test 'copyright' to check source files copyright and LICENSE
[14.291s] -- Added test 'lint_cmake' to check CMake code style
[14.292s] -- Added test 'xmllint' to check XML markup files
[14.327s] -- Configuring done
[16.218s] -- Generating done
[16.224s] -- Build files have been written to: /home/rionessl/SSLRasp/build/message_info
[16.270s] [  0%] Built target message_info__cpp
[16.336s] [ 12%] Built target message_info__rosidl_generator_c
[16.344s] [ 24%] Built target message_info__rosidl_typesupport_cpp
[16.404s] [ 36%] Built target message_info__rosidl_typesupport_introspection_cpp
[16.408s] [ 48%] Built target message_info__rosidl_typesupport_fastrtps_cpp
[16.604s] [ 60%] Built target message_info__rosidl_typesupport_c
[16.606s] [ 72%] Built target message_info__rosidl_typesupport_introspection_c
[16.611s] [ 84%] Built target message_info__rosidl_typesupport_fastrtps_c
[16.649s] [ 84%] Built target message_info
[16.674s] [ 85%] Built target message_info__py
[17.165s] [ 96%] Built target message_info__python
[17.418s] [ 98%] Built target message_info__rosidl_typesupport_introspection_c__pyext
[17.419s] [ 99%] Built target message_info__rosidl_typesupport_fastrtps_c__pyext
[17.446s] [100%] Built target message_info__rosidl_typesupport_c__pyext
[17.453s] Invoked command in '/home/rionessl/SSLRasp/build/message_info' returned '0': CMAKE_PREFIX_PATH=${CMAKE_PREFIX_PATH}:/home/rionessl/RiAI/install/real_sender:/opt/ros/foxy /usr/bin/cmake --build /home/rionessl/SSLRasp/build/message_info -- -j16 -l16
[17.639s] Invoking command in '/home/rionessl/SSLRasp/build/message_info': CMAKE_PREFIX_PATH=${CMAKE_PREFIX_PATH}:/home/rionessl/RiAI/install/real_sender:/opt/ros/foxy /usr/bin/cmake --install /home/rionessl/SSLRasp/build/message_info
[17.647s] -- Install configuration: ""
[17.647s] -- Installing: /home/rionessl/SSLRasp/install/message_info/share/ament_index/resource_index/rosidl_interfaces/message_info
[17.647s] -- Up-to-date: /home/rionessl/SSLRasp/install/message_info/include/message_info
[17.647s] -- Up-to-date: /home/rionessl/SSLRasp/install/message_info/include/message_info/msg
[17.648s] -- Installing: /home/rionessl/SSLRasp/install/message_info/include/message_info/msg/robot_command.h
[17.684s] -- Installing: /home/rionessl/SSLRasp/install/message_info/include/message_info/msg/test.h
[18.814s] -- Installing: /home/rionessl/SSLRasp/install/message_info/include/message_info/msg/goalie.h
[18.816s] -- Installing: /home/rionessl/SSLRasp/install/message_info/include/message_info/msg/ball_info.h
[18.816s] -- Installing: /home/rionessl/SSLRasp/install/message_info/include/message_info/msg/robot_commands.h
[18.817s] -- Up-to-date: /home/rionessl/SSLRasp/install/message_info/include/message_info/msg/detail
[18.817s] -- Installing: /home/rionessl/SSLRasp/install/message_info/include/message_info/msg/detail/referee__functions.c
[18.817s] -- Installing: /home/rionessl/SSLRasp/install/message_info/include/message_info/msg/detail/test__type_support.h
[18.818s] -- Installing: /home/rionessl/SSLRasp/install/message_info/include/message_info/msg/detail/robot_command__functions.c
[18.818s] -- Installing: /home/rionessl/SSLRasp/install/message_info/include/message_info/msg/detail/referee__type_support.h
[18.819s] -- Installing: /home/rionessl/SSLRasp/install/message_info/include/message_info/msg/detail/goal_info__functions.h
[18.819s] -- Installing: /home/rionessl/SSLRasp/install/message_info/include/message_info/msg/detail/detection_robot__type_support.h
[18.879s] -- Installing: /home/rionessl/SSLRasp/install/message_info/include/message_info/msg/detail/detection_robot__functions.c
[19.015s] -- Installing: /home/rionessl/SSLRasp/install/message_info/include/message_info/msg/detail/referee_game_event__type_support.h
[19.018s] -- Installing: /home/rionessl/SSLRasp/install/message_info/include/message_info/msg/detail/field_line_segment__functions.h
[20.082s] -- Installing: /home/rionessl/SSLRasp/install/message_info/include/message_info/msg/detail/referee_team_info__functions.c
[20.084s] -- Installing: /home/rionessl/SSLRasp/install/message_info/include/message_info/msg/detail/ball_info__struct.h
[20.085s] -- Installing: /home/rionessl/SSLRasp/install/message_info/include/message_info/msg/detail/robot_command__type_support.h
[20.085s] -- Installing: /home/rionessl/SSLRasp/install/message_info/include/message_info/msg/detail/vision_geometry__functions.c
[20.086s] -- Installing: /home/rionessl/SSLRasp/install/message_info/include/message_info/msg/detail/test__functions.c
[20.086s] -- Installing: /home/rionessl/SSLRasp/install/message_info/include/message_info/msg/detail/vision_detections__struct.h
[20.087s] -- Installing: /home/rionessl/SSLRasp/install/message_info/include/message_info/msg/detail/vision_detections__type_support.h
[20.088s] -- Installing: /home/rionessl/SSLRasp/install/message_info/include/message_info/msg/detail/field_line_segment__struct.h
[20.088s] -- Installing: /home/rionessl/SSLRasp/install/message_info/include/message_info/msg/detail/detection_frame__type_support.h
[20.089s] -- Installing: /home/rionessl/SSLRasp/install/message_info/include/message_info/msg/detail/attacker__functions.c
[20.089s] -- Installing: /home/rionessl/SSLRasp/install/message_info/include/message_info/msg/detail/info__struct.h
[20.090s] -- Installing: /home/rionessl/SSLRasp/install/message_info/include/message_info/msg/detail/vision_detections__functions.c
[20.090s] -- Installing: /home/rionessl/SSLRasp/install/message_info/include/message_info/msg/detail/robot_commands__functions.h
[20.091s] -- Installing: /home/rionessl/SSLRasp/install/message_info/include/message_info/msg/detail/goalie__functions.c
[20.092s] -- Installing: /home/rionessl/SSLRasp/install/message_info/include/message_info/msg/detail/goalie__functions.h
[20.092s] -- Installing: /home/rionessl/SSLRasp/install/message_info/include/message_info/msg/detail/attacker__struct.h
[20.093s] -- Installing: /home/rionessl/SSLRasp/install/message_info/include/message_info/msg/detail/referee__functions.h
[20.093s] -- Installing: /home/rionessl/SSLRasp/install/message_info/include/message_info/msg/detail/referee_game_event__functions.h
[20.094s] -- Installing: /home/rionessl/SSLRasp/install/message_info/include/message_info/msg/detail/test__functions.h
[20.094s] -- Installing: /home/rionessl/SSLRasp/install/message_info/include/message_info/msg/detail/role__functions.h
[20.095s] -- Installing: /home/rionessl/SSLRasp/install/message_info/include/message_info/msg/detail/role__functions.c
[20.095s] -- Installing: /home/rionessl/SSLRasp/install/message_info/include/message_info/msg/detail/goalie__type_support.h
[20.096s] -- Installing: /home/rionessl/SSLRasp/install/message_info/include/message_info/msg/detail/goal_info__struct.h
[20.097s] -- Installing: /home/rionessl/SSLRasp/install/message_info/include/message_info/msg/detail/referee_team_info__struct.h
[20.097s] -- Installing: /home/rionessl/SSLRasp/install/message_info/include/message_info/msg/detail/detection_ball__type_support.h
[20.098s] -- Installing: /home/rionessl/SSLRasp/install/message_info/include/message_info/msg/detail/referee_team_info__functions.h
[20.098s] -- Installing: /home/rionessl/SSLRasp/install/message_info/include/message_info/msg/detail/detection_ball__struct.h
[20.099s] -- Installing: /home/rionessl/SSLRasp/install/message_info/include/message_info/msg/detail/goal_info__type_support.h
[20.099s] -- Installing: /home/rionessl/SSLRasp/install/message_info/include/message_info/msg/detail/referee_game_event__struct.h
[20.100s] -- Installing: /home/rionessl/SSLRasp/install/message_info/include/message_info/msg/detail/detection_ball__functions.h
[20.101s] -- Installing: /home/rionessl/SSLRasp/install/message_info/include/message_info/msg/detail/info__functions.c
[20.101s] -- Installing: /home/rionessl/SSLRasp/install/message_info/include/message_info/msg/detail/detection_frame__struct.h
[20.102s] -- Installing: /home/rionessl/SSLRasp/install/message_info/include/message_info/msg/detail/info__type_support.h
[20.103s] -- Installing: /home/rionessl/SSLRasp/install/message_info/include/message_info/msg/detail/robot_command__struct.h
[20.103s] -- Installing: /home/rionessl/SSLRasp/install/message_info/include/message_info/msg/detail/info__functions.h
[20.104s] -- Installing: /home/rionessl/SSLRasp/install/message_info/include/message_info/msg/detail/field_line_segment__functions.c
[20.105s] -- Installing: /home/rionessl/SSLRasp/install/message_info/include/message_info/msg/detail/ball_info__type_support.h
[20.105s] -- Installing: /home/rionessl/SSLRasp/install/message_info/include/message_info/msg/detail/goal_info__functions.c
[20.106s] -- Installing: /home/rionessl/SSLRasp/install/message_info/include/message_info/msg/detail/detection_robot__functions.h
[20.106s] -- Installing: /home/rionessl/SSLRasp/install/message_info/include/message_info/msg/detail/detection_frame__functions.h
[20.107s] -- Installing: /home/rionessl/SSLRasp/install/message_info/include/message_info/msg/detail/role__struct.h
[20.107s] -- Installing: /home/rionessl/SSLRasp/install/message_info/include/message_info/msg/detail/vision_geometry__functions.h
[20.108s] -- Installing: /home/rionessl/SSLRasp/install/message_info/include/message_info/msg/detail/robot_commands__struct.h
[20.108s] -- Installing: /home/rionessl/SSLRasp/install/message_info/include/message_info/msg/detail/field_circular_arc__functions.h
[20.109s] -- Installing: /home/rionessl/SSLRasp/install/message_info/include/message_info/msg/detail/field_circular_arc__struct.h
[20.110s] -- Installing: /home/rionessl/SSLRasp/install/message_info/include/message_info/msg/detail/vision_detections__functions.h
[20.111s] -- Installing: /home/rionessl/SSLRasp/install/message_info/include/message_info/msg/detail/field_circular_arc__functions.c
[20.112s] -- Installing: /home/rionessl/SSLRasp/install/message_info/include/message_info/msg/detail/referee__struct.h
[20.112s] -- Installing: /home/rionessl/SSLRasp/install/message_info/include/message_info/msg/detail/goalie__struct.h
[20.113s] -- Installing: /home/rionessl/SSLRasp/install/message_info/include/message_info/msg/detail/vision_geometry__struct.h
[20.113s] -- Installing: /home/rionessl/SSLRasp/install/message_info/include/message_info/msg/detail/field_line_segment__type_support.h
[20.114s] -- Installing: /home/rionessl/SSLRasp/install/message_info/include/message_info/msg/detail/referee_team_info__type_support.h
[20.115s] -- Installing: /home/rionessl/SSLRasp/install/message_info/include/message_info/msg/detail/role__type_support.h
[20.115s] -- Installing: /home/rionessl/SSLRasp/install/message_info/include/message_info/msg/detail/vision_geometry__type_support.h
[20.116s] -- Installing: /home/rionessl/SSLRasp/install/message_info/include/message_info/msg/detail/robot_commands__functions.c
[20.116s] -- Installing: /home/rionessl/SSLRasp/install/message_info/include/message_info/msg/detail/field_circular_arc__type_support.h
[20.117s] -- Installing: /home/rionessl/SSLRasp/install/message_info/include/message_info/msg/detail/ball_info__functions.h
[20.118s] -- Installing: /home/rionessl/SSLRasp/install/message_info/include/message_info/msg/detail/detection_robot__struct.h
[20.118s] -- Installing: /home/rionessl/SSLRasp/install/message_info/include/message_info/msg/detail/attacker__type_support.h
[20.119s] -- Installing: /home/rionessl/SSLRasp/install/message_info/include/message_info/msg/detail/robot_command__functions.h
[20.119s] -- Installing: /home/rionessl/SSLRasp/install/message_info/include/message_info/msg/detail/detection_ball__functions.c
[20.120s] -- Installing: /home/rionessl/SSLRasp/install/message_info/include/message_info/msg/detail/attacker__functions.h
[20.120s] -- Installing: /home/rionessl/SSLRasp/install/message_info/include/message_info/msg/detail/referee_game_event__functions.c
[20.121s] -- Installing: /home/rionessl/SSLRasp/install/message_info/include/message_info/msg/detail/robot_commands__type_support.h
[20.122s] -- Installing: /home/rionessl/SSLRasp/install/message_info/include/message_info/msg/detail/test__struct.h
[20.123s] -- Installing: /home/rionessl/SSLRasp/install/message_info/include/message_info/msg/detail/ball_info__functions.c
[20.124s] -- Installing: /home/rionessl/SSLRasp/install/message_info/include/message_info/msg/detail/detection_frame__functions.c
[20.124s] -- Installing: /home/rionessl/SSLRasp/install/message_info/include/message_info/msg/field_circular_arc.h
[20.125s] -- Installing: /home/rionessl/SSLRasp/install/message_info/include/message_info/msg/vision_detections.h
[20.125s] -- Installing: /home/rionessl/SSLRasp/install/message_info/include/message_info/msg/detection_ball.h
[20.126s] -- Installing: /home/rionessl/SSLRasp/install/message_info/include/message_info/msg/detection_frame.h
[20.126s] -- Installing: /home/rionessl/SSLRasp/install/message_info/include/message_info/msg/role.h
[20.127s] -- Installing: /home/rionessl/SSLRasp/install/message_info/include/message_info/msg/attacker.h
[20.128s] -- Installing: /home/rionessl/SSLRasp/install/message_info/include/message_info/msg/referee.h
[20.129s] -- Installing: /home/rionessl/SSLRasp/install/message_info/include/message_info/msg/referee_team_info.h
[20.131s] -- Installing: /home/rionessl/SSLRasp/install/message_info/include/message_info/msg/goal_info.h
[20.131s] -- Installing: /home/rionessl/SSLRasp/install/message_info/include/message_info/msg/referee_game_event.h
[20.132s] -- Installing: /home/rionessl/SSLRasp/install/message_info/include/message_info/msg/rosidl_generator_c__visibility_control.h
[20.132s] -- Installing: /home/rionessl/SSLRasp/install/message_info/include/message_info/msg/vision_geometry.h
[20.132s] -- Installing: /home/rionessl/SSLRasp/install/message_info/include/message_info/msg/info.h
[20.133s] -- Installing: /home/rionessl/SSLRasp/install/message_info/include/message_info/msg/detection_robot.h
[20.133s] -- Installing: /home/rionessl/SSLRasp/install/message_info/include/message_info/msg/field_line_segment.h
[20.133s] -- Installing: /home/rionessl/SSLRasp/install/message_info/share/message_info/environment/library_path.sh
[20.134s] -- Installing: /home/rionessl/SSLRasp/install/message_info/share/message_info/environment/library_path.dsv
[20.134s] -- Installing: /home/rionessl/SSLRasp/install/message_info/lib/libmessage_info__rosidl_generator_c.so
[21.524s] -- Set runtime path of "/home/rionessl/SSLRasp/install/message_info/lib/libmessage_info__rosidl_generator_c.so" to ""
[21.524s] -- Up-to-date: /home/rionessl/SSLRasp/install/message_info/include/message_info
[21.525s] -- Up-to-date: /home/rionessl/SSLRasp/install/message_info/include/message_info/msg
[21.525s] -- Up-to-date: /home/rionessl/SSLRasp/install/message_info/include/message_info/msg/detail
[21.525s] -- Installing: /home/rionessl/SSLRasp/install/message_info/include/message_info/msg/detail/test__rosidl_typesupport_fastrtps_c.h
[21.567s] -- Installing: /home/rionessl/SSLRasp/install/message_info/include/message_info/msg/detail/referee_game_event__rosidl_typesupport_fastrtps_c.h
[21.582s] -- Installing: /home/rionessl/SSLRasp/install/message_info/include/message_info/msg/detail/referee_team_info__rosidl_typesupport_fastrtps_c.h
[21.582s] -- Installing: /home/rionessl/SSLRasp/install/message_info/include/message_info/msg/detail/robot_commands__rosidl_typesupport_fastrtps_c.h
[21.582s] -- Installing: /home/rionessl/SSLRasp/install/message_info/include/message_info/msg/detail/field_circular_arc__rosidl_typesupport_fastrtps_c.h
[21.607s] -- Installing: /home/rionessl/SSLRasp/install/message_info/include/message_info/msg/detail/detection_ball__rosidl_typesupport_fastrtps_c.h
[21.610s] -- Installing: /home/rionessl/SSLRasp/install/message_info/include/message_info/msg/detail/ball_info__rosidl_typesupport_fastrtps_c.h
[22.749s] -- Installing: /home/rionessl/SSLRasp/install/message_info/include/message_info/msg/detail/vision_detections__rosidl_typesupport_fastrtps_c.h
[22.750s] -- Installing: /home/rionessl/SSLRasp/install/message_info/include/message_info/msg/detail/goalie__rosidl_typesupport_fastrtps_c.h
[22.750s] -- Installing: /home/rionessl/SSLRasp/install/message_info/include/message_info/msg/detail/info__rosidl_typesupport_fastrtps_c.h
[22.750s] -- Installing: /home/rionessl/SSLRasp/install/message_info/include/message_info/msg/detail/vision_geometry__rosidl_typesupport_fastrtps_c.h
[22.751s] -- Installing: /home/rionessl/SSLRasp/install/message_info/include/message_info/msg/detail/goal_info__rosidl_typesupport_fastrtps_c.h
[22.751s] -- Installing: /home/rionessl/SSLRasp/install/message_info/include/message_info/msg/detail/detection_robot__rosidl_typesupport_fastrtps_c.h
[22.751s] -- Installing: /home/rionessl/SSLRasp/install/message_info/include/message_info/msg/detail/referee__rosidl_typesupport_fastrtps_c.h
[22.752s] -- Installing: /home/rionessl/SSLRasp/install/message_info/include/message_info/msg/detail/detection_frame__rosidl_typesupport_fastrtps_c.h
[22.752s] -- Installing: /home/rionessl/SSLRasp/install/message_info/include/message_info/msg/detail/attacker__rosidl_typesupport_fastrtps_c.h
[22.752s] -- Installing: /home/rionessl/SSLRasp/install/message_info/include/message_info/msg/detail/robot_command__rosidl_typesupport_fastrtps_c.h
[22.753s] -- Installing: /home/rionessl/SSLRasp/install/message_info/include/message_info/msg/detail/role__rosidl_typesupport_fastrtps_c.h
[22.753s] -- Installing: /home/rionessl/SSLRasp/install/message_info/include/message_info/msg/detail/field_line_segment__rosidl_typesupport_fastrtps_c.h
[22.754s] -- Installing: /home/rionessl/SSLRasp/install/message_info/include/message_info/msg/rosidl_typesupport_fastrtps_c__visibility_control.h
[22.754s] -- Installing: /home/rionessl/SSLRasp/install/message_info/lib/libmessage_info__rosidl_typesupport_fastrtps_c.so
[22.755s] -- Set runtime path of "/home/rionessl/SSLRasp/install/message_info/lib/libmessage_info__rosidl_typesupport_fastrtps_c.so" to ""
[22.755s] -- Up-to-date: /home/rionessl/SSLRasp/install/message_info/include/message_info
[22.755s] -- Up-to-date: /home/rionessl/SSLRasp/install/message_info/include/message_info/msg
[22.756s] -- Up-to-date: /home/rionessl/SSLRasp/install/message_info/include/message_info/msg/detail
[22.756s] -- Installing: /home/rionessl/SSLRasp/install/message_info/include/message_info/msg/detail/test__rosidl_typesupport_fastrtps_cpp.hpp
[22.756s] -- Installing: /home/rionessl/SSLRasp/install/message_info/include/message_info/msg/detail/goal_info__rosidl_typesupport_fastrtps_cpp.hpp
[22.756s] -- Up-to-date: /home/rionessl/SSLRasp/install/message_info/include/message_info/msg/detail/dds_fastrtps
[22.756s] -- Installing: /home/rionessl/SSLRasp/install/message_info/include/message_info/msg/detail/vision_detections__rosidl_typesupport_fastrtps_cpp.hpp
[22.757s] -- Installing: /home/rionessl/SSLRasp/install/message_info/include/message_info/msg/detail/referee__rosidl_typesupport_fastrtps_cpp.hpp
[22.757s] -- Installing: /home/rionessl/SSLRasp/install/message_info/include/message_info/msg/detail/referee_team_info__rosidl_typesupport_fastrtps_cpp.hpp
[22.757s] -- Installing: /home/rionessl/SSLRasp/install/message_info/include/message_info/msg/detail/ball_info__rosidl_typesupport_fastrtps_cpp.hpp
[22.758s] -- Installing: /home/rionessl/SSLRasp/install/message_info/include/message_info/msg/detail/vision_geometry__rosidl_typesupport_fastrtps_cpp.hpp
[22.816s] -- Installing: /home/rionessl/SSLRasp/install/message_info/include/message_info/msg/detail/goalie__rosidl_typesupport_fastrtps_cpp.hpp
[22.816s] -- Installing: /home/rionessl/SSLRasp/install/message_info/include/message_info/msg/detail/attacker__rosidl_typesupport_fastrtps_cpp.hpp
[22.816s] -- Installing: /home/rionessl/SSLRasp/install/message_info/include/message_info/msg/detail/robot_command__rosidl_typesupport_fastrtps_cpp.hpp
[22.939s] -- Installing: /home/rionessl/SSLRasp/install/message_info/include/message_info/msg/detail/referee_game_event__rosidl_typesupport_fastrtps_cpp.hpp
[24.063s] -- Installing: /home/rionessl/SSLRasp/install/message_info/include/message_info/msg/detail/robot_commands__rosidl_typesupport_fastrtps_cpp.hpp
[24.247s] -- Installing: /home/rionessl/SSLRasp/install/message_info/include/message_info/msg/detail/field_line_segment__rosidl_typesupport_fastrtps_cpp.hpp
[24.412s] -- Installing: /home/rionessl/SSLRasp/install/message_info/include/message_info/msg/detail/field_circular_arc__rosidl_typesupport_fastrtps_cpp.hpp
[24.416s] -- Installing: /home/rionessl/SSLRasp/install/message_info/include/message_info/msg/detail/role__rosidl_typesupport_fastrtps_cpp.hpp
[24.416s] -- Installing: /home/rionessl/SSLRasp/install/message_info/include/message_info/msg/detail/detection_frame__rosidl_typesupport_fastrtps_cpp.hpp
[24.586s] -- Installing: /home/rionessl/SSLRasp/install/message_info/include/message_info/msg/detail/detection_ball__rosidl_typesupport_fastrtps_cpp.hpp
[24.754s] -- Installing: /home/rionessl/SSLRasp/install/message_info/include/message_info/msg/detail/info__rosidl_typesupport_fastrtps_cpp.hpp
[24.964s] -- Installing: /home/rionessl/SSLRasp/install/message_info/include/message_info/msg/detail/detection_robot__rosidl_typesupport_fastrtps_cpp.hpp
[25.150s] -- Installing: /home/rionessl/SSLRasp/install/message_info/include/message_info/msg/rosidl_typesupport_fastrtps_cpp__visibility_control.h
[25.150s] -- Installing: /home/rionessl/SSLRasp/install/message_info/lib/libmessage_info__rosidl_typesupport_fastrtps_cpp.so
[25.222s] -- Set runtime path of "/home/rionessl/SSLRasp/install/message_info/lib/libmessage_info__rosidl_typesupport_fastrtps_cpp.so" to ""
[25.223s] -- Up-to-date: /home/rionessl/SSLRasp/install/message_info/include/message_info
[25.223s] -- Up-to-date: /home/rionessl/SSLRasp/install/message_info/include/message_info/msg
[25.223s] -- Up-to-date: /home/rionessl/SSLRasp/install/message_info/include/message_info/msg/detail
[25.223s] -- Installing: /home/rionessl/SSLRasp/install/message_info/include/message_info/msg/detail/referee__rosidl_typesupport_introspection_c.h
[25.355s] -- Installing: /home/rionessl/SSLRasp/install/message_info/include/message_info/msg/detail/detection_robot__type_support.c
[25.357s] -- Installing: /home/rionessl/SSLRasp/install/message_info/include/message_info/msg/detail/info__type_support.c
[25.494s] -- Installing: /home/rionessl/SSLRasp/install/message_info/include/message_info/msg/detail/attacker__type_support.c
[25.496s] -- Installing: /home/rionessl/SSLRasp/install/message_info/include/message_info/msg/detail/robot_commands__type_support.c
[25.497s] -- Installing: /home/rionessl/SSLRasp/install/message_info/include/message_info/msg/detail/vision_detections__rosidl_typesupport_introspection_c.h
[25.497s] -- Installing: /home/rionessl/SSLRasp/install/message_info/include/message_info/msg/detail/detection_frame__type_support.c
[25.498s] -- Installing: /home/rionessl/SSLRasp/install/message_info/include/message_info/msg/detail/robot_commands__rosidl_typesupport_introspection_c.h
[25.498s] -- Installing: /home/rionessl/SSLRasp/install/message_info/include/message_info/msg/detail/referee_game_event__type_support.c
[25.498s] -- Installing: /home/rionessl/SSLRasp/install/message_info/include/message_info/msg/detail/ball_info__rosidl_typesupport_introspection_c.h
[25.498s] -- Installing: /home/rionessl/SSLRasp/install/message_info/include/message_info/msg/detail/test__type_support.c
[25.499s] -- Installing: /home/rionessl/SSLRasp/install/message_info/include/message_info/msg/detail/referee_game_event__rosidl_typesupport_introspection_c.h
[25.499s] -- Installing: /home/rionessl/SSLRasp/install/message_info/include/message_info/msg/detail/vision_detections__type_support.c
[25.499s] -- Installing: /home/rionessl/SSLRasp/install/message_info/include/message_info/msg/detail/vision_geometry__type_support.c
[25.500s] -- Installing: /home/rionessl/SSLRasp/install/message_info/include/message_info/msg/detail/ball_info__type_support.c
[25.500s] -- Installing: /home/rionessl/SSLRasp/install/message_info/include/message_info/msg/detail/detection_ball__rosidl_typesupport_introspection_c.h
[25.500s] -- Installing: /home/rionessl/SSLRasp/install/message_info/include/message_info/msg/detail/role__type_support.c
[25.501s] -- Installing: /home/rionessl/SSLRasp/install/message_info/include/message_info/msg/detail/goalie__rosidl_typesupport_introspection_c.h
[25.501s] -- Installing: /home/rionessl/SSLRasp/install/message_info/include/message_info/msg/detail/detection_frame__rosidl_typesupport_introspection_c.h
[25.501s] -- Installing: /home/rionessl/SSLRasp/install/message_info/include/message_info/msg/detail/robot_command__type_support.c
[25.501s] -- Installing: /home/rionessl/SSLRasp/install/message_info/include/message_info/msg/detail/referee__type_support.c
[25.502s] -- Installing: /home/rionessl/SSLRasp/install/message_info/include/message_info/msg/detail/goalie__type_support.c
[25.502s] -- Installing: /home/rionessl/SSLRasp/install/message_info/include/message_info/msg/detail/field_circular_arc__type_support.c
[25.502s] -- Installing: /home/rionessl/SSLRasp/install/message_info/include/message_info/msg/detail/role__rosidl_typesupport_introspection_c.h
[25.502s] -- Installing: /home/rionessl/SSLRasp/install/message_info/include/message_info/msg/detail/field_line_segment__type_support.c
[25.503s] -- Installing: /home/rionessl/SSLRasp/install/message_info/include/message_info/msg/detail/field_line_segment__rosidl_typesupport_introspection_c.h
[25.503s] -- Installing: /home/rionessl/SSLRasp/install/message_info/include/message_info/msg/detail/detection_ball__type_support.c
[25.503s] -- Installing: /home/rionessl/SSLRasp/install/message_info/include/message_info/msg/detail/detection_robot__rosidl_typesupport_introspection_c.h
[25.503s] -- Installing: /home/rionessl/SSLRasp/install/message_info/include/message_info/msg/detail/robot_command__rosidl_typesupport_introspection_c.h
[25.504s] -- Installing: /home/rionessl/SSLRasp/install/message_info/include/message_info/msg/detail/test__rosidl_typesupport_introspection_c.h
[25.504s] -- Installing: /home/rionessl/SSLRasp/install/message_info/include/message_info/msg/detail/vision_geometry__rosidl_typesupport_introspection_c.h
[25.504s] -- Installing: /home/rionessl/SSLRasp/install/message_info/include/message_info/msg/detail/referee_team_info__type_support.c
[25.505s] -- Installing: /home/rionessl/SSLRasp/install/message_info/include/message_info/msg/detail/goal_info__rosidl_typesupport_introspection_c.h
[25.505s] -- Installing: /home/rionessl/SSLRasp/install/message_info/include/message_info/msg/detail/goal_info__type_support.c
[25.505s] -- Installing: /home/rionessl/SSLRasp/install/message_info/include/message_info/msg/detail/referee_team_info__rosidl_typesupport_introspection_c.h
[25.505s] -- Installing: /home/rionessl/SSLRasp/install/message_info/include/message_info/msg/detail/attacker__rosidl_typesupport_introspection_c.h
[25.506s] -- Installing: /home/rionessl/SSLRasp/install/message_info/include/message_info/msg/detail/info__rosidl_typesupport_introspection_c.h
[25.506s] -- Installing: /home/rionessl/SSLRasp/install/message_info/include/message_info/msg/detail/field_circular_arc__rosidl_typesupport_introspection_c.h
[25.506s] -- Installing: /home/rionessl/SSLRasp/install/message_info/include/message_info/msg/rosidl_typesupport_introspection_c__visibility_control.h
[25.506s] -- Installing: /home/rionessl/SSLRasp/install/message_info/lib/libmessage_info__rosidl_typesupport_introspection_c.so
[25.507s] -- Set runtime path of "/home/rionessl/SSLRasp/install/message_info/lib/libmessage_info__rosidl_typesupport_introspection_c.so" to ""
[25.508s] -- Installing: /home/rionessl/SSLRasp/install/message_info/lib/libmessage_info__rosidl_typesupport_c.so
[25.508s] -- Set runtime path of "/home/rionessl/SSLRasp/install/message_info/lib/libmessage_info__rosidl_typesupport_c.so" to ""
[25.508s] -- Up-to-date: /home/rionessl/SSLRasp/install/message_info/include/message_info
[25.508s] -- Up-to-date: /home/rionessl/SSLRasp/install/message_info/include/message_info/msg
[25.509s] -- Installing: /home/rionessl/SSLRasp/install/message_info/include/message_info/msg/attacker.hpp
[25.509s] -- Installing: /home/rionessl/SSLRasp/install/message_info/include/message_info/msg/referee_team_info.hpp
[25.509s] -- Installing: /home/rionessl/SSLRasp/install/message_info/include/message_info/msg/goal_info.hpp
[25.509s] -- Installing: /home/rionessl/SSLRasp/install/message_info/include/message_info/msg/referee_game_event.hpp
[25.509s] -- Up-to-date: /home/rionessl/SSLRasp/install/message_info/include/message_info/msg/detail
[25.509s] -- Installing: /home/rionessl/SSLRasp/install/message_info/include/message_info/msg/detail/test__builder.hpp
[25.510s] -- Installing: /home/rionessl/SSLRasp/install/message_info/include/message_info/msg/detail/info__builder.hpp
[25.510s] -- Installing: /home/rionessl/SSLRasp/install/message_info/include/message_info/msg/detail/field_circular_arc__builder.hpp
[25.510s] -- Installing: /home/rionessl/SSLRasp/install/message_info/include/message_info/msg/detail/vision_geometry__traits.hpp
[25.510s] -- Installing: /home/rionessl/SSLRasp/install/message_info/include/message_info/msg/detail/referee__traits.hpp
[25.511s] -- Installing: /home/rionessl/SSLRasp/install/message_info/include/message_info/msg/detail/referee__struct.hpp
[25.511s] -- Installing: /home/rionessl/SSLRasp/install/message_info/include/message_info/msg/detail/ball_info__builder.hpp
[25.511s] -- Installing: /home/rionessl/SSLRasp/install/message_info/include/message_info/msg/detail/ball_info__traits.hpp
[25.511s] -- Installing: /home/rionessl/SSLRasp/install/message_info/include/message_info/msg/detail/goalie__traits.hpp
[25.511s] -- Installing: /home/rionessl/SSLRasp/install/message_info/include/message_info/msg/detail/goal_info__builder.hpp
[25.512s] -- Installing: /home/rionessl/SSLRasp/install/message_info/include/message_info/msg/detail/vision_detections__traits.hpp
[25.512s] -- Installing: /home/rionessl/SSLRasp/install/message_info/include/message_info/msg/detail/field_line_segment__struct.hpp
[25.512s] -- Installing: /home/rionessl/SSLRasp/install/message_info/include/message_info/msg/detail/goal_info__traits.hpp
[25.512s] -- Installing: /home/rionessl/SSLRasp/install/message_info/include/message_info/msg/detail/role__builder.hpp
[25.513s] -- Installing: /home/rionessl/SSLRasp/install/message_info/include/message_info/msg/detail/detection_ball__builder.hpp
[25.513s] -- Installing: /home/rionessl/SSLRasp/install/message_info/include/message_info/msg/detail/robot_command__struct.hpp
[25.513s] -- Installing: /home/rionessl/SSLRasp/install/message_info/include/message_info/msg/detail/goal_info__struct.hpp
[25.513s] -- Installing: /home/rionessl/SSLRasp/install/message_info/include/message_info/msg/detail/ball_info__struct.hpp
[25.514s] -- Installing: /home/rionessl/SSLRasp/install/message_info/include/message_info/msg/detail/info__struct.hpp
[25.514s] -- Installing: /home/rionessl/SSLRasp/install/message_info/include/message_info/msg/detail/detection_robot__traits.hpp
[25.580s] -- Installing: /home/rionessl/SSLRasp/install/message_info/include/message_info/msg/detail/test__traits.hpp
[25.585s] -- Installing: /home/rionessl/SSLRasp/install/message_info/include/message_info/msg/detail/vision_detections__struct.hpp
[25.586s] -- Installing: /home/rionessl/SSLRasp/install/message_info/include/message_info/msg/detail/robot_command__builder.hpp
[25.586s] -- Installing: /home/rionessl/SSLRasp/install/message_info/include/message_info/msg/detail/attacker__builder.hpp
[25.587s] -- Installing: /home/rionessl/SSLRasp/install/message_info/include/message_info/msg/detail/referee__builder.hpp
[25.587s] -- Installing: /home/rionessl/SSLRasp/install/message_info/include/message_info/msg/detail/robot_command__traits.hpp
[25.588s] -- Installing: /home/rionessl/SSLRasp/install/message_info/include/message_info/msg/detail/vision_detections__builder.hpp
[25.588s] -- Installing: /home/rionessl/SSLRasp/install/message_info/include/message_info/msg/detail/info__traits.hpp
[25.588s] -- Installing: /home/rionessl/SSLRasp/install/message_info/include/message_info/msg/detail/detection_ball__struct.hpp
[25.589s] -- Installing: /home/rionessl/SSLRasp/install/message_info/include/message_info/msg/detail/referee_team_info__builder.hpp
[25.589s] -- Installing: /home/rionessl/SSLRasp/install/message_info/include/message_info/msg/detail/role__struct.hpp
[25.590s] -- Installing: /home/rionessl/SSLRasp/install/message_info/include/message_info/msg/detail/referee_game_event__builder.hpp
[25.590s] -- Installing: /home/rionessl/SSLRasp/install/message_info/include/message_info/msg/detail/field_line_segment__builder.hpp
[25.591s] -- Installing: /home/rionessl/SSLRasp/install/message_info/include/message_info/msg/detail/detection_frame__traits.hpp
[25.591s] -- Installing: /home/rionessl/SSLRasp/install/message_info/include/message_info/msg/detail/vision_geometry__struct.hpp
[25.591s] -- Installing: /home/rionessl/SSLRasp/install/message_info/include/message_info/msg/detail/detection_robot__builder.hpp
[25.592s] -- Installing: /home/rionessl/SSLRasp/install/message_info/include/message_info/msg/detail/detection_frame__builder.hpp
[25.592s] -- Installing: /home/rionessl/SSLRasp/install/message_info/include/message_info/msg/detail/goalie__struct.hpp
[25.593s] -- Installing: /home/rionessl/SSLRasp/install/message_info/include/message_info/msg/detail/goalie__builder.hpp
[25.593s] -- Installing: /home/rionessl/SSLRasp/install/message_info/include/message_info/msg/detail/attacker__traits.hpp
[25.594s] -- Installing: /home/rionessl/SSLRasp/install/message_info/include/message_info/msg/detail/detection_robot__struct.hpp
[25.594s] -- Installing: /home/rionessl/SSLRasp/install/message_info/include/message_info/msg/detail/robot_commands__builder.hpp
[25.594s] -- Installing: /home/rionessl/SSLRasp/install/message_info/include/message_info/msg/detail/detection_ball__traits.hpp
[25.595s] -- Installing: /home/rionessl/SSLRasp/install/message_info/include/message_info/msg/detail/test__struct.hpp
[25.595s] -- Installing: /home/rionessl/SSLRasp/install/message_info/include/message_info/msg/detail/field_circular_arc__struct.hpp
[25.596s] -- Installing: /home/rionessl/SSLRasp/install/message_info/include/message_info/msg/detail/field_circular_arc__traits.hpp
[25.596s] -- Installing: /home/rionessl/SSLRasp/install/message_info/include/message_info/msg/detail/referee_game_event__traits.hpp
[25.596s] -- Installing: /home/rionessl/SSLRasp/install/message_info/include/message_info/msg/detail/robot_commands__traits.hpp
[25.597s] -- Installing: /home/rionessl/SSLRasp/install/message_info/include/message_info/msg/detail/referee_game_event__struct.hpp
[25.597s] -- Installing: /home/rionessl/SSLRasp/install/message_info/include/message_info/msg/detail/robot_commands__struct.hpp
[25.598s] -- Installing: /home/rionessl/SSLRasp/install/message_info/include/message_info/msg/detail/role__traits.hpp
[25.598s] -- Installing: /home/rionessl/SSLRasp/install/message_info/include/message_info/msg/detail/detection_frame__struct.hpp
[25.598s] -- Installing: /home/rionessl/SSLRasp/install/message_info/include/message_info/msg/detail/field_line_segment__traits.hpp
[25.599s] -- Installing: /home/rionessl/SSLRasp/install/message_info/include/message_info/msg/detail/referee_team_info__struct.hpp
[25.599s] -- Installing: /home/rionessl/SSLRasp/install/message_info/include/message_info/msg/detail/attacker__struct.hpp
[25.600s] -- Installing: /home/rionessl/SSLRasp/install/message_info/include/message_info/msg/detail/referee_team_info__traits.hpp
[25.600s] -- Installing: /home/rionessl/SSLRasp/install/message_info/include/message_info/msg/detail/vision_geometry__builder.hpp
[25.600s] -- Installing: /home/rionessl/SSLRasp/install/message_info/include/message_info/msg/referee.hpp
[25.601s] -- Installing: /home/rionessl/SSLRasp/install/message_info/include/message_info/msg/ball_info.hpp
[25.601s] -- Installing: /home/rionessl/SSLRasp/install/message_info/include/message_info/msg/role.hpp
[25.601s] -- Installing: /home/rionessl/SSLRasp/install/message_info/include/message_info/msg/vision_geometry.hpp
[25.602s] -- Installing: /home/rionessl/SSLRasp/install/message_info/include/message_info/msg/field_line_segment.hpp
[25.602s] -- Installing: /home/rionessl/SSLRasp/install/message_info/include/message_info/msg/detection_frame.hpp
[25.603s] -- Installing: /home/rionessl/SSLRasp/install/message_info/include/message_info/msg/info.hpp
[25.603s] -- Installing: /home/rionessl/SSLRasp/install/message_info/include/message_info/msg/detection_robot.hpp
[25.603s] -- Installing: /home/rionessl/SSLRasp/install/message_info/include/message_info/msg/detection_ball.hpp
[25.604s] -- Installing: /home/rionessl/SSLRasp/install/message_info/include/message_info/msg/vision_detections.hpp
[25.604s] -- Installing: /home/rionessl/SSLRasp/install/message_info/include/message_info/msg/robot_commands.hpp
[25.604s] -- Installing: /home/rionessl/SSLRasp/install/message_info/include/message_info/msg/test.hpp
[25.605s] -- Installing: /home/rionessl/SSLRasp/install/message_info/include/message_info/msg/goalie.hpp
[25.605s] -- Installing: /home/rionessl/SSLRasp/install/message_info/include/message_info/msg/field_circular_arc.hpp
[25.606s] -- Installing: /home/rionessl/SSLRasp/install/message_info/include/message_info/msg/robot_command.hpp
[25.606s] -- Up-to-date: /home/rionessl/SSLRasp/install/message_info/include/message_info
[25.607s] -- Up-to-date: /home/rionessl/SSLRasp/install/message_info/include/message_info/msg
[25.607s] -- Up-to-date: /home/rionessl/SSLRasp/install/message_info/include/message_info/msg/detail
[25.607s] -- Installing: /home/rionessl/SSLRasp/install/message_info/include/message_info/msg/detail/referee_team_info__rosidl_typesupport_introspection_cpp.hpp
[25.607s] -- Installing: /home/rionessl/SSLRasp/install/message_info/include/message_info/msg/detail/robot_command__type_support.cpp
[25.607s] -- Installing: /home/rionessl/SSLRasp/install/message_info/include/message_info/msg/detail/field_circular_arc__rosidl_typesupport_introspection_cpp.hpp
[25.608s] -- Installing: /home/rionessl/SSLRasp/install/message_info/include/message_info/msg/detail/info__type_support.cpp
[25.608s] -- Installing: /home/rionessl/SSLRasp/install/message_info/include/message_info/msg/detail/detection_frame__rosidl_typesupport_introspection_cpp.hpp
[25.609s] -- Installing: /home/rionessl/SSLRasp/install/message_info/include/message_info/msg/detail/detection_ball__rosidl_typesupport_introspection_cpp.hpp
[25.609s] -- Installing: /home/rionessl/SSLRasp/install/message_info/include/message_info/msg/detail/referee_game_event__rosidl_typesupport_introspection_cpp.hpp
[25.609s] -- Installing: /home/rionessl/SSLRasp/install/message_info/include/message_info/msg/detail/field_circular_arc__type_support.cpp
[25.610s] -- Installing: /home/rionessl/SSLRasp/install/message_info/include/message_info/msg/detail/referee__type_support.cpp
[25.610s] -- Installing: /home/rionessl/SSLRasp/install/message_info/include/message_info/msg/detail/goal_info__rosidl_typesupport_introspection_cpp.hpp
[25.611s] -- Installing: /home/rionessl/SSLRasp/install/message_info/include/message_info/msg/detail/field_line_segment__rosidl_typesupport_introspection_cpp.hpp
[25.611s] -- Installing: /home/rionessl/SSLRasp/install/message_info/include/message_info/msg/detail/field_line_segment__type_support.cpp
[25.611s] -- Installing: /home/rionessl/SSLRasp/install/message_info/include/message_info/msg/detail/referee_team_info__type_support.cpp
[25.612s] -- Installing: /home/rionessl/SSLRasp/install/message_info/include/message_info/msg/detail/robot_commands__rosidl_typesupport_introspection_cpp.hpp
[25.612s] -- Installing: /home/rionessl/SSLRasp/install/message_info/include/message_info/msg/detail/goal_info__type_support.cpp
[25.613s] -- Installing: /home/rionessl/SSLRasp/install/message_info/include/message_info/msg/detail/vision_geometry__type_support.cpp
[25.613s] -- Installing: /home/rionessl/SSLRasp/install/message_info/include/message_info/msg/detail/referee_game_event__type_support.cpp
[25.613s] -- Installing: /home/rionessl/SSLRasp/install/message_info/include/message_info/msg/detail/role__type_support.cpp
[25.614s] -- Installing: /home/rionessl/SSLRasp/install/message_info/include/message_info/msg/detail/info__rosidl_typesupport_introspection_cpp.hpp
[25.614s] -- Installing: /home/rionessl/SSLRasp/install/message_info/include/message_info/msg/detail/referee__rosidl_typesupport_introspection_cpp.hpp
[25.615s] -- Installing: /home/rionessl/SSLRasp/install/message_info/include/message_info/msg/detail/ball_info__rosidl_typesupport_introspection_cpp.hpp
[25.615s] -- Installing: /home/rionessl/SSLRasp/install/message_info/include/message_info/msg/detail/detection_frame__type_support.cpp
[25.615s] -- Installing: /home/rionessl/SSLRasp/install/message_info/include/message_info/msg/detail/vision_detections__type_support.cpp
[25.616s] -- Installing: /home/rionessl/SSLRasp/install/message_info/include/message_info/msg/detail/role__rosidl_typesupport_introspection_cpp.hpp
[25.617s] -- Installing: /home/rionessl/SSLRasp/install/message_info/include/message_info/msg/detail/goalie__type_support.cpp
[25.617s] -- Installing: /home/rionessl/SSLRasp/install/message_info/include/message_info/msg/detail/attacker__rosidl_typesupport_introspection_cpp.hpp
[25.618s] -- Installing: /home/rionessl/SSLRasp/install/message_info/include/message_info/msg/detail/vision_geometry__rosidl_typesupport_introspection_cpp.hpp
[25.618s] -- Installing: /home/rionessl/SSLRasp/install/message_info/include/message_info/msg/detail/detection_robot__rosidl_typesupport_introspection_cpp.hpp
[25.619s] -- Installing: /home/rionessl/SSLRasp/install/message_info/include/message_info/msg/detail/test__type_support.cpp
[25.619s] -- Installing: /home/rionessl/SSLRasp/install/message_info/include/message_info/msg/detail/robot_command__rosidl_typesupport_introspection_cpp.hpp
[25.619s] -- Installing: /home/rionessl/SSLRasp/install/message_info/include/message_info/msg/detail/robot_commands__type_support.cpp
[25.620s] -- Installing: /home/rionessl/SSLRasp/install/message_info/include/message_info/msg/detail/detection_ball__type_support.cpp
[25.620s] -- Installing: /home/rionessl/SSLRasp/install/message_info/include/message_info/msg/detail/goalie__rosidl_typesupport_introspection_cpp.hpp
[25.621s] -- Installing: /home/rionessl/SSLRasp/install/message_info/include/message_info/msg/detail/ball_info__type_support.cpp
[25.621s] -- Installing: /home/rionessl/SSLRasp/install/message_info/include/message_info/msg/detail/attacker__type_support.cpp
[25.622s] -- Installing: /home/rionessl/SSLRasp/install/message_info/include/message_info/msg/detail/vision_detections__rosidl_typesupport_introspection_cpp.hpp
[25.622s] -- Installing: /home/rionessl/SSLRasp/install/message_info/include/message_info/msg/detail/test__rosidl_typesupport_introspection_cpp.hpp
[25.623s] -- Installing: /home/rionessl/SSLRasp/install/message_info/include/message_info/msg/detail/detection_robot__type_support.cpp
[25.623s] -- Installing: /home/rionessl/SSLRasp/install/message_info/lib/libmessage_info__rosidl_typesupport_introspection_cpp.so
[25.711s] -- Set runtime path of "/home/rionessl/SSLRasp/install/message_info/lib/libmessage_info__rosidl_typesupport_introspection_cpp.so" to ""
[25.711s] -- Installing: /home/rionessl/SSLRasp/install/message_info/lib/libmessage_info__rosidl_typesupport_cpp.so
[25.713s] -- Set runtime path of "/home/rionessl/SSLRasp/install/message_info/lib/libmessage_info__rosidl_typesupport_cpp.so" to ""
[25.713s] -- Installing: /home/rionessl/SSLRasp/install/message_info/share/message_info/environment/pythonpath.sh
[25.713s] -- Installing: /home/rionessl/SSLRasp/install/message_info/share/message_info/environment/pythonpath.dsv
[25.713s] -- Installing: /home/rionessl/SSLRasp/install/message_info/lib/python3.8/site-packages/message_info/__init__.py
[25.850s] Compiling '/home/rionessl/SSLRasp/install/message_info/lib/python3.8/site-packages/message_info/__init__.py'...
[25.852s] -- Up-to-date: /home/rionessl/SSLRasp/install/message_info/lib/python3.8/site-packages/message_info/msg
[25.852s] -- Installing: /home/rionessl/SSLRasp/install/message_info/lib/python3.8/site-packages/message_info/msg/_info.py
[26.636s] -- Installing: /home/rionessl/SSLRasp/install/message_info/lib/python3.8/site-packages/message_info/msg/_field_line_segment.py
[27.156s] -- Installing: /home/rionessl/SSLRasp/install/message_info/lib/python3.8/site-packages/message_info/msg/_vision_detections.py
[27.331s] -- Installing: /home/rionessl/SSLRasp/install/message_info/lib/python3.8/site-packages/message_info/msg/_referee_s.c
[27.333s] -- Installing: /home/rionessl/SSLRasp/install/message_info/lib/python3.8/site-packages/message_info/msg/_detection_robot_s.c
[27.333s] -- Installing: /home/rionessl/SSLRasp/install/message_info/lib/python3.8/site-packages/message_info/msg/_info_s.c
[27.334s] -- Installing: /home/rionessl/SSLRasp/install/message_info/lib/python3.8/site-packages/message_info/msg/_referee_team_info_s.c
[27.335s] -- Installing: /home/rionessl/SSLRasp/install/message_info/lib/python3.8/site-packages/message_info/msg/_referee_game_event.py
[27.336s] -- Installing: /home/rionessl/SSLRasp/install/message_info/lib/python3.8/site-packages/message_info/msg/_goal_info.py
[27.337s] -- Installing: /home/rionessl/SSLRasp/install/message_info/lib/python3.8/site-packages/message_info/msg/_referee_team_info.py
[27.338s] -- Installing: /home/rionessl/SSLRasp/install/message_info/lib/python3.8/site-packages/message_info/msg/_field_line_segment_s.c
[27.487s] -- Installing: /home/rionessl/SSLRasp/install/message_info/lib/python3.8/site-packages/message_info/msg/_field_circular_arc_s.c
[27.652s] -- Installing: /home/rionessl/SSLRasp/install/message_info/lib/python3.8/site-packages/message_info/msg/_attacker.py
[27.823s] -- Installing: /home/rionessl/SSLRasp/install/message_info/lib/python3.8/site-packages/message_info/msg/_robot_commands.py
[27.959s] -- Installing: /home/rionessl/SSLRasp/install/message_info/lib/python3.8/site-packages/message_info/msg/_robot_command_s.c
[27.961s] -- Installing: /home/rionessl/SSLRasp/install/message_info/lib/python3.8/site-packages/message_info/msg/_detection_ball_s.c
[27.963s] -- Installing: /home/rionessl/SSLRasp/install/message_info/lib/python3.8/site-packages/message_info/msg/_ball_info_s.c
[27.964s] -- Installing: /home/rionessl/SSLRasp/install/message_info/lib/python3.8/site-packages/message_info/msg/_detection_frame.py
[27.966s] -- Installing: /home/rionessl/SSLRasp/install/message_info/lib/python3.8/site-packages/message_info/msg/_role.py
[27.968s] -- Installing: /home/rionessl/SSLRasp/install/message_info/lib/python3.8/site-packages/message_info/msg/_field_circular_arc.py
[27.970s] -- Installing: /home/rionessl/SSLRasp/install/message_info/lib/python3.8/site-packages/message_info/msg/__init__.py
[27.971s] -- Installing: /home/rionessl/SSLRasp/install/message_info/lib/python3.8/site-packages/message_info/msg/_referee_game_event_s.c
[27.973s] -- Installing: /home/rionessl/SSLRasp/install/message_info/lib/python3.8/site-packages/message_info/msg/_test.py
[27.975s] -- Installing: /home/rionessl/SSLRasp/install/message_info/lib/python3.8/site-packages/message_info/msg/_attacker_s.c
[27.977s] -- Installing: /home/rionessl/SSLRasp/install/message_info/lib/python3.8/site-packages/message_info/msg/_goalie.py
[27.978s] -- Installing: /home/rionessl/SSLRasp/install/message_info/lib/python3.8/site-packages/message_info/msg/_detection_frame_s.c
[27.980s] -- Installing: /home/rionessl/SSLRasp/install/message_info/lib/python3.8/site-packages/message_info/msg/_detection_ball.py
[27.982s] -- Installing: /home/rionessl/SSLRasp/install/message_info/lib/python3.8/site-packages/message_info/msg/_test_s.c
[27.984s] -- Installing: /home/rionessl/SSLRasp/install/message_info/lib/python3.8/site-packages/message_info/msg/_vision_geometry.py
[27.987s] -- Installing: /home/rionessl/SSLRasp/install/message_info/lib/python3.8/site-packages/message_info/msg/_vision_geometry_s.c
[27.988s] -- Installing: /home/rionessl/SSLRasp/install/message_info/lib/python3.8/site-packages/message_info/msg/_goal_info_s.c
[28.018s] -- Installing: /home/rionessl/SSLRasp/install/message_info/lib/python3.8/site-packages/message_info/msg/_goalie_s.c
[28.044s] -- Installing: /home/rionessl/SSLRasp/install/message_info/lib/python3.8/site-packages/message_info/msg/_referee.py
[28.069s] -- Installing: /home/rionessl/SSLRasp/install/message_info/lib/python3.8/site-packages/message_info/msg/_ball_info.py
[28.093s] -- Installing: /home/rionessl/SSLRasp/install/message_info/lib/python3.8/site-packages/message_info/msg/_detection_robot.py
[28.093s] -- Installing: /home/rionessl/SSLRasp/install/message_info/lib/python3.8/site-packages/message_info/msg/_vision_detections_s.c
[28.119s] -- Installing: /home/rionessl/SSLRasp/install/message_info/lib/python3.8/site-packages/message_info/msg/_robot_commands_s.c
[28.145s] -- Installing: /home/rionessl/SSLRasp/install/message_info/lib/python3.8/site-packages/message_info/msg/_robot_command.py
[28.169s] -- Installing: /home/rionessl/SSLRasp/install/message_info/lib/python3.8/site-packages/message_info/msg/_role_s.c
[28.194s] -- Installing: /home/rionessl/SSLRasp/install/message_info/lib/python3.8/site-packages/message_info/message_info_s__rosidl_typesupport_fastrtps_c.cpython-38-x86_64-linux-gnu.so
[28.196s] -- Set runtime path of "/home/rionessl/SSLRasp/install/message_info/lib/python3.8/site-packages/message_info/message_info_s__rosidl_typesupport_fastrtps_c.cpython-38-x86_64-linux-gnu.so" to ""
[28.196s] -- Installing: /home/rionessl/SSLRasp/install/message_info/lib/python3.8/site-packages/message_info/message_info_s__rosidl_typesupport_introspection_c.cpython-38-x86_64-linux-gnu.so
[28.197s] -- Set runtime path of "/home/rionessl/SSLRasp/install/message_info/lib/python3.8/site-packages/message_info/message_info_s__rosidl_typesupport_introspection_c.cpython-38-x86_64-linux-gnu.so" to ""
[28.198s] -- Installing: /home/rionessl/SSLRasp/install/message_info/lib/python3.8/site-packages/message_info/message_info_s__rosidl_typesupport_c.cpython-38-x86_64-linux-gnu.so
[28.199s] -- Set runtime path of "/home/rionessl/SSLRasp/install/message_info/lib/python3.8/site-packages/message_info/message_info_s__rosidl_typesupport_c.cpython-38-x86_64-linux-gnu.so" to ""
[28.200s] -- Installing: /home/rionessl/SSLRasp/install/message_info/lib/libmessage_info__python.so
[28.245s] -- Set runtime path of "/home/rionessl/SSLRasp/install/message_info/lib/libmessage_info__python.so" to ""
[28.245s] -- Installing: /home/rionessl/SSLRasp/install/message_info/share/message_info/msg/RefereeGameEvent.idl
[28.245s] -- Installing: /home/rionessl/SSLRasp/install/message_info/share/message_info/msg/RefereeTeamInfo.idl
[28.245s] -- Installing: /home/rionessl/SSLRasp/install/message_info/share/message_info/msg/Referee.idl
[28.245s] -- Installing: /home/rionessl/SSLRasp/install/message_info/share/message_info/msg/FieldCircularArc.idl
[28.246s] -- Installing: /home/rionessl/SSLRasp/install/message_info/share/message_info/msg/FieldLineSegment.idl
[28.246s] -- Installing: /home/rionessl/SSLRasp/install/message_info/share/message_info/msg/VisionGeometry.idl
[28.246s] -- Installing: /home/rionessl/SSLRasp/install/message_info/share/message_info/msg/DetectionBall.idl
[28.246s] -- Installing: /home/rionessl/SSLRasp/install/message_info/share/message_info/msg/DetectionRobot.idl
[28.246s] -- Installing: /home/rionessl/SSLRasp/install/message_info/share/message_info/msg/DetectionFrame.idl
[28.247s] -- Installing: /home/rionessl/SSLRasp/install/message_info/share/message_info/msg/VisionDetections.idl
[28.247s] -- Installing: /home/rionessl/SSLRasp/install/message_info/share/message_info/msg/RobotCommand.idl
[28.247s] -- Installing: /home/rionessl/SSLRasp/install/message_info/share/message_info/msg/RobotCommands.idl
[28.247s] -- Installing: /home/rionessl/SSLRasp/install/message_info/share/message_info/msg/Test.idl
[28.248s] -- Installing: /home/rionessl/SSLRasp/install/message_info/share/message_info/msg/BallInfo.idl
[28.248s] -- Installing: /home/rionessl/SSLRasp/install/message_info/share/message_info/msg/GoalInfo.idl
[28.248s] -- Installing: /home/rionessl/SSLRasp/install/message_info/share/message_info/msg/Role.idl
[28.248s] -- Installing: /home/rionessl/SSLRasp/install/message_info/share/message_info/msg/Attacker.idl
[28.248s] -- Installing: /home/rionessl/SSLRasp/install/message_info/share/message_info/msg/Goalie.idl
[28.248s] -- Installing: /home/rionessl/SSLRasp/install/message_info/share/message_info/msg/Info.idl
[28.249s] -- Installing: /home/rionessl/SSLRasp/install/message_info/share/message_info/msg/RefereeGameEvent.msg
[28.249s] -- Installing: /home/rionessl/SSLRasp/install/message_info/share/message_info/msg/RefereeTeamInfo.msg
[28.249s] -- Installing: /home/rionessl/SSLRasp/install/message_info/share/message_info/msg/Referee.msg
[28.249s] -- Installing: /home/rionessl/SSLRasp/install/message_info/share/message_info/msg/FieldCircularArc.msg
[28.249s] -- Installing: /home/rionessl/SSLRasp/install/message_info/share/message_info/msg/FieldLineSegment.msg
[28.249s] -- Installing: /home/rionessl/SSLRasp/install/message_info/share/message_info/msg/VisionGeometry.msg
[28.250s] -- Installing: /home/rionessl/SSLRasp/install/message_info/share/message_info/msg/DetectionBall.msg
[28.250s] -- Installing: /home/rionessl/SSLRasp/install/message_info/share/message_info/msg/DetectionRobot.msg
[28.250s] -- Installing: /home/rionessl/SSLRasp/install/message_info/share/message_info/msg/DetectionFrame.msg
[28.250s] -- Installing: /home/rionessl/SSLRasp/install/message_info/share/message_info/msg/VisionDetections.msg
[28.250s] -- Installing: /home/rionessl/SSLRasp/install/message_info/share/message_info/msg/RobotCommand.msg
[28.250s] -- Installing: /home/rionessl/SSLRasp/install/message_info/share/message_info/msg/RobotCommands.msg
[28.250s] -- Installing: /home/rionessl/SSLRasp/install/message_info/share/message_info/msg/Test.msg
[28.251s] -- Installing: /home/rionessl/SSLRasp/install/message_info/share/message_info/msg/BallInfo.msg
[28.251s] -- Installing: /home/rionessl/SSLRasp/install/message_info/share/message_info/msg/GoalInfo.msg
[28.251s] -- Installing: /home/rionessl/SSLRasp/install/message_info/share/message_info/msg/Role.msg
[28.251s] -- Installing: /home/rionessl/SSLRasp/install/message_info/share/message_info/msg/Attacker.msg
[28.251s] -- Installing: /home/rionessl/SSLRasp/install/message_info/share/message_info/msg/Goalie.msg
[28.251s] -- Installing: /home/rionessl/SSLRasp/install/message_info/share/message_info/msg/Info.msg
[28.252s] -- Installing: /home/rionessl/SSLRasp/install/message_info/share/ament_index/resource_index/package_run_dependencies/message_info
[28.252s] -- Installing: /home/rionessl/SSLRasp/install/message_info/share/ament_index/resource_index/parent_prefix_path/message_info
[28.252s] -- Installing: /home/rionessl/SSLRasp/install/message_info/share/message_info/environment/ament_prefix_path.sh
[28.252s] -- Installing: /home/rionessl/SSLRasp/install/message_info/share/message_info/environment/ament_prefix_path.dsv
[28.252s] -- Installing: /home/rionessl/SSLRasp/install/message_info/share/message_info/environment/path.sh
[28.253s] -- Installing: /home/rionessl/SSLRasp/install/message_info/share/message_info/environment/path.dsv
[28.253s] -- Installing: /home/rionessl/SSLRasp/install/message_info/share/message_info/local_setup.bash
[28.253s] -- Installing: /home/rionessl/SSLRasp/install/message_info/share/message_info/local_setup.sh
[28.253s] -- Installing: /home/rionessl/SSLRasp/install/message_info/share/message_info/local_setup.zsh
[28.253s] -- Installing: /home/rionessl/SSLRasp/install/message_info/share/message_info/local_setup.dsv
[28.253s] -- Installing: /home/rionessl/SSLRasp/install/message_info/share/message_info/package.dsv
[28.253s] -- Installing: /home/rionessl/SSLRasp/install/message_info/share/ament_index/resource_index/packages/message_info
[28.253s] -- Installing: /home/rionessl/SSLRasp/install/message_info/share/message_info/cmake/message_info__rosidl_generator_cExport.cmake
[28.253s] -- Installing: /home/rionessl/SSLRasp/install/message_info/share/message_info/cmake/message_info__rosidl_generator_cExport-noconfig.cmake
[28.254s] -- Installing: /home/rionessl/SSLRasp/install/message_info/share/message_info/cmake/message_info__rosidl_typesupport_introspection_cExport.cmake
[28.254s] -- Installing: /home/rionessl/SSLRasp/install/message_info/share/message_info/cmake/message_info__rosidl_typesupport_introspection_cExport-noconfig.cmake
[28.254s] -- Installing: /home/rionessl/SSLRasp/install/message_info/share/message_info/cmake/message_info__rosidl_typesupport_cExport.cmake
[28.254s] -- Installing: /home/rionessl/SSLRasp/install/message_info/share/message_info/cmake/message_info__rosidl_typesupport_cExport-noconfig.cmake
[28.254s] -- Installing: /home/rionessl/SSLRasp/install/message_info/share/message_info/cmake/message_info__rosidl_generator_cppExport.cmake
[28.254s] -- Installing: /home/rionessl/SSLRasp/install/message_info/share/message_info/cmake/message_info__rosidl_typesupport_introspection_cppExport.cmake
[28.254s] -- Installing: /home/rionessl/SSLRasp/install/message_info/share/message_info/cmake/message_info__rosidl_typesupport_introspection_cppExport-noconfig.cmake
[28.255s] -- Installing: /home/rionessl/SSLRasp/install/message_info/share/message_info/cmake/message_info__rosidl_typesupport_cppExport.cmake
[28.255s] -- Installing: /home/rionessl/SSLRasp/install/message_info/share/message_info/cmake/message_info__rosidl_typesupport_cppExport-noconfig.cmake
[28.255s] -- Installing: /home/rionessl/SSLRasp/install/message_info/share/message_info/cmake/rosidl_cmake-extras.cmake
[28.255s] -- Installing: /home/rionessl/SSLRasp/install/message_info/share/message_info/cmake/ament_cmake_export_dependencies-extras.cmake
[28.255s] -- Installing: /home/rionessl/SSLRasp/install/message_info/share/message_info/cmake/ament_cmake_export_libraries-extras.cmake
[28.255s] -- Installing: /home/rionessl/SSLRasp/install/message_info/share/message_info/cmake/ament_cmake_export_targets-extras.cmake
[28.255s] -- Installing: /home/rionessl/SSLRasp/install/message_info/share/message_info/cmake/ament_cmake_export_include_directories-extras.cmake
[28.255s] -- Installing: /home/rionessl/SSLRasp/install/message_info/share/message_info/cmake/rosidl_cmake_export_typesupport_libraries-extras.cmake
[28.255s] -- Installing: /home/rionessl/SSLRasp/install/message_info/share/message_info/cmake/rosidl_cmake_export_typesupport_targets-extras.cmake
[28.255s] -- Installing: /home/rionessl/SSLRasp/install/message_info/share/message_info/cmake/message_infoConfig.cmake
[28.256s] -- Installing: /home/rionessl/SSLRasp/install/message_info/share/message_info/cmake/message_infoConfig-version.cmake
[28.256s] -- Installing: /home/rionessl/SSLRasp/install/message_info/share/message_info/package.xml
[28.259s] Invoked command in '/home/rionessl/SSLRasp/build/message_info' returned '0': CMAKE_PREFIX_PATH=${CMAKE_PREFIX_PATH}:/home/rionessl/RiAI/install/real_sender:/opt/ros/foxy /usr/bin/cmake --install /home/rionessl/SSLRasp/build/message_info
