[0.086s] Invoking command in '/home/ubuntu/SSLRasp/build/message_info': CMAKE_PREFIX_PATH=${CMAKE_PREFIX_PATH}:/home/ubuntu/SSLRasp/install/rasp:/opt/ros/foxy /usr/bin/cmake --build /home/ubuntu/SSLRasp/build/message_info -- -j4 -l4
[0.368s] [  0%] Built target message_info__cpp
[0.416s] [ 12%] Built target message_info__rosidl_generator_c
[0.560s] [ 24%] Built target message_info__rosidl_typesupport_introspection_cpp
[0.578s] [ 36%] Built target message_info__rosidl_typesupport_fastrtps_cpp
[0.602s] [ 48%] Built target message_info__rosidl_typesupport_cpp
[0.656s] [ 60%] Built target message_info__rosidl_typesupport_introspection_c
[0.722s] [ 72%] Built target message_info__rosidl_typesupport_c
[0.777s] [ 84%] Built target message_info__rosidl_typesupport_fastrtps_c
[0.869s] [ 84%] Built target message_info
[0.970s] [ 85%] Built target message_info__py
[1.161s] [ 96%] Built target message_info__python
[1.339s] [ 97%] Built target message_info__rosidl_typesupport_c__pyext
[1.343s] [ 99%] Built target message_info__rosidl_typesupport_introspection_c__pyext
[1.346s] [100%] Built target message_info__rosidl_typesupport_fastrtps_c__pyext
[1.398s] Invoked command in '/home/ubuntu/SSLRasp/build/message_info' returned '0': CMAKE_PREFIX_PATH=${CMAKE_PREFIX_PATH}:/home/ubuntu/SSLRasp/install/rasp:/opt/ros/foxy /usr/bin/cmake --build /home/ubuntu/SSLRasp/build/message_info -- -j4 -l4
[3.328s] Invoking command in '/home/ubuntu/SSLRasp/build/message_info': CMAKE_PREFIX_PATH=${CMAKE_PREFIX_PATH}:/home/ubuntu/SSLRasp/install/rasp:/opt/ros/foxy /usr/bin/cmake --install /home/ubuntu/SSLRasp/build/message_info
[3.365s] -- Install configuration: ""
[3.366s] -- Up-to-date: /home/ubuntu/SSLRasp/install/message_info/share/ament_index/resource_index/rosidl_interfaces/message_info
[3.366s] -- Up-to-date: /home/ubuntu/SSLRasp/install/message_info/include/message_info
[3.367s] -- Up-to-date: /home/ubuntu/SSLRasp/install/message_info/include/message_info/msg
[3.367s] -- Up-to-date: /home/ubuntu/SSLRasp/install/message_info/include/message_info/msg/test.h
[3.368s] -- Up-to-date: /home/ubuntu/SSLRasp/install/message_info/include/message_info/msg/goal_info.h
[3.368s] -- Up-to-date: /home/ubuntu/SSLRasp/install/message_info/include/message_info/msg/detection_frame.h
[3.368s] -- Up-to-date: /home/ubuntu/SSLRasp/install/message_info/include/message_info/msg/attacker.h
[3.369s] -- Up-to-date: /home/ubuntu/SSLRasp/install/message_info/include/message_info/msg/info.h
[3.369s] -- Up-to-date: /home/ubuntu/SSLRasp/install/message_info/include/message_info/msg/vision_detections.h
[3.370s] -- Up-to-date: /home/ubuntu/SSLRasp/install/message_info/include/message_info/msg/detail
[3.370s] -- Up-to-date: /home/ubuntu/SSLRasp/install/message_info/include/message_info/msg/detail/detection_ball__type_support.h
[3.370s] -- Up-to-date: /home/ubuntu/SSLRasp/install/message_info/include/message_info/msg/detail/test__functions.c
[3.371s] -- Up-to-date: /home/ubuntu/SSLRasp/install/message_info/include/message_info/msg/detail/detection_frame__functions.c
[3.371s] -- Up-to-date: /home/ubuntu/SSLRasp/install/message_info/include/message_info/msg/detail/vision_geometry__struct.h
[3.372s] -- Up-to-date: /home/ubuntu/SSLRasp/install/message_info/include/message_info/msg/detail/detection_robot__functions.h
[3.372s] -- Up-to-date: /home/ubuntu/SSLRasp/install/message_info/include/message_info/msg/detail/test__type_support.h
[3.373s] -- Up-to-date: /home/ubuntu/SSLRasp/install/message_info/include/message_info/msg/detail/robot_commands__struct.h
[3.373s] -- Up-to-date: /home/ubuntu/SSLRasp/install/message_info/include/message_info/msg/detail/goalie__functions.h
[3.373s] -- Up-to-date: /home/ubuntu/SSLRasp/install/message_info/include/message_info/msg/detail/ball_info__functions.c
[3.374s] -- Up-to-date: /home/ubuntu/SSLRasp/install/message_info/include/message_info/msg/detail/goalie__type_support.h
[3.374s] -- Up-to-date: /home/ubuntu/SSLRasp/install/message_info/include/message_info/msg/detail/field_line_segment__functions.h
[3.375s] -- Up-to-date: /home/ubuntu/SSLRasp/install/message_info/include/message_info/msg/detail/robot_command__type_support.h
[3.375s] -- Up-to-date: /home/ubuntu/SSLRasp/install/message_info/include/message_info/msg/detail/field_circular_arc__functions.c
[3.376s] -- Up-to-date: /home/ubuntu/SSLRasp/install/message_info/include/message_info/msg/detail/referee__type_support.h
[3.376s] -- Up-to-date: /home/ubuntu/SSLRasp/install/message_info/include/message_info/msg/detail/attacker__functions.h
[3.376s] -- Up-to-date: /home/ubuntu/SSLRasp/install/message_info/include/message_info/msg/detail/attacker__type_support.h
[3.377s] -- Up-to-date: /home/ubuntu/SSLRasp/install/message_info/include/message_info/msg/detail/role__functions.c
[3.377s] -- Up-to-date: /home/ubuntu/SSLRasp/install/message_info/include/message_info/msg/detail/field_line_segment__struct.h
[3.378s] -- Up-to-date: /home/ubuntu/SSLRasp/install/message_info/include/message_info/msg/detail/robot_commands__functions.h
[3.378s] -- Up-to-date: /home/ubuntu/SSLRasp/install/message_info/include/message_info/msg/detail/goalie__functions.c
[3.379s] -- Up-to-date: /home/ubuntu/SSLRasp/install/message_info/include/message_info/msg/detail/vision_geometry__functions.h
[3.379s] -- Up-to-date: /home/ubuntu/SSLRasp/install/message_info/include/message_info/msg/detail/goal_info__functions.c
[3.379s] -- Up-to-date: /home/ubuntu/SSLRasp/install/message_info/include/message_info/msg/detail/field_line_segment__type_support.h
[3.380s] -- Up-to-date: /home/ubuntu/SSLRasp/install/message_info/include/message_info/msg/detail/referee_game_event__functions.h
[3.380s] -- Up-to-date: /home/ubuntu/SSLRasp/install/message_info/include/message_info/msg/detail/vision_detections__struct.h
[3.381s] -- Up-to-date: /home/ubuntu/SSLRasp/install/message_info/include/message_info/msg/detail/detection_robot__functions.c
[3.381s] -- Up-to-date: /home/ubuntu/SSLRasp/install/message_info/include/message_info/msg/detail/goal_info__functions.h
[3.382s] -- Up-to-date: /home/ubuntu/SSLRasp/install/message_info/include/message_info/msg/detail/robot_commands__type_support.h
[3.382s] -- Up-to-date: /home/ubuntu/SSLRasp/install/message_info/include/message_info/msg/detail/goal_info__type_support.h
[3.382s] -- Up-to-date: /home/ubuntu/SSLRasp/install/message_info/include/message_info/msg/detail/test__struct.h
[3.383s] -- Up-to-date: /home/ubuntu/SSLRasp/install/message_info/include/message_info/msg/detail/vision_detections__functions.h
[3.383s] -- Up-to-date: /home/ubuntu/SSLRasp/install/message_info/include/message_info/msg/detail/field_circular_arc__functions.h
[3.384s] -- Up-to-date: /home/ubuntu/SSLRasp/install/message_info/include/message_info/msg/detail/field_circular_arc__struct.h
[3.384s] -- Up-to-date: /home/ubuntu/SSLRasp/install/message_info/include/message_info/msg/detail/ball_info__struct.h
[3.384s] -- Up-to-date: /home/ubuntu/SSLRasp/install/message_info/include/message_info/msg/detail/goalie__struct.h
[3.385s] -- Up-to-date: /home/ubuntu/SSLRasp/install/message_info/include/message_info/msg/detail/robot_command__struct.h
[3.385s] -- Up-to-date: /home/ubuntu/SSLRasp/install/message_info/include/message_info/msg/detail/role__type_support.h
[3.386s] -- Up-to-date: /home/ubuntu/SSLRasp/install/message_info/include/message_info/msg/detail/detection_robot__struct.h
[3.386s] -- Up-to-date: /home/ubuntu/SSLRasp/install/message_info/include/message_info/msg/detail/referee_team_info__functions.h
[3.387s] -- Up-to-date: /home/ubuntu/SSLRasp/install/message_info/include/message_info/msg/detail/info__struct.h
[3.387s] -- Up-to-date: /home/ubuntu/SSLRasp/install/message_info/include/message_info/msg/detail/robot_commands__functions.c
[3.387s] -- Up-to-date: /home/ubuntu/SSLRasp/install/message_info/include/message_info/msg/detail/referee_team_info__struct.h
[3.388s] -- Up-to-date: /home/ubuntu/SSLRasp/install/message_info/include/message_info/msg/detail/robot_command__functions.h
[3.388s] -- Up-to-date: /home/ubuntu/SSLRasp/install/message_info/include/message_info/msg/detail/detection_frame__type_support.h
[3.389s] -- Up-to-date: /home/ubuntu/SSLRasp/install/message_info/include/message_info/msg/detail/detection_frame__struct.h
[3.389s] -- Up-to-date: /home/ubuntu/SSLRasp/install/message_info/include/message_info/msg/detail/referee_team_info__functions.c
[3.390s] -- Up-to-date: /home/ubuntu/SSLRasp/install/message_info/include/message_info/msg/detail/vision_geometry__type_support.h
[3.390s] -- Up-to-date: /home/ubuntu/SSLRasp/install/message_info/include/message_info/msg/detail/vision_geometry__functions.c
[3.391s] -- Up-to-date: /home/ubuntu/SSLRasp/install/message_info/include/message_info/msg/detail/detection_robot__type_support.h
[3.391s] -- Up-to-date: /home/ubuntu/SSLRasp/install/message_info/include/message_info/msg/detail/role__functions.h
[3.391s] -- Up-to-date: /home/ubuntu/SSLRasp/install/message_info/include/message_info/msg/detail/ball_info__type_support.h
[3.392s] -- Up-to-date: /home/ubuntu/SSLRasp/install/message_info/include/message_info/msg/detail/referee_team_info__type_support.h
[3.392s] -- Up-to-date: /home/ubuntu/SSLRasp/install/message_info/include/message_info/msg/detail/detection_ball__functions.c
[3.392s] -- Up-to-date: /home/ubuntu/SSLRasp/install/message_info/include/message_info/msg/detail/referee__functions.c
[3.393s] -- Up-to-date: /home/ubuntu/SSLRasp/install/message_info/include/message_info/msg/detail/field_line_segment__functions.c
[3.393s] -- Up-to-date: /home/ubuntu/SSLRasp/install/message_info/include/message_info/msg/detail/referee_game_event__type_support.h
[3.394s] -- Up-to-date: /home/ubuntu/SSLRasp/install/message_info/include/message_info/msg/detail/robot_command__functions.c
[3.394s] -- Up-to-date: /home/ubuntu/SSLRasp/install/message_info/include/message_info/msg/detail/detection_ball__struct.h
[3.395s] -- Up-to-date: /home/ubuntu/SSLRasp/install/message_info/include/message_info/msg/detail/role__struct.h
[3.395s] -- Up-to-date: /home/ubuntu/SSLRasp/install/message_info/include/message_info/msg/detail/detection_ball__functions.h
[3.395s] -- Up-to-date: /home/ubuntu/SSLRasp/install/message_info/include/message_info/msg/detail/test__functions.h
[3.396s] -- Up-to-date: /home/ubuntu/SSLRasp/install/message_info/include/message_info/msg/detail/referee_game_event__functions.c
[3.396s] -- Up-to-date: /home/ubuntu/SSLRasp/install/message_info/include/message_info/msg/detail/vision_detections__functions.c
[3.396s] -- Up-to-date: /home/ubuntu/SSLRasp/install/message_info/include/message_info/msg/detail/info__functions.h
[3.397s] -- Up-to-date: /home/ubuntu/SSLRasp/install/message_info/include/message_info/msg/detail/attacker__struct.h
[3.397s] -- Up-to-date: /home/ubuntu/SSLRasp/install/message_info/include/message_info/msg/detail/vision_detections__type_support.h
[3.398s] -- Up-to-date: /home/ubuntu/SSLRasp/install/message_info/include/message_info/msg/detail/referee__functions.h
[3.398s] -- Up-to-date: /home/ubuntu/SSLRasp/install/message_info/include/message_info/msg/detail/referee_game_event__struct.h
[3.398s] -- Up-to-date: /home/ubuntu/SSLRasp/install/message_info/include/message_info/msg/detail/referee__struct.h
[3.399s] -- Up-to-date: /home/ubuntu/SSLRasp/install/message_info/include/message_info/msg/detail/ball_info__functions.h
[3.399s] -- Up-to-date: /home/ubuntu/SSLRasp/install/message_info/include/message_info/msg/detail/attacker__functions.c
[3.400s] -- Up-to-date: /home/ubuntu/SSLRasp/install/message_info/include/message_info/msg/detail/goal_info__struct.h
[3.400s] -- Up-to-date: /home/ubuntu/SSLRasp/install/message_info/include/message_info/msg/detail/field_circular_arc__type_support.h
[3.400s] -- Up-to-date: /home/ubuntu/SSLRasp/install/message_info/include/message_info/msg/detail/info__type_support.h
[3.401s] -- Up-to-date: /home/ubuntu/SSLRasp/install/message_info/include/message_info/msg/detail/info__functions.c
[3.401s] -- Up-to-date: /home/ubuntu/SSLRasp/install/message_info/include/message_info/msg/detail/detection_frame__functions.h
[3.402s] -- Up-to-date: /home/ubuntu/SSLRasp/install/message_info/include/message_info/msg/rosidl_generator_c__visibility_control.h
[3.402s] -- Up-to-date: /home/ubuntu/SSLRasp/install/message_info/include/message_info/msg/field_circular_arc.h
[3.402s] -- Up-to-date: /home/ubuntu/SSLRasp/install/message_info/include/message_info/msg/role.h
[3.403s] -- Up-to-date: /home/ubuntu/SSLRasp/install/message_info/include/message_info/msg/field_line_segment.h
[3.403s] -- Up-to-date: /home/ubuntu/SSLRasp/install/message_info/include/message_info/msg/referee_team_info.h
[3.403s] -- Up-to-date: /home/ubuntu/SSLRasp/install/message_info/include/message_info/msg/goalie.h
[3.404s] -- Up-to-date: /home/ubuntu/SSLRasp/install/message_info/include/message_info/msg/referee.h
[3.404s] -- Up-to-date: /home/ubuntu/SSLRasp/install/message_info/include/message_info/msg/ball_info.h
[3.404s] -- Up-to-date: /home/ubuntu/SSLRasp/install/message_info/include/message_info/msg/robot_commands.h
[3.405s] -- Up-to-date: /home/ubuntu/SSLRasp/install/message_info/include/message_info/msg/robot_command.h
[3.405s] -- Up-to-date: /home/ubuntu/SSLRasp/install/message_info/include/message_info/msg/detection_ball.h
[3.406s] -- Up-to-date: /home/ubuntu/SSLRasp/install/message_info/include/message_info/msg/detection_robot.h
[3.406s] -- Up-to-date: /home/ubuntu/SSLRasp/install/message_info/include/message_info/msg/referee_game_event.h
[3.407s] -- Up-to-date: /home/ubuntu/SSLRasp/install/message_info/include/message_info/msg/vision_geometry.h
[3.407s] -- Up-to-date: /home/ubuntu/SSLRasp/install/message_info/share/message_info/environment/library_path.sh
[3.408s] -- Up-to-date: /home/ubuntu/SSLRasp/install/message_info/share/message_info/environment/library_path.dsv
[3.408s] -- Up-to-date: /home/ubuntu/SSLRasp/install/message_info/lib/libmessage_info__rosidl_generator_c.so
[3.408s] -- Up-to-date: /home/ubuntu/SSLRasp/install/message_info/include/message_info
[3.409s] -- Up-to-date: /home/ubuntu/SSLRasp/install/message_info/include/message_info/msg
[3.409s] -- Up-to-date: /home/ubuntu/SSLRasp/install/message_info/include/message_info/msg/detail
[3.410s] -- Up-to-date: /home/ubuntu/SSLRasp/install/message_info/include/message_info/msg/detail/referee_game_event__rosidl_typesupport_fastrtps_c.h
[3.410s] -- Up-to-date: /home/ubuntu/SSLRasp/install/message_info/include/message_info/msg/detail/vision_geometry__rosidl_typesupport_fastrtps_c.h
[3.410s] -- Up-to-date: /home/ubuntu/SSLRasp/install/message_info/include/message_info/msg/detail/attacker__rosidl_typesupport_fastrtps_c.h
[3.411s] -- Up-to-date: /home/ubuntu/SSLRasp/install/message_info/include/message_info/msg/detail/vision_detections__rosidl_typesupport_fastrtps_c.h
[3.411s] -- Up-to-date: /home/ubuntu/SSLRasp/install/message_info/include/message_info/msg/detail/detection_robot__rosidl_typesupport_fastrtps_c.h
[3.411s] -- Up-to-date: /home/ubuntu/SSLRasp/install/message_info/include/message_info/msg/detail/field_line_segment__rosidl_typesupport_fastrtps_c.h
[3.412s] -- Up-to-date: /home/ubuntu/SSLRasp/install/message_info/include/message_info/msg/detail/robot_commands__rosidl_typesupport_fastrtps_c.h
[3.412s] -- Up-to-date: /home/ubuntu/SSLRasp/install/message_info/include/message_info/msg/detail/role__rosidl_typesupport_fastrtps_c.h
[3.413s] -- Up-to-date: /home/ubuntu/SSLRasp/install/message_info/include/message_info/msg/detail/detection_ball__rosidl_typesupport_fastrtps_c.h
[3.413s] -- Up-to-date: /home/ubuntu/SSLRasp/install/message_info/include/message_info/msg/detail/field_circular_arc__rosidl_typesupport_fastrtps_c.h
[3.413s] -- Up-to-date: /home/ubuntu/SSLRasp/install/message_info/include/message_info/msg/detail/goal_info__rosidl_typesupport_fastrtps_c.h
[3.414s] -- Up-to-date: /home/ubuntu/SSLRasp/install/message_info/include/message_info/msg/detail/referee__rosidl_typesupport_fastrtps_c.h
[3.414s] -- Up-to-date: /home/ubuntu/SSLRasp/install/message_info/include/message_info/msg/detail/goalie__rosidl_typesupport_fastrtps_c.h
[3.414s] -- Up-to-date: /home/ubuntu/SSLRasp/install/message_info/include/message_info/msg/detail/referee_team_info__rosidl_typesupport_fastrtps_c.h
[3.415s] -- Up-to-date: /home/ubuntu/SSLRasp/install/message_info/include/message_info/msg/detail/test__rosidl_typesupport_fastrtps_c.h
[3.415s] -- Up-to-date: /home/ubuntu/SSLRasp/install/message_info/include/message_info/msg/detail/robot_command__rosidl_typesupport_fastrtps_c.h
[3.416s] -- Up-to-date: /home/ubuntu/SSLRasp/install/message_info/include/message_info/msg/detail/detection_frame__rosidl_typesupport_fastrtps_c.h
[3.416s] -- Up-to-date: /home/ubuntu/SSLRasp/install/message_info/include/message_info/msg/detail/ball_info__rosidl_typesupport_fastrtps_c.h
[3.416s] -- Up-to-date: /home/ubuntu/SSLRasp/install/message_info/include/message_info/msg/detail/info__rosidl_typesupport_fastrtps_c.h
[3.417s] -- Up-to-date: /home/ubuntu/SSLRasp/install/message_info/include/message_info/msg/rosidl_typesupport_fastrtps_c__visibility_control.h
[3.417s] -- Up-to-date: /home/ubuntu/SSLRasp/install/message_info/lib/libmessage_info__rosidl_typesupport_fastrtps_c.so
[3.418s] -- Up-to-date: /home/ubuntu/SSLRasp/install/message_info/include/message_info
[3.418s] -- Up-to-date: /home/ubuntu/SSLRasp/install/message_info/include/message_info/msg
[3.418s] -- Up-to-date: /home/ubuntu/SSLRasp/install/message_info/include/message_info/msg/detail
[3.419s] -- Up-to-date: /home/ubuntu/SSLRasp/install/message_info/include/message_info/msg/detail/field_line_segment__rosidl_typesupport_fastrtps_cpp.hpp
[3.419s] -- Up-to-date: /home/ubuntu/SSLRasp/install/message_info/include/message_info/msg/detail/ball_info__rosidl_typesupport_fastrtps_cpp.hpp
[3.420s] -- Up-to-date: /home/ubuntu/SSLRasp/install/message_info/include/message_info/msg/detail/detection_frame__rosidl_typesupport_fastrtps_cpp.hpp
[3.420s] -- Up-to-date: /home/ubuntu/SSLRasp/install/message_info/include/message_info/msg/detail/vision_geometry__rosidl_typesupport_fastrtps_cpp.hpp
[3.420s] -- Up-to-date: /home/ubuntu/SSLRasp/install/message_info/include/message_info/msg/detail/robot_command__rosidl_typesupport_fastrtps_cpp.hpp
[3.421s] -- Up-to-date: /home/ubuntu/SSLRasp/install/message_info/include/message_info/msg/detail/role__rosidl_typesupport_fastrtps_cpp.hpp
[3.421s] -- Up-to-date: /home/ubuntu/SSLRasp/install/message_info/include/message_info/msg/detail/detection_ball__rosidl_typesupport_fastrtps_cpp.hpp
[3.422s] -- Up-to-date: /home/ubuntu/SSLRasp/install/message_info/include/message_info/msg/detail/referee__rosidl_typesupport_fastrtps_cpp.hpp
[3.422s] -- Up-to-date: /home/ubuntu/SSLRasp/install/message_info/include/message_info/msg/detail/info__rosidl_typesupport_fastrtps_cpp.hpp
[3.422s] -- Up-to-date: /home/ubuntu/SSLRasp/install/message_info/include/message_info/msg/detail/detection_robot__rosidl_typesupport_fastrtps_cpp.hpp
[3.423s] -- Up-to-date: /home/ubuntu/SSLRasp/install/message_info/include/message_info/msg/detail/referee_team_info__rosidl_typesupport_fastrtps_cpp.hpp
[3.423s] -- Up-to-date: /home/ubuntu/SSLRasp/install/message_info/include/message_info/msg/detail/dds_fastrtps
[3.424s] -- Up-to-date: /home/ubuntu/SSLRasp/install/message_info/include/message_info/msg/detail/vision_detections__rosidl_typesupport_fastrtps_cpp.hpp
[3.424s] -- Up-to-date: /home/ubuntu/SSLRasp/install/message_info/include/message_info/msg/detail/goalie__rosidl_typesupport_fastrtps_cpp.hpp
[3.424s] -- Up-to-date: /home/ubuntu/SSLRasp/install/message_info/include/message_info/msg/detail/attacker__rosidl_typesupport_fastrtps_cpp.hpp
[3.425s] -- Up-to-date: /home/ubuntu/SSLRasp/install/message_info/include/message_info/msg/detail/referee_game_event__rosidl_typesupport_fastrtps_cpp.hpp
[3.425s] -- Up-to-date: /home/ubuntu/SSLRasp/install/message_info/include/message_info/msg/detail/test__rosidl_typesupport_fastrtps_cpp.hpp
[3.426s] -- Up-to-date: /home/ubuntu/SSLRasp/install/message_info/include/message_info/msg/detail/goal_info__rosidl_typesupport_fastrtps_cpp.hpp
[3.426s] -- Up-to-date: /home/ubuntu/SSLRasp/install/message_info/include/message_info/msg/detail/robot_commands__rosidl_typesupport_fastrtps_cpp.hpp
[3.426s] -- Up-to-date: /home/ubuntu/SSLRasp/install/message_info/include/message_info/msg/detail/field_circular_arc__rosidl_typesupport_fastrtps_cpp.hpp
[3.427s] -- Up-to-date: /home/ubuntu/SSLRasp/install/message_info/include/message_info/msg/rosidl_typesupport_fastrtps_cpp__visibility_control.h
[3.427s] -- Up-to-date: /home/ubuntu/SSLRasp/install/message_info/lib/libmessage_info__rosidl_typesupport_fastrtps_cpp.so
[3.428s] -- Up-to-date: /home/ubuntu/SSLRasp/install/message_info/include/message_info
[3.428s] -- Up-to-date: /home/ubuntu/SSLRasp/install/message_info/include/message_info/msg
[3.428s] -- Up-to-date: /home/ubuntu/SSLRasp/install/message_info/include/message_info/msg/detail
[3.429s] -- Up-to-date: /home/ubuntu/SSLRasp/install/message_info/include/message_info/msg/detail/goal_info__rosidl_typesupport_introspection_c.h
[3.429s] -- Up-to-date: /home/ubuntu/SSLRasp/install/message_info/include/message_info/msg/detail/goalie__type_support.c
[3.429s] -- Up-to-date: /home/ubuntu/SSLRasp/install/message_info/include/message_info/msg/detail/info__rosidl_typesupport_introspection_c.h
[3.430s] -- Up-to-date: /home/ubuntu/SSLRasp/install/message_info/include/message_info/msg/detail/vision_geometry__type_support.c
[3.430s] -- Up-to-date: /home/ubuntu/SSLRasp/install/message_info/include/message_info/msg/detail/detection_ball__type_support.c
[3.430s] -- Up-to-date: /home/ubuntu/SSLRasp/install/message_info/include/message_info/msg/detail/detection_frame__rosidl_typesupport_introspection_c.h
[3.431s] -- Up-to-date: /home/ubuntu/SSLRasp/install/message_info/include/message_info/msg/detail/test__type_support.c
[3.431s] -- Up-to-date: /home/ubuntu/SSLRasp/install/message_info/include/message_info/msg/detail/test__rosidl_typesupport_introspection_c.h
[3.431s] -- Up-to-date: /home/ubuntu/SSLRasp/install/message_info/include/message_info/msg/detail/robot_command__rosidl_typesupport_introspection_c.h
[3.432s] -- Up-to-date: /home/ubuntu/SSLRasp/install/message_info/include/message_info/msg/detail/ball_info__type_support.c
[3.432s] -- Up-to-date: /home/ubuntu/SSLRasp/install/message_info/include/message_info/msg/detail/robot_commands__type_support.c
[3.433s] -- Up-to-date: /home/ubuntu/SSLRasp/install/message_info/include/message_info/msg/detail/role__rosidl_typesupport_introspection_c.h
[3.433s] -- Up-to-date: /home/ubuntu/SSLRasp/install/message_info/include/message_info/msg/detail/robot_command__type_support.c
[3.433s] -- Up-to-date: /home/ubuntu/SSLRasp/install/message_info/include/message_info/msg/detail/field_circular_arc__type_support.c
[3.434s] -- Up-to-date: /home/ubuntu/SSLRasp/install/message_info/include/message_info/msg/detail/referee__type_support.c
[3.434s] -- Up-to-date: /home/ubuntu/SSLRasp/install/message_info/include/message_info/msg/detail/detection_frame__type_support.c
[3.435s] -- Up-to-date: /home/ubuntu/SSLRasp/install/message_info/include/message_info/msg/detail/robot_commands__rosidl_typesupport_introspection_c.h
[3.435s] -- Up-to-date: /home/ubuntu/SSLRasp/install/message_info/include/message_info/msg/detail/referee_game_event__type_support.c
[3.435s] -- Up-to-date: /home/ubuntu/SSLRasp/install/message_info/include/message_info/msg/detail/field_line_segment__rosidl_typesupport_introspection_c.h
[3.436s] -- Up-to-date: /home/ubuntu/SSLRasp/install/message_info/include/message_info/msg/detail/referee_team_info__rosidl_typesupport_introspection_c.h
[3.436s] -- Up-to-date: /home/ubuntu/SSLRasp/install/message_info/include/message_info/msg/detail/attacker__type_support.c
[3.437s] -- Up-to-date: /home/ubuntu/SSLRasp/install/message_info/include/message_info/msg/detail/field_line_segment__type_support.c
[3.437s] -- Up-to-date: /home/ubuntu/SSLRasp/install/message_info/include/message_info/msg/detail/vision_detections__rosidl_typesupport_introspection_c.h
[3.438s] -- Up-to-date: /home/ubuntu/SSLRasp/install/message_info/include/message_info/msg/detail/detection_robot__rosidl_typesupport_introspection_c.h
[3.438s] -- Up-to-date: /home/ubuntu/SSLRasp/install/message_info/include/message_info/msg/detail/role__type_support.c
[3.438s] -- Up-to-date: /home/ubuntu/SSLRasp/install/message_info/include/message_info/msg/detail/info__type_support.c
[3.439s] -- Up-to-date: /home/ubuntu/SSLRasp/install/message_info/include/message_info/msg/detail/referee_game_event__rosidl_typesupport_introspection_c.h
[3.439s] -- Up-to-date: /home/ubuntu/SSLRasp/install/message_info/include/message_info/msg/detail/ball_info__rosidl_typesupport_introspection_c.h
[3.440s] -- Up-to-date: /home/ubuntu/SSLRasp/install/message_info/include/message_info/msg/detail/detection_robot__type_support.c
[3.440s] -- Up-to-date: /home/ubuntu/SSLRasp/install/message_info/include/message_info/msg/detail/referee__rosidl_typesupport_introspection_c.h
[3.440s] -- Up-to-date: /home/ubuntu/SSLRasp/install/message_info/include/message_info/msg/detail/goalie__rosidl_typesupport_introspection_c.h
[3.441s] -- Up-to-date: /home/ubuntu/SSLRasp/install/message_info/include/message_info/msg/detail/field_circular_arc__rosidl_typesupport_introspection_c.h
[3.441s] -- Up-to-date: /home/ubuntu/SSLRasp/install/message_info/include/message_info/msg/detail/detection_ball__rosidl_typesupport_introspection_c.h
[3.442s] -- Up-to-date: /home/ubuntu/SSLRasp/install/message_info/include/message_info/msg/detail/goal_info__type_support.c
[3.442s] -- Up-to-date: /home/ubuntu/SSLRasp/install/message_info/include/message_info/msg/detail/vision_geometry__rosidl_typesupport_introspection_c.h
[3.442s] -- Up-to-date: /home/ubuntu/SSLRasp/install/message_info/include/message_info/msg/detail/referee_team_info__type_support.c
[3.443s] -- Up-to-date: /home/ubuntu/SSLRasp/install/message_info/include/message_info/msg/detail/attacker__rosidl_typesupport_introspection_c.h
[3.443s] -- Up-to-date: /home/ubuntu/SSLRasp/install/message_info/include/message_info/msg/detail/vision_detections__type_support.c
[3.444s] -- Up-to-date: /home/ubuntu/SSLRasp/install/message_info/include/message_info/msg/rosidl_typesupport_introspection_c__visibility_control.h
[3.444s] -- Up-to-date: /home/ubuntu/SSLRasp/install/message_info/lib/libmessage_info__rosidl_typesupport_introspection_c.so
[3.444s] -- Up-to-date: /home/ubuntu/SSLRasp/install/message_info/lib/libmessage_info__rosidl_typesupport_c.so
[3.445s] -- Up-to-date: /home/ubuntu/SSLRasp/install/message_info/include/message_info
[3.445s] -- Up-to-date: /home/ubuntu/SSLRasp/install/message_info/include/message_info/msg
[3.446s] -- Up-to-date: /home/ubuntu/SSLRasp/install/message_info/include/message_info/msg/ball_info.hpp
[3.446s] -- Up-to-date: /home/ubuntu/SSLRasp/install/message_info/include/message_info/msg/referee.hpp
[3.447s] -- Up-to-date: /home/ubuntu/SSLRasp/install/message_info/include/message_info/msg/goal_info.hpp
[3.447s] -- Up-to-date: /home/ubuntu/SSLRasp/install/message_info/include/message_info/msg/detection_robot.hpp
[3.447s] -- Up-to-date: /home/ubuntu/SSLRasp/install/message_info/include/message_info/msg/vision_geometry.hpp
[3.448s] -- Up-to-date: /home/ubuntu/SSLRasp/install/message_info/include/message_info/msg/field_line_segment.hpp
[3.448s] -- Up-to-date: /home/ubuntu/SSLRasp/install/message_info/include/message_info/msg/detail
[3.449s] -- Up-to-date: /home/ubuntu/SSLRasp/install/message_info/include/message_info/msg/detail/referee_game_event__builder.hpp
[3.449s] -- Up-to-date: /home/ubuntu/SSLRasp/install/message_info/include/message_info/msg/detail/vision_detections__traits.hpp
[3.449s] -- Up-to-date: /home/ubuntu/SSLRasp/install/message_info/include/message_info/msg/detail/ball_info__struct.hpp
[3.450s] -- Up-to-date: /home/ubuntu/SSLRasp/install/message_info/include/message_info/msg/detail/field_line_segment__struct.hpp
[3.450s] -- Up-to-date: /home/ubuntu/SSLRasp/install/message_info/include/message_info/msg/detail/goalie__traits.hpp
[3.451s] -- Up-to-date: /home/ubuntu/SSLRasp/install/message_info/include/message_info/msg/detail/referee_team_info__builder.hpp
[3.451s] -- Up-to-date: /home/ubuntu/SSLRasp/install/message_info/include/message_info/msg/detail/goal_info__traits.hpp
[3.452s] -- Up-to-date: /home/ubuntu/SSLRasp/install/message_info/include/message_info/msg/detail/info__traits.hpp
[3.452s] -- Up-to-date: /home/ubuntu/SSLRasp/install/message_info/include/message_info/msg/detail/vision_geometry__builder.hpp
[3.452s] -- Up-to-date: /home/ubuntu/SSLRasp/install/message_info/include/message_info/msg/detail/goalie__struct.hpp
[3.453s] -- Up-to-date: /home/ubuntu/SSLRasp/install/message_info/include/message_info/msg/detail/detection_ball__struct.hpp
[3.453s] -- Up-to-date: /home/ubuntu/SSLRasp/install/message_info/include/message_info/msg/detail/goalie__builder.hpp
[3.454s] -- Up-to-date: /home/ubuntu/SSLRasp/install/message_info/include/message_info/msg/detail/goal_info__builder.hpp
[3.454s] -- Up-to-date: /home/ubuntu/SSLRasp/install/message_info/include/message_info/msg/detail/detection_robot__builder.hpp
[3.454s] -- Up-to-date: /home/ubuntu/SSLRasp/install/message_info/include/message_info/msg/detail/vision_geometry__struct.hpp
[3.455s] -- Up-to-date: /home/ubuntu/SSLRasp/install/message_info/include/message_info/msg/detail/referee__struct.hpp
[3.456s] -- Up-to-date: /home/ubuntu/SSLRasp/install/message_info/include/message_info/msg/detail/robot_commands__traits.hpp
[3.456s] -- Up-to-date: /home/ubuntu/SSLRasp/install/message_info/include/message_info/msg/detail/role__builder.hpp
[3.456s] -- Up-to-date: /home/ubuntu/SSLRasp/install/message_info/include/message_info/msg/detail/referee_game_event__traits.hpp
[3.457s] -- Up-to-date: /home/ubuntu/SSLRasp/install/message_info/include/message_info/msg/detail/test__traits.hpp
[3.457s] -- Up-to-date: /home/ubuntu/SSLRasp/install/message_info/include/message_info/msg/detail/attacker__traits.hpp
[3.458s] -- Up-to-date: /home/ubuntu/SSLRasp/install/message_info/include/message_info/msg/detail/field_circular_arc__traits.hpp
[3.458s] -- Up-to-date: /home/ubuntu/SSLRasp/install/message_info/include/message_info/msg/detail/ball_info__builder.hpp
[3.459s] -- Up-to-date: /home/ubuntu/SSLRasp/install/message_info/include/message_info/msg/detail/vision_detections__struct.hpp
[3.459s] -- Up-to-date: /home/ubuntu/SSLRasp/install/message_info/include/message_info/msg/detail/referee__builder.hpp
[3.459s] -- Up-to-date: /home/ubuntu/SSLRasp/install/message_info/include/message_info/msg/detail/test__struct.hpp
[3.460s] -- Up-to-date: /home/ubuntu/SSLRasp/install/message_info/include/message_info/msg/detail/attacker__builder.hpp
[3.460s] -- Up-to-date: /home/ubuntu/SSLRasp/install/message_info/include/message_info/msg/detail/detection_frame__builder.hpp
[3.461s] -- Up-to-date: /home/ubuntu/SSLRasp/install/message_info/include/message_info/msg/detail/detection_frame__struct.hpp
[3.461s] -- Up-to-date: /home/ubuntu/SSLRasp/install/message_info/include/message_info/msg/detail/field_line_segment__builder.hpp
[3.461s] -- Up-to-date: /home/ubuntu/SSLRasp/install/message_info/include/message_info/msg/detail/robot_command__builder.hpp
[3.462s] -- Up-to-date: /home/ubuntu/SSLRasp/install/message_info/include/message_info/msg/detail/goal_info__struct.hpp
[3.462s] -- Up-to-date: /home/ubuntu/SSLRasp/install/message_info/include/message_info/msg/detail/test__builder.hpp
[3.463s] -- Up-to-date: /home/ubuntu/SSLRasp/install/message_info/include/message_info/msg/detail/referee_team_info__traits.hpp
[3.463s] -- Up-to-date: /home/ubuntu/SSLRasp/install/message_info/include/message_info/msg/detail/role__struct.hpp
[3.463s] -- Up-to-date: /home/ubuntu/SSLRasp/install/message_info/include/message_info/msg/detail/robot_commands__builder.hpp
[3.464s] -- Up-to-date: /home/ubuntu/SSLRasp/install/message_info/include/message_info/msg/detail/field_circular_arc__builder.hpp
[3.464s] -- Up-to-date: /home/ubuntu/SSLRasp/install/message_info/include/message_info/msg/detail/referee__traits.hpp
[3.465s] -- Up-to-date: /home/ubuntu/SSLRasp/install/message_info/include/message_info/msg/detail/vision_geometry__traits.hpp
[3.465s] -- Up-to-date: /home/ubuntu/SSLRasp/install/message_info/include/message_info/msg/detail/detection_robot__struct.hpp
[3.465s] -- Up-to-date: /home/ubuntu/SSLRasp/install/message_info/include/message_info/msg/detail/attacker__struct.hpp
[3.466s] -- Up-to-date: /home/ubuntu/SSLRasp/install/message_info/include/message_info/msg/detail/info__struct.hpp
[3.466s] -- Up-to-date: /home/ubuntu/SSLRasp/install/message_info/include/message_info/msg/detail/vision_detections__builder.hpp
[3.466s] -- Up-to-date: /home/ubuntu/SSLRasp/install/message_info/include/message_info/msg/detail/role__traits.hpp
[3.467s] -- Up-to-date: /home/ubuntu/SSLRasp/install/message_info/include/message_info/msg/detail/robot_commands__struct.hpp
[3.467s] -- Up-to-date: /home/ubuntu/SSLRasp/install/message_info/include/message_info/msg/detail/robot_command__struct.hpp
[3.467s] -- Up-to-date: /home/ubuntu/SSLRasp/install/message_info/include/message_info/msg/detail/field_circular_arc__struct.hpp
[3.468s] -- Up-to-date: /home/ubuntu/SSLRasp/install/message_info/include/message_info/msg/detail/referee_game_event__struct.hpp
[3.468s] -- Up-to-date: /home/ubuntu/SSLRasp/install/message_info/include/message_info/msg/detail/field_line_segment__traits.hpp
[3.469s] -- Up-to-date: /home/ubuntu/SSLRasp/install/message_info/include/message_info/msg/detail/referee_team_info__struct.hpp
[3.469s] -- Up-to-date: /home/ubuntu/SSLRasp/install/message_info/include/message_info/msg/detail/ball_info__traits.hpp
[3.470s] -- Up-to-date: /home/ubuntu/SSLRasp/install/message_info/include/message_info/msg/detail/detection_robot__traits.hpp
[3.470s] -- Up-to-date: /home/ubuntu/SSLRasp/install/message_info/include/message_info/msg/detail/robot_command__traits.hpp
[3.470s] -- Up-to-date: /home/ubuntu/SSLRasp/install/message_info/include/message_info/msg/detail/info__builder.hpp
[3.471s] -- Up-to-date: /home/ubuntu/SSLRasp/install/message_info/include/message_info/msg/detail/detection_ball__builder.hpp
[3.471s] -- Up-to-date: /home/ubuntu/SSLRasp/install/message_info/include/message_info/msg/detail/detection_frame__traits.hpp
[3.471s] -- Up-to-date: /home/ubuntu/SSLRasp/install/message_info/include/message_info/msg/detail/detection_ball__traits.hpp
[3.472s] -- Up-to-date: /home/ubuntu/SSLRasp/install/message_info/include/message_info/msg/detection_ball.hpp
[3.472s] -- Up-to-date: /home/ubuntu/SSLRasp/install/message_info/include/message_info/msg/detection_frame.hpp
[3.472s] -- Up-to-date: /home/ubuntu/SSLRasp/install/message_info/include/message_info/msg/attacker.hpp
[3.473s] -- Up-to-date: /home/ubuntu/SSLRasp/install/message_info/include/message_info/msg/robot_command.hpp
[3.473s] -- Up-to-date: /home/ubuntu/SSLRasp/install/message_info/include/message_info/msg/goalie.hpp
[3.474s] -- Up-to-date: /home/ubuntu/SSLRasp/install/message_info/include/message_info/msg/info.hpp
[3.474s] -- Up-to-date: /home/ubuntu/SSLRasp/install/message_info/include/message_info/msg/referee_game_event.hpp
[3.474s] -- Up-to-date: /home/ubuntu/SSLRasp/install/message_info/include/message_info/msg/test.hpp
[3.475s] -- Up-to-date: /home/ubuntu/SSLRasp/install/message_info/include/message_info/msg/robot_commands.hpp
[3.475s] -- Up-to-date: /home/ubuntu/SSLRasp/install/message_info/include/message_info/msg/role.hpp
[3.475s] -- Up-to-date: /home/ubuntu/SSLRasp/install/message_info/include/message_info/msg/referee_team_info.hpp
[3.476s] -- Up-to-date: /home/ubuntu/SSLRasp/install/message_info/include/message_info/msg/field_circular_arc.hpp
[3.476s] -- Up-to-date: /home/ubuntu/SSLRasp/install/message_info/include/message_info/msg/vision_detections.hpp
[3.476s] -- Up-to-date: /home/ubuntu/SSLRasp/install/message_info/include/message_info
[3.477s] -- Up-to-date: /home/ubuntu/SSLRasp/install/message_info/include/message_info/msg
[3.477s] -- Up-to-date: /home/ubuntu/SSLRasp/install/message_info/include/message_info/msg/detail
[3.477s] -- Up-to-date: /home/ubuntu/SSLRasp/install/message_info/include/message_info/msg/detail/goal_info__rosidl_typesupport_introspection_cpp.hpp
[3.478s] -- Up-to-date: /home/ubuntu/SSLRasp/install/message_info/include/message_info/msg/detail/referee_game_event__rosidl_typesupport_introspection_cpp.hpp
[3.478s] -- Up-to-date: /home/ubuntu/SSLRasp/install/message_info/include/message_info/msg/detail/referee_game_event__type_support.cpp
[3.479s] -- Up-to-date: /home/ubuntu/SSLRasp/install/message_info/include/message_info/msg/detail/robot_commands__type_support.cpp
[3.479s] -- Up-to-date: /home/ubuntu/SSLRasp/install/message_info/include/message_info/msg/detail/detection_frame__rosidl_typesupport_introspection_cpp.hpp
[3.479s] -- Up-to-date: /home/ubuntu/SSLRasp/install/message_info/include/message_info/msg/detail/detection_ball__rosidl_typesupport_introspection_cpp.hpp
[3.480s] -- Up-to-date: /home/ubuntu/SSLRasp/install/message_info/include/message_info/msg/detail/vision_geometry__rosidl_typesupport_introspection_cpp.hpp
[3.480s] -- Up-to-date: /home/ubuntu/SSLRasp/install/message_info/include/message_info/msg/detail/robot_commands__rosidl_typesupport_introspection_cpp.hpp
[3.480s] -- Up-to-date: /home/ubuntu/SSLRasp/install/message_info/include/message_info/msg/detail/detection_robot__rosidl_typesupport_introspection_cpp.hpp
[3.481s] -- Up-to-date: /home/ubuntu/SSLRasp/install/message_info/include/message_info/msg/detail/test__rosidl_typesupport_introspection_cpp.hpp
[3.481s] -- Up-to-date: /home/ubuntu/SSLRasp/install/message_info/include/message_info/msg/detail/ball_info__type_support.cpp
[3.482s] -- Up-to-date: /home/ubuntu/SSLRasp/install/message_info/include/message_info/msg/detail/detection_robot__type_support.cpp
[3.482s] -- Up-to-date: /home/ubuntu/SSLRasp/install/message_info/include/message_info/msg/detail/role__rosidl_typesupport_introspection_cpp.hpp
[3.482s] -- Up-to-date: /home/ubuntu/SSLRasp/install/message_info/include/message_info/msg/detail/goalie__rosidl_typesupport_introspection_cpp.hpp
[3.483s] -- Up-to-date: /home/ubuntu/SSLRasp/install/message_info/include/message_info/msg/detail/detection_ball__type_support.cpp
[3.483s] -- Up-to-date: /home/ubuntu/SSLRasp/install/message_info/include/message_info/msg/detail/field_circular_arc__type_support.cpp
[3.484s] -- Up-to-date: /home/ubuntu/SSLRasp/install/message_info/include/message_info/msg/detail/referee__type_support.cpp
[3.484s] -- Up-to-date: /home/ubuntu/SSLRasp/install/message_info/include/message_info/msg/detail/field_line_segment__rosidl_typesupport_introspection_cpp.hpp
[3.484s] -- Up-to-date: /home/ubuntu/SSLRasp/install/message_info/include/message_info/msg/detail/vision_detections__type_support.cpp
[3.485s] -- Up-to-date: /home/ubuntu/SSLRasp/install/message_info/include/message_info/msg/detail/attacker__type_support.cpp
[3.485s] -- Up-to-date: /home/ubuntu/SSLRasp/install/message_info/include/message_info/msg/detail/goal_info__type_support.cpp
[3.486s] -- Up-to-date: /home/ubuntu/SSLRasp/install/message_info/include/message_info/msg/detail/info__type_support.cpp
[3.486s] -- Up-to-date: /home/ubuntu/SSLRasp/install/message_info/include/message_info/msg/detail/field_circular_arc__rosidl_typesupport_introspection_cpp.hpp
[3.486s] -- Up-to-date: /home/ubuntu/SSLRasp/install/message_info/include/message_info/msg/detail/ball_info__rosidl_typesupport_introspection_cpp.hpp
[3.487s] -- Up-to-date: /home/ubuntu/SSLRasp/install/message_info/include/message_info/msg/detail/robot_command__type_support.cpp
[3.487s] -- Up-to-date: /home/ubuntu/SSLRasp/install/message_info/include/message_info/msg/detail/referee__rosidl_typesupport_introspection_cpp.hpp
[3.487s] -- Up-to-date: /home/ubuntu/SSLRasp/install/message_info/include/message_info/msg/detail/vision_geometry__type_support.cpp
[3.488s] -- Up-to-date: /home/ubuntu/SSLRasp/install/message_info/include/message_info/msg/detail/referee_team_info__type_support.cpp
[3.488s] -- Up-to-date: /home/ubuntu/SSLRasp/install/message_info/include/message_info/msg/detail/goalie__type_support.cpp
[3.488s] -- Up-to-date: /home/ubuntu/SSLRasp/install/message_info/include/message_info/msg/detail/field_line_segment__type_support.cpp
[3.488s] -- Up-to-date: /home/ubuntu/SSLRasp/install/message_info/include/message_info/msg/detail/detection_frame__type_support.cpp
[3.489s] -- Up-to-date: /home/ubuntu/SSLRasp/install/message_info/include/message_info/msg/detail/info__rosidl_typesupport_introspection_cpp.hpp
[3.489s] -- Up-to-date: /home/ubuntu/SSLRasp/install/message_info/include/message_info/msg/detail/attacker__rosidl_typesupport_introspection_cpp.hpp
[3.489s] -- Up-to-date: /home/ubuntu/SSLRasp/install/message_info/include/message_info/msg/detail/role__type_support.cpp
[3.490s] -- Up-to-date: /home/ubuntu/SSLRasp/install/message_info/include/message_info/msg/detail/test__type_support.cpp
[3.490s] -- Up-to-date: /home/ubuntu/SSLRasp/install/message_info/include/message_info/msg/detail/referee_team_info__rosidl_typesupport_introspection_cpp.hpp
[3.490s] -- Up-to-date: /home/ubuntu/SSLRasp/install/message_info/include/message_info/msg/detail/robot_command__rosidl_typesupport_introspection_cpp.hpp
[3.491s] -- Up-to-date: /home/ubuntu/SSLRasp/install/message_info/include/message_info/msg/detail/vision_detections__rosidl_typesupport_introspection_cpp.hpp
[3.491s] -- Up-to-date: /home/ubuntu/SSLRasp/install/message_info/lib/libmessage_info__rosidl_typesupport_introspection_cpp.so
[3.491s] -- Up-to-date: /home/ubuntu/SSLRasp/install/message_info/lib/libmessage_info__rosidl_typesupport_cpp.so
[3.492s] -- Up-to-date: /home/ubuntu/SSLRasp/install/message_info/share/message_info/environment/pythonpath.sh
[3.492s] -- Up-to-date: /home/ubuntu/SSLRasp/install/message_info/share/message_info/environment/pythonpath.dsv
[3.492s] -- Up-to-date: /home/ubuntu/SSLRasp/install/message_info/lib/python3.8/site-packages/message_info/__init__.py
[3.616s] -- Up-to-date: /home/ubuntu/SSLRasp/install/message_info/lib/python3.8/site-packages/message_info/msg
[3.617s] -- Up-to-date: /home/ubuntu/SSLRasp/install/message_info/lib/python3.8/site-packages/message_info/msg/_referee.py
[3.617s] -- Up-to-date: /home/ubuntu/SSLRasp/install/message_info/lib/python3.8/site-packages/message_info/msg/_referee_game_event_s.c
[3.618s] -- Up-to-date: /home/ubuntu/SSLRasp/install/message_info/lib/python3.8/site-packages/message_info/msg/__init__.py
[3.618s] -- Up-to-date: /home/ubuntu/SSLRasp/install/message_info/lib/python3.8/site-packages/message_info/msg/_vision_geometry.py
[3.618s] -- Up-to-date: /home/ubuntu/SSLRasp/install/message_info/lib/python3.8/site-packages/message_info/msg/_vision_geometry_s.c
[3.619s] -- Up-to-date: /home/ubuntu/SSLRasp/install/message_info/lib/python3.8/site-packages/message_info/msg/_field_circular_arc_s.c
[3.619s] -- Up-to-date: /home/ubuntu/SSLRasp/install/message_info/lib/python3.8/site-packages/message_info/msg/_goalie.py
[3.620s] -- Up-to-date: /home/ubuntu/SSLRasp/install/message_info/lib/python3.8/site-packages/message_info/msg/_ball_info.py
[3.620s] -- Up-to-date: /home/ubuntu/SSLRasp/install/message_info/lib/python3.8/site-packages/message_info/msg/_robot_command.py
[3.620s] -- Up-to-date: /home/ubuntu/SSLRasp/install/message_info/lib/python3.8/site-packages/message_info/msg/_info.py
[3.621s] -- Up-to-date: /home/ubuntu/SSLRasp/install/message_info/lib/python3.8/site-packages/message_info/msg/_detection_frame_s.c
[3.621s] -- Up-to-date: /home/ubuntu/SSLRasp/install/message_info/lib/python3.8/site-packages/message_info/msg/_goalie_s.c
[3.622s] -- Up-to-date: /home/ubuntu/SSLRasp/install/message_info/lib/python3.8/site-packages/message_info/msg/_field_line_segment.py
[3.622s] -- Up-to-date: /home/ubuntu/SSLRasp/install/message_info/lib/python3.8/site-packages/message_info/msg/_robot_command_s.c
[3.623s] -- Up-to-date: /home/ubuntu/SSLRasp/install/message_info/lib/python3.8/site-packages/message_info/msg/_detection_frame.py
[3.623s] -- Up-to-date: /home/ubuntu/SSLRasp/install/message_info/lib/python3.8/site-packages/message_info/msg/_robot_commands_s.c
[3.623s] -- Up-to-date: /home/ubuntu/SSLRasp/install/message_info/lib/python3.8/site-packages/message_info/msg/_robot_commands.py
[3.624s] -- Up-to-date: /home/ubuntu/SSLRasp/install/message_info/lib/python3.8/site-packages/message_info/msg/_attacker.py
[3.624s] -- Up-to-date: /home/ubuntu/SSLRasp/install/message_info/lib/python3.8/site-packages/message_info/msg/_referee_game_event.py
[3.625s] -- Up-to-date: /home/ubuntu/SSLRasp/install/message_info/lib/python3.8/site-packages/message_info/msg/_detection_ball.py
[3.625s] -- Up-to-date: /home/ubuntu/SSLRasp/install/message_info/lib/python3.8/site-packages/message_info/msg/_role_s.c
[3.626s] -- Up-to-date: /home/ubuntu/SSLRasp/install/message_info/lib/python3.8/site-packages/message_info/msg/_attacker_s.c
[3.626s] -- Up-to-date: /home/ubuntu/SSLRasp/install/message_info/lib/python3.8/site-packages/message_info/msg/_test.py
[3.626s] -- Up-to-date: /home/ubuntu/SSLRasp/install/message_info/lib/python3.8/site-packages/message_info/msg/_detection_robot.py
[3.627s] -- Up-to-date: /home/ubuntu/SSLRasp/install/message_info/lib/python3.8/site-packages/message_info/msg/_field_circular_arc.py
[3.627s] -- Up-to-date: /home/ubuntu/SSLRasp/install/message_info/lib/python3.8/site-packages/message_info/msg/_detection_robot_s.c
[3.628s] -- Up-to-date: /home/ubuntu/SSLRasp/install/message_info/lib/python3.8/site-packages/message_info/msg/_detection_ball_s.c
[3.628s] -- Up-to-date: /home/ubuntu/SSLRasp/install/message_info/lib/python3.8/site-packages/message_info/msg/_vision_detections_s.c
[3.628s] -- Up-to-date: /home/ubuntu/SSLRasp/install/message_info/lib/python3.8/site-packages/message_info/msg/_info_s.c
[3.629s] -- Up-to-date: /home/ubuntu/SSLRasp/install/message_info/lib/python3.8/site-packages/message_info/msg/_referee_team_info.py
[3.629s] -- Up-to-date: /home/ubuntu/SSLRasp/install/message_info/lib/python3.8/site-packages/message_info/msg/_field_line_segment_s.c
[3.630s] -- Up-to-date: /home/ubuntu/SSLRasp/install/message_info/lib/python3.8/site-packages/message_info/msg/_goal_info_s.c
[3.630s] -- Up-to-date: /home/ubuntu/SSLRasp/install/message_info/lib/python3.8/site-packages/message_info/msg/_ball_info_s.c
[3.630s] -- Up-to-date: /home/ubuntu/SSLRasp/install/message_info/lib/python3.8/site-packages/message_info/msg/_referee_team_info_s.c
[3.631s] -- Up-to-date: /home/ubuntu/SSLRasp/install/message_info/lib/python3.8/site-packages/message_info/msg/_vision_detections.py
[3.631s] -- Up-to-date: /home/ubuntu/SSLRasp/install/message_info/lib/python3.8/site-packages/message_info/msg/_goal_info.py
[3.631s] -- Up-to-date: /home/ubuntu/SSLRasp/install/message_info/lib/python3.8/site-packages/message_info/msg/_referee_s.c
[3.632s] -- Up-to-date: /home/ubuntu/SSLRasp/install/message_info/lib/python3.8/site-packages/message_info/msg/_role.py
[3.632s] -- Up-to-date: /home/ubuntu/SSLRasp/install/message_info/lib/python3.8/site-packages/message_info/msg/_test_s.c
[3.633s] -- Up-to-date: /home/ubuntu/SSLRasp/install/message_info/lib/python3.8/site-packages/message_info/message_info_s__rosidl_typesupport_fastrtps_c.cpython-38-aarch64-linux-gnu.so
[3.633s] -- Up-to-date: /home/ubuntu/SSLRasp/install/message_info/lib/python3.8/site-packages/message_info/message_info_s__rosidl_typesupport_introspection_c.cpython-38-aarch64-linux-gnu.so
[3.635s] -- Up-to-date: /home/ubuntu/SSLRasp/install/message_info/lib/python3.8/site-packages/message_info/message_info_s__rosidl_typesupport_c.cpython-38-aarch64-linux-gnu.so
[3.638s] -- Up-to-date: /home/ubuntu/SSLRasp/install/message_info/lib/libmessage_info__python.so
[3.640s] -- Up-to-date: /home/ubuntu/SSLRasp/install/message_info/share/message_info/msg/RefereeGameEvent.idl
[3.640s] -- Up-to-date: /home/ubuntu/SSLRasp/install/message_info/share/message_info/msg/RefereeTeamInfo.idl
[3.641s] -- Up-to-date: /home/ubuntu/SSLRasp/install/message_info/share/message_info/msg/Referee.idl
[3.641s] -- Up-to-date: /home/ubuntu/SSLRasp/install/message_info/share/message_info/msg/FieldCircularArc.idl
[3.642s] -- Up-to-date: /home/ubuntu/SSLRasp/install/message_info/share/message_info/msg/FieldLineSegment.idl
[3.642s] -- Up-to-date: /home/ubuntu/SSLRasp/install/message_info/share/message_info/msg/VisionGeometry.idl
[3.643s] -- Up-to-date: /home/ubuntu/SSLRasp/install/message_info/share/message_info/msg/DetectionBall.idl
[3.643s] -- Up-to-date: /home/ubuntu/SSLRasp/install/message_info/share/message_info/msg/DetectionRobot.idl
[3.644s] -- Up-to-date: /home/ubuntu/SSLRasp/install/message_info/share/message_info/msg/DetectionFrame.idl
[3.644s] -- Up-to-date: /home/ubuntu/SSLRasp/install/message_info/share/message_info/msg/VisionDetections.idl
[3.645s] -- Up-to-date: /home/ubuntu/SSLRasp/install/message_info/share/message_info/msg/RobotCommand.idl
[3.645s] -- Up-to-date: /home/ubuntu/SSLRasp/install/message_info/share/message_info/msg/RobotCommands.idl
[3.646s] -- Up-to-date: /home/ubuntu/SSLRasp/install/message_info/share/message_info/msg/Test.idl
[3.646s] -- Up-to-date: /home/ubuntu/SSLRasp/install/message_info/share/message_info/msg/BallInfo.idl
[3.647s] -- Up-to-date: /home/ubuntu/SSLRasp/install/message_info/share/message_info/msg/GoalInfo.idl
[3.647s] -- Up-to-date: /home/ubuntu/SSLRasp/install/message_info/share/message_info/msg/Role.idl
[3.648s] -- Up-to-date: /home/ubuntu/SSLRasp/install/message_info/share/message_info/msg/Attacker.idl
[3.648s] -- Up-to-date: /home/ubuntu/SSLRasp/install/message_info/share/message_info/msg/Goalie.idl
[3.648s] -- Up-to-date: /home/ubuntu/SSLRasp/install/message_info/share/message_info/msg/Info.idl
[3.649s] -- Up-to-date: /home/ubuntu/SSLRasp/install/message_info/share/message_info/msg/RefereeGameEvent.msg
[3.650s] -- Up-to-date: /home/ubuntu/SSLRasp/install/message_info/share/message_info/msg/RefereeTeamInfo.msg
[3.650s] -- Up-to-date: /home/ubuntu/SSLRasp/install/message_info/share/message_info/msg/Referee.msg
[3.651s] -- Up-to-date: /home/ubuntu/SSLRasp/install/message_info/share/message_info/msg/FieldCircularArc.msg
[3.651s] -- Up-to-date: /home/ubuntu/SSLRasp/install/message_info/share/message_info/msg/FieldLineSegment.msg
[3.652s] -- Up-to-date: /home/ubuntu/SSLRasp/install/message_info/share/message_info/msg/VisionGeometry.msg
[3.652s] -- Up-to-date: /home/ubuntu/SSLRasp/install/message_info/share/message_info/msg/DetectionBall.msg
[3.653s] -- Up-to-date: /home/ubuntu/SSLRasp/install/message_info/share/message_info/msg/DetectionRobot.msg
[3.653s] -- Up-to-date: /home/ubuntu/SSLRasp/install/message_info/share/message_info/msg/DetectionFrame.msg
[3.654s] -- Up-to-date: /home/ubuntu/SSLRasp/install/message_info/share/message_info/msg/VisionDetections.msg
[3.654s] -- Up-to-date: /home/ubuntu/SSLRasp/install/message_info/share/message_info/msg/RobotCommand.msg
[3.654s] -- Up-to-date: /home/ubuntu/SSLRasp/install/message_info/share/message_info/msg/RobotCommands.msg
[3.655s] -- Up-to-date: /home/ubuntu/SSLRasp/install/message_info/share/message_info/msg/Test.msg
[3.656s] -- Up-to-date: /home/ubuntu/SSLRasp/install/message_info/share/message_info/msg/BallInfo.msg
[3.657s] -- Up-to-date: /home/ubuntu/SSLRasp/install/message_info/share/message_info/msg/GoalInfo.msg
[3.657s] -- Up-to-date: /home/ubuntu/SSLRasp/install/message_info/share/message_info/msg/Role.msg
[3.658s] -- Up-to-date: /home/ubuntu/SSLRasp/install/message_info/share/message_info/msg/Attacker.msg
[3.658s] -- Up-to-date: /home/ubuntu/SSLRasp/install/message_info/share/message_info/msg/Goalie.msg
[3.658s] -- Up-to-date: /home/ubuntu/SSLRasp/install/message_info/share/message_info/msg/Info.msg
[3.659s] -- Up-to-date: /home/ubuntu/SSLRasp/install/message_info/share/ament_index/resource_index/package_run_dependencies/message_info
[3.659s] -- Up-to-date: /home/ubuntu/SSLRasp/install/message_info/share/ament_index/resource_index/parent_prefix_path/message_info
[3.660s] -- Up-to-date: /home/ubuntu/SSLRasp/install/message_info/share/message_info/environment/ament_prefix_path.sh
[3.660s] -- Up-to-date: /home/ubuntu/SSLRasp/install/message_info/share/message_info/environment/ament_prefix_path.dsv
[3.661s] -- Up-to-date: /home/ubuntu/SSLRasp/install/message_info/share/message_info/environment/path.sh
[3.661s] -- Up-to-date: /home/ubuntu/SSLRasp/install/message_info/share/message_info/environment/path.dsv
[3.662s] -- Up-to-date: /home/ubuntu/SSLRasp/install/message_info/share/message_info/local_setup.bash
[3.662s] -- Up-to-date: /home/ubuntu/SSLRasp/install/message_info/share/message_info/local_setup.sh
[3.663s] -- Up-to-date: /home/ubuntu/SSLRasp/install/message_info/share/message_info/local_setup.zsh
[3.663s] -- Up-to-date: /home/ubuntu/SSLRasp/install/message_info/share/message_info/local_setup.dsv
[3.663s] -- Installing: /home/ubuntu/SSLRasp/install/message_info/share/message_info/package.dsv
[3.665s] -- Up-to-date: /home/ubuntu/SSLRasp/install/message_info/share/ament_index/resource_index/packages/message_info
[3.666s] -- Up-to-date: /home/ubuntu/SSLRasp/install/message_info/share/message_info/cmake/message_info__rosidl_generator_cExport.cmake
[3.666s] -- Up-to-date: /home/ubuntu/SSLRasp/install/message_info/share/message_info/cmake/message_info__rosidl_generator_cExport-noconfig.cmake
[3.667s] -- Up-to-date: /home/ubuntu/SSLRasp/install/message_info/share/message_info/cmake/message_info__rosidl_typesupport_introspection_cExport.cmake
[3.668s] -- Up-to-date: /home/ubuntu/SSLRasp/install/message_info/share/message_info/cmake/message_info__rosidl_typesupport_introspection_cExport-noconfig.cmake
[3.669s] -- Up-to-date: /home/ubuntu/SSLRasp/install/message_info/share/message_info/cmake/message_info__rosidl_typesupport_cExport.cmake
[3.670s] -- Up-to-date: /home/ubuntu/SSLRasp/install/message_info/share/message_info/cmake/message_info__rosidl_typesupport_cExport-noconfig.cmake
[3.671s] -- Up-to-date: /home/ubuntu/SSLRasp/install/message_info/share/message_info/cmake/message_info__rosidl_generator_cppExport.cmake
[3.672s] -- Up-to-date: /home/ubuntu/SSLRasp/install/message_info/share/message_info/cmake/message_info__rosidl_typesupport_introspection_cppExport.cmake
[3.672s] -- Up-to-date: /home/ubuntu/SSLRasp/install/message_info/share/message_info/cmake/message_info__rosidl_typesupport_introspection_cppExport-noconfig.cmake
[3.674s] -- Up-to-date: /home/ubuntu/SSLRasp/install/message_info/share/message_info/cmake/message_info__rosidl_typesupport_cppExport.cmake
[3.674s] -- Up-to-date: /home/ubuntu/SSLRasp/install/message_info/share/message_info/cmake/message_info__rosidl_typesupport_cppExport-noconfig.cmake
[3.675s] -- Up-to-date: /home/ubuntu/SSLRasp/install/message_info/share/message_info/cmake/rosidl_cmake-extras.cmake
[3.675s] -- Up-to-date: /home/ubuntu/SSLRasp/install/message_info/share/message_info/cmake/ament_cmake_export_dependencies-extras.cmake
[3.676s] -- Up-to-date: /home/ubuntu/SSLRasp/install/message_info/share/message_info/cmake/ament_cmake_export_libraries-extras.cmake
[3.676s] -- Up-to-date: /home/ubuntu/SSLRasp/install/message_info/share/message_info/cmake/ament_cmake_export_targets-extras.cmake
[3.677s] -- Up-to-date: /home/ubuntu/SSLRasp/install/message_info/share/message_info/cmake/ament_cmake_export_include_directories-extras.cmake
[3.677s] -- Up-to-date: /home/ubuntu/SSLRasp/install/message_info/share/message_info/cmake/rosidl_cmake_export_typesupport_libraries-extras.cmake
[3.678s] -- Up-to-date: /home/ubuntu/SSLRasp/install/message_info/share/message_info/cmake/rosidl_cmake_export_typesupport_targets-extras.cmake
[3.678s] -- Up-to-date: /home/ubuntu/SSLRasp/install/message_info/share/message_info/cmake/message_infoConfig.cmake
[3.679s] -- Up-to-date: /home/ubuntu/SSLRasp/install/message_info/share/message_info/cmake/message_infoConfig-version.cmake
[3.679s] -- Up-to-date: /home/ubuntu/SSLRasp/install/message_info/share/message_info/package.xml
[3.691s] Invoked command in '/home/ubuntu/SSLRasp/build/message_info' returned '0': CMAKE_PREFIX_PATH=${CMAKE_PREFIX_PATH}:/home/ubuntu/SSLRasp/install/rasp:/opt/ros/foxy /usr/bin/cmake --install /home/ubuntu/SSLRasp/build/message_info
