[  0%] Built target message_info__cpp
[ 12%] Built target message_info__rosidl_generator_c
[ 24%] Built target message_info__rosidl_typesupport_introspection_cpp
[ 36%] Built target message_info__rosidl_typesupport_fastrtps_cpp
[ 60%] Built target message_info__rosidl_typesupport_introspection_c
[ 60%] Built target message_info__rosidl_typesupport_cpp
[ 72%] Built target message_info__rosidl_typesupport_c
[ 84%] Built target message_info__rosidl_typesupport_fastrtps_c
[ 84%] Built target message_info
[ 85%] Built target message_info__py
[ 96%] Built target message_info__python
[ 97%] Built target message_info__rosidl_typesupport_c__pyext
[ 99%] Built target message_info__rosidl_typesupport_introspection_c__pyext
[100%] Built target message_info__rosidl_typesupport_fastrtps_c__pyext
-- Install configuration: ""
-- Up-to-date: /home/ubuntu/SSLRasp/install/message_info/share/ament_index/resource_index/rosidl_interfaces/message_info
-- Up-to-date: /home/ubuntu/SSLRasp/install/message_info/include/message_info
-- Up-to-date: /home/ubuntu/SSLRasp/install/message_info/include/message_info/msg
-- Up-to-date: /home/ubuntu/SSLRasp/install/message_info/include/message_info/msg/test.h
-- Up-to-date: /home/ubuntu/SSLRasp/install/message_info/include/message_info/msg/goal_info.h
-- Up-to-date: /home/ubuntu/SSLRasp/install/message_info/include/message_info/msg/detection_frame.h
-- Up-to-date: /home/ubuntu/SSLRasp/install/message_info/include/message_info/msg/attacker.h
-- Up-to-date: /home/ubuntu/SSLRasp/install/message_info/include/message_info/msg/info.h
-- Up-to-date: /home/ubuntu/SSLRasp/install/message_info/include/message_info/msg/vision_detections.h
-- Up-to-date: /home/ubuntu/SSLRasp/install/message_info/include/message_info/msg/detail
-- Up-to-date: /home/ubuntu/SSLRasp/install/message_info/include/message_info/msg/detail/detection_ball__type_support.h
-- Up-to-date: /home/ubuntu/SSLRasp/install/message_info/include/message_info/msg/detail/test__functions.c
-- Up-to-date: /home/ubuntu/SSLRasp/install/message_info/include/message_info/msg/detail/detection_frame__functions.c
-- Up-to-date: /home/ubuntu/SSLRasp/install/message_info/include/message_info/msg/detail/vision_geometry__struct.h
-- Up-to-date: /home/ubuntu/SSLRasp/install/message_info/include/message_info/msg/detail/detection_robot__functions.h
-- Up-to-date: /home/ubuntu/SSLRasp/install/message_info/include/message_info/msg/detail/test__type_support.h
-- Up-to-date: /home/ubuntu/SSLRasp/install/message_info/include/message_info/msg/detail/robot_commands__struct.h
-- Up-to-date: /home/ubuntu/SSLRasp/install/message_info/include/message_info/msg/detail/goalie__functions.h
-- Up-to-date: /home/ubuntu/SSLRasp/install/message_info/include/message_info/msg/detail/ball_info__functions.c
-- Up-to-date: /home/ubuntu/SSLRasp/install/message_info/include/message_info/msg/detail/goalie__type_support.h
-- Up-to-date: /home/ubuntu/SSLRasp/install/message_info/include/message_info/msg/detail/field_line_segment__functions.h
-- Up-to-date: /home/ubuntu/SSLRasp/install/message_info/include/message_info/msg/detail/robot_command__type_support.h
-- Up-to-date: /home/ubuntu/SSLRasp/install/message_info/include/message_info/msg/detail/field_circular_arc__functions.c
-- Up-to-date: /home/ubuntu/SSLRasp/install/message_info/include/message_info/msg/detail/referee__type_support.h
-- Up-to-date: /home/ubuntu/SSLRasp/install/message_info/include/message_info/msg/detail/attacker__functions.h
-- Up-to-date: /home/ubuntu/SSLRasp/install/message_info/include/message_info/msg/detail/attacker__type_support.h
-- Up-to-date: /home/ubuntu/SSLRasp/install/message_info/include/message_info/msg/detail/role__functions.c
-- Up-to-date: /home/ubuntu/SSLRasp/install/message_info/include/message_info/msg/detail/field_line_segment__struct.h
-- Up-to-date: /home/ubuntu/SSLRasp/install/message_info/include/message_info/msg/detail/robot_commands__functions.h
-- Up-to-date: /home/ubuntu/SSLRasp/install/message_info/include/message_info/msg/detail/goalie__functions.c
-- Up-to-date: /home/ubuntu/SSLRasp/install/message_info/include/message_info/msg/detail/vision_geometry__functions.h
-- Up-to-date: /home/ubuntu/SSLRasp/install/message_info/include/message_info/msg/detail/goal_info__functions.c
-- Up-to-date: /home/ubuntu/SSLRasp/install/message_info/include/message_info/msg/detail/field_line_segment__type_support.h
-- Up-to-date: /home/ubuntu/SSLRasp/install/message_info/include/message_info/msg/detail/referee_game_event__functions.h
-- Up-to-date: /home/ubuntu/SSLRasp/install/message_info/include/message_info/msg/detail/vision_detections__struct.h
-- Up-to-date: /home/ubuntu/SSLRasp/install/message_info/include/message_info/msg/detail/detection_robot__functions.c
-- Up-to-date: /home/ubuntu/SSLRasp/install/message_info/include/message_info/msg/detail/goal_info__functions.h
-- Up-to-date: /home/ubuntu/SSLRasp/install/message_info/include/message_info/msg/detail/robot_commands__type_support.h
-- Up-to-date: /home/ubuntu/SSLRasp/install/message_info/include/message_info/msg/detail/goal_info__type_support.h
-- Up-to-date: /home/ubuntu/SSLRasp/install/message_info/include/message_info/msg/detail/test__struct.h
-- Up-to-date: /home/ubuntu/SSLRasp/install/message_info/include/message_info/msg/detail/vision_detections__functions.h
-- Up-to-date: /home/ubuntu/SSLRasp/install/message_info/include/message_info/msg/detail/field_circular_arc__functions.h
-- Up-to-date: /home/ubuntu/SSLRasp/install/message_info/include/message_info/msg/detail/field_circular_arc__struct.h
-- Up-to-date: /home/ubuntu/SSLRasp/install/message_info/include/message_info/msg/detail/ball_info__struct.h
-- Up-to-date: /home/ubuntu/SSLRasp/install/message_info/include/message_info/msg/detail/goalie__struct.h
-- Up-to-date: /home/ubuntu/SSLRasp/install/message_info/include/message_info/msg/detail/robot_command__struct.h
-- Up-to-date: /home/ubuntu/SSLRasp/install/message_info/include/message_info/msg/detail/role__type_support.h
-- Up-to-date: /home/ubuntu/SSLRasp/install/message_info/include/message_info/msg/detail/detection_robot__struct.h
-- Up-to-date: /home/ubuntu/SSLRasp/install/message_info/include/message_info/msg/detail/referee_team_info__functions.h
-- Up-to-date: /home/ubuntu/SSLRasp/install/message_info/include/message_info/msg/detail/info__struct.h
-- Up-to-date: /home/ubuntu/SSLRasp/install/message_info/include/message_info/msg/detail/robot_commands__functions.c
-- Up-to-date: /home/ubuntu/SSLRasp/install/message_info/include/message_info/msg/detail/referee_team_info__struct.h
-- Up-to-date: /home/ubuntu/SSLRasp/install/message_info/include/message_info/msg/detail/robot_command__functions.h
-- Up-to-date: /home/ubuntu/SSLRasp/install/message_info/include/message_info/msg/detail/detection_frame__type_support.h
-- Up-to-date: /home/ubuntu/SSLRasp/install/message_info/include/message_info/msg/detail/detection_frame__struct.h
-- Up-to-date: /home/ubuntu/SSLRasp/install/message_info/include/message_info/msg/detail/referee_team_info__functions.c
-- Up-to-date: /home/ubuntu/SSLRasp/install/message_info/include/message_info/msg/detail/vision_geometry__type_support.h
-- Up-to-date: /home/ubuntu/SSLRasp/install/message_info/include/message_info/msg/detail/vision_geometry__functions.c
-- Up-to-date: /home/ubuntu/SSLRasp/install/message_info/include/message_info/msg/detail/detection_robot__type_support.h
-- Up-to-date: /home/ubuntu/SSLRasp/install/message_info/include/message_info/msg/detail/role__functions.h
-- Up-to-date: /home/ubuntu/SSLRasp/install/message_info/include/message_info/msg/detail/ball_info__type_support.h
-- Up-to-date: /home/ubuntu/SSLRasp/install/message_info/include/message_info/msg/detail/referee_team_info__type_support.h
-- Up-to-date: /home/ubuntu/SSLRasp/install/message_info/include/message_info/msg/detail/detection_ball__functions.c
-- Up-to-date: /home/ubuntu/SSLRasp/install/message_info/include/message_info/msg/detail/referee__functions.c
-- Up-to-date: /home/ubuntu/SSLRasp/install/message_info/include/message_info/msg/detail/field_line_segment__functions.c
-- Up-to-date: /home/ubuntu/SSLRasp/install/message_info/include/message_info/msg/detail/referee_game_event__type_support.h
-- Up-to-date: /home/ubuntu/SSLRasp/install/message_info/include/message_info/msg/detail/robot_command__functions.c
-- Up-to-date: /home/ubuntu/SSLRasp/install/message_info/include/message_info/msg/detail/detection_ball__struct.h
-- Up-to-date: /home/ubuntu/SSLRasp/install/message_info/include/message_info/msg/detail/role__struct.h
-- Up-to-date: /home/ubuntu/SSLRasp/install/message_info/include/message_info/msg/detail/detection_ball__functions.h
-- Up-to-date: /home/ubuntu/SSLRasp/install/message_info/include/message_info/msg/detail/test__functions.h
-- Up-to-date: /home/ubuntu/SSLRasp/install/message_info/include/message_info/msg/detail/referee_game_event__functions.c
-- Up-to-date: /home/ubuntu/SSLRasp/install/message_info/include/message_info/msg/detail/vision_detections__functions.c
-- Up-to-date: /home/ubuntu/SSLRasp/install/message_info/include/message_info/msg/detail/info__functions.h
-- Up-to-date: /home/ubuntu/SSLRasp/install/message_info/include/message_info/msg/detail/attacker__struct.h
-- Up-to-date: /home/ubuntu/SSLRasp/install/message_info/include/message_info/msg/detail/vision_detections__type_support.h
-- Up-to-date: /home/ubuntu/SSLRasp/install/message_info/include/message_info/msg/detail/referee__functions.h
-- Up-to-date: /home/ubuntu/SSLRasp/install/message_info/include/message_info/msg/detail/referee_game_event__struct.h
-- Up-to-date: /home/ubuntu/SSLRasp/install/message_info/include/message_info/msg/detail/referee__struct.h
-- Up-to-date: /home/ubuntu/SSLRasp/install/message_info/include/message_info/msg/detail/ball_info__functions.h
-- Up-to-date: /home/ubuntu/SSLRasp/install/message_info/include/message_info/msg/detail/attacker__functions.c
-- Up-to-date: /home/ubuntu/SSLRasp/install/message_info/include/message_info/msg/detail/goal_info__struct.h
-- Up-to-date: /home/ubuntu/SSLRasp/install/message_info/include/message_info/msg/detail/field_circular_arc__type_support.h
-- Up-to-date: /home/ubuntu/SSLRasp/install/message_info/include/message_info/msg/detail/info__type_support.h
-- Up-to-date: /home/ubuntu/SSLRasp/install/message_info/include/message_info/msg/detail/info__functions.c
-- Up-to-date: /home/ubuntu/SSLRasp/install/message_info/include/message_info/msg/detail/detection_frame__functions.h
-- Up-to-date: /home/ubuntu/SSLRasp/install/message_info/include/message_info/msg/rosidl_generator_c__visibility_control.h
-- Up-to-date: /home/ubuntu/SSLRasp/install/message_info/include/message_info/msg/field_circular_arc.h
-- Up-to-date: /home/ubuntu/SSLRasp/install/message_info/include/message_info/msg/role.h
-- Up-to-date: /home/ubuntu/SSLRasp/install/message_info/include/message_info/msg/field_line_segment.h
-- Up-to-date: /home/ubuntu/SSLRasp/install/message_info/include/message_info/msg/referee_team_info.h
-- Up-to-date: /home/ubuntu/SSLRasp/install/message_info/include/message_info/msg/goalie.h
-- Up-to-date: /home/ubuntu/SSLRasp/install/message_info/include/message_info/msg/referee.h
-- Up-to-date: /home/ubuntu/SSLRasp/install/message_info/include/message_info/msg/ball_info.h
-- Up-to-date: /home/ubuntu/SSLRasp/install/message_info/include/message_info/msg/robot_commands.h
-- Up-to-date: /home/ubuntu/SSLRasp/install/message_info/include/message_info/msg/robot_command.h
-- Up-to-date: /home/ubuntu/SSLRasp/install/message_info/include/message_info/msg/detection_ball.h
-- Up-to-date: /home/ubuntu/SSLRasp/install/message_info/include/message_info/msg/detection_robot.h
-- Up-to-date: /home/ubuntu/SSLRasp/install/message_info/include/message_info/msg/referee_game_event.h
-- Up-to-date: /home/ubuntu/SSLRasp/install/message_info/include/message_info/msg/vision_geometry.h
-- Up-to-date: /home/ubuntu/SSLRasp/install/message_info/share/message_info/environment/library_path.sh
-- Up-to-date: /home/ubuntu/SSLRasp/install/message_info/share/message_info/environment/library_path.dsv
-- Up-to-date: /home/ubuntu/SSLRasp/install/message_info/lib/libmessage_info__rosidl_generator_c.so
-- Up-to-date: /home/ubuntu/SSLRasp/install/message_info/include/message_info
-- Up-to-date: /home/ubuntu/SSLRasp/install/message_info/include/message_info/msg
-- Up-to-date: /home/ubuntu/SSLRasp/install/message_info/include/message_info/msg/detail
-- Up-to-date: /home/ubuntu/SSLRasp/install/message_info/include/message_info/msg/detail/referee_game_event__rosidl_typesupport_fastrtps_c.h
-- Up-to-date: /home/ubuntu/SSLRasp/install/message_info/include/message_info/msg/detail/vision_geometry__rosidl_typesupport_fastrtps_c.h
-- Up-to-date: /home/ubuntu/SSLRasp/install/message_info/include/message_info/msg/detail/attacker__rosidl_typesupport_fastrtps_c.h
-- Up-to-date: /home/ubuntu/SSLRasp/install/message_info/include/message_info/msg/detail/vision_detections__rosidl_typesupport_fastrtps_c.h
-- Up-to-date: /home/ubuntu/SSLRasp/install/message_info/include/message_info/msg/detail/detection_robot__rosidl_typesupport_fastrtps_c.h
-- Up-to-date: /home/ubuntu/SSLRasp/install/message_info/include/message_info/msg/detail/field_line_segment__rosidl_typesupport_fastrtps_c.h
-- Up-to-date: /home/ubuntu/SSLRasp/install/message_info/include/message_info/msg/detail/robot_commands__rosidl_typesupport_fastrtps_c.h
-- Up-to-date: /home/ubuntu/SSLRasp/install/message_info/include/message_info/msg/detail/role__rosidl_typesupport_fastrtps_c.h
-- Up-to-date: /home/ubuntu/SSLRasp/install/message_info/include/message_info/msg/detail/detection_ball__rosidl_typesupport_fastrtps_c.h
-- Up-to-date: /home/ubuntu/SSLRasp/install/message_info/include/message_info/msg/detail/field_circular_arc__rosidl_typesupport_fastrtps_c.h
-- Up-to-date: /home/ubuntu/SSLRasp/install/message_info/include/message_info/msg/detail/goal_info__rosidl_typesupport_fastrtps_c.h
-- Up-to-date: /home/ubuntu/SSLRasp/install/message_info/include/message_info/msg/detail/referee__rosidl_typesupport_fastrtps_c.h
-- Up-to-date: /home/ubuntu/SSLRasp/install/message_info/include/message_info/msg/detail/goalie__rosidl_typesupport_fastrtps_c.h
-- Up-to-date: /home/ubuntu/SSLRasp/install/message_info/include/message_info/msg/detail/referee_team_info__rosidl_typesupport_fastrtps_c.h
-- Up-to-date: /home/ubuntu/SSLRasp/install/message_info/include/message_info/msg/detail/test__rosidl_typesupport_fastrtps_c.h
-- Up-to-date: /home/ubuntu/SSLRasp/install/message_info/include/message_info/msg/detail/robot_command__rosidl_typesupport_fastrtps_c.h
-- Up-to-date: /home/ubuntu/SSLRasp/install/message_info/include/message_info/msg/detail/detection_frame__rosidl_typesupport_fastrtps_c.h
-- Up-to-date: /home/ubuntu/SSLRasp/install/message_info/include/message_info/msg/detail/ball_info__rosidl_typesupport_fastrtps_c.h
-- Up-to-date: /home/ubuntu/SSLRasp/install/message_info/include/message_info/msg/detail/info__rosidl_typesupport_fastrtps_c.h
-- Up-to-date: /home/ubuntu/SSLRasp/install/message_info/include/message_info/msg/rosidl_typesupport_fastrtps_c__visibility_control.h
-- Up-to-date: /home/ubuntu/SSLRasp/install/message_info/lib/libmessage_info__rosidl_typesupport_fastrtps_c.so
-- Up-to-date: /home/ubuntu/SSLRasp/install/message_info/include/message_info
-- Up-to-date: /home/ubuntu/SSLRasp/install/message_info/include/message_info/msg
-- Up-to-date: /home/ubuntu/SSLRasp/install/message_info/include/message_info/msg/detail
-- Up-to-date: /home/ubuntu/SSLRasp/install/message_info/include/message_info/msg/detail/field_line_segment__rosidl_typesupport_fastrtps_cpp.hpp
-- Up-to-date: /home/ubuntu/SSLRasp/install/message_info/include/message_info/msg/detail/ball_info__rosidl_typesupport_fastrtps_cpp.hpp
-- Up-to-date: /home/ubuntu/SSLRasp/install/message_info/include/message_info/msg/detail/detection_frame__rosidl_typesupport_fastrtps_cpp.hpp
-- Up-to-date: /home/ubuntu/SSLRasp/install/message_info/include/message_info/msg/detail/vision_geometry__rosidl_typesupport_fastrtps_cpp.hpp
-- Up-to-date: /home/ubuntu/SSLRasp/install/message_info/include/message_info/msg/detail/robot_command__rosidl_typesupport_fastrtps_cpp.hpp
-- Up-to-date: /home/ubuntu/SSLRasp/install/message_info/include/message_info/msg/detail/role__rosidl_typesupport_fastrtps_cpp.hpp
-- Up-to-date: /home/ubuntu/SSLRasp/install/message_info/include/message_info/msg/detail/detection_ball__rosidl_typesupport_fastrtps_cpp.hpp
-- Up-to-date: /home/ubuntu/SSLRasp/install/message_info/include/message_info/msg/detail/referee__rosidl_typesupport_fastrtps_cpp.hpp
-- Up-to-date: /home/ubuntu/SSLRasp/install/message_info/include/message_info/msg/detail/info__rosidl_typesupport_fastrtps_cpp.hpp
-- Up-to-date: /home/ubuntu/SSLRasp/install/message_info/include/message_info/msg/detail/detection_robot__rosidl_typesupport_fastrtps_cpp.hpp
-- Up-to-date: /home/ubuntu/SSLRasp/install/message_info/include/message_info/msg/detail/referee_team_info__rosidl_typesupport_fastrtps_cpp.hpp
-- Up-to-date: /home/ubuntu/SSLRasp/install/message_info/include/message_info/msg/detail/dds_fastrtps
-- Up-to-date: /home/ubuntu/SSLRasp/install/message_info/include/message_info/msg/detail/vision_detections__rosidl_typesupport_fastrtps_cpp.hpp
-- Up-to-date: /home/ubuntu/SSLRasp/install/message_info/include/message_info/msg/detail/goalie__rosidl_typesupport_fastrtps_cpp.hpp
-- Up-to-date: /home/ubuntu/SSLRasp/install/message_info/include/message_info/msg/detail/attacker__rosidl_typesupport_fastrtps_cpp.hpp
-- Up-to-date: /home/ubuntu/SSLRasp/install/message_info/include/message_info/msg/detail/referee_game_event__rosidl_typesupport_fastrtps_cpp.hpp
-- Up-to-date: /home/ubuntu/SSLRasp/install/message_info/include/message_info/msg/detail/test__rosidl_typesupport_fastrtps_cpp.hpp
-- Up-to-date: /home/ubuntu/SSLRasp/install/message_info/include/message_info/msg/detail/goal_info__rosidl_typesupport_fastrtps_cpp.hpp
-- Up-to-date: /home/ubuntu/SSLRasp/install/message_info/include/message_info/msg/detail/robot_commands__rosidl_typesupport_fastrtps_cpp.hpp
-- Up-to-date: /home/ubuntu/SSLRasp/install/message_info/include/message_info/msg/detail/field_circular_arc__rosidl_typesupport_fastrtps_cpp.hpp
-- Up-to-date: /home/ubuntu/SSLRasp/install/message_info/include/message_info/msg/rosidl_typesupport_fastrtps_cpp__visibility_control.h
-- Up-to-date: /home/ubuntu/SSLRasp/install/message_info/lib/libmessage_info__rosidl_typesupport_fastrtps_cpp.so
-- Up-to-date: /home/ubuntu/SSLRasp/install/message_info/include/message_info
-- Up-to-date: /home/ubuntu/SSLRasp/install/message_info/include/message_info/msg
-- Up-to-date: /home/ubuntu/SSLRasp/install/message_info/include/message_info/msg/detail
-- Up-to-date: /home/ubuntu/SSLRasp/install/message_info/include/message_info/msg/detail/goal_info__rosidl_typesupport_introspection_c.h
-- Up-to-date: /home/ubuntu/SSLRasp/install/message_info/include/message_info/msg/detail/goalie__type_support.c
-- Up-to-date: /home/ubuntu/SSLRasp/install/message_info/include/message_info/msg/detail/info__rosidl_typesupport_introspection_c.h
-- Up-to-date: /home/ubuntu/SSLRasp/install/message_info/include/message_info/msg/detail/vision_geometry__type_support.c
-- Up-to-date: /home/ubuntu/SSLRasp/install/message_info/include/message_info/msg/detail/detection_ball__type_support.c
-- Up-to-date: /home/ubuntu/SSLRasp/install/message_info/include/message_info/msg/detail/detection_frame__rosidl_typesupport_introspection_c.h
-- Up-to-date: /home/ubuntu/SSLRasp/install/message_info/include/message_info/msg/detail/test__type_support.c
-- Up-to-date: /home/ubuntu/SSLRasp/install/message_info/include/message_info/msg/detail/test__rosidl_typesupport_introspection_c.h
-- Up-to-date: /home/ubuntu/SSLRasp/install/message_info/include/message_info/msg/detail/robot_command__rosidl_typesupport_introspection_c.h
-- Up-to-date: /home/ubuntu/SSLRasp/install/message_info/include/message_info/msg/detail/ball_info__type_support.c
-- Up-to-date: /home/ubuntu/SSLRasp/install/message_info/include/message_info/msg/detail/robot_commands__type_support.c
-- Up-to-date: /home/ubuntu/SSLRasp/install/message_info/include/message_info/msg/detail/role__rosidl_typesupport_introspection_c.h
-- Up-to-date: /home/ubuntu/SSLRasp/install/message_info/include/message_info/msg/detail/robot_command__type_support.c
-- Up-to-date: /home/ubuntu/SSLRasp/install/message_info/include/message_info/msg/detail/field_circular_arc__type_support.c
-- Up-to-date: /home/ubuntu/SSLRasp/install/message_info/include/message_info/msg/detail/referee__type_support.c
-- Up-to-date: /home/ubuntu/SSLRasp/install/message_info/include/message_info/msg/detail/detection_frame__type_support.c
-- Up-to-date: /home/ubuntu/SSLRasp/install/message_info/include/message_info/msg/detail/robot_commands__rosidl_typesupport_introspection_c.h
-- Up-to-date: /home/ubuntu/SSLRasp/install/message_info/include/message_info/msg/detail/referee_game_event__type_support.c
-- Up-to-date: /home/ubuntu/SSLRasp/install/message_info/include/message_info/msg/detail/field_line_segment__rosidl_typesupport_introspection_c.h
-- Up-to-date: /home/ubuntu/SSLRasp/install/message_info/include/message_info/msg/detail/referee_team_info__rosidl_typesupport_introspection_c.h
-- Up-to-date: /home/ubuntu/SSLRasp/install/message_info/include/message_info/msg/detail/attacker__type_support.c
-- Up-to-date: /home/ubuntu/SSLRasp/install/message_info/include/message_info/msg/detail/field_line_segment__type_support.c
-- Up-to-date: /home/ubuntu/SSLRasp/install/message_info/include/message_info/msg/detail/vision_detections__rosidl_typesupport_introspection_c.h
-- Up-to-date: /home/ubuntu/SSLRasp/install/message_info/include/message_info/msg/detail/detection_robot__rosidl_typesupport_introspection_c.h
-- Up-to-date: /home/ubuntu/SSLRasp/install/message_info/include/message_info/msg/detail/role__type_support.c
-- Up-to-date: /home/ubuntu/SSLRasp/install/message_info/include/message_info/msg/detail/info__type_support.c
-- Up-to-date: /home/ubuntu/SSLRasp/install/message_info/include/message_info/msg/detail/referee_game_event__rosidl_typesupport_introspection_c.h
-- Up-to-date: /home/ubuntu/SSLRasp/install/message_info/include/message_info/msg/detail/ball_info__rosidl_typesupport_introspection_c.h
-- Up-to-date: /home/ubuntu/SSLRasp/install/message_info/include/message_info/msg/detail/detection_robot__type_support.c
-- Up-to-date: /home/ubuntu/SSLRasp/install/message_info/include/message_info/msg/detail/referee__rosidl_typesupport_introspection_c.h
-- Up-to-date: /home/ubuntu/SSLRasp/install/message_info/include/message_info/msg/detail/goalie__rosidl_typesupport_introspection_c.h
-- Up-to-date: /home/ubuntu/SSLRasp/install/message_info/include/message_info/msg/detail/field_circular_arc__rosidl_typesupport_introspection_c.h
-- Up-to-date: /home/ubuntu/SSLRasp/install/message_info/include/message_info/msg/detail/detection_ball__rosidl_typesupport_introspection_c.h
-- Up-to-date: /home/ubuntu/SSLRasp/install/message_info/include/message_info/msg/detail/goal_info__type_support.c
-- Up-to-date: /home/ubuntu/SSLRasp/install/message_info/include/message_info/msg/detail/vision_geometry__rosidl_typesupport_introspection_c.h
-- Up-to-date: /home/ubuntu/SSLRasp/install/message_info/include/message_info/msg/detail/referee_team_info__type_support.c
-- Up-to-date: /home/ubuntu/SSLRasp/install/message_info/include/message_info/msg/detail/attacker__rosidl_typesupport_introspection_c.h
-- Up-to-date: /home/ubuntu/SSLRasp/install/message_info/include/message_info/msg/detail/vision_detections__type_support.c
-- Up-to-date: /home/ubuntu/SSLRasp/install/message_info/include/message_info/msg/rosidl_typesupport_introspection_c__visibility_control.h
-- Up-to-date: /home/ubuntu/SSLRasp/install/message_info/lib/libmessage_info__rosidl_typesupport_introspection_c.so
-- Up-to-date: /home/ubuntu/SSLRasp/install/message_info/lib/libmessage_info__rosidl_typesupport_c.so
-- Up-to-date: /home/ubuntu/SSLRasp/install/message_info/include/message_info
-- Up-to-date: /home/ubuntu/SSLRasp/install/message_info/include/message_info/msg
-- Up-to-date: /home/ubuntu/SSLRasp/install/message_info/include/message_info/msg/ball_info.hpp
-- Up-to-date: /home/ubuntu/SSLRasp/install/message_info/include/message_info/msg/referee.hpp
-- Up-to-date: /home/ubuntu/SSLRasp/install/message_info/include/message_info/msg/goal_info.hpp
-- Up-to-date: /home/ubuntu/SSLRasp/install/message_info/include/message_info/msg/detection_robot.hpp
-- Up-to-date: /home/ubuntu/SSLRasp/install/message_info/include/message_info/msg/vision_geometry.hpp
-- Up-to-date: /home/ubuntu/SSLRasp/install/message_info/include/message_info/msg/field_line_segment.hpp
-- Up-to-date: /home/ubuntu/SSLRasp/install/message_info/include/message_info/msg/detail
-- Up-to-date: /home/ubuntu/SSLRasp/install/message_info/include/message_info/msg/detail/referee_game_event__builder.hpp
-- Up-to-date: /home/ubuntu/SSLRasp/install/message_info/include/message_info/msg/detail/vision_detections__traits.hpp
-- Up-to-date: /home/ubuntu/SSLRasp/install/message_info/include/message_info/msg/detail/ball_info__struct.hpp
-- Up-to-date: /home/ubuntu/SSLRasp/install/message_info/include/message_info/msg/detail/field_line_segment__struct.hpp
-- Up-to-date: /home/ubuntu/SSLRasp/install/message_info/include/message_info/msg/detail/goalie__traits.hpp
-- Up-to-date: /home/ubuntu/SSLRasp/install/message_info/include/message_info/msg/detail/referee_team_info__builder.hpp
-- Up-to-date: /home/ubuntu/SSLRasp/install/message_info/include/message_info/msg/detail/goal_info__traits.hpp
-- Up-to-date: /home/ubuntu/SSLRasp/install/message_info/include/message_info/msg/detail/info__traits.hpp
-- Up-to-date: /home/ubuntu/SSLRasp/install/message_info/include/message_info/msg/detail/vision_geometry__builder.hpp
-- Up-to-date: /home/ubuntu/SSLRasp/install/message_info/include/message_info/msg/detail/goalie__struct.hpp
-- Up-to-date: /home/ubuntu/SSLRasp/install/message_info/include/message_info/msg/detail/detection_ball__struct.hpp
-- Up-to-date: /home/ubuntu/SSLRasp/install/message_info/include/message_info/msg/detail/goalie__builder.hpp
-- Up-to-date: /home/ubuntu/SSLRasp/install/message_info/include/message_info/msg/detail/goal_info__builder.hpp
-- Up-to-date: /home/ubuntu/SSLRasp/install/message_info/include/message_info/msg/detail/detection_robot__builder.hpp
-- Up-to-date: /home/ubuntu/SSLRasp/install/message_info/include/message_info/msg/detail/vision_geometry__struct.hpp
-- Up-to-date: /home/ubuntu/SSLRasp/install/message_info/include/message_info/msg/detail/referee__struct.hpp
-- Up-to-date: /home/ubuntu/SSLRasp/install/message_info/include/message_info/msg/detail/robot_commands__traits.hpp
-- Up-to-date: /home/ubuntu/SSLRasp/install/message_info/include/message_info/msg/detail/role__builder.hpp
-- Up-to-date: /home/ubuntu/SSLRasp/install/message_info/include/message_info/msg/detail/referee_game_event__traits.hpp
-- Up-to-date: /home/ubuntu/SSLRasp/install/message_info/include/message_info/msg/detail/test__traits.hpp
-- Up-to-date: /home/ubuntu/SSLRasp/install/message_info/include/message_info/msg/detail/attacker__traits.hpp
-- Up-to-date: /home/ubuntu/SSLRasp/install/message_info/include/message_info/msg/detail/field_circular_arc__traits.hpp
-- Up-to-date: /home/ubuntu/SSLRasp/install/message_info/include/message_info/msg/detail/ball_info__builder.hpp
-- Up-to-date: /home/ubuntu/SSLRasp/install/message_info/include/message_info/msg/detail/vision_detections__struct.hpp
-- Up-to-date: /home/ubuntu/SSLRasp/install/message_info/include/message_info/msg/detail/referee__builder.hpp
-- Up-to-date: /home/ubuntu/SSLRasp/install/message_info/include/message_info/msg/detail/test__struct.hpp
-- Up-to-date: /home/ubuntu/SSLRasp/install/message_info/include/message_info/msg/detail/attacker__builder.hpp
-- Up-to-date: /home/ubuntu/SSLRasp/install/message_info/include/message_info/msg/detail/detection_frame__builder.hpp
-- Up-to-date: /home/ubuntu/SSLRasp/install/message_info/include/message_info/msg/detail/detection_frame__struct.hpp
-- Up-to-date: /home/ubuntu/SSLRasp/install/message_info/include/message_info/msg/detail/field_line_segment__builder.hpp
-- Up-to-date: /home/ubuntu/SSLRasp/install/message_info/include/message_info/msg/detail/robot_command__builder.hpp
-- Up-to-date: /home/ubuntu/SSLRasp/install/message_info/include/message_info/msg/detail/goal_info__struct.hpp
-- Up-to-date: /home/ubuntu/SSLRasp/install/message_info/include/message_info/msg/detail/test__builder.hpp
-- Up-to-date: /home/ubuntu/SSLRasp/install/message_info/include/message_info/msg/detail/referee_team_info__traits.hpp
-- Up-to-date: /home/ubuntu/SSLRasp/install/message_info/include/message_info/msg/detail/role__struct.hpp
-- Up-to-date: /home/ubuntu/SSLRasp/install/message_info/include/message_info/msg/detail/robot_commands__builder.hpp
-- Up-to-date: /home/ubuntu/SSLRasp/install/message_info/include/message_info/msg/detail/field_circular_arc__builder.hpp
-- Up-to-date: /home/ubuntu/SSLRasp/install/message_info/include/message_info/msg/detail/referee__traits.hpp
-- Up-to-date: /home/ubuntu/SSLRasp/install/message_info/include/message_info/msg/detail/vision_geometry__traits.hpp
-- Up-to-date: /home/ubuntu/SSLRasp/install/message_info/include/message_info/msg/detail/detection_robot__struct.hpp
-- Up-to-date: /home/ubuntu/SSLRasp/install/message_info/include/message_info/msg/detail/attacker__struct.hpp
-- Up-to-date: /home/ubuntu/SSLRasp/install/message_info/include/message_info/msg/detail/info__struct.hpp
-- Up-to-date: /home/ubuntu/SSLRasp/install/message_info/include/message_info/msg/detail/vision_detections__builder.hpp
-- Up-to-date: /home/ubuntu/SSLRasp/install/message_info/include/message_info/msg/detail/role__traits.hpp
-- Up-to-date: /home/ubuntu/SSLRasp/install/message_info/include/message_info/msg/detail/robot_commands__struct.hpp
-- Up-to-date: /home/ubuntu/SSLRasp/install/message_info/include/message_info/msg/detail/robot_command__struct.hpp
-- Up-to-date: /home/ubuntu/SSLRasp/install/message_info/include/message_info/msg/detail/field_circular_arc__struct.hpp
-- Up-to-date: /home/ubuntu/SSLRasp/install/message_info/include/message_info/msg/detail/referee_game_event__struct.hpp
-- Up-to-date: /home/ubuntu/SSLRasp/install/message_info/include/message_info/msg/detail/field_line_segment__traits.hpp
-- Up-to-date: /home/ubuntu/SSLRasp/install/message_info/include/message_info/msg/detail/referee_team_info__struct.hpp
-- Up-to-date: /home/ubuntu/SSLRasp/install/message_info/include/message_info/msg/detail/ball_info__traits.hpp
-- Up-to-date: /home/ubuntu/SSLRasp/install/message_info/include/message_info/msg/detail/detection_robot__traits.hpp
-- Up-to-date: /home/ubuntu/SSLRasp/install/message_info/include/message_info/msg/detail/robot_command__traits.hpp
-- Up-to-date: /home/ubuntu/SSLRasp/install/message_info/include/message_info/msg/detail/info__builder.hpp
-- Up-to-date: /home/ubuntu/SSLRasp/install/message_info/include/message_info/msg/detail/detection_ball__builder.hpp
-- Up-to-date: /home/ubuntu/SSLRasp/install/message_info/include/message_info/msg/detail/detection_frame__traits.hpp
-- Up-to-date: /home/ubuntu/SSLRasp/install/message_info/include/message_info/msg/detail/detection_ball__traits.hpp
-- Up-to-date: /home/ubuntu/SSLRasp/install/message_info/include/message_info/msg/detection_ball.hpp
-- Up-to-date: /home/ubuntu/SSLRasp/install/message_info/include/message_info/msg/detection_frame.hpp
-- Up-to-date: /home/ubuntu/SSLRasp/install/message_info/include/message_info/msg/attacker.hpp
-- Up-to-date: /home/ubuntu/SSLRasp/install/message_info/include/message_info/msg/robot_command.hpp
-- Up-to-date: /home/ubuntu/SSLRasp/install/message_info/include/message_info/msg/goalie.hpp
-- Up-to-date: /home/ubuntu/SSLRasp/install/message_info/include/message_info/msg/info.hpp
-- Up-to-date: /home/ubuntu/SSLRasp/install/message_info/include/message_info/msg/referee_game_event.hpp
-- Up-to-date: /home/ubuntu/SSLRasp/install/message_info/include/message_info/msg/test.hpp
-- Up-to-date: /home/ubuntu/SSLRasp/install/message_info/include/message_info/msg/robot_commands.hpp
-- Up-to-date: /home/ubuntu/SSLRasp/install/message_info/include/message_info/msg/role.hpp
-- Up-to-date: /home/ubuntu/SSLRasp/install/message_info/include/message_info/msg/referee_team_info.hpp
-- Up-to-date: /home/ubuntu/SSLRasp/install/message_info/include/message_info/msg/field_circular_arc.hpp
-- Up-to-date: /home/ubuntu/SSLRasp/install/message_info/include/message_info/msg/vision_detections.hpp
-- Up-to-date: /home/ubuntu/SSLRasp/install/message_info/include/message_info
-- Up-to-date: /home/ubuntu/SSLRasp/install/message_info/include/message_info/msg
-- Up-to-date: /home/ubuntu/SSLRasp/install/message_info/include/message_info/msg/detail
-- Up-to-date: /home/ubuntu/SSLRasp/install/message_info/include/message_info/msg/detail/goal_info__rosidl_typesupport_introspection_cpp.hpp
-- Up-to-date: /home/ubuntu/SSLRasp/install/message_info/include/message_info/msg/detail/referee_game_event__rosidl_typesupport_introspection_cpp.hpp
-- Up-to-date: /home/ubuntu/SSLRasp/install/message_info/include/message_info/msg/detail/referee_game_event__type_support.cpp
-- Up-to-date: /home/ubuntu/SSLRasp/install/message_info/include/message_info/msg/detail/robot_commands__type_support.cpp
-- Up-to-date: /home/ubuntu/SSLRasp/install/message_info/include/message_info/msg/detail/detection_frame__rosidl_typesupport_introspection_cpp.hpp
-- Up-to-date: /home/ubuntu/SSLRasp/install/message_info/include/message_info/msg/detail/detection_ball__rosidl_typesupport_introspection_cpp.hpp
-- Up-to-date: /home/ubuntu/SSLRasp/install/message_info/include/message_info/msg/detail/vision_geometry__rosidl_typesupport_introspection_cpp.hpp
-- Up-to-date: /home/ubuntu/SSLRasp/install/message_info/include/message_info/msg/detail/robot_commands__rosidl_typesupport_introspection_cpp.hpp
-- Up-to-date: /home/ubuntu/SSLRasp/install/message_info/include/message_info/msg/detail/detection_robot__rosidl_typesupport_introspection_cpp.hpp
-- Up-to-date: /home/ubuntu/SSLRasp/install/message_info/include/message_info/msg/detail/test__rosidl_typesupport_introspection_cpp.hpp
-- Up-to-date: /home/ubuntu/SSLRasp/install/message_info/include/message_info/msg/detail/ball_info__type_support.cpp
-- Up-to-date: /home/ubuntu/SSLRasp/install/message_info/include/message_info/msg/detail/detection_robot__type_support.cpp
-- Up-to-date: /home/ubuntu/SSLRasp/install/message_info/include/message_info/msg/detail/role__rosidl_typesupport_introspection_cpp.hpp
-- Up-to-date: /home/ubuntu/SSLRasp/install/message_info/include/message_info/msg/detail/goalie__rosidl_typesupport_introspection_cpp.hpp
-- Up-to-date: /home/ubuntu/SSLRasp/install/message_info/include/message_info/msg/detail/detection_ball__type_support.cpp
-- Up-to-date: /home/ubuntu/SSLRasp/install/message_info/include/message_info/msg/detail/field_circular_arc__type_support.cpp
-- Up-to-date: /home/ubuntu/SSLRasp/install/message_info/include/message_info/msg/detail/referee__type_support.cpp
-- Up-to-date: /home/ubuntu/SSLRasp/install/message_info/include/message_info/msg/detail/field_line_segment__rosidl_typesupport_introspection_cpp.hpp
-- Up-to-date: /home/ubuntu/SSLRasp/install/message_info/include/message_info/msg/detail/vision_detections__type_support.cpp
-- Up-to-date: /home/ubuntu/SSLRasp/install/message_info/include/message_info/msg/detail/attacker__type_support.cpp
-- Up-to-date: /home/ubuntu/SSLRasp/install/message_info/include/message_info/msg/detail/goal_info__type_support.cpp
-- Up-to-date: /home/ubuntu/SSLRasp/install/message_info/include/message_info/msg/detail/info__type_support.cpp
-- Up-to-date: /home/ubuntu/SSLRasp/install/message_info/include/message_info/msg/detail/field_circular_arc__rosidl_typesupport_introspection_cpp.hpp
-- Up-to-date: /home/ubuntu/SSLRasp/install/message_info/include/message_info/msg/detail/ball_info__rosidl_typesupport_introspection_cpp.hpp
-- Up-to-date: /home/ubuntu/SSLRasp/install/message_info/include/message_info/msg/detail/robot_command__type_support.cpp
-- Up-to-date: /home/ubuntu/SSLRasp/install/message_info/include/message_info/msg/detail/referee__rosidl_typesupport_introspection_cpp.hpp
-- Up-to-date: /home/ubuntu/SSLRasp/install/message_info/include/message_info/msg/detail/vision_geometry__type_support.cpp
-- Up-to-date: /home/ubuntu/SSLRasp/install/message_info/include/message_info/msg/detail/referee_team_info__type_support.cpp
-- Up-to-date: /home/ubuntu/SSLRasp/install/message_info/include/message_info/msg/detail/goalie__type_support.cpp
-- Up-to-date: /home/ubuntu/SSLRasp/install/message_info/include/message_info/msg/detail/field_line_segment__type_support.cpp
-- Up-to-date: /home/ubuntu/SSLRasp/install/message_info/include/message_info/msg/detail/detection_frame__type_support.cpp
-- Up-to-date: /home/ubuntu/SSLRasp/install/message_info/include/message_info/msg/detail/info__rosidl_typesupport_introspection_cpp.hpp
-- Up-to-date: /home/ubuntu/SSLRasp/install/message_info/include/message_info/msg/detail/attacker__rosidl_typesupport_introspection_cpp.hpp
-- Up-to-date: /home/ubuntu/SSLRasp/install/message_info/include/message_info/msg/detail/role__type_support.cpp
-- Up-to-date: /home/ubuntu/SSLRasp/install/message_info/include/message_info/msg/detail/test__type_support.cpp
-- Up-to-date: /home/ubuntu/SSLRasp/install/message_info/include/message_info/msg/detail/referee_team_info__rosidl_typesupport_introspection_cpp.hpp
-- Up-to-date: /home/ubuntu/SSLRasp/install/message_info/include/message_info/msg/detail/robot_command__rosidl_typesupport_introspection_cpp.hpp
-- Up-to-date: /home/ubuntu/SSLRasp/install/message_info/include/message_info/msg/detail/vision_detections__rosidl_typesupport_introspection_cpp.hpp
-- Up-to-date: /home/ubuntu/SSLRasp/install/message_info/lib/libmessage_info__rosidl_typesupport_introspection_cpp.so
-- Up-to-date: /home/ubuntu/SSLRasp/install/message_info/lib/libmessage_info__rosidl_typesupport_cpp.so
-- Up-to-date: /home/ubuntu/SSLRasp/install/message_info/share/message_info/environment/pythonpath.sh
-- Up-to-date: /home/ubuntu/SSLRasp/install/message_info/share/message_info/environment/pythonpath.dsv
-- Up-to-date: /home/ubuntu/SSLRasp/install/message_info/lib/python3.8/site-packages/message_info/__init__.py
-- Up-to-date: /home/ubuntu/SSLRasp/install/message_info/lib/python3.8/site-packages/message_info/msg
-- Up-to-date: /home/ubuntu/SSLRasp/install/message_info/lib/python3.8/site-packages/message_info/msg/_referee.py
-- Up-to-date: /home/ubuntu/SSLRasp/install/message_info/lib/python3.8/site-packages/message_info/msg/_referee_game_event_s.c
-- Up-to-date: /home/ubuntu/SSLRasp/install/message_info/lib/python3.8/site-packages/message_info/msg/__init__.py
-- Up-to-date: /home/ubuntu/SSLRasp/install/message_info/lib/python3.8/site-packages/message_info/msg/_vision_geometry.py
-- Up-to-date: /home/ubuntu/SSLRasp/install/message_info/lib/python3.8/site-packages/message_info/msg/_vision_geometry_s.c
-- Up-to-date: /home/ubuntu/SSLRasp/install/message_info/lib/python3.8/site-packages/message_info/msg/_field_circular_arc_s.c
-- Up-to-date: /home/ubuntu/SSLRasp/install/message_info/lib/python3.8/site-packages/message_info/msg/_goalie.py
-- Up-to-date: /home/ubuntu/SSLRasp/install/message_info/lib/python3.8/site-packages/message_info/msg/_ball_info.py
-- Up-to-date: /home/ubuntu/SSLRasp/install/message_info/lib/python3.8/site-packages/message_info/msg/_robot_command.py
-- Up-to-date: /home/ubuntu/SSLRasp/install/message_info/lib/python3.8/site-packages/message_info/msg/_info.py
-- Up-to-date: /home/ubuntu/SSLRasp/install/message_info/lib/python3.8/site-packages/message_info/msg/_detection_frame_s.c
-- Up-to-date: /home/ubuntu/SSLRasp/install/message_info/lib/python3.8/site-packages/message_info/msg/_goalie_s.c
-- Up-to-date: /home/ubuntu/SSLRasp/install/message_info/lib/python3.8/site-packages/message_info/msg/_field_line_segment.py
-- Up-to-date: /home/ubuntu/SSLRasp/install/message_info/lib/python3.8/site-packages/message_info/msg/_robot_command_s.c
-- Up-to-date: /home/ubuntu/SSLRasp/install/message_info/lib/python3.8/site-packages/message_info/msg/_detection_frame.py
-- Up-to-date: /home/ubuntu/SSLRasp/install/message_info/lib/python3.8/site-packages/message_info/msg/_robot_commands_s.c
-- Up-to-date: /home/ubuntu/SSLRasp/install/message_info/lib/python3.8/site-packages/message_info/msg/_robot_commands.py
-- Up-to-date: /home/ubuntu/SSLRasp/install/message_info/lib/python3.8/site-packages/message_info/msg/_attacker.py
-- Up-to-date: /home/ubuntu/SSLRasp/install/message_info/lib/python3.8/site-packages/message_info/msg/_referee_game_event.py
-- Up-to-date: /home/ubuntu/SSLRasp/install/message_info/lib/python3.8/site-packages/message_info/msg/_detection_ball.py
-- Up-to-date: /home/ubuntu/SSLRasp/install/message_info/lib/python3.8/site-packages/message_info/msg/_role_s.c
-- Up-to-date: /home/ubuntu/SSLRasp/install/message_info/lib/python3.8/site-packages/message_info/msg/_attacker_s.c
-- Up-to-date: /home/ubuntu/SSLRasp/install/message_info/lib/python3.8/site-packages/message_info/msg/_test.py
-- Up-to-date: /home/ubuntu/SSLRasp/install/message_info/lib/python3.8/site-packages/message_info/msg/_detection_robot.py
-- Up-to-date: /home/ubuntu/SSLRasp/install/message_info/lib/python3.8/site-packages/message_info/msg/_field_circular_arc.py
-- Up-to-date: /home/ubuntu/SSLRasp/install/message_info/lib/python3.8/site-packages/message_info/msg/_detection_robot_s.c
-- Up-to-date: /home/ubuntu/SSLRasp/install/message_info/lib/python3.8/site-packages/message_info/msg/_detection_ball_s.c
-- Up-to-date: /home/ubuntu/SSLRasp/install/message_info/lib/python3.8/site-packages/message_info/msg/_vision_detections_s.c
-- Up-to-date: /home/ubuntu/SSLRasp/install/message_info/lib/python3.8/site-packages/message_info/msg/_info_s.c
-- Up-to-date: /home/ubuntu/SSLRasp/install/message_info/lib/python3.8/site-packages/message_info/msg/_referee_team_info.py
-- Up-to-date: /home/ubuntu/SSLRasp/install/message_info/lib/python3.8/site-packages/message_info/msg/_field_line_segment_s.c
-- Up-to-date: /home/ubuntu/SSLRasp/install/message_info/lib/python3.8/site-packages/message_info/msg/_goal_info_s.c
-- Up-to-date: /home/ubuntu/SSLRasp/install/message_info/lib/python3.8/site-packages/message_info/msg/_ball_info_s.c
-- Up-to-date: /home/ubuntu/SSLRasp/install/message_info/lib/python3.8/site-packages/message_info/msg/_referee_team_info_s.c
-- Up-to-date: /home/ubuntu/SSLRasp/install/message_info/lib/python3.8/site-packages/message_info/msg/_vision_detections.py
-- Up-to-date: /home/ubuntu/SSLRasp/install/message_info/lib/python3.8/site-packages/message_info/msg/_goal_info.py
-- Up-to-date: /home/ubuntu/SSLRasp/install/message_info/lib/python3.8/site-packages/message_info/msg/_referee_s.c
-- Up-to-date: /home/ubuntu/SSLRasp/install/message_info/lib/python3.8/site-packages/message_info/msg/_role.py
-- Up-to-date: /home/ubuntu/SSLRasp/install/message_info/lib/python3.8/site-packages/message_info/msg/_test_s.c
-- Up-to-date: /home/ubuntu/SSLRasp/install/message_info/lib/python3.8/site-packages/message_info/message_info_s__rosidl_typesupport_fastrtps_c.cpython-38-aarch64-linux-gnu.so
-- Up-to-date: /home/ubuntu/SSLRasp/install/message_info/lib/python3.8/site-packages/message_info/message_info_s__rosidl_typesupport_introspection_c.cpython-38-aarch64-linux-gnu.so
-- Up-to-date: /home/ubuntu/SSLRasp/install/message_info/lib/python3.8/site-packages/message_info/message_info_s__rosidl_typesupport_c.cpython-38-aarch64-linux-gnu.so
-- Up-to-date: /home/ubuntu/SSLRasp/install/message_info/lib/libmessage_info__python.so
-- Up-to-date: /home/ubuntu/SSLRasp/install/message_info/share/message_info/msg/RefereeGameEvent.idl
-- Up-to-date: /home/ubuntu/SSLRasp/install/message_info/share/message_info/msg/RefereeTeamInfo.idl
-- Up-to-date: /home/ubuntu/SSLRasp/install/message_info/share/message_info/msg/Referee.idl
-- Up-to-date: /home/ubuntu/SSLRasp/install/message_info/share/message_info/msg/FieldCircularArc.idl
-- Up-to-date: /home/ubuntu/SSLRasp/install/message_info/share/message_info/msg/FieldLineSegment.idl
-- Up-to-date: /home/ubuntu/SSLRasp/install/message_info/share/message_info/msg/VisionGeometry.idl
-- Up-to-date: /home/ubuntu/SSLRasp/install/message_info/share/message_info/msg/DetectionBall.idl
-- Up-to-date: /home/ubuntu/SSLRasp/install/message_info/share/message_info/msg/DetectionRobot.idl
-- Up-to-date: /home/ubuntu/SSLRasp/install/message_info/share/message_info/msg/DetectionFrame.idl
-- Up-to-date: /home/ubuntu/SSLRasp/install/message_info/share/message_info/msg/VisionDetections.idl
-- Up-to-date: /home/ubuntu/SSLRasp/install/message_info/share/message_info/msg/RobotCommand.idl
-- Up-to-date: /home/ubuntu/SSLRasp/install/message_info/share/message_info/msg/RobotCommands.idl
-- Up-to-date: /home/ubuntu/SSLRasp/install/message_info/share/message_info/msg/Test.idl
-- Up-to-date: /home/ubuntu/SSLRasp/install/message_info/share/message_info/msg/BallInfo.idl
-- Up-to-date: /home/ubuntu/SSLRasp/install/message_info/share/message_info/msg/GoalInfo.idl
-- Up-to-date: /home/ubuntu/SSLRasp/install/message_info/share/message_info/msg/Role.idl
-- Up-to-date: /home/ubuntu/SSLRasp/install/message_info/share/message_info/msg/Attacker.idl
-- Up-to-date: /home/ubuntu/SSLRasp/install/message_info/share/message_info/msg/Goalie.idl
-- Up-to-date: /home/ubuntu/SSLRasp/install/message_info/share/message_info/msg/Info.idl
-- Up-to-date: /home/ubuntu/SSLRasp/install/message_info/share/message_info/msg/RefereeGameEvent.msg
-- Up-to-date: /home/ubuntu/SSLRasp/install/message_info/share/message_info/msg/RefereeTeamInfo.msg
-- Up-to-date: /home/ubuntu/SSLRasp/install/message_info/share/message_info/msg/Referee.msg
-- Up-to-date: /home/ubuntu/SSLRasp/install/message_info/share/message_info/msg/FieldCircularArc.msg
-- Up-to-date: /home/ubuntu/SSLRasp/install/message_info/share/message_info/msg/FieldLineSegment.msg
-- Up-to-date: /home/ubuntu/SSLRasp/install/message_info/share/message_info/msg/VisionGeometry.msg
-- Up-to-date: /home/ubuntu/SSLRasp/install/message_info/share/message_info/msg/DetectionBall.msg
-- Up-to-date: /home/ubuntu/SSLRasp/install/message_info/share/message_info/msg/DetectionRobot.msg
-- Up-to-date: /home/ubuntu/SSLRasp/install/message_info/share/message_info/msg/DetectionFrame.msg
-- Up-to-date: /home/ubuntu/SSLRasp/install/message_info/share/message_info/msg/VisionDetections.msg
-- Up-to-date: /home/ubuntu/SSLRasp/install/message_info/share/message_info/msg/RobotCommand.msg
-- Up-to-date: /home/ubuntu/SSLRasp/install/message_info/share/message_info/msg/RobotCommands.msg
-- Up-to-date: /home/ubuntu/SSLRasp/install/message_info/share/message_info/msg/Test.msg
-- Up-to-date: /home/ubuntu/SSLRasp/install/message_info/share/message_info/msg/BallInfo.msg
-- Up-to-date: /home/ubuntu/SSLRasp/install/message_info/share/message_info/msg/GoalInfo.msg
-- Up-to-date: /home/ubuntu/SSLRasp/install/message_info/share/message_info/msg/Role.msg
-- Up-to-date: /home/ubuntu/SSLRasp/install/message_info/share/message_info/msg/Attacker.msg
-- Up-to-date: /home/ubuntu/SSLRasp/install/message_info/share/message_info/msg/Goalie.msg
-- Up-to-date: /home/ubuntu/SSLRasp/install/message_info/share/message_info/msg/Info.msg
-- Up-to-date: /home/ubuntu/SSLRasp/install/message_info/share/ament_index/resource_index/package_run_dependencies/message_info
-- Up-to-date: /home/ubuntu/SSLRasp/install/message_info/share/ament_index/resource_index/parent_prefix_path/message_info
-- Up-to-date: /home/ubuntu/SSLRasp/install/message_info/share/message_info/environment/ament_prefix_path.sh
-- Up-to-date: /home/ubuntu/SSLRasp/install/message_info/share/message_info/environment/ament_prefix_path.dsv
-- Up-to-date: /home/ubuntu/SSLRasp/install/message_info/share/message_info/environment/path.sh
-- Up-to-date: /home/ubuntu/SSLRasp/install/message_info/share/message_info/environment/path.dsv
-- Up-to-date: /home/ubuntu/SSLRasp/install/message_info/share/message_info/local_setup.bash
-- Up-to-date: /home/ubuntu/SSLRasp/install/message_info/share/message_info/local_setup.sh
-- Up-to-date: /home/ubuntu/SSLRasp/install/message_info/share/message_info/local_setup.zsh
-- Up-to-date: /home/ubuntu/SSLRasp/install/message_info/share/message_info/local_setup.dsv
-- Installing: /home/ubuntu/SSLRasp/install/message_info/share/message_info/package.dsv
-- Up-to-date: /home/ubuntu/SSLRasp/install/message_info/share/ament_index/resource_index/packages/message_info
-- Up-to-date: /home/ubuntu/SSLRasp/install/message_info/share/message_info/cmake/message_info__rosidl_generator_cExport.cmake
-- Up-to-date: /home/ubuntu/SSLRasp/install/message_info/share/message_info/cmake/message_info__rosidl_generator_cExport-noconfig.cmake
-- Up-to-date: /home/ubuntu/SSLRasp/install/message_info/share/message_info/cmake/message_info__rosidl_typesupport_introspection_cExport.cmake
-- Up-to-date: /home/ubuntu/SSLRasp/install/message_info/share/message_info/cmake/message_info__rosidl_typesupport_introspection_cExport-noconfig.cmake
-- Up-to-date: /home/ubuntu/SSLRasp/install/message_info/share/message_info/cmake/message_info__rosidl_typesupport_cExport.cmake
-- Up-to-date: /home/ubuntu/SSLRasp/install/message_info/share/message_info/cmake/message_info__rosidl_typesupport_cExport-noconfig.cmake
-- Up-to-date: /home/ubuntu/SSLRasp/install/message_info/share/message_info/cmake/message_info__rosidl_generator_cppExport.cmake
-- Up-to-date: /home/ubuntu/SSLRasp/install/message_info/share/message_info/cmake/message_info__rosidl_typesupport_introspection_cppExport.cmake
-- Up-to-date: /home/ubuntu/SSLRasp/install/message_info/share/message_info/cmake/message_info__rosidl_typesupport_introspection_cppExport-noconfig.cmake
-- Up-to-date: /home/ubuntu/SSLRasp/install/message_info/share/message_info/cmake/message_info__rosidl_typesupport_cppExport.cmake
-- Up-to-date: /home/ubuntu/SSLRasp/install/message_info/share/message_info/cmake/message_info__rosidl_typesupport_cppExport-noconfig.cmake
-- Up-to-date: /home/ubuntu/SSLRasp/install/message_info/share/message_info/cmake/rosidl_cmake-extras.cmake
-- Up-to-date: /home/ubuntu/SSLRasp/install/message_info/share/message_info/cmake/ament_cmake_export_dependencies-extras.cmake
-- Up-to-date: /home/ubuntu/SSLRasp/install/message_info/share/message_info/cmake/ament_cmake_export_libraries-extras.cmake
-- Up-to-date: /home/ubuntu/SSLRasp/install/message_info/share/message_info/cmake/ament_cmake_export_targets-extras.cmake
-- Up-to-date: /home/ubuntu/SSLRasp/install/message_info/share/message_info/cmake/ament_cmake_export_include_directories-extras.cmake
-- Up-to-date: /home/ubuntu/SSLRasp/install/message_info/share/message_info/cmake/rosidl_cmake_export_typesupport_libraries-extras.cmake
-- Up-to-date: /home/ubuntu/SSLRasp/install/message_info/share/message_info/cmake/rosidl_cmake_export_typesupport_targets-extras.cmake
-- Up-to-date: /home/ubuntu/SSLRasp/install/message_info/share/message_info/cmake/message_infoConfig.cmake
-- Up-to-date: /home/ubuntu/SSLRasp/install/message_info/share/message_info/cmake/message_infoConfig-version.cmake
-- Up-to-date: /home/ubuntu/SSLRasp/install/message_info/share/message_info/package.xml
