[1.082s] Invoking command in '/home/ubuntu/SSLRasp/src/real_sender': PYTHONPATH=/home/ubuntu/SSLRasp/install/real_sender/lib/python3.8/site-packages:${PYTHONPATH} /usr/bin/python3 setup.py egg_info --egg-base ../../build/real_sender build --build-base /home/ubuntu/SSLRasp/build/real_sender/build install --prefix /home/ubuntu/SSLRasp/install/real_sender --record /home/ubuntu/SSLRasp/build/real_sender/install.log --single-version-externally-managed
[2.064s] running egg_info
[2.067s] creating ../../build/real_sender/real_sender.egg-info
[2.068s] writing ../../build/real_sender/real_sender.egg-info/PKG-INFO
[2.069s] writing dependency_links to ../../build/real_sender/real_sender.egg-info/dependency_links.txt
[2.071s] writing entry points to ../../build/real_sender/real_sender.egg-info/entry_points.txt
[2.072s] writing requirements to ../../build/real_sender/real_sender.egg-info/requires.txt
[2.072s] writing top-level names to ../../build/real_sender/real_sender.egg-info/top_level.txt
[2.086s] writing manifest file '../../build/real_sender/real_sender.egg-info/SOURCES.txt'
[2.267s] reading manifest file '../../build/real_sender/real_sender.egg-info/SOURCES.txt'
[2.271s] writing manifest file '../../build/real_sender/real_sender.egg-info/SOURCES.txt'
[2.272s] running build
[2.272s] running build_py
[2.273s] creating /home/ubuntu/SSLRasp/build/real_sender/build
[2.274s] creating /home/ubuntu/SSLRasp/build/real_sender/build/lib
[2.274s] creating /home/ubuntu/SSLRasp/build/real_sender/build/lib/python_programs
[2.274s] copying python_programs/__init__.py -> /home/ubuntu/SSLRasp/build/real_sender/build/lib/python_programs
[2.275s] copying python_programs/real_sender.py -> /home/ubuntu/SSLRasp/build/real_sender/build/lib/python_programs
[2.281s] running install
[2.286s] running install_lib
[2.293s] creating /home/ubuntu/SSLRasp/install/real_sender/lib/python3.8/site-packages/python_programs
[2.294s] copying /home/ubuntu/SSLRasp/build/real_sender/build/lib/python_programs/__init__.py -> /home/ubuntu/SSLRasp/install/real_sender/lib/python3.8/site-packages/python_programs
[2.294s] copying /home/ubuntu/SSLRasp/build/real_sender/build/lib/python_programs/real_sender.py -> /home/ubuntu/SSLRasp/install/real_sender/lib/python3.8/site-packages/python_programs
[2.297s] byte-compiling /home/ubuntu/SSLRasp/install/real_sender/lib/python3.8/site-packages/python_programs/__init__.py to __init__.cpython-38.pyc
[2.302s] byte-compiling /home/ubuntu/SSLRasp/install/real_sender/lib/python3.8/site-packages/python_programs/real_sender.py to real_sender.cpython-38.pyc
[2.303s] running install_egg_info
[2.314s] Copying ../../build/real_sender/real_sender.egg-info to /home/ubuntu/SSLRasp/install/real_sender/lib/python3.8/site-packages/real_sender-0.0.0-py3.8.egg-info
[2.320s] running install_scripts
[2.417s] Installing real_send script to /home/ubuntu/SSLRasp/install/real_sender/lib/real_sender
[2.418s] writing list of installed files to '/home/ubuntu/SSLRasp/build/real_sender/install.log'
[2.535s] Invoked command in '/home/ubuntu/SSLRasp/src/real_sender' returned '0': PYTHONPATH=/home/ubuntu/SSLRasp/install/real_sender/lib/python3.8/site-packages:${PYTHONPATH} /usr/bin/python3 setup.py egg_info --egg-base ../../build/real_sender build --build-base /home/ubuntu/SSLRasp/build/real_sender/build install --prefix /home/ubuntu/SSLRasp/install/real_sender --record /home/ubuntu/SSLRasp/build/real_sender/install.log --single-version-externally-managed
