[17.592s] DEBUG:colcon:Command line arguments: ['/usr/bin/colcon', 'build']
[17.592s] DEBUG:colcon:Parsed command line arguments: Namespace(ament_cmake_args=None, base_paths=['.'], build_base='build', catkin_cmake_args=None, catkin_skip_building_tests=False, cmake_args=None, cmake_clean_cache=False, cmake_clean_first=False, cmake_force_configure=False, cmake_target=None, cmake_target_skip_unavailable=False, continue_on_error=False, event_handlers=None, executor='parallel', ignore_user_meta=False, install_base='install', log_base=None, log_level=None, main=<bound method BuildVerb.main of <colcon_core.verb.build.BuildVerb object at 0x7f58081aee80>>, merge_install=False, metas=['./colcon.meta'], packages_above=None, packages_above_and_dependencies=None, packages_above_depth=None, packages_end=None, packages_ignore=None, packages_ignore_regex=None, packages_select=None, packages_select_build_failed=False, packages_select_by_dep=None, packages_select_regex=None, packages_select_test_failures=False, packages_skip=None, packages_skip_build_finished=False, packages_skip_by_dep=None, packages_skip_regex=None, packages_skip_test_passed=False, packages_skip_up_to=None, packages_start=None, packages_up_to=None, packages_up_to_regex=None, parallel_workers=16, paths=None, symlink_install=False, test_result_base=None, verb_extension=<colcon_core.verb.build.BuildVerb object at 0x7f58081aee80>, verb_name='build', verb_parser=<colcon_defaults.argument_parser.defaults.DefaultArgumentsDecorator object at 0x7f58081ba490>)
[17.914s] Level 1:colcon.colcon_core.package_discovery:discover_packages(colcon_meta) check parameters
[17.914s] Level 1:colcon.colcon_core.package_discovery:discover_packages(recursive) check parameters
[17.914s] Level 1:colcon.colcon_core.package_discovery:discover_packages(ignore) check parameters
[17.914s] Level 1:colcon.colcon_core.package_discovery:discover_packages(path) check parameters
[17.914s] Level 1:colcon.colcon_core.package_discovery:discover_packages(colcon_meta) discover
[17.914s] Level 1:colcon.colcon_core.package_discovery:discover_packages(recursive) discover
[17.914s] INFO:colcon.colcon_core.package_discovery:Crawling recursively for packages in '/home/rionessl/SSLRasp'
[17.982s] Level 1:colcon.colcon_core.package_identification:_identify(.) by extensions ['ignore', 'ignore_ament_install']
[17.983s] Level 1:colcon.colcon_core.package_identification:_identify(.) by extension 'ignore'
[17.983s] Level 1:colcon.colcon_core.package_identification:_identify(.) by extension 'ignore_ament_install'
[17.983s] Level 1:colcon.colcon_core.package_identification:_identify(.) by extensions ['colcon_pkg']
[17.983s] Level 1:colcon.colcon_core.package_identification:_identify(.) by extension 'colcon_pkg'
[17.983s] Level 1:colcon.colcon_core.package_identification:_identify(.) by extensions ['colcon_meta']
[17.983s] Level 1:colcon.colcon_core.package_identification:_identify(.) by extension 'colcon_meta'
[17.983s] Level 1:colcon.colcon_core.package_identification:_identify(.) by extensions ['ros']
[17.983s] Level 1:colcon.colcon_core.package_identification:_identify(.) by extension 'ros'
[18.319s] Level 1:colcon.colcon_core.package_identification:_identify(.) by extensions ['cmake', 'python']
[18.319s] Level 1:colcon.colcon_core.package_identification:_identify(.) by extension 'cmake'
[18.319s] Level 1:colcon.colcon_core.package_identification:_identify(.) by extension 'python'
[18.319s] Level 1:colcon.colcon_core.package_identification:_identify(.) by extensions ['python_setup_py']
[18.319s] Level 1:colcon.colcon_core.package_identification:_identify(.) by extension 'python_setup_py'
[18.319s] Level 1:colcon.colcon_core.package_identification:_identify(build) by extensions ['ignore', 'ignore_ament_install']
[18.319s] Level 1:colcon.colcon_core.package_identification:_identify(build) by extension 'ignore'
[18.319s] Level 1:colcon.colcon_core.package_identification:_identify(build) ignored
[18.319s] Level 1:colcon.colcon_core.package_identification:_identify(install) by extensions ['ignore', 'ignore_ament_install']
[18.319s] Level 1:colcon.colcon_core.package_identification:_identify(install) by extension 'ignore'
[18.319s] Level 1:colcon.colcon_core.package_identification:_identify(install) ignored
[18.319s] Level 1:colcon.colcon_core.package_identification:_identify(log) by extensions ['ignore', 'ignore_ament_install']
[18.319s] Level 1:colcon.colcon_core.package_identification:_identify(log) by extension 'ignore'
[18.319s] Level 1:colcon.colcon_core.package_identification:_identify(log) ignored
[18.320s] Level 1:colcon.colcon_core.package_identification:_identify(src) by extensions ['ignore', 'ignore_ament_install']
[18.320s] Level 1:colcon.colcon_core.package_identification:_identify(src) by extension 'ignore'
[18.320s] Level 1:colcon.colcon_core.package_identification:_identify(src) by extension 'ignore_ament_install'
[18.320s] Level 1:colcon.colcon_core.package_identification:_identify(src) by extensions ['colcon_pkg']
[18.320s] Level 1:colcon.colcon_core.package_identification:_identify(src) by extension 'colcon_pkg'
[18.320s] Level 1:colcon.colcon_core.package_identification:_identify(src) by extensions ['colcon_meta']
[18.320s] Level 1:colcon.colcon_core.package_identification:_identify(src) by extension 'colcon_meta'
[18.320s] Level 1:colcon.colcon_core.package_identification:_identify(src) by extensions ['ros']
[18.320s] Level 1:colcon.colcon_core.package_identification:_identify(src) by extension 'ros'
[18.320s] Level 1:colcon.colcon_core.package_identification:_identify(src) by extensions ['cmake', 'python']
[18.320s] Level 1:colcon.colcon_core.package_identification:_identify(src) by extension 'cmake'
[18.320s] Level 1:colcon.colcon_core.package_identification:_identify(src) by extension 'python'
[18.320s] Level 1:colcon.colcon_core.package_identification:_identify(src) by extensions ['python_setup_py']
[18.320s] Level 1:colcon.colcon_core.package_identification:_identify(src) by extension 'python_setup_py'
[18.320s] Level 1:colcon.colcon_core.package_identification:_identify(src/message_info) by extensions ['ignore', 'ignore_ament_install']
[18.320s] Level 1:colcon.colcon_core.package_identification:_identify(src/message_info) by extension 'ignore'
[18.320s] Level 1:colcon.colcon_core.package_identification:_identify(src/message_info) by extension 'ignore_ament_install'
[18.320s] Level 1:colcon.colcon_core.package_identification:_identify(src/message_info) by extensions ['colcon_pkg']
[18.320s] Level 1:colcon.colcon_core.package_identification:_identify(src/message_info) by extension 'colcon_pkg'
[18.320s] Level 1:colcon.colcon_core.package_identification:_identify(src/message_info) by extensions ['colcon_meta']
[18.320s] Level 1:colcon.colcon_core.package_identification:_identify(src/message_info) by extension 'colcon_meta'
[18.320s] Level 1:colcon.colcon_core.package_identification:_identify(src/message_info) by extensions ['ros']
[18.320s] Level 1:colcon.colcon_core.package_identification:_identify(src/message_info) by extension 'ros'
[18.833s] DEBUG:colcon.colcon_core.package_identification:Package 'src/message_info' with type 'ros.ament_cmake' and name 'message_info'
[18.833s] Level 1:colcon.colcon_core.package_identification:_identify(src/rasp) by extensions ['ignore', 'ignore_ament_install']
[18.833s] Level 1:colcon.colcon_core.package_identification:_identify(src/rasp) by extension 'ignore'
[18.833s] Level 1:colcon.colcon_core.package_identification:_identify(src/rasp) by extension 'ignore_ament_install'
[18.833s] Level 1:colcon.colcon_core.package_identification:_identify(src/rasp) by extensions ['colcon_pkg']
[18.833s] Level 1:colcon.colcon_core.package_identification:_identify(src/rasp) by extension 'colcon_pkg'
[18.833s] Level 1:colcon.colcon_core.package_identification:_identify(src/rasp) by extensions ['colcon_meta']
[18.833s] Level 1:colcon.colcon_core.package_identification:_identify(src/rasp) by extension 'colcon_meta'
[18.833s] Level 1:colcon.colcon_core.package_identification:_identify(src/rasp) by extensions ['ros']
[18.833s] Level 1:colcon.colcon_core.package_identification:_identify(src/rasp) by extension 'ros'
[18.834s] DEBUG:colcon.colcon_core.package_identification:Package 'src/rasp' with type 'ros.ament_python' and name 'rasp'
[18.834s] Level 1:colcon.colcon_core.package_discovery:discover_packages(recursive) using defaults
[18.834s] Level 1:colcon.colcon_core.package_discovery:discover_packages(ignore) discover
[18.834s] Level 1:colcon.colcon_core.package_discovery:discover_packages(ignore) using defaults
[18.834s] Level 1:colcon.colcon_core.package_discovery:discover_packages(path) discover
[18.834s] Level 1:colcon.colcon_core.package_discovery:discover_packages(path) using defaults
[24.884s] Level 5:colcon.colcon_core.verb:set package 'message_info' build argument 'cmake_args' from command line to 'None'
[24.884s] Level 5:colcon.colcon_core.verb:set package 'message_info' build argument 'cmake_target' from command line to 'None'
[24.884s] Level 5:colcon.colcon_core.verb:set package 'message_info' build argument 'cmake_target_skip_unavailable' from command line to 'False'
[24.884s] Level 5:colcon.colcon_core.verb:set package 'message_info' build argument 'cmake_clean_cache' from command line to 'False'
[24.884s] Level 5:colcon.colcon_core.verb:set package 'message_info' build argument 'cmake_clean_first' from command line to 'False'
[24.884s] Level 5:colcon.colcon_core.verb:set package 'message_info' build argument 'cmake_force_configure' from command line to 'False'
[24.884s] Level 5:colcon.colcon_core.verb:set package 'message_info' build argument 'ament_cmake_args' from command line to 'None'
[24.884s] Level 5:colcon.colcon_core.verb:set package 'message_info' build argument 'catkin_cmake_args' from command line to 'None'
[24.884s] Level 5:colcon.colcon_core.verb:set package 'message_info' build argument 'catkin_skip_building_tests' from command line to 'False'
[24.884s] DEBUG:colcon.colcon_core.verb:Building package 'message_info' with the following arguments: {'ament_cmake_args': None, 'build_base': '/home/rionessl/SSLRasp/build/message_info', 'catkin_cmake_args': None, 'catkin_skip_building_tests': False, 'cmake_args': None, 'cmake_clean_cache': False, 'cmake_clean_first': False, 'cmake_force_configure': False, 'cmake_target': None, 'cmake_target_skip_unavailable': False, 'install_base': '/home/rionessl/SSLRasp/install/message_info', 'merge_install': False, 'path': '/home/rionessl/SSLRasp/src/message_info', 'symlink_install': False, 'test_result_base': None}
[24.887s] Level 5:colcon.colcon_core.verb:set package 'rasp' build argument 'cmake_args' from command line to 'None'
[24.887s] Level 5:colcon.colcon_core.verb:set package 'rasp' build argument 'cmake_target' from command line to 'None'
[24.887s] Level 5:colcon.colcon_core.verb:set package 'rasp' build argument 'cmake_target_skip_unavailable' from command line to 'False'
[24.887s] Level 5:colcon.colcon_core.verb:set package 'rasp' build argument 'cmake_clean_cache' from command line to 'False'
[24.887s] Level 5:colcon.colcon_core.verb:set package 'rasp' build argument 'cmake_clean_first' from command line to 'False'
[24.887s] Level 5:colcon.colcon_core.verb:set package 'rasp' build argument 'cmake_force_configure' from command line to 'False'
[24.887s] Level 5:colcon.colcon_core.verb:set package 'rasp' build argument 'ament_cmake_args' from command line to 'None'
[24.887s] Level 5:colcon.colcon_core.verb:set package 'rasp' build argument 'catkin_cmake_args' from command line to 'None'
[24.887s] Level 5:colcon.colcon_core.verb:set package 'rasp' build argument 'catkin_skip_building_tests' from command line to 'False'
[24.887s] DEBUG:colcon.colcon_core.verb:Building package 'rasp' with the following arguments: {'ament_cmake_args': None, 'build_base': '/home/rionessl/SSLRasp/build/rasp', 'catkin_cmake_args': None, 'catkin_skip_building_tests': False, 'cmake_args': None, 'cmake_clean_cache': False, 'cmake_clean_first': False, 'cmake_force_configure': False, 'cmake_target': None, 'cmake_target_skip_unavailable': False, 'install_base': '/home/rionessl/SSLRasp/install/rasp', 'merge_install': False, 'path': '/home/rionessl/SSLRasp/src/rasp', 'symlink_install': False, 'test_result_base': None}
[24.888s] INFO:colcon.colcon_core.executor:Executing jobs using 'parallel' executor
[24.890s] DEBUG:colcon.colcon_parallel_executor.executor.parallel:run_until_complete
[24.890s] INFO:colcon.colcon_ros.task.ament_cmake.build:Building ROS package in '/home/rionessl/SSLRasp/src/message_info' with build type 'ament_cmake'
[24.890s] INFO:colcon.colcon_cmake.task.cmake.build:Building CMake package in '/home/rionessl/SSLRasp/src/message_info'
[28.888s] INFO:colcon.colcon_core.plugin_system:Skipping extension 'colcon_core.shell.bat': Not used on non-Windows systems
[28.888s] INFO:colcon.colcon_core.shell:Skip shell extension 'powershell' for command environment: Not usable outside of PowerShell
[28.888s] DEBUG:colcon.colcon_core.shell:Skip shell extension 'dsv' for command environment
[29.393s] DEBUG:colcon.colcon_core.shell:Ignoring prefix path '/opt/ros/foxy'
[29.395s] INFO:colcon.colcon_ros.task.ament_python.build:Building ROS package in '/home/rionessl/SSLRasp/src/rasp' with build type 'ament_python'
[29.396s] Level 1:colcon.colcon_core.shell:create_environment_hook('rasp', 'ament_prefix_path')
[29.396s] INFO:colcon.colcon_core.shell:Creating environment hook '/home/rionessl/SSLRasp/install/rasp/share/rasp/hook/ament_prefix_path.ps1'
[29.464s] INFO:colcon.colcon_core.shell:Creating environment descriptor '/home/rionessl/SSLRasp/install/rasp/share/rasp/hook/ament_prefix_path.dsv'
[29.464s] INFO:colcon.colcon_core.shell:Creating environment hook '/home/rionessl/SSLRasp/install/rasp/share/rasp/hook/ament_prefix_path.sh'
[29.466s] INFO:colcon.colcon_core.shell:Skip shell extension 'powershell' for command environment: Not usable outside of PowerShell
[29.466s] DEBUG:colcon.colcon_core.shell:Skip shell extension 'dsv' for command environment
[29.468s] DEBUG:colcon.colcon_core.shell:Ignoring prefix path '/opt/ros/foxy'
[29.476s] DEBUG:colcon.colcon_core.event_handler.log_command:Invoking command in '/home/rionessl/SSLRasp/build/message_info': CMAKE_PREFIX_PATH=${CMAKE_PREFIX_PATH}:/home/rionessl/RiAI/install/real_sender:/opt/ros/foxy /usr/bin/cmake --build /home/rionessl/SSLRasp/build/message_info -- -j16 -l16
[29.773s] WARNING:colcon.colcon_ros.task.ament_python.build:Package 'rasp' doesn't explicitly install a marker in the package index (colcon-ros currently does it implicitly but that fallback will be removed in the future)
[29.774s] WARNING:colcon.colcon_ros.task.ament_python.build:Package 'rasp' doesn't explicitly install the 'package.xml' file (colcon-ros currently does it implicitly but that fallback will be removed in the future)
[29.774s] INFO:colcon.colcon_core.task.python.build:Building Python package in '/home/rionessl/SSLRasp/src/rasp'
[29.775s] INFO:colcon.colcon_core.shell:Skip shell extension 'powershell' for command environment: Not usable outside of PowerShell
[29.775s] DEBUG:colcon.colcon_core.shell:Skip shell extension 'dsv' for command environment
[29.777s] DEBUG:colcon.colcon_core.shell:Ignoring prefix path '/opt/ros/foxy'
[29.784s] DEBUG:colcon.colcon_core.event_handler.log_command:Invoking command in '/home/rionessl/SSLRasp/src/rasp': PYTHONPATH=/home/rionessl/SSLRasp/install/rasp/lib/python3.8/site-packages:${PYTHONPATH} /usr/bin/python3 setup.py egg_info --egg-base ../../build/rasp build --build-base /home/rionessl/SSLRasp/build/rasp/build install --prefix /home/rionessl/SSLRasp/install/rasp --record /home/rionessl/SSLRasp/build/rasp/install.log --single-version-externally-managed
[33.055s] DEBUG:colcon.colcon_core.event_handler.log_command:Invoked command in '/home/rionessl/SSLRasp/src/rasp' returned '0': PYTHONPATH=/home/rionessl/SSLRasp/install/rasp/lib/python3.8/site-packages:${PYTHONPATH} /usr/bin/python3 setup.py egg_info --egg-base ../../build/rasp build --build-base /home/rionessl/SSLRasp/build/rasp/build install --prefix /home/rionessl/SSLRasp/install/rasp --record /home/rionessl/SSLRasp/build/rasp/install.log --single-version-externally-managed
[33.704s] Level 1:colcon.colcon_core.environment:checking '/home/rionessl/SSLRasp/install/rasp' for CMake module files
[33.705s] Level 1:colcon.colcon_core.environment:checking '/home/rionessl/SSLRasp/install/rasp' for CMake config files
[33.705s] Level 1:colcon.colcon_core.environment:checking '/home/rionessl/SSLRasp/install/rasp/lib'
[33.705s] Level 1:colcon.colcon_core.environment:checking '/home/rionessl/SSLRasp/install/rasp/bin'
[33.706s] Level 1:colcon.colcon_core.environment:checking '/home/rionessl/SSLRasp/install/rasp/lib/pkgconfig/rasp.pc'
[33.706s] Level 1:colcon.colcon_core.environment:checking '/home/rionessl/SSLRasp/install/rasp/lib/python3.8/site-packages'
[33.706s] Level 1:colcon.colcon_core.shell:create_environment_hook('rasp', 'pythonpath')
[33.706s] INFO:colcon.colcon_core.shell:Creating environment hook '/home/rionessl/SSLRasp/install/rasp/share/rasp/hook/pythonpath.ps1'
[33.707s] INFO:colcon.colcon_core.shell:Creating environment descriptor '/home/rionessl/SSLRasp/install/rasp/share/rasp/hook/pythonpath.dsv'
[33.707s] INFO:colcon.colcon_core.shell:Creating environment hook '/home/rionessl/SSLRasp/install/rasp/share/rasp/hook/pythonpath.sh'
[33.708s] Level 1:colcon.colcon_core.environment:create_environment_scripts_only(rasp)
[33.708s] INFO:colcon.colcon_core.shell:Creating package script '/home/rionessl/SSLRasp/install/rasp/share/rasp/package.ps1'
[33.725s] INFO:colcon.colcon_core.shell:Creating package descriptor '/home/rionessl/SSLRasp/install/rasp/share/rasp/package.dsv'
[33.726s] INFO:colcon.colcon_core.shell:Creating package script '/home/rionessl/SSLRasp/install/rasp/share/rasp/package.sh'
[33.726s] INFO:colcon.colcon_core.shell:Creating package script '/home/rionessl/SSLRasp/install/rasp/share/rasp/package.bash'
[33.881s] INFO:colcon.colcon_core.shell:Creating package script '/home/rionessl/SSLRasp/install/rasp/share/rasp/package.zsh'
[33.996s] Level 1:colcon.colcon_core.environment:create_file_with_runtime_dependencies(/home/rionessl/SSLRasp/install/rasp/share/colcon-core/packages/rasp)
[42.344s] DEBUG:colcon.colcon_core.event_handler.log_command:Invoked command in '/home/rionessl/SSLRasp/build/message_info' returned '0': CMAKE_PREFIX_PATH=${CMAKE_PREFIX_PATH}:/home/rionessl/RiAI/install/real_sender:/opt/ros/foxy /usr/bin/cmake --build /home/rionessl/SSLRasp/build/message_info -- -j16 -l16
[42.530s] DEBUG:colcon.colcon_core.event_handler.log_command:Invoking command in '/home/rionessl/SSLRasp/build/message_info': CMAKE_PREFIX_PATH=${CMAKE_PREFIX_PATH}:/home/rionessl/RiAI/install/real_sender:/opt/ros/foxy /usr/bin/cmake --install /home/rionessl/SSLRasp/build/message_info
[53.148s] Level 1:colcon.colcon_core.environment:create_environment_scripts_only(message_info)
[53.149s] Level 1:colcon.colcon_core.environment:checking '/home/rionessl/SSLRasp/install/message_info' for CMake module files
[53.150s] DEBUG:colcon.colcon_core.event_handler.log_command:Invoked command in '/home/rionessl/SSLRasp/build/message_info' returned '0': CMAKE_PREFIX_PATH=${CMAKE_PREFIX_PATH}:/home/rionessl/RiAI/install/real_sender:/opt/ros/foxy /usr/bin/cmake --install /home/rionessl/SSLRasp/build/message_info
[53.150s] Level 1:colcon.colcon_core.environment:checking '/home/rionessl/SSLRasp/install/message_info' for CMake config files
[53.171s] Level 1:colcon.colcon_core.shell:create_environment_hook('message_info', 'cmake_prefix_path')
[53.172s] INFO:colcon.colcon_core.shell:Creating environment hook '/home/rionessl/SSLRasp/install/message_info/share/message_info/hook/cmake_prefix_path.ps1'
[53.172s] INFO:colcon.colcon_core.shell:Creating environment descriptor '/home/rionessl/SSLRasp/install/message_info/share/message_info/hook/cmake_prefix_path.dsv'
[53.173s] INFO:colcon.colcon_core.shell:Creating environment hook '/home/rionessl/SSLRasp/install/message_info/share/message_info/hook/cmake_prefix_path.sh'
[53.173s] Level 1:colcon.colcon_core.environment:checking '/home/rionessl/SSLRasp/install/message_info/lib'
[53.173s] Level 1:colcon.colcon_core.shell:create_environment_hook('message_info', 'ld_library_path_lib')
[53.174s] INFO:colcon.colcon_core.shell:Creating environment hook '/home/rionessl/SSLRasp/install/message_info/share/message_info/hook/ld_library_path_lib.ps1'
[53.174s] INFO:colcon.colcon_core.shell:Creating environment descriptor '/home/rionessl/SSLRasp/install/message_info/share/message_info/hook/ld_library_path_lib.dsv'
[53.175s] INFO:colcon.colcon_core.shell:Creating environment hook '/home/rionessl/SSLRasp/install/message_info/share/message_info/hook/ld_library_path_lib.sh'
[53.175s] Level 1:colcon.colcon_core.environment:checking '/home/rionessl/SSLRasp/install/message_info/bin'
[53.175s] Level 1:colcon.colcon_core.environment:checking '/home/rionessl/SSLRasp/install/message_info/lib/pkgconfig/message_info.pc'
[53.175s] Level 1:colcon.colcon_core.environment:checking '/home/rionessl/SSLRasp/install/message_info/lib/python3.8/site-packages'
[53.175s] Level 1:colcon.colcon_core.shell:create_environment_hook('message_info', 'pythonpath')
[53.176s] INFO:colcon.colcon_core.shell:Creating environment hook '/home/rionessl/SSLRasp/install/message_info/share/message_info/hook/pythonpath.ps1'
[53.176s] INFO:colcon.colcon_core.shell:Creating environment descriptor '/home/rionessl/SSLRasp/install/message_info/share/message_info/hook/pythonpath.dsv'
[53.176s] INFO:colcon.colcon_core.shell:Creating environment hook '/home/rionessl/SSLRasp/install/message_info/share/message_info/hook/pythonpath.sh'
[53.177s] INFO:colcon.colcon_core.shell:Creating package script '/home/rionessl/SSLRasp/install/message_info/share/message_info/package.ps1'
[53.177s] INFO:colcon.colcon_core.shell:Creating package descriptor '/home/rionessl/SSLRasp/install/message_info/share/message_info/package.dsv'
[53.178s] INFO:colcon.colcon_core.shell:Creating package script '/home/rionessl/SSLRasp/install/message_info/share/message_info/package.sh'
[53.178s] INFO:colcon.colcon_core.shell:Creating package script '/home/rionessl/SSLRasp/install/message_info/share/message_info/package.bash'
[53.178s] INFO:colcon.colcon_core.shell:Creating package script '/home/rionessl/SSLRasp/install/message_info/share/message_info/package.zsh'
[53.179s] Level 1:colcon.colcon_core.environment:create_file_with_runtime_dependencies(/home/rionessl/SSLRasp/install/message_info/share/colcon-core/packages/message_info)
[53.349s] Level 1:colcon.colcon_core.environment:create_environment_scripts_only(message_info)
[53.350s] Level 1:colcon.colcon_core.environment:checking '/home/rionessl/SSLRasp/install/message_info' for CMake module files
[53.350s] Level 1:colcon.colcon_core.environment:checking '/home/rionessl/SSLRasp/install/message_info' for CMake config files
[53.351s] Level 1:colcon.colcon_core.shell:create_environment_hook('message_info', 'cmake_prefix_path')
[53.351s] INFO:colcon.colcon_core.shell:Creating environment hook '/home/rionessl/SSLRasp/install/message_info/share/message_info/hook/cmake_prefix_path.ps1'
[53.351s] INFO:colcon.colcon_core.shell:Creating environment descriptor '/home/rionessl/SSLRasp/install/message_info/share/message_info/hook/cmake_prefix_path.dsv'
[53.352s] INFO:colcon.colcon_core.shell:Creating environment hook '/home/rionessl/SSLRasp/install/message_info/share/message_info/hook/cmake_prefix_path.sh'
[53.352s] Level 1:colcon.colcon_core.environment:checking '/home/rionessl/SSLRasp/install/message_info/lib'
[53.352s] Level 1:colcon.colcon_core.shell:create_environment_hook('message_info', 'ld_library_path_lib')
[53.352s] INFO:colcon.colcon_core.shell:Creating environment hook '/home/rionessl/SSLRasp/install/message_info/share/message_info/hook/ld_library_path_lib.ps1'
[53.352s] INFO:colcon.colcon_core.shell:Creating environment descriptor '/home/rionessl/SSLRasp/install/message_info/share/message_info/hook/ld_library_path_lib.dsv'
[53.353s] INFO:colcon.colcon_core.shell:Creating environment hook '/home/rionessl/SSLRasp/install/message_info/share/message_info/hook/ld_library_path_lib.sh'
[53.353s] Level 1:colcon.colcon_core.environment:checking '/home/rionessl/SSLRasp/install/message_info/bin'
[53.353s] Level 1:colcon.colcon_core.environment:checking '/home/rionessl/SSLRasp/install/message_info/lib/pkgconfig/message_info.pc'
[53.353s] Level 1:colcon.colcon_core.environment:checking '/home/rionessl/SSLRasp/install/message_info/lib/python3.8/site-packages'
[53.353s] Level 1:colcon.colcon_core.shell:create_environment_hook('message_info', 'pythonpath')
[53.353s] INFO:colcon.colcon_core.shell:Creating environment hook '/home/rionessl/SSLRasp/install/message_info/share/message_info/hook/pythonpath.ps1'
[53.353s] INFO:colcon.colcon_core.shell:Creating environment descriptor '/home/rionessl/SSLRasp/install/message_info/share/message_info/hook/pythonpath.dsv'
[53.353s] INFO:colcon.colcon_core.shell:Creating environment hook '/home/rionessl/SSLRasp/install/message_info/share/message_info/hook/pythonpath.sh'
[53.354s] INFO:colcon.colcon_core.shell:Creating package script '/home/rionessl/SSLRasp/install/message_info/share/message_info/package.ps1'
[53.354s] INFO:colcon.colcon_core.shell:Creating package descriptor '/home/rionessl/SSLRasp/install/message_info/share/message_info/package.dsv'
[53.355s] INFO:colcon.colcon_core.shell:Creating package script '/home/rionessl/SSLRasp/install/message_info/share/message_info/package.sh'
[53.355s] INFO:colcon.colcon_core.shell:Creating package script '/home/rionessl/SSLRasp/install/message_info/share/message_info/package.bash'
[53.355s] INFO:colcon.colcon_core.shell:Creating package script '/home/rionessl/SSLRasp/install/message_info/share/message_info/package.zsh'
[53.356s] Level 1:colcon.colcon_core.environment:create_file_with_runtime_dependencies(/home/rionessl/SSLRasp/install/message_info/share/colcon-core/packages/message_info)
[53.356s] DEBUG:colcon.colcon_parallel_executor.executor.parallel:closing loop
[53.356s] DEBUG:colcon.colcon_parallel_executor.executor.parallel:loop closed
[53.356s] DEBUG:colcon.colcon_parallel_executor.executor.parallel:run_until_complete finished with '0'
[53.356s] DEBUG:colcon.colcon_core.event_reactor:joining thread
[53.709s] INFO:colcon.colcon_core.plugin_system:Skipping extension 'colcon_notification.desktop_notification.terminal_notifier': Not used on non-Darwin systems
[53.709s] INFO:colcon.colcon_core.plugin_system:Skipping extension 'colcon_notification.desktop_notification.win32': Not used on non-Windows systems
[53.709s] INFO:colcon.colcon_notification.desktop_notification:Sending desktop notification using 'notify2'
[53.728s] DEBUG:colcon.colcon_core.event_reactor:joined thread
[53.729s] INFO:colcon.colcon_core.shell:Creating prefix script '/home/rionessl/SSLRasp/install/local_setup.ps1'
[53.757s] INFO:colcon.colcon_core.shell:Creating prefix util module '/home/rionessl/SSLRasp/install/_local_setup_util_ps1.py'
[53.758s] INFO:colcon.colcon_core.shell:Creating prefix chain script '/home/rionessl/SSLRasp/install/setup.ps1'
[53.762s] INFO:colcon.colcon_core.shell:Creating prefix script '/home/rionessl/SSLRasp/install/local_setup.sh'
[53.763s] INFO:colcon.colcon_core.shell:Creating prefix util module '/home/rionessl/SSLRasp/install/_local_setup_util_sh.py'
[53.763s] INFO:colcon.colcon_core.shell:Creating prefix chain script '/home/rionessl/SSLRasp/install/setup.sh'
[53.765s] INFO:colcon.colcon_core.shell:Creating prefix script '/home/rionessl/SSLRasp/install/local_setup.bash'
[53.765s] INFO:colcon.colcon_core.shell:Creating prefix chain script '/home/rionessl/SSLRasp/install/setup.bash'
[53.767s] INFO:colcon.colcon_core.shell:Creating prefix script '/home/rionessl/SSLRasp/install/local_setup.zsh'
[53.792s] INFO:colcon.colcon_core.shell:Creating prefix chain script '/home/rionessl/SSLRasp/install/setup.zsh'
