[7.557s] Invoking command in '/home/ubuntu/SSLRasp/build/message_info': CMAKE_PREFIX_PATH=${CMAKE_PREFIX_PATH}:/home/ubuntu/SSLRasp/install/real_sender:/opt/ros/foxy /usr/bin/cmake --build /home/ubuntu/SSLRasp/build/message_info -- -j4 -l4
[7.846s] [  0%] Built target message_info__cpp
[7.902s] [ 12%] Built target message_info__rosidl_generator_c
[8.054s] [ 33%] Built target message_info__rosidl_typesupport_introspection_cpp
[8.056s] [ 36%] Built target message_info__rosidl_typesupport_cpp
[8.073s] [ 48%] Built target message_info__rosidl_typesupport_fastrtps_cpp
[8.146s] [ 60%] Built target message_info__rosidl_typesupport_introspection_c
[8.203s] [ 72%] Built target message_info__rosidl_typesupport_c
[8.271s] [ 84%] Built target message_info__rosidl_typesupport_fastrtps_c
[8.366s] [ 84%] Built target message_info
[8.471s] [ 85%] Built target message_info__py
[8.668s] [ 96%] Built target message_info__python
[8.848s] [ 99%] Built target message_info__rosidl_typesupport_c__pyext
[8.849s] [ 99%] Built target message_info__rosidl_typesupport_introspection_c__pyext
[8.852s] [100%] Built target message_info__rosidl_typesupport_fastrtps_c__pyext
[8.906s] Invoked command in '/home/ubuntu/SSLRasp/build/message_info' returned '0': CMAKE_PREFIX_PATH=${CMAKE_PREFIX_PATH}:/home/ubuntu/SSLRasp/install/real_sender:/opt/ros/foxy /usr/bin/cmake --build /home/ubuntu/SSLRasp/build/message_info -- -j4 -l4
[10.874s] Invoking command in '/home/ubuntu/SSLRasp/build/message_info': CMAKE_PREFIX_PATH=${CMAKE_PREFIX_PATH}:/home/ubuntu/SSLRasp/install/real_sender:/opt/ros/foxy /usr/bin/cmake --install /home/ubuntu/SSLRasp/build/message_info
[10.914s] -- Install configuration: ""
[10.914s] -- Up-to-date: /home/ubuntu/SSLRasp/install/message_info/share/ament_index/resource_index/rosidl_interfaces/message_info
[10.915s] -- Up-to-date: /home/ubuntu/SSLRasp/install/message_info/include/message_info
[10.915s] -- Up-to-date: /home/ubuntu/SSLRasp/install/message_info/include/message_info/msg
[10.916s] -- Up-to-date: /home/ubuntu/SSLRasp/install/message_info/include/message_info/msg/test.h
[10.916s] -- Up-to-date: /home/ubuntu/SSLRasp/install/message_info/include/message_info/msg/goal_info.h
[10.917s] -- Up-to-date: /home/ubuntu/SSLRasp/install/message_info/include/message_info/msg/detection_frame.h
[10.917s] -- Up-to-date: /home/ubuntu/SSLRasp/install/message_info/include/message_info/msg/attacker.h
[10.917s] -- Up-to-date: /home/ubuntu/SSLRasp/install/message_info/include/message_info/msg/info.h
[10.918s] -- Up-to-date: /home/ubuntu/SSLRasp/install/message_info/include/message_info/msg/vision_detections.h
[10.918s] -- Up-to-date: /home/ubuntu/SSLRasp/install/message_info/include/message_info/msg/detail
[10.919s] -- Up-to-date: /home/ubuntu/SSLRasp/install/message_info/include/message_info/msg/detail/detection_ball__type_support.h
[10.919s] -- Up-to-date: /home/ubuntu/SSLRasp/install/message_info/include/message_info/msg/detail/test__functions.c
[10.919s] -- Up-to-date: /home/ubuntu/SSLRasp/install/message_info/include/message_info/msg/detail/detection_frame__functions.c
[10.920s] -- Up-to-date: /home/ubuntu/SSLRasp/install/message_info/include/message_info/msg/detail/vision_geometry__struct.h
[10.920s] -- Up-to-date: /home/ubuntu/SSLRasp/install/message_info/include/message_info/msg/detail/detection_robot__functions.h
[10.921s] -- Up-to-date: /home/ubuntu/SSLRasp/install/message_info/include/message_info/msg/detail/test__type_support.h
[10.921s] -- Up-to-date: /home/ubuntu/SSLRasp/install/message_info/include/message_info/msg/detail/robot_commands__struct.h
[10.922s] -- Up-to-date: /home/ubuntu/SSLRasp/install/message_info/include/message_info/msg/detail/goalie__functions.h
[10.922s] -- Up-to-date: /home/ubuntu/SSLRasp/install/message_info/include/message_info/msg/detail/ball_info__functions.c
[10.922s] -- Up-to-date: /home/ubuntu/SSLRasp/install/message_info/include/message_info/msg/detail/goalie__type_support.h
[10.923s] -- Up-to-date: /home/ubuntu/SSLRasp/install/message_info/include/message_info/msg/detail/field_line_segment__functions.h
[10.923s] -- Up-to-date: /home/ubuntu/SSLRasp/install/message_info/include/message_info/msg/detail/robot_command__type_support.h
[10.924s] -- Up-to-date: /home/ubuntu/SSLRasp/install/message_info/include/message_info/msg/detail/field_circular_arc__functions.c
[10.924s] -- Up-to-date: /home/ubuntu/SSLRasp/install/message_info/include/message_info/msg/detail/referee__type_support.h
[10.925s] -- Up-to-date: /home/ubuntu/SSLRasp/install/message_info/include/message_info/msg/detail/attacker__functions.h
[10.925s] -- Up-to-date: /home/ubuntu/SSLRasp/install/message_info/include/message_info/msg/detail/attacker__type_support.h
[10.925s] -- Up-to-date: /home/ubuntu/SSLRasp/install/message_info/include/message_info/msg/detail/role__functions.c
[10.926s] -- Up-to-date: /home/ubuntu/SSLRasp/install/message_info/include/message_info/msg/detail/field_line_segment__struct.h
[10.926s] -- Up-to-date: /home/ubuntu/SSLRasp/install/message_info/include/message_info/msg/detail/robot_commands__functions.h
[10.927s] -- Up-to-date: /home/ubuntu/SSLRasp/install/message_info/include/message_info/msg/detail/goalie__functions.c
[10.927s] -- Up-to-date: /home/ubuntu/SSLRasp/install/message_info/include/message_info/msg/detail/vision_geometry__functions.h
[10.928s] -- Up-to-date: /home/ubuntu/SSLRasp/install/message_info/include/message_info/msg/detail/goal_info__functions.c
[10.928s] -- Up-to-date: /home/ubuntu/SSLRasp/install/message_info/include/message_info/msg/detail/field_line_segment__type_support.h
[10.928s] -- Up-to-date: /home/ubuntu/SSLRasp/install/message_info/include/message_info/msg/detail/referee_game_event__functions.h
[10.929s] -- Up-to-date: /home/ubuntu/SSLRasp/install/message_info/include/message_info/msg/detail/vision_detections__struct.h
[10.929s] -- Up-to-date: /home/ubuntu/SSLRasp/install/message_info/include/message_info/msg/detail/detection_robot__functions.c
[10.930s] -- Up-to-date: /home/ubuntu/SSLRasp/install/message_info/include/message_info/msg/detail/goal_info__functions.h
[10.930s] -- Up-to-date: /home/ubuntu/SSLRasp/install/message_info/include/message_info/msg/detail/robot_commands__type_support.h
[10.930s] -- Up-to-date: /home/ubuntu/SSLRasp/install/message_info/include/message_info/msg/detail/goal_info__type_support.h
[10.931s] -- Up-to-date: /home/ubuntu/SSLRasp/install/message_info/include/message_info/msg/detail/test__struct.h
[10.931s] -- Up-to-date: /home/ubuntu/SSLRasp/install/message_info/include/message_info/msg/detail/vision_detections__functions.h
[10.932s] -- Up-to-date: /home/ubuntu/SSLRasp/install/message_info/include/message_info/msg/detail/field_circular_arc__functions.h
[10.932s] -- Up-to-date: /home/ubuntu/SSLRasp/install/message_info/include/message_info/msg/detail/field_circular_arc__struct.h
[10.933s] -- Up-to-date: /home/ubuntu/SSLRasp/install/message_info/include/message_info/msg/detail/ball_info__struct.h
[10.933s] -- Up-to-date: /home/ubuntu/SSLRasp/install/message_info/include/message_info/msg/detail/goalie__struct.h
[10.933s] -- Up-to-date: /home/ubuntu/SSLRasp/install/message_info/include/message_info/msg/detail/robot_command__struct.h
[10.934s] -- Up-to-date: /home/ubuntu/SSLRasp/install/message_info/include/message_info/msg/detail/role__type_support.h
[10.934s] -- Up-to-date: /home/ubuntu/SSLRasp/install/message_info/include/message_info/msg/detail/detection_robot__struct.h
[10.935s] -- Up-to-date: /home/ubuntu/SSLRasp/install/message_info/include/message_info/msg/detail/referee_team_info__functions.h
[10.935s] -- Up-to-date: /home/ubuntu/SSLRasp/install/message_info/include/message_info/msg/detail/info__struct.h
[10.936s] -- Up-to-date: /home/ubuntu/SSLRasp/install/message_info/include/message_info/msg/detail/robot_commands__functions.c
[10.936s] -- Up-to-date: /home/ubuntu/SSLRasp/install/message_info/include/message_info/msg/detail/referee_team_info__struct.h
[10.936s] -- Up-to-date: /home/ubuntu/SSLRasp/install/message_info/include/message_info/msg/detail/robot_command__functions.h
[10.937s] -- Up-to-date: /home/ubuntu/SSLRasp/install/message_info/include/message_info/msg/detail/detection_frame__type_support.h
[10.937s] -- Up-to-date: /home/ubuntu/SSLRasp/install/message_info/include/message_info/msg/detail/detection_frame__struct.h
[10.938s] -- Up-to-date: /home/ubuntu/SSLRasp/install/message_info/include/message_info/msg/detail/referee_team_info__functions.c
[10.938s] -- Up-to-date: /home/ubuntu/SSLRasp/install/message_info/include/message_info/msg/detail/vision_geometry__type_support.h
[10.939s] -- Up-to-date: /home/ubuntu/SSLRasp/install/message_info/include/message_info/msg/detail/vision_geometry__functions.c
[10.939s] -- Up-to-date: /home/ubuntu/SSLRasp/install/message_info/include/message_info/msg/detail/detection_robot__type_support.h
[10.940s] -- Up-to-date: /home/ubuntu/SSLRasp/install/message_info/include/message_info/msg/detail/role__functions.h
[10.940s] -- Up-to-date: /home/ubuntu/SSLRasp/install/message_info/include/message_info/msg/detail/ball_info__type_support.h
[10.940s] -- Up-to-date: /home/ubuntu/SSLRasp/install/message_info/include/message_info/msg/detail/referee_team_info__type_support.h
[10.941s] -- Up-to-date: /home/ubuntu/SSLRasp/install/message_info/include/message_info/msg/detail/detection_ball__functions.c
[10.941s] -- Up-to-date: /home/ubuntu/SSLRasp/install/message_info/include/message_info/msg/detail/referee__functions.c
[10.941s] -- Up-to-date: /home/ubuntu/SSLRasp/install/message_info/include/message_info/msg/detail/field_line_segment__functions.c
[10.942s] -- Up-to-date: /home/ubuntu/SSLRasp/install/message_info/include/message_info/msg/detail/referee_game_event__type_support.h
[10.942s] -- Up-to-date: /home/ubuntu/SSLRasp/install/message_info/include/message_info/msg/detail/robot_command__functions.c
[10.942s] -- Up-to-date: /home/ubuntu/SSLRasp/install/message_info/include/message_info/msg/detail/detection_ball__struct.h
[10.943s] -- Up-to-date: /home/ubuntu/SSLRasp/install/message_info/include/message_info/msg/detail/role__struct.h
[10.943s] -- Up-to-date: /home/ubuntu/SSLRasp/install/message_info/include/message_info/msg/detail/detection_ball__functions.h
[10.944s] -- Up-to-date: /home/ubuntu/SSLRasp/install/message_info/include/message_info/msg/detail/test__functions.h
[10.944s] -- Up-to-date: /home/ubuntu/SSLRasp/install/message_info/include/message_info/msg/detail/referee_game_event__functions.c
[10.945s] -- Up-to-date: /home/ubuntu/SSLRasp/install/message_info/include/message_info/msg/detail/vision_detections__functions.c
[10.945s] -- Up-to-date: /home/ubuntu/SSLRasp/install/message_info/include/message_info/msg/detail/info__functions.h
[10.945s] -- Up-to-date: /home/ubuntu/SSLRasp/install/message_info/include/message_info/msg/detail/attacker__struct.h
[10.946s] -- Up-to-date: /home/ubuntu/SSLRasp/install/message_info/include/message_info/msg/detail/vision_detections__type_support.h
[10.946s] -- Up-to-date: /home/ubuntu/SSLRasp/install/message_info/include/message_info/msg/detail/referee__functions.h
[10.947s] -- Up-to-date: /home/ubuntu/SSLRasp/install/message_info/include/message_info/msg/detail/referee_game_event__struct.h
[10.947s] -- Up-to-date: /home/ubuntu/SSLRasp/install/message_info/include/message_info/msg/detail/referee__struct.h
[10.947s] -- Up-to-date: /home/ubuntu/SSLRasp/install/message_info/include/message_info/msg/detail/ball_info__functions.h
[10.948s] -- Up-to-date: /home/ubuntu/SSLRasp/install/message_info/include/message_info/msg/detail/attacker__functions.c
[10.948s] -- Up-to-date: /home/ubuntu/SSLRasp/install/message_info/include/message_info/msg/detail/goal_info__struct.h
[10.949s] -- Up-to-date: /home/ubuntu/SSLRasp/install/message_info/include/message_info/msg/detail/field_circular_arc__type_support.h
[10.949s] -- Up-to-date: /home/ubuntu/SSLRasp/install/message_info/include/message_info/msg/detail/info__type_support.h
[10.949s] -- Up-to-date: /home/ubuntu/SSLRasp/install/message_info/include/message_info/msg/detail/info__functions.c
[10.950s] -- Up-to-date: /home/ubuntu/SSLRasp/install/message_info/include/message_info/msg/detail/detection_frame__functions.h
[10.950s] -- Up-to-date: /home/ubuntu/SSLRasp/install/message_info/include/message_info/msg/rosidl_generator_c__visibility_control.h
[10.950s] -- Up-to-date: /home/ubuntu/SSLRasp/install/message_info/include/message_info/msg/field_circular_arc.h
[10.951s] -- Up-to-date: /home/ubuntu/SSLRasp/install/message_info/include/message_info/msg/role.h
[10.951s] -- Up-to-date: /home/ubuntu/SSLRasp/install/message_info/include/message_info/msg/field_line_segment.h
[10.952s] -- Up-to-date: /home/ubuntu/SSLRasp/install/message_info/include/message_info/msg/referee_team_info.h
[10.952s] -- Up-to-date: /home/ubuntu/SSLRasp/install/message_info/include/message_info/msg/goalie.h
[10.952s] -- Up-to-date: /home/ubuntu/SSLRasp/install/message_info/include/message_info/msg/referee.h
[10.953s] -- Up-to-date: /home/ubuntu/SSLRasp/install/message_info/include/message_info/msg/ball_info.h
[10.953s] -- Up-to-date: /home/ubuntu/SSLRasp/install/message_info/include/message_info/msg/robot_commands.h
[10.954s] -- Up-to-date: /home/ubuntu/SSLRasp/install/message_info/include/message_info/msg/robot_command.h
[10.954s] -- Up-to-date: /home/ubuntu/SSLRasp/install/message_info/include/message_info/msg/detection_ball.h
[10.954s] -- Up-to-date: /home/ubuntu/SSLRasp/install/message_info/include/message_info/msg/detection_robot.h
[10.955s] -- Up-to-date: /home/ubuntu/SSLRasp/install/message_info/include/message_info/msg/referee_game_event.h
[10.955s] -- Up-to-date: /home/ubuntu/SSLRasp/install/message_info/include/message_info/msg/vision_geometry.h
[10.956s] -- Up-to-date: /home/ubuntu/SSLRasp/install/message_info/share/message_info/environment/library_path.sh
[10.956s] -- Up-to-date: /home/ubuntu/SSLRasp/install/message_info/share/message_info/environment/library_path.dsv
[10.956s] -- Up-to-date: /home/ubuntu/SSLRasp/install/message_info/lib/libmessage_info__rosidl_generator_c.so
[10.957s] -- Up-to-date: /home/ubuntu/SSLRasp/install/message_info/include/message_info
[10.957s] -- Up-to-date: /home/ubuntu/SSLRasp/install/message_info/include/message_info/msg
[10.958s] -- Up-to-date: /home/ubuntu/SSLRasp/install/message_info/include/message_info/msg/detail
[10.958s] -- Up-to-date: /home/ubuntu/SSLRasp/install/message_info/include/message_info/msg/detail/referee_game_event__rosidl_typesupport_fastrtps_c.h
[10.958s] -- Up-to-date: /home/ubuntu/SSLRasp/install/message_info/include/message_info/msg/detail/vision_geometry__rosidl_typesupport_fastrtps_c.h
[10.959s] -- Up-to-date: /home/ubuntu/SSLRasp/install/message_info/include/message_info/msg/detail/attacker__rosidl_typesupport_fastrtps_c.h
[10.959s] -- Up-to-date: /home/ubuntu/SSLRasp/install/message_info/include/message_info/msg/detail/vision_detections__rosidl_typesupport_fastrtps_c.h
[10.960s] -- Up-to-date: /home/ubuntu/SSLRasp/install/message_info/include/message_info/msg/detail/detection_robot__rosidl_typesupport_fastrtps_c.h
[10.960s] -- Up-to-date: /home/ubuntu/SSLRasp/install/message_info/include/message_info/msg/detail/field_line_segment__rosidl_typesupport_fastrtps_c.h
[10.960s] -- Up-to-date: /home/ubuntu/SSLRasp/install/message_info/include/message_info/msg/detail/robot_commands__rosidl_typesupport_fastrtps_c.h
[10.961s] -- Up-to-date: /home/ubuntu/SSLRasp/install/message_info/include/message_info/msg/detail/role__rosidl_typesupport_fastrtps_c.h
[10.961s] -- Up-to-date: /home/ubuntu/SSLRasp/install/message_info/include/message_info/msg/detail/detection_ball__rosidl_typesupport_fastrtps_c.h
[10.961s] -- Up-to-date: /home/ubuntu/SSLRasp/install/message_info/include/message_info/msg/detail/field_circular_arc__rosidl_typesupport_fastrtps_c.h
[10.962s] -- Up-to-date: /home/ubuntu/SSLRasp/install/message_info/include/message_info/msg/detail/goal_info__rosidl_typesupport_fastrtps_c.h
[10.962s] -- Up-to-date: /home/ubuntu/SSLRasp/install/message_info/include/message_info/msg/detail/referee__rosidl_typesupport_fastrtps_c.h
[10.962s] -- Up-to-date: /home/ubuntu/SSLRasp/install/message_info/include/message_info/msg/detail/goalie__rosidl_typesupport_fastrtps_c.h
[10.963s] -- Up-to-date: /home/ubuntu/SSLRasp/install/message_info/include/message_info/msg/detail/referee_team_info__rosidl_typesupport_fastrtps_c.h
[10.963s] -- Up-to-date: /home/ubuntu/SSLRasp/install/message_info/include/message_info/msg/detail/test__rosidl_typesupport_fastrtps_c.h
[10.964s] -- Up-to-date: /home/ubuntu/SSLRasp/install/message_info/include/message_info/msg/detail/robot_command__rosidl_typesupport_fastrtps_c.h
[10.964s] -- Up-to-date: /home/ubuntu/SSLRasp/install/message_info/include/message_info/msg/detail/detection_frame__rosidl_typesupport_fastrtps_c.h
[10.964s] -- Up-to-date: /home/ubuntu/SSLRasp/install/message_info/include/message_info/msg/detail/ball_info__rosidl_typesupport_fastrtps_c.h
[10.965s] -- Up-to-date: /home/ubuntu/SSLRasp/install/message_info/include/message_info/msg/detail/info__rosidl_typesupport_fastrtps_c.h
[10.965s] -- Up-to-date: /home/ubuntu/SSLRasp/install/message_info/include/message_info/msg/rosidl_typesupport_fastrtps_c__visibility_control.h
[10.966s] -- Up-to-date: /home/ubuntu/SSLRasp/install/message_info/lib/libmessage_info__rosidl_typesupport_fastrtps_c.so
[10.966s] -- Up-to-date: /home/ubuntu/SSLRasp/install/message_info/include/message_info
[10.966s] -- Up-to-date: /home/ubuntu/SSLRasp/install/message_info/include/message_info/msg
[10.967s] -- Up-to-date: /home/ubuntu/SSLRasp/install/message_info/include/message_info/msg/detail
[10.967s] -- Up-to-date: /home/ubuntu/SSLRasp/install/message_info/include/message_info/msg/detail/field_line_segment__rosidl_typesupport_fastrtps_cpp.hpp
[10.968s] -- Up-to-date: /home/ubuntu/SSLRasp/install/message_info/include/message_info/msg/detail/ball_info__rosidl_typesupport_fastrtps_cpp.hpp
[10.968s] -- Up-to-date: /home/ubuntu/SSLRasp/install/message_info/include/message_info/msg/detail/detection_frame__rosidl_typesupport_fastrtps_cpp.hpp
[10.969s] -- Up-to-date: /home/ubuntu/SSLRasp/install/message_info/include/message_info/msg/detail/vision_geometry__rosidl_typesupport_fastrtps_cpp.hpp
[10.969s] -- Up-to-date: /home/ubuntu/SSLRasp/install/message_info/include/message_info/msg/detail/robot_command__rosidl_typesupport_fastrtps_cpp.hpp
[10.969s] -- Up-to-date: /home/ubuntu/SSLRasp/install/message_info/include/message_info/msg/detail/role__rosidl_typesupport_fastrtps_cpp.hpp
[10.970s] -- Up-to-date: /home/ubuntu/SSLRasp/install/message_info/include/message_info/msg/detail/detection_ball__rosidl_typesupport_fastrtps_cpp.hpp
[10.970s] -- Up-to-date: /home/ubuntu/SSLRasp/install/message_info/include/message_info/msg/detail/referee__rosidl_typesupport_fastrtps_cpp.hpp
[10.970s] -- Up-to-date: /home/ubuntu/SSLRasp/install/message_info/include/message_info/msg/detail/info__rosidl_typesupport_fastrtps_cpp.hpp
[10.971s] -- Up-to-date: /home/ubuntu/SSLRasp/install/message_info/include/message_info/msg/detail/detection_robot__rosidl_typesupport_fastrtps_cpp.hpp
[10.971s] -- Up-to-date: /home/ubuntu/SSLRasp/install/message_info/include/message_info/msg/detail/referee_team_info__rosidl_typesupport_fastrtps_cpp.hpp
[10.972s] -- Up-to-date: /home/ubuntu/SSLRasp/install/message_info/include/message_info/msg/detail/dds_fastrtps
[10.972s] -- Up-to-date: /home/ubuntu/SSLRasp/install/message_info/include/message_info/msg/detail/vision_detections__rosidl_typesupport_fastrtps_cpp.hpp
[10.973s] -- Up-to-date: /home/ubuntu/SSLRasp/install/message_info/include/message_info/msg/detail/goalie__rosidl_typesupport_fastrtps_cpp.hpp
[10.973s] -- Up-to-date: /home/ubuntu/SSLRasp/install/message_info/include/message_info/msg/detail/attacker__rosidl_typesupport_fastrtps_cpp.hpp
[10.973s] -- Up-to-date: /home/ubuntu/SSLRasp/install/message_info/include/message_info/msg/detail/referee_game_event__rosidl_typesupport_fastrtps_cpp.hpp
[10.974s] -- Up-to-date: /home/ubuntu/SSLRasp/install/message_info/include/message_info/msg/detail/test__rosidl_typesupport_fastrtps_cpp.hpp
[10.974s] -- Up-to-date: /home/ubuntu/SSLRasp/install/message_info/include/message_info/msg/detail/goal_info__rosidl_typesupport_fastrtps_cpp.hpp
[10.975s] -- Up-to-date: /home/ubuntu/SSLRasp/install/message_info/include/message_info/msg/detail/robot_commands__rosidl_typesupport_fastrtps_cpp.hpp
[10.975s] -- Up-to-date: /home/ubuntu/SSLRasp/install/message_info/include/message_info/msg/detail/field_circular_arc__rosidl_typesupport_fastrtps_cpp.hpp
[10.975s] -- Up-to-date: /home/ubuntu/SSLRasp/install/message_info/include/message_info/msg/rosidl_typesupport_fastrtps_cpp__visibility_control.h
[10.976s] -- Up-to-date: /home/ubuntu/SSLRasp/install/message_info/lib/libmessage_info__rosidl_typesupport_fastrtps_cpp.so
[10.976s] -- Up-to-date: /home/ubuntu/SSLRasp/install/message_info/include/message_info
[10.977s] -- Up-to-date: /home/ubuntu/SSLRasp/install/message_info/include/message_info/msg
[10.977s] -- Up-to-date: /home/ubuntu/SSLRasp/install/message_info/include/message_info/msg/detail
[10.977s] -- Up-to-date: /home/ubuntu/SSLRasp/install/message_info/include/message_info/msg/detail/goal_info__rosidl_typesupport_introspection_c.h
[10.978s] -- Up-to-date: /home/ubuntu/SSLRasp/install/message_info/include/message_info/msg/detail/goalie__type_support.c
[10.978s] -- Up-to-date: /home/ubuntu/SSLRasp/install/message_info/include/message_info/msg/detail/info__rosidl_typesupport_introspection_c.h
[10.978s] -- Up-to-date: /home/ubuntu/SSLRasp/install/message_info/include/message_info/msg/detail/vision_geometry__type_support.c
[10.979s] -- Up-to-date: /home/ubuntu/SSLRasp/install/message_info/include/message_info/msg/detail/detection_ball__type_support.c
[10.979s] -- Up-to-date: /home/ubuntu/SSLRasp/install/message_info/include/message_info/msg/detail/detection_frame__rosidl_typesupport_introspection_c.h
[10.979s] -- Up-to-date: /home/ubuntu/SSLRasp/install/message_info/include/message_info/msg/detail/test__type_support.c
[10.980s] -- Up-to-date: /home/ubuntu/SSLRasp/install/message_info/include/message_info/msg/detail/test__rosidl_typesupport_introspection_c.h
[10.980s] -- Up-to-date: /home/ubuntu/SSLRasp/install/message_info/include/message_info/msg/detail/robot_command__rosidl_typesupport_introspection_c.h
[10.980s] -- Up-to-date: /home/ubuntu/SSLRasp/install/message_info/include/message_info/msg/detail/ball_info__type_support.c
[10.981s] -- Up-to-date: /home/ubuntu/SSLRasp/install/message_info/include/message_info/msg/detail/robot_commands__type_support.c
[10.981s] -- Up-to-date: /home/ubuntu/SSLRasp/install/message_info/include/message_info/msg/detail/role__rosidl_typesupport_introspection_c.h
[10.982s] -- Up-to-date: /home/ubuntu/SSLRasp/install/message_info/include/message_info/msg/detail/robot_command__type_support.c
[10.982s] -- Up-to-date: /home/ubuntu/SSLRasp/install/message_info/include/message_info/msg/detail/field_circular_arc__type_support.c
[10.982s] -- Up-to-date: /home/ubuntu/SSLRasp/install/message_info/include/message_info/msg/detail/referee__type_support.c
[10.983s] -- Up-to-date: /home/ubuntu/SSLRasp/install/message_info/include/message_info/msg/detail/detection_frame__type_support.c
[10.983s] -- Up-to-date: /home/ubuntu/SSLRasp/install/message_info/include/message_info/msg/detail/robot_commands__rosidl_typesupport_introspection_c.h
[10.984s] -- Up-to-date: /home/ubuntu/SSLRasp/install/message_info/include/message_info/msg/detail/referee_game_event__type_support.c
[10.985s] -- Up-to-date: /home/ubuntu/SSLRasp/install/message_info/include/message_info/msg/detail/field_line_segment__rosidl_typesupport_introspection_c.h
[10.985s] -- Up-to-date: /home/ubuntu/SSLRasp/install/message_info/include/message_info/msg/detail/referee_team_info__rosidl_typesupport_introspection_c.h
[10.986s] -- Up-to-date: /home/ubuntu/SSLRasp/install/message_info/include/message_info/msg/detail/attacker__type_support.c
[10.986s] -- Up-to-date: /home/ubuntu/SSLRasp/install/message_info/include/message_info/msg/detail/field_line_segment__type_support.c
[10.986s] -- Up-to-date: /home/ubuntu/SSLRasp/install/message_info/include/message_info/msg/detail/vision_detections__rosidl_typesupport_introspection_c.h
[10.987s] -- Up-to-date: /home/ubuntu/SSLRasp/install/message_info/include/message_info/msg/detail/detection_robot__rosidl_typesupport_introspection_c.h
[10.987s] -- Up-to-date: /home/ubuntu/SSLRasp/install/message_info/include/message_info/msg/detail/role__type_support.c
[10.988s] -- Up-to-date: /home/ubuntu/SSLRasp/install/message_info/include/message_info/msg/detail/info__type_support.c
[10.988s] -- Up-to-date: /home/ubuntu/SSLRasp/install/message_info/include/message_info/msg/detail/referee_game_event__rosidl_typesupport_introspection_c.h
[10.989s] -- Up-to-date: /home/ubuntu/SSLRasp/install/message_info/include/message_info/msg/detail/ball_info__rosidl_typesupport_introspection_c.h
[10.989s] -- Up-to-date: /home/ubuntu/SSLRasp/install/message_info/include/message_info/msg/detail/detection_robot__type_support.c
[10.989s] -- Up-to-date: /home/ubuntu/SSLRasp/install/message_info/include/message_info/msg/detail/referee__rosidl_typesupport_introspection_c.h
[10.990s] -- Up-to-date: /home/ubuntu/SSLRasp/install/message_info/include/message_info/msg/detail/goalie__rosidl_typesupport_introspection_c.h
[10.990s] -- Up-to-date: /home/ubuntu/SSLRasp/install/message_info/include/message_info/msg/detail/field_circular_arc__rosidl_typesupport_introspection_c.h
[10.991s] -- Up-to-date: /home/ubuntu/SSLRasp/install/message_info/include/message_info/msg/detail/detection_ball__rosidl_typesupport_introspection_c.h
[10.991s] -- Up-to-date: /home/ubuntu/SSLRasp/install/message_info/include/message_info/msg/detail/goal_info__type_support.c
[10.992s] -- Up-to-date: /home/ubuntu/SSLRasp/install/message_info/include/message_info/msg/detail/vision_geometry__rosidl_typesupport_introspection_c.h
[10.992s] -- Up-to-date: /home/ubuntu/SSLRasp/install/message_info/include/message_info/msg/detail/referee_team_info__type_support.c
[10.992s] -- Up-to-date: /home/ubuntu/SSLRasp/install/message_info/include/message_info/msg/detail/attacker__rosidl_typesupport_introspection_c.h
[10.993s] -- Up-to-date: /home/ubuntu/SSLRasp/install/message_info/include/message_info/msg/detail/vision_detections__type_support.c
[10.993s] -- Up-to-date: /home/ubuntu/SSLRasp/install/message_info/include/message_info/msg/rosidl_typesupport_introspection_c__visibility_control.h
[10.994s] -- Up-to-date: /home/ubuntu/SSLRasp/install/message_info/lib/libmessage_info__rosidl_typesupport_introspection_c.so
[10.994s] -- Up-to-date: /home/ubuntu/SSLRasp/install/message_info/lib/libmessage_info__rosidl_typesupport_c.so
[10.994s] -- Up-to-date: /home/ubuntu/SSLRasp/install/message_info/include/message_info
[10.995s] -- Up-to-date: /home/ubuntu/SSLRasp/install/message_info/include/message_info/msg
[10.995s] -- Up-to-date: /home/ubuntu/SSLRasp/install/message_info/include/message_info/msg/ball_info.hpp
[10.996s] -- Up-to-date: /home/ubuntu/SSLRasp/install/message_info/include/message_info/msg/referee.hpp
[10.996s] -- Up-to-date: /home/ubuntu/SSLRasp/install/message_info/include/message_info/msg/goal_info.hpp
[10.996s] -- Up-to-date: /home/ubuntu/SSLRasp/install/message_info/include/message_info/msg/detection_robot.hpp
[10.997s] -- Up-to-date: /home/ubuntu/SSLRasp/install/message_info/include/message_info/msg/vision_geometry.hpp
[10.997s] -- Up-to-date: /home/ubuntu/SSLRasp/install/message_info/include/message_info/msg/field_line_segment.hpp
[10.998s] -- Up-to-date: /home/ubuntu/SSLRasp/install/message_info/include/message_info/msg/detail
[10.998s] -- Up-to-date: /home/ubuntu/SSLRasp/install/message_info/include/message_info/msg/detail/referee_game_event__builder.hpp
[10.999s] -- Up-to-date: /home/ubuntu/SSLRasp/install/message_info/include/message_info/msg/detail/vision_detections__traits.hpp
[10.999s] -- Up-to-date: /home/ubuntu/SSLRasp/install/message_info/include/message_info/msg/detail/ball_info__struct.hpp
[10.999s] -- Up-to-date: /home/ubuntu/SSLRasp/install/message_info/include/message_info/msg/detail/field_line_segment__struct.hpp
[11.000s] -- Up-to-date: /home/ubuntu/SSLRasp/install/message_info/include/message_info/msg/detail/goalie__traits.hpp
[11.000s] -- Up-to-date: /home/ubuntu/SSLRasp/install/message_info/include/message_info/msg/detail/referee_team_info__builder.hpp
[11.001s] -- Up-to-date: /home/ubuntu/SSLRasp/install/message_info/include/message_info/msg/detail/goal_info__traits.hpp
[11.001s] -- Up-to-date: /home/ubuntu/SSLRasp/install/message_info/include/message_info/msg/detail/info__traits.hpp
[11.001s] -- Up-to-date: /home/ubuntu/SSLRasp/install/message_info/include/message_info/msg/detail/vision_geometry__builder.hpp
[11.002s] -- Up-to-date: /home/ubuntu/SSLRasp/install/message_info/include/message_info/msg/detail/goalie__struct.hpp
[11.002s] -- Up-to-date: /home/ubuntu/SSLRasp/install/message_info/include/message_info/msg/detail/detection_ball__struct.hpp
[11.003s] -- Up-to-date: /home/ubuntu/SSLRasp/install/message_info/include/message_info/msg/detail/goalie__builder.hpp
[11.003s] -- Up-to-date: /home/ubuntu/SSLRasp/install/message_info/include/message_info/msg/detail/goal_info__builder.hpp
[11.004s] -- Up-to-date: /home/ubuntu/SSLRasp/install/message_info/include/message_info/msg/detail/detection_robot__builder.hpp
[11.004s] -- Up-to-date: /home/ubuntu/SSLRasp/install/message_info/include/message_info/msg/detail/vision_geometry__struct.hpp
[11.004s] -- Up-to-date: /home/ubuntu/SSLRasp/install/message_info/include/message_info/msg/detail/referee__struct.hpp
[11.005s] -- Up-to-date: /home/ubuntu/SSLRasp/install/message_info/include/message_info/msg/detail/robot_commands__traits.hpp
[11.005s] -- Up-to-date: /home/ubuntu/SSLRasp/install/message_info/include/message_info/msg/detail/role__builder.hpp
[11.005s] -- Up-to-date: /home/ubuntu/SSLRasp/install/message_info/include/message_info/msg/detail/referee_game_event__traits.hpp
[11.006s] -- Up-to-date: /home/ubuntu/SSLRasp/install/message_info/include/message_info/msg/detail/test__traits.hpp
[11.006s] -- Up-to-date: /home/ubuntu/SSLRasp/install/message_info/include/message_info/msg/detail/attacker__traits.hpp
[11.007s] -- Up-to-date: /home/ubuntu/SSLRasp/install/message_info/include/message_info/msg/detail/field_circular_arc__traits.hpp
[11.007s] -- Up-to-date: /home/ubuntu/SSLRasp/install/message_info/include/message_info/msg/detail/ball_info__builder.hpp
[11.007s] -- Up-to-date: /home/ubuntu/SSLRasp/install/message_info/include/message_info/msg/detail/vision_detections__struct.hpp
[11.008s] -- Up-to-date: /home/ubuntu/SSLRasp/install/message_info/include/message_info/msg/detail/referee__builder.hpp
[11.008s] -- Up-to-date: /home/ubuntu/SSLRasp/install/message_info/include/message_info/msg/detail/test__struct.hpp
[11.009s] -- Up-to-date: /home/ubuntu/SSLRasp/install/message_info/include/message_info/msg/detail/attacker__builder.hpp
[11.009s] -- Up-to-date: /home/ubuntu/SSLRasp/install/message_info/include/message_info/msg/detail/detection_frame__builder.hpp
[11.009s] -- Up-to-date: /home/ubuntu/SSLRasp/install/message_info/include/message_info/msg/detail/detection_frame__struct.hpp
[11.010s] -- Up-to-date: /home/ubuntu/SSLRasp/install/message_info/include/message_info/msg/detail/field_line_segment__builder.hpp
[11.010s] -- Up-to-date: /home/ubuntu/SSLRasp/install/message_info/include/message_info/msg/detail/robot_command__builder.hpp
[11.011s] -- Up-to-date: /home/ubuntu/SSLRasp/install/message_info/include/message_info/msg/detail/goal_info__struct.hpp
[11.011s] -- Up-to-date: /home/ubuntu/SSLRasp/install/message_info/include/message_info/msg/detail/test__builder.hpp
[11.011s] -- Up-to-date: /home/ubuntu/SSLRasp/install/message_info/include/message_info/msg/detail/referee_team_info__traits.hpp
[11.012s] -- Up-to-date: /home/ubuntu/SSLRasp/install/message_info/include/message_info/msg/detail/role__struct.hpp
[11.012s] -- Up-to-date: /home/ubuntu/SSLRasp/install/message_info/include/message_info/msg/detail/robot_commands__builder.hpp
[11.013s] -- Up-to-date: /home/ubuntu/SSLRasp/install/message_info/include/message_info/msg/detail/field_circular_arc__builder.hpp
[11.013s] -- Up-to-date: /home/ubuntu/SSLRasp/install/message_info/include/message_info/msg/detail/referee__traits.hpp
[11.013s] -- Up-to-date: /home/ubuntu/SSLRasp/install/message_info/include/message_info/msg/detail/vision_geometry__traits.hpp
[11.014s] -- Up-to-date: /home/ubuntu/SSLRasp/install/message_info/include/message_info/msg/detail/detection_robot__struct.hpp
[11.014s] -- Up-to-date: /home/ubuntu/SSLRasp/install/message_info/include/message_info/msg/detail/attacker__struct.hpp
[11.014s] -- Up-to-date: /home/ubuntu/SSLRasp/install/message_info/include/message_info/msg/detail/info__struct.hpp
[11.015s] -- Up-to-date: /home/ubuntu/SSLRasp/install/message_info/include/message_info/msg/detail/vision_detections__builder.hpp
[11.015s] -- Up-to-date: /home/ubuntu/SSLRasp/install/message_info/include/message_info/msg/detail/role__traits.hpp
[11.015s] -- Up-to-date: /home/ubuntu/SSLRasp/install/message_info/include/message_info/msg/detail/robot_commands__struct.hpp
[11.016s] -- Up-to-date: /home/ubuntu/SSLRasp/install/message_info/include/message_info/msg/detail/robot_command__struct.hpp
[11.016s] -- Up-to-date: /home/ubuntu/SSLRasp/install/message_info/include/message_info/msg/detail/field_circular_arc__struct.hpp
[11.017s] -- Up-to-date: /home/ubuntu/SSLRasp/install/message_info/include/message_info/msg/detail/referee_game_event__struct.hpp
[11.017s] -- Up-to-date: /home/ubuntu/SSLRasp/install/message_info/include/message_info/msg/detail/field_line_segment__traits.hpp
[11.017s] -- Up-to-date: /home/ubuntu/SSLRasp/install/message_info/include/message_info/msg/detail/referee_team_info__struct.hpp
[11.018s] -- Up-to-date: /home/ubuntu/SSLRasp/install/message_info/include/message_info/msg/detail/ball_info__traits.hpp
[11.018s] -- Up-to-date: /home/ubuntu/SSLRasp/install/message_info/include/message_info/msg/detail/detection_robot__traits.hpp
[11.019s] -- Up-to-date: /home/ubuntu/SSLRasp/install/message_info/include/message_info/msg/detail/robot_command__traits.hpp
[11.019s] -- Up-to-date: /home/ubuntu/SSLRasp/install/message_info/include/message_info/msg/detail/info__builder.hpp
[11.020s] -- Up-to-date: /home/ubuntu/SSLRasp/install/message_info/include/message_info/msg/detail/detection_ball__builder.hpp
[11.020s] -- Up-to-date: /home/ubuntu/SSLRasp/install/message_info/include/message_info/msg/detail/detection_frame__traits.hpp
[11.020s] -- Up-to-date: /home/ubuntu/SSLRasp/install/message_info/include/message_info/msg/detail/detection_ball__traits.hpp
[11.021s] -- Up-to-date: /home/ubuntu/SSLRasp/install/message_info/include/message_info/msg/detection_ball.hpp
[11.021s] -- Up-to-date: /home/ubuntu/SSLRasp/install/message_info/include/message_info/msg/detection_frame.hpp
[11.021s] -- Up-to-date: /home/ubuntu/SSLRasp/install/message_info/include/message_info/msg/attacker.hpp
[11.022s] -- Up-to-date: /home/ubuntu/SSLRasp/install/message_info/include/message_info/msg/robot_command.hpp
[11.022s] -- Up-to-date: /home/ubuntu/SSLRasp/install/message_info/include/message_info/msg/goalie.hpp
[11.022s] -- Up-to-date: /home/ubuntu/SSLRasp/install/message_info/include/message_info/msg/info.hpp
[11.023s] -- Up-to-date: /home/ubuntu/SSLRasp/install/message_info/include/message_info/msg/referee_game_event.hpp
[11.023s] -- Up-to-date: /home/ubuntu/SSLRasp/install/message_info/include/message_info/msg/test.hpp
[11.024s] -- Up-to-date: /home/ubuntu/SSLRasp/install/message_info/include/message_info/msg/robot_commands.hpp
[11.024s] -- Up-to-date: /home/ubuntu/SSLRasp/install/message_info/include/message_info/msg/role.hpp
[11.024s] -- Up-to-date: /home/ubuntu/SSLRasp/install/message_info/include/message_info/msg/referee_team_info.hpp
[11.025s] -- Up-to-date: /home/ubuntu/SSLRasp/install/message_info/include/message_info/msg/field_circular_arc.hpp
[11.025s] -- Up-to-date: /home/ubuntu/SSLRasp/install/message_info/include/message_info/msg/vision_detections.hpp
[11.025s] -- Up-to-date: /home/ubuntu/SSLRasp/install/message_info/include/message_info
[11.026s] -- Up-to-date: /home/ubuntu/SSLRasp/install/message_info/include/message_info/msg
[11.026s] -- Up-to-date: /home/ubuntu/SSLRasp/install/message_info/include/message_info/msg/detail
[11.026s] -- Up-to-date: /home/ubuntu/SSLRasp/install/message_info/include/message_info/msg/detail/goal_info__rosidl_typesupport_introspection_cpp.hpp
[11.027s] -- Up-to-date: /home/ubuntu/SSLRasp/install/message_info/include/message_info/msg/detail/referee_game_event__rosidl_typesupport_introspection_cpp.hpp
[11.027s] -- Up-to-date: /home/ubuntu/SSLRasp/install/message_info/include/message_info/msg/detail/referee_game_event__type_support.cpp
[11.028s] -- Up-to-date: /home/ubuntu/SSLRasp/install/message_info/include/message_info/msg/detail/robot_commands__type_support.cpp
[11.028s] -- Up-to-date: /home/ubuntu/SSLRasp/install/message_info/include/message_info/msg/detail/detection_frame__rosidl_typesupport_introspection_cpp.hpp
[11.028s] -- Up-to-date: /home/ubuntu/SSLRasp/install/message_info/include/message_info/msg/detail/detection_ball__rosidl_typesupport_introspection_cpp.hpp
[11.029s] -- Up-to-date: /home/ubuntu/SSLRasp/install/message_info/include/message_info/msg/detail/vision_geometry__rosidl_typesupport_introspection_cpp.hpp
[11.029s] -- Up-to-date: /home/ubuntu/SSLRasp/install/message_info/include/message_info/msg/detail/robot_commands__rosidl_typesupport_introspection_cpp.hpp
[11.030s] -- Up-to-date: /home/ubuntu/SSLRasp/install/message_info/include/message_info/msg/detail/detection_robot__rosidl_typesupport_introspection_cpp.hpp
[11.030s] -- Up-to-date: /home/ubuntu/SSLRasp/install/message_info/include/message_info/msg/detail/test__rosidl_typesupport_introspection_cpp.hpp
[11.030s] -- Up-to-date: /home/ubuntu/SSLRasp/install/message_info/include/message_info/msg/detail/ball_info__type_support.cpp
[11.031s] -- Up-to-date: /home/ubuntu/SSLRasp/install/message_info/include/message_info/msg/detail/detection_robot__type_support.cpp
[11.031s] -- Up-to-date: /home/ubuntu/SSLRasp/install/message_info/include/message_info/msg/detail/role__rosidl_typesupport_introspection_cpp.hpp
[11.032s] -- Up-to-date: /home/ubuntu/SSLRasp/install/message_info/include/message_info/msg/detail/goalie__rosidl_typesupport_introspection_cpp.hpp
[11.032s] -- Up-to-date: /home/ubuntu/SSLRasp/install/message_info/include/message_info/msg/detail/detection_ball__type_support.cpp
[11.032s] -- Up-to-date: /home/ubuntu/SSLRasp/install/message_info/include/message_info/msg/detail/field_circular_arc__type_support.cpp
[11.033s] -- Up-to-date: /home/ubuntu/SSLRasp/install/message_info/include/message_info/msg/detail/referee__type_support.cpp
[11.033s] -- Up-to-date: /home/ubuntu/SSLRasp/install/message_info/include/message_info/msg/detail/field_line_segment__rosidl_typesupport_introspection_cpp.hpp
[11.034s] -- Up-to-date: /home/ubuntu/SSLRasp/install/message_info/include/message_info/msg/detail/vision_detections__type_support.cpp
[11.034s] -- Up-to-date: /home/ubuntu/SSLRasp/install/message_info/include/message_info/msg/detail/attacker__type_support.cpp
[11.034s] -- Up-to-date: /home/ubuntu/SSLRasp/install/message_info/include/message_info/msg/detail/goal_info__type_support.cpp
[11.035s] -- Up-to-date: /home/ubuntu/SSLRasp/install/message_info/include/message_info/msg/detail/info__type_support.cpp
[11.035s] -- Up-to-date: /home/ubuntu/SSLRasp/install/message_info/include/message_info/msg/detail/field_circular_arc__rosidl_typesupport_introspection_cpp.hpp
[11.036s] -- Up-to-date: /home/ubuntu/SSLRasp/install/message_info/include/message_info/msg/detail/ball_info__rosidl_typesupport_introspection_cpp.hpp
[11.036s] -- Up-to-date: /home/ubuntu/SSLRasp/install/message_info/include/message_info/msg/detail/robot_command__type_support.cpp
[11.036s] -- Up-to-date: /home/ubuntu/SSLRasp/install/message_info/include/message_info/msg/detail/referee__rosidl_typesupport_introspection_cpp.hpp
[11.037s] -- Up-to-date: /home/ubuntu/SSLRasp/install/message_info/include/message_info/msg/detail/vision_geometry__type_support.cpp
[11.037s] -- Up-to-date: /home/ubuntu/SSLRasp/install/message_info/include/message_info/msg/detail/referee_team_info__type_support.cpp
[11.037s] -- Up-to-date: /home/ubuntu/SSLRasp/install/message_info/include/message_info/msg/detail/goalie__type_support.cpp
[11.038s] -- Up-to-date: /home/ubuntu/SSLRasp/install/message_info/include/message_info/msg/detail/field_line_segment__type_support.cpp
[11.038s] -- Up-to-date: /home/ubuntu/SSLRasp/install/message_info/include/message_info/msg/detail/detection_frame__type_support.cpp
[11.038s] -- Up-to-date: /home/ubuntu/SSLRasp/install/message_info/include/message_info/msg/detail/info__rosidl_typesupport_introspection_cpp.hpp
[11.039s] -- Up-to-date: /home/ubuntu/SSLRasp/install/message_info/include/message_info/msg/detail/attacker__rosidl_typesupport_introspection_cpp.hpp
[11.039s] -- Up-to-date: /home/ubuntu/SSLRasp/install/message_info/include/message_info/msg/detail/role__type_support.cpp
[11.039s] -- Up-to-date: /home/ubuntu/SSLRasp/install/message_info/include/message_info/msg/detail/test__type_support.cpp
[11.040s] -- Up-to-date: /home/ubuntu/SSLRasp/install/message_info/include/message_info/msg/detail/referee_team_info__rosidl_typesupport_introspection_cpp.hpp
[11.040s] -- Up-to-date: /home/ubuntu/SSLRasp/install/message_info/include/message_info/msg/detail/robot_command__rosidl_typesupport_introspection_cpp.hpp
[11.040s] -- Up-to-date: /home/ubuntu/SSLRasp/install/message_info/include/message_info/msg/detail/vision_detections__rosidl_typesupport_introspection_cpp.hpp
[11.041s] -- Up-to-date: /home/ubuntu/SSLRasp/install/message_info/lib/libmessage_info__rosidl_typesupport_introspection_cpp.so
[11.041s] -- Up-to-date: /home/ubuntu/SSLRasp/install/message_info/lib/libmessage_info__rosidl_typesupport_cpp.so
[11.041s] -- Up-to-date: /home/ubuntu/SSLRasp/install/message_info/share/message_info/environment/pythonpath.sh
[11.041s] -- Up-to-date: /home/ubuntu/SSLRasp/install/message_info/share/message_info/environment/pythonpath.dsv
[11.042s] -- Up-to-date: /home/ubuntu/SSLRasp/install/message_info/lib/python3.8/site-packages/message_info/__init__.py
[11.169s] -- Up-to-date: /home/ubuntu/SSLRasp/install/message_info/lib/python3.8/site-packages/message_info/msg
[11.170s] -- Up-to-date: /home/ubuntu/SSLRasp/install/message_info/lib/python3.8/site-packages/message_info/msg/_referee.py
[11.170s] -- Up-to-date: /home/ubuntu/SSLRasp/install/message_info/lib/python3.8/site-packages/message_info/msg/_referee_game_event_s.c
[11.171s] -- Up-to-date: /home/ubuntu/SSLRasp/install/message_info/lib/python3.8/site-packages/message_info/msg/__init__.py
[11.171s] -- Up-to-date: /home/ubuntu/SSLRasp/install/message_info/lib/python3.8/site-packages/message_info/msg/_vision_geometry.py
[11.172s] -- Up-to-date: /home/ubuntu/SSLRasp/install/message_info/lib/python3.8/site-packages/message_info/msg/_vision_geometry_s.c
[11.172s] -- Up-to-date: /home/ubuntu/SSLRasp/install/message_info/lib/python3.8/site-packages/message_info/msg/_field_circular_arc_s.c
[11.172s] -- Up-to-date: /home/ubuntu/SSLRasp/install/message_info/lib/python3.8/site-packages/message_info/msg/_goalie.py
[11.173s] -- Up-to-date: /home/ubuntu/SSLRasp/install/message_info/lib/python3.8/site-packages/message_info/msg/_ball_info.py
[11.173s] -- Up-to-date: /home/ubuntu/SSLRasp/install/message_info/lib/python3.8/site-packages/message_info/msg/_robot_command.py
[11.174s] -- Up-to-date: /home/ubuntu/SSLRasp/install/message_info/lib/python3.8/site-packages/message_info/msg/_info.py
[11.174s] -- Up-to-date: /home/ubuntu/SSLRasp/install/message_info/lib/python3.8/site-packages/message_info/msg/_detection_frame_s.c
[11.175s] -- Up-to-date: /home/ubuntu/SSLRasp/install/message_info/lib/python3.8/site-packages/message_info/msg/_goalie_s.c
[11.175s] -- Up-to-date: /home/ubuntu/SSLRasp/install/message_info/lib/python3.8/site-packages/message_info/msg/_field_line_segment.py
[11.176s] -- Up-to-date: /home/ubuntu/SSLRasp/install/message_info/lib/python3.8/site-packages/message_info/msg/_robot_command_s.c
[11.176s] -- Up-to-date: /home/ubuntu/SSLRasp/install/message_info/lib/python3.8/site-packages/message_info/msg/_detection_frame.py
[11.177s] -- Up-to-date: /home/ubuntu/SSLRasp/install/message_info/lib/python3.8/site-packages/message_info/msg/_robot_commands_s.c
[11.177s] -- Up-to-date: /home/ubuntu/SSLRasp/install/message_info/lib/python3.8/site-packages/message_info/msg/_robot_commands.py
[11.178s] -- Up-to-date: /home/ubuntu/SSLRasp/install/message_info/lib/python3.8/site-packages/message_info/msg/_attacker.py
[11.178s] -- Up-to-date: /home/ubuntu/SSLRasp/install/message_info/lib/python3.8/site-packages/message_info/msg/_referee_game_event.py
[11.179s] -- Up-to-date: /home/ubuntu/SSLRasp/install/message_info/lib/python3.8/site-packages/message_info/msg/_detection_ball.py
[11.180s] -- Up-to-date: /home/ubuntu/SSLRasp/install/message_info/lib/python3.8/site-packages/message_info/msg/_role_s.c
[11.180s] -- Up-to-date: /home/ubuntu/SSLRasp/install/message_info/lib/python3.8/site-packages/message_info/msg/_attacker_s.c
[11.181s] -- Up-to-date: /home/ubuntu/SSLRasp/install/message_info/lib/python3.8/site-packages/message_info/msg/_test.py
[11.181s] -- Up-to-date: /home/ubuntu/SSLRasp/install/message_info/lib/python3.8/site-packages/message_info/msg/_detection_robot.py
[11.182s] -- Up-to-date: /home/ubuntu/SSLRasp/install/message_info/lib/python3.8/site-packages/message_info/msg/_field_circular_arc.py
[11.182s] -- Up-to-date: /home/ubuntu/SSLRasp/install/message_info/lib/python3.8/site-packages/message_info/msg/_detection_robot_s.c
[11.182s] -- Up-to-date: /home/ubuntu/SSLRasp/install/message_info/lib/python3.8/site-packages/message_info/msg/_detection_ball_s.c
[11.183s] -- Up-to-date: /home/ubuntu/SSLRasp/install/message_info/lib/python3.8/site-packages/message_info/msg/_vision_detections_s.c
[11.184s] -- Up-to-date: /home/ubuntu/SSLRasp/install/message_info/lib/python3.8/site-packages/message_info/msg/_info_s.c
[11.184s] -- Up-to-date: /home/ubuntu/SSLRasp/install/message_info/lib/python3.8/site-packages/message_info/msg/_referee_team_info.py
[11.185s] -- Up-to-date: /home/ubuntu/SSLRasp/install/message_info/lib/python3.8/site-packages/message_info/msg/_field_line_segment_s.c
[11.185s] -- Up-to-date: /home/ubuntu/SSLRasp/install/message_info/lib/python3.8/site-packages/message_info/msg/_goal_info_s.c
[11.186s] -- Up-to-date: /home/ubuntu/SSLRasp/install/message_info/lib/python3.8/site-packages/message_info/msg/_ball_info_s.c
[11.186s] -- Up-to-date: /home/ubuntu/SSLRasp/install/message_info/lib/python3.8/site-packages/message_info/msg/_referee_team_info_s.c
[11.186s] -- Up-to-date: /home/ubuntu/SSLRasp/install/message_info/lib/python3.8/site-packages/message_info/msg/_vision_detections.py
[11.187s] -- Up-to-date: /home/ubuntu/SSLRasp/install/message_info/lib/python3.8/site-packages/message_info/msg/_goal_info.py
[11.187s] -- Up-to-date: /home/ubuntu/SSLRasp/install/message_info/lib/python3.8/site-packages/message_info/msg/_referee_s.c
[11.188s] -- Up-to-date: /home/ubuntu/SSLRasp/install/message_info/lib/python3.8/site-packages/message_info/msg/_role.py
[11.188s] -- Up-to-date: /home/ubuntu/SSLRasp/install/message_info/lib/python3.8/site-packages/message_info/msg/_test_s.c
[11.188s] -- Up-to-date: /home/ubuntu/SSLRasp/install/message_info/lib/python3.8/site-packages/message_info/message_info_s__rosidl_typesupport_fastrtps_c.cpython-38-aarch64-linux-gnu.so
[11.189s] -- Up-to-date: /home/ubuntu/SSLRasp/install/message_info/lib/python3.8/site-packages/message_info/message_info_s__rosidl_typesupport_introspection_c.cpython-38-aarch64-linux-gnu.so
[11.190s] -- Up-to-date: /home/ubuntu/SSLRasp/install/message_info/lib/python3.8/site-packages/message_info/message_info_s__rosidl_typesupport_c.cpython-38-aarch64-linux-gnu.so
[11.193s] -- Up-to-date: /home/ubuntu/SSLRasp/install/message_info/lib/libmessage_info__python.so
[11.194s] -- Up-to-date: /home/ubuntu/SSLRasp/install/message_info/share/message_info/msg/RefereeGameEvent.idl
[11.195s] -- Up-to-date: /home/ubuntu/SSLRasp/install/message_info/share/message_info/msg/RefereeTeamInfo.idl
[11.195s] -- Up-to-date: /home/ubuntu/SSLRasp/install/message_info/share/message_info/msg/Referee.idl
[11.196s] -- Up-to-date: /home/ubuntu/SSLRasp/install/message_info/share/message_info/msg/FieldCircularArc.idl
[11.196s] -- Up-to-date: /home/ubuntu/SSLRasp/install/message_info/share/message_info/msg/FieldLineSegment.idl
[11.197s] -- Up-to-date: /home/ubuntu/SSLRasp/install/message_info/share/message_info/msg/VisionGeometry.idl
[11.197s] -- Up-to-date: /home/ubuntu/SSLRasp/install/message_info/share/message_info/msg/DetectionBall.idl
[11.198s] -- Up-to-date: /home/ubuntu/SSLRasp/install/message_info/share/message_info/msg/DetectionRobot.idl
[11.198s] -- Up-to-date: /home/ubuntu/SSLRasp/install/message_info/share/message_info/msg/DetectionFrame.idl
[11.199s] -- Up-to-date: /home/ubuntu/SSLRasp/install/message_info/share/message_info/msg/VisionDetections.idl
[11.199s] -- Up-to-date: /home/ubuntu/SSLRasp/install/message_info/share/message_info/msg/RobotCommand.idl
[11.200s] -- Up-to-date: /home/ubuntu/SSLRasp/install/message_info/share/message_info/msg/RobotCommands.idl
[11.200s] -- Up-to-date: /home/ubuntu/SSLRasp/install/message_info/share/message_info/msg/Test.idl
[11.201s] -- Up-to-date: /home/ubuntu/SSLRasp/install/message_info/share/message_info/msg/BallInfo.idl
[11.201s] -- Up-to-date: /home/ubuntu/SSLRasp/install/message_info/share/message_info/msg/GoalInfo.idl
[11.202s] -- Up-to-date: /home/ubuntu/SSLRasp/install/message_info/share/message_info/msg/Role.idl
[11.202s] -- Up-to-date: /home/ubuntu/SSLRasp/install/message_info/share/message_info/msg/Attacker.idl
[11.203s] -- Up-to-date: /home/ubuntu/SSLRasp/install/message_info/share/message_info/msg/Goalie.idl
[11.203s] -- Up-to-date: /home/ubuntu/SSLRasp/install/message_info/share/message_info/msg/Info.idl
[11.204s] -- Up-to-date: /home/ubuntu/SSLRasp/install/message_info/share/message_info/msg/RefereeGameEvent.msg
[11.204s] -- Up-to-date: /home/ubuntu/SSLRasp/install/message_info/share/message_info/msg/RefereeTeamInfo.msg
[11.205s] -- Up-to-date: /home/ubuntu/SSLRasp/install/message_info/share/message_info/msg/Referee.msg
[11.205s] -- Up-to-date: /home/ubuntu/SSLRasp/install/message_info/share/message_info/msg/FieldCircularArc.msg
[11.206s] -- Up-to-date: /home/ubuntu/SSLRasp/install/message_info/share/message_info/msg/FieldLineSegment.msg
[11.206s] -- Up-to-date: /home/ubuntu/SSLRasp/install/message_info/share/message_info/msg/VisionGeometry.msg
[11.207s] -- Up-to-date: /home/ubuntu/SSLRasp/install/message_info/share/message_info/msg/DetectionBall.msg
[11.207s] -- Up-to-date: /home/ubuntu/SSLRasp/install/message_info/share/message_info/msg/DetectionRobot.msg
[11.208s] -- Up-to-date: /home/ubuntu/SSLRasp/install/message_info/share/message_info/msg/DetectionFrame.msg
[11.208s] -- Up-to-date: /home/ubuntu/SSLRasp/install/message_info/share/message_info/msg/VisionDetections.msg
[11.209s] -- Up-to-date: /home/ubuntu/SSLRasp/install/message_info/share/message_info/msg/RobotCommand.msg
[11.209s] -- Up-to-date: /home/ubuntu/SSLRasp/install/message_info/share/message_info/msg/RobotCommands.msg
[11.210s] -- Up-to-date: /home/ubuntu/SSLRasp/install/message_info/share/message_info/msg/Test.msg
[11.210s] -- Up-to-date: /home/ubuntu/SSLRasp/install/message_info/share/message_info/msg/BallInfo.msg
[11.211s] -- Up-to-date: /home/ubuntu/SSLRasp/install/message_info/share/message_info/msg/GoalInfo.msg
[11.211s] -- Up-to-date: /home/ubuntu/SSLRasp/install/message_info/share/message_info/msg/Role.msg
[11.212s] -- Up-to-date: /home/ubuntu/SSLRasp/install/message_info/share/message_info/msg/Attacker.msg
[11.212s] -- Up-to-date: /home/ubuntu/SSLRasp/install/message_info/share/message_info/msg/Goalie.msg
[11.213s] -- Up-to-date: /home/ubuntu/SSLRasp/install/message_info/share/message_info/msg/Info.msg
[11.213s] -- Up-to-date: /home/ubuntu/SSLRasp/install/message_info/share/ament_index/resource_index/package_run_dependencies/message_info
[11.213s] -- Up-to-date: /home/ubuntu/SSLRasp/install/message_info/share/ament_index/resource_index/parent_prefix_path/message_info
[11.214s] -- Up-to-date: /home/ubuntu/SSLRasp/install/message_info/share/message_info/environment/ament_prefix_path.sh
[11.214s] -- Up-to-date: /home/ubuntu/SSLRasp/install/message_info/share/message_info/environment/ament_prefix_path.dsv
[11.215s] -- Up-to-date: /home/ubuntu/SSLRasp/install/message_info/share/message_info/environment/path.sh
[11.215s] -- Up-to-date: /home/ubuntu/SSLRasp/install/message_info/share/message_info/environment/path.dsv
[11.216s] -- Up-to-date: /home/ubuntu/SSLRasp/install/message_info/share/message_info/local_setup.bash
[11.216s] -- Up-to-date: /home/ubuntu/SSLRasp/install/message_info/share/message_info/local_setup.sh
[11.217s] -- Up-to-date: /home/ubuntu/SSLRasp/install/message_info/share/message_info/local_setup.zsh
[11.217s] -- Up-to-date: /home/ubuntu/SSLRasp/install/message_info/share/message_info/local_setup.dsv
[11.218s] -- Installing: /home/ubuntu/SSLRasp/install/message_info/share/message_info/package.dsv
[11.219s] -- Up-to-date: /home/ubuntu/SSLRasp/install/message_info/share/ament_index/resource_index/packages/message_info
[11.220s] -- Up-to-date: /home/ubuntu/SSLRasp/install/message_info/share/message_info/cmake/message_info__rosidl_generator_cExport.cmake
[11.221s] -- Up-to-date: /home/ubuntu/SSLRasp/install/message_info/share/message_info/cmake/message_info__rosidl_generator_cExport-noconfig.cmake
[11.222s] -- Up-to-date: /home/ubuntu/SSLRasp/install/message_info/share/message_info/cmake/message_info__rosidl_typesupport_introspection_cExport.cmake
[11.223s] -- Up-to-date: /home/ubuntu/SSLRasp/install/message_info/share/message_info/cmake/message_info__rosidl_typesupport_introspection_cExport-noconfig.cmake
[11.224s] -- Up-to-date: /home/ubuntu/SSLRasp/install/message_info/share/message_info/cmake/message_info__rosidl_typesupport_cExport.cmake
[11.224s] -- Up-to-date: /home/ubuntu/SSLRasp/install/message_info/share/message_info/cmake/message_info__rosidl_typesupport_cExport-noconfig.cmake
[11.225s] -- Up-to-date: /home/ubuntu/SSLRasp/install/message_info/share/message_info/cmake/message_info__rosidl_generator_cppExport.cmake
[11.226s] -- Up-to-date: /home/ubuntu/SSLRasp/install/message_info/share/message_info/cmake/message_info__rosidl_typesupport_introspection_cppExport.cmake
[11.227s] -- Up-to-date: /home/ubuntu/SSLRasp/install/message_info/share/message_info/cmake/message_info__rosidl_typesupport_introspection_cppExport-noconfig.cmake
[11.228s] -- Up-to-date: /home/ubuntu/SSLRasp/install/message_info/share/message_info/cmake/message_info__rosidl_typesupport_cppExport.cmake
[11.229s] -- Up-to-date: /home/ubuntu/SSLRasp/install/message_info/share/message_info/cmake/message_info__rosidl_typesupport_cppExport-noconfig.cmake
[11.229s] -- Up-to-date: /home/ubuntu/SSLRasp/install/message_info/share/message_info/cmake/rosidl_cmake-extras.cmake
[11.230s] -- Up-to-date: /home/ubuntu/SSLRasp/install/message_info/share/message_info/cmake/ament_cmake_export_dependencies-extras.cmake
[11.230s] -- Up-to-date: /home/ubuntu/SSLRasp/install/message_info/share/message_info/cmake/ament_cmake_export_libraries-extras.cmake
[11.231s] -- Up-to-date: /home/ubuntu/SSLRasp/install/message_info/share/message_info/cmake/ament_cmake_export_targets-extras.cmake
[11.232s] -- Up-to-date: /home/ubuntu/SSLRasp/install/message_info/share/message_info/cmake/ament_cmake_export_include_directories-extras.cmake
[11.232s] -- Up-to-date: /home/ubuntu/SSLRasp/install/message_info/share/message_info/cmake/rosidl_cmake_export_typesupport_libraries-extras.cmake
[11.233s] -- Up-to-date: /home/ubuntu/SSLRasp/install/message_info/share/message_info/cmake/rosidl_cmake_export_typesupport_targets-extras.cmake
[11.233s] -- Up-to-date: /home/ubuntu/SSLRasp/install/message_info/share/message_info/cmake/message_infoConfig.cmake
[11.234s] -- Up-to-date: /home/ubuntu/SSLRasp/install/message_info/share/message_info/cmake/message_infoConfig-version.cmake
[11.234s] -- Up-to-date: /home/ubuntu/SSLRasp/install/message_info/share/message_info/package.xml
[11.246s] Invoked command in '/home/ubuntu/SSLRasp/build/message_info' returned '0': CMAKE_PREFIX_PATH=${CMAKE_PREFIX_PATH}:/home/ubuntu/SSLRasp/install/real_sender:/opt/ros/foxy /usr/bin/cmake --install /home/ubuntu/SSLRasp/build/message_info
